2020-09-16T16:00:16.785Z - info: [12:00:16 AM] Reload for file change: C:\repos\nus-cs2103-AY2021S1\cs2103-website\_module-CS2103\weeklyTextbookTopics.mbdf
2020-09-16T16:00:17.849Z - info: No pages needed to be rebuilt
2020-09-16T16:00:32.894Z - info: Website generation (lazy) started at 12:00:29 AM
2020-09-16T16:00:47.399Z - info: Building assets...
2020-09-16T16:00:54.284Z - info: Assets built
2020-09-16T16:00:54.286Z - info: Generating landing page...
2020-09-16T16:00:58.301Z - info: Landing page built, other pages will be built as you navigate to them!
2020-09-16T16:00:58.413Z - info: Website generation (lazy) complete! Total build time: 28.828s
2020-09-16T16:00:59.240Z - info: Serving "C:\repos\nus-cs2103-AY2021S1\cs2103-website\_site" at http://127.0.0.1:8080
2020-09-16T16:00:59.240Z - info: Press CTRL+C to stop ...
2020-09-16T16:00:59.307Z - info: Site data built
2020-09-16T16:01:15.527Z - info: Building C:\repos\nus-cs2103-AY2021S1\cs2103-website\schedule\week2\index as some of its dependencies were changed since the last visit
2020-09-16T16:01:16.367Z - info: Site data built
2020-09-16T16:01:16.368Z - info: Lazy website regeneration complete! Total build time: 0.842s
2020-09-16T16:01:20.453Z - info: Building C:\repos\nus-cs2103-AY2021S1\cs2103-website\schedule\week2\topics as some of its dependencies were changed since the last visit
2020-09-16T16:01:24.415Z - info: Site data built
2020-09-16T16:01:24.415Z - info: Lazy website regeneration complete! Total build time: 3.962s
2020-09-16T16:01:50.391Z - info: Building C:\repos\nus-cs2103-AY2021S1\cs2103-website\schedule\week7\index as some of its dependencies were changed since the last visit
2020-09-16T16:01:52.080Z - info: Site data built
2020-09-16T16:01:52.081Z - info: Lazy website regeneration complete! Total build time: 1.691s
2020-09-16T16:01:56.103Z - info: Building C:\repos\nus-cs2103-AY2021S1\cs2103-website\schedule\week7\topics as some of its dependencies were changed since the last visit
2020-09-16T16:01:59.566Z - info: Site data built
2020-09-16T16:01:59.567Z - info: Lazy website regeneration complete! Total build time: 3.466s
2020-09-16T16:03:09.742Z - info: Building C:\repos\nus-cs2103-AY2021S1\cs2103-website\schedule\week7\project as some of its dependencies were changed since the last visit
2020-09-16T16:03:11.979Z - info: Site data built
2020-09-16T16:03:11.980Z - info: Lazy website regeneration complete! Total build time: 2.239s
2020-09-16T16:03:20.572Z - info: Building C:\repos\nus-cs2103-AY2021S1\cs2103-website\schedule\week7\tutorial as some of its dependencies were changed since the last visit
2020-09-16T16:03:20.898Z - info: Site data built
2020-09-16T16:03:20.899Z - info: Lazy website regeneration complete! Total build time: 0.327s
2020-09-16T16:05:42.957Z - info: Website generation started at 12:05:39 AM
2020-09-16T16:05:53.434Z - info: Building assets...
