2020-11-29T04:32:45.714Z - info: Website generation started at 12:32:38 PM
2020-11-29T04:32:58.852Z - info: Building assets...
2020-11-29T04:33:06.202Z - info: Assets built
2020-11-29T04:33:06.203Z - info: Generating pages...
2020-11-29T04:33:25.096Z - debug: The process cannot access the file because it is being used by another process.

2020-11-29T04:33:25.096Z - debug: The process cannot access the file because it is being used by another process.

2020-11-29T04:33:28.681Z - debug:  
2020-11-29T04:33:28.682Z - debug:  
2020-11-29T04:33:28.682Z - debug:  
2020-11-29T04:33:28.682Z - debug:  
2020-11-29T04:33:28.682Z - debug:  
2020-11-29T04:33:30.011Z - debug:  
2020-11-29T04:33:30.420Z - debug:  
2020-11-29T04:33:30.831Z - debug:  
2020-11-29T04:33:34.847Z - debug: The process cannot access the file because it is being used by another process.

2020-11-29T04:33:34.854Z - debug: The process cannot access the file because it is being used by another process.

2020-11-29T04:33:34.854Z - debug:  
2020-11-29T04:33:34.854Z - debug:  
2020-11-29T04:33:36.326Z - debug: The process cannot access the file because it is being used by another process.

2020-11-29T04:33:36.326Z - debug: The process cannot access the file because it is being used by another process.

2020-11-29T04:33:36.421Z - debug:  
2020-11-29T04:33:36.422Z - debug:  
2020-11-29T04:33:36.977Z - debug: The process cannot access the file because it is being used by another process.

2020-11-29T04:33:36.978Z - debug: The process cannot access the file because it is being used by another process.

2020-11-29T04:33:40.694Z - debug:  
2020-11-29T04:33:40.695Z - debug:  
2020-11-29T04:33:57.889Z - debug: The process cannot access the file because it is being used by another process.

2020-11-29T04:33:58.613Z - debug: The process cannot access the file because it is being used by another process.

2020-11-29T04:33:59.574Z - debug: The process cannot access the file because it is being used by another process.

2020-11-29T04:33:59.611Z - debug:  
2020-11-29T04:34:01.553Z - debug: The process cannot access the file because it is being used by another process.

2020-11-29T04:34:02.331Z - debug: The process cannot access the file because it is being used by another process.

2020-11-29T04:34:03.475Z - debug:  
2020-11-29T04:34:05.381Z - debug:  
2020-11-29T04:34:07.854Z - debug: The process cannot access the file because it is being used by another process.

2020-11-29T04:34:07.854Z - debug: The process cannot access the file because it is being used by another process.

2020-11-29T04:34:09.403Z - debug: The process cannot access the file because it is being used by another process.

2020-11-29T04:34:09.403Z - debug: The process cannot access the file because it is being used by another process.

2020-11-29T04:34:09.802Z - debug:  
2020-11-29T04:34:12.170Z - debug:  
2020-11-29T04:34:14.003Z - debug:  
2020-11-29T04:34:14.540Z - debug:  
2020-11-29T04:34:23.956Z - debug: The process cannot access the file because it is being used by another process.

2020-11-29T04:34:26.127Z - debug: The process cannot access the file because it is being used by another process.

2020-11-29T04:34:26.279Z - debug:  
2020-11-29T04:34:50.932Z - debug:  
2020-11-29T04:34:50.932Z - debug:  
2020-11-29T04:34:50.933Z - debug:  
2020-11-29T04:34:50.933Z - debug:  
2020-11-29T04:34:53.068Z - debug: The process cannot access the file because it is being used by another process.

2020-11-29T04:34:56.263Z - debug:  
2020-11-29T04:34:56.715Z - debug:  
2020-11-29T04:34:56.716Z - debug:  
2020-11-29T04:35:05.824Z - debug:  
2020-11-29T04:35:06.610Z - debug:  
2020-11-29T04:35:06.610Z - debug:  
2020-11-29T04:35:06.611Z - debug:  
2020-11-29T04:35:06.611Z - debug:  
2020-11-29T04:35:14.531Z - debug: The process cannot access the file because it is being used by another process.

2020-11-29T04:35:14.959Z - debug:  
2020-11-29T04:35:16.396Z - debug:  
2020-11-29T04:35:16.396Z - debug:  
2020-11-29T04:35:21.874Z - debug:  
2020-11-29T04:35:36.793Z - debug:  
2020-11-29T04:35:36.793Z - debug:  
2020-11-29T04:35:36.793Z - debug:  
2020-11-29T04:35:45.804Z - debug:  
2020-11-29T04:35:45.805Z - debug:  
2020-11-29T04:36:02.726Z - debug:  
2020-11-29T04:36:07.627Z - debug:  
2020-11-29T04:36:35.555Z - debug:  
2020-11-29T04:36:53.480Z - debug:  
2020-11-29T04:36:53.481Z - debug:  
2020-11-29T04:37:07.143Z - info: Pages built
2020-11-29T04:37:44.220Z - info: Website generation complete! Total build time: 305.36s
2020-11-29T04:37:44.224Z - info: Build success!
2020-11-29T04:37:44.225Z - debug:  
2020-11-29T04:37:44.230Z - info: Site data built
2020-11-29T04:39:29.500Z - info: Deployed!
2020-11-29T13:43:33.106Z - info: Website generation (lazy) started at 9:43:28 PM
2020-11-29T13:43:40.933Z - info: Building assets...
2020-11-29T13:43:46.269Z - info: Assets built
2020-11-29T13:43:46.270Z - info: Generating landing page...
2020-11-29T13:43:47.420Z - info: Landing page built, other pages will be built as you navigate to them!
2020-11-29T13:43:47.512Z - info: Website generation (lazy) complete! Total build time: 19.3s
2020-11-29T13:43:48.326Z - info: Serving "C:\repos\nus-cs2103-AY2021S1\cs2103-website\_site" at http://127.0.0.1:8080
2020-11-29T13:43:48.326Z - info: Press CTRL+C to stop ...
2020-11-29T13:43:48.397Z - info: Site data built
2020-11-29T13:45:32.281Z - info: Building C:\repos\nus-cs2103-AY2021S1\cs2103-website\se-book-adapted\index as some of its dependencies were changed since the last visit
2020-11-29T13:45:32.681Z - info: Site data built
2020-11-29T13:45:32.682Z - info: Lazy website regeneration complete! Total build time: 0.401s
2020-11-29T13:45:35.931Z - info: Building C:\repos\nus-cs2103-AY2021S1\cs2103-website\se-book-adapted\chapters\codeQuality as some of its dependencies were changed since the last visit
2020-11-29T13:45:37.464Z - info: Site data built
2020-11-29T13:45:37.465Z - info: Lazy website regeneration complete! Total build time: 1.534s
2020-11-29T13:50:02.331Z - info: Website generation started at 9:49:59 PM
2020-11-29T13:50:10.495Z - info: Building assets...
