2020-07-10T16:04:13.028Z - info: Building C:\repos\nus-cs2103-AY2021S1\cs2103-website\schedule\timeline as some of its dependencies were changed since the last visit
2020-07-10T16:04:19.191Z - info: Site data built
2020-07-10T16:04:19.193Z - info: Lazy website regeneration complete! Total build time: 6.181s
2020-07-10T16:07:04.130Z - info: [12:07:04 AM] Reload for file change: C:\repos\nus-cs2103-AY2021S1\cs2103-website\_module-TIC4001\weeklyTextbookTopics.mbdf
2020-07-10T16:07:05.143Z - info: No pages needed to be rebuilt
2020-07-10T16:31:13.415Z - info: [12:31:13 AM] Reload for file change: C:\repos\nus-cs2103-AY2021S1\cs2103-website\schedule\timeline.md
2020-07-10T16:31:14.492Z - info: Rebuilding 1 pages
2020-07-10T16:31:20.258Z - info: Pages rebuilt
2020-07-10T16:31:20.259Z - info: Website regeneration complete! Total build time: 5.833s
2020-07-10T16:31:20.267Z - info: Site data built
2020-07-10T17:41:09.275Z - info: Building C:\repos\nus-cs2103-AY2021S1\cs2103-website\schedule\week1\index as some of its dependencies were changed since the last visit
2020-07-10T17:41:10.052Z - info: Site data built
2020-07-10T17:41:10.053Z - info: Lazy website regeneration complete! Total build time: 0.787s
2020-07-10T17:41:22.425Z - info: Building C:\repos\nus-cs2103-AY2021S1\cs2103-website\schedule\week1\admin as some of its dependencies were changed since the last visit
2020-07-10T17:41:25.807Z - debug:  
2020-07-10T17:41:25.849Z - info: Site data built
2020-07-10T17:41:25.849Z - info: Lazy website regeneration complete! Total build time: 3.425s
2020-07-10T17:41:33.396Z - info: Building C:\repos\nus-cs2103-AY2021S1\cs2103-website\schedule\week1\topics as some of its dependencies were changed since the last visit
2020-07-10T17:41:33.612Z - info: Site data built
2020-07-10T17:41:33.612Z - info: Lazy website regeneration complete! Total build time: 0.216s
2020-07-10T17:48:10.534Z - info: Building C:\repos\nus-cs2103-AY2021S1\cs2103-website\schedule\week1\project as some of its dependencies were changed since the last visit
2020-07-10T17:48:10.811Z - info: Site data built
2020-07-10T17:48:10.811Z - info: Lazy website regeneration complete! Total build time: 0.277s
2020-07-10T17:48:13.676Z - info: Building C:\repos\nus-cs2103-AY2021S1\cs2103-website\schedule\week1\tutorial as some of its dependencies were changed since the last visit
2020-07-10T17:48:13.898Z - info: Site data built
2020-07-10T17:48:13.898Z - info: Lazy website regeneration complete! Total build time: 0.223s
2020-07-10T17:48:18.473Z - info: Building C:\repos\nus-cs2103-AY2021S1\cs2103-website\schedule\week2\index as some of its dependencies were changed since the last visit
2020-07-10T17:48:19.533Z - info: Site data built
2020-07-10T17:48:19.536Z - info: Lazy website regeneration complete! Total build time: 1.064s
2020-07-10T17:48:25.449Z - info: Building C:\repos\nus-cs2103-AY2021S1\cs2103-website\schedule\week2\admin as some of its dependencies were changed since the last visit
2020-07-10T17:48:26.279Z - info: Site data built
2020-07-10T17:48:26.281Z - info: Lazy website regeneration complete! Total build time: 0.832s
2020-07-10T17:48:30.256Z - info: Building C:\repos\nus-cs2103-AY2021S1\cs2103-website\schedule\week2\topics as some of its dependencies were changed since the last visit
2020-07-10T17:48:32.818Z - info: Site data built
2020-07-10T17:48:32.820Z - info: Lazy website regeneration complete! Total build time: 2.565s
2020-07-10T17:48:48.955Z - info: Building C:\repos\nus-cs2103-AY2021S1\cs2103-website\schedule\week2\project as some of its dependencies were changed since the last visit
2020-07-10T17:48:49.806Z - info: Site data built
2020-07-10T17:48:49.806Z - info: Lazy website regeneration complete! Total build time: 0.852s
2020-07-10T17:49:14.208Z - info: Building C:\repos\nus-cs2103-AY2021S1\cs2103-website\schedule\week2\tutorial as some of its dependencies were changed since the last visit
2020-07-10T17:49:14.383Z - info: Site data built
2020-07-10T17:49:14.383Z - info: Lazy website regeneration complete! Total build time: 0.176s
2020-07-10T17:49:17.817Z - info: Building C:\repos\nus-cs2103-AY2021S1\cs2103-website\schedule\week3\index as some of its dependencies were changed since the last visit
2020-07-10T17:49:19.045Z - info: Site data built
2020-07-10T17:49:19.045Z - info: Lazy website regeneration complete! Total build time: 1.228s
2020-07-10T17:49:29.899Z - info: Building C:\repos\nus-cs2103-AY2021S1\cs2103-website\schedule\week3\tutorial as some of its dependencies were changed since the last visit
2020-07-10T17:49:30.108Z - info: Site data built
2020-07-10T17:49:30.109Z - info: Lazy website regeneration complete! Total build time: 0.21s
2020-07-10T17:55:54.993Z - info: [1:55:54 AM] Reload for file change: C:\repos\nus-cs2103-AY2021S1\cs2103-website\schedule\index.md
2020-07-10T17:55:56.002Z - info: No pages needed to be rebuilt
2020-07-10T17:56:10.624Z - info: Website generation (lazy) started at 1:56:05 AM
2020-07-10T17:56:25.844Z - info: Building assets...
2020-07-10T17:56:32.734Z - info: Assets built
2020-07-10T17:56:32.735Z - info: Generating landing page...
2020-07-10T17:56:33.636Z - info: Landing page built, other pages will be built as you navigate to them!
2020-07-10T17:56:33.743Z - info: Website generation (lazy) complete! Total build time: 28.513s
2020-07-10T17:56:34.761Z - info: Serving "C:\repos\nus-cs2103-AY2021S1\cs2103-website\_site" at http://127.0.0.1:8080
2020-07-10T17:56:34.762Z - info: Press CTRL+C to stop ...
2020-07-10T17:56:34.866Z - info: Site data built
2020-07-10T17:58:05.740Z - info: Building C:\repos\nus-cs2103-AY2021S1\cs2103-website\schedule\week2\index as some of its dependencies were changed since the last visit
2020-07-10T17:58:06.910Z - info: Site data built
2020-07-10T17:58:06.911Z - info: Lazy website regeneration complete! Total build time: 1.18s
2020-07-10T17:58:37.864Z - info: [1:58:37 AM] Reload for file change: C:\repos\nus-cs2103-AY2021S1\cs2103-website\schedule\index.md
2020-07-10T17:58:38.878Z - info: No pages needed to be rebuilt
2020-07-10T17:59:03.727Z - info: [1:59:03 AM] Reload for file change: C:\repos\nus-cs2103-AY2021S1\cs2103-website\schedule\index.md
2020-07-10T17:59:04.734Z - info: No pages needed to be rebuilt
2020-07-10T17:59:13.007Z - info: Website generation (lazy) started at 1:59:10 AM
2020-07-10T17:59:26.465Z - info: Building assets...
2020-07-10T17:59:33.900Z - info: Assets built
2020-07-10T17:59:33.901Z - info: Generating landing page...
2020-07-10T17:59:35.405Z - info: Landing page built, other pages will be built as you navigate to them!
2020-07-10T17:59:35.521Z - info: Website generation (lazy) complete! Total build time: 25.174s
2020-07-10T17:59:37.153Z - info: Serving "C:\repos\nus-cs2103-AY2021S1\cs2103-website\_site" at http://127.0.0.1:8080
2020-07-10T17:59:37.153Z - info: Press CTRL+C to stop ...
2020-07-10T17:59:37.272Z - info: Site data built
2020-07-10T18:00:53.537Z - info: Building C:\repos\nus-cs2103-AY2021S1\cs2103-website\schedule\week2\index as some of its dependencies were changed since the last visit
2020-07-10T18:00:54.913Z - info: Site data built
2020-07-10T18:00:54.914Z - info: Lazy website regeneration complete! Total build time: 1.386s
2020-07-10T18:02:29.710Z - info: [2:02:29 AM] Reload for file change: C:\repos\nus-cs2103-AY2021S1\cs2103-website\schedule\index.md
2020-07-10T18:02:30.722Z - info: No pages needed to be rebuilt
2020-07-10T18:03:41.022Z - info: [2:03:41 AM] Reload for file change: C:\repos\nus-cs2103-AY2021S1\cs2103-website\schedule\index.md
2020-07-10T18:03:42.080Z - info: No pages needed to be rebuilt
2020-07-10T18:03:51.955Z - info: Website generation (lazy) started at 2:03:49 AM
2020-07-10T18:04:03.921Z - info: Building assets...
2020-07-10T18:04:11.382Z - info: Assets built
2020-07-10T18:04:11.383Z - info: Generating landing page...
2020-07-10T18:04:12.280Z - info: Landing page built, other pages will be built as you navigate to them!
2020-07-10T18:04:12.400Z - info: Website generation (lazy) complete! Total build time: 23.291s
2020-07-10T18:04:13.384Z - info: Serving "C:\repos\nus-cs2103-AY2021S1\cs2103-website\_site" at http://127.0.0.1:8080
2020-07-10T18:04:13.384Z - info: Press CTRL+C to stop ...
2020-07-10T18:04:13.447Z - info: Site data built
2020-07-10T18:04:48.438Z - info: Building C:\repos\nus-cs2103-AY2021S1\cs2103-website\schedule\week2\index as some of its dependencies were changed since the last visit
2020-07-10T18:04:49.376Z - info: Site data built
2020-07-10T18:04:49.378Z - info: Lazy website regeneration complete! Total build time: 0.941s
2020-07-11T05:37:51.332Z - info: Website generation (lazy) started at 1:37:46 PM
2020-07-11T05:38:09.839Z - info: Building assets...
2020-07-11T05:38:16.435Z - info: Assets built
2020-07-11T05:38:16.436Z - info: Generating landing page...
2020-07-11T05:38:17.424Z - info: Landing page built, other pages will be built as you navigate to them!
2020-07-11T05:38:17.546Z - info: Website generation (lazy) complete! Total build time: 30.986s
2020-07-11T05:38:20.421Z - info: Serving "C:\repos\nus-cs2103-AY2021S1\cs2103-website\_site" at http://127.0.0.1:8080
2020-07-11T05:38:20.422Z - info: Press CTRL+C to stop ...
2020-07-11T05:38:20.502Z - info: Site data built
2020-07-11T05:39:33.746Z - info: Building C:\repos\nus-cs2103-AY2021S1\cs2103-website\schedule\week1\index as some of its dependencies were changed since the last visit
2020-07-11T05:39:34.565Z - info: Site data built
2020-07-11T05:39:34.567Z - info: Lazy website regeneration complete! Total build time: 0.822s
2020-07-11T05:39:42.441Z - info: Building C:\repos\nus-cs2103-AY2021S1\cs2103-website\schedule\week2\index as some of its dependencies were changed since the last visit
2020-07-11T05:39:43.318Z - info: Site data built
2020-07-11T05:39:43.319Z - info: Lazy website regeneration complete! Total build time: 0.879s
2020-07-11T05:39:53.006Z - info: Building C:\repos\nus-cs2103-AY2021S1\cs2103-website\schedule\week2\tutorial as some of its dependencies were changed since the last visit
2020-07-11T05:39:53.153Z - info: Site data built
2020-07-11T05:39:53.153Z - info: Lazy website regeneration complete! Total build time: 0.147s
2020-07-11T05:41:30.852Z - info: Building C:\repos\nus-cs2103-AY2021S1\cs2103-website\schedule\week2\admin as some of its dependencies were changed since the last visit
2020-07-11T05:41:32.007Z - info: Site data built
2020-07-11T05:41:32.009Z - info: Lazy website regeneration complete! Total build time: 1.158s
2020-07-11T05:45:53.608Z - info: Building C:\repos\nus-cs2103-AY2021S1\cs2103-website\schedule\week2\project as some of its dependencies were changed since the last visit
2020-07-11T05:45:54.461Z - info: Site data built
2020-07-11T05:45:54.462Z - info: Lazy website regeneration complete! Total build time: 0.855s
2020-07-11T05:47:59.995Z - info: [1:47:59 PM] Reload for file add: C:\repos\nus-cs2103-AY2021S1\cs2103-website\schedule\week2\tutorial-tic4001.mbdf
2020-07-11T05:48:01.001Z - info: File added or removed, updating list of site's pages...
2020-07-11T05:48:09.016Z - info: Assets removed
2020-07-11T05:48:10.257Z - info: Building C:\repos\nus-cs2103-AY2021S1\cs2103-website\schedule\week2\tutorial as some of its dependencies were changed since the last visit
2020-07-11T05:48:10.547Z - info: Site data built
2020-07-11T05:48:10.547Z - info: Lazy website regeneration complete! Total build time: 0.291s
2020-07-11T05:48:49.994Z - info: [1:48:49 PM] Reload for file change: C:\repos\nus-cs2103-AY2021S1\cs2103-website\schedule\week2\tutorial-tic4001.mbdf
2020-07-11T05:48:51.019Z - info: Rebuilding 1 pages
2020-07-11T05:48:51.212Z - info: Pages rebuilt
2020-07-11T05:48:51.212Z - info: Website regeneration complete! Total build time: 0.202s
2020-07-11T05:48:51.216Z - info: Site data built
2020-07-11T05:49:48.700Z - info: Building C:\repos\nus-cs2103-AY2021S1\cs2103-website\schedule\week2\admin as some of its dependencies were changed since the last visit
2020-07-11T05:49:49.662Z - info: Site data built
2020-07-11T05:49:49.663Z - info: Lazy website regeneration complete! Total build time: 0.963s
2020-07-11T05:51:54.066Z - info: [1:51:54 PM] Reload for file change: C:\repos\nus-cs2103-AY2021S1\cs2103-website\_module-TIC4001\weeklyAdminTasks.mbdf
2020-07-11T05:51:55.080Z - info: No pages needed to be rebuilt
2020-07-11T05:56:01.892Z - info: [1:56:01 PM] Reload for file change: C:\repos\nus-cs2103-AY2021S1\cs2103-website\_module-TIC4001\weeklyAdminTopics.mbdf
2020-07-11T05:56:02.896Z - info: No pages needed to be rebuilt
2020-07-11T05:56:16.385Z - info: Website generation (lazy) started at 1:56:13 PM
2020-07-11T05:56:25.203Z - info: Building assets...
2020-07-11T05:56:31.346Z - info: Assets built
2020-07-11T05:56:31.347Z - info: Generating landing page...
2020-07-11T05:56:32.349Z - info: Landing page built, other pages will be built as you navigate to them!
2020-07-11T05:56:32.440Z - info: Website generation (lazy) complete! Total build time: 18.838s
2020-07-11T05:56:33.245Z - info: Serving "C:\repos\nus-cs2103-AY2021S1\cs2103-website\_site" at http://127.0.0.1:8080
2020-07-11T05:56:33.245Z - info: Press CTRL+C to stop ...
2020-07-11T05:56:33.300Z - info: Site data built
2020-07-11T05:58:20.626Z - info: Building C:\repos\nus-cs2103-AY2021S1\cs2103-website\schedule\week1\index as some of its dependencies were changed since the last visit
2020-07-11T05:58:21.215Z - info: Site data built
2020-07-11T05:58:21.216Z - info: Lazy website regeneration complete! Total build time: 0.592s
2020-07-11T05:58:27.280Z - info: Building C:\repos\nus-cs2103-AY2021S1\cs2103-website\schedule\week1\admin as some of its dependencies were changed since the last visit
2020-07-11T05:58:30.729Z - debug:  
2020-07-11T05:58:30.770Z - info: Site data built
2020-07-11T05:58:30.770Z - info: Lazy website regeneration complete! Total build time: 3.491s
2020-07-11T06:07:08.728Z - info: [2:07:08 PM] Reload for file change: C:\repos\nus-cs2103-AY2021S1\cs2103-website\common\admin.njk
2020-07-11T06:07:09.799Z - info: Assets built
2020-07-11T06:07:18.348Z - info: Website generation (lazy) started at 2:07:15 PM
2020-07-11T06:07:27.284Z - info: Building assets...
2020-07-11T06:07:35.722Z - info: Assets built
2020-07-11T06:07:35.726Z - info: Generating landing page...
2020-07-11T06:07:38.139Z - info: Landing page built, other pages will be built as you navigate to them!
2020-07-11T06:07:38.330Z - info: Website generation (lazy) complete! Total build time: 22.785s
2020-07-11T06:07:40.088Z - info: Serving "C:\repos\nus-cs2103-AY2021S1\cs2103-website\_site" at http://127.0.0.1:8080
2020-07-11T06:07:40.088Z - info: Press CTRL+C to stop ...
2020-07-11T06:07:40.167Z - info: Site data built
2020-07-11T06:08:47.924Z - info: Building C:\repos\nus-cs2103-AY2021S1\cs2103-website\admin\tutorials as some of its dependencies were changed since the last visit
2020-07-11T06:08:48.594Z - info: Site data built
2020-07-11T06:08:48.595Z - info: Lazy website regeneration complete! Total build time: 0.681s
2020-07-11T06:08:58.068Z - info: Building C:\repos\nus-cs2103-AY2021S1\cs2103-website\admin\appendixA-principles as some of its dependencies were changed since the last visit
2020-07-11T06:08:58.376Z - info: Site data built
2020-07-11T06:08:58.376Z - info: Lazy website regeneration complete! Total build time: 0.309s
2020-07-11T06:09:22.841Z - info: Building C:\repos\nus-cs2103-AY2021S1\cs2103-website\admin\tp-expectations as some of its dependencies were changed since the last visit
2020-07-11T06:09:23.404Z - info: Site data built
2020-07-11T06:09:23.404Z - info: Lazy website regeneration complete! Total build time: 0.563s
2020-07-11T06:48:47.153Z - info: Building C:\repos\nus-cs2103-AY2021S1\cs2103-website\schedule\week1\index as some of its dependencies were changed since the last visit
2020-07-11T06:48:47.785Z - info: Site data built
2020-07-11T06:48:47.786Z - info: Lazy website regeneration complete! Total build time: 0.645s
2020-07-11T06:48:55.888Z - info: Building C:\repos\nus-cs2103-AY2021S1\cs2103-website\schedule\timeline as some of its dependencies were changed since the last visit
2020-07-11T06:49:02.067Z - info: Site data built
2020-07-11T06:49:02.068Z - info: Lazy website regeneration complete! Total build time: 6.181s
2020-07-11T06:52:41.327Z - info: [2:52:41 PM] Reload for file change: C:\repos\nus-cs2103-AY2021S1\cs2103-website\schedule\week2\tutorial-tic4001.mbdf
2020-07-11T06:52:42.340Z - info: No pages needed to be rebuilt
2020-07-11T06:54:49.474Z - info: Building C:\repos\nus-cs2103-AY2021S1\cs2103-website\admin\index as some of its dependencies were changed since the last visit
2020-07-11T06:54:50.123Z - info: Site data built
2020-07-11T06:54:50.123Z - info: Lazy website regeneration complete! Total build time: 0.65s
2020-07-11T06:54:59.070Z - info: Building C:\repos\nus-cs2103-AY2021S1\cs2103-website\admin\ip-overview as some of its dependencies were changed since the last visit
2020-07-11T06:54:59.480Z - info: Site data built
2020-07-11T06:54:59.481Z - info: Lazy website regeneration complete! Total build time: 0.412s
2020-07-11T06:55:14.052Z - info: Building C:\repos\nus-cs2103-AY2021S1\cs2103-website\admin\ip-w2 as some of its dependencies were changed since the last visit
2020-07-11T06:55:14.772Z - info: Site data built
2020-07-11T06:55:14.773Z - info: Lazy website regeneration complete! Total build time: 0.721s
2020-07-11T06:57:17.812Z - info: [2:57:17 PM] Reload for file change: C:\repos\nus-cs2103-AY2021S1\cs2103-website\admin\ip-tasks.mbdf
2020-07-11T06:57:18.825Z - info: Rebuilding 1 pages
2020-07-11T06:57:23.930Z - info: Pages rebuilt
2020-07-11T06:57:23.930Z - info: Website regeneration complete! Total build time: 5.114s
2020-07-11T06:57:23.954Z - info: Site data built
2020-07-11T06:57:24.961Z - info: Building C:\repos\nus-cs2103-AY2021S1\cs2103-website\admin\ip-w2 as some of its dependencies were changed since the last visit
2020-07-11T06:57:25.612Z - info: Site data built
2020-07-11T06:57:25.613Z - info: Lazy website regeneration complete! Total build time: 0.652s
2020-07-11T06:57:33.834Z - info: [2:57:33 PM] Reload for file change: C:\repos\nus-cs2103-AY2021S1\cs2103-website\admin\ip-tasks.mbdf
2020-07-11T06:57:34.839Z - info: Rebuilding 1 pages
2020-07-11T06:57:38.994Z - info: Pages rebuilt
2020-07-11T06:57:38.994Z - info: Website regeneration complete! Total build time: 4.157s
2020-07-11T06:57:38.999Z - info: Site data built
2020-07-11T06:57:40.009Z - info: Building C:\repos\nus-cs2103-AY2021S1\cs2103-website\admin\ip-w2 as some of its dependencies were changed since the last visit
2020-07-11T06:57:40.463Z - info: Site data built
2020-07-11T06:57:40.464Z - info: Lazy website regeneration complete! Total build time: 0.455s
2020-07-11T06:58:19.612Z - info: Building C:\repos\nus-cs2103-AY2021S1\cs2103-website\admin\ip-w3 as some of its dependencies were changed since the last visit
2020-07-11T06:58:20.482Z - info: Site data built
2020-07-11T06:58:20.483Z - info: Lazy website regeneration complete! Total build time: 0.871s
2020-07-11T07:01:21.662Z - info: [3:01:21 PM] Reload for file change: C:\repos\nus-cs2103-AY2021S1\cs2103-website\_module-TIC4001\weeklyTextbookTopics.mbdf
2020-07-11T07:01:22.670Z - info: No pages needed to be rebuilt
2020-07-11T07:06:27.099Z - info: [3:06:27 PM] Reload for file change: C:\repos\nus-cs2103-AY2021S1\cs2103-website\_module-TIC4001\weeklyIpTasks.mbdf
2020-07-11T07:06:28.102Z - info: No pages needed to be rebuilt
2020-07-11T07:06:32.683Z - info: Building C:\repos\nus-cs2103-AY2021S1\cs2103-website\admin\ip-w4 as some of its dependencies were changed since the last visit
2020-07-11T07:06:33.624Z - info: Site data built
2020-07-11T07:06:33.625Z - info: Lazy website regeneration complete! Total build time: 0.942s
2020-07-11T07:14:59.641Z - info: [3:14:59 PM] Reload for file change: C:\repos\nus-cs2103-AY2021S1\cs2103-website\_module-TIC4001\weeklyTextbookTopics.mbdf
2020-07-11T07:15:00.671Z - info: No pages needed to be rebuilt
2020-07-11T07:18:27.825Z - info: [3:18:27 PM] Reload for file change: C:\repos\nus-cs2103-AY2021S1\cs2103-website\_module-TIC4001\weeklyTextbookTopics.mbdf
2020-07-11T07:18:27.834Z - info: [3:18:27 PM] Reload for file change: C:\repos\nus-cs2103-AY2021S1\cs2103-website\_module-TIC4001\weeklyIpTasks.mbdf
2020-07-11T07:18:28.851Z - info: No pages needed to be rebuilt
2020-07-11T07:21:34.110Z - info: [3:21:34 PM] Reload for file change: C:\repos\nus-cs2103-AY2021S1\cs2103-website\_module-TIC4001\weeklyTextbookTopics.mbdf
2020-07-11T07:21:35.121Z - info: No pages needed to be rebuilt
2020-07-11T07:21:46.014Z - info: Website generation (lazy) started at 3:21:42 PM
2020-07-11T07:21:58.660Z - info: Building assets...
2020-07-11T07:22:08.003Z - info: Assets built
2020-07-11T07:22:08.004Z - info: Generating landing page...
2020-07-11T07:22:08.769Z - info: Landing page built, other pages will be built as you navigate to them!
2020-07-11T07:22:08.876Z - info: Website generation (lazy) complete! Total build time: 26.534s
2020-07-11T07:22:09.863Z - info: Serving "C:\repos\nus-cs2103-AY2021S1\cs2103-website\_site" at http://127.0.0.1:8080
2020-07-11T07:22:09.864Z - info: Press CTRL+C to stop ...
2020-07-11T07:22:09.945Z - info: Site data built
2020-07-11T07:23:51.151Z - info: Building C:\repos\nus-cs2103-AY2021S1\cs2103-website\schedule\timeline as some of its dependencies were changed since the last visit
2020-07-11T07:23:56.923Z - info: Site data built
2020-07-11T07:23:56.923Z - info: Lazy website regeneration complete! Total build time: 5.774s
2020-07-11T07:26:18.199Z - info: Building C:\repos\nus-cs2103-AY2021S1\cs2103-website\admin\ip-w2 as some of its dependencies were changed since the last visit
2020-07-11T07:26:19.437Z - info: Site data built
2020-07-11T07:26:19.438Z - info: Lazy website regeneration complete! Total build time: 1.241s
2020-07-11T07:31:35.257Z - info: [3:31:35 PM] Reload for file change: C:\repos\nus-cs2103-AY2021S1\cs2103-website\_module-TIC4001\weeklyIpTasks.mbdf
2020-07-11T07:31:36.268Z - info: No pages needed to be rebuilt
2020-07-11T07:31:51.291Z - info: Website generation (lazy) started at 3:31:48 PM
2020-07-11T07:32:05.950Z - info: Building assets...
2020-07-11T07:32:12.372Z - info: Assets built
2020-07-11T07:32:12.373Z - info: Generating landing page...
2020-07-11T07:32:13.227Z - info: Landing page built, other pages will be built as you navigate to them!
2020-07-11T07:32:13.335Z - info: Website generation (lazy) complete! Total build time: 24.761s
2020-07-11T07:32:14.669Z - info: Serving "C:\repos\nus-cs2103-AY2021S1\cs2103-website\_site" at http://127.0.0.1:8080
2020-07-11T07:32:14.669Z - info: Press CTRL+C to stop ...
2020-07-11T07:32:14.733Z - info: Site data built
2020-07-11T07:34:30.269Z - info: Building C:\repos\nus-cs2103-AY2021S1\cs2103-website\admin\ip-w2 as some of its dependencies were changed since the last visit
2020-07-11T07:34:30.326Z - error:  Template render error: (unknown path) [Line 13, Column 3]
  unexpected token: ]
    at Object._prettifyError (C:\repos\markbind\markbind\node_modules\nunjucks\src\lib.js:36:11)
    at C:\repos\markbind\markbind\node_modules\nunjucks\src\environment.js:561:19
    at eval (eval at _compile (C:\repos\markbind\markbind\node_modules\nunjucks\src\environment.js:631:18), <anonymous>:10:11)
    at C:\repos\markbind\markbind\node_modules\nunjucks\src\environment.js:611:9
    at eval (eval at _compile (C:\repos\markbind\markbind\node_modules\nunjucks\src\environment.js:631:18), <anonymous>:62:12)
    at Template.getExported (C:\repos\markbind\markbind\node_modules\nunjucks\src\environment.js:599:16)
    at eval (eval at _compile (C:\repos\markbind\markbind\node_modules\nunjucks\src\environment.js:631:18), <anonymous>:61:6)
    at createTemplate (C:\repos\markbind\markbind\node_modules\nunjucks\src\environment.js:313:9)
    at handle (C:\repos\markbind\markbind\node_modules\nunjucks\src\environment.js:325:11)
    at C:\repos\markbind\markbind\node_modules\nunjucks\src\environment.js:337:9
    at next (C:\repos\markbind\markbind\node_modules\nunjucks\src\lib.js:280:7)
    at Object.asyncIter (C:\repos\markbind\markbind\node_modules\nunjucks\src\lib.js:286:3)
    at Environment.getTemplate (C:\repos\markbind\markbind\node_modules\nunjucks\src\environment.js:319:9)
    at eval (eval at _compile (C:\repos\markbind\markbind\node_modules\nunjucks\src\environment.js:631:18), <anonymous>:59:5)
    at C:\repos\markbind\markbind\node_modules\nunjucks\src\environment.js:613:9
    at eval (eval at _compile (C:\repos\markbind\markbind\node_modules\nunjucks\src\environment.js:631:18), <anonymous>:744:1)
2020-07-11T07:34:35.471Z - info: Building C:\repos\nus-cs2103-AY2021S1\cs2103-website\schedule\timeline as some of its dependencies were changed since the last visit
2020-07-11T07:34:35.641Z - error:  Template render error: (unknown path) [Line 13, Column 3]
  unexpected token: ]
    at Object._prettifyError (C:\repos\markbind\markbind\node_modules\nunjucks\src\lib.js:36:11)
    at C:\repos\markbind\markbind\node_modules\nunjucks\src\environment.js:561:19
    at eval (eval at _compile (C:\repos\markbind\markbind\node_modules\nunjucks\src\environment.js:631:18), <anonymous>:10:11)
    at C:\repos\markbind\markbind\node_modules\nunjucks\src\environment.js:611:9
    at eval (eval at _compile (C:\repos\markbind\markbind\node_modules\nunjucks\src\environment.js:631:18), <anonymous>:17:11)
    at C:\repos\markbind\markbind\node_modules\nunjucks\src\environment.js:611:9
    at eval (eval at _compile (C:\repos\markbind\markbind\node_modules\nunjucks\src\environment.js:631:18), <anonymous>:74:12)
    at C:\repos\markbind\markbind\node_modules\nunjucks\src\environment.js:611:9
    at eval (eval at _compile (C:\repos\markbind\markbind\node_modules\nunjucks\src\environment.js:631:18), <anonymous>:62:12)
    at Template.getExported (C:\repos\markbind\markbind\node_modules\nunjucks\src\environment.js:599:16)
    at eval (eval at _compile (C:\repos\markbind\markbind\node_modules\nunjucks\src\environment.js:631:18), <anonymous>:61:6)
    at Environment.getTemplate (C:\repos\markbind\markbind\node_modules\nunjucks\src\environment.js:277:9)
    at eval (eval at _compile (C:\repos\markbind\markbind\node_modules\nunjucks\src\environment.js:631:18), <anonymous>:59:5)
    at C:\repos\markbind\markbind\node_modules\nunjucks\src\environment.js:613:9
    at eval (eval at _compile (C:\repos\markbind\markbind\node_modules\nunjucks\src\environment.js:631:18), <anonymous>:744:1)
    at C:\repos\markbind\markbind\node_modules\nunjucks\src\environment.js:613:9
2020-07-11T07:34:35.807Z - info: Site data built
2020-07-11T07:34:35.807Z - info: Lazy website regeneration complete! Total build time: 0.336s
2020-07-11T07:35:18.715Z - info: [3:35:18 PM] Reload for file change: C:\repos\nus-cs2103-AY2021S1\cs2103-website\_module-TIC4001\weeklyIpTasks.mbdf
2020-07-11T07:35:19.722Z - info: No pages needed to be rebuilt
2020-07-11T07:35:29.393Z - info: Website generation (lazy) started at 3:35:26 PM
2020-07-11T07:35:44.701Z - info: Building assets...
2020-07-11T07:35:50.997Z - info: Assets built
2020-07-11T07:35:50.998Z - info: Generating landing page...
2020-07-11T07:35:51.844Z - info: Landing page built, other pages will be built as you navigate to them!
2020-07-11T07:35:51.930Z - info: Website generation (lazy) complete! Total build time: 25.492s
2020-07-11T07:35:53.682Z - info: Serving "C:\repos\nus-cs2103-AY2021S1\cs2103-website\_site" at http://127.0.0.1:8080
2020-07-11T07:35:53.683Z - info: Press CTRL+C to stop ...
2020-07-11T07:35:53.777Z - info: Site data built
2020-07-11T07:36:10.336Z - info: Building C:\repos\nus-cs2103-AY2021S1\cs2103-website\schedule\timeline as some of its dependencies were changed since the last visit
2020-07-11T07:36:15.770Z - info: Site data built
2020-07-11T07:36:15.771Z - info: Lazy website regeneration complete! Total build time: 5.436s
2020-07-11T07:36:16.504Z - info: Building C:\repos\nus-cs2103-AY2021S1\cs2103-website\admin\ip-w2 as some of its dependencies were changed since the last visit
2020-07-11T07:36:17.357Z - info: Site data built
2020-07-11T07:36:17.357Z - info: Lazy website regeneration complete! Total build time: 0.854s
2020-07-11T07:37:33.271Z - info: Building C:\repos\nus-cs2103-AY2021S1\cs2103-website\admin\ip-w3 as some of its dependencies were changed since the last visit
2020-07-11T07:37:34.199Z - info: Site data built
2020-07-11T07:37:34.199Z - info: Lazy website regeneration complete! Total build time: 0.928s
2020-07-11T07:42:27.650Z - info: [3:42:27 PM] Reload for file change: C:\repos\nus-cs2103-AY2021S1\cs2103-website\_module-TIC4001\weeklyTextbookTopics.mbdf
2020-07-11T07:42:28.660Z - info: No pages needed to be rebuilt
2020-07-11T07:42:37.216Z - info: Website generation (lazy) started at 3:42:34 PM
2020-07-11T07:42:46.560Z - info: Building assets...
2020-07-11T07:42:53.047Z - info: Assets built
2020-07-11T07:42:53.048Z - info: Generating landing page...
2020-07-11T07:42:54.064Z - info: Landing page built, other pages will be built as you navigate to them!
2020-07-11T07:42:54.181Z - info: Website generation (lazy) complete! Total build time: 19.788s
2020-07-11T07:42:55.032Z - info: Serving "C:\repos\nus-cs2103-AY2021S1\cs2103-website\_site" at http://127.0.0.1:8080
2020-07-11T07:42:55.033Z - info: Press CTRL+C to stop ...
2020-07-11T07:42:55.096Z - info: Site data built
2020-07-11T07:44:41.225Z - info: Building C:\repos\nus-cs2103-AY2021S1\cs2103-website\admin\ip-w3 as some of its dependencies were changed since the last visit
2020-07-11T07:44:42.436Z - info: Site data built
2020-07-11T07:44:42.438Z - info: Lazy website regeneration complete! Total build time: 1.238s
2020-07-11T07:44:43.302Z - info: Building C:\repos\nus-cs2103-AY2021S1\cs2103-website\schedule\timeline as some of its dependencies were changed since the last visit
2020-07-11T07:44:48.992Z - info: Site data built
2020-07-11T07:44:48.993Z - info: Lazy website regeneration complete! Total build time: 5.692s
2020-07-11T07:44:51.530Z - info: Building C:\repos\nus-cs2103-AY2021S1\cs2103-website\admin\ip-w2 as some of its dependencies were changed since the last visit
2020-07-11T07:44:52.368Z - info: Site data built
2020-07-11T07:44:52.369Z - info: Lazy website regeneration complete! Total build time: 0.838s
2020-07-11T07:49:24.592Z - info: [3:49:24 PM] Reload for file change: C:\repos\nus-cs2103-AY2021S1\cs2103-website\_module-TIC4001\weeklyTextbookTopics.mbdf
2020-07-11T07:49:25.602Z - info: No pages needed to be rebuilt
2020-07-11T07:50:27.457Z - info: Building C:\repos\nus-cs2103-AY2021S1\cs2103-website\admin\ip-w4 as some of its dependencies were changed since the last visit
2020-07-11T07:50:28.489Z - info: Site data built
2020-07-11T07:50:28.490Z - info: Lazy website regeneration complete! Total build time: 1.034s
2020-07-11T07:50:41.131Z - info: Building C:\repos\nus-cs2103-AY2021S1\cs2103-website\admin\ip-w5 as some of its dependencies were changed since the last visit
2020-07-11T07:50:41.593Z - info: Site data built
2020-07-11T07:50:41.593Z - info: Lazy website regeneration complete! Total build time: 0.463s
2020-07-11T07:54:06.749Z - info: [3:54:06 PM] Reload for file change: C:\repos\nus-cs2103-AY2021S1\cs2103-website\_module-TIC4001\weeklyTextbookTopics.mbdf
2020-07-11T07:54:07.755Z - info: No pages needed to be rebuilt
2020-07-11T07:55:08.810Z - info: Building C:\repos\nus-cs2103-AY2021S1\cs2103-website\se-book-adapted\index as some of its dependencies were changed since the last visit
2020-07-11T07:55:09.338Z - info: Site data built
2020-07-11T07:55:09.338Z - info: Lazy website regeneration complete! Total build time: 0.529s
2020-07-11T08:02:24.196Z - info: [4:02:24 PM] Reload for file change: C:\repos\nus-cs2103-AY2021S1\cs2103-website\_markbind\navigation\se-book-adapted-sitenav.md
2020-07-11T08:02:25.205Z - info: No pages needed to be rebuilt
2020-07-11T08:02:39.832Z - info: [4:02:39 PM] Reload for file change: C:\repos\nus-cs2103-AY2021S1\cs2103-website\_markbind\navigation\se-book-adapted-sitenav.md
2020-07-11T08:02:40.839Z - info: No pages needed to be rebuilt
2020-07-11T08:02:56.912Z - info: Building C:\repos\nus-cs2103-AY2021S1\cs2103-website\se-book-adapted\index as some of its dependencies were changed since the last visit
2020-07-11T08:02:57.252Z - info: Site data built
2020-07-11T08:02:57.252Z - info: Lazy website regeneration complete! Total build time: 0.341s
2020-07-11T08:03:06.933Z - info: Building C:\repos\nus-cs2103-AY2021S1\cs2103-website\se-book-adapted\chapters\cppToJava as some of its dependencies were changed since the last visit
2020-07-11T08:03:11.568Z - info: Site data built
2020-07-11T08:03:11.569Z - info: Lazy website regeneration complete! Total build time: 4.637s
2020-07-11T08:03:34.051Z - info: [4:03:34 PM] Reload for file change: C:\repos\nus-cs2103-AY2021S1\cs2103-website\_markbind\navigation\se-book-adapted-sitenav.md
2020-07-11T08:03:35.066Z - info: No pages needed to be rebuilt
2020-07-11T08:03:35.155Z - info: Building C:\repos\nus-cs2103-AY2021S1\cs2103-website\se-book-adapted\projectDuke\index as some of its dependencies were changed since the last visit
2020-07-11T08:03:36.415Z - info: Site data built
2020-07-11T08:03:36.416Z - info: Lazy website regeneration complete! Total build time: 1.261s
2020-07-11T08:04:00.936Z - info: Building C:\repos\nus-cs2103-AY2021S1\cs2103-website\se-book-adapted\common\exercises as some of its dependencies were changed since the last visit
2020-07-11T08:04:06.265Z - info: Site data built
2020-07-11T08:04:06.272Z - info: Lazy website regeneration complete! Total build time: 5.338s
2020-07-11T08:04:06.960Z - debug:  
2020-07-11T08:04:06.961Z - debug:  
2020-07-11T08:08:43.510Z - info: [4:08:43 PM] Reload for file change: C:\repos\nus-cs2103-AY2021S1\cs2103-website\_module-TIC4001\weeklyTextbookTopics.mbdf
2020-07-11T08:08:44.520Z - info: No pages needed to be rebuilt
2020-07-11T08:14:22.233Z - info: [4:14:22 PM] Reload for file change: C:\repos\nus-cs2103-AY2021S1\cs2103-website\_module-TIC4001\weeklyIpTasks.mbdf
2020-07-11T08:14:23.252Z - info: No pages needed to be rebuilt
2020-07-11T08:14:41.919Z - info: Website generation (lazy) started at 4:14:38 PM
2020-07-11T08:14:53.796Z - info: Building assets...
2020-07-11T08:15:03.058Z - info: Assets built
2020-07-11T08:15:03.059Z - info: Generating landing page...
2020-07-11T08:15:03.839Z - info: Landing page built, other pages will be built as you navigate to them!
2020-07-11T08:15:03.951Z - info: Website generation (lazy) complete! Total build time: 24.987s
2020-07-11T08:15:04.824Z - info: Serving "C:\repos\nus-cs2103-AY2021S1\cs2103-website\_site" at http://127.0.0.1:8080
2020-07-11T08:15:04.825Z - info: Press CTRL+C to stop ...
2020-07-11T08:15:04.886Z - info: Site data built
2020-07-11T08:17:14.490Z - info: Building C:\repos\nus-cs2103-AY2021S1\cs2103-website\admin\ip-w4 as some of its dependencies were changed since the last visit
2020-07-11T08:17:15.910Z - info: Site data built
2020-07-11T08:17:15.911Z - info: Lazy website regeneration complete! Total build time: 1.434s
2020-07-11T08:17:17.075Z - info: Building C:\repos\nus-cs2103-AY2021S1\cs2103-website\schedule\timeline as some of its dependencies were changed since the last visit
2020-07-11T08:17:22.815Z - info: Site data built
2020-07-11T08:17:22.816Z - info: Lazy website regeneration complete! Total build time: 5.741s
2020-07-11T08:20:38.604Z - info: Building C:\repos\nus-cs2103-AY2021S1\cs2103-website\schedule\week5\topics as some of its dependencies were changed since the last visit
2020-07-11T08:20:41.615Z - info: Site data built
2020-07-11T08:20:41.616Z - info: Lazy website regeneration complete! Total build time: 3.015s
2020-07-11T08:25:33.107Z - info: [4:25:33 PM] Reload for file change: C:\repos\nus-cs2103-AY2021S1\cs2103-website\_module-TIC4001\weeklyTextbookTopics.mbdf
2020-07-11T08:25:34.117Z - info: No pages needed to be rebuilt
2020-07-11T08:27:04.999Z - info: [4:27:04 PM] Reload for file change: C:\repos\nus-cs2103-AY2021S1\cs2103-website\_module-TIC4001\weeklyIpTasks.mbdf
2020-07-11T08:27:06.008Z - info: No pages needed to be rebuilt
2020-07-11T08:27:13.254Z - info: Building C:\repos\nus-cs2103-AY2021S1\cs2103-website\admin\ip-w5 as some of its dependencies were changed since the last visit
2020-07-11T08:27:14.134Z - info: Site data built
2020-07-11T08:27:14.134Z - info: Lazy website regeneration complete! Total build time: 0.881s
2020-07-11T08:32:54.642Z - info: [4:32:54 PM] Reload for file change: C:\repos\nus-cs2103-AY2021S1\cs2103-website\_module-TIC4001\weeklyTextbookTopics.mbdf
2020-07-11T08:32:54.693Z - info: [4:32:54 PM] Reload for file change: C:\repos\nus-cs2103-AY2021S1\cs2103-website\_module-TIC4001\weeklyIpTasks.mbdf
2020-07-11T08:32:55.653Z - info: No pages needed to be rebuilt
2020-07-11T08:34:59.653Z - info: Website generation (lazy) started at 4:34:56 PM
2020-07-11T08:35:13.623Z - info: Building assets...
2020-07-11T08:35:20.412Z - info: Assets built
2020-07-11T08:35:20.413Z - info: Generating landing page...
2020-07-11T08:35:21.390Z - info: Landing page built, other pages will be built as you navigate to them!
2020-07-11T08:35:21.481Z - info: Website generation (lazy) complete! Total build time: 24.791s
2020-07-11T08:35:22.824Z - info: Serving "C:\repos\nus-cs2103-AY2021S1\cs2103-website\_site" at http://127.0.0.1:8080
2020-07-11T08:35:22.824Z - info: Press CTRL+C to stop ...
2020-07-11T08:35:22.896Z - info: Site data built
2020-07-11T08:39:01.675Z - info: Building C:\repos\nus-cs2103-AY2021S1\cs2103-website\schedule\timeline as some of its dependencies were changed since the last visit
2020-07-11T08:39:07.365Z - info: Site data built
2020-07-11T08:39:07.366Z - info: Lazy website regeneration complete! Total build time: 5.701s
2020-07-11T08:45:39.994Z - info: [4:45:39 PM] Reload for file change: C:\repos\nus-cs2103-AY2021S1\cs2103-website\_markbind\navigation\se-book-adapted-sitenav.md
2020-07-11T08:45:41.015Z - info: No pages needed to be rebuilt
2020-07-11T08:51:42.222Z - info: [4:51:42 PM] Reload for file change: C:\repos\nus-cs2103-AY2021S1\cs2103-website\_module-TIC4001\weeklyTextbookTopics.mbdf
2020-07-11T08:51:42.231Z - info: [4:51:42 PM] Reload for file change: C:\repos\nus-cs2103-AY2021S1\cs2103-website\_module-TIC4001\weeklyIpTasks.mbdf
2020-07-11T08:51:43.235Z - info: No pages needed to be rebuilt
2020-07-11T09:03:13.164Z - info: [5:03:13 PM] Reload for file change: C:\repos\nus-cs2103-AY2021S1\cs2103-website\_module-TIC4001\weeklyTextbookTopics.mbdf
2020-07-11T09:03:13.175Z - info: [5:03:13 PM] Reload for file change: C:\repos\nus-cs2103-AY2021S1\cs2103-website\_module-TIC4001\weeklyIpTasks.mbdf
2020-07-11T09:03:14.178Z - info: No pages needed to be rebuilt
2020-07-11T09:03:23.187Z - info: Website generation (lazy) started at 5:03:20 PM
2020-07-11T09:03:36.433Z - info: Building assets...
2020-07-11T09:03:45.153Z - info: Assets built
2020-07-11T09:03:45.154Z - info: Generating landing page...
2020-07-11T09:03:46.014Z - info: Landing page built, other pages will be built as you navigate to them!
2020-07-11T09:03:46.113Z - info: Website generation (lazy) complete! Total build time: 25.939s
2020-07-11T09:03:47.237Z - info: Serving "C:\repos\nus-cs2103-AY2021S1\cs2103-website\_site" at http://127.0.0.1:8080
2020-07-11T09:03:47.237Z - info: Press CTRL+C to stop ...
2020-07-11T09:03:47.295Z - info: Site data built
2020-07-11T09:04:10.529Z - info: Building C:\repos\nus-cs2103-AY2021S1\cs2103-website\schedule\timeline as some of its dependencies were changed since the last visit
2020-07-11T09:04:16.285Z - info: Site data built
2020-07-11T09:04:16.286Z - info: Lazy website regeneration complete! Total build time: 5.758s
2020-07-11T09:17:44.102Z - info: [5:17:44 PM] Reload for file change: C:\repos\nus-cs2103-AY2021S1\cs2103-website\_module-TIC4001\weeklyTextbookTopics.mbdf
2020-07-11T09:17:44.138Z - info: [5:17:44 PM] Reload for file change: C:\repos\nus-cs2103-AY2021S1\cs2103-website\admin\ip-tasks.mbdf
2020-07-11T09:17:44.139Z - info: [5:17:44 PM] Reload for file change: C:\repos\nus-cs2103-AY2021S1\cs2103-website\_module-TIC4001\weeklyIpTasks.mbdf
2020-07-11T09:17:45.137Z - info: Rebuilding 1 pages
2020-07-11T09:17:51.554Z - info: Pages rebuilt
2020-07-11T09:17:51.555Z - info: Website regeneration complete! Total build time: 6.437s
2020-07-11T09:17:51.624Z - info: Site data built
2020-07-11T09:18:25.651Z - info: Website generation (lazy) started at 5:18:22 PM
2020-07-11T09:18:42.977Z - info: Building assets...
2020-07-11T09:18:52.910Z - info: Assets built
2020-07-11T09:18:52.911Z - info: Generating landing page...
2020-07-11T09:18:53.685Z - info: Landing page built, other pages will be built as you navigate to them!
2020-07-11T09:18:53.779Z - info: Website generation (lazy) complete! Total build time: 31.333s
2020-07-11T09:18:54.678Z - info: Serving "C:\repos\nus-cs2103-AY2021S1\cs2103-website\_site" at http://127.0.0.1:8080
2020-07-11T09:18:54.679Z - info: Press CTRL+C to stop ...
2020-07-11T09:18:54.789Z - info: Site data built
2020-07-11T12:46:55.732Z - info: Website generation (lazy) started at 8:46:51 PM
2020-07-11T12:47:05.865Z - info: Building assets...
2020-07-11T12:47:11.939Z - info: Assets built
2020-07-11T12:47:11.940Z - info: Generating landing page...
2020-07-11T12:47:12.754Z - info: Landing page built, other pages will be built as you navigate to them!
2020-07-11T12:47:12.878Z - info: Website generation (lazy) complete! Total build time: 21.102s
2020-07-11T12:47:13.675Z - info: Serving "C:\repos\nus-cs2103-AY2021S1\cs2103-website\_site" at http://127.0.0.1:8080
2020-07-11T12:47:13.675Z - info: Press CTRL+C to stop ...
2020-07-11T12:47:13.746Z - info: Site data built
2020-07-11T12:47:50.647Z - info: Building C:\repos\nus-cs2103-AY2021S1\cs2103-website\schedule\timeline as some of its dependencies were changed since the last visit
2020-07-11T12:47:57.886Z - info: Site data built
2020-07-11T12:47:57.887Z - info: Lazy website regeneration complete! Total build time: 7.248s
2020-07-11T12:55:08.847Z - info: [8:55:08 PM] Reload for file change: C:\repos\nus-cs2103-AY2021S1\cs2103-website\_markbind\variables.md
2020-07-11T12:55:10.237Z - warn: Rebuilding all pages as variables file was changed, or the --force-reload flag was set
2020-07-11T12:55:10.288Z - info: Rebuilding 1 pages
2020-07-11T12:55:15.099Z - info: Pages rebuilt
2020-07-11T12:55:15.099Z - info: Website regeneration complete! Total build time: 5.238s
2020-07-11T12:55:15.103Z - info: Site data built
2020-07-11T12:58:54.178Z - info: [8:58:54 PM] Reload for file change: C:\repos\nus-cs2103-AY2021S1\cs2103-website\_module-TIC4001\weeklyTextbookTopics.mbdf
2020-07-11T12:58:55.183Z - info: No pages needed to be rebuilt
2020-07-11T13:01:09.692Z - info: [9:01:09 PM] Reload for file change: C:\repos\nus-cs2103-AY2021S1\cs2103-website\_module-TIC4001\weeklyTextbookTopics.mbdf
2020-07-11T13:01:10.699Z - info: No pages needed to be rebuilt
2020-07-11T13:01:18.517Z - info: Website generation (lazy) started at 9:01:16 PM
2020-07-11T13:01:28.209Z - info: Building assets...
2020-07-11T13:01:34.051Z - info: Assets built
2020-07-11T13:01:34.052Z - info: Generating landing page...
2020-07-11T13:01:34.864Z - info: Landing page built, other pages will be built as you navigate to them!
2020-07-11T13:01:34.994Z - info: Website generation (lazy) complete! Total build time: 18.947s
2020-07-11T13:01:35.840Z - info: Serving "C:\repos\nus-cs2103-AY2021S1\cs2103-website\_site" at http://127.0.0.1:8080
2020-07-11T13:01:35.841Z - info: Press CTRL+C to stop ...
2020-07-11T13:01:35.900Z - info: Site data built
2020-07-11T13:01:50.057Z - info: Building C:\repos\nus-cs2103-AY2021S1\cs2103-website\schedule\timeline as some of its dependencies were changed since the last visit
2020-07-11T13:01:55.393Z - info: Site data built
2020-07-11T13:01:55.394Z - info: Lazy website regeneration complete! Total build time: 5.339s
2020-07-11T13:09:54.992Z - info: [9:09:54 PM] Reload for file change: C:\repos\nus-cs2103-AY2021S1\cs2103-website\_module-TIC4001\weeklyIpTasks.mbdf
2020-07-11T13:09:55.996Z - info: No pages needed to be rebuilt
2020-07-11T13:13:16.007Z - info: [9:13:16 PM] Reload for file change: C:\repos\nus-cs2103-AY2021S1\cs2103-website\_module-TIC4001\weeklyTextbookTopics.mbdf
2020-07-11T13:13:17.013Z - info: No pages needed to be rebuilt
2020-07-11T13:13:52.402Z - info: Website generation (lazy) started at 9:13:49 PM
2020-07-11T13:14:01.476Z - info: Building assets...
2020-07-11T13:14:07.394Z - info: Assets built
2020-07-11T13:14:07.398Z - info: Generating landing page...
2020-07-11T13:14:08.397Z - info: Landing page built, other pages will be built as you navigate to them!
2020-07-11T13:14:08.508Z - info: Website generation (lazy) complete! Total build time: 18.867s
2020-07-11T13:14:09.368Z - info: Serving "C:\repos\nus-cs2103-AY2021S1\cs2103-website\_site" at http://127.0.0.1:8080
2020-07-11T13:14:09.368Z - info: Press CTRL+C to stop ...
2020-07-11T13:14:09.422Z - info: Site data built
2020-07-11T13:17:00.914Z - info: Building C:\repos\nus-cs2103-AY2021S1\cs2103-website\schedule\timeline as some of its dependencies were changed since the last visit
2020-07-11T13:17:06.572Z - info: Site data built
2020-07-11T13:17:06.573Z - info: Lazy website regeneration complete! Total build time: 5.673s
2020-07-11T13:17:07.265Z - info: Building C:\repos\nus-cs2103-AY2021S1\cs2103-website\schedule\week2\index as some of its dependencies were changed since the last visit
2020-07-11T13:17:08.379Z - info: Site data built
2020-07-11T13:17:08.381Z - info: Lazy website regeneration complete! Total build time: 1.116s
2020-07-11T13:17:12.646Z - info: Building C:\repos\nus-cs2103-AY2021S1\cs2103-website\schedule\week2\project as some of its dependencies were changed since the last visit
2020-07-11T13:17:13.354Z - info: Site data built
2020-07-11T13:17:13.354Z - info: Lazy website regeneration complete! Total build time: 0.709s
2020-07-11T13:17:17.502Z - info: Building C:\repos\nus-cs2103-AY2021S1\cs2103-website\schedule\week1\project as some of its dependencies were changed since the last visit
2020-07-11T13:17:17.604Z - info: Site data built
2020-07-11T13:17:17.604Z - info: Lazy website regeneration complete! Total build time: 0.103s
2020-07-11T13:21:51.594Z - info: Building C:\repos\nus-cs2103-AY2021S1\cs2103-website\schedule\week1\index as some of its dependencies were changed since the last visit
2020-07-11T13:21:52.026Z - info: Site data built
2020-07-11T13:21:52.027Z - info: Lazy website regeneration complete! Total build time: 0.434s
2020-07-11T13:22:33.498Z - info: Building C:\repos\nus-cs2103-AY2021S1\cs2103-website\schedule\week1\admin as some of its dependencies were changed since the last visit
2020-07-11T13:22:36.855Z - debug:  
2020-07-11T13:22:36.865Z - info: Site data built
2020-07-11T13:22:36.868Z - info: Lazy website regeneration complete! Total build time: 3.37s
2020-07-11T13:24:24.686Z - info: [9:24:24 PM] Reload for file change: C:\repos\nus-cs2103-AY2021S1\cs2103-website\admin\moduleExpectations.md
2020-07-11T13:24:25.690Z - info: No pages needed to be rebuilt
2020-07-11T13:24:43.280Z - info: Building C:\repos\nus-cs2103-AY2021S1\cs2103-website\schedule\week1\admin as some of its dependencies were changed since the last visit
2020-07-11T13:24:47.096Z - debug:  
2020-07-11T13:24:47.111Z - info: Site data built
2020-07-11T13:24:47.112Z - info: Lazy website regeneration complete! Total build time: 3.832s
2020-07-11T13:30:27.645Z - info: [9:30:27 PM] Reload for file change: C:\repos\nus-cs2103-AY2021S1\cs2103-website\admin\admin-tasks.mbdf
2020-07-11T13:30:28.655Z - info: Rebuilding 1 pages
2020-07-11T13:30:34.539Z - info: Pages rebuilt
2020-07-11T13:30:34.540Z - info: Website regeneration complete! Total build time: 5.887s
2020-07-11T13:30:34.547Z - info: Site data built
2020-07-11T13:30:35.565Z - info: Building C:\repos\nus-cs2103-AY2021S1\cs2103-website\schedule\week1\admin as some of its dependencies were changed since the last visit
2020-07-11T13:30:38.283Z - info: Site data built
2020-07-11T13:30:38.285Z - info: Lazy website regeneration complete! Total build time: 2.72s
2020-07-11T13:30:38.395Z - debug:  
2020-07-11T13:32:05.359Z - info: [9:32:05 PM] Reload for file change: C:\repos\nus-cs2103-AY2021S1\cs2103-website\admin\admin-tasks.mbdf
2020-07-11T13:32:06.376Z - info: Rebuilding 1 pages
2020-07-11T13:32:09.748Z - info: Pages rebuilt
2020-07-11T13:32:09.748Z - info: Website regeneration complete! Total build time: 3.377s
2020-07-11T13:32:09.756Z - debug:  
2020-07-11T13:32:09.797Z - info: Site data built
2020-07-11T13:32:10.155Z - info: Building C:\repos\nus-cs2103-AY2021S1\cs2103-website\schedule\timeline as some of its dependencies were changed since the last visit
2020-07-11T13:32:14.423Z - info: Site data built
2020-07-11T13:32:14.424Z - info: Lazy website regeneration complete! Total build time: 4.269s
2020-07-11T13:32:23.759Z - info: Building C:\repos\nus-cs2103-AY2021S1\cs2103-website\schedule\week2\index as some of its dependencies were changed since the last visit
2020-07-11T13:32:24.387Z - info: Site data built
2020-07-11T13:32:24.387Z - info: Lazy website regeneration complete! Total build time: 0.629s
2020-07-11T13:32:37.470Z - info: Building C:\repos\nus-cs2103-AY2021S1\cs2103-website\schedule\week2\admin as some of its dependencies were changed since the last visit
2020-07-11T13:32:38.008Z - info: Site data built
2020-07-11T13:32:38.009Z - info: Lazy website regeneration complete! Total build time: 0.539s
2020-07-11T13:33:44.762Z - info: Building C:\repos\nus-cs2103-AY2021S1\cs2103-website\schedule\week3\index as some of its dependencies were changed since the last visit
2020-07-11T13:33:45.973Z - info: Site data built
2020-07-11T13:33:45.974Z - info: Lazy website regeneration complete! Total build time: 1.213s
2020-07-11T13:35:21.261Z - info: Building C:\repos\nus-cs2103-AY2021S1\cs2103-website\schedule\week3\tutorial as some of its dependencies were changed since the last visit
2020-07-11T13:35:21.408Z - info: Site data built
2020-07-11T13:35:21.409Z - info: Lazy website regeneration complete! Total build time: 0.148s
2020-07-11T13:35:24.118Z - info: Building C:\repos\nus-cs2103-AY2021S1\cs2103-website\schedule\week3\topics as some of its dependencies were changed since the last visit
2020-07-11T13:35:27.554Z - info: Site data built
2020-07-11T13:35:27.555Z - info: Lazy website regeneration complete! Total build time: 3.437s
2020-07-11T13:36:20.358Z - info: Building C:\repos\nus-cs2103-AY2021S1\cs2103-website\schedule\week2\topics as some of its dependencies were changed since the last visit
2020-07-11T13:36:24.233Z - info: Site data built
2020-07-11T13:36:24.234Z - info: Lazy website regeneration complete! Total build time: 3.877s
2020-07-11T14:15:20.905Z - info: Building C:\repos\nus-cs2103-AY2021S1\cs2103-website\schedule\week3\project as some of its dependencies were changed since the last visit
2020-07-11T14:15:21.975Z - info: Site data built
2020-07-11T14:15:21.977Z - info: Lazy website regeneration complete! Total build time: 1.075s
2020-07-11T14:18:01.415Z - info: [10:18:01 PM] Reload for file change: C:\repos\nus-cs2103-AY2021S1\cs2103-website\_module-TIC4001\textbookTopics.mbdf
2020-07-11T14:18:02.434Z - info: No pages needed to be rebuilt
2020-07-11T14:20:30.354Z - info: [10:20:30 PM] Reload for file change: C:\repos\nus-cs2103-AY2021S1\cs2103-website\_module-TIC4001\textbookTopics.mbdf
2020-07-11T14:20:31.362Z - info: No pages needed to be rebuilt
2020-07-11T14:21:31.647Z - info: Building C:\repos\nus-cs2103-AY2021S1\cs2103-website\schedule\week4\project as some of its dependencies were changed since the last visit
2020-07-11T14:21:33.274Z - info: Site data built
2020-07-11T14:21:33.276Z - info: Lazy website regeneration complete! Total build time: 1.628s
2020-07-11T14:21:37.490Z - info: Building C:\repos\nus-cs2103-AY2021S1\cs2103-website\schedule\week4\topics as some of its dependencies were changed since the last visit
2020-07-11T14:21:40.681Z - info: Site data built
2020-07-11T14:21:40.686Z - info: Lazy website regeneration complete! Total build time: 3.196s
2020-07-11T14:24:36.279Z - info: Building C:\repos\nus-cs2103-AY2021S1\cs2103-website\se-book-adapted\index as some of its dependencies were changed since the last visit
2020-07-11T14:24:36.729Z - info: Site data built
2020-07-11T14:24:36.729Z - info: Lazy website regeneration complete! Total build time: 0.451s
2020-07-11T14:24:41.477Z - info: Building C:\repos\nus-cs2103-AY2021S1\cs2103-website\se-book-adapted\projectDuke\index as some of its dependencies were changed since the last visit
2020-07-11T14:24:42.517Z - info: Site data built
2020-07-11T14:24:42.518Z - info: Lazy website regeneration complete! Total build time: 1.041s
2020-07-11T14:27:40.909Z - info: [10:27:40 PM] Reload for file change: C:\repos\nus-cs2103-AY2021S1\cs2103-website\book\projectDuke\extensions.mbdf
2020-07-11T14:27:41.919Z - info: No pages needed to be rebuilt
2020-07-11T14:29:16.374Z - info: [10:29:16 PM] Reload for file change: C:\repos\nus-cs2103-AY2021S1\cs2103-website\_module-TIC4001\weeklyIpTasks.mbdf
2020-07-11T14:29:17.382Z - info: No pages needed to be rebuilt
2020-07-11T14:30:00.103Z - info: Website generation (lazy) started at 10:29:56 PM
2020-07-11T14:30:12.681Z - info: Building assets...
2020-07-11T14:30:24.779Z - info: Assets built
2020-07-11T14:30:24.782Z - info: Generating landing page...
2020-07-11T14:30:25.690Z - info: Landing page built, other pages will be built as you navigate to them!
2020-07-11T14:30:25.810Z - info: Website generation (lazy) complete! Total build time: 28.846s
2020-07-11T14:30:27.020Z - info: Serving "C:\repos\nus-cs2103-AY2021S1\cs2103-website\_site" at http://127.0.0.1:8080
2020-07-11T14:30:27.020Z - info: Press CTRL+C to stop ...
2020-07-11T14:30:27.101Z - info: Site data built
2020-07-11T14:30:46.999Z - info: Building C:\repos\nus-cs2103-AY2021S1\cs2103-website\se-book-adapted\projectDuke\index as some of its dependencies were changed since the last visit
2020-07-11T14:30:48.219Z - info: Site data built
2020-07-11T14:30:48.219Z - info: Lazy website regeneration complete! Total build time: 1.226s
2020-07-11T14:31:12.685Z - info: Building C:\repos\nus-cs2103-AY2021S1\cs2103-website\schedule\week4\project as some of its dependencies were changed since the last visit
2020-07-11T14:31:13.542Z - error:  Error: No such segment 'A-AbsractClasses' in file: C:\repos\nus-cs2103-AY2021S1\cs2103-website\book\projectDuke\extensions.mbdf
Missing reference in C:\repos\nus-cs2103-AY2021S1\cs2103-website\admin\dukeFragment.md
    at _preprocessInclude (C:\repos\markbind\markbind\packages\core\src\preprocessors\componentPreprocessor.js:264:21)
    at preProcessComponent (C:\repos\markbind\markbind\packages\core\src\preprocessors\componentPreprocessor.js:349:12)
    at C:\repos\markbind\markbind\packages\core\src\preprocessors\componentPreprocessor.js:124:46
    at Array.map (<anonymous>)
    at _preProcessPanel (C:\repos\markbind\markbind\packages\core\src\preprocessors\componentPreprocessor.js:124:37)
    at preProcessComponent (C:\repos\markbind\markbind\packages\core\src\preprocessors\componentPreprocessor.js:343:12)
    at C:\repos\markbind\markbind\packages\core\src\preprocessors\componentPreprocessor.js:356:52
    at Array.map (<anonymous>)
    at preProcessComponent (C:\repos\markbind\markbind\packages\core\src\preprocessors\componentPreprocessor.js:356:43)
    at C:\repos\markbind\markbind\packages\core\src\preprocessors\componentPreprocessor.js:356:52
    at Array.map (<anonymous>)
    at preProcessComponent (C:\repos\markbind\markbind\packages\core\src\preprocessors\componentPreprocessor.js:356:43)
    at C:\repos\markbind\markbind\packages\core\src\preprocessors\componentPreprocessor.js:356:52
    at Array.map (<anonymous>)
    at preProcessComponent (C:\repos\markbind\markbind\packages\core\src\preprocessors\componentPreprocessor.js:356:43)
    at C:\repos\markbind\markbind\packages\core\src\preprocessors\componentPreprocessor.js:298:50
2020-07-11T14:31:15.119Z - info: Site data built
2020-07-11T14:31:15.119Z - info: Lazy website regeneration complete! Total build time: 2.435s
2020-07-11T14:31:36.232Z - info: [10:31:36 PM] Reload for file change: C:\repos\nus-cs2103-AY2021S1\cs2103-website\_module-TIC4001\weeklyIpTasks.mbdf
2020-07-11T14:31:37.239Z - info: No pages needed to be rebuilt
2020-07-11T14:32:48.914Z - info: [10:32:48 PM] Reload for file change: C:\repos\nus-cs2103-AY2021S1\cs2103-website\_module-TIC4001\weeklyIpTasks.mbdf
2020-07-11T14:32:49.923Z - info: No pages needed to be rebuilt
2020-07-11T14:33:02.185Z - info: Building C:\repos\nus-cs2103-AY2021S1\cs2103-website\schedule\week5\project as some of its dependencies were changed since the last visit
2020-07-11T14:33:03.451Z - info: Site data built
2020-07-11T14:33:03.452Z - info: Lazy website regeneration complete! Total build time: 1.267s
2020-07-11T14:33:07.690Z - info: Building C:\repos\nus-cs2103-AY2021S1\cs2103-website\schedule\week5\topics as some of its dependencies were changed since the last visit
2020-07-11T14:33:10.908Z - info: Site data built
2020-07-11T14:33:10.909Z - info: Lazy website regeneration complete! Total build time: 3.219s
2020-07-11T14:41:03.010Z - info: [10:41:03 PM] Reload for file change: C:\repos\nus-cs2103-AY2021S1\cs2103-website\admin\ip-tasks.mbdf
2020-07-11T14:41:04.027Z - info: No pages needed to be rebuilt
2020-07-11T14:41:20.125Z - info: Building C:\repos\nus-cs2103-AY2021S1\cs2103-website\schedule\week5\project as some of its dependencies were changed since the last visit
2020-07-11T14:41:21.453Z - info: Site data built
2020-07-11T14:41:21.454Z - info: Lazy website regeneration complete! Total build time: 1.33s
2020-07-11T14:46:30.500Z - info: [10:46:30 PM] Reload for file change: C:\repos\nus-cs2103-AY2021S1\cs2103-website\_module-TIC4001\weeklyIpTasks.mbdf
2020-07-11T14:46:31.522Z - info: No pages needed to be rebuilt
2020-07-11T14:50:55.771Z - info: [10:50:55 PM] Reload for file change: C:\repos\nus-cs2103-AY2021S1\cs2103-website\_module-TIC4001\weeklyTpTasks.mbdf
2020-07-11T14:50:56.779Z - info: No pages needed to be rebuilt
2020-07-11T14:51:15.280Z - info: Website generation (lazy) started at 10:51:12 PM
2020-07-11T14:51:29.278Z - info: Building assets...
2020-07-11T14:51:38.591Z - info: Assets built
2020-07-11T14:51:38.592Z - info: Generating landing page...
2020-07-11T14:51:39.486Z - info: Landing page built, other pages will be built as you navigate to them!
2020-07-11T14:51:39.590Z - info: Website generation (lazy) complete! Total build time: 27.545s
2020-07-11T14:51:40.442Z - info: Serving "C:\repos\nus-cs2103-AY2021S1\cs2103-website\_site" at http://127.0.0.1:8080
2020-07-11T14:51:40.443Z - info: Press CTRL+C to stop ...
2020-07-11T14:51:40.507Z - info: Site data built
2020-07-11T14:52:41.187Z - info: Building C:\repos\nus-cs2103-AY2021S1\cs2103-website\schedule\week5\project as some of its dependencies were changed since the last visit
2020-07-11T14:52:42.854Z - info: Site data built
2020-07-11T14:52:42.854Z - info: Lazy website regeneration complete! Total build time: 1.678s
2020-07-11T14:53:27.839Z - info: Building C:\repos\nus-cs2103-AY2021S1\cs2103-website\schedule\timeline as some of its dependencies were changed since the last visit
2020-07-11T14:53:33.477Z - info: Site data built
2020-07-11T14:53:33.477Z - info: Lazy website regeneration complete! Total build time: 5.64s
2020-07-11T14:55:37.866Z - info: [10:55:37 PM] Reload for file change: C:\repos\nus-cs2103-AY2021S1\cs2103-website\_module-TIC4001\weeklyTpTasks.mbdf
2020-07-11T14:55:38.879Z - info: No pages needed to be rebuilt
2020-07-11T14:57:53.963Z - info: [10:57:53 PM] Reload for file change: C:\repos\nus-cs2103-AY2021S1\cs2103-website\_module-TIC4001\weeklyTextbookTopics.mbdf
2020-07-11T14:57:54.974Z - info: No pages needed to be rebuilt
2020-07-11T14:58:58.460Z - info: Website generation (lazy) started at 10:58:55 PM
2020-07-11T14:59:19.192Z - info: Building assets...
2020-07-11T14:59:28.484Z - info: Assets built
2020-07-11T14:59:28.485Z - info: Generating landing page...
2020-07-11T14:59:29.235Z - info: Landing page built, other pages will be built as you navigate to them!
2020-07-11T14:59:29.383Z - info: Website generation (lazy) complete! Total build time: 33.808s
2020-07-11T14:59:30.571Z - info: Serving "C:\repos\nus-cs2103-AY2021S1\cs2103-website\_site" at http://127.0.0.1:8080
2020-07-11T14:59:30.572Z - info: Press CTRL+C to stop ...
2020-07-11T14:59:30.631Z - info: Site data built
2020-07-11T15:03:31.188Z - info: [11:03:31 PM] Reload for file change: C:\repos\nus-cs2103-AY2021S1\cs2103-website\_module-TIC4001\weeklyIpTasks.mbdf
2020-07-11T15:03:32.202Z - info: No pages needed to be rebuilt
2020-07-11T15:03:34.438Z - info: Building C:\repos\nus-cs2103-AY2021S1\cs2103-website\schedule\week5\project as some of its dependencies were changed since the last visit
2020-07-11T15:03:35.768Z - info: Site data built
2020-07-11T15:03:35.769Z - info: Lazy website regeneration complete! Total build time: 1.332s
2020-07-11T15:07:48.391Z - info: [11:07:48 PM] Reload for file change: C:\repos\nus-cs2103-AY2021S1\cs2103-website\admin\ip-tasks.mbdf
2020-07-11T15:07:49.411Z - info: Rebuilding 1 pages
2020-07-11T15:07:50.451Z - info: Pages rebuilt
2020-07-11T15:07:50.451Z - info: Website regeneration complete! Total build time: 1.048s
2020-07-11T15:07:50.455Z - info: Site data built
2020-07-11T15:07:57.635Z - info: [11:07:57 PM] Reload for file change: C:\repos\nus-cs2103-AY2021S1\cs2103-website\admin\ip-tasks.mbdf
2020-07-11T15:07:58.646Z - info: Rebuilding 1 pages
2020-07-11T15:07:59.354Z - info: Pages rebuilt
2020-07-11T15:07:59.354Z - info: Website regeneration complete! Total build time: 0.709s
2020-07-11T15:07:59.357Z - info: Site data built
2020-07-11T15:08:28.723Z - info: [11:08:28 PM] Reload for file change: C:\repos\nus-cs2103-AY2021S1\cs2103-website\admin\ip-tasks.mbdf
2020-07-11T15:08:29.735Z - info: Rebuilding 1 pages
2020-07-11T15:08:30.929Z - info: Pages rebuilt
2020-07-11T15:08:30.930Z - info: Website regeneration complete! Total build time: 1.2s
2020-07-11T15:08:30.934Z - info: Site data built
2020-07-11T15:09:26.877Z - info: Building C:\repos\nus-cs2103-AY2021S1\cs2103-website\schedule\week6\project as some of its dependencies were changed since the last visit
2020-07-11T15:09:28.154Z - info: Site data built
2020-07-11T15:09:28.155Z - info: Lazy website regeneration complete! Total build time: 1.279s
2020-07-11T15:09:31.204Z - info: Building C:\repos\nus-cs2103-AY2021S1\cs2103-website\schedule\week6\topics as some of its dependencies were changed since the last visit
2020-07-11T15:09:32.208Z - info: Site data built
2020-07-11T15:09:32.209Z - info: Lazy website regeneration complete! Total build time: 1.005s
2020-07-11T15:11:01.553Z - info: [11:11:01 PM] Reload for file change: C:\repos\nus-cs2103-AY2021S1\cs2103-website\admin\ip-tasks.mbdf
2020-07-11T15:11:02.569Z - info: No pages needed to be rebuilt
2020-07-11T15:11:12.475Z - info: Building C:\repos\nus-cs2103-AY2021S1\cs2103-website\schedule\week6\project as some of its dependencies were changed since the last visit
2020-07-11T15:11:14.028Z - info: Site data built
2020-07-11T15:11:14.030Z - info: Lazy website regeneration complete! Total build time: 1.555s
2020-07-11T15:12:36.040Z - info: [11:12:36 PM] Reload for file change: C:\repos\nus-cs2103-AY2021S1\cs2103-website\admin\ip-tasks.mbdf
2020-07-11T15:12:37.045Z - info: No pages needed to be rebuilt
2020-07-11T15:13:53.055Z - info: [11:13:53 PM] Reload for file change: C:\repos\nus-cs2103-AY2021S1\cs2103-website\_module-TIC4001\weeklyIpTasks.mbdf
2020-07-11T15:13:54.068Z - info: No pages needed to be rebuilt
2020-07-11T15:14:14.999Z - info: Building C:\repos\nus-cs2103-AY2021S1\cs2103-website\schedule\week6\project as some of its dependencies were changed since the last visit
2020-07-11T15:14:16.602Z - info: Site data built
2020-07-11T15:14:16.603Z - info: Lazy website regeneration complete! Total build time: 1.604s
2020-07-11T15:15:08.611Z - info: [11:15:08 PM] Reload for file change: C:\repos\nus-cs2103-AY2021S1\cs2103-website\admin\ip-tasks.mbdf
2020-07-11T15:15:09.627Z - info: No pages needed to be rebuilt
2020-07-11T15:15:19.953Z - info: Building C:\repos\nus-cs2103-AY2021S1\cs2103-website\schedule\week5\project as some of its dependencies were changed since the last visit
2020-07-11T15:15:21.158Z - info: Site data built
2020-07-11T15:15:21.159Z - info: Lazy website regeneration complete! Total build time: 1.206s
2020-07-11T15:17:39.526Z - info: [11:17:39 PM] Reload for file change: C:\repos\nus-cs2103-AY2021S1\cs2103-website\_module-TIC4001\weeklyTextbookTopics.mbdf
2020-07-11T15:17:40.547Z - info: No pages needed to be rebuilt
2020-07-11T15:18:49.841Z - info: Building C:\repos\nus-cs2103-AY2021S1\cs2103-website\schedule\week7\project as some of its dependencies were changed since the last visit
2020-07-11T15:18:51.150Z - info: Site data built
2020-07-11T15:18:51.150Z - info: Lazy website regeneration complete! Total build time: 1.309s
2020-07-11T15:18:55.642Z - info: Building C:\repos\nus-cs2103-AY2021S1\cs2103-website\schedule\week7\topics as some of its dependencies were changed since the last visit
2020-07-11T15:18:56.695Z - info: Site data built
2020-07-11T15:18:56.695Z - info: Lazy website regeneration complete! Total build time: 1.053s
2020-07-11T15:27:51.422Z - info: [11:27:51 PM] Reload for file change: C:\repos\nus-cs2103-AY2021S1\cs2103-website\_module-TIC4001\weeklyTextbookTopics.mbdf
2020-07-11T15:27:52.427Z - info: No pages needed to be rebuilt
2020-07-11T15:27:53.126Z - info: Building C:\repos\nus-cs2103-AY2021S1\cs2103-website\schedule\timeline as some of its dependencies were changed since the last visit
2020-07-11T15:27:58.984Z - info: Site data built
2020-07-11T15:27:58.986Z - info: Lazy website regeneration complete! Total build time: 5.86s
2020-07-11T15:29:17.655Z - info: [11:29:17 PM] Reload for file change: C:\repos\nus-cs2103-AY2021S1\cs2103-website\_markbind\variables.md
2020-07-11T15:29:18.818Z - warn: Rebuilding all pages as variables file was changed, or the --force-reload flag was set
2020-07-11T15:29:18.826Z - info: Rebuilding 1 pages
2020-07-11T15:29:19.660Z - info: Pages rebuilt
2020-07-11T15:29:19.660Z - info: Website regeneration complete! Total build time: 0.995s
2020-07-11T15:29:19.664Z - info: Site data built
2020-07-11T15:29:20.837Z - info: Building C:\repos\nus-cs2103-AY2021S1\cs2103-website\schedule\timeline as some of its dependencies were changed since the last visit
2020-07-11T15:29:20.838Z - info: Building C:\repos\nus-cs2103-AY2021S1\cs2103-website\schedule\week7\topics as some of its dependencies were changed since the last visit
2020-07-11T15:29:26.293Z - info: Site data built
2020-07-11T15:29:26.296Z - info: Lazy website regeneration complete! Total build time: 5.459s
2020-07-11T15:29:26.463Z - info: Site data built
2020-07-11T15:29:26.466Z - info: Lazy website regeneration complete! Total build time: 5.629s
2020-07-11T15:41:19.095Z - info: [11:41:19 PM] Reload for file change: C:\repos\nus-cs2103-AY2021S1\cs2103-website\_module-TIC4001\weeklyTextbookTopics.mbdf
2020-07-11T15:41:20.163Z - info: No pages needed to be rebuilt
2020-07-11T15:41:34.345Z - info: Website generation (lazy) started at 11:41:31 PM
2020-07-11T15:41:44.564Z - info: Building assets...
2020-07-11T15:41:55.280Z - info: Assets built
2020-07-11T15:41:55.281Z - info: Generating landing page...
2020-07-11T15:41:56.070Z - info: Landing page built, other pages will be built as you navigate to them!
2020-07-11T15:41:56.195Z - info: Website generation (lazy) complete! Total build time: 25.031s
2020-07-11T15:41:57.566Z - info: Serving "C:\repos\nus-cs2103-AY2021S1\cs2103-website\_site" at http://127.0.0.1:8080
2020-07-11T15:41:57.567Z - info: Press CTRL+C to stop ...
2020-07-11T15:41:57.660Z - info: Site data built
2020-07-11T15:42:13.572Z - info: Building C:\repos\nus-cs2103-AY2021S1\cs2103-website\schedule\week7\topics as some of its dependencies were changed since the last visit
2020-07-11T15:42:14.870Z - info: Site data built
2020-07-11T15:42:14.871Z - info: Lazy website regeneration complete! Total build time: 1.301s
2020-07-11T15:42:24.777Z - info: Building C:\repos\nus-cs2103-AY2021S1\cs2103-website\schedule\week7\project as some of its dependencies were changed since the last visit
2020-07-11T15:42:25.694Z - info: Site data built
2020-07-11T15:42:25.694Z - info: Lazy website regeneration complete! Total build time: 0.918s
2020-07-11T15:42:29.116Z - info: Building C:\repos\nus-cs2103-AY2021S1\cs2103-website\schedule\timeline as some of its dependencies were changed since the last visit
2020-07-11T15:42:35.046Z - info: Site data built
2020-07-11T15:42:35.047Z - info: Lazy website regeneration complete! Total build time: 5.932s
2020-07-11T15:42:52.431Z - info: Building C:\repos\nus-cs2103-AY2021S1\cs2103-website\schedule\week8\project as some of its dependencies were changed since the last visit
2020-07-11T15:42:53.935Z - info: Site data built
2020-07-11T15:42:53.935Z - info: Lazy website regeneration complete! Total build time: 1.505s
2020-07-11T15:42:58.759Z - info: Building C:\repos\nus-cs2103-AY2021S1\cs2103-website\schedule\week8\topics as some of its dependencies were changed since the last visit
2020-07-11T15:43:04.527Z - debug:  
2020-07-11T15:43:04.527Z - debug:  
2020-07-11T15:43:04.550Z - info: Site data built
2020-07-11T15:43:04.553Z - info: Lazy website regeneration complete! Total build time: 5.794s
