2020-09-28T14:50:05.647Z - info: Website generation (lazy) started at 10:49:58 PM
2020-09-28T14:50:17.426Z - info: Building assets...
2020-09-28T14:50:23.974Z - info: Assets built
2020-09-28T14:50:23.975Z - info: Generating landing page...
2020-09-28T14:50:24.766Z - info: Landing page built, other pages will be built as you navigate to them!
2020-09-28T14:50:24.877Z - info: Website generation (lazy) complete! Total build time: 26.44s
2020-09-28T14:50:25.861Z - info: Serving "C:\repos\nus-cs2103-AY2021S1\cs2103-website\_site" at http://127.0.0.1:8080
2020-09-28T14:50:25.861Z - info: Press CTRL+C to stop ...
2020-09-28T14:50:25.920Z - info: Site data built
2020-09-28T14:55:39.697Z - info: Building C:\repos\nus-cs2103-AY2021S1\cs2103-website\schedule\week6\topics as some of its dependencies were changed since the last visit
2020-09-28T14:55:45.713Z - info: Site data built
2020-09-28T14:55:45.713Z - info: Lazy website regeneration complete! Total build time: 6.021s
2020-09-28T14:55:45.826Z - debug:  
2020-09-28T14:55:45.827Z - debug:  
2020-09-28T14:56:23.692Z - info: Building C:\repos\nus-cs2103-AY2021S1\cs2103-website\schedule\week7\index as some of its dependencies were changed since the last visit
2020-09-28T14:56:24.100Z - info: Site data built
2020-09-28T14:56:24.100Z - info: Lazy website regeneration complete! Total build time: 0.409s
2020-09-28T14:57:10.377Z - info: [10:57:10 PM] Reload for file add: C:\repos\nus-cs2103-AY2021S1\cs2103-website\schedule\week7\commentary-tic2002.mbdf
2020-09-28T14:57:11.384Z - info: File added or removed, updating list of site's pages...
2020-09-28T14:57:17.801Z - info: Assets removed
2020-09-28T14:57:18.987Z - info: Building C:\repos\nus-cs2103-AY2021S1\cs2103-website\schedule\week7\index as some of its dependencies were changed since the last visit
2020-09-28T14:57:19.644Z - info: Site data built
2020-09-28T14:57:19.644Z - info: Lazy website regeneration complete! Total build time: 0.658s
2020-09-28T14:58:22.910Z - info: [10:58:22 PM] Reload for file change: C:\repos\nus-cs2103-AY2021S1\cs2103-website\_module-TIC2002\weeklyTextbookTopics.mbdf
2020-09-28T14:58:22.932Z - info: [10:58:22 PM] Reload for file change: C:\repos\nus-cs2103-AY2021S1\cs2103-website\schedule\week7\commentary-tic2002.mbdf
2020-09-28T14:58:23.922Z - info: No pages needed to be rebuilt
2020-09-28T14:58:28.381Z - info: Building C:\repos\nus-cs2103-AY2021S1\cs2103-website\schedule\week7\topics as some of its dependencies were changed since the last visit
2020-09-28T14:58:28.893Z - error:  Error: No such segment 'java-enumerations' in file: C:\repos\nus-cs2103-AY2021S1\cs2103-website\admin\common-commentary.mbdf
Missing reference in C:\repos\nus-cs2103-AY2021S1\cs2103-website\schedule\week7\commentary-box.md
    at _preprocessInclude (C:\Users\damithch\AppData\Roaming\npm\node_modules\markbind-cli\node_modules\@markbind\core\src\preprocessors\componentPreprocessor.js:264:21)
    at preProcessComponent (C:\Users\damithch\AppData\Roaming\npm\node_modules\markbind-cli\node_modules\@markbind\core\src\preprocessors\componentPreprocessor.js:349:12)
    at C:\Users\damithch\AppData\Roaming\npm\node_modules\markbind-cli\node_modules\@markbind\core\src\preprocessors\componentPreprocessor.js:356:52
    at Array.map (<anonymous>)
    at preProcessComponent (C:\Users\damithch\AppData\Roaming\npm\node_modules\markbind-cli\node_modules\@markbind\core\src\preprocessors\componentPreprocessor.js:356:43)
    at C:\Users\damithch\AppData\Roaming\npm\node_modules\markbind-cli\node_modules\@markbind\core\src\preprocessors\componentPreprocessor.js:356:52
    at Array.map (<anonymous>)
    at preProcessComponent (C:\Users\damithch\AppData\Roaming\npm\node_modules\markbind-cli\node_modules\@markbind\core\src\preprocessors\componentPreprocessor.js:356:43)
    at C:\Users\damithch\AppData\Roaming\npm\node_modules\markbind-cli\node_modules\@markbind\core\src\preprocessors\componentPreprocessor.js:356:52
    at Array.map (<anonymous>)
    at preProcessComponent (C:\Users\damithch\AppData\Roaming\npm\node_modules\markbind-cli\node_modules\@markbind\core\src\preprocessors\componentPreprocessor.js:356:43)
    at C:\Users\damithch\AppData\Roaming\npm\node_modules\markbind-cli\node_modules\@markbind\core\src\preprocessors\componentPreprocessor.js:298:50
    at Array.map (<anonymous>)
    at _preprocessInclude (C:\Users\damithch\AppData\Roaming\npm\node_modules\markbind-cli\node_modules\@markbind\core\src\preprocessors\componentPreprocessor.js:298:41)
    at preProcessComponent (C:\Users\damithch\AppData\Roaming\npm\node_modules\markbind-cli\node_modules\@markbind\core\src\preprocessors\componentPreprocessor.js:349:12)
    at C:\Users\damithch\AppData\Roaming\npm\node_modules\markbind-cli\node_modules\@markbind\core\src\preprocessors\componentPreprocessor.js:356:52
2020-09-28T14:58:33.702Z - info: Site data built
2020-09-28T14:58:33.703Z - info: Lazy website regeneration complete! Total build time: 5.322s
2020-09-28T14:58:35.105Z - debug:  
2020-09-28T14:58:35.105Z - debug:  
2020-09-28T14:59:35.991Z - info: [10:59:35 PM] Reload for file change: C:\repos\nus-cs2103-AY2021S1\cs2103-website\admin\common-commentary.mbdf
2020-09-28T14:59:37.005Z - info: Rebuilding 1 pages
2020-09-28T14:59:37.450Z - error:  Error: No such segment 'java-enumerations' in file: C:\repos\nus-cs2103-AY2021S1\cs2103-website\admin\common-commentary.mbdf
Missing reference in C:\repos\nus-cs2103-AY2021S1\cs2103-website\schedule\week7\commentary-box.md
    at _preprocessInclude (C:\Users\damithch\AppData\Roaming\npm\node_modules\markbind-cli\node_modules\@markbind\core\src\preprocessors\componentPreprocessor.js:264:21)
    at preProcessComponent (C:\Users\damithch\AppData\Roaming\npm\node_modules\markbind-cli\node_modules\@markbind\core\src\preprocessors\componentPreprocessor.js:349:12)
    at C:\Users\damithch\AppData\Roaming\npm\node_modules\markbind-cli\node_modules\@markbind\core\src\preprocessors\componentPreprocessor.js:356:52
    at Array.map (<anonymous>)
    at preProcessComponent (C:\Users\damithch\AppData\Roaming\npm\node_modules\markbind-cli\node_modules\@markbind\core\src\preprocessors\componentPreprocessor.js:356:43)
    at C:\Users\damithch\AppData\Roaming\npm\node_modules\markbind-cli\node_modules\@markbind\core\src\preprocessors\componentPreprocessor.js:356:52
    at Array.map (<anonymous>)
    at preProcessComponent (C:\Users\damithch\AppData\Roaming\npm\node_modules\markbind-cli\node_modules\@markbind\core\src\preprocessors\componentPreprocessor.js:356:43)
    at C:\Users\damithch\AppData\Roaming\npm\node_modules\markbind-cli\node_modules\@markbind\core\src\preprocessors\componentPreprocessor.js:356:52
    at Array.map (<anonymous>)
    at preProcessComponent (C:\Users\damithch\AppData\Roaming\npm\node_modules\markbind-cli\node_modules\@markbind\core\src\preprocessors\componentPreprocessor.js:356:43)
    at C:\Users\damithch\AppData\Roaming\npm\node_modules\markbind-cli\node_modules\@markbind\core\src\preprocessors\componentPreprocessor.js:298:50
    at Array.map (<anonymous>)
    at _preprocessInclude (C:\Users\damithch\AppData\Roaming\npm\node_modules\markbind-cli\node_modules\@markbind\core\src\preprocessors\componentPreprocessor.js:298:41)
    at preProcessComponent (C:\Users\damithch\AppData\Roaming\npm\node_modules\markbind-cli\node_modules\@markbind\core\src\preprocessors\componentPreprocessor.js:349:12)
    at C:\Users\damithch\AppData\Roaming\npm\node_modules\markbind-cli\node_modules\@markbind\core\src\preprocessors\componentPreprocessor.js:356:52
2020-09-28T14:59:42.650Z - info: Pages rebuilt
2020-09-28T14:59:42.650Z - info: Website regeneration complete! Total build time: 5.649s
2020-09-28T14:59:42.763Z - info: Site data built
2020-09-28T14:59:44.282Z - debug:  
2020-09-28T14:59:44.342Z - debug:  
2020-09-28T15:01:02.898Z - info: [11:01:02 PM] Reload for file change: C:\repos\nus-cs2103-AY2021S1\cs2103-website\schedule\week7\commentary-tic2002.mbdf
2020-09-28T15:01:02.918Z - info: [11:01:02 PM] Reload for file change: C:\repos\nus-cs2103-AY2021S1\cs2103-website\_module-TIC2002\weeklyTextbookTopics.mbdf
2020-09-28T15:01:03.914Z - info: Rebuilding 1 pages
2020-09-28T15:01:14.320Z - info: Website generation (lazy) started at 11:01:11 PM
2020-09-28T15:01:27.803Z - info: Building assets...
2020-09-28T15:01:34.188Z - info: Assets built
2020-09-28T15:01:34.189Z - info: Generating landing page...
2020-09-28T15:01:34.992Z - info: Landing page built, other pages will be built as you navigate to them!
2020-09-28T15:01:35.105Z - info: Website generation (lazy) complete! Total build time: 24.105s
2020-09-28T15:01:36.290Z - info: Serving "C:\repos\nus-cs2103-AY2021S1\cs2103-website\_site" at http://127.0.0.1:8080
2020-09-28T15:01:36.291Z - info: Press CTRL+C to stop ...
2020-09-28T15:01:36.399Z - info: Site data built
2020-09-28T15:03:00.991Z - info: Building C:\repos\nus-cs2103-AY2021S1\cs2103-website\schedule\week7\topics as some of its dependencies were changed since the last visit
2020-09-28T15:03:06.774Z - info: Site data built
2020-09-28T15:03:06.775Z - info: Lazy website regeneration complete! Total build time: 5.785s
2020-09-28T15:03:08.713Z - debug:  
2020-09-28T15:03:08.724Z - debug:  
2020-09-28T15:05:54.994Z - info: [11:05:54 PM] Reload for file change: C:\repos\nus-cs2103-AY2021S1\cs2103-website\schedule\week7\commentary-tic2002.mbdf
2020-09-28T15:05:56.011Z - info: Rebuilding 1 pages
2020-09-28T15:05:56.740Z - error:  Error: No such segment 'design-fundamentals' in file: C:\repos\nus-cs2103-AY2021S1\cs2103-website\admin\common-commentary.mbdf
Missing reference in C:\repos\nus-cs2103-AY2021S1\cs2103-website\schedule\week7\commentary-box.md
    at _preprocessInclude (C:\Users\damithch\AppData\Roaming\npm\node_modules\markbind-cli\node_modules\@markbind\core\src\preprocessors\componentPreprocessor.js:264:21)
    at preProcessComponent (C:\Users\damithch\AppData\Roaming\npm\node_modules\markbind-cli\node_modules\@markbind\core\src\preprocessors\componentPreprocessor.js:349:12)
    at C:\Users\damithch\AppData\Roaming\npm\node_modules\markbind-cli\node_modules\@markbind\core\src\preprocessors\componentPreprocessor.js:356:52
    at Array.map (<anonymous>)
    at preProcessComponent (C:\Users\damithch\AppData\Roaming\npm\node_modules\markbind-cli\node_modules\@markbind\core\src\preprocessors\componentPreprocessor.js:356:43)
    at C:\Users\damithch\AppData\Roaming\npm\node_modules\markbind-cli\node_modules\@markbind\core\src\preprocessors\componentPreprocessor.js:356:52
    at Array.map (<anonymous>)
    at preProcessComponent (C:\Users\damithch\AppData\Roaming\npm\node_modules\markbind-cli\node_modules\@markbind\core\src\preprocessors\componentPreprocessor.js:356:43)
    at C:\Users\damithch\AppData\Roaming\npm\node_modules\markbind-cli\node_modules\@markbind\core\src\preprocessors\componentPreprocessor.js:356:52
    at Array.map (<anonymous>)
    at preProcessComponent (C:\Users\damithch\AppData\Roaming\npm\node_modules\markbind-cli\node_modules\@markbind\core\src\preprocessors\componentPreprocessor.js:356:43)
    at C:\Users\damithch\AppData\Roaming\npm\node_modules\markbind-cli\node_modules\@markbind\core\src\preprocessors\componentPreprocessor.js:298:50
    at Array.map (<anonymous>)
    at _preprocessInclude (C:\Users\damithch\AppData\Roaming\npm\node_modules\markbind-cli\node_modules\@markbind\core\src\preprocessors\componentPreprocessor.js:298:41)
    at preProcessComponent (C:\Users\damithch\AppData\Roaming\npm\node_modules\markbind-cli\node_modules\@markbind\core\src\preprocessors\componentPreprocessor.js:349:12)
    at C:\Users\damithch\AppData\Roaming\npm\node_modules\markbind-cli\node_modules\@markbind\core\src\preprocessors\componentPreprocessor.js:356:52
2020-09-28T15:06:02.185Z - info: Pages rebuilt
2020-09-28T15:06:02.186Z - info: Website regeneration complete! Total build time: 6.179s
2020-09-28T15:06:02.521Z - info: Site data built
2020-09-28T15:06:04.086Z - debug:  
2020-09-28T15:06:04.102Z - debug:  
2020-09-28T15:11:09.217Z - info: [11:11:09 PM] Reload for file change: C:\repos\nus-cs2103-AY2021S1\cs2103-website\schedule\week7\commentary-cs2103.mbdf
2020-09-28T15:11:09.235Z - info: [11:11:09 PM] Reload for file change: C:\repos\nus-cs2103-AY2021S1\cs2103-website\admin\common-commentary.mbdf
2020-09-28T15:11:10.230Z - info: Rebuilding 1 pages
2020-09-28T15:11:15.784Z - info: Pages rebuilt
2020-09-28T15:11:15.784Z - info: Website regeneration complete! Total build time: 5.56s
2020-09-28T15:11:15.939Z - info: Site data built
2020-09-28T15:11:18.157Z - debug:  
2020-09-28T15:11:18.157Z - debug:  
2020-09-28T15:12:08.165Z - info: [11:12:08 PM] Reload for file change: C:\repos\nus-cs2103-AY2021S1\cs2103-website\schedule\week7\commentary-cs2103.mbdf
2020-09-28T15:12:09.169Z - info: No pages needed to be rebuilt
2020-09-28T15:13:34.797Z - info: [11:13:34 PM] Reload for file change: C:\repos\nus-cs2103-AY2021S1\cs2103-website\admin\common-commentary.mbdf
2020-09-28T15:13:35.808Z - info: Rebuilding 1 pages
2020-09-28T15:13:41.347Z - info: Pages rebuilt
2020-09-28T15:13:41.347Z - info: Website regeneration complete! Total build time: 5.542s
2020-09-28T15:13:41.475Z - info: Site data built
2020-09-28T15:13:43.416Z - debug:  
2020-09-28T15:13:43.417Z - debug:  
2020-09-28T15:14:39.907Z - info: [11:14:39 PM] Reload for file change: C:\repos\nus-cs2103-AY2021S1\cs2103-website\schedule\week7\commentary-cs2103.mbdf
2020-09-28T15:14:40.912Z - info: No pages needed to be rebuilt
2020-09-28T15:18:12.485Z - info: [11:18:12 PM] Reload for file change: C:\repos\nus-cs2103-AY2021S1\cs2103-website\admin\common-commentary.mbdf
2020-09-28T15:18:13.492Z - info: Rebuilding 1 pages
2020-09-28T15:18:19.345Z - info: Pages rebuilt
2020-09-28T15:18:19.346Z - info: Website regeneration complete! Total build time: 5.857s
2020-09-28T15:18:19.435Z - info: Site data built
2020-09-28T15:18:20.535Z - debug:  
2020-09-28T15:18:20.540Z - debug:  
2020-09-28T15:18:25.856Z - info: Building C:\repos\nus-cs2103-AY2021S1\cs2103-website\schedule\week6\topics as some of its dependencies were changed since the last visit
2020-09-28T15:18:29.773Z - info: Site data built
2020-09-28T15:18:29.779Z - info: Lazy website regeneration complete! Total build time: 3.923s
2020-09-28T15:18:31.407Z - debug:  
2020-09-28T15:18:31.473Z - debug:  
2020-09-28T15:22:11.097Z - info: [11:22:11 PM] Reload for file change: C:\repos\nus-cs2103-AY2021S1\cs2103-website\admin\common-commentary.mbdf
2020-09-28T15:22:12.105Z - info: Rebuilding 1 pages
2020-09-28T15:22:17.616Z - info: Pages rebuilt
2020-09-28T15:22:17.616Z - info: Website regeneration complete! Total build time: 5.516s
2020-09-28T15:22:17.636Z - debug:  
2020-09-28T15:22:17.656Z - info: Site data built
2020-09-28T15:22:17.790Z - debug:  
2020-09-28T15:22:34.820Z - info: Building C:\repos\nus-cs2103-AY2021S1\cs2103-website\schedule\week7\topics as some of its dependencies were changed since the last visit
2020-09-28T15:22:39.599Z - info: Site data built
2020-09-28T15:22:39.643Z - info: Lazy website regeneration complete! Total build time: 4.824s
2020-09-28T15:22:41.386Z - debug:  
2020-09-28T15:22:41.395Z - debug:  
2020-09-28T15:23:06.782Z - info: [11:23:06 PM] Reload for file change: C:\repos\nus-cs2103-AY2021S1\cs2103-website\schedule\week7\commentary-tic2002.mbdf
2020-09-28T15:23:07.786Z - info: Rebuilding 1 pages
2020-09-28T15:23:12.817Z - info: Pages rebuilt
2020-09-28T15:23:12.817Z - info: Website regeneration complete! Total build time: 5.033s
2020-09-28T15:23:12.911Z - info: Site data built
2020-09-28T15:23:14.459Z - debug:  
2020-09-28T15:23:14.531Z - debug:  
2020-09-28T15:23:21.857Z - info: [11:23:21 PM] Reload for file change: C:\repos\nus-cs2103-AY2021S1\cs2103-website\schedule\week7\commentary-tic2002.mbdf
2020-09-28T15:23:22.862Z - info: Rebuilding 1 pages
2020-09-28T15:23:28.028Z - info: Pages rebuilt
2020-09-28T15:23:28.033Z - info: Website regeneration complete! Total build time: 5.171s
2020-09-28T15:23:28.103Z - info: Site data built
2020-09-28T15:23:29.660Z - debug:  
2020-09-28T15:23:29.675Z - debug:  
2020-09-28T15:24:35.524Z - info: [11:24:35 PM] Reload for file change: C:\repos\nus-cs2103-AY2021S1\cs2103-website\admin\common-commentary.mbdf
2020-09-28T15:24:35.578Z - info: [11:24:35 PM] Reload for file change: C:\repos\nus-cs2103-AY2021S1\cs2103-website\schedule\week7\commentary-tic2002.mbdf
2020-09-28T15:24:36.549Z - info: Rebuilding 1 pages
2020-09-28T15:24:37.071Z - error:  Error: No such segment 'class-object-diagrams---intermediate' in file: C:\repos\nus-cs2103-AY2021S1\cs2103-website\admin\common-commentary.mbdf
Missing reference in C:\repos\nus-cs2103-AY2021S1\cs2103-website\schedule\week7\commentary-box.md
    at _preprocessInclude (C:\Users\damithch\AppData\Roaming\npm\node_modules\markbind-cli\node_modules\@markbind\core\src\preprocessors\componentPreprocessor.js:264:21)
    at preProcessComponent (C:\Users\damithch\AppData\Roaming\npm\node_modules\markbind-cli\node_modules\@markbind\core\src\preprocessors\componentPreprocessor.js:349:12)
    at C:\Users\damithch\AppData\Roaming\npm\node_modules\markbind-cli\node_modules\@markbind\core\src\preprocessors\componentPreprocessor.js:356:52
    at Array.map (<anonymous>)
    at preProcessComponent (C:\Users\damithch\AppData\Roaming\npm\node_modules\markbind-cli\node_modules\@markbind\core\src\preprocessors\componentPreprocessor.js:356:43)
    at C:\Users\damithch\AppData\Roaming\npm\node_modules\markbind-cli\node_modules\@markbind\core\src\preprocessors\componentPreprocessor.js:356:52
    at Array.map (<anonymous>)
    at preProcessComponent (C:\Users\damithch\AppData\Roaming\npm\node_modules\markbind-cli\node_modules\@markbind\core\src\preprocessors\componentPreprocessor.js:356:43)
    at C:\Users\damithch\AppData\Roaming\npm\node_modules\markbind-cli\node_modules\@markbind\core\src\preprocessors\componentPreprocessor.js:356:52
    at Array.map (<anonymous>)
    at preProcessComponent (C:\Users\damithch\AppData\Roaming\npm\node_modules\markbind-cli\node_modules\@markbind\core\src\preprocessors\componentPreprocessor.js:356:43)
    at C:\Users\damithch\AppData\Roaming\npm\node_modules\markbind-cli\node_modules\@markbind\core\src\preprocessors\componentPreprocessor.js:298:50
    at Array.map (<anonymous>)
    at _preprocessInclude (C:\Users\damithch\AppData\Roaming\npm\node_modules\markbind-cli\node_modules\@markbind\core\src\preprocessors\componentPreprocessor.js:298:41)
    at preProcessComponent (C:\Users\damithch\AppData\Roaming\npm\node_modules\markbind-cli\node_modules\@markbind\core\src\preprocessors\componentPreprocessor.js:349:12)
    at C:\Users\damithch\AppData\Roaming\npm\node_modules\markbind-cli\node_modules\@markbind\core\src\preprocessors\componentPreprocessor.js:356:52
2020-09-28T15:24:43.949Z - info: Pages rebuilt
2020-09-28T15:24:43.951Z - info: Website regeneration complete! Total build time: 7.404s
2020-09-28T15:24:43.998Z - info: Site data built
2020-09-28T15:24:44.406Z - debug:  
2020-09-28T15:24:44.407Z - debug:  
2020-09-28T15:24:53.213Z - info: Website generation (lazy) started at 11:24:50 PM
2020-09-28T15:25:02.515Z - info: Building assets...
2020-09-28T15:25:08.485Z - info: Assets built
2020-09-28T15:25:08.486Z - info: Generating landing page...
2020-09-28T15:25:09.344Z - info: Landing page built, other pages will be built as you navigate to them!
2020-09-28T15:25:09.440Z - info: Website generation (lazy) complete! Total build time: 19.261s
2020-09-28T15:25:10.323Z - info: Serving "C:\repos\nus-cs2103-AY2021S1\cs2103-website\_site" at http://127.0.0.1:8080
2020-09-28T15:25:10.323Z - info: Press CTRL+C to stop ...
2020-09-28T15:25:10.390Z - info: Site data built
2020-09-28T15:26:30.314Z - info: Building C:\repos\nus-cs2103-AY2021S1\cs2103-website\schedule\week7\topics as some of its dependencies were changed since the last visit
2020-09-28T15:26:30.882Z - error:  Error: No such segment 'class-object-diagrams---intermediate' in file: C:\repos\nus-cs2103-AY2021S1\cs2103-website\admin\common-commentary.mbdf
Missing reference in C:\repos\nus-cs2103-AY2021S1\cs2103-website\schedule\week7\commentary-box.md
    at _preprocessInclude (C:\Users\damithch\AppData\Roaming\npm\node_modules\markbind-cli\node_modules\@markbind\core\src\preprocessors\componentPreprocessor.js:264:21)
    at preProcessComponent (C:\Users\damithch\AppData\Roaming\npm\node_modules\markbind-cli\node_modules\@markbind\core\src\preprocessors\componentPreprocessor.js:349:12)
    at C:\Users\damithch\AppData\Roaming\npm\node_modules\markbind-cli\node_modules\@markbind\core\src\preprocessors\componentPreprocessor.js:356:52
    at Array.map (<anonymous>)
    at preProcessComponent (C:\Users\damithch\AppData\Roaming\npm\node_modules\markbind-cli\node_modules\@markbind\core\src\preprocessors\componentPreprocessor.js:356:43)
    at C:\Users\damithch\AppData\Roaming\npm\node_modules\markbind-cli\node_modules\@markbind\core\src\preprocessors\componentPreprocessor.js:356:52
    at Array.map (<anonymous>)
    at preProcessComponent (C:\Users\damithch\AppData\Roaming\npm\node_modules\markbind-cli\node_modules\@markbind\core\src\preprocessors\componentPreprocessor.js:356:43)
    at C:\Users\damithch\AppData\Roaming\npm\node_modules\markbind-cli\node_modules\@markbind\core\src\preprocessors\componentPreprocessor.js:356:52
    at Array.map (<anonymous>)
    at preProcessComponent (C:\Users\damithch\AppData\Roaming\npm\node_modules\markbind-cli\node_modules\@markbind\core\src\preprocessors\componentPreprocessor.js:356:43)
    at C:\Users\damithch\AppData\Roaming\npm\node_modules\markbind-cli\node_modules\@markbind\core\src\preprocessors\componentPreprocessor.js:298:50
    at Array.map (<anonymous>)
    at _preprocessInclude (C:\Users\damithch\AppData\Roaming\npm\node_modules\markbind-cli\node_modules\@markbind\core\src\preprocessors\componentPreprocessor.js:298:41)
    at preProcessComponent (C:\Users\damithch\AppData\Roaming\npm\node_modules\markbind-cli\node_modules\@markbind\core\src\preprocessors\componentPreprocessor.js:349:12)
    at C:\Users\damithch\AppData\Roaming\npm\node_modules\markbind-cli\node_modules\@markbind\core\src\preprocessors\componentPreprocessor.js:356:52
2020-09-28T15:26:37.846Z - info: Site data built
2020-09-28T15:26:38.104Z - info: Lazy website regeneration complete! Total build time: 7.787s
2020-09-28T15:26:41.588Z - debug:  
2020-09-28T15:26:41.588Z - debug:  
2020-09-28T15:27:05.077Z - info: [11:27:05 PM] Reload for file change: C:\repos\nus-cs2103-AY2021S1\cs2103-website\schedule\week7\commentary-tic2002.mbdf
2020-09-28T15:27:06.091Z - info: Rebuilding 1 pages
2020-09-28T15:27:11.665Z - info: Pages rebuilt
2020-09-28T15:27:11.666Z - info: Website regeneration complete! Total build time: 5.579s
2020-09-28T15:27:11.796Z - info: Site data built
2020-09-28T15:27:13.076Z - debug:  
2020-09-28T15:27:13.114Z - debug:  
2020-09-28T15:27:49.021Z - info: [11:27:49 PM] Reload for file change: C:\repos\nus-cs2103-AY2021S1\cs2103-website\_module-TIC2002\weeklyTextbookTopics.mbdf
2020-09-28T15:27:50.029Z - info: No pages needed to be rebuilt
2020-09-28T15:27:57.726Z - info: Website generation (lazy) started at 11:27:54 PM
2020-09-28T15:28:05.829Z - info: Building assets...
2020-09-28T15:28:11.316Z - info: Assets built
2020-09-28T15:28:11.317Z - info: Generating landing page...
2020-09-28T15:28:12.175Z - info: Landing page built, other pages will be built as you navigate to them!
2020-09-28T15:28:12.274Z - info: Website generation (lazy) complete! Total build time: 17.286s
2020-09-28T15:28:13.170Z - info: Serving "C:\repos\nus-cs2103-AY2021S1\cs2103-website\_site" at http://127.0.0.1:8080
2020-09-28T15:28:13.171Z - info: Press CTRL+C to stop ...
2020-09-28T15:28:13.226Z - info: Site data built
2020-09-28T15:28:53.142Z - info: Building C:\repos\nus-cs2103-AY2021S1\cs2103-website\schedule\week7\topics as some of its dependencies were changed since the last visit
2020-09-28T15:28:59.709Z - info: Site data built
2020-09-28T15:28:59.770Z - info: Lazy website regeneration complete! Total build time: 6.631s
2020-09-28T15:28:59.792Z - debug:  
2020-09-28T15:28:59.871Z - debug:  
2020-09-28T15:29:15.160Z - info: [11:29:15 PM] Reload for file change: C:\repos\nus-cs2103-AY2021S1\cs2103-website\admin\common-commentary.mbdf
2020-09-28T15:29:16.181Z - info: No pages needed to be rebuilt
2020-09-28T15:30:19.151Z - info: [11:30:19 PM] Reload for file change: C:\repos\nus-cs2103-AY2021S1\cs2103-website\admin\common-commentary.mbdf
2020-09-28T15:30:20.159Z - info: No pages needed to be rebuilt
2020-09-28T15:30:30.983Z - info: Building C:\repos\nus-cs2103-AY2021S1\cs2103-website\schedule\week7\topics as some of its dependencies were changed since the last visit
2020-09-28T15:30:36.970Z - info: Site data built
2020-09-28T15:30:36.970Z - info: Lazy website regeneration complete! Total build time: 5.987s
2020-09-28T15:30:38.486Z - debug:  
2020-09-28T15:30:38.514Z - debug:  
2020-09-28T15:31:58.678Z - info: [11:31:58 PM] Reload for file change: C:\repos\nus-cs2103-AY2021S1\cs2103-website\admin\common-commentary.mbdf
2020-09-28T15:31:59.684Z - info: Rebuilding 1 pages
2020-09-28T15:32:04.502Z - info: Pages rebuilt
2020-09-28T15:32:04.503Z - info: Website regeneration complete! Total build time: 4.824s
2020-09-28T15:32:04.567Z - info: Site data built
2020-09-28T15:32:06.560Z - debug:  
2020-09-28T15:32:06.567Z - debug:  
2020-09-28T15:32:19.001Z - info: [11:32:19 PM] Reload for file change: C:\repos\nus-cs2103-AY2021S1\cs2103-website\admin\common-commentary.mbdf
2020-09-28T15:32:20.002Z - info: Rebuilding 1 pages
2020-09-28T15:32:25.009Z - info: Pages rebuilt
2020-09-28T15:32:25.010Z - info: Website regeneration complete! Total build time: 5.009s
2020-09-28T15:32:25.099Z - info: Site data built
2020-09-28T15:32:26.640Z - debug:  
2020-09-28T15:32:26.649Z - debug:  
2020-09-28T15:33:58.428Z - info: Building C:\repos\nus-cs2103-AY2021S1\cs2103-website\schedule\week7\admin as some of its dependencies were changed since the last visit
2020-09-28T15:33:58.868Z - info: Site data built
2020-09-28T15:33:58.869Z - info: Lazy website regeneration complete! Total build time: 0.442s
2020-09-28T15:34:25.871Z - info: Building C:\repos\nus-cs2103-AY2021S1\cs2103-website\schedule\week8\index as some of its dependencies were changed since the last visit
2020-09-28T15:34:26.366Z - info: Site data built
2020-09-28T15:34:26.366Z - info: Lazy website regeneration complete! Total build time: 0.495s
2020-09-28T15:34:33.772Z - info: Building C:\repos\nus-cs2103-AY2021S1\cs2103-website\schedule\week8\topics as some of its dependencies were changed since the last visit
2020-09-28T15:34:36.489Z - info: Site data built
2020-09-28T15:34:36.497Z - info: Lazy website regeneration complete! Total build time: 2.725s
2020-09-28T15:34:37.255Z - debug:  
2020-09-28T15:35:52.042Z - info: Building C:\repos\nus-cs2103-AY2021S1\cs2103-website\schedule\week8\admin as some of its dependencies were changed since the last visit
2020-09-28T15:35:52.534Z - info: Site data built
2020-09-28T15:35:52.535Z - info: Lazy website regeneration complete! Total build time: 0.495s
2020-09-28T15:38:15.129Z - info: Website generation started at 11:38:12 PM
2020-09-28T15:38:22.771Z - info: Building assets...
2020-09-28T15:38:28.546Z - info: Assets built
2020-09-28T15:38:28.547Z - info: Generating pages...
2020-09-28T15:38:45.695Z - debug: The process cannot access the file because it is being used by another process.

2020-09-28T15:38:45.696Z - debug: The process cannot access the file because it is being used by another process.

2020-09-28T15:38:48.730Z - debug:  
2020-09-28T15:38:48.730Z - debug:  
2020-09-28T15:38:48.730Z - debug:  
2020-09-28T15:38:48.730Z - debug:  
2020-09-28T15:38:48.731Z - debug:  
2020-09-28T15:38:53.998Z - debug: The process cannot access the file because it is being used by another process.

2020-09-28T15:38:53.999Z - debug: The process cannot access the file because it is being used by another process.

2020-09-28T15:38:53.999Z - debug: The process cannot access the file because it is being used by another process.

2020-09-28T15:38:54.000Z - debug: The process cannot access the file because it is being used by another process.

2020-09-28T15:38:54.000Z - debug:  
2020-09-28T15:38:54.000Z - debug:  
2020-09-28T15:38:54.000Z - debug:  
2020-09-28T15:38:54.001Z - debug:  
2020-09-28T15:38:56.596Z - debug: The process cannot access the file because it is being used by another process.

2020-09-28T15:38:56.868Z - debug: The process cannot access the file because it is being used by another process.

2020-09-28T15:38:56.932Z - debug: The process cannot access the file because it is being used by another process.

2020-09-28T15:38:56.933Z - debug: The process cannot access the file because it is being used by another process.

2020-09-28T15:38:58.370Z - debug:  
2020-09-28T15:38:58.370Z - debug:  
2020-09-28T15:39:12.265Z - debug: The process cannot access the file because it is being used by another process.

2020-09-28T15:39:13.008Z - debug: The process cannot access the file because it is being used by another process.

2020-09-28T15:39:13.735Z - debug: The process cannot access the file because it is being used by another process.

2020-09-28T15:39:13.735Z - debug:  
2020-09-28T15:39:16.053Z - debug: The process cannot access the file because it is being used by another process.

2020-09-28T15:39:16.054Z - debug: The process cannot access the file because it is being used by another process.

2020-09-28T15:39:17.365Z - debug:  
2020-09-28T15:39:19.271Z - debug:  
2020-09-28T15:39:21.046Z - debug: The process cannot access the file because it is being used by another process.

2020-09-28T15:39:21.046Z - debug: The process cannot access the file because it is being used by another process.

2020-09-28T15:39:23.150Z - debug:  
2020-09-28T15:39:23.151Z - debug: The process cannot access the file because it is being used by another process.

2020-09-28T15:39:23.398Z - debug:  
2020-09-28T15:39:26.071Z - debug: The process cannot access the file because it is being used by another process.

2020-09-28T15:39:26.463Z - debug:  
2020-09-28T15:39:27.467Z - debug:  
2020-09-28T15:39:33.409Z - debug: The process cannot access the file because it is being used by another process.

2020-09-28T15:39:35.581Z - debug: The process cannot access the file because it is being used by another process.

2020-09-28T15:39:35.863Z - debug:  
2020-09-28T15:39:57.180Z - debug:  
2020-09-28T15:39:57.182Z - debug:  
2020-09-28T15:39:57.182Z - debug:  
2020-09-28T15:39:57.182Z - debug:  
2020-09-28T15:40:04.911Z - debug:  
2020-09-28T15:40:04.912Z - debug:  
2020-09-28T15:40:04.912Z - debug:  
2020-09-28T15:40:13.249Z - debug:  
2020-09-28T15:40:13.250Z - debug:  
2020-09-28T15:40:13.250Z - debug:  
2020-09-28T15:40:13.250Z - debug:  
2020-09-28T15:40:13.250Z - debug:  
2020-09-28T15:40:17.184Z - debug: The process cannot access the file because it is being used by another process.

2020-09-28T15:40:19.497Z - debug:  
2020-09-28T15:40:21.394Z - debug:  
2020-09-28T15:40:21.394Z - debug:  
2020-09-28T15:40:26.956Z - debug:  
2020-09-28T15:40:33.103Z - debug:  
2020-09-28T15:40:37.977Z - debug:  
2020-09-28T15:40:47.646Z - debug:  
2020-09-28T15:40:47.646Z - debug:  
2020-09-28T15:40:51.384Z - info: Pages built
2020-09-28T15:41:13.520Z - info: Website generation complete! Total build time: 181.279s
2020-09-28T15:41:13.523Z - info: Build success!
2020-09-28T15:41:13.527Z - info: Site data built
2020-09-28T15:41:51.006Z - info: Deployed!
