2020-07-24T16:46:07.395Z - info: Website generation started at 12:46:02 AM
2020-07-24T16:46:19.400Z - info: Building assets...
2020-07-24T16:46:28.747Z - info: Assets built
2020-07-24T16:46:28.748Z - info: Generating pages...
2020-07-24T16:46:41.682Z - debug: The process cannot access the file because it is being used by another process.

2020-07-24T16:46:41.682Z - debug: The process cannot access the file because it is being used by another process.

2020-07-24T16:46:45.324Z - debug:  
2020-07-24T16:46:45.325Z - debug:  
2020-07-24T16:46:45.325Z - debug:  
2020-07-24T16:46:45.325Z - debug:  
2020-07-24T16:46:51.146Z - debug: The process cannot access the file because it is being used by another process.

2020-07-24T16:46:51.146Z - debug: The process cannot access the file because it is being used by another process.

2020-07-24T16:46:51.146Z - debug: The process cannot access the file because it is being used by another process.

2020-07-24T16:46:51.147Z - debug: The process cannot access the file because it is being used by another process.

2020-07-24T16:46:51.147Z - debug:  
2020-07-24T16:46:51.147Z - debug:  
2020-07-24T16:46:51.148Z - debug:  
2020-07-24T16:46:51.148Z - debug:  
2020-07-24T16:46:51.982Z - debug:  
2020-07-24T16:46:53.419Z - debug: The process cannot access the file because it is being used by another process.

2020-07-24T16:46:53.419Z - debug: The process cannot access the file because it is being used by another process.

2020-07-24T16:46:53.617Z - debug: The process cannot access the file because it is being used by another process.

2020-07-24T16:46:53.617Z - debug: The process cannot access the file because it is being used by another process.

2020-07-24T16:46:54.744Z - debug:  
2020-07-24T16:46:55.106Z - debug:  
2020-07-24T16:47:17.474Z - debug: The process cannot access the file because it is being used by another process.

2020-07-24T16:47:17.656Z - debug: The process cannot access the file because it is being used by another process.

2020-07-24T16:47:18.758Z - debug:  
2020-07-24T16:47:18.947Z - debug: The process cannot access the file because it is being used by another process.

2020-07-24T16:47:19.154Z - debug:  
2020-07-24T16:47:21.088Z - debug: The process cannot access the file because it is being used by another process.

2020-07-24T16:47:21.568Z - debug:  
2020-07-24T16:47:22.606Z - debug:  
2020-07-24T16:47:27.924Z - debug: The process cannot access the file because it is being used by another process.

2020-07-24T16:47:29.767Z - debug: The process cannot access the file because it is being used by another process.

2020-07-24T16:47:30.003Z - debug:  
2020-07-24T16:47:52.732Z - debug:  
2020-07-24T16:47:52.732Z - debug:  
2020-07-24T16:47:52.808Z - debug:  
2020-07-24T16:47:52.808Z - debug:  
2020-07-24T16:47:56.782Z - debug:  
2020-07-24T16:47:56.974Z - debug:  
2020-07-24T16:48:05.976Z - debug:  
2020-07-24T16:48:07.472Z - debug:  
2020-07-24T16:48:07.472Z - debug:  
2020-07-24T16:48:07.472Z - debug:  
2020-07-24T16:48:07.472Z - debug:  
2020-07-24T16:48:14.372Z - debug:  
2020-07-24T16:48:14.372Z - debug:  
2020-07-24T16:48:18.628Z - debug:  
2020-07-24T16:48:24.568Z - debug:  
2020-07-24T16:48:40.205Z - debug:  
2020-07-24T16:48:40.205Z - debug:  
2020-07-24T16:49:04.026Z - debug:  
2020-07-24T16:49:14.062Z - debug:  
2020-07-24T16:49:14.062Z - debug:  
2020-07-24T16:49:21.629Z - info: Pages built
2020-07-24T16:49:46.891Z - info: Website generation complete! Total build time: 224.669s
2020-07-24T16:49:46.894Z - info: Build success!
2020-07-24T16:49:46.895Z - debug:  
2020-07-24T16:49:46.898Z - info: Site data built
2020-07-24T16:53:59.081Z - info: Deployed!
2020-07-24T17:18:53.500Z - info: Website generation started at 1:18:47 AM
2020-07-24T17:19:02.378Z - info: Building assets...
2020-07-24T17:19:07.881Z - info: Assets built
2020-07-24T17:19:07.882Z - info: Generating pages...
2020-07-24T17:19:19.295Z - debug: The process cannot access the file because it is being used by another process.

2020-07-24T17:19:19.296Z - debug: The process cannot access the file because it is being used by another process.

2020-07-24T17:19:22.504Z - debug:  
2020-07-24T17:19:22.504Z - debug:  
2020-07-24T17:19:22.504Z - debug:  
2020-07-24T17:19:22.504Z - debug:  
2020-07-24T17:19:24.000Z - debug:  
2020-07-24T17:19:25.036Z - debug:  
2020-07-24T17:19:25.556Z - debug:  
2020-07-24T17:19:29.357Z - debug:  
2020-07-24T17:19:29.358Z - debug: The process cannot access the file because it is being used by another process.

2020-07-24T17:19:29.358Z - debug:  
2020-07-24T17:19:31.035Z - debug: The process cannot access the file because it is being used by another process.

2020-07-24T17:19:31.035Z - debug: The process cannot access the file because it is being used by another process.

2020-07-24T17:19:31.097Z - debug:  
2020-07-24T17:19:31.240Z - debug:  
2020-07-24T17:19:31.241Z - debug:  
2020-07-24T17:19:31.669Z - debug: The process cannot access the file because it is being used by another process.

2020-07-24T17:19:31.671Z - debug: The process cannot access the file because it is being used by another process.

2020-07-24T17:19:35.061Z - debug:  
2020-07-24T17:19:35.457Z - debug:  
2020-07-24T17:19:58.635Z - debug: The process cannot access the file because it is being used by another process.

2020-07-24T17:19:59.309Z - debug: The process cannot access the file because it is being used by another process.

2020-07-24T17:20:00.282Z - debug:  
2020-07-24T17:20:00.562Z - debug: The process cannot access the file because it is being used by another process.

2020-07-24T17:20:00.563Z - debug:  
2020-07-24T17:20:03.249Z - debug: The process cannot access the file because it is being used by another process.

2020-07-24T17:20:03.249Z - debug:  
2020-07-24T17:20:04.563Z - debug:  
2020-07-24T17:20:10.870Z - debug: The process cannot access the file because it is being used by another process.

2020-07-24T17:20:12.807Z - debug: The process cannot access the file because it is being used by another process.

2020-07-24T17:20:13.010Z - debug:  
2020-07-24T17:20:34.897Z - debug:  
2020-07-24T17:20:34.898Z - debug:  
2020-07-24T17:20:34.899Z - debug:  
2020-07-24T17:20:34.899Z - debug:  
2020-07-24T17:20:38.783Z - debug:  
2020-07-24T17:20:39.083Z - debug:  
2020-07-24T17:20:45.211Z - debug:  
2020-07-24T17:20:49.363Z - debug:  
2020-07-24T17:20:49.377Z - debug:  
2020-07-24T17:20:49.377Z - debug:  
2020-07-24T17:20:49.378Z - debug:  
2020-07-24T17:20:56.193Z - debug:  
2020-07-24T17:20:56.193Z - debug:  
2020-07-24T17:21:00.584Z - debug:  
2020-07-24T17:21:26.233Z - debug:  
2020-07-24T17:21:26.235Z - debug:  
2020-07-24T17:21:26.235Z - debug:  
2020-07-24T17:21:47.989Z - debug:  
2020-07-24T17:22:00.653Z - debug:  
2020-07-24T17:22:00.653Z - debug:  
2020-07-24T17:22:09.170Z - info: Pages built
2020-07-24T17:22:34.070Z - info: Website generation complete! Total build time: 226.247s
2020-07-24T17:22:34.072Z - info: Build success!
2020-07-24T17:22:34.073Z - debug:  
2020-07-24T17:22:34.075Z - info: Site data built
2020-07-24T17:24:13.569Z - info: Deployed!
2020-07-24T17:40:51.139Z - info: Website generation started at 1:40:45 AM
2020-07-24T17:41:00.034Z - info: Building assets...
