2020-09-16T06:57:14.328Z - info: Website generation (lazy) started at 2:57:08 PM
2020-09-16T06:57:30.523Z - info: Building assets...
2020-09-16T06:57:37.401Z - info: Assets built
2020-09-16T06:57:37.402Z - info: Generating landing page...
2020-09-16T06:57:40.301Z - info: Landing page built, other pages will be built as you navigate to them!
2020-09-16T06:57:40.429Z - info: Website generation (lazy) complete! Total build time: 32.417s
2020-09-16T06:57:41.587Z - info: Serving "C:\repos\nus-cs2103-AY2021S1\cs2103-website\_site" at http://127.0.0.1:8080
2020-09-16T06:57:41.588Z - info: Press CTRL+C to stop ...
2020-09-16T06:57:41.719Z - info: Site data built
2020-09-16T06:59:59.816Z - info: Building C:\repos\nus-cs2103-AY2021S1\cs2103-website\schedule\week5\index as some of its dependencies were changed since the last visit
2020-09-16T07:00:01.419Z - info: Site data built
2020-09-16T07:00:01.420Z - info: Lazy website regeneration complete! Total build time: 1.614s
2020-09-16T07:00:03.965Z - info: Building C:\repos\nus-cs2103-AY2021S1\cs2103-website\schedule\week4\index as some of its dependencies were changed since the last visit
2020-09-16T07:00:05.020Z - info: Site data built
2020-09-16T07:00:05.022Z - info: Lazy website regeneration complete! Total build time: 1.057s
2020-09-16T07:00:08.358Z - info: Building C:\repos\nus-cs2103-AY2021S1\cs2103-website\schedule\week4\project as some of its dependencies were changed since the last visit
2020-09-16T07:00:10.957Z - info: Site data built
2020-09-16T07:00:10.958Z - info: Lazy website regeneration complete! Total build time: 2.6s
2020-09-16T07:07:22.202Z - info: [3:07:22 PM] Reload for file change: C:\repos\nus-cs2103-AY2021S1\cs2103-website\admin\ip-tasks.mbdf
2020-09-16T07:07:23.218Z - info: Rebuilding 1 pages
2020-09-16T07:07:26.174Z - info: Pages rebuilt
2020-09-16T07:07:26.174Z - info: Website regeneration complete! Total build time: 2.963s
2020-09-16T07:07:26.181Z - info: Site data built
2020-09-16T07:10:29.130Z - info: [3:10:29 PM] Reload for file change: C:\repos\nus-cs2103-AY2021S1\cs2103-website\admin\ip-tasks.mbdf
2020-09-16T07:10:30.144Z - info: Rebuilding 1 pages
2020-09-16T07:10:39.587Z - info: Website generation (lazy) started at 3:10:36 PM
2020-09-16T07:10:48.359Z - info: Building assets...
2020-09-16T07:10:55.255Z - info: Assets built
2020-09-16T07:10:55.256Z - info: Generating landing page...
2020-09-16T07:10:56.739Z - info: Landing page built, other pages will be built as you navigate to them!
2020-09-16T07:10:56.842Z - info: Website generation (lazy) complete! Total build time: 19.929s
2020-09-16T07:10:57.671Z - info: Serving "C:\repos\nus-cs2103-AY2021S1\cs2103-website\_site" at http://127.0.0.1:8080
2020-09-16T07:10:57.672Z - info: Press CTRL+C to stop ...
2020-09-16T07:10:57.731Z - info: Site data built
2020-09-16T07:38:38.784Z - info: Building C:\repos\nus-cs2103-AY2021S1\cs2103-website\schedule\week4\project as some of its dependencies were changed since the last visit
2020-09-16T07:38:42.308Z - info: Site data built
2020-09-16T07:38:42.309Z - info: Lazy website regeneration complete! Total build time: 3.529s
2020-09-16T07:40:41.741Z - info: [3:40:41 PM] Reload for file change: C:\repos\nus-cs2103-AY2021S1\cs2103-website\admin\ip-tasks.mbdf
2020-09-16T07:40:42.746Z - info: Rebuilding 1 pages
2020-09-16T07:40:44.141Z - info: Pages rebuilt
2020-09-16T07:40:44.141Z - info: Website regeneration complete! Total build time: 1.397s
2020-09-16T07:40:44.186Z - info: Site data built
2020-09-16T07:40:45.195Z - info: Building C:\repos\nus-cs2103-AY2021S1\cs2103-website\schedule\week4\project as some of its dependencies were changed since the last visit
2020-09-16T07:40:47.837Z - info: Site data built
2020-09-16T07:40:47.837Z - info: Lazy website regeneration complete! Total build time: 2.643s
2020-09-16T07:43:06.240Z - info: [3:43:06 PM] Reload for file change: C:\repos\nus-cs2103-AY2021S1\cs2103-website\admin\ip-tasks.mbdf
2020-09-16T07:43:07.248Z - info: Rebuilding 1 pages
2020-09-16T07:43:08.708Z - info: Pages rebuilt
2020-09-16T07:43:08.709Z - info: Website regeneration complete! Total build time: 1.464s
2020-09-16T07:43:08.759Z - info: Site data built
2020-09-16T07:43:09.759Z - info: Building C:\repos\nus-cs2103-AY2021S1\cs2103-website\schedule\week4\project as some of its dependencies were changed since the last visit
2020-09-16T07:43:12.626Z - info: Site data built
2020-09-16T07:43:12.627Z - info: Lazy website regeneration complete! Total build time: 2.868s
2020-09-16T07:47:46.298Z - info: Website generation started at 3:47:43 PM
2020-09-16T07:47:56.242Z - info: Building assets...
