2020-07-17T16:00:45.726Z - info: [12:00:45 AM] Reload for file change: C:\repos\nus-cs2103-AY2021S1\cs2103-website\schedule\week7\tutorial-cs2113.mbdf
2020-07-17T16:00:46.762Z - info: Rebuilding 1 pages
2020-07-17T16:00:47.510Z - info: Pages rebuilt
2020-07-17T16:00:47.510Z - info: Website regeneration complete! Total build time: 0.751s
2020-07-17T16:00:47.513Z - info: Site data built
2020-07-17T16:02:28.486Z - info: [12:02:28 AM] Reload for file change: C:\repos\nus-cs2103-AY2021S1\cs2103-website\admin\common-tutorial.mbdf
2020-07-17T16:02:29.504Z - info: No pages needed to be rebuilt
2020-07-17T16:03:00.725Z - info: [12:03:00 AM] Reload for file change: C:\repos\nus-cs2103-AY2021S1\cs2103-website\schedule\week7\tutorial-cs2113.mbdf
2020-07-17T16:03:01.729Z - info: Rebuilding 1 pages
2020-07-17T16:03:02.744Z - info: Pages rebuilt
2020-07-17T16:03:02.744Z - info: Website regeneration complete! Total build time: 1.017s
2020-07-17T16:03:02.749Z - info: Site data built
2020-07-17T16:05:10.284Z - info: [12:05:10 AM] Reload for file change: C:\repos\nus-cs2103-AY2021S1\cs2103-website\admin\common-tutorial.mbdf
2020-07-17T16:05:10.336Z - info: [12:05:10 AM] Reload for file change: C:\repos\nus-cs2103-AY2021S1\cs2103-website\schedule\week7\tutorial-cs2113.mbdf
2020-07-17T16:05:11.353Z - info: Rebuilding 1 pages
2020-07-17T16:05:11.441Z - error:  Template render error: (unknown path)
  Error: Unable to call `step`, which is undefined or falsey
    at Object._prettifyError (C:\repos\markbind\markbind\node_modules\nunjucks\src\lib.js:36:11)
    at C:\repos\markbind\markbind\node_modules\nunjucks\src\environment.js:561:19
    at eval (eval at _compile (C:\repos\markbind\markbind\node_modules\nunjucks\src\environment.js:631:18), <anonymous>:105:12)
    at C:\repos\markbind\markbind\node_modules\nunjucks\src\environment.js:611:9
    at Template.root [as rootRenderFunc] (eval at _compile (C:\repos\markbind\markbind\node_modules\nunjucks\src\environment.js:631:18), <anonymous>:64:3)
    at Template.getExported (C:\repos\markbind\markbind\node_modules\nunjucks\src\environment.js:609:10)
    at eval (eval at _compile (C:\repos\markbind\markbind\node_modules\nunjucks\src\environment.js:631:18), <anonymous>:104:6)
    at Environment.getTemplate (C:\repos\markbind\markbind\node_modules\nunjucks\src\environment.js:277:9)
    at eval (eval at _compile (C:\repos\markbind\markbind\node_modules\nunjucks\src\environment.js:631:18), <anonymous>:102:5)
    at C:\repos\markbind\markbind\node_modules\nunjucks\src\environment.js:613:9
    at Template.root [as rootRenderFunc] (eval at _compile (C:\repos\markbind\markbind\node_modules\nunjucks\src\environment.js:631:18), <anonymous>:60:1)
    at Template.getExported (C:\repos\markbind\markbind\node_modules\nunjucks\src\environment.js:609:10)
    at eval (eval at _compile (C:\repos\markbind\markbind\node_modules\nunjucks\src\environment.js:631:18), <anonymous>:64:5)
    at Environment.getTemplate (C:\repos\markbind\markbind\node_modules\nunjucks\src\environment.js:277:9)
    at eval (eval at _compile (C:\repos\markbind\markbind\node_modules\nunjucks\src\environment.js:631:18), <anonymous>:62:5)
    at C:\repos\markbind\markbind\node_modules\nunjucks\src\environment.js:613:9
2020-07-17T16:05:11.506Z - info: Pages rebuilt
2020-07-17T16:05:11.507Z - info: Website regeneration complete! Total build time: 0.173s
2020-07-17T16:05:11.516Z - info: Site data built
2020-07-17T16:05:13.986Z - info: [12:05:13 AM] Reload for file change: C:\repos\nus-cs2103-AY2021S1\cs2103-website\schedule\week7\tutorial-cs2113.mbdf
2020-07-17T16:05:14.993Z - info: Rebuilding 1 pages
2020-07-17T16:05:15.047Z - error:  Template render error: (unknown path)
  Error: Unable to call `step`, which is undefined or falsey
    at Object._prettifyError (C:\repos\markbind\markbind\node_modules\nunjucks\src\lib.js:36:11)
    at C:\repos\markbind\markbind\node_modules\nunjucks\src\environment.js:561:19
    at eval (eval at _compile (C:\repos\markbind\markbind\node_modules\nunjucks\src\environment.js:631:18), <anonymous>:105:12)
    at C:\repos\markbind\markbind\node_modules\nunjucks\src\environment.js:611:9
    at Template.root [as rootRenderFunc] (eval at _compile (C:\repos\markbind\markbind\node_modules\nunjucks\src\environment.js:631:18), <anonymous>:64:3)
    at Template.getExported (C:\repos\markbind\markbind\node_modules\nunjucks\src\environment.js:609:10)
    at eval (eval at _compile (C:\repos\markbind\markbind\node_modules\nunjucks\src\environment.js:631:18), <anonymous>:104:6)
    at Environment.getTemplate (C:\repos\markbind\markbind\node_modules\nunjucks\src\environment.js:277:9)
    at eval (eval at _compile (C:\repos\markbind\markbind\node_modules\nunjucks\src\environment.js:631:18), <anonymous>:102:5)
    at C:\repos\markbind\markbind\node_modules\nunjucks\src\environment.js:613:9
    at Template.root [as rootRenderFunc] (eval at _compile (C:\repos\markbind\markbind\node_modules\nunjucks\src\environment.js:631:18), <anonymous>:60:1)
    at Template.getExported (C:\repos\markbind\markbind\node_modules\nunjucks\src\environment.js:609:10)
    at eval (eval at _compile (C:\repos\markbind\markbind\node_modules\nunjucks\src\environment.js:631:18), <anonymous>:64:5)
    at Environment.getTemplate (C:\repos\markbind\markbind\node_modules\nunjucks\src\environment.js:277:9)
    at eval (eval at _compile (C:\repos\markbind\markbind\node_modules\nunjucks\src\environment.js:631:18), <anonymous>:62:5)
    at C:\repos\markbind\markbind\node_modules\nunjucks\src\environment.js:613:9
2020-07-17T16:05:15.081Z - info: Pages rebuilt
2020-07-17T16:05:15.081Z - info: Website regeneration complete! Total build time: 0.09s
2020-07-17T16:05:15.088Z - info: Site data built
2020-07-17T16:06:13.804Z - info: [12:06:13 AM] Reload for file change: C:\repos\nus-cs2103-AY2021S1\cs2103-website\admin\common-tutorial.mbdf
2020-07-17T16:06:14.831Z - info: Rebuilding 1 pages
2020-07-17T16:06:15.690Z - info: Pages rebuilt
2020-07-17T16:06:15.690Z - info: Website regeneration complete! Total build time: 0.862s
2020-07-17T16:06:15.693Z - info: Site data built
2020-07-17T16:07:37.474Z - info: [12:07:37 AM] Reload for file change: C:\repos\nus-cs2103-AY2021S1\cs2103-website\schedule\week7\tutorial-cs2113.mbdf
2020-07-17T16:07:38.492Z - info: Rebuilding 1 pages
2020-07-17T16:07:39.579Z - info: Pages rebuilt
2020-07-17T16:07:39.580Z - info: Website regeneration complete! Total build time: 1.093s
2020-07-17T16:07:39.583Z - info: Site data built
2020-07-17T16:11:40.694Z - info: [12:11:40 AM] Reload for file change: C:\repos\nus-cs2103-AY2021S1\cs2103-website\admin\common-tutorial.mbdf
2020-07-17T16:11:41.705Z - info: Rebuilding 1 pages
2020-07-17T16:11:42.569Z - info: Pages rebuilt
2020-07-17T16:11:42.570Z - info: Website regeneration complete! Total build time: 0.872s
2020-07-17T16:11:42.575Z - info: Site data built
2020-07-17T16:14:12.848Z - info: [12:14:12 AM] Reload for file change: C:\repos\nus-cs2103-AY2021S1\cs2103-website\admin\common-tutorial.mbdf
2020-07-17T16:14:13.864Z - info: Rebuilding 1 pages
2020-07-17T16:14:14.596Z - info: Pages rebuilt
2020-07-17T16:14:14.597Z - info: Website regeneration complete! Total build time: 0.735s
2020-07-17T16:14:14.602Z - info: Site data built
2020-07-17T16:15:05.280Z - info: Building C:\repos\nus-cs2103-AY2021S1\cs2103-website\schedule\week8\index as some of its dependencies were changed since the last visit
2020-07-17T16:15:05.629Z - error:  TypeError: Cannot read property '0' of null
Error while preprocessing 'C:\repos\nus-cs2103-AY2021S1\cs2103-website\schedule\week8\index.md'
    at getName (C:\repos\markbind\markbind\node_modules\css-what\index.js:97:36)
    at parseSelector (C:\repos\markbind\markbind\node_modules\css-what\index.js:152:13)
    at parse (C:\repos\markbind\markbind\node_modules\css-what\index.js:82:13)
    at compileUnsafe (C:\repos\markbind\markbind\node_modules\css-select\lib\compile.js:31:14)
    at select (C:\repos\markbind\markbind\node_modules\css-select\index.js:18:49)
    at CSSselect (C:\repos\markbind\markbind\node_modules\css-select\index.js:41:9)
    at initialize.exports.find (C:\repos\markbind\markbind\node_modules\cheerio\lib\api\traversing.js:40:21)
    at initialize.module.exports (C:\repos\markbind\markbind\node_modules\cheerio\lib\cheerio.js:86:18)
    at new initialize (C:\repos\markbind\markbind\node_modules\cheerio\lib\static.js:29:20)
    at initialize (C:\repos\markbind\markbind\node_modules\cheerio\lib\static.js:26:14)
    at _preprocessInclude (C:\repos\markbind\markbind\packages\core\src\preprocessors\componentPreprocessor.js:255:25)
    at preProcessComponent (C:\repos\markbind\markbind\packages\core\src\preprocessors\componentPreprocessor.js:349:12)
    at C:\repos\markbind\markbind\packages\core\src\preprocessors\componentPreprocessor.js:356:52
    at Array.map (<anonymous>)
    at preProcessComponent (C:\repos\markbind\markbind\packages\core\src\preprocessors\componentPreprocessor.js:356:43)
    at C:\repos\markbind\markbind\packages\core\src\preprocessors\componentPreprocessor.js:356:52
2020-07-17T16:15:05.749Z - info: Site data built
2020-07-17T16:15:05.751Z - info: Lazy website regeneration complete! Total build time: 0.472s
2020-07-17T16:17:22.326Z - info: [12:17:22 AM] Reload for file change: C:\repos\nus-cs2103-AY2021S1\cs2103-website\schedule\programming-topics.mbdf
2020-07-17T16:17:22.332Z - info: [12:17:22 AM] Reload for file change: C:\repos\nus-cs2103-AY2021S1\cs2103-website\schedule\week8\tutorial-cs2113.mbdf
2020-07-17T16:17:22.375Z - info: [12:17:22 AM] Reload for file change: C:\repos\nus-cs2103-AY2021S1\cs2103-website\admin\tp-tasks.mbdf
2020-07-17T16:17:22.377Z - info: [12:17:22 AM] Reload for file change: C:\repos\nus-cs2103-AY2021S1\cs2103-website\schedule\week12\tutorial-cs2113.mbdf
2020-07-17T16:17:22.408Z - info: [12:17:22 AM] Reload for file change: C:\repos\nus-cs2103-AY2021S1\cs2103-website\schedule\week8\notices-cs2113.mbdf
2020-07-17T16:17:22.409Z - info: [12:17:22 AM] Reload for file change: C:\repos\nus-cs2103-AY2021S1\cs2103-website\schedule\week10\tutorial-cs2113.mbdf
2020-07-17T16:17:22.429Z - info: [12:17:22 AM] Reload for file change: C:\repos\nus-cs2103-AY2021S1\cs2103-website\schedule\week11\tutorial-cs2113.mbdf
2020-07-17T16:17:23.342Z - info: Rebuilding 1 pages
2020-07-17T16:17:24.574Z - info: Pages rebuilt
2020-07-17T16:17:24.574Z - info: Website regeneration complete! Total build time: 1.243s
2020-07-17T16:17:24.596Z - info: Site data built
2020-07-17T16:17:36.718Z - info: Building C:\repos\nus-cs2103-AY2021S1\cs2103-website\schedule\week8\project as some of its dependencies were changed since the last visit
2020-07-17T16:17:38.153Z - info: Site data built
2020-07-17T16:17:38.154Z - info: Lazy website regeneration complete! Total build time: 1.437s
2020-07-17T16:21:12.064Z - info: [12:21:12 AM] Reload for file change: C:\repos\nus-cs2103-AY2021S1\cs2103-website\admin\common-tutorial.mbdf
2020-07-17T16:21:13.076Z - info: No pages needed to be rebuilt
2020-07-17T16:21:24.625Z - info: Building C:\repos\nus-cs2103-AY2021S1\cs2103-website\schedule\week7\tutorial as some of its dependencies were changed since the last visit
2020-07-17T16:21:25.019Z - error:  Error: No such file: C:\repos\nus-cs2103-AY2021S1\cs2103-website\book\pull\text.md
Missing reference in C:\repos\nus-cs2103-AY2021S1\cs2103-website\admin\common-tutorial.mbdf
    at _getFileExistsNode (C:\repos\markbind\markbind\packages\core\src\preprocessors\componentPreprocessor.js:60:19)
    at _preprocessInclude (C:\repos\markbind\markbind\packages\core\src\preprocessors\componentPreprocessor.js:217:26)
    at preProcessComponent (C:\repos\markbind\markbind\packages\core\src\preprocessors\componentPreprocessor.js:349:12)
    at C:\repos\markbind\markbind\packages\core\src\preprocessors\componentPreprocessor.js:124:46
    at Array.map (<anonymous>)
    at _preProcessPanel (C:\repos\markbind\markbind\packages\core\src\preprocessors\componentPreprocessor.js:124:37)
    at preProcessComponent (C:\repos\markbind\markbind\packages\core\src\preprocessors\componentPreprocessor.js:343:12)
    at C:\repos\markbind\markbind\packages\core\src\preprocessors\componentPreprocessor.js:356:52
    at Array.map (<anonymous>)
    at preProcessComponent (C:\repos\markbind\markbind\packages\core\src\preprocessors\componentPreprocessor.js:356:43)
    at C:\repos\markbind\markbind\packages\core\src\preprocessors\componentPreprocessor.js:356:52
    at Array.map (<anonymous>)
    at preProcessComponent (C:\repos\markbind\markbind\packages\core\src\preprocessors\componentPreprocessor.js:356:43)
    at C:\repos\markbind\markbind\packages\core\src\preprocessors\componentPreprocessor.js:356:52
    at Array.map (<anonymous>)
    at preProcessComponent (C:\repos\markbind\markbind\packages\core\src\preprocessors\componentPreprocessor.js:356:43)
2020-07-17T16:21:25.444Z - info: Site data built
2020-07-17T16:21:25.444Z - info: Lazy website regeneration complete! Total build time: 0.819s
2020-07-17T16:21:49.616Z - info: [12:21:49 AM] Reload for file change: C:\repos\nus-cs2103-AY2021S1\cs2103-website\admin\common-tutorial.mbdf
2020-07-17T16:21:50.655Z - info: Rebuilding 1 pages
2020-07-17T16:21:51.263Z - info: Pages rebuilt
2020-07-17T16:21:51.263Z - info: Website regeneration complete! Total build time: 0.618s
2020-07-17T16:21:51.266Z - info: Site data built
2020-07-17T16:22:50.477Z - info: [12:22:50 AM] Reload for file change: C:\repos\nus-cs2103-AY2021S1\cs2103-website\admin\common-tutorial.mbdf
2020-07-17T16:22:51.481Z - info: Rebuilding 1 pages
2020-07-17T16:22:51.979Z - info: Pages rebuilt
2020-07-17T16:22:51.980Z - info: Website regeneration complete! Total build time: 0.501s
2020-07-17T16:22:51.983Z - info: Site data built
2020-07-17T16:26:03.158Z - info: [12:26:03 AM] Reload for file change: C:\repos\nus-cs2103-AY2021S1\cs2103-website\admin\common-tutorial.mbdf
2020-07-17T16:26:04.170Z - info: Rebuilding 1 pages
2020-07-17T16:26:04.820Z - info: Pages rebuilt
2020-07-17T16:26:04.820Z - info: Website regeneration complete! Total build time: 0.652s
2020-07-17T16:26:04.824Z - info: Site data built
2020-07-17T16:26:30.561Z - info: [12:26:30 AM] Reload for file change: C:\repos\nus-cs2103-AY2021S1\cs2103-website\admin\common-tutorial.mbdf
2020-07-17T16:26:31.564Z - info: Rebuilding 1 pages
2020-07-17T16:26:32.180Z - info: Pages rebuilt
2020-07-17T16:26:32.180Z - info: Website regeneration complete! Total build time: 0.618s
2020-07-17T16:26:32.183Z - info: Site data built
2020-07-17T16:26:44.338Z - info: [12:26:44 AM] Reload for file change: C:\repos\nus-cs2103-AY2021S1\cs2103-website\admin\common-tutorial.mbdf
2020-07-17T16:26:45.342Z - info: Rebuilding 1 pages
2020-07-17T16:26:45.825Z - info: Pages rebuilt
2020-07-17T16:26:45.825Z - info: Website regeneration complete! Total build time: 0.484s
2020-07-17T16:26:45.829Z - info: Site data built
2020-07-17T16:26:56.275Z - info: [12:26:56 AM] Reload for file change: C:\repos\nus-cs2103-AY2021S1\cs2103-website\admin\common-tutorial.mbdf
2020-07-17T16:26:57.287Z - info: Rebuilding 1 pages
2020-07-17T16:26:57.779Z - info: Pages rebuilt
2020-07-17T16:26:57.780Z - info: Website regeneration complete! Total build time: 0.493s
2020-07-17T16:26:57.783Z - info: Site data built
2020-07-17T16:27:31.468Z - info: [12:27:31 AM] Reload for file change: C:\repos\nus-cs2103-AY2021S1\cs2103-website\admin\common-tutorial.mbdf
2020-07-17T16:27:32.479Z - info: Rebuilding 1 pages
2020-07-17T16:27:33.013Z - info: Pages rebuilt
2020-07-17T16:27:33.013Z - info: Website regeneration complete! Total build time: 0.536s
2020-07-17T16:27:33.016Z - info: Site data built
2020-07-17T16:28:43.695Z - info: [12:28:43 AM] Reload for file change: C:\repos\nus-cs2103-AY2021S1\cs2103-website\admin\common-tutorial.mbdf
2020-07-17T16:28:44.709Z - info: Rebuilding 1 pages
2020-07-17T16:28:45.481Z - info: Pages rebuilt
2020-07-17T16:28:45.481Z - info: Website regeneration complete! Total build time: 0.777s
2020-07-17T16:28:45.485Z - info: Site data built
2020-07-17T16:29:02.644Z - info: [12:29:02 AM] Reload for file change: C:\repos\nus-cs2103-AY2021S1\cs2103-website\admin\common-tutorial.mbdf
2020-07-17T16:29:03.658Z - info: Rebuilding 1 pages
2020-07-17T16:29:04.270Z - info: Pages rebuilt
2020-07-17T16:29:04.270Z - info: Website regeneration complete! Total build time: 0.616s
2020-07-17T16:29:04.273Z - info: Site data built
2020-07-17T16:33:29.585Z - info: [12:33:29 AM] Reload for file change: C:\repos\nus-cs2103-AY2021S1\cs2103-website\admin\common-tutorial.mbdf
2020-07-17T16:33:30.595Z - info: Rebuilding 1 pages
2020-07-17T16:33:31.185Z - info: Pages rebuilt
2020-07-17T16:33:31.185Z - info: Website regeneration complete! Total build time: 0.593s
2020-07-17T16:33:31.188Z - info: Site data built
2020-07-17T16:35:08.754Z - info: [12:35:08 AM] Reload for file change: C:\repos\nus-cs2103-AY2021S1\cs2103-website\admin\common-tutorial.mbdf
2020-07-17T16:35:09.772Z - info: Rebuilding 1 pages
2020-07-17T16:35:10.503Z - info: Pages rebuilt
2020-07-17T16:35:10.504Z - info: Website regeneration complete! Total build time: 0.734s
2020-07-17T16:35:10.506Z - info: Site data built
2020-07-17T16:35:22.208Z - info: [12:35:22 AM] Reload for file change: C:\repos\nus-cs2103-AY2021S1\cs2103-website\admin\common-tutorial.mbdf
2020-07-17T16:35:23.215Z - info: Rebuilding 1 pages
2020-07-17T16:35:23.903Z - info: Pages rebuilt
2020-07-17T16:35:23.903Z - info: Website regeneration complete! Total build time: 0.689s
2020-07-17T16:35:23.906Z - info: Site data built
2020-07-17T16:35:28.328Z - info: [12:35:28 AM] Reload for file change: C:\repos\nus-cs2103-AY2021S1\cs2103-website\admin\common-tutorial.mbdf
2020-07-17T16:35:29.352Z - info: Rebuilding 1 pages
2020-07-17T16:35:29.985Z - info: Pages rebuilt
2020-07-17T16:35:29.985Z - info: Website regeneration complete! Total build time: 0.638s
2020-07-17T16:35:30.023Z - info: Site data built
2020-07-17T16:36:46.927Z - info: [12:36:46 AM] Reload for file change: C:\repos\nus-cs2103-AY2021S1\cs2103-website\admin\common-tutorial.mbdf
2020-07-17T16:36:47.930Z - info: Rebuilding 1 pages
2020-07-17T16:36:48.478Z - info: Pages rebuilt
2020-07-17T16:36:48.478Z - info: Website regeneration complete! Total build time: 0.55s
2020-07-17T16:36:48.481Z - info: Site data built
2020-07-17T16:38:56.695Z - info: [12:38:56 AM] Reload for file change: C:\repos\nus-cs2103-AY2021S1\cs2103-website\admin\common-tutorial.mbdf
2020-07-17T16:38:57.728Z - info: No pages needed to be rebuilt
2020-07-17T16:39:04.004Z - info: Building C:\repos\nus-cs2103-AY2021S1\cs2103-website\schedule\week7\tutorial as some of its dependencies were changed since the last visit
2020-07-17T16:39:04.944Z - info: Site data built
2020-07-17T16:39:04.944Z - info: Lazy website regeneration complete! Total build time: 0.94s
2020-07-17T16:41:02.989Z - info: [12:41:02 AM] Reload for file change: C:\repos\nus-cs2103-AY2021S1\cs2103-website\schedule\week8\notices-cs2113.mbdf
2020-07-17T16:41:03.998Z - info: Rebuilding 1 pages
2020-07-17T16:41:04.837Z - info: Pages rebuilt
2020-07-17T16:41:04.837Z - info: Website regeneration complete! Total build time: 0.841s
2020-07-17T16:41:04.840Z - info: Site data built
2020-07-17T16:41:14.986Z - info: Building C:\repos\nus-cs2103-AY2021S1\cs2103-website\schedule\week8\admin as some of its dependencies were changed since the last visit
2020-07-17T16:41:15.365Z - info: Site data built
2020-07-17T16:41:15.367Z - info: Lazy website regeneration complete! Total build time: 0.38s
2020-07-17T16:41:35.370Z - info: Building C:\repos\nus-cs2103-AY2021S1\cs2103-website\schedule\week8\topics as some of its dependencies were changed since the last visit
2020-07-17T16:41:41.083Z - info: Site data built
2020-07-17T16:41:41.086Z - info: Lazy website regeneration complete! Total build time: 5.717s
2020-07-17T16:41:41.479Z - debug:  
2020-07-17T16:41:41.480Z - debug:  
2020-07-17T16:47:45.595Z - info: Building C:\repos\nus-cs2103-AY2021S1\cs2103-website\schedule\week8\tutorial as some of its dependencies were changed since the last visit
2020-07-17T16:47:46.255Z - info: Site data built
2020-07-17T16:47:46.256Z - info: Lazy website regeneration complete! Total build time: 0.663s
2020-07-17T16:56:38.253Z - info: [12:56:38 AM] Reload for file change: C:\repos\nus-cs2103-AY2021S1\cs2103-website\schedule\week8\commentary-cs2113.mbdf
2020-07-17T16:56:39.257Z - info: Rebuilding 1 pages
2020-07-17T16:56:45.743Z - info: Pages rebuilt
2020-07-17T16:56:45.757Z - info: Website regeneration complete! Total build time: 6.501s
2020-07-17T16:56:45.859Z - info: Site data built
2020-07-17T16:56:47.440Z - debug:  
2020-07-17T16:56:47.444Z - debug:  
2020-07-17T16:58:05.881Z - info: [12:58:05 AM] Reload for file change: C:\repos\nus-cs2103-AY2021S1\cs2103-website\schedule\week8\commentary-cs2113.mbdf
2020-07-17T16:58:05.910Z - info: [12:58:05 AM] Reload for file change: C:\repos\nus-cs2103-AY2021S1\cs2103-website\admin\common-commentary.mbdf
2020-07-17T16:58:06.886Z - info: Rebuilding 1 pages
2020-07-17T16:58:07.151Z - error:  Template render error: (unknown path) [Line 5, Column 4]
  unknown block tag: endcall
Error while preprocessing 'C:\repos\nus-cs2103-AY2021S1\cs2103-website\schedule\week8\topics.md'
    at Object._prettifyError (C:\repos\markbind\markbind\node_modules\nunjucks\src\lib.js:36:11)
    at Template.render (C:\repos\markbind\markbind\node_modules\nunjucks\src\environment.js:536:21)
    at Environment.renderString (C:\repos\markbind\markbind\node_modules\nunjucks\src\environment.js:378:17)
    at Object.renderRaw (C:\repos\markbind\markbind\packages\core\src\utils\nunjuckUtils.js:8:25)
    at VariablePreprocessor.renderSiteVariables (C:\repos\markbind\markbind\packages\core\src\preprocessors\VariablePreprocessor.js:132:19)
    at VariablePreprocessor.renderIncludeFile (C:\repos\markbind\markbind\packages\core\src\preprocessors\VariablePreprocessor.js:371:34)
    at _preprocessInclude (C:\repos\markbind\markbind\packages\core\src\preprocessors\componentPreprocessor.js:242:28)
    at preProcessComponent (C:\repos\markbind\markbind\packages\core\src\preprocessors\componentPreprocessor.js:349:12)
    at C:\repos\markbind\markbind\packages\core\src\preprocessors\componentPreprocessor.js:356:52
    at Array.map (<anonymous>)
    at Object.preProcessComponent (C:\repos\markbind\markbind\packages\core\src\preprocessors\componentPreprocessor.js:356:43)
    at C:\repos\markbind\markbind\packages\core\src\Parser.js:187:47
    at Array.map (<anonymous>)
    at DomHandler._callback (C:\repos\markbind\markbind\packages\core\src\Parser.js:184:27)
    at DomHandler._handleCallback.DomHandler.onerror (C:\repos\markbind\markbind\node_modules\domhandler\index.js:52:8)
    at DomHandler.onend (C:\repos\markbind\markbind\node_modules\domhandler\index.js:46:7)
2020-07-17T16:58:08.025Z - info: Pages rebuilt
2020-07-17T16:58:08.025Z - info: Website regeneration complete! Total build time: 1.14s
2020-07-17T16:58:08.085Z - info: Site data built
2020-07-17T16:58:10.706Z - info: [12:58:10 AM] Reload for file change: C:\repos\nus-cs2103-AY2021S1\cs2103-website\schedule\week8\commentary-cs2113.mbdf
2020-07-17T16:58:11.710Z - info: Rebuilding 1 pages
2020-07-17T16:58:16.988Z - info: Pages rebuilt
2020-07-17T16:58:16.989Z - info: Website regeneration complete! Total build time: 5.281s
2020-07-17T16:58:17.012Z - info: Site data built
2020-07-17T16:58:17.409Z - debug:  
2020-07-17T16:58:17.448Z - debug:  
2020-07-17T16:59:37.539Z - info: [12:59:37 AM] Reload for file change: C:\repos\nus-cs2103-AY2021S1\cs2103-website\schedule\week8\commentary-cs2113.mbdf
2020-07-17T16:59:37.553Z - info: [12:59:37 AM] Reload for file change: C:\repos\nus-cs2103-AY2021S1\cs2103-website\admin\common-commentary.mbdf
2020-07-17T16:59:38.553Z - info: Rebuilding 1 pages
2020-07-17T16:59:44.798Z - info: Pages rebuilt
2020-07-17T16:59:44.799Z - info: Website regeneration complete! Total build time: 6.253s
2020-07-17T16:59:44.805Z - debug:  
2020-07-17T16:59:44.806Z - debug:  
2020-07-17T16:59:44.822Z - info: Site data built
2020-07-17T17:01:08.876Z - info: [1:01:08 AM] Reload for file change: C:\repos\nus-cs2103-AY2021S1\cs2103-website\schedule\week8\commentary-cs2113.mbdf
2020-07-17T17:01:08.899Z - info: [1:01:08 AM] Reload for file change: C:\repos\nus-cs2103-AY2021S1\cs2103-website\admin\common-commentary.mbdf
2020-07-17T17:01:09.884Z - info: Rebuilding 1 pages
2020-07-17T17:01:10.343Z - error:  Error: No such segment 'cpptojava-junit-basic' in file: C:\repos\nus-cs2103-AY2021S1\cs2103-website\admin\common-commentary.mbdf
Missing reference in C:\repos\nus-cs2103-AY2021S1\cs2103-website\schedule\week8\commentary-box.md
    at _preprocessInclude (C:\repos\markbind\markbind\packages\core\src\preprocessors\componentPreprocessor.js:264:21)
    at preProcessComponent (C:\repos\markbind\markbind\packages\core\src\preprocessors\componentPreprocessor.js:349:12)
    at C:\repos\markbind\markbind\packages\core\src\preprocessors\componentPreprocessor.js:356:52
    at Array.map (<anonymous>)
    at preProcessComponent (C:\repos\markbind\markbind\packages\core\src\preprocessors\componentPreprocessor.js:356:43)
    at C:\repos\markbind\markbind\packages\core\src\preprocessors\componentPreprocessor.js:356:52
    at Array.map (<anonymous>)
    at preProcessComponent (C:\repos\markbind\markbind\packages\core\src\preprocessors\componentPreprocessor.js:356:43)
    at C:\repos\markbind\markbind\packages\core\src\preprocessors\componentPreprocessor.js:356:52
    at Array.map (<anonymous>)
    at preProcessComponent (C:\repos\markbind\markbind\packages\core\src\preprocessors\componentPreprocessor.js:356:43)
    at C:\repos\markbind\markbind\packages\core\src\preprocessors\componentPreprocessor.js:298:50
    at Array.map (<anonymous>)
    at _preprocessInclude (C:\repos\markbind\markbind\packages\core\src\preprocessors\componentPreprocessor.js:298:41)
    at preProcessComponent (C:\repos\markbind\markbind\packages\core\src\preprocessors\componentPreprocessor.js:349:12)
    at C:\repos\markbind\markbind\packages\core\src\preprocessors\componentPreprocessor.js:356:52
2020-07-17T17:01:16.189Z - info: Pages rebuilt
2020-07-17T17:01:16.189Z - info: Website regeneration complete! Total build time: 6.306s
2020-07-17T17:01:16.206Z - debug:  
2020-07-17T17:01:16.206Z - debug:  
2020-07-17T17:01:16.217Z - info: Site data built
2020-07-17T17:01:52.369Z - info: [1:01:52 AM] Reload for file change: C:\repos\nus-cs2103-AY2021S1\cs2103-website\admin\common-commentary.mbdf
2020-07-17T17:01:53.374Z - info: Rebuilding 1 pages
2020-07-17T17:02:00.173Z - info: Pages rebuilt
2020-07-17T17:02:00.173Z - info: Website regeneration complete! Total build time: 6.8s
2020-07-17T17:02:00.184Z - debug:  
2020-07-17T17:02:00.184Z - debug:  
2020-07-17T17:02:00.197Z - info: Site data built
2020-07-17T17:04:24.463Z - info: [1:04:24 AM] Reload for file change: C:\repos\nus-cs2103-AY2021S1\cs2103-website\schedule\week8\commentary-cs2113.mbdf
2020-07-17T17:04:24.471Z - info: [1:04:24 AM] Reload for file change: C:\repos\nus-cs2103-AY2021S1\cs2103-website\admin\common-commentary.mbdf
2020-07-17T17:04:25.470Z - info: Rebuilding 1 pages
2020-07-17T17:04:32.365Z - info: Pages rebuilt
2020-07-17T17:04:32.365Z - info: Website regeneration complete! Total build time: 6.896s
2020-07-17T17:04:32.374Z - debug:  
2020-07-17T17:04:32.375Z - debug:  
2020-07-17T17:04:32.391Z - info: Site data built
2020-07-17T17:06:08.223Z - info: [1:06:08 AM] Reload for file change: C:\repos\nus-cs2103-AY2021S1\cs2103-website\schedule\week8\commentary-cs2113.mbdf
2020-07-17T17:06:08.233Z - info: [1:06:08 AM] Reload for file change: C:\repos\nus-cs2103-AY2021S1\cs2103-website\admin\common-commentary.mbdf
2020-07-17T17:06:09.231Z - info: Rebuilding 1 pages
2020-07-17T17:06:15.592Z - info: Pages rebuilt
2020-07-17T17:06:15.592Z - info: Website regeneration complete! Total build time: 6.362s
2020-07-17T17:06:15.602Z - debug:  
2020-07-17T17:06:15.603Z - debug:  
2020-07-17T17:06:15.615Z - info: Site data built
2020-07-17T17:07:32.249Z - info: [1:07:32 AM] Reload for file change: C:\repos\nus-cs2103-AY2021S1\cs2103-website\schedule\week8\commentary-cs2113.mbdf
2020-07-17T17:07:32.255Z - info: [1:07:32 AM] Reload for file change: C:\repos\nus-cs2103-AY2021S1\cs2103-website\admin\common-commentary.mbdf
2020-07-17T17:07:33.252Z - info: Rebuilding 1 pages
2020-07-17T17:07:39.503Z - info: Pages rebuilt
2020-07-17T17:07:39.503Z - info: Website regeneration complete! Total build time: 6.252s
2020-07-17T17:07:39.511Z - debug:  
2020-07-17T17:07:39.511Z - debug:  
2020-07-17T17:07:39.528Z - info: Site data built
2020-07-17T17:09:11.489Z - info: [1:09:11 AM] Reload for file change: C:\repos\nus-cs2103-AY2021S1\cs2103-website\schedule\week8\commentary-cs2113.mbdf
2020-07-17T17:09:11.517Z - info: [1:09:11 AM] Reload for file change: C:\repos\nus-cs2103-AY2021S1\cs2103-website\admin\common-commentary.mbdf
2020-07-17T17:09:12.498Z - info: Rebuilding 1 pages
2020-07-17T17:09:18.756Z - info: Pages rebuilt
2020-07-17T17:09:18.756Z - info: Website regeneration complete! Total build time: 6.259s
2020-07-17T17:09:18.763Z - debug:  
2020-07-17T17:09:18.764Z - debug:  
2020-07-17T17:09:18.775Z - info: Site data built
2020-07-17T17:11:27.963Z - info: [1:11:27 AM] Reload for file change: C:\repos\nus-cs2103-AY2021S1\cs2103-website\schedule\week8\commentary-cs2113.mbdf
2020-07-17T17:11:27.975Z - info: [1:11:27 AM] Reload for file change: C:\repos\nus-cs2103-AY2021S1\cs2103-website\admin\common-commentary.mbdf
2020-07-17T17:11:28.970Z - info: Rebuilding 1 pages
2020-07-17T17:11:35.318Z - info: Pages rebuilt
2020-07-17T17:11:35.318Z - info: Website regeneration complete! Total build time: 6.35s
2020-07-17T17:11:35.326Z - debug:  
2020-07-17T17:11:35.326Z - debug:  
2020-07-17T17:11:35.340Z - info: Site data built
2020-07-17T17:13:21.483Z - info: [1:13:21 AM] Reload for file change: C:\repos\nus-cs2103-AY2021S1\cs2103-website\schedule\week8\commentary-cs2113.mbdf
2020-07-17T17:13:21.492Z - info: [1:13:21 AM] Reload for file change: C:\repos\nus-cs2103-AY2021S1\cs2103-website\admin\common-commentary.mbdf
2020-07-17T17:13:22.494Z - info: Rebuilding 1 pages
2020-07-17T17:13:28.844Z - info: Pages rebuilt
2020-07-17T17:13:28.844Z - info: Website regeneration complete! Total build time: 6.352s
2020-07-17T17:13:28.853Z - debug:  
2020-07-17T17:13:28.853Z - debug:  
2020-07-17T17:13:28.872Z - info: Site data built
2020-07-17T17:15:00.448Z - info: [1:15:00 AM] Reload for file change: C:\repos\nus-cs2103-AY2021S1\cs2103-website\schedule\week8\commentary-cs2113.mbdf
2020-07-17T17:15:00.478Z - info: [1:15:00 AM] Reload for file change: C:\repos\nus-cs2103-AY2021S1\cs2103-website\admin\common-commentary.mbdf
2020-07-17T17:15:01.454Z - info: Rebuilding 1 pages
2020-07-17T17:15:07.832Z - info: Pages rebuilt
2020-07-17T17:15:07.833Z - info: Website regeneration complete! Total build time: 6.381s
2020-07-17T17:15:07.841Z - debug:  
2020-07-17T17:15:07.841Z - debug:  
2020-07-17T17:15:07.860Z - info: Site data built
2020-07-17T17:15:08.229Z - info: [1:15:08 AM] Reload for file change: C:\repos\nus-cs2103-AY2021S1\cs2103-website\schedule\week8\commentary-cs2113.mbdf
2020-07-17T17:15:09.231Z - info: Rebuilding 1 pages
2020-07-17T17:15:14.447Z - info: Pages rebuilt
2020-07-17T17:15:14.448Z - info: Website regeneration complete! Total build time: 5.218s
2020-07-17T17:15:14.479Z - info: Site data built
2020-07-17T17:15:15.418Z - debug:  
2020-07-17T17:15:15.477Z - debug:  
2020-07-17T17:33:54.083Z - info: [1:33:54 AM] Reload for file change: C:\repos\nus-cs2103-AY2021S1\cs2103-website\_module-CS2113\weeklyIpTasks.mbdf
2020-07-17T17:33:55.096Z - info: No pages needed to be rebuilt
2020-07-17T17:34:43.218Z - info: [1:34:43 AM] Reload for file change: C:\repos\nus-cs2103-AY2021S1\cs2103-website\admin\ip-tasks.mbdf
2020-07-17T17:34:44.228Z - info: Rebuilding 1 pages
2020-07-17T17:34:46.146Z - info: Pages rebuilt
2020-07-17T17:34:46.146Z - info: Website regeneration complete! Total build time: 1.921s
2020-07-17T17:34:46.167Z - info: Site data built
2020-07-17T17:35:34.398Z - info: Building C:\repos\nus-cs2103-AY2021S1\cs2103-website\schedule\week4\index as some of its dependencies were changed since the last visit
2020-07-17T17:35:35.926Z - info: Site data built
2020-07-17T17:35:35.927Z - info: Lazy website regeneration complete! Total build time: 1.53s
2020-07-17T17:35:42.261Z - info: Building C:\repos\nus-cs2103-AY2021S1\cs2103-website\schedule\week5\index as some of its dependencies were changed since the last visit
2020-07-17T17:35:42.993Z - info: Site data built
2020-07-17T17:35:42.993Z - info: Lazy website regeneration complete! Total build time: 0.732s
2020-07-17T17:35:48.030Z - info: Building C:\repos\nus-cs2103-AY2021S1\cs2103-website\schedule\week5\project as some of its dependencies were changed since the last visit
2020-07-17T17:35:49.210Z - info: Site data built
2020-07-17T17:35:49.210Z - info: Lazy website regeneration complete! Total build time: 1.181s
2020-07-17T17:35:56.363Z - info: Building C:\repos\nus-cs2103-AY2021S1\cs2103-website\schedule\week5\tutorial as some of its dependencies were changed since the last visit
2020-07-17T17:35:56.626Z - info: Site data built
2020-07-17T17:35:56.627Z - info: Lazy website regeneration complete! Total build time: 0.264s
2020-07-17T17:36:16.276Z - info: Building C:\repos\nus-cs2103-AY2021S1\cs2103-website\schedule\week4\project as some of its dependencies were changed since the last visit
2020-07-17T17:36:18.354Z - info: Site data built
2020-07-17T17:36:18.354Z - info: Lazy website regeneration complete! Total build time: 2.079s
2020-07-17T17:38:12.314Z - info: [1:38:12 AM] Reload for file change: C:\repos\nus-cs2103-AY2021S1\cs2103-website\admin\ip-tasks.mbdf
2020-07-17T17:38:13.333Z - info: Rebuilding 1 pages
2020-07-17T17:38:15.424Z - info: Pages rebuilt
2020-07-17T17:38:15.425Z - info: Website regeneration complete! Total build time: 2.099s
2020-07-17T17:38:15.438Z - info: Site data built
2020-07-17T17:38:44.148Z - info: [1:38:44 AM] Reload for file change: C:\repos\nus-cs2103-AY2021S1\cs2103-website\admin\ip-tasks.mbdf
2020-07-17T17:38:45.164Z - info: Rebuilding 1 pages
2020-07-17T17:38:47.381Z - info: Pages rebuilt
2020-07-17T17:38:47.381Z - info: Website regeneration complete! Total build time: 2.22s
2020-07-17T17:38:47.389Z - info: Site data built
2020-07-17T17:38:57.578Z - info: [1:38:57 AM] Reload for file change: C:\repos\nus-cs2103-AY2021S1\cs2103-website\admin\ip-tasks.mbdf
2020-07-17T17:38:58.591Z - info: Rebuilding 1 pages
2020-07-17T17:39:00.375Z - info: Pages rebuilt
2020-07-17T17:39:00.375Z - info: Website regeneration complete! Total build time: 1.79s
2020-07-17T17:39:00.379Z - info: Site data built
2020-07-17T17:39:26.290Z - info: [1:39:26 AM] Reload for file change: C:\repos\nus-cs2103-AY2021S1\cs2103-website\admin\ip-tasks.mbdf
2020-07-17T17:39:27.299Z - info: Rebuilding 1 pages
2020-07-17T17:39:29.395Z - info: Pages rebuilt
2020-07-17T17:39:29.396Z - info: Website regeneration complete! Total build time: 2.102s
2020-07-17T17:39:29.399Z - info: Site data built
2020-07-17T17:39:30.412Z - info: Building C:\repos\nus-cs2103-AY2021S1\cs2103-website\schedule\week8\project as some of its dependencies were changed since the last visit
2020-07-17T17:39:31.685Z - info: Site data built
2020-07-17T17:39:31.685Z - info: Lazy website regeneration complete! Total build time: 1.274s
2020-07-17T17:43:13.522Z - info: [1:43:13 AM] Reload for file change: C:\repos\nus-cs2103-AY2021S1\cs2103-website\admin\common-tutorial.mbdf
2020-07-17T17:43:14.535Z - info: No pages needed to be rebuilt
2020-07-17T17:43:43.025Z - info: [1:43:43 AM] Reload for file change: C:\repos\nus-cs2103-AY2021S1\cs2103-website\schedule\week8\tutorial-cs2113.mbdf
2020-07-17T17:43:44.028Z - info: Rebuilding 1 pages
2020-07-17T17:43:44.462Z - info: Pages rebuilt
2020-07-17T17:43:44.462Z - info: Website regeneration complete! Total build time: 0.436s
2020-07-17T17:43:44.467Z - info: Site data built
2020-07-17T17:45:42.297Z - info: [1:45:42 AM] Reload for file change: C:\repos\nus-cs2103-AY2021S1\cs2103-website\admin\common-tutorial.mbdf
2020-07-17T17:45:42.318Z - info: [1:45:42 AM] Reload for file change: C:\repos\nus-cs2103-AY2021S1\cs2103-website\schedule\week8\tutorial-cs2113.mbdf
2020-07-17T17:45:43.305Z - info: Rebuilding 1 pages
2020-07-17T17:45:43.473Z - error:  Error: No such file: C:\repos\nus-cs2103-AY2021S1\book\modeling\modelingStructures\classDiagramsBasic\q-essay-explainClassDiagram.md
Missing reference in C:\repos\nus-cs2103-AY2021S1\cs2103-website\admin\common-tutorial.mbdf
    at _getFileExistsNode (C:\repos\markbind\markbind\packages\core\src\preprocessors\componentPreprocessor.js:60:19)
    at _preprocessInclude (C:\repos\markbind\markbind\packages\core\src\preprocessors\componentPreprocessor.js:217:26)
    at preProcessComponent (C:\repos\markbind\markbind\packages\core\src\preprocessors\componentPreprocessor.js:349:12)
    at C:\repos\markbind\markbind\packages\core\src\preprocessors\componentPreprocessor.js:356:52
    at Array.map (<anonymous>)
    at preProcessComponent (C:\repos\markbind\markbind\packages\core\src\preprocessors\componentPreprocessor.js:356:43)
    at C:\repos\markbind\markbind\packages\core\src\preprocessors\componentPreprocessor.js:356:52
    at Array.map (<anonymous>)
    at preProcessComponent (C:\repos\markbind\markbind\packages\core\src\preprocessors\componentPreprocessor.js:356:43)
    at C:\repos\markbind\markbind\packages\core\src\preprocessors\componentPreprocessor.js:298:50
    at Array.map (<anonymous>)
    at _preprocessInclude (C:\repos\markbind\markbind\packages\core\src\preprocessors\componentPreprocessor.js:298:41)
    at preProcessComponent (C:\repos\markbind\markbind\packages\core\src\preprocessors\componentPreprocessor.js:349:12)
    at C:\repos\markbind\markbind\packages\core\src\preprocessors\componentPreprocessor.js:356:52
    at Array.map (<anonymous>)
    at preProcessComponent (C:\repos\markbind\markbind\packages\core\src\preprocessors\componentPreprocessor.js:356:43)
2020-07-17T17:45:44.158Z - info: Pages rebuilt
2020-07-17T17:45:44.159Z - info: Website regeneration complete! Total build time: 0.859s
2020-07-17T17:45:44.173Z - info: Site data built
2020-07-17T17:46:03.134Z - info: [1:46:03 AM] Reload for file change: C:\repos\nus-cs2103-AY2021S1\cs2103-website\admin\common-tutorial.mbdf
2020-07-17T17:46:04.140Z - info: Rebuilding 1 pages
2020-07-17T17:46:04.523Z - info: Pages rebuilt
2020-07-17T17:46:04.523Z - info: Website regeneration complete! Total build time: 0.384s
2020-07-17T17:46:04.568Z - info: Site data built
2020-07-17T17:57:14.585Z - info: [1:57:14 AM] Reload for file change: C:\repos\nus-cs2103-AY2021S1\cs2103-website\admin\common-tutorial.mbdf
2020-07-17T17:57:15.595Z - info: Rebuilding 1 pages
2020-07-17T17:57:16.097Z - info: Pages rebuilt
2020-07-17T17:57:16.097Z - info: Website regeneration complete! Total build time: 0.508s
2020-07-17T17:57:16.118Z - info: Site data built
2020-07-17T17:58:04.723Z - info: [1:58:04 AM] Reload for file change: C:\repos\nus-cs2103-AY2021S1\cs2103-website\schedule\week8\tutorial-cs2113.mbdf
2020-07-17T17:58:05.732Z - info: Rebuilding 1 pages
2020-07-17T17:58:05.977Z - info: Pages rebuilt
2020-07-17T17:58:05.978Z - info: Website regeneration complete! Total build time: 0.253s
2020-07-17T17:58:05.980Z - info: Site data built
2020-07-17T18:00:21.902Z - info: [2:00:21 AM] Reload for file change: C:\repos\nus-cs2103-AY2021S1\cs2103-website\admin\common-tutorial.mbdf
2020-07-17T18:00:22.910Z - info: Rebuilding 1 pages
2020-07-17T18:00:23.308Z - info: Pages rebuilt
2020-07-17T18:00:23.308Z - info: Website regeneration complete! Total build time: 0.4s
2020-07-17T18:00:23.311Z - info: Site data built
2020-07-17T18:00:33.849Z - info: [2:00:33 AM] Reload for file change: C:\repos\nus-cs2103-AY2021S1\cs2103-website\admin\common-tutorial.mbdf
2020-07-17T18:00:34.858Z - info: Rebuilding 1 pages
2020-07-17T18:00:35.234Z - info: Pages rebuilt
2020-07-17T18:00:35.234Z - info: Website regeneration complete! Total build time: 0.378s
2020-07-17T18:00:35.278Z - info: Site data built
2020-07-17T18:01:25.099Z - info: [2:01:25 AM] Reload for file add: C:\repos\nus-cs2103-AY2021S1\cs2103-website\schedule\week8\images\drawingDiagrams.png
2020-07-17T18:01:25.194Z - info: [2:01:25 AM] Reload for file deletion: C:\repos\nus-cs2103-AY2021S1\cs2103-website\schedule\week8\images\DrawingOnWhiteboard.png
2020-07-17T18:01:26.118Z - info: Assets built
2020-07-17T18:01:26.212Z - info: Assets removed
2020-07-17T18:01:52.201Z - info: [2:01:52 AM] Reload for file deletion: C:\repos\nus-cs2103-AY2021S1\cs2103-website\admin\images\drawingDiagrams.png
2020-07-17T18:01:52.201Z - info: [2:01:52 AM] Reload for file deletion: C:\repos\nus-cs2103-AY2021S1\cs2103-website\schedule\week8\images\drawingDiagrams.png
2020-07-17T18:01:52.225Z - info: [2:01:52 AM] Reload for file add: C:\repos\nus-cs2103-AY2021S1\cs2103-website\admin\images\drawingDiagrams.png
2020-07-17T18:01:53.212Z - info: Assets removed
2020-07-17T18:01:53.249Z - info: Assets built
2020-07-17T18:02:42.076Z - info: [2:02:42 AM] Reload for file change: C:\repos\nus-cs2103-AY2021S1\cs2103-website\admin\common-tutorial.mbdf
2020-07-17T18:02:43.082Z - info: Rebuilding 1 pages
2020-07-17T18:02:43.443Z - info: Pages rebuilt
2020-07-17T18:02:43.443Z - info: Website regeneration complete! Total build time: 0.363s
2020-07-17T18:02:43.447Z - info: Site data built
2020-07-17T18:02:50.264Z - info: [2:02:50 AM] Reload for file change: C:\repos\nus-cs2103-AY2021S1\cs2103-website\admin\common-tutorial.mbdf
2020-07-17T18:02:51.271Z - info: Rebuilding 1 pages
2020-07-17T18:02:51.644Z - info: Pages rebuilt
2020-07-17T18:02:51.644Z - info: Website regeneration complete! Total build time: 0.374s
2020-07-17T18:02:51.648Z - info: Site data built
2020-07-17T18:03:28.122Z - info: [2:03:28 AM] Reload for file change: C:\repos\nus-cs2103-AY2021S1\cs2103-website\admin\common-tutorial.mbdf
2020-07-17T18:03:29.128Z - info: Rebuilding 1 pages
2020-07-17T18:03:29.517Z - info: Pages rebuilt
2020-07-17T18:03:29.518Z - info: Website regeneration complete! Total build time: 0.391s
2020-07-17T18:03:29.521Z - info: Site data built
2020-07-17T18:06:35.080Z - info: [2:06:35 AM] Reload for file change: C:\repos\nus-cs2103-AY2021S1\cs2103-website\admin\common-tutorial.mbdf
2020-07-17T18:06:36.092Z - info: Rebuilding 1 pages
2020-07-17T18:06:36.545Z - info: Pages rebuilt
2020-07-17T18:06:36.546Z - info: Website regeneration complete! Total build time: 0.458s
2020-07-17T18:06:36.552Z - info: Site data built
2020-07-17T18:08:14.384Z - info: [2:08:14 AM] Reload for file change: C:\repos\nus-cs2103-AY2021S1\cs2103-website\admin\common-tutorial.mbdf
2020-07-17T18:08:15.387Z - info: Rebuilding 1 pages
2020-07-17T18:08:15.782Z - info: Pages rebuilt
2020-07-17T18:08:15.782Z - info: Website regeneration complete! Total build time: 0.397s
2020-07-17T18:08:15.786Z - info: Site data built
2020-07-17T18:08:40.877Z - info: [2:08:40 AM] Reload for file change: C:\repos\nus-cs2103-AY2021S1\cs2103-website\schedule\week8\tutorial-cs2113.mbdf
2020-07-17T18:08:41.885Z - info: Rebuilding 1 pages
2020-07-17T18:08:41.989Z - error:  Error: No such file: C:\repos\nus-cs2103-AY2021S1\book\modeling\modelingStructures\classDiagramsBasic\q-essay-drawClassDiagramForBoxEtc.md
Missing reference in C:\repos\nus-cs2103-AY2021S1\cs2103-website\admin\common-tutorial.mbdf
    at _getFileExistsNode (C:\repos\markbind\markbind\packages\core\src\preprocessors\componentPreprocessor.js:60:19)
    at _preprocessInclude (C:\repos\markbind\markbind\packages\core\src\preprocessors\componentPreprocessor.js:217:26)
    at preProcessComponent (C:\repos\markbind\markbind\packages\core\src\preprocessors\componentPreprocessor.js:349:12)
    at C:\repos\markbind\markbind\packages\core\src\preprocessors\componentPreprocessor.js:356:52
    at Array.map (<anonymous>)
    at preProcessComponent (C:\repos\markbind\markbind\packages\core\src\preprocessors\componentPreprocessor.js:356:43)
    at C:\repos\markbind\markbind\packages\core\src\preprocessors\componentPreprocessor.js:356:52
    at Array.map (<anonymous>)
    at preProcessComponent (C:\repos\markbind\markbind\packages\core\src\preprocessors\componentPreprocessor.js:356:43)
    at C:\repos\markbind\markbind\packages\core\src\preprocessors\componentPreprocessor.js:298:50
    at Array.map (<anonymous>)
    at _preprocessInclude (C:\repos\markbind\markbind\packages\core\src\preprocessors\componentPreprocessor.js:298:41)
    at preProcessComponent (C:\repos\markbind\markbind\packages\core\src\preprocessors\componentPreprocessor.js:349:12)
    at C:\repos\markbind\markbind\packages\core\src\preprocessors\componentPreprocessor.js:356:52
    at Array.map (<anonymous>)
    at preProcessComponent (C:\repos\markbind\markbind\packages\core\src\preprocessors\componentPreprocessor.js:356:43)
2020-07-17T18:08:42.124Z - info: Pages rebuilt
2020-07-17T18:08:42.124Z - info: Website regeneration complete! Total build time: 0.246s
2020-07-17T18:08:42.128Z - info: Site data built
2020-07-17T18:08:47.869Z - info: [2:08:47 AM] Reload for file change: C:\repos\nus-cs2103-AY2021S1\cs2103-website\schedule\week8\tutorial-cs2113.mbdf
2020-07-17T18:08:48.874Z - info: Rebuilding 1 pages
2020-07-17T18:08:48.991Z - error:  Error: No such file: C:\repos\nus-cs2103-AY2021S1\book\modeling\modelingStructures\classDiagramsBasic\q-essay-drawClassDiagramForBoxEtc.md
Missing reference in C:\repos\nus-cs2103-AY2021S1\cs2103-website\admin\common-tutorial.mbdf
    at _getFileExistsNode (C:\repos\markbind\markbind\packages\core\src\preprocessors\componentPreprocessor.js:60:19)
    at _preprocessInclude (C:\repos\markbind\markbind\packages\core\src\preprocessors\componentPreprocessor.js:217:26)
    at preProcessComponent (C:\repos\markbind\markbind\packages\core\src\preprocessors\componentPreprocessor.js:349:12)
    at C:\repos\markbind\markbind\packages\core\src\preprocessors\componentPreprocessor.js:356:52
    at Array.map (<anonymous>)
    at preProcessComponent (C:\repos\markbind\markbind\packages\core\src\preprocessors\componentPreprocessor.js:356:43)
    at C:\repos\markbind\markbind\packages\core\src\preprocessors\componentPreprocessor.js:356:52
    at Array.map (<anonymous>)
    at preProcessComponent (C:\repos\markbind\markbind\packages\core\src\preprocessors\componentPreprocessor.js:356:43)
    at C:\repos\markbind\markbind\packages\core\src\preprocessors\componentPreprocessor.js:298:50
    at Array.map (<anonymous>)
    at _preprocessInclude (C:\repos\markbind\markbind\packages\core\src\preprocessors\componentPreprocessor.js:298:41)
    at preProcessComponent (C:\repos\markbind\markbind\packages\core\src\preprocessors\componentPreprocessor.js:349:12)
    at C:\repos\markbind\markbind\packages\core\src\preprocessors\componentPreprocessor.js:356:52
    at Array.map (<anonymous>)
    at preProcessComponent (C:\repos\markbind\markbind\packages\core\src\preprocessors\componentPreprocessor.js:356:43)
2020-07-17T18:08:49.150Z - info: Pages rebuilt
2020-07-17T18:08:49.150Z - info: Website regeneration complete! Total build time: 0.279s
2020-07-17T18:08:49.152Z - info: Site data built
2020-07-17T18:08:57.666Z - info: [2:08:57 AM] Reload for file change: C:\repos\nus-cs2103-AY2021S1\cs2103-website\admin\common-tutorial.mbdf
2020-07-17T18:08:58.677Z - info: Rebuilding 1 pages
2020-07-17T18:08:59.051Z - info: Pages rebuilt
2020-07-17T18:08:59.051Z - info: Website regeneration complete! Total build time: 0.376s
2020-07-17T18:08:59.092Z - info: Site data built
2020-07-17T18:12:28.572Z - info: [2:12:28 AM] Reload for file change: C:\repos\nus-cs2103-AY2021S1\cs2103-website\admin\common-tutorial.mbdf
2020-07-17T18:12:28.588Z - info: [2:12:28 AM] Reload for file change: C:\repos\nus-cs2103-AY2021S1\cs2103-website\schedule\week8\tutorial-cs2103.mbdf
2020-07-17T18:12:29.579Z - info: Rebuilding 1 pages
2020-07-17T18:12:29.986Z - info: Pages rebuilt
2020-07-17T18:12:29.986Z - info: Website regeneration complete! Total build time: 0.408s
2020-07-17T18:12:29.990Z - info: Site data built
2020-07-17T18:12:35.289Z - info: [2:12:35 AM] Reload for file change: C:\repos\nus-cs2103-AY2021S1\cs2103-website\admin\common-tutorial.mbdf
2020-07-17T18:12:36.293Z - info: Rebuilding 1 pages
2020-07-17T18:12:36.712Z - info: Pages rebuilt
2020-07-17T18:12:36.712Z - info: Website regeneration complete! Total build time: 0.421s
2020-07-17T18:12:36.716Z - info: Site data built
2020-07-17T18:17:20.776Z - info: [2:17:20 AM] Reload for file change: C:\repos\nus-cs2103-AY2021S1\cs2103-website\schedule\week8\tutorial-cs2113.mbdf
2020-07-17T18:17:21.786Z - info: Rebuilding 1 pages
2020-07-17T18:17:22.012Z - info: Pages rebuilt
2020-07-17T18:17:22.012Z - info: Website regeneration complete! Total build time: 0.231s
2020-07-17T18:17:22.015Z - info: Site data built
2020-07-18T04:39:56.678Z - info: Website generation (lazy) started at 12:39:46 PM
2020-07-18T04:40:12.716Z - info: Building assets...
2020-07-18T04:40:21.862Z - info: Assets built
2020-07-18T04:40:21.864Z - info: Generating landing page...
2020-07-18T04:40:24.693Z - info: Landing page built, other pages will be built as you navigate to them!
2020-07-18T04:40:24.840Z - info: Website generation (lazy) complete! Total build time: 38.021s
2020-07-18T04:40:25.859Z - info: Serving "C:\repos\nus-cs2103-AY2021S1\cs2103-website\_site" at http://127.0.0.1:8080
2020-07-18T04:40:25.859Z - info: Press CTRL+C to stop ...
2020-07-18T04:40:25.932Z - info: Site data built
2020-07-18T04:41:11.919Z - info: Building C:\repos\nus-cs2103-AY2021S1\cs2103-website\schedule\week9\index as some of its dependencies were changed since the last visit
2020-07-18T04:41:13.372Z - info: Site data built
2020-07-18T04:41:13.372Z - info: Lazy website regeneration complete! Total build time: 1.463s
2020-07-18T04:43:21.574Z - info: Website generation started at 12:43:16 PM
2020-07-18T04:43:31.818Z - info: Building assets...
2020-07-18T04:43:38.561Z - info: Assets built
2020-07-18T04:43:38.562Z - info: Generating pages...
2020-07-18T04:43:42.853Z - error:  Error: No such file: C:\repos\nus-cs2103-AY2021S1\cs2103-website\book\gitAndGithub\diff\text.md
Missing reference in C:\repos\nus-cs2103-AY2021S1\cs2103-website\se-book-adapted\print.md
    at _getFileExistsNode (C:\repos\markbind\markbind\packages\core\src\preprocessors\componentPreprocessor.js:60:19)
    at _preprocessInclude (C:\repos\markbind\markbind\packages\core\src\preprocessors\componentPreprocessor.js:217:26)
    at preProcessComponent (C:\repos\markbind\markbind\packages\core\src\preprocessors\componentPreprocessor.js:349:12)
    at C:\repos\markbind\markbind\packages\core\src\preprocessors\componentPreprocessor.js:356:52
    at Array.map (<anonymous>)
    at preProcessComponent (C:\repos\markbind\markbind\packages\core\src\preprocessors\componentPreprocessor.js:356:43)
    at C:\repos\markbind\markbind\packages\core\src\preprocessors\componentPreprocessor.js:356:52
    at Array.map (<anonymous>)
    at preProcessComponent (C:\repos\markbind\markbind\packages\core\src\preprocessors\componentPreprocessor.js:356:43)
    at C:\repos\markbind\markbind\packages\core\src\preprocessors\componentPreprocessor.js:356:52
    at Array.map (<anonymous>)
    at preProcessComponent (C:\repos\markbind\markbind\packages\core\src\preprocessors\componentPreprocessor.js:356:43)
    at C:\repos\markbind\markbind\packages\core\src\preprocessors\componentPreprocessor.js:356:52
    at Array.map (<anonymous>)
    at Object.preProcessComponent (C:\repos\markbind\markbind\packages\core\src\preprocessors\componentPreprocessor.js:356:43)
    at C:\repos\markbind\markbind\packages\core\src\Parser.js:187:47
2020-07-18T04:43:42.934Z - error:  Error: No such file: C:\repos\nus-cs2103-AY2021S1\cs2103-website\book\gitAndGithub\fork\text.md
Missing reference in C:\repos\nus-cs2103-AY2021S1\cs2103-website\se-book-adapted\print.md
    at _getFileExistsNode (C:\repos\markbind\markbind\packages\core\src\preprocessors\componentPreprocessor.js:60:19)
    at _preprocessInclude (C:\repos\markbind\markbind\packages\core\src\preprocessors\componentPreprocessor.js:217:26)
    at preProcessComponent (C:\repos\markbind\markbind\packages\core\src\preprocessors\componentPreprocessor.js:349:12)
    at C:\repos\markbind\markbind\packages\core\src\preprocessors\componentPreprocessor.js:356:52
    at Array.map (<anonymous>)
    at preProcessComponent (C:\repos\markbind\markbind\packages\core\src\preprocessors\componentPreprocessor.js:356:43)
    at C:\repos\markbind\markbind\packages\core\src\preprocessors\componentPreprocessor.js:356:52
    at Array.map (<anonymous>)
    at preProcessComponent (C:\repos\markbind\markbind\packages\core\src\preprocessors\componentPreprocessor.js:356:43)
    at C:\repos\markbind\markbind\packages\core\src\preprocessors\componentPreprocessor.js:356:52
    at Array.map (<anonymous>)
    at preProcessComponent (C:\repos\markbind\markbind\packages\core\src\preprocessors\componentPreprocessor.js:356:43)
    at C:\repos\markbind\markbind\packages\core\src\preprocessors\componentPreprocessor.js:356:52
    at Array.map (<anonymous>)
    at Object.preProcessComponent (C:\repos\markbind\markbind\packages\core\src\preprocessors\componentPreprocessor.js:356:43)
    at C:\repos\markbind\markbind\packages\core\src\Parser.js:187:47
2020-07-18T04:43:42.979Z - error:  Error: No such file: C:\repos\nus-cs2103-AY2021S1\cs2103-website\book\gitAndGithub\reviewPRs\text.md
Missing reference in C:\repos\nus-cs2103-AY2021S1\cs2103-website\se-book-adapted\print.md
    at _getFileExistsNode (C:\repos\markbind\markbind\packages\core\src\preprocessors\componentPreprocessor.js:60:19)
    at _preprocessInclude (C:\repos\markbind\markbind\packages\core\src\preprocessors\componentPreprocessor.js:217:26)
    at preProcessComponent (C:\repos\markbind\markbind\packages\core\src\preprocessors\componentPreprocessor.js:349:12)
    at C:\repos\markbind\markbind\packages\core\src\preprocessors\componentPreprocessor.js:356:52
    at Array.map (<anonymous>)
    at preProcessComponent (C:\repos\markbind\markbind\packages\core\src\preprocessors\componentPreprocessor.js:356:43)
    at C:\repos\markbind\markbind\packages\core\src\preprocessors\componentPreprocessor.js:356:52
    at Array.map (<anonymous>)
    at preProcessComponent (C:\repos\markbind\markbind\packages\core\src\preprocessors\componentPreprocessor.js:356:43)
    at C:\repos\markbind\markbind\packages\core\src\preprocessors\componentPreprocessor.js:356:52
    at Array.map (<anonymous>)
    at preProcessComponent (C:\repos\markbind\markbind\packages\core\src\preprocessors\componentPreprocessor.js:356:43)
    at C:\repos\markbind\markbind\packages\core\src\preprocessors\componentPreprocessor.js:356:52
    at Array.map (<anonymous>)
    at Object.preProcessComponent (C:\repos\markbind\markbind\packages\core\src\preprocessors\componentPreprocessor.js:356:43)
    at C:\repos\markbind\markbind\packages\core\src\Parser.js:187:47
2020-07-18T04:43:49.853Z - debug: The process cannot access the file because it is being used by another process.

2020-07-18T04:43:49.854Z - debug: The process cannot access the file because it is being used by another process.

2020-07-18T04:45:09.215Z - info: Website generation started at 12:45:06 PM
2020-07-18T04:45:23.316Z - info: Building assets...
