2020-09-04T16:47:21.565Z - info: Website generation (lazy) started at 12:47:16 AM
2020-09-04T16:47:29.507Z - info: Building assets...
2020-09-04T16:47:34.947Z - info: Assets built
2020-09-04T16:47:34.948Z - info: Generating landing page...
2020-09-04T16:47:36.712Z - info: Landing page built, other pages will be built as you navigate to them!
2020-09-04T16:47:36.805Z - info: Website generation (lazy) complete! Total build time: 20.792s
2020-09-04T16:47:37.665Z - info: Serving "C:\repos\nus-cs2103-AY2021S1\cs2103-website\_site" at http://127.0.0.1:8080
2020-09-04T16:47:37.665Z - info: Press CTRL+C to stop ...
2020-09-04T16:47:37.726Z - info: Site data built
2020-09-04T16:47:48.557Z - info: Building C:\repos\nus-cs2103-AY2021S1\cs2103-website\schedule\week5\project as some of its dependencies were changed since the last visit
2020-09-04T16:47:50.843Z - info: Site data built
2020-09-04T16:47:51.121Z - info: Lazy website regeneration complete! Total build time: 2.563s
2020-09-04T16:48:38.973Z - info: [12:48:38 AM] Reload for file change: C:\repos\nus-cs2103-AY2021S1\cs2103-website\admin\ip-tasks.mbdf
2020-09-04T16:48:39.978Z - info: Rebuilding 1 pages
2020-09-04T16:48:42.769Z - info: Pages rebuilt
2020-09-04T16:48:42.770Z - info: Website regeneration complete! Total build time: 2.793s
2020-09-04T16:48:42.779Z - info: Site data built
2020-09-04T16:49:01.676Z - info: [12:49:01 AM] Reload for file change: C:\repos\nus-cs2103-AY2021S1\cs2103-website\admin\ip-tasks.mbdf
2020-09-04T16:49:02.679Z - info: Rebuilding 1 pages
2020-09-04T16:49:03.937Z - info: Pages rebuilt
2020-09-04T16:49:03.938Z - info: Website regeneration complete! Total build time: 1.26s
2020-09-04T16:49:03.942Z - info: Site data built
2020-09-04T16:50:34.895Z - info: Website generation started at 12:50:31 AM
2020-09-04T16:50:44.057Z - info: Building assets...
