2020-07-09T16:00:01.301Z - info: Site data built
2020-07-09T16:00:01.313Z - info: Lazy website regeneration complete! Total build time: 1.931s
2020-07-09T16:08:42.916Z - info: [12:08:42 AM] Reload for file change: C:\repos\nus-cs2103-AY2021S1\cs2103-website\admin\tp-grading-bugs.mbdf
2020-07-09T16:08:43.926Z - info: Rebuilding 1 pages
2020-07-09T16:08:45.635Z - info: Pages rebuilt
2020-07-09T16:08:45.636Z - info: Website regeneration complete! Total build time: 1.712s
2020-07-09T16:08:45.646Z - info: Site data built
2020-07-09T16:12:37.863Z - info: [12:12:37 AM] Reload for file change: C:\repos\nus-cs2103-AY2021S1\cs2103-website\admin\tp-grading-bugs.mbdf
2020-07-09T16:12:38.874Z - info: Rebuilding 1 pages
2020-07-09T16:12:40.139Z - info: Pages rebuilt
2020-07-09T16:12:40.139Z - info: Website regeneration complete! Total build time: 1.27s
2020-07-09T16:12:40.179Z - info: Site data built
2020-07-09T16:13:36.563Z - info: [12:13:36 AM] Reload for file change: C:\repos\nus-cs2103-AY2021S1\cs2103-website\admin\tp-tasks.mbdf
2020-07-09T16:13:37.584Z - info: Rebuilding 1 pages
2020-07-09T16:13:39.451Z - info: Pages rebuilt
2020-07-09T16:13:39.451Z - info: Website regeneration complete! Total build time: 1.874s
2020-07-09T16:13:39.465Z - info: Site data built
2020-07-09T16:14:01.591Z - info: [12:14:01 AM] Reload for file change: C:\repos\nus-cs2103-AY2021S1\cs2103-website\admin\tp-tasks.mbdf
2020-07-09T16:14:02.595Z - info: Rebuilding 1 pages
2020-07-09T16:14:03.826Z - info: Pages rebuilt
2020-07-09T16:14:03.827Z - info: Website regeneration complete! Total build time: 1.233s
2020-07-09T16:14:03.833Z - info: Site data built
2020-07-09T16:16:49.271Z - info: [12:16:49 AM] Reload for file change: C:\repos\nus-cs2103-AY2021S1\cs2103-website\admin\tp-deliverables-ppp.mbdf
2020-07-09T16:16:50.282Z - info: Rebuilding 1 pages
2020-07-09T16:16:52.073Z - info: Pages rebuilt
2020-07-09T16:16:52.073Z - info: Website regeneration complete! Total build time: 1.795s
2020-07-09T16:16:52.094Z - info: Site data built
2020-07-09T16:20:54.086Z - info: [12:20:54 AM] Reload for file change: C:\repos\nus-cs2103-AY2021S1\cs2103-website\schedule\week12\topics.md
2020-07-09T16:20:55.094Z - info: Rebuilding 1 pages
2020-07-09T16:20:55.232Z - info: Pages rebuilt
2020-07-09T16:20:55.232Z - info: Website regeneration complete! Total build time: 0.139s
2020-07-09T16:20:55.237Z - info: Site data built
2020-07-09T16:22:30.643Z - info: [12:22:30 AM] Reload for file change: C:\repos\nus-cs2103-AY2021S1\cs2103-website\schedule\week12\topics.md
2020-07-09T16:22:31.648Z - info: Rebuilding 1 pages
2020-07-09T16:22:31.841Z - info: Pages rebuilt
2020-07-09T16:22:31.841Z - info: Website regeneration complete! Total build time: 0.196s
2020-07-09T16:22:31.860Z - info: Site data built
2020-07-09T16:24:03.938Z - info: [12:24:03 AM] Reload for file change: C:\repos\nus-cs2103-AY2021S1\cs2103-website\schedule\week13\topics.md
2020-07-09T16:24:04.952Z - info: No pages needed to be rebuilt
2020-07-09T16:24:56.446Z - info: Building C:\repos\nus-cs2103-AY2021S1\cs2103-website\schedule\week12\index as some of its dependencies were changed since the last visit
2020-07-09T16:24:56.961Z - info: Site data built
2020-07-09T16:24:56.961Z - info: Lazy website regeneration complete! Total build time: 0.516s
2020-07-09T16:25:51.616Z - info: Building C:\repos\nus-cs2103-AY2021S1\cs2103-website\schedule\week13\index as some of its dependencies were changed since the last visit
2020-07-09T16:25:52.369Z - info: Site data built
2020-07-09T16:25:52.369Z - info: Lazy website regeneration complete! Total build time: 0.753s
2020-07-09T16:25:59.535Z - info: Building C:\repos\nus-cs2103-AY2021S1\cs2103-website\schedule\week13\admin as some of its dependencies were changed since the last visit
2020-07-09T16:26:00.137Z - info: Site data built
2020-07-09T16:26:00.137Z - info: Lazy website regeneration complete! Total build time: 0.603s
2020-07-09T16:27:20.120Z - info: [12:27:20 AM] Reload for file change: C:\repos\nus-cs2103-AY2021S1\cs2103-website\_module-CS2103\weeklyAdminTasks.mbdf
2020-07-09T16:27:21.141Z - info: No pages needed to be rebuilt
2020-07-09T16:28:13.985Z - info: Building C:\repos\nus-cs2103-AY2021S1\cs2103-website\schedule\week13\topics as some of its dependencies were changed since the last visit
2020-07-09T16:28:14.284Z - info: Site data built
2020-07-09T16:28:14.285Z - info: Lazy website regeneration complete! Total build time: 0.301s
2020-07-09T16:28:50.338Z - info: Building C:\repos\nus-cs2103-AY2021S1\cs2103-website\schedule\week13\project as some of its dependencies were changed since the last visit
2020-07-09T16:28:52.243Z - info: Site data built
2020-07-09T16:28:52.243Z - info: Lazy website regeneration complete! Total build time: 1.905s
2020-07-09T16:29:06.318Z - info: Building C:\repos\nus-cs2103-AY2021S1\cs2103-website\schedule\week13\tutorial as some of its dependencies were changed since the last visit
2020-07-09T16:29:06.560Z - info: Site data built
2020-07-09T16:29:06.561Z - info: Lazy website regeneration complete! Total build time: 0.243s
2020-07-09T16:31:51.061Z - info: [12:31:51 AM] Reload for file change: C:\repos\nus-cs2103-AY2021S1\cs2103-website\schedule\week13\tutorial-cs2103.mbdf
2020-07-09T16:31:52.074Z - info: Rebuilding 1 pages
2020-07-09T16:31:52.399Z - info: Pages rebuilt
2020-07-09T16:31:52.399Z - info: Website regeneration complete! Total build time: 0.332s
2020-07-09T16:31:52.403Z - info: Site data built
2020-07-09T16:44:47.712Z - info: [12:44:47 AM] Reload for file change: C:\repos\nus-cs2103-AY2021S1\cs2103-website\schedule\week13\tutorial-cs2103.mbdf
2020-07-09T16:44:48.731Z - info: Rebuilding 1 pages
2020-07-09T16:44:48.981Z - info: Pages rebuilt
2020-07-09T16:44:48.981Z - info: Website regeneration complete! Total build time: 0.261s
2020-07-09T16:44:48.984Z - info: Site data built
2020-07-09T16:50:58.220Z - info: [12:50:58 AM] Reload for file change: C:\repos\nus-cs2103-AY2021S1\cs2103-website\_module-CS2103\weeklyTpTasks.mbdf
2020-07-09T16:50:59.233Z - info: No pages needed to be rebuilt
2020-07-09T16:51:13.466Z - info: Website generation (lazy) started at 12:51:10 AM
2020-07-09T16:51:28.688Z - info: Building assets...
2020-07-09T16:51:35.652Z - info: Assets built
2020-07-09T16:51:35.653Z - info: Generating landing page...
2020-07-09T16:51:36.893Z - info: Landing page built, other pages will be built as you navigate to them!
2020-07-09T16:51:37.023Z - info: Website generation (lazy) complete! Total build time: 26.559s
2020-07-09T16:51:38.083Z - info: Serving "C:\repos\nus-cs2103-AY2021S1\cs2103-website\_site" at http://127.0.0.1:8080
2020-07-09T16:51:38.083Z - info: Press CTRL+C to stop ...
2020-07-09T16:51:38.162Z - info: Site data built
2020-07-09T16:51:53.730Z - info: Building C:\repos\nus-cs2103-AY2021S1\cs2103-website\schedule\week13\project as some of its dependencies were changed since the last visit
2020-07-09T16:51:55.776Z - info: Site data built
2020-07-09T16:51:55.778Z - info: Lazy website regeneration complete! Total build time: 2.048s
2020-07-09T16:54:09.142Z - info: [12:54:09 AM] Reload for file change: C:\repos\nus-cs2103-AY2021S1\cs2103-website\_module-CS2103\weeklyTpTasks.mbdf
2020-07-09T16:54:10.151Z - info: No pages needed to be rebuilt
2020-07-09T16:54:10.193Z - info: Building C:\repos\nus-cs2103-AY2021S1\cs2103-website\schedule\week12\index as some of its dependencies were changed since the last visit
2020-07-09T16:54:10.961Z - info: Site data built
2020-07-09T16:54:10.962Z - info: Lazy website regeneration complete! Total build time: 0.769s
2020-07-09T16:54:17.790Z - info: Building C:\repos\nus-cs2103-AY2021S1\cs2103-website\schedule\week12\admin as some of its dependencies were changed since the last visit
2020-07-09T16:54:18.105Z - info: Site data built
2020-07-09T16:54:18.105Z - info: Lazy website regeneration complete! Total build time: 0.316s
2020-07-09T16:54:30.592Z - info: Building C:\repos\nus-cs2103-AY2021S1\cs2103-website\schedule\week11\index as some of its dependencies were changed since the last visit
2020-07-09T16:54:31.613Z - info: Site data built
2020-07-09T16:54:31.614Z - info: Lazy website regeneration complete! Total build time: 1.023s
2020-07-09T16:54:39.300Z - info: Building C:\repos\nus-cs2103-AY2021S1\cs2103-website\schedule\week11\admin as some of its dependencies were changed since the last visit
2020-07-09T16:54:39.632Z - info: Site data built
2020-07-09T16:54:39.632Z - info: Lazy website regeneration complete! Total build time: 0.332s
2020-07-09T16:54:50.201Z - info: Building C:\repos\nus-cs2103-AY2021S1\cs2103-website\schedule\week11\project as some of its dependencies were changed since the last visit
2020-07-09T16:54:51.054Z - info: Site data built
2020-07-09T16:54:51.054Z - info: Lazy website regeneration complete! Total build time: 0.854s
2020-07-09T16:55:04.860Z - info: Building C:\repos\nus-cs2103-AY2021S1\cs2103-website\schedule\week12\project as some of its dependencies were changed since the last visit
2020-07-09T16:55:06.990Z - info: Site data built
2020-07-09T16:55:06.991Z - info: Lazy website regeneration complete! Total build time: 2.132s
2020-07-09T16:55:35.177Z - info: Building C:\repos\nus-cs2103-AY2021S1\cs2103-website\schedule\week13\index as some of its dependencies were changed since the last visit
2020-07-09T16:55:36.016Z - info: Site data built
2020-07-09T16:55:36.017Z - info: Lazy website regeneration complete! Total build time: 0.84s
2020-07-09T16:59:20.878Z - info: [12:59:20 AM] Reload for file change: C:\repos\nus-cs2103-AY2021S1\cs2103-website\admin\tp-deliverables-ug.mbdf
2020-07-09T16:59:21.893Z - info: Rebuilding 1 pages
2020-07-09T16:59:23.978Z - info: Pages rebuilt
2020-07-09T16:59:23.978Z - info: Website regeneration complete! Total build time: 2.091s
2020-07-09T16:59:23.988Z - info: Site data built
2020-07-09T17:08:15.485Z - info: Building C:\repos\nus-cs2103-AY2021S1\cs2103-website\admin\index as some of its dependencies were changed since the last visit
2020-07-09T17:08:16.321Z - info: Site data built
2020-07-09T17:08:16.322Z - info: Lazy website regeneration complete! Total build time: 0.837s
2020-07-09T17:08:22.180Z - info: Building C:\repos\nus-cs2103-AY2021S1\cs2103-website\admin\tp-timeline as some of its dependencies were changed since the last visit
2020-07-09T17:08:22.653Z - info: Site data built
2020-07-09T17:08:22.654Z - info: Lazy website regeneration complete! Total build time: 0.474s
2020-07-09T17:08:25.904Z - debug:  
2020-07-09T17:08:25.982Z - debug:  
2020-07-09T17:12:44.598Z - info: [1:12:44 AM] Reload for file change: C:\repos\nus-cs2103-AY2021S1\cs2103-website\admin\tp-pe.mbdf
2020-07-09T17:12:45.614Z - info: Rebuilding 1 pages
2020-07-09T17:12:47.483Z - info: Pages rebuilt
2020-07-09T17:12:47.483Z - info: Website regeneration complete! Total build time: 1.875s
2020-07-09T17:12:47.488Z - info: Site data built
2020-07-09T17:14:02.229Z - info: [1:14:02 AM] Reload for file change: C:\repos\nus-cs2103-AY2021S1\cs2103-website\admin\tp-pe.mbdf
2020-07-09T17:14:03.261Z - info: No pages needed to be rebuilt
2020-07-09T17:22:07.348Z - info: [1:22:07 AM] Reload for file change: C:\repos\nus-cs2103-AY2021S1\cs2103-website\admin\tp-pe.mbdf
2020-07-09T17:22:08.359Z - info: No pages needed to be rebuilt
2020-07-09T17:22:35.953Z - info: Building C:\repos\nus-cs2103-AY2021S1\cs2103-website\schedule\week13\project as some of its dependencies were changed since the last visit
2020-07-09T17:22:38.201Z - info: Site data built
2020-07-09T17:22:38.202Z - info: Lazy website regeneration complete! Total build time: 2.249s
2020-07-09T17:26:04.135Z - info: [1:26:04 AM] Reload for file change: C:\repos\nus-cs2103-AY2021S1\cs2103-website\admin\tp-pe.mbdf
2020-07-09T17:26:05.144Z - info: No pages needed to be rebuilt
2020-07-09T17:31:34.287Z - info: [1:31:34 AM] Reload for file change: C:\repos\nus-cs2103-AY2021S1\cs2103-website\admin\tp-pe.mbdf
2020-07-09T17:31:35.296Z - info: No pages needed to be rebuilt
2020-07-09T17:33:51.620Z - info: [1:33:51 AM] Reload for file change: C:\repos\nus-cs2103-AY2021S1\cs2103-website\admin\tp-pe.mbdf
2020-07-09T17:33:52.631Z - info: No pages needed to be rebuilt
2020-07-09T17:35:13.599Z - info: Building C:\repos\nus-cs2103-AY2021S1\cs2103-website\schedule\week13\tutorial as some of its dependencies were changed since the last visit
2020-07-09T17:35:13.915Z - info: Site data built
2020-07-09T17:35:13.916Z - info: Lazy website regeneration complete! Total build time: 0.317s
2020-07-09T17:35:18.186Z - info: Building C:\repos\nus-cs2103-AY2021S1\cs2103-website\schedule\week13\topics as some of its dependencies were changed since the last visit
2020-07-09T17:35:18.440Z - info: Site data built
2020-07-09T17:35:18.441Z - info: Lazy website regeneration complete! Total build time: 0.255s
2020-07-09T17:35:21.199Z - info: Building C:\repos\nus-cs2103-AY2021S1\cs2103-website\schedule\week13\admin as some of its dependencies were changed since the last visit
2020-07-09T17:35:21.598Z - info: Site data built
2020-07-09T17:35:21.599Z - info: Lazy website regeneration complete! Total build time: 0.4s
2020-07-09T17:45:57.519Z - info: Website generation (lazy) started at 1:45:54 AM
2020-07-09T17:46:13.578Z - info: Building assets...
2020-07-09T17:46:22.867Z - info: Assets built
2020-07-09T17:46:22.869Z - info: Generating landing page...
2020-07-09T17:46:24.295Z - info: Landing page built, other pages will be built as you navigate to them!
2020-07-09T17:46:24.409Z - info: Website generation (lazy) complete! Total build time: 29.625s
2020-07-09T17:46:25.619Z - info: Serving "C:\repos\nus-cs2103-AY2021S1\cs2103-website\_site" at http://127.0.0.1:8080
2020-07-09T17:46:25.620Z - info: Press CTRL+C to stop ...
2020-07-09T17:46:25.688Z - info: Site data built
2020-07-09T17:47:58.980Z - info: Building C:\repos\nus-cs2103-AY2021S1\cs2103-website\admin\moduleExpectations as some of its dependencies were changed since the last visit
2020-07-09T17:47:59.560Z - info: Site data built
2020-07-09T17:47:59.561Z - info: Lazy website regeneration complete! Total build time: 0.584s
2020-07-09T17:48:39.405Z - info: [1:48:39 AM] Reload for file change: C:\repos\nus-cs2103-AY2021S1\cs2103-website\admin\moduleExpectations.md
2020-07-09T17:48:40.417Z - info: Rebuilding 1 pages
2020-07-09T17:48:40.705Z - info: Pages rebuilt
2020-07-09T17:48:40.705Z - info: Website regeneration complete! Total build time: 0.294s
2020-07-09T17:48:40.725Z - info: Site data built
2020-07-09T17:49:07.885Z - info: Building C:\repos\nus-cs2103-AY2021S1\cs2103-website\admin\weeklySchedule as some of its dependencies were changed since the last visit
2020-07-09T17:49:08.455Z - info: Site data built
2020-07-09T17:49:08.456Z - info: Lazy website regeneration complete! Total build time: 0.571s
2020-07-09T17:50:54.456Z - info: [1:50:54 AM] Reload for file change: C:\repos\nus-cs2103-AY2021S1\cs2103-website\admin\weeklySchedule.md
2020-07-09T17:50:55.464Z - info: Rebuilding 1 pages
2020-07-09T17:50:56.005Z - info: Pages rebuilt
2020-07-09T17:50:56.006Z - info: Website regeneration complete! Total build time: 0.548s
2020-07-09T17:50:56.010Z - info: Site data built
2020-07-09T17:51:51.503Z - info: Building C:\repos\nus-cs2103-AY2021S1\cs2103-website\admin\lectures as some of its dependencies were changed since the last visit
2020-07-09T17:51:51.936Z - info: Site data built
2020-07-09T17:51:51.936Z - info: Lazy website regeneration complete! Total build time: 0.433s
2020-07-09T17:52:29.406Z - info: Building C:\repos\nus-cs2103-AY2021S1\cs2103-website\admin\tutorials as some of its dependencies were changed since the last visit
2020-07-09T17:52:29.898Z - info: Site data built
2020-07-09T17:52:29.898Z - info: Lazy website regeneration complete! Total build time: 0.493s
2020-07-09T17:53:39.487Z - info: [1:53:39 AM] Reload for file change: C:\repos\nus-cs2103-AY2021S1\cs2103-website\admin\tutorials.md
2020-07-09T17:53:40.493Z - info: Rebuilding 1 pages
2020-07-09T17:53:40.930Z - info: Pages rebuilt
2020-07-09T17:53:40.931Z - info: Website regeneration complete! Total build time: 0.439s
2020-07-09T17:53:40.937Z - info: Site data built
2020-07-09T17:54:50.100Z - info: [1:54:50 AM] Reload for file change: C:\repos\nus-cs2103-AY2021S1\cs2103-website\admin\tutorials.md
2020-07-09T17:54:51.108Z - info: Rebuilding 1 pages
2020-07-09T17:54:51.797Z - info: Pages rebuilt
2020-07-09T17:54:51.798Z - info: Website regeneration complete! Total build time: 0.694s
2020-07-09T17:54:51.801Z - info: Site data built
2020-07-09T17:56:22.430Z - info: [1:56:22 AM] Reload for file change: C:\repos\nus-cs2103-AY2021S1\cs2103-website\admin\tutorials.md
2020-07-09T17:56:23.439Z - info: Rebuilding 1 pages
2020-07-09T17:56:24.040Z - info: Pages rebuilt
2020-07-09T17:56:24.040Z - info: Website regeneration complete! Total build time: 0.606s
2020-07-09T17:56:24.044Z - info: Site data built
2020-07-09T17:57:29.927Z - info: [1:57:29 AM] Reload for file change: C:\repos\nus-cs2103-AY2021S1\cs2103-website\admin\tutorials.md
2020-07-09T17:57:30.934Z - info: Rebuilding 1 pages
2020-07-09T17:57:31.622Z - info: Pages rebuilt
2020-07-09T17:57:31.622Z - info: Website regeneration complete! Total build time: 0.693s
2020-07-09T17:57:31.627Z - info: Site data built
2020-07-09T17:57:50.972Z - info: [1:57:50 AM] Reload for file change: C:\repos\nus-cs2103-AY2021S1\cs2103-website\admin\tutorials.md
2020-07-09T17:57:51.975Z - info: Rebuilding 1 pages
2020-07-09T17:57:52.443Z - info: Pages rebuilt
2020-07-09T17:57:52.443Z - info: Website regeneration complete! Total build time: 0.47s
2020-07-09T17:57:52.447Z - info: Site data built
2020-07-09T17:58:49.671Z - info: Building C:\repos\nus-cs2103-AY2021S1\cs2103-website\admin\instructors as some of its dependencies were changed since the last visit
2020-07-09T17:58:50.075Z - info: Site data built
2020-07-09T17:58:50.075Z - info: Lazy website regeneration complete! Total build time: 0.404s
2020-07-09T17:58:55.706Z - info: Building C:\repos\nus-cs2103-AY2021S1\cs2103-website\admin\textbooks as some of its dependencies were changed since the last visit
2020-07-09T17:58:56.067Z - info: Site data built
2020-07-09T17:58:56.067Z - info: Lazy website regeneration complete! Total build time: 0.362s
2020-07-09T17:59:16.820Z - info: Building C:\repos\nus-cs2103-AY2021S1\cs2103-website\admin\programmingLanguages as some of its dependencies were changed since the last visit
2020-07-09T17:59:16.993Z - info: Site data built
2020-07-09T17:59:16.994Z - info: Lazy website regeneration complete! Total build time: 0.174s
2020-07-09T17:59:41.031Z - info: Building C:\repos\nus-cs2103-AY2021S1\cs2103-website\admin\standardsAndConventions as some of its dependencies were changed since the last visit
2020-07-09T17:59:41.278Z - info: Site data built
2020-07-09T17:59:41.278Z - info: Lazy website regeneration complete! Total build time: 0.248s
2020-07-09T17:59:58.674Z - info: Building C:\repos\nus-cs2103-AY2021S1\cs2103-website\admin\ip-overview as some of its dependencies were changed since the last visit
2020-07-09T17:59:59.126Z - info: Site data built
2020-07-09T17:59:59.127Z - info: Lazy website regeneration complete! Total build time: 0.454s
2020-07-09T18:00:39.954Z - info: Building C:\repos\nus-cs2103-AY2021S1\cs2103-website\admin\ip-w2 as some of its dependencies were changed since the last visit
2020-07-09T18:00:42.289Z - info: Site data built
2020-07-09T18:00:42.289Z - info: Lazy website regeneration complete! Total build time: 2.336s
2020-07-09T18:01:14.229Z - info: [2:01:14 AM] Reload for file change: C:\repos\nus-cs2103-AY2021S1\cs2103-website\admin\ip-tasks.mbdf
2020-07-09T18:01:15.239Z - info: Rebuilding 1 pages
2020-07-09T18:01:17.516Z - info: Pages rebuilt
2020-07-09T18:01:17.516Z - info: Website regeneration complete! Total build time: 2.282s
2020-07-09T18:01:17.523Z - info: Site data built
2020-07-09T18:01:52.626Z - info: [2:01:52 AM] Reload for file change: C:\repos\nus-cs2103-AY2021S1\cs2103-website\admin\ip-tasks.mbdf
2020-07-09T18:01:53.638Z - info: Rebuilding 1 pages
2020-07-09T18:01:55.962Z - info: Pages rebuilt
2020-07-09T18:01:55.963Z - info: Website regeneration complete! Total build time: 2.331s
2020-07-09T18:01:55.969Z - info: Site data built
2020-07-09T18:03:22.950Z - info: [2:03:22 AM] Reload for file change: C:\repos\nus-cs2103-AY2021S1\cs2103-website\admin\ip-tasks.mbdf
2020-07-09T18:03:23.959Z - info: Rebuilding 1 pages
2020-07-09T18:03:26.192Z - info: Pages rebuilt
2020-07-09T18:03:26.193Z - info: Website regeneration complete! Total build time: 2.239s
2020-07-09T18:03:26.199Z - info: Site data built
2020-07-09T18:03:57.279Z - info: [2:03:57 AM] Reload for file change: C:\repos\nus-cs2103-AY2021S1\cs2103-website\admin\ip-tasks.mbdf
2020-07-09T18:03:58.290Z - info: Rebuilding 1 pages
2020-07-09T18:04:00.343Z - info: Pages rebuilt
2020-07-09T18:04:00.344Z - info: Website regeneration complete! Total build time: 2.058s
2020-07-09T18:04:00.347Z - info: Site data built
2020-07-09T18:04:09.059Z - info: [2:04:09 AM] Reload for file change: C:\repos\nus-cs2103-AY2021S1\cs2103-website\admin\ip-tasks.mbdf
2020-07-09T18:04:10.065Z - info: Rebuilding 1 pages
2020-07-09T18:04:11.725Z - info: Pages rebuilt
2020-07-09T18:04:11.725Z - info: Website regeneration complete! Total build time: 1.664s
2020-07-09T18:04:11.728Z - info: Site data built
2020-07-09T18:05:04.484Z - info: Building C:\repos\nus-cs2103-AY2021S1\cs2103-website\admin\ip-w3 as some of its dependencies were changed since the last visit
2020-07-09T18:05:05.480Z - info: Site data built
2020-07-09T18:05:05.481Z - info: Lazy website regeneration complete! Total build time: 0.999s
2020-07-09T18:05:28.554Z - info: Building C:\repos\nus-cs2103-AY2021S1\cs2103-website\schedule\week2\index as some of its dependencies were changed since the last visit
2020-07-09T18:05:29.353Z - info: Site data built
2020-07-09T18:05:29.354Z - info: Lazy website regeneration complete! Total build time: 0.801s
2020-07-09T18:05:33.604Z - info: Building C:\repos\nus-cs2103-AY2021S1\cs2103-website\schedule\week2\project as some of its dependencies were changed since the last visit
2020-07-09T18:05:35.421Z - info: Site data built
2020-07-09T18:05:35.421Z - info: Lazy website regeneration complete! Total build time: 1.818s
2020-07-09T18:09:56.257Z - info: [2:09:56 AM] Reload for file change: C:\repos\nus-cs2103-AY2021S1\cs2103-website\admin\ip-tasks.mbdf
2020-07-09T18:09:57.269Z - info: Rebuilding 1 pages
2020-07-09T18:09:58.525Z - info: Pages rebuilt
2020-07-09T18:09:58.526Z - info: Website regeneration complete! Total build time: 1.262s
2020-07-09T18:09:58.540Z - info: Site data built
2020-07-09T18:10:11.168Z - info: Building C:\repos\nus-cs2103-AY2021S1\cs2103-website\admin\ip-w2 as some of its dependencies were changed since the last visit
2020-07-09T18:10:12.070Z - info: Site data built
2020-07-09T18:10:12.072Z - info: Lazy website regeneration complete! Total build time: 0.905s
2020-07-09T18:10:19.300Z - info: Building C:\repos\nus-cs2103-AY2021S1\cs2103-website\admin\ip-w4 as some of its dependencies were changed since the last visit
2020-07-09T18:10:19.815Z - info: Site data built
2020-07-09T18:10:19.815Z - info: Lazy website regeneration complete! Total build time: 0.516s
2020-07-09T18:10:24.539Z - info: Building C:\repos\nus-cs2103-AY2021S1\cs2103-website\admin\ip-w5 as some of its dependencies were changed since the last visit
2020-07-09T18:10:24.989Z - info: Site data built
2020-07-09T18:10:24.990Z - info: Lazy website regeneration complete! Total build time: 0.452s
2020-07-09T18:10:29.592Z - info: Building C:\repos\nus-cs2103-AY2021S1\cs2103-website\admin\ip-w6 as some of its dependencies were changed since the last visit
2020-07-09T18:10:30.169Z - info: Site data built
2020-07-09T18:10:30.169Z - info: Lazy website regeneration complete! Total build time: 0.578s
2020-07-09T18:10:35.698Z - info: Building C:\repos\nus-cs2103-AY2021S1\cs2103-website\admin\ip-w7 as some of its dependencies were changed since the last visit
2020-07-09T18:10:35.896Z - info: Site data built
2020-07-09T18:10:35.896Z - info: Lazy website regeneration complete! Total build time: 0.198s
2020-07-09T18:10:39.168Z - info: Building C:\repos\nus-cs2103-AY2021S1\cs2103-website\admin\ip-w8 as some of its dependencies were changed since the last visit
2020-07-09T18:10:39.407Z - info: Site data built
2020-07-09T18:10:39.407Z - info: Lazy website regeneration complete! Total build time: 0.239s
2020-07-09T18:10:45.234Z - info: Building C:\repos\nus-cs2103-AY2021S1\cs2103-website\admin\ip-grading as some of its dependencies were changed since the last visit
2020-07-09T18:10:45.408Z - info: Site data built
2020-07-09T18:10:45.408Z - info: Lazy website regeneration complete! Total build time: 0.175s
2020-07-09T18:10:49.372Z - info: Building C:\repos\nus-cs2103-AY2021S1\cs2103-website\admin\tp-expectations as some of its dependencies were changed since the last visit
2020-07-09T18:10:49.718Z - info: Site data built
2020-07-09T18:10:49.718Z - info: Lazy website regeneration complete! Total build time: 0.346s
2020-07-09T18:11:15.068Z - info: Building C:\repos\nus-cs2103-AY2021S1\cs2103-website\admin\tp-timeline as some of its dependencies were changed since the last visit
2020-07-09T18:11:15.460Z - info: Site data built
2020-07-09T18:11:15.461Z - info: Lazy website regeneration complete! Total build time: 0.393s
2020-07-09T18:11:18.310Z - debug:  
2020-07-09T18:11:18.313Z - debug:  
2020-07-09T18:11:25.063Z - info: Building C:\repos\nus-cs2103-AY2021S1\cs2103-website\admin\tp-constraints as some of its dependencies were changed since the last visit
2020-07-09T18:11:25.323Z - info: Site data built
2020-07-09T18:11:25.323Z - info: Lazy website regeneration complete! Total build time: 0.26s
2020-07-10T05:41:09.532Z - info: Website generation (lazy) started at 1:41:06 PM
2020-07-10T05:41:28.909Z - info: Building assets...
2020-07-10T05:41:37.450Z - info: Assets built
2020-07-10T05:41:37.451Z - info: Generating landing page...
2020-07-10T05:41:38.784Z - info: Landing page built, other pages will be built as you navigate to them!
2020-07-10T05:41:38.911Z - info: Website generation (lazy) complete! Total build time: 32.908s
2020-07-10T05:41:40.097Z - info: Serving "C:\repos\nus-cs2103-AY2021S1\cs2103-website\_site" at http://127.0.0.1:8080
2020-07-10T05:41:40.098Z - info: Press CTRL+C to stop ...
2020-07-10T05:41:40.163Z - info: Site data built
2020-07-10T05:45:36.762Z - info: Building C:\repos\nus-cs2103-AY2021S1\cs2103-website\admin\tp-constraints as some of its dependencies were changed since the last visit
2020-07-10T05:45:37.465Z - info: Site data built
2020-07-10T05:45:37.466Z - info: Lazy website regeneration complete! Total build time: 0.706s
2020-07-10T05:47:29.706Z - info: [1:47:29 PM] Reload for file change: C:\repos\nus-cs2103-AY2021S1\cs2103-website\admin\tp-constraints.md
2020-07-10T05:47:30.717Z - info: Rebuilding 1 pages
2020-07-10T05:47:31.146Z - info: Pages rebuilt
2020-07-10T05:47:31.146Z - info: Website regeneration complete! Total build time: 0.433s
2020-07-10T05:47:31.151Z - info: Site data built
2020-07-10T05:49:04.534Z - info: [1:49:04 PM] Reload for file change: C:\repos\nus-cs2103-AY2021S1\cs2103-website\admin\tp-constraints.md
2020-07-10T05:49:05.536Z - info: Rebuilding 1 pages
2020-07-10T05:49:05.852Z - info: Pages rebuilt
2020-07-10T05:49:05.852Z - info: Website regeneration complete! Total build time: 0.317s
2020-07-10T05:49:05.862Z - info: Site data built
2020-07-10T05:53:06.156Z - info: [1:53:06 PM] Reload for file change: C:\repos\nus-cs2103-AY2021S1\cs2103-website\admin\tp-constraints.md
2020-07-10T05:53:07.169Z - info: Rebuilding 1 pages
2020-07-10T05:53:07.556Z - info: Pages rebuilt
2020-07-10T05:53:07.556Z - info: Website regeneration complete! Total build time: 0.394s
2020-07-10T05:53:07.562Z - info: Site data built
2020-07-10T05:57:20.449Z - info: [1:57:20 PM] Reload for file change: C:\repos\nus-cs2103-AY2021S1\cs2103-website\admin\tp-constraints.md
2020-07-10T05:57:21.458Z - info: Rebuilding 1 pages
2020-07-10T05:57:21.808Z - info: Pages rebuilt
2020-07-10T05:57:21.809Z - info: Website regeneration complete! Total build time: 0.356s
2020-07-10T05:57:21.814Z - info: Site data built
2020-07-10T05:58:55.644Z - info: Building C:\repos\nus-cs2103-AY2021S1\cs2103-website\admin\tp-teams as some of its dependencies were changed since the last visit
2020-07-10T05:58:56.205Z - info: Site data built
2020-07-10T05:58:56.205Z - info: Lazy website regeneration complete! Total build time: 0.562s
2020-07-10T06:00:43.704Z - info: Building C:\repos\nus-cs2103-AY2021S1\cs2103-website\admin\tp-w3 as some of its dependencies were changed since the last visit
2020-07-10T06:00:44.833Z - info: Site data built
2020-07-10T06:00:44.834Z - info: Lazy website regeneration complete! Total build time: 1.13s
2020-07-10T06:03:10.684Z - info: [2:03:10 PM] Reload for file change: C:\repos\nus-cs2103-AY2021S1\cs2103-website\admin\tp-teams.md
2020-07-10T06:03:11.704Z - info: Rebuilding 1 pages
2020-07-10T06:03:12.614Z - info: Pages rebuilt
2020-07-10T06:03:12.614Z - info: Website regeneration complete! Total build time: 0.918s
2020-07-10T06:03:12.617Z - info: Site data built
2020-07-10T06:03:13.759Z - info: Building C:\repos\nus-cs2103-AY2021S1\cs2103-website\admin\tp-teams as some of its dependencies were changed since the last visit
2020-07-10T06:03:14.275Z - info: Site data built
2020-07-10T06:03:14.275Z - info: Lazy website regeneration complete! Total build time: 0.516s
2020-07-10T06:03:47.816Z - info: [2:03:47 PM] Reload for file change: C:\repos\nus-cs2103-AY2021S1\cs2103-website\admin\tp-teams.md
2020-07-10T06:03:48.823Z - info: Rebuilding 1 pages
2020-07-10T06:03:49.248Z - info: Pages rebuilt
2020-07-10T06:03:49.248Z - info: Website regeneration complete! Total build time: 0.429s
2020-07-10T06:03:49.251Z - info: Site data built
2020-07-10T06:04:08.826Z - info: [2:04:08 PM] Reload for file change: C:\repos\nus-cs2103-AY2021S1\cs2103-website\admin\tp-teams.md
2020-07-10T06:04:09.843Z - info: Rebuilding 1 pages
2020-07-10T06:04:10.448Z - info: Pages rebuilt
2020-07-10T06:04:10.448Z - info: Website regeneration complete! Total build time: 0.611s
2020-07-10T06:04:10.450Z - info: Site data built
2020-07-10T06:04:39.258Z - info: [2:04:39 PM] Reload for file change: C:\repos\nus-cs2103-AY2021S1\cs2103-website\admin\tp-teams.md
2020-07-10T06:04:40.262Z - info: Rebuilding 1 pages
2020-07-10T06:04:40.917Z - info: Pages rebuilt
2020-07-10T06:04:40.917Z - info: Website regeneration complete! Total build time: 0.656s
2020-07-10T06:04:40.920Z - info: Site data built
2020-07-10T06:05:00.583Z - info: [2:05:00 PM] Reload for file change: C:\repos\nus-cs2103-AY2021S1\cs2103-website\admin\tp-teams.md
2020-07-10T06:05:01.594Z - info: Rebuilding 1 pages
2020-07-10T06:05:02.103Z - info: Pages rebuilt
2020-07-10T06:05:02.103Z - info: Website regeneration complete! Total build time: 0.514s
2020-07-10T06:05:02.107Z - info: Site data built
2020-07-10T06:06:07.130Z - info: [2:06:07 PM] Reload for file change: C:\repos\nus-cs2103-AY2021S1\cs2103-website\admin\tp-teams.md
2020-07-10T06:06:08.143Z - info: Rebuilding 1 pages
2020-07-10T06:06:08.633Z - info: Pages rebuilt
2020-07-10T06:06:08.633Z - info: Website regeneration complete! Total build time: 0.495s
2020-07-10T06:06:08.637Z - info: Site data built
2020-07-10T06:07:42.416Z - info: [2:07:42 PM] Reload for file change: C:\repos\nus-cs2103-AY2021S1\cs2103-website\admin\tp-teams.md
2020-07-10T06:07:43.426Z - info: Rebuilding 1 pages
2020-07-10T06:07:43.838Z - info: Pages rebuilt
2020-07-10T06:07:43.839Z - info: Website regeneration complete! Total build time: 0.415s
2020-07-10T06:07:43.843Z - info: Site data built
2020-07-10T06:09:52.014Z - info: [2:09:52 PM] Reload for file change: C:\repos\nus-cs2103-AY2021S1\cs2103-website\admin\tp-teams.md
2020-07-10T06:09:52.070Z - info: [2:09:52 PM] Reload for file change: C:\repos\nus-cs2103-AY2021S1\cs2103-website\admin\tp-teams.md
2020-07-10T06:09:53.023Z - info: Rebuilding 1 pages
2020-07-10T06:09:53.788Z - info: Pages rebuilt
2020-07-10T06:09:53.789Z - info: Website regeneration complete! Total build time: 0.77s
2020-07-10T06:09:53.807Z - info: Site data built
2020-07-10T06:09:55.156Z - debug: ERROR
5
Syntax Error?
Some diagram description contains errors

2020-07-10T06:10:07.789Z - info: [2:10:07 PM] Reload for file change: C:\repos\nus-cs2103-AY2021S1\cs2103-website\admin\tp-teams.md
2020-07-10T06:10:08.807Z - info: Rebuilding 1 pages
2020-07-10T06:10:09.303Z - info: Pages rebuilt
2020-07-10T06:10:09.303Z - info: Website regeneration complete! Total build time: 0.501s
2020-07-10T06:10:09.306Z - info: Site data built
2020-07-10T06:10:12.487Z - info: [2:10:12 PM] Reload for file change: C:\repos\nus-cs2103-AY2021S1\cs2103-website\admin\tp-teams.md
2020-07-10T06:10:13.500Z - info: Rebuilding 1 pages
2020-07-10T06:10:13.962Z - info: Pages rebuilt
2020-07-10T06:10:13.963Z - info: Website regeneration complete! Total build time: 0.465s
2020-07-10T06:10:13.965Z - info: Site data built
2020-07-10T06:41:44.358Z - info: [2:41:44 PM] Reload for file change: C:\repos\nus-cs2103-AY2021S1\cs2103-website\admin\tp-teams.md
2020-07-10T06:41:45.378Z - info: Rebuilding 1 pages
2020-07-10T06:41:46.065Z - info: Pages rebuilt
2020-07-10T06:41:46.066Z - info: Website regeneration complete! Total build time: 0.702s
2020-07-10T06:41:46.071Z - info: Site data built
2020-07-10T06:43:46.743Z - info: [2:43:46 PM] Reload for file change: C:\repos\nus-cs2103-AY2021S1\cs2103-website\admin\tp-teams.md
2020-07-10T06:43:47.752Z - info: Rebuilding 1 pages
2020-07-10T06:43:48.364Z - info: Pages rebuilt
2020-07-10T06:43:48.364Z - info: Website regeneration complete! Total build time: 0.615s
2020-07-10T06:43:48.368Z - info: Site data built
2020-07-10T06:44:19.982Z - info: [2:44:19 PM] Reload for file change: C:\repos\nus-cs2103-AY2021S1\cs2103-website\admin\tp-teams.md
2020-07-10T06:44:20.985Z - info: Rebuilding 1 pages
2020-07-10T06:44:21.447Z - info: Pages rebuilt
2020-07-10T06:44:21.448Z - info: Website regeneration complete! Total build time: 0.464s
2020-07-10T06:44:21.452Z - info: Site data built
2020-07-10T08:46:13.161Z - info: Building C:\repos\nus-cs2103-AY2021S1\cs2103-website\admin\tp-w3 as some of its dependencies were changed since the last visit
2020-07-10T08:46:14.126Z - info: Site data built
2020-07-10T08:46:14.126Z - info: Lazy website regeneration complete! Total build time: 0.968s
2020-07-10T08:46:19.505Z - info: Building C:\repos\nus-cs2103-AY2021S1\cs2103-website\admin\tp-w4 as some of its dependencies were changed since the last visit
2020-07-10T08:46:20.699Z - info: Site data built
2020-07-10T08:46:20.700Z - info: Lazy website regeneration complete! Total build time: 1.195s
2020-07-10T08:46:53.623Z - info: Building C:\repos\nus-cs2103-AY2021S1\cs2103-website\admin\tp-w5 as some of its dependencies were changed since the last visit
2020-07-10T08:46:54.845Z - info: Site data built
2020-07-10T08:46:54.846Z - info: Lazy website regeneration complete! Total build time: 1.224s
2020-07-10T08:47:00.329Z - info: Building C:\repos\nus-cs2103-AY2021S1\cs2103-website\admin\tp-w6 as some of its dependencies were changed since the last visit
2020-07-10T08:47:02.124Z - info: Site data built
2020-07-10T08:47:02.134Z - info: Lazy website regeneration complete! Total build time: 1.806s
2020-07-10T08:47:08.470Z - info: Building C:\repos\nus-cs2103-AY2021S1\cs2103-website\admin\tp-w7 as some of its dependencies were changed since the last visit
2020-07-10T08:47:10.070Z - info: Site data built
2020-07-10T08:47:10.071Z - info: Lazy website regeneration complete! Total build time: 1.602s
2020-07-10T08:47:30.909Z - info: Building C:\repos\nus-cs2103-AY2021S1\cs2103-website\admin\tp-w8 as some of its dependencies were changed since the last visit
2020-07-10T08:47:31.638Z - info: Site data built
2020-07-10T08:47:31.638Z - info: Lazy website regeneration complete! Total build time: 0.729s
2020-07-10T08:47:43.495Z - info: Building C:\repos\nus-cs2103-AY2021S1\cs2103-website\admin\tp-w9 as some of its dependencies were changed since the last visit
2020-07-10T08:47:44.214Z - info: Site data built
2020-07-10T08:47:44.215Z - info: Lazy website regeneration complete! Total build time: 0.721s
2020-07-10T08:47:47.282Z - info: Building C:\repos\nus-cs2103-AY2021S1\cs2103-website\admin\tp-w10 as some of its dependencies were changed since the last visit
2020-07-10T08:47:48.184Z - info: Site data built
2020-07-10T08:47:48.184Z - info: Lazy website regeneration complete! Total build time: 0.902s
2020-07-10T08:48:07.708Z - info: Building C:\repos\nus-cs2103-AY2021S1\cs2103-website\admin\tp-w11 as some of its dependencies were changed since the last visit
2020-07-10T08:48:08.342Z - info: Site data built
2020-07-10T08:48:08.343Z - info: Lazy website regeneration complete! Total build time: 0.635s
2020-07-10T08:48:17.285Z - info: Building C:\repos\nus-cs2103-AY2021S1\cs2103-website\admin\tp-w12 as some of its dependencies were changed since the last visit
2020-07-10T08:48:18.849Z - info: Site data built
2020-07-10T08:48:18.850Z - info: Lazy website regeneration complete! Total build time: 1.565s
2020-07-10T08:48:28.863Z - info: Building C:\repos\nus-cs2103-AY2021S1\cs2103-website\admin\tp-w13 as some of its dependencies were changed since the last visit
2020-07-10T08:48:30.369Z - info: Site data built
2020-07-10T08:48:30.369Z - info: Lazy website regeneration complete! Total build time: 1.506s
2020-07-10T08:49:01.544Z - info: Building C:\repos\nus-cs2103-AY2021S1\cs2103-website\admin\tp-deliverables as some of its dependencies were changed since the last visit
2020-07-10T08:49:02.364Z - info: Site data built
2020-07-10T08:49:02.365Z - info: Lazy website regeneration complete! Total build time: 0.821s
2020-07-10T08:49:39.549Z - info: Building C:\repos\nus-cs2103-AY2021S1\cs2103-website\admin\tp-pe as some of its dependencies were changed since the last visit
2020-07-10T08:49:41.782Z - info: Site data built
2020-07-10T08:49:41.782Z - info: Lazy website regeneration complete! Total build time: 2.234s
2020-07-10T08:50:01.967Z - info: Building C:\repos\nus-cs2103-AY2021S1\cs2103-website\admin\tp-grading as some of its dependencies were changed since the last visit
2020-07-10T08:50:03.123Z - info: Site data built
2020-07-10T08:50:03.124Z - info: Lazy website regeneration complete! Total build time: 1.158s
2020-07-10T08:51:15.538Z - info: [4:51:15 PM] Reload for file change: C:\repos\nus-cs2103-AY2021S1\cs2103-website\admin\tp-grading.md
2020-07-10T08:51:16.551Z - info: Rebuilding 1 pages
2020-07-10T08:51:18.140Z - info: Pages rebuilt
2020-07-10T08:51:18.140Z - info: Website regeneration complete! Total build time: 1.595s
2020-07-10T08:51:18.189Z - info: Site data built
2020-07-10T08:51:47.292Z - info: [4:51:47 PM] Reload for file change: C:\repos\nus-cs2103-AY2021S1\cs2103-website\admin\tp-grading.md
2020-07-10T08:51:48.295Z - info: No pages needed to be rebuilt
2020-07-10T08:51:48.398Z - info: Building C:\repos\nus-cs2103-AY2021S1\cs2103-website\admin\tp-supervision as some of its dependencies were changed since the last visit
2020-07-10T08:51:48.708Z - info: Site data built
2020-07-10T08:51:48.708Z - info: Lazy website regeneration complete! Total build time: 0.31s
2020-07-10T08:52:13.416Z - info: Building C:\repos\nus-cs2103-AY2021S1\cs2103-website\admin\peerEvaluations as some of its dependencies were changed since the last visit
2020-07-10T08:52:14.110Z - info: Site data built
2020-07-10T08:52:14.111Z - info: Lazy website regeneration complete! Total build time: 0.696s
2020-07-10T08:53:21.131Z - info: Building C:\repos\nus-cs2103-AY2021S1\cs2103-website\admin\tools as some of its dependencies were changed since the last visit
2020-07-10T08:53:21.773Z - info: Site data built
2020-07-10T08:53:21.775Z - info: Lazy website regeneration complete! Total build time: 0.644s
2020-07-10T08:54:11.061Z - info: [4:54:11 PM] Reload for file change: C:\repos\nus-cs2103-AY2021S1\cs2103-website\admin\tools.md
2020-07-10T08:54:12.079Z - info: Rebuilding 1 pages
2020-07-10T08:54:13.115Z - info: Pages rebuilt
2020-07-10T08:54:13.115Z - info: Website regeneration complete! Total build time: 1.044s
2020-07-10T08:54:13.119Z - info: Site data built
2020-07-10T08:54:24.431Z - info: Building C:\repos\nus-cs2103-AY2021S1\cs2103-website\admin\exams as some of its dependencies were changed since the last visit
2020-07-10T08:54:25.072Z - info: Site data built
2020-07-10T08:54:25.074Z - info: Lazy website regeneration complete! Total build time: 0.643s
2020-07-10T08:54:47.712Z - info: Building C:\repos\nus-cs2103-AY2021S1\cs2103-website\admin\participation as some of its dependencies were changed since the last visit
2020-07-10T08:54:48.394Z - info: Site data built
2020-07-10T08:54:48.394Z - info: Lazy website regeneration complete! Total build time: 0.683s
2020-07-10T08:57:25.014Z - info: Building C:\repos\nus-cs2103-AY2021S1\cs2103-website\admin\gradeBreakdown as some of its dependencies were changed since the last visit
2020-07-10T08:57:27.406Z - info: Site data built
2020-07-10T08:57:27.407Z - info: Lazy website regeneration complete! Total build time: 2.394s
2020-07-10T08:57:27.705Z - debug:  
2020-07-10T08:58:06.163Z - info: [4:58:06 PM] Reload for file change: C:\repos\nus-cs2103-AY2021S1\cs2103-website\admin\gradeBreakdown.md
2020-07-10T08:58:07.178Z - info: Rebuilding 1 pages
2020-07-10T08:58:08.235Z - info: Pages rebuilt
2020-07-10T08:58:08.235Z - info: Website regeneration complete! Total build time: 1.062s
2020-07-10T08:58:08.240Z - info: Site data built
2020-07-10T08:58:20.341Z - info: [4:58:20 PM] Reload for file change: C:\repos\nus-cs2103-AY2021S1\cs2103-website\admin\gradeBreakdown.md
2020-07-10T08:58:21.354Z - info: Rebuilding 1 pages
2020-07-10T08:58:22.646Z - info: Pages rebuilt
2020-07-10T08:58:22.646Z - info: Website regeneration complete! Total build time: 1.296s
2020-07-10T08:58:22.650Z - info: Site data built
2020-07-10T08:58:27.735Z - info: Building C:\repos\nus-cs2103-AY2021S1\cs2103-website\admin\appendixA-principles as some of its dependencies were changed since the last visit
2020-07-10T08:58:28.113Z - info: Site data built
2020-07-10T08:58:28.115Z - info: Lazy website regeneration complete! Total build time: 0.379s
2020-07-10T09:00:01.157Z - info: [5:00:01 PM] Reload for file change: C:\repos\nus-cs2103-AY2021S1\cs2103-website\admin\appendixA-principles.md
2020-07-10T09:00:02.162Z - info: Rebuilding 1 pages
2020-07-10T09:00:02.743Z - info: Pages rebuilt
2020-07-10T09:00:02.744Z - info: Website regeneration complete! Total build time: 0.584s
2020-07-10T09:00:02.752Z - info: Site data built
2020-07-10T09:00:34.108Z - info: Building C:\repos\nus-cs2103-AY2021S1\cs2103-website\admin\appendixB-policies as some of its dependencies were changed since the last visit
2020-07-10T09:00:35.244Z - info: Site data built
2020-07-10T09:00:35.245Z - info: Lazy website regeneration complete! Total build time: 1.137s
2020-07-10T09:03:52.150Z - info: Building C:\repos\nus-cs2103-AY2021S1\cs2103-website\admin\appendixC-faq as some of its dependencies were changed since the last visit
2020-07-10T09:03:52.780Z - info: Site data built
2020-07-10T09:03:52.780Z - info: Lazy website regeneration complete! Total build time: 0.631s
2020-07-10T09:08:50.031Z - info: [5:08:50 PM] Reload for file change: C:\repos\nus-cs2103-AY2021S1\cs2103-website\admin\faq.mbdf
2020-07-10T09:08:51.041Z - info: Rebuilding 1 pages
2020-07-10T09:08:51.916Z - info: Pages rebuilt
2020-07-10T09:08:51.916Z - info: Website regeneration complete! Total build time: 0.88s
2020-07-10T09:08:51.920Z - info: Site data built
2020-07-10T09:11:29.898Z - info: [5:11:29 PM] Reload for file change: C:\repos\nus-cs2103-AY2021S1\cs2103-website\admin\faq.mbdf
2020-07-10T09:11:30.919Z - info: Rebuilding 1 pages
2020-07-10T09:11:31.547Z - info: Pages rebuilt
2020-07-10T09:11:31.548Z - info: Website regeneration complete! Total build time: 0.632s
2020-07-10T09:11:31.550Z - info: Site data built
2020-07-10T09:13:03.211Z - info: Building C:\repos\nus-cs2103-AY2021S1\cs2103-website\admin\appendixD-help as some of its dependencies were changed since the last visit
2020-07-10T09:13:03.920Z - info: Site data built
2020-07-10T09:13:03.921Z - info: Lazy website regeneration complete! Total build time: 0.71s
2020-07-10T09:14:17.723Z - info: Building C:\repos\nus-cs2103-AY2021S1\cs2103-website\admin\appendixE-gitHub as some of its dependencies were changed since the last visit
2020-07-10T09:14:18.783Z - info: Site data built
2020-07-10T09:14:18.784Z - info: Lazy website regeneration complete! Total build time: 1.062s
2020-07-10T09:17:11.010Z - info: Building C:\repos\nus-cs2103-AY2021S1\cs2103-website\admin\appendixF-teamworkIssues as some of its dependencies were changed since the last visit
2020-07-10T09:17:11.663Z - info: Site data built
2020-07-10T09:17:11.663Z - info: Lazy website regeneration complete! Total build time: 0.655s
2020-07-10T09:19:38.980Z - info: Building C:\repos\nus-cs2103-AY2021S1\cs2103-website\schedule\timeline as some of its dependencies were changed since the last visit
2020-07-10T09:19:46.806Z - info: Site data built
2020-07-10T09:19:46.807Z - info: Lazy website regeneration complete! Total build time: 7.828s
2020-07-10T09:29:06.984Z - info: Building C:\repos\nus-cs2103-AY2021S1\cs2103-website\schedule\week1\index as some of its dependencies were changed since the last visit
2020-07-10T09:29:08.110Z - info: Site data built
2020-07-10T09:29:08.110Z - info: Lazy website regeneration complete! Total build time: 1.13s
2020-07-10T09:29:18.803Z - info: Building C:\repos\nus-cs2103-AY2021S1\cs2103-website\schedule\week2\index as some of its dependencies were changed since the last visit
2020-07-10T09:29:19.474Z - info: Site data built
2020-07-10T09:29:19.475Z - info: Lazy website regeneration complete! Total build time: 0.672s
2020-07-10T09:29:27.995Z - info: Building C:\repos\nus-cs2103-AY2021S1\cs2103-website\schedule\week12\index as some of its dependencies were changed since the last visit
2020-07-10T09:29:28.567Z - info: Site data built
2020-07-10T09:29:28.567Z - info: Lazy website regeneration complete! Total build time: 0.572s
2020-07-10T09:31:03.047Z - info: Building C:\repos\nus-cs2103-AY2021S1\cs2103-website\se-book-adapted\index as some of its dependencies were changed since the last visit
2020-07-10T09:31:03.324Z - info: Site data built
2020-07-10T09:31:03.326Z - info: Lazy website regeneration complete! Total build time: 0.278s
2020-07-10T09:31:30.782Z - info: Building C:\repos\nus-cs2103-AY2021S1\cs2103-website\admin\tutorials as some of its dependencies were changed since the last visit
2020-07-10T09:31:31.434Z - info: Site data built
2020-07-10T09:31:31.435Z - info: Lazy website regeneration complete! Total build time: 0.654s
2020-07-10T09:32:07.212Z - info: Building C:\repos\nus-cs2103-AY2021S1\cs2103-website\admin\standardsAndConventions as some of its dependencies were changed since the last visit
2020-07-10T09:32:07.902Z - info: Site data built
2020-07-10T09:32:07.902Z - info: Lazy website regeneration complete! Total build time: 0.69s
2020-07-10T09:34:41.868Z - info: Building C:\repos\nus-cs2103-AY2021S1\cs2103-website\admin\tp-expectations as some of its dependencies were changed since the last visit
2020-07-10T09:34:42.674Z - info: Site data built
2020-07-10T09:34:42.674Z - info: Lazy website regeneration complete! Total build time: 0.806s
2020-07-10T09:34:51.442Z - info: Building C:\repos\nus-cs2103-AY2021S1\cs2103-website\admin\ip-overview as some of its dependencies were changed since the last visit
2020-07-10T09:34:51.818Z - info: Site data built
2020-07-10T09:34:51.819Z - info: Lazy website regeneration complete! Total build time: 0.378s
2020-07-10T09:37:00.815Z - info: [5:37:00 PM] Reload for file change: C:\repos\nus-cs2103-AY2021S1\cs2103-website\_markbind\variables.md
2020-07-10T09:37:01.971Z - warn: Rebuilding all pages as variables file was changed, or the --force-reload flag was set
2020-07-10T09:37:01.980Z - info: Rebuilding 1 pages
2020-07-10T09:37:02.644Z - info: Pages rebuilt
2020-07-10T09:37:02.644Z - info: Website regeneration complete! Total build time: 0.826s
2020-07-10T09:37:02.647Z - info: Site data built
2020-07-10T09:37:47.410Z - info: [5:37:47 PM] Reload for file change: C:\repos\nus-cs2103-AY2021S1\cs2103-website\_markbind\variables.md
2020-07-10T09:37:48.519Z - warn: Rebuilding all pages as variables file was changed, or the --force-reload flag was set
2020-07-10T09:37:48.527Z - info: Rebuilding 1 pages
2020-07-10T09:37:49.303Z - info: Pages rebuilt
2020-07-10T09:37:49.303Z - info: Website regeneration complete! Total build time: 0.89s
2020-07-10T09:37:49.305Z - info: Site data built
2020-07-10T09:39:38.152Z - info: [5:39:38 PM] Reload for file change: C:\repos\nus-cs2103-AY2021S1\cs2103-website\book\_markbind\variables.md
2020-07-10T09:39:39.162Z - info: No pages needed to be rebuilt
2020-07-10T09:39:52.305Z - info: [5:39:52 PM] Reload for file change: C:\repos\nus-cs2103-AY2021S1\cs2103-website\_markbind\variables.md
2020-07-10T09:39:53.487Z - warn: Rebuilding all pages as variables file was changed, or the --force-reload flag was set
2020-07-10T09:39:53.508Z - info: Rebuilding 1 pages
2020-07-10T09:39:54.947Z - info: Pages rebuilt
2020-07-10T09:39:54.948Z - info: Website regeneration complete! Total build time: 1.643s
2020-07-10T09:39:54.950Z - info: Site data built
2020-07-10T09:40:02.399Z - info: [5:40:02 PM] Reload for file change: C:\repos\nus-cs2103-AY2021S1\cs2103-website\book\_markbind\variables.md
2020-07-10T09:40:03.431Z - info: No pages needed to be rebuilt
2020-07-10T09:40:21.235Z - info: Building C:\repos\nus-cs2103-AY2021S1\cs2103-website\schedule\week1\topics as some of its dependencies were changed since the last visit
2020-07-10T09:40:25.408Z - info: Site data built
2020-07-10T09:40:25.411Z - info: Lazy website regeneration complete! Total build time: 4.176s
2020-07-10T09:42:21.875Z - info: [5:42:21 PM] Reload for file change: C:\repos\nus-cs2103-AY2021S1\cs2103-website\schedule\week1\commentary-cs2103.mbdf
2020-07-10T09:42:22.900Z - info: Rebuilding 1 pages
2020-07-10T09:42:28.204Z - info: Pages rebuilt
2020-07-10T09:42:28.204Z - info: Website regeneration complete! Total build time: 5.321s
2020-07-10T09:42:28.219Z - info: Site data built
2020-07-10T09:42:50.824Z - info: [5:42:50 PM] Reload for file change: C:\repos\nus-cs2103-AY2021S1\cs2103-website\schedule\week1\commentary-cs2103.mbdf
2020-07-10T09:42:51.838Z - info: Rebuilding 1 pages
2020-07-10T09:42:56.403Z - info: Pages rebuilt
2020-07-10T09:42:56.403Z - info: Website regeneration complete! Total build time: 4.571s
2020-07-10T09:42:56.419Z - info: Site data built
2020-07-10T09:57:50.571Z - info: Website generation (lazy) started at 5:57:46 PM
2020-07-10T09:58:07.160Z - info: Building assets...
2020-07-10T09:58:18.556Z - info: Assets built
2020-07-10T09:58:18.557Z - info: Generating landing page...
2020-07-10T09:58:19.496Z - info: Landing page built, other pages will be built as you navigate to them!
2020-07-10T09:58:19.607Z - info: Website generation (lazy) complete! Total build time: 33.181s
2020-07-10T09:58:21.054Z - info: Serving "C:\repos\nus-cs2103-AY2021S1\cs2103-website\_site" at http://127.0.0.1:8080
2020-07-10T09:58:21.055Z - info: Press CTRL+C to stop ...
2020-07-10T09:58:21.128Z - info: Site data built
2020-07-10T09:58:21.539Z - info: [5:58:21 PM] Reload for file change: C:\repos\nus-cs2103-AY2021S1\cs2103-website\css\main.css
2020-07-10T09:58:24.363Z - info: Assets built
2020-07-10T09:58:53.460Z - info: [5:58:53 PM] Reload for file change: C:\repos\nus-cs2103-AY2021S1\cs2103-website\css\main.css
2020-07-10T09:58:54.490Z - info: Assets built
2020-07-10T09:59:10.234Z - info: [5:59:10 PM] Reload for file change: C:\repos\nus-cs2103-AY2021S1\cs2103-website\css\main.css
2020-07-10T09:59:11.293Z - info: Assets built
2020-07-10T09:59:38.498Z - info: [5:59:38 PM] Reload for file change: C:\repos\nus-cs2103-AY2021S1\cs2103-website\_markbind\boilerplates\followup-box.md
2020-07-10T09:59:39.532Z - info: No pages needed to be rebuilt
2020-07-10T09:59:42.700Z - info: Building C:\repos\nus-cs2103-AY2021S1\cs2103-website\schedule\week1\index as some of its dependencies were changed since the last visit
2020-07-10T09:59:44.150Z - info: Site data built
2020-07-10T09:59:44.150Z - info: Lazy website regeneration complete! Total build time: 1.451s
2020-07-10T09:59:47.761Z - info: Building C:\repos\nus-cs2103-AY2021S1\cs2103-website\schedule\week1\topics as some of its dependencies were changed since the last visit
2020-07-10T09:59:51.888Z - info: Site data built
2020-07-10T09:59:51.889Z - info: Lazy website regeneration complete! Total build time: 4.128s
2020-07-10T10:00:51.997Z - info: Building C:\repos\nus-cs2103-AY2021S1\cs2103-website\schedule\week2\topics as some of its dependencies were changed since the last visit
2020-07-10T10:00:55.714Z - info: Site data built
2020-07-10T10:00:55.716Z - info: Lazy website regeneration complete! Total build time: 3.721s
2020-07-10T10:01:59.248Z - info: [6:01:59 PM] Reload for file change: C:\repos\nus-cs2103-AY2021S1\cs2103-website\_markbind\boilerplates\followup-box.md
2020-07-10T10:02:00.256Z - info: Rebuilding 1 pages
2020-07-10T10:02:03.938Z - info: Pages rebuilt
2020-07-10T10:02:03.938Z - info: Website regeneration complete! Total build time: 3.684s
2020-07-10T10:02:04.000Z - info: Site data built
2020-07-10T10:02:32.136Z - info: [6:02:32 PM] Reload for file change: C:\repos\nus-cs2103-AY2021S1\cs2103-website\_markbind\boilerplates\followup-box.md
2020-07-10T10:02:33.152Z - info: Rebuilding 1 pages
2020-07-10T10:02:37.464Z - info: Pages rebuilt
2020-07-10T10:02:37.465Z - info: Website regeneration complete! Total build time: 4.322s
2020-07-10T10:02:37.552Z - info: Site data built
2020-07-10T10:02:55.804Z - info: [6:02:55 PM] Reload for file change: C:\repos\nus-cs2103-AY2021S1\cs2103-website\_markbind\boilerplates\followup-box.md
2020-07-10T10:02:55.863Z - info: [6:02:55 PM] Reload for file change: C:\repos\nus-cs2103-AY2021S1\cs2103-website\css\main.css
2020-07-10T10:02:56.812Z - info: Rebuilding 1 pages
2020-07-10T10:03:00.305Z - info: Assets built
2020-07-10T10:03:00.991Z - info: Pages rebuilt
2020-07-10T10:03:00.991Z - info: Website regeneration complete! Total build time: 4.187s
2020-07-10T10:03:01.014Z - info: Site data built
2020-07-10T12:14:28.546Z - info: Website generation started at 8:14:25 PM
2020-07-10T12:14:39.053Z - info: Building assets...
2020-07-10T12:14:45.312Z - info: Assets built
2020-07-10T12:14:45.313Z - info: Generating pages...
2020-07-10T12:14:59.586Z - debug: The process cannot access the file because it is being used by another process.

2020-07-10T12:14:59.587Z - debug: The process cannot access the file because it is being used by another process.

2020-07-10T12:15:00.100Z - debug:  
2020-07-10T12:15:00.101Z - debug:  
2020-07-10T12:15:00.101Z - debug:  
2020-07-10T12:15:00.101Z - debug:  
2020-07-10T12:15:05.171Z - debug:  
2020-07-10T12:15:05.172Z - debug:  
2020-07-10T12:15:05.282Z - debug:  
2020-07-10T12:15:10.500Z - debug: The process cannot access the file because it is being used by another process.

2020-07-10T12:15:10.501Z - debug:  
2020-07-10T12:15:10.501Z - debug: The process cannot access the file because it is being used by another process.

2020-07-10T12:15:10.501Z - debug:  
2020-07-10T12:15:11.845Z - debug: The process cannot access the file because it is being used by another process.

2020-07-10T12:15:11.845Z - debug: The process cannot access the file because it is being used by another process.

2020-07-10T12:15:12.017Z - debug:  
2020-07-10T12:15:12.018Z - debug:  
2020-07-10T12:15:12.495Z - debug: The process cannot access the file because it is being used by another process.

2020-07-10T12:15:12.496Z - debug: The process cannot access the file because it is being used by another process.

2020-07-10T12:15:15.895Z - debug:  
2020-07-10T12:15:15.895Z - debug:  
2020-07-10T12:15:35.133Z - debug: The process cannot access the file because it is being used by another process.

2020-07-10T12:15:35.340Z - debug: The process cannot access the file because it is being used by another process.

2020-07-10T12:15:36.804Z - debug: The process cannot access the file because it is being used by another process.

2020-07-10T12:15:36.805Z - debug: The process cannot access the file because it is being used by another process.

2020-07-10T12:15:37.002Z - debug:  
2020-07-10T12:15:39.294Z - debug:  
2020-07-10T12:15:41.206Z - debug:  
2020-07-10T12:15:41.207Z - debug:  
2020-07-10T12:15:47.033Z - debug: The process cannot access the file because it is being used by another process.

2020-07-10T12:15:49.036Z - debug: The process cannot access the file because it is being used by another process.

2020-07-10T12:15:49.212Z - debug:  
2020-07-10T12:16:57.044Z - debug:  
2020-07-10T12:16:57.146Z - debug:  
2020-07-10T12:16:57.146Z - debug:  
2020-07-10T12:16:57.147Z - debug:  
2020-07-10T12:17:01.994Z - debug:  
2020-07-10T12:17:02.553Z - debug:  
2020-07-10T12:17:04.727Z - debug:  
2020-07-10T12:17:11.740Z - debug:  
2020-07-10T12:17:12.352Z - debug:  
2020-07-10T12:17:12.352Z - debug:  
2020-07-10T12:17:12.352Z - debug:  
2020-07-10T12:17:20.700Z - debug:  
2020-07-10T12:17:20.700Z - debug:  
2020-07-10T12:17:25.701Z - debug:  
2020-07-10T12:17:37.844Z - debug:  
2020-07-10T12:17:37.845Z - debug:  
2020-07-10T12:17:42.043Z - debug:  
2020-07-10T12:17:42.044Z - debug:  
2020-07-10T12:17:53.332Z - debug:  
2020-07-10T12:18:16.711Z - debug:  
2020-07-10T12:18:29.379Z - debug:  
2020-07-10T12:18:29.379Z - debug:  
2020-07-10T12:18:39.899Z - info: Pages built
2020-07-10T12:19:18.511Z - info: Website generation complete! Total build time: 292.618s
2020-07-10T12:19:19.319Z - info: Serving "C:\repos\nus-cs2103-AY2021S1\cs2103-website\_site" at http://127.0.0.1:8080
2020-07-10T12:19:19.319Z - info: Press CTRL+C to stop ...
2020-07-10T12:19:19.320Z - debug:  
2020-07-10T12:19:19.394Z - info: Site data built
2020-07-10T12:33:04.060Z - info: Website generation started at 8:32:57 PM
2020-07-10T12:33:13.553Z - info: Building assets...
2020-07-10T12:33:19.713Z - info: Assets built
2020-07-10T12:33:19.714Z - info: Generating pages...
2020-07-10T12:33:31.098Z - debug: The process cannot access the file because it is being used by another process.

2020-07-10T12:33:31.098Z - debug: The process cannot access the file because it is being used by another process.

2020-07-10T12:33:34.221Z - debug:  
2020-07-10T12:33:34.221Z - debug:  
2020-07-10T12:33:34.222Z - debug:  
2020-07-10T12:33:34.222Z - debug:  
2020-07-10T12:33:35.777Z - debug:  
2020-07-10T12:33:36.097Z - debug:  
2020-07-10T12:33:36.314Z - debug:  
2020-07-10T12:33:41.647Z - debug: The process cannot access the file because it is being used by another process.

2020-07-10T12:33:41.648Z - debug: The process cannot access the file because it is being used by another process.

2020-07-10T12:33:41.648Z - debug:  
2020-07-10T12:33:41.648Z - debug:  
2020-07-10T12:33:43.479Z - debug: The process cannot access the file because it is being used by another process.

2020-07-10T12:33:43.479Z - debug: The process cannot access the file because it is being used by another process.

2020-07-10T12:33:43.602Z - debug:  
2020-07-10T12:33:43.648Z - debug:  
2020-07-10T12:33:44.135Z - debug: The process cannot access the file because it is being used by another process.

2020-07-10T12:33:44.135Z - debug: The process cannot access the file because it is being used by another process.

2020-07-10T12:33:47.982Z - debug:  
2020-07-10T12:33:48.105Z - debug:  
2020-07-10T12:34:08.161Z - debug: The process cannot access the file because it is being used by another process.

2020-07-10T12:34:08.165Z - debug: The process cannot access the file because it is being used by another process.

2020-07-10T12:34:09.918Z - debug: The process cannot access the file because it is being used by another process.

2020-07-10T12:34:09.918Z - debug: The process cannot access the file because it is being used by another process.

2020-07-10T12:34:09.924Z - debug:  
2020-07-10T12:34:12.253Z - debug:  
2020-07-10T12:34:13.780Z - debug:  
2020-07-10T12:34:13.908Z - debug:  
2020-07-10T12:34:19.010Z - debug: The process cannot access the file because it is being used by another process.

2020-07-10T12:34:20.888Z - debug: The process cannot access the file because it is being used by another process.

2020-07-10T12:34:21.337Z - debug:  
2020-07-10T12:35:21.929Z - debug:  
2020-07-10T12:35:22.089Z - debug:  
2020-07-10T12:35:22.089Z - debug:  
2020-07-10T12:35:22.090Z - debug:  
2020-07-10T12:35:25.896Z - debug:  
2020-07-10T12:35:26.034Z - debug:  
2020-07-10T12:35:35.398Z - debug:  
2020-07-10T12:35:36.050Z - debug:  
2020-07-10T12:35:36.050Z - debug:  
2020-07-10T12:35:36.050Z - debug:  
2020-07-10T12:35:36.051Z - debug:  
2020-07-10T12:35:42.006Z - debug:  
2020-07-10T12:35:42.007Z - debug:  
2020-07-10T12:35:45.996Z - debug:  
2020-07-10T12:36:06.867Z - debug:  
2020-07-10T12:36:06.868Z - debug:  
2020-07-10T12:36:06.868Z - debug:  
2020-07-10T12:36:14.921Z - error:  Error: No such segment 'warnings' in file: C:\repos\nus-cs2103-AY2021S1\cs2103-website\schedule\timeline.md
Missing reference in C:\repos\nus-cs2103-AY2021S1\cs2103-website\schedule\week3\notices-cs2113.mbdf
    at _preprocessInclude (C:\repos\markbind\markbind\packages\core\src\preprocessors\componentPreprocessor.js:264:21)
    at preProcessComponent (C:\repos\markbind\markbind\packages\core\src\preprocessors\componentPreprocessor.js:349:12)
    at C:\repos\markbind\markbind\packages\core\src\preprocessors\componentPreprocessor.js:356:52
    at Array.map (<anonymous>)
    at preProcessComponent (C:\repos\markbind\markbind\packages\core\src\preprocessors\componentPreprocessor.js:356:43)
    at C:\repos\markbind\markbind\packages\core\src\preprocessors\componentPreprocessor.js:356:52
    at Array.map (<anonymous>)
    at preProcessComponent (C:\repos\markbind\markbind\packages\core\src\preprocessors\componentPreprocessor.js:356:43)
    at C:\repos\markbind\markbind\packages\core\src\preprocessors\componentPreprocessor.js:298:50
    at Array.map (<anonymous>)
    at _preprocessInclude (C:\repos\markbind\markbind\packages\core\src\preprocessors\componentPreprocessor.js:298:41)
    at preProcessComponent (C:\repos\markbind\markbind\packages\core\src\preprocessors\componentPreprocessor.js:349:12)
    at C:\repos\markbind\markbind\packages\core\src\preprocessors\componentPreprocessor.js:356:52
    at Array.map (<anonymous>)
    at Object.preProcessComponent (C:\repos\markbind\markbind\packages\core\src\preprocessors\componentPreprocessor.js:356:43)
    at C:\repos\markbind\markbind\packages\core\src\Parser.js:187:47
2020-07-10T12:36:24.681Z - debug:  
2020-07-10T12:36:36.956Z - debug:  
2020-07-10T12:36:36.956Z - debug:  
2020-07-10T12:36:52.920Z - debug:  
2020-07-10T12:36:53.290Z - info: Pages built
2020-07-10T12:37:42.065Z - info: Website generation complete! Total build time: 285.047s
2020-07-10T12:37:42.900Z - info: Serving "C:\repos\nus-cs2103-AY2021S1\cs2103-website\_site" at http://127.0.0.1:8080
2020-07-10T12:37:42.900Z - info: Press CTRL+C to stop ...
2020-07-10T12:37:42.962Z - info: Site data built
2020-07-10T12:45:08.880Z - info: Website generation (lazy) started at 8:45:02 PM
2020-07-10T12:45:17.669Z - info: Building assets...
2020-07-10T12:45:23.890Z - info: Assets built
2020-07-10T12:45:23.891Z - info: Generating landing page...
2020-07-10T12:45:25.034Z - info: Landing page built, other pages will be built as you navigate to them!
2020-07-10T12:45:25.127Z - info: Website generation (lazy) complete! Total build time: 22.823s
2020-07-10T12:45:25.929Z - info: Serving "C:\repos\nus-cs2103-AY2021S1\cs2103-website\_site" at http://127.0.0.1:8080
2020-07-10T12:45:25.930Z - info: Press CTRL+C to stop ...
2020-07-10T12:45:25.989Z - info: Site data built
2020-07-10T12:45:33.706Z - info: Building C:\repos\nus-cs2103-AY2021S1\cs2103-website\admin\usingThisWebsite as some of its dependencies were changed since the last visit
2020-07-10T12:45:38.639Z - info: Site data built
2020-07-10T12:45:38.645Z - info: Lazy website regeneration complete! Total build time: 4.94s
2020-07-10T12:47:44.696Z - info: Building C:\repos\nus-cs2103-AY2021S1\cs2103-website\schedule\week2\index as some of its dependencies were changed since the last visit
2020-07-10T12:47:45.757Z - info: Site data built
2020-07-10T12:47:45.757Z - info: Lazy website regeneration complete! Total build time: 1.061s
2020-07-10T12:49:29.382Z - info: [8:49:29 PM] Reload for file change: C:\repos\nus-cs2103-AY2021S1\cs2103-website\admin\ip-tasks.mbdf
2020-07-10T12:49:30.388Z - info: Rebuilding 1 pages
2020-07-10T12:49:31.158Z - info: Pages rebuilt
2020-07-10T12:49:31.158Z - info: Website regeneration complete! Total build time: 0.772s
2020-07-10T12:49:31.163Z - info: Site data built
2020-07-10T12:49:35.772Z - info: Building C:\repos\nus-cs2103-AY2021S1\cs2103-website\schedule\week3\index as some of its dependencies were changed since the last visit
2020-07-10T12:49:35.842Z - error:  Error: No such segment 'warnings' in file: C:\repos\nus-cs2103-AY2021S1\cs2103-website\schedule\timeline.md
Missing reference in C:\repos\nus-cs2103-AY2021S1\cs2103-website\schedule\week3\notices-cs2113.mbdf
    at _preprocessInclude (C:\repos\markbind\markbind\packages\core\src\preprocessors\componentPreprocessor.js:264:21)
    at preProcessComponent (C:\repos\markbind\markbind\packages\core\src\preprocessors\componentPreprocessor.js:349:12)
    at C:\repos\markbind\markbind\packages\core\src\preprocessors\componentPreprocessor.js:356:52
    at Array.map (<anonymous>)
    at preProcessComponent (C:\repos\markbind\markbind\packages\core\src\preprocessors\componentPreprocessor.js:356:43)
    at C:\repos\markbind\markbind\packages\core\src\preprocessors\componentPreprocessor.js:356:52
    at Array.map (<anonymous>)
    at preProcessComponent (C:\repos\markbind\markbind\packages\core\src\preprocessors\componentPreprocessor.js:356:43)
    at C:\repos\markbind\markbind\packages\core\src\preprocessors\componentPreprocessor.js:298:50
    at Array.map (<anonymous>)
    at _preprocessInclude (C:\repos\markbind\markbind\packages\core\src\preprocessors\componentPreprocessor.js:298:41)
    at preProcessComponent (C:\repos\markbind\markbind\packages\core\src\preprocessors\componentPreprocessor.js:349:12)
    at C:\repos\markbind\markbind\packages\core\src\preprocessors\componentPreprocessor.js:356:52
    at Array.map (<anonymous>)
    at Object.preProcessComponent (C:\repos\markbind\markbind\packages\core\src\preprocessors\componentPreprocessor.js:356:43)
    at C:\repos\markbind\markbind\packages\core\src\Parser.js:187:47
2020-07-10T12:49:36.442Z - info: Site data built
2020-07-10T12:49:36.443Z - info: Lazy website regeneration complete! Total build time: 0.671s
2020-07-10T12:50:33.307Z - info: [8:50:33 PM] Reload for file change: C:\repos\nus-cs2103-AY2021S1\cs2103-website\schedule\week3\notices-cs2113.mbdf
2020-07-10T12:50:34.316Z - info: Rebuilding 1 pages
2020-07-10T12:50:35.310Z - info: Pages rebuilt
2020-07-10T12:50:35.311Z - info: Website regeneration complete! Total build time: 0.998s
2020-07-10T12:50:35.318Z - info: Site data built
2020-07-10T12:50:55.995Z - info: Building C:\repos\nus-cs2103-AY2021S1\cs2103-website\schedule\week3\admin as some of its dependencies were changed since the last visit
2020-07-10T12:50:56.762Z - info: Site data built
2020-07-10T12:50:56.763Z - info: Lazy website regeneration complete! Total build time: 0.768s
2020-07-10T12:50:59.574Z - info: Building C:\repos\nus-cs2103-AY2021S1\cs2103-website\schedule\week3\topics as some of its dependencies were changed since the last visit
2020-07-10T12:51:02.997Z - info: Site data built
2020-07-10T12:51:02.998Z - info: Lazy website regeneration complete! Total build time: 3.424s
2020-07-10T12:51:10.604Z - info: Building C:\repos\nus-cs2103-AY2021S1\cs2103-website\schedule\week3\project as some of its dependencies were changed since the last visit
2020-07-10T12:51:11.239Z - info: Site data built
2020-07-10T12:51:11.239Z - info: Lazy website regeneration complete! Total build time: 0.635s
2020-07-10T13:00:42.137Z - info: Website generation (lazy) started at 9:00:39 PM
2020-07-10T13:00:51.468Z - info: Building assets...
2020-07-10T13:00:57.556Z - info: Assets built
2020-07-10T13:00:57.557Z - info: Generating landing page...
2020-07-10T13:00:58.536Z - info: Landing page built, other pages will be built as you navigate to them!
2020-07-10T13:00:58.631Z - info: Website generation (lazy) complete! Total build time: 19.251s
2020-07-10T13:00:59.434Z - info: Serving "C:\repos\nus-cs2103-AY2021S1\cs2103-website\_site" at http://127.0.0.1:8080
2020-07-10T13:00:59.434Z - info: Press CTRL+C to stop ...
2020-07-10T13:00:59.491Z - info: Site data built
2020-07-10T13:01:15.250Z - info: Building C:\repos\nus-cs2103-AY2021S1\cs2103-website\admin\usingThisWebsite as some of its dependencies were changed since the last visit
2020-07-10T13:01:15.862Z - info: Site data built
2020-07-10T13:01:15.862Z - info: Lazy website regeneration complete! Total build time: 0.613s
2020-07-10T13:02:42.578Z - info: Building C:\repos\nus-cs2103-AY2021S1\cs2103-website\schedule\week2\index as some of its dependencies were changed since the last visit
2020-07-10T13:02:43.821Z - info: Site data built
2020-07-10T13:02:43.821Z - info: Lazy website regeneration complete! Total build time: 1.244s
2020-07-10T13:02:46.575Z - info: Building C:\repos\nus-cs2103-AY2021S1\cs2103-website\schedule\week2\topics as some of its dependencies were changed since the last visit
2020-07-10T13:02:49.140Z - info: Site data built
2020-07-10T13:02:49.141Z - info: Lazy website regeneration complete! Total build time: 2.567s
2020-07-10T13:03:43.956Z - info: [9:03:43 PM] Reload for file change: C:\repos\nus-cs2103-AY2021S1\cs2103-website\book\softwareEngineering\introduction\prosAndCons\text.md
2020-07-10T13:03:44.961Z - info: Rebuilding 1 pages
2020-07-10T13:03:48.069Z - info: Pages rebuilt
2020-07-10T13:03:48.069Z - info: Website regeneration complete! Total build time: 3.11s
2020-07-10T13:03:48.089Z - info: Site data built
2020-07-10T13:04:19.214Z - info: [9:04:19 PM] Reload for file change: C:\repos\nus-cs2103-AY2021S1\cs2103-website\book\softwareEngineering\introduction\prosAndCons\text.md
2020-07-10T13:04:20.218Z - info: Rebuilding 1 pages
2020-07-10T13:04:23.458Z - info: Pages rebuilt
2020-07-10T13:04:23.459Z - info: Website regeneration complete! Total build time: 3.243s
2020-07-10T13:04:23.472Z - info: Site data built
2020-07-10T13:07:19.130Z - info: Website generation started at 9:07:16 PM
2020-07-10T13:07:27.641Z - info: Building assets...
2020-07-10T13:07:34.198Z - info: Assets built
2020-07-10T13:07:34.199Z - info: Generating pages...
2020-07-10T13:07:48.560Z - debug: The process cannot access the file because it is being used by another process.

2020-07-10T13:07:48.561Z - debug: The process cannot access the file because it is being used by another process.

2020-07-10T13:07:51.665Z - debug:  
2020-07-10T13:07:51.665Z - debug:  
2020-07-10T13:07:51.665Z - debug:  
2020-07-10T13:07:51.665Z - debug:  
2020-07-10T13:07:57.642Z - debug: The process cannot access the file because it is being used by another process.

2020-07-10T13:07:57.642Z - debug: The process cannot access the file because it is being used by another process.

2020-07-10T13:07:57.642Z - debug: The process cannot access the file because it is being used by another process.

2020-07-10T13:07:57.643Z - debug: The process cannot access the file because it is being used by another process.

2020-07-10T13:07:57.643Z - debug:  
2020-07-10T13:07:57.643Z - debug:  
2020-07-10T13:07:57.643Z - debug:  
2020-07-10T13:07:57.643Z - debug:  
2020-07-10T13:07:57.644Z - debug:  
2020-07-10T13:08:00.518Z - debug: The process cannot access the file because it is being used by another process.

2020-07-10T13:08:00.519Z - debug: The process cannot access the file because it is being used by another process.

2020-07-10T13:08:00.581Z - debug: The process cannot access the file because it is being used by another process.

2020-07-10T13:08:00.581Z - debug: The process cannot access the file because it is being used by another process.

2020-07-10T13:08:01.759Z - debug:  
2020-07-10T13:08:01.759Z - debug:  
2020-07-10T13:08:21.008Z - debug: The process cannot access the file because it is being used by another process.

2020-07-10T13:08:21.011Z - debug: The process cannot access the file because it is being used by another process.

2020-07-10T13:08:22.252Z - debug: The process cannot access the file because it is being used by another process.

2020-07-10T13:08:22.253Z - debug:  
2020-07-10T13:08:22.253Z - debug: The process cannot access the file because it is being used by another process.

2020-07-10T13:08:22.254Z - debug:  
2020-07-10T13:08:26.211Z - debug:  
2020-07-10T13:08:26.410Z - debug:  
2020-07-10T13:08:31.641Z - debug: The process cannot access the file because it is being used by another process.

2020-07-10T13:08:33.325Z - debug: The process cannot access the file because it is being used by another process.

2020-07-10T13:08:33.498Z - debug:  
2020-07-10T13:09:36.504Z - debug:  
2020-07-10T13:09:36.505Z - debug:  
2020-07-10T13:09:36.505Z - debug:  
2020-07-10T13:09:36.506Z - debug:  
2020-07-10T13:09:41.016Z - debug:  
2020-07-10T13:09:41.157Z - debug:  
2020-07-10T13:09:50.317Z - debug:  
2020-07-10T13:09:50.336Z - debug:  
2020-07-10T13:09:50.459Z - debug:  
2020-07-10T13:09:50.460Z - debug:  
2020-07-10T13:09:50.461Z - debug:  
2020-07-10T13:09:57.429Z - debug:  
2020-07-10T13:09:57.430Z - debug:  
2020-07-10T13:10:01.872Z - debug:  
2020-07-10T13:10:14.711Z - debug:  
2020-07-10T13:10:14.711Z - debug:  
2020-07-10T13:10:18.691Z - info: Pages built
2020-07-10T13:10:49.420Z - info: Website generation complete! Total build time: 212.9s
2020-07-10T13:10:50.227Z - info: Serving "C:\repos\nus-cs2103-AY2021S1\cs2103-website\_site" at http://127.0.0.1:8080
2020-07-10T13:10:50.228Z - info: Press CTRL+C to stop ...
2020-07-10T13:10:50.290Z - info: Site data built
2020-07-10T14:48:55.225Z - info: Website generation (lazy) started at 10:48:45 PM
2020-07-10T14:49:08.816Z - info: Building assets...
2020-07-10T14:49:14.951Z - info: Assets built
2020-07-10T14:49:14.952Z - info: Generating landing page...
2020-07-10T14:49:15.881Z - info: Landing page built, other pages will be built as you navigate to them!
2020-07-10T14:49:15.990Z - info: Website generation (lazy) complete! Total build time: 30.553s
2020-07-10T14:49:17.418Z - info: Serving "C:\repos\nus-cs2103-AY2021S1\cs2103-website\_site" at http://127.0.0.1:8080
2020-07-10T14:49:17.419Z - info: Press CTRL+C to stop ...
2020-07-10T14:49:17.534Z - info: Site data built
2020-07-10T14:53:13.068Z - info: [10:53:13 PM] Reload for file change: C:\repos\nus-cs2103-AY2021S1\cs2103-website\admin\moduleOverview.md
2020-07-10T14:53:14.137Z - info: Rebuilding 1 pages
2020-07-10T14:53:14.803Z - info: Pages rebuilt
2020-07-10T14:53:14.804Z - info: Website regeneration complete! Total build time: 0.716s
2020-07-10T14:53:14.827Z - info: Site data built
2020-07-10T14:53:53.298Z - info: [10:53:53 PM] Reload for file change: C:\repos\nus-cs2103-AY2021S1\cs2103-website\admin\moduleOverview.md
2020-07-10T14:53:54.318Z - info: Rebuilding 1 pages
2020-07-10T14:53:54.847Z - info: Pages rebuilt
2020-07-10T14:53:54.847Z - info: Website regeneration complete! Total build time: 0.533s
2020-07-10T14:53:54.856Z - info: Site data built
2020-07-10T14:55:01.136Z - info: [10:55:01 PM] Reload for file change: C:\repos\nus-cs2103-AY2021S1\cs2103-website\admin\moduleOverview.md
2020-07-10T14:55:02.143Z - info: Rebuilding 1 pages
2020-07-10T14:55:02.771Z - info: Pages rebuilt
2020-07-10T14:55:02.771Z - info: Website regeneration complete! Total build time: 0.634s
2020-07-10T14:55:02.786Z - info: Site data built
2020-07-10T14:55:16.809Z - info: Building C:\repos\nus-cs2103-AY2021S1\cs2103-website\admin\usingThisWebsite as some of its dependencies were changed since the last visit
2020-07-10T14:55:17.625Z - info: Site data built
2020-07-10T14:55:17.627Z - info: Lazy website regeneration complete! Total build time: 0.819s
2020-07-10T14:55:31.484Z - info: Building C:\repos\nus-cs2103-AY2021S1\cs2103-website\admin\moduleExpectations as some of its dependencies were changed since the last visit
2020-07-10T14:55:31.776Z - info: Site data built
2020-07-10T14:55:31.777Z - info: Lazy website regeneration complete! Total build time: 0.292s
2020-07-10T15:05:51.038Z - info: [11:05:51 PM] Reload for file change: C:\repos\nus-cs2103-AY2021S1\cs2103-website\se-book-adapted\config.njk
2020-07-10T15:05:51.056Z - info: [11:05:51 PM] Reload for file change: C:\repos\nus-cs2103-AY2021S1\cs2103-website\_module-TIC4001\textbookTopics.mbdf
2020-07-10T15:05:52.103Z - info: No pages needed to be rebuilt
2020-07-10T15:05:52.126Z - info: Assets built
2020-07-10T15:07:11.644Z - info: [11:07:11 PM] Reload for file change: C:\repos\nus-cs2103-AY2021S1\cs2103-website\_module-TIC4001\textbookTopics.mbdf
2020-07-10T15:07:12.654Z - info: No pages needed to be rebuilt
2020-07-10T15:07:52.286Z - info: Website generation (lazy) started at 11:07:49 PM
2020-07-10T15:08:04.218Z - info: Building assets...
2020-07-10T15:08:14.165Z - info: Assets built
2020-07-10T15:08:14.166Z - info: Generating landing page...
2020-07-10T15:08:15.028Z - info: Landing page built, other pages will be built as you navigate to them!
2020-07-10T15:08:15.132Z - info: Website generation (lazy) complete! Total build time: 25.764s
2020-07-10T15:08:16.219Z - info: Serving "C:\repos\nus-cs2103-AY2021S1\cs2103-website\_site" at http://127.0.0.1:8080
2020-07-10T15:08:16.221Z - info: Press CTRL+C to stop ...
2020-07-10T15:08:16.353Z - info: Site data built
2020-07-10T15:09:01.637Z - info: Building C:\repos\nus-cs2103-AY2021S1\cs2103-website\se-book-adapted\index as some of its dependencies were changed since the last visit
2020-07-10T15:09:02.132Z - info: Site data built
2020-07-10T15:09:02.132Z - info: Lazy website regeneration complete! Total build time: 0.497s
2020-07-10T15:09:09.864Z - info: Building C:\repos\nus-cs2103-AY2021S1\cs2103-website\se-book-adapted\print as some of its dependencies were changed since the last visit
2020-07-10T15:09:24.979Z - debug:  
2020-07-10T15:09:24.979Z - debug:  
2020-07-10T15:09:24.979Z - debug:  
2020-07-10T15:09:24.980Z - debug:  
2020-07-10T15:09:26.903Z - debug:  
2020-07-10T15:09:26.905Z - debug:  
2020-07-10T15:09:26.905Z - debug:  
2020-07-10T15:09:26.918Z - info: Site data built
2020-07-10T15:09:26.919Z - info: Lazy website regeneration complete! Total build time: 17.056s
2020-07-10T15:16:32.712Z - info: [11:16:32 PM] Reload for file change: C:\repos\nus-cs2103-AY2021S1\cs2103-website\_module-TIC4001\textbookTopics.mbdf
2020-07-10T15:16:33.719Z - info: No pages needed to be rebuilt
2020-07-10T15:17:52.246Z - info: [11:17:52 PM] Reload for file change: C:\repos\nus-cs2103-AY2021S1\cs2103-website\se-book-adapted\config.njk
2020-07-10T15:17:52.259Z - info: [11:17:52 PM] Reload for file change: C:\repos\nus-cs2103-AY2021S1\cs2103-website\_module-TIC4001\textbookTopics.mbdf
2020-07-10T15:17:53.266Z - info: No pages needed to be rebuilt
2020-07-10T15:17:53.315Z - info: Assets built
2020-07-10T15:18:35.550Z - info: Website generation (lazy) started at 11:18:32 PM
2020-07-10T15:18:48.546Z - info: Building assets...
2020-07-10T15:18:56.502Z - info: Assets built
2020-07-10T15:18:56.503Z - info: Generating landing page...
2020-07-10T15:18:57.504Z - info: Landing page built, other pages will be built as you navigate to them!
2020-07-10T15:18:57.606Z - info: Website generation (lazy) complete! Total build time: 25.061s
2020-07-10T15:18:58.540Z - info: Serving "C:\repos\nus-cs2103-AY2021S1\cs2103-website\_site" at http://127.0.0.1:8080
2020-07-10T15:18:58.540Z - info: Press CTRL+C to stop ...
2020-07-10T15:18:58.617Z - info: Site data built
2020-07-10T15:22:33.777Z - info: Building C:\repos\nus-cs2103-AY2021S1\cs2103-website\se-book-adapted\print as some of its dependencies were changed since the last visit
2020-07-10T15:22:46.061Z - debug:  
2020-07-10T15:22:46.065Z - debug: The process cannot access the file because it is being used by another process.

2020-07-10T15:22:46.065Z - debug:  
2020-07-10T15:22:46.066Z - debug:  
2020-07-10T15:22:46.066Z - debug:  
2020-07-10T15:22:47.198Z - debug:  
2020-07-10T15:22:47.211Z - info: Site data built
2020-07-10T15:22:47.212Z - info: Lazy website regeneration complete! Total build time: 13.436s
2020-07-10T15:22:47.222Z - info: Building C:\repos\nus-cs2103-AY2021S1\cs2103-website\se-book-adapted\index as some of its dependencies were changed since the last visit
2020-07-10T15:22:47.481Z - info: Site data built
2020-07-10T15:22:47.483Z - info: Lazy website regeneration complete! Total build time: 0.262s
2020-07-10T15:23:19.146Z - info: Building C:\repos\nus-cs2103-AY2021S1\cs2103-website\se-book-adapted\chapters\architecture as some of its dependencies were changed since the last visit
2020-07-10T15:23:20.008Z - info: Site data built
2020-07-10T15:23:20.009Z - info: Lazy website regeneration complete! Total build time: 0.864s
2020-07-10T15:24:51.291Z - info: [11:24:51 PM] Reload for file change: C:\repos\nus-cs2103-AY2021S1\cs2103-website\_module-TIC4001\textbookTopics.mbdf
2020-07-10T15:24:52.298Z - info: No pages needed to be rebuilt
2020-07-10T15:25:02.543Z - info: [11:25:02 PM] Reload for file change: C:\repos\nus-cs2103-AY2021S1\cs2103-website\_module-TIC4001\textbookTopics.mbdf
2020-07-10T15:25:03.550Z - info: No pages needed to be rebuilt
2020-07-10T15:25:48.259Z - info: [11:25:48 PM] Reload for file change: C:\repos\nus-cs2103-AY2021S1\cs2103-website\_module-TIC4001\textbookTopics.mbdf
2020-07-10T15:25:49.261Z - info: No pages needed to be rebuilt
2020-07-10T15:26:40.558Z - info: [11:26:40 PM] Reload for file change: C:\repos\nus-cs2103-AY2021S1\cs2103-website\_module-TIC4001\textbookTopics.mbdf
2020-07-10T15:26:41.564Z - info: No pages needed to be rebuilt
2020-07-10T15:31:45.166Z - info: [11:31:45 PM] Reload for file change: C:\repos\nus-cs2103-AY2021S1\cs2103-website\_module-TIC4001\textbookTopics.mbdf
2020-07-10T15:31:46.169Z - info: No pages needed to be rebuilt
2020-07-10T15:35:05.465Z - info: [11:35:05 PM] Reload for file change: C:\repos\nus-cs2103-AY2021S1\cs2103-website\_module-TIC4001\textbookTopics.mbdf
2020-07-10T15:35:06.488Z - info: No pages needed to be rebuilt
2020-07-10T15:35:16.249Z - info: Website generation (lazy) started at 11:35:13 PM
2020-07-10T15:35:29.238Z - info: Building assets...
2020-07-10T15:35:40.824Z - info: Assets built
2020-07-10T15:35:40.825Z - info: Generating landing page...
2020-07-10T15:35:42.085Z - info: Landing page built, other pages will be built as you navigate to them!
2020-07-10T15:35:42.226Z - info: Website generation (lazy) complete! Total build time: 29.038s
2020-07-10T15:35:43.208Z - info: Serving "C:\repos\nus-cs2103-AY2021S1\cs2103-website\_site" at http://127.0.0.1:8080
2020-07-10T15:35:43.209Z - info: Press CTRL+C to stop ...
2020-07-10T15:35:43.266Z - info: Site data built
2020-07-10T15:38:53.270Z - info: Building C:\repos\nus-cs2103-AY2021S1\cs2103-website\se-book-adapted\index as some of its dependencies were changed since the last visit
2020-07-10T15:38:53.796Z - info: Site data built
2020-07-10T15:38:53.798Z - info: Lazy website regeneration complete! Total build time: 0.541s
2020-07-10T15:38:59.818Z - info: Building C:\repos\nus-cs2103-AY2021S1\cs2103-website\se-book-adapted\print as some of its dependencies were changed since the last visit
2020-07-10T15:39:15.382Z - debug:  
2020-07-10T15:39:15.383Z - debug:  
2020-07-10T15:39:15.383Z - debug:  
2020-07-10T15:39:15.383Z - debug:  
2020-07-10T15:39:17.198Z - debug:  
2020-07-10T15:39:17.199Z - debug:  
2020-07-10T15:39:17.210Z - info: Site data built
2020-07-10T15:39:17.210Z - info: Lazy website regeneration complete! Total build time: 17.392s
2020-07-10T15:46:23.471Z - info: [11:46:23 PM] Reload for file change: C:\repos\nus-cs2103-AY2021S1\cs2103-website\_module-TIC4001\textbookTopics.mbdf
2020-07-10T15:46:24.481Z - info: No pages needed to be rebuilt
2020-07-10T15:54:57.020Z - info: [11:54:57 PM] Reload for file change: C:\repos\nus-cs2103-AY2021S1\cs2103-website\_module-TIC4001\textbookTopics.mbdf
2020-07-10T15:54:58.044Z - info: No pages needed to be rebuilt
2020-07-10T15:56:19.323Z - info: Website generation (lazy) started at 11:56:15 PM
2020-07-10T15:56:35.344Z - info: Building assets...
2020-07-10T15:56:44.082Z - info: Assets built
2020-07-10T15:56:44.089Z - info: Generating landing page...
2020-07-10T15:56:45.918Z - info: Landing page built, other pages will be built as you navigate to them!
2020-07-10T15:56:46.022Z - info: Website generation (lazy) complete! Total build time: 30.323s
2020-07-10T15:56:46.900Z - info: Serving "C:\repos\nus-cs2103-AY2021S1\cs2103-website\_site" at http://127.0.0.1:8080
2020-07-10T15:56:46.901Z - info: Press CTRL+C to stop ...
2020-07-10T15:56:46.973Z - info: Site data built
