2020-08-04T05:11:01.141Z - info: Website generation (lazy) started at 1:10:35 PM
2020-08-04T05:11:19.276Z - info: Building assets...
2020-08-04T05:11:40.542Z - info: Assets built
2020-08-04T05:11:40.574Z - info: Generating landing page...
2020-08-04T05:11:43.926Z - info: Landing page built, other pages will be built as you navigate to them!
2020-08-04T05:11:45.239Z - info: Website generation (lazy) complete! Total build time: 69.481s
2020-08-04T05:11:46.996Z - info: Serving "C:\repos\nus-cs2103-AY2021S1\cs2103-website\_site" at http://127.0.0.1:8080
2020-08-04T05:11:46.997Z - info: Press CTRL+C to stop ...
2020-08-04T05:11:47.080Z - info: Site data built
2020-08-04T05:13:04.542Z - info: [1:13:04 PM] Reload for file change: C:\repos\nus-cs2103-AY2021S1\cs2103-website\book\cppToJava\gettingStarted\running\q-runHelloWorld.md
2020-08-04T05:13:04.557Z - info: [1:13:04 PM] Reload for file add: C:\repos\nus-cs2103-AY2021S1\cs2103-website\book\cppToJava\gettingStarted\running\q-byeWorld.md
2020-08-04T05:13:05.548Z - info: No pages needed to be rebuilt
2020-08-04T05:13:05.557Z - info: File added or removed, updating list of site's pages...
2020-08-04T05:13:10.702Z - info: Assets removed
2020-08-04T05:13:11.846Z - info: Building C:\repos\nus-cs2103-AY2021S1\cs2103-website\index as some of its dependencies were changed since the last visit
2020-08-04T05:13:12.413Z - info: Site data built
2020-08-04T05:13:12.414Z - info: Lazy website regeneration complete! Total build time: 0.57s
2020-08-04T05:13:30.023Z - info: [1:13:30 PM] Reload for file change: C:\repos\nus-cs2103-AY2021S1\cs2103-website\book\cppToJava\gettingStarted\running\q-runHelloWorld.md
2020-08-04T05:13:31.025Z - info: No pages needed to be rebuilt
2020-08-04T05:14:22.863Z - info: [1:14:22 PM] Reload for file change: C:\repos\nus-cs2103-AY2021S1\cs2103-website\book\cppToJava\gettingStarted\running\q-runHelloWorld.md
2020-08-04T05:14:22.873Z - info: [1:14:22 PM] Reload for file change: C:\repos\nus-cs2103-AY2021S1\cs2103-website\book\cppToJava\gettingStarted\running\q-byeWorld.md
2020-08-04T05:14:23.865Z - info: No pages needed to be rebuilt
2020-08-04T05:14:27.727Z - info: Building C:\repos\nus-cs2103-AY2021S1\cs2103-website\schedule\week1\index as some of its dependencies were changed since the last visit
2020-08-04T05:14:28.254Z - info: Site data built
2020-08-04T05:14:28.255Z - info: Lazy website regeneration complete! Total build time: 0.528s
2020-08-04T05:14:35.890Z - info: Building C:\repos\nus-cs2103-AY2021S1\cs2103-website\schedule\week1\topics as some of its dependencies were changed since the last visit
2020-08-04T05:14:36.076Z - info: Site data built
2020-08-04T05:14:36.077Z - info: Lazy website regeneration complete! Total build time: 0.188s
2020-08-04T05:15:27.000Z - info: Website generation (lazy) started at 1:15:22 PM
2020-08-04T05:15:36.305Z - info: Building assets...
2020-08-04T05:15:43.352Z - info: Assets built
2020-08-04T05:15:43.353Z - info: Generating landing page...
2020-08-04T05:15:45.541Z - info: Landing page built, other pages will be built as you navigate to them!
2020-08-04T05:15:45.652Z - info: Website generation (lazy) complete! Total build time: 23.116s
2020-08-04T05:15:46.629Z - info: Serving "C:\repos\nus-cs2103-AY2021S1\cs2103-website\_site" at http://127.0.0.1:8080
2020-08-04T05:15:46.630Z - info: Press CTRL+C to stop ...
2020-08-04T05:15:46.701Z - info: Site data built
2020-08-04T05:16:38.597Z - info: [1:16:38 PM] Reload for file change: C:\repos\nus-cs2103-AY2021S1\cs2103-website\book\cppToJava\gettingStarted\running\q-byeWorld.md
2020-08-04T05:16:39.609Z - info: No pages needed to be rebuilt
2020-08-04T05:16:41.897Z - info: Building C:\repos\nus-cs2103-AY2021S1\cs2103-website\schedule\week1\index as some of its dependencies were changed since the last visit
2020-08-04T05:16:42.712Z - info: Site data built
2020-08-04T05:16:42.713Z - info: Lazy website regeneration complete! Total build time: 0.816s
2020-08-04T05:16:45.233Z - info: Building C:\repos\nus-cs2103-AY2021S1\cs2103-website\schedule\week1\topics as some of its dependencies were changed since the last visit
2020-08-04T05:16:47.293Z - info: Site data built
2020-08-04T05:16:47.293Z - info: Lazy website regeneration complete! Total build time: 2.061s
2020-08-04T05:17:24.041Z - info: [1:17:24 PM] Reload for file change: C:\repos\nus-cs2103-AY2021S1\cs2103-website\book\cppToJava\gettingStarted\running\exercises.md
2020-08-04T05:17:25.046Z - info: Rebuilding 1 pages
2020-08-04T05:17:27.086Z - info: Pages rebuilt
2020-08-04T05:17:27.086Z - info: Website regeneration complete! Total build time: 2.042s
2020-08-04T05:17:27.097Z - info: Site data built
2020-08-04T05:17:39.241Z - info: [1:17:39 PM] Reload for file change: C:\repos\nus-cs2103-AY2021S1\cs2103-website\book\cppToJava\gettingStarted\running\q-byeWorld.md
2020-08-04T05:17:40.243Z - info: Rebuilding 1 pages
2020-08-04T05:17:42.050Z - info: Pages rebuilt
2020-08-04T05:17:42.050Z - info: Website regeneration complete! Total build time: 1.808s
2020-08-04T05:17:42.056Z - info: Site data built
2020-08-04T05:18:30.846Z - info: [1:18:30 PM] Reload for file change: C:\repos\nus-cs2103-AY2021S1\cs2103-website\book\cppToJava\gettingStarted\running\q-byeWorld.md
2020-08-04T05:18:31.851Z - info: Rebuilding 1 pages
2020-08-04T05:18:34.055Z - info: Pages rebuilt
2020-08-04T05:18:34.055Z - info: Website regeneration complete! Total build time: 2.206s
2020-08-04T05:18:34.113Z - info: Site data built
2020-08-04T05:19:39.671Z - info: [1:19:39 PM] Reload for file change: C:\repos\nus-cs2103-AY2021S1\cs2103-website\book\cppToJava\gettingStarted\running\q-runHelloWorld.md
2020-08-04T05:19:40.676Z - info: Rebuilding 1 pages
2020-08-04T05:19:42.744Z - info: Pages rebuilt
2020-08-04T05:19:42.744Z - info: Website regeneration complete! Total build time: 2.07s
2020-08-04T05:19:42.802Z - info: Site data built
2020-08-04T09:11:08.178Z - info: [5:11:08 PM] Reload for file change: C:\repos\nus-cs2103-AY2021S1\cs2103-website\admin\common-commentary.mbdf
2020-08-04T09:11:08.222Z - info: [5:11:08 PM] Reload for file change: C:\repos\nus-cs2103-AY2021S1\cs2103-website\admin\common-commentary.mbdf
2020-08-04T09:11:08.223Z - info: [5:11:08 PM] Reload for file change: C:\repos\nus-cs2103-AY2021S1\cs2103-website\schedule\week1\commentary-tic2002.mbdf
2020-08-04T09:11:09.303Z - info: Rebuilding 1 pages
2020-08-04T09:11:11.703Z - info: Pages rebuilt
2020-08-04T09:11:11.703Z - info: Website regeneration complete! Total build time: 2.472s
2020-08-04T09:11:11.766Z - info: Site data built
2020-08-04T09:15:36.520Z - info: [5:15:36 PM] Reload for file change: C:\repos\nus-cs2103-AY2021S1\cs2103-website\admin\common-commentary.mbdf
2020-08-04T09:15:37.530Z - info: Rebuilding 1 pages
2020-08-04T09:15:39.803Z - info: Pages rebuilt
2020-08-04T09:15:39.803Z - info: Website regeneration complete! Total build time: 2.277s
2020-08-04T09:15:39.859Z - info: Site data built
2020-08-04T09:15:57.116Z - info: [5:15:57 PM] Reload for file change: C:\repos\nus-cs2103-AY2021S1\cs2103-website\admin\common-commentary.mbdf
2020-08-04T09:15:58.132Z - info: Rebuilding 1 pages
2020-08-04T09:16:00.035Z - info: Pages rebuilt
2020-08-04T09:16:00.036Z - info: Website regeneration complete! Total build time: 1.908s
2020-08-04T09:16:00.041Z - info: Site data built
2020-08-04T09:16:06.249Z - info: [5:16:06 PM] Reload for file change: C:\repos\nus-cs2103-AY2021S1\cs2103-website\admin\common-commentary.mbdf
2020-08-04T09:16:07.266Z - info: Rebuilding 1 pages
2020-08-04T09:16:08.936Z - info: Pages rebuilt
2020-08-04T09:16:08.936Z - info: Website regeneration complete! Total build time: 1.675s
2020-08-04T09:16:08.941Z - info: Site data built
2020-08-04T09:18:40.696Z - info: [5:18:40 PM] Reload for file change: C:\repos\nus-cs2103-AY2021S1\cs2103-website\admin\common-commentary.mbdf
2020-08-04T09:18:41.699Z - info: Rebuilding 1 pages
2020-08-04T09:18:42.293Z - error:  Error: No such file: C:\repos\nus-cs2103-AY2021S1\cs2103-website\admin\index-{{ module | lower }}.md
Missing reference in C:\repos\nus-cs2103-AY2021S1\cs2103-website\admin\common-commentary.mbdf
    at _getFileExistsNode (C:\Users\damithch\AppData\Roaming\npm\node_modules\markbind-cli\node_modules\@markbind\core\src\preprocessors\componentPreprocessor.js:60:19)
    at _preprocessInclude (C:\Users\damithch\AppData\Roaming\npm\node_modules\markbind-cli\node_modules\@markbind\core\src\preprocessors\componentPreprocessor.js:217:26)
    at preProcessComponent (C:\Users\damithch\AppData\Roaming\npm\node_modules\markbind-cli\node_modules\@markbind\core\src\preprocessors\componentPreprocessor.js:349:12)
    at C:\Users\damithch\AppData\Roaming\npm\node_modules\markbind-cli\node_modules\@markbind\core\src\preprocessors\componentPreprocessor.js:124:46
    at Array.map (<anonymous>)
    at _preProcessPanel (C:\Users\damithch\AppData\Roaming\npm\node_modules\markbind-cli\node_modules\@markbind\core\src\preprocessors\componentPreprocessor.js:124:37)
    at preProcessComponent (C:\Users\damithch\AppData\Roaming\npm\node_modules\markbind-cli\node_modules\@markbind\core\src\preprocessors\componentPreprocessor.js:343:12)
    at C:\Users\damithch\AppData\Roaming\npm\node_modules\markbind-cli\node_modules\@markbind\core\src\preprocessors\componentPreprocessor.js:356:52
    at Array.map (<anonymous>)
    at preProcessComponent (C:\Users\damithch\AppData\Roaming\npm\node_modules\markbind-cli\node_modules\@markbind\core\src\preprocessors\componentPreprocessor.js:356:43)
    at C:\Users\damithch\AppData\Roaming\npm\node_modules\markbind-cli\node_modules\@markbind\core\src\preprocessors\componentPreprocessor.js:356:52
    at Array.map (<anonymous>)
    at preProcessComponent (C:\Users\damithch\AppData\Roaming\npm\node_modules\markbind-cli\node_modules\@markbind\core\src\preprocessors\componentPreprocessor.js:356:43)
    at C:\Users\damithch\AppData\Roaming\npm\node_modules\markbind-cli\node_modules\@markbind\core\src\preprocessors\componentPreprocessor.js:298:50
    at Array.map (<anonymous>)
    at _preprocessInclude (C:\Users\damithch\AppData\Roaming\npm\node_modules\markbind-cli\node_modules\@markbind\core\src\preprocessors\componentPreprocessor.js:298:41)
2020-08-04T09:18:43.825Z - info: Pages rebuilt
2020-08-04T09:18:43.825Z - info: Website regeneration complete! Total build time: 2.127s
2020-08-04T09:18:43.865Z - info: Site data built
2020-08-04T09:19:47.830Z - info: [5:19:47 PM] Reload for file change: C:\repos\nus-cs2103-AY2021S1\cs2103-website\admin\common-commentary.mbdf
2020-08-04T09:19:48.843Z - info: Rebuilding 1 pages
2020-08-04T09:19:49.305Z - error:  Template render error: (unknown path) [Line 107, Column 28]
  parseAggregate: expected colon after dict key
Error while preprocessing 'C:\repos\nus-cs2103-AY2021S1\cs2103-website\schedule\week1\topics.md'
    at Object._prettifyError (C:\Users\damithch\AppData\Roaming\npm\node_modules\markbind-cli\node_modules\nunjucks\src\lib.js:36:11)
    at Template.render (C:\Users\damithch\AppData\Roaming\npm\node_modules\markbind-cli\node_modules\nunjucks\src\environment.js:536:21)
    at Environment.renderString (C:\Users\damithch\AppData\Roaming\npm\node_modules\markbind-cli\node_modules\nunjucks\src\environment.js:378:17)
    at VariableRenderer.render (C:\Users\damithch\AppData\Roaming\npm\node_modules\markbind-cli\node_modules\@markbind\core\src\variables\VariableRenderer.js:79:17)
    at VariableProcessor.renderSiteVariables (C:\Users\damithch\AppData\Roaming\npm\node_modules\markbind-cli\node_modules\@markbind\core\src\variables\VariableProcessor.js:151:53)
    at VariableProcessor.renderIncludeFile (C:\Users\damithch\AppData\Roaming\npm\node_modules\markbind-cli\node_modules\@markbind\core\src\variables\VariableProcessor.js:390:34)
    at _preprocessInclude (C:\Users\damithch\AppData\Roaming\npm\node_modules\markbind-cli\node_modules\@markbind\core\src\preprocessors\componentPreprocessor.js:242:25)
    at preProcessComponent (C:\Users\damithch\AppData\Roaming\npm\node_modules\markbind-cli\node_modules\@markbind\core\src\preprocessors\componentPreprocessor.js:349:12)
    at C:\Users\damithch\AppData\Roaming\npm\node_modules\markbind-cli\node_modules\@markbind\core\src\preprocessors\componentPreprocessor.js:356:52
    at Array.map (<anonymous>)
    at preProcessComponent (C:\Users\damithch\AppData\Roaming\npm\node_modules\markbind-cli\node_modules\@markbind\core\src\preprocessors\componentPreprocessor.js:356:43)
    at C:\Users\damithch\AppData\Roaming\npm\node_modules\markbind-cli\node_modules\@markbind\core\src\preprocessors\componentPreprocessor.js:356:52
    at Array.map (<anonymous>)
    at preProcessComponent (C:\Users\damithch\AppData\Roaming\npm\node_modules\markbind-cli\node_modules\@markbind\core\src\preprocessors\componentPreprocessor.js:356:43)
    at C:\Users\damithch\AppData\Roaming\npm\node_modules\markbind-cli\node_modules\@markbind\core\src\preprocessors\componentPreprocessor.js:356:52
    at Array.map (<anonymous>)
2020-08-04T09:19:49.332Z - info: Pages rebuilt
2020-08-04T09:19:49.332Z - info: Website regeneration complete! Total build time: 0.498s
2020-08-04T09:19:49.335Z - info: Site data built
2020-08-04T09:20:20.721Z - info: [5:20:20 PM] Reload for file change: C:\repos\nus-cs2103-AY2021S1\cs2103-website\admin\common-commentary.mbdf
2020-08-04T09:20:21.728Z - info: Rebuilding 1 pages
2020-08-04T09:20:22.326Z - error:  Error: No such file: C:\repos\nus-cs2103-AY2021S1\cs2103-website\admin\index-tic2002.md
Missing reference in C:\repos\nus-cs2103-AY2021S1\cs2103-website\admin\common-commentary.mbdf
    at _getFileExistsNode (C:\Users\damithch\AppData\Roaming\npm\node_modules\markbind-cli\node_modules\@markbind\core\src\preprocessors\componentPreprocessor.js:60:19)
    at _preprocessInclude (C:\Users\damithch\AppData\Roaming\npm\node_modules\markbind-cli\node_modules\@markbind\core\src\preprocessors\componentPreprocessor.js:217:26)
    at preProcessComponent (C:\Users\damithch\AppData\Roaming\npm\node_modules\markbind-cli\node_modules\@markbind\core\src\preprocessors\componentPreprocessor.js:349:12)
    at C:\Users\damithch\AppData\Roaming\npm\node_modules\markbind-cli\node_modules\@markbind\core\src\preprocessors\componentPreprocessor.js:124:46
    at Array.map (<anonymous>)
    at _preProcessPanel (C:\Users\damithch\AppData\Roaming\npm\node_modules\markbind-cli\node_modules\@markbind\core\src\preprocessors\componentPreprocessor.js:124:37)
    at preProcessComponent (C:\Users\damithch\AppData\Roaming\npm\node_modules\markbind-cli\node_modules\@markbind\core\src\preprocessors\componentPreprocessor.js:343:12)
    at C:\Users\damithch\AppData\Roaming\npm\node_modules\markbind-cli\node_modules\@markbind\core\src\preprocessors\componentPreprocessor.js:356:52
    at Array.map (<anonymous>)
    at preProcessComponent (C:\Users\damithch\AppData\Roaming\npm\node_modules\markbind-cli\node_modules\@markbind\core\src\preprocessors\componentPreprocessor.js:356:43)
    at C:\Users\damithch\AppData\Roaming\npm\node_modules\markbind-cli\node_modules\@markbind\core\src\preprocessors\componentPreprocessor.js:356:52
    at Array.map (<anonymous>)
    at preProcessComponent (C:\Users\damithch\AppData\Roaming\npm\node_modules\markbind-cli\node_modules\@markbind\core\src\preprocessors\componentPreprocessor.js:356:43)
    at C:\Users\damithch\AppData\Roaming\npm\node_modules\markbind-cli\node_modules\@markbind\core\src\preprocessors\componentPreprocessor.js:298:50
    at Array.map (<anonymous>)
    at _preprocessInclude (C:\Users\damithch\AppData\Roaming\npm\node_modules\markbind-cli\node_modules\@markbind\core\src\preprocessors\componentPreprocessor.js:298:41)
2020-08-04T09:20:23.866Z - info: Pages rebuilt
2020-08-04T09:20:23.866Z - info: Website regeneration complete! Total build time: 2.141s
2020-08-04T09:20:23.870Z - info: Site data built
2020-08-04T09:21:10.971Z - info: [5:21:10 PM] Reload for file change: C:\repos\nus-cs2103-AY2021S1\cs2103-website\admin\common-commentary.mbdf
2020-08-04T09:21:11.982Z - info: Rebuilding 1 pages
2020-08-04T09:21:14.446Z - info: Pages rebuilt
2020-08-04T09:21:14.446Z - info: Website regeneration complete! Total build time: 2.466s
2020-08-04T09:21:14.497Z - info: Site data built
2020-08-04T09:22:02.120Z - info: [5:22:02 PM] Reload for file change: C:\repos\nus-cs2103-AY2021S1\cs2103-website\admin\common-commentary.mbdf
2020-08-04T09:22:03.139Z - info: Rebuilding 1 pages
2020-08-04T09:22:05.439Z - info: Pages rebuilt
2020-08-04T09:22:05.439Z - info: Website regeneration complete! Total build time: 2.303s
2020-08-04T09:22:05.500Z - info: Site data built
2020-08-04T14:18:06.239Z - info: Website generation (lazy) started at 10:18:01 PM
2020-08-04T14:18:21.085Z - info: Building assets...
2020-08-04T14:18:32.835Z - info: Assets built
2020-08-04T14:18:32.836Z - info: Generating landing page...
2020-08-04T14:18:33.728Z - info: Landing page built, other pages will be built as you navigate to them!
2020-08-04T14:18:33.843Z - info: Website generation (lazy) complete! Total build time: 32.165s
2020-08-04T14:18:34.636Z - info: Serving "C:\repos\nus-cs2103-AY2021S1\cs2103-website\_site" at http://127.0.0.1:8080
2020-08-04T14:18:34.636Z - info: Press CTRL+C to stop ...
2020-08-04T14:18:34.703Z - info: Site data built
2020-08-04T14:18:48.297Z - info: Building C:\repos\nus-cs2103-AY2021S1\cs2103-website\admin\tutorials as some of its dependencies were changed since the last visit
2020-08-04T14:18:48.770Z - info: Site data built
2020-08-04T14:18:48.771Z - info: Lazy website regeneration complete! Total build time: 0.475s
2020-08-04T14:33:55.734Z - info: [10:33:55 PM] Reload for file change: C:\repos\nus-cs2103-AY2021S1\cs2103-website\_module-CS2103\timetables.mbdf
2020-08-04T14:33:56.772Z - info: No pages needed to be rebuilt
2020-08-04T14:35:01.506Z - info: [10:35:01 PM] Reload for file change: C:\repos\nus-cs2103-AY2021S1\cs2103-website\_module-CS2103\timetables.mbdf
2020-08-04T14:35:02.510Z - info: No pages needed to be rebuilt
2020-08-04T14:42:25.613Z - info: [10:42:25 PM] Reload for file change: C:\repos\nus-cs2103-AY2021S1\cs2103-website\_module-CS2103\timetables.mbdf
2020-08-04T14:42:26.618Z - info: No pages needed to be rebuilt
2020-08-04T14:42:51.525Z - info: Website generation (lazy) started at 10:42:47 PM
2020-08-04T14:43:05.504Z - info: Building assets...
2020-08-04T14:43:12.694Z - info: Assets built
2020-08-04T14:43:12.696Z - info: Generating landing page...
2020-08-04T14:43:14.005Z - info: Landing page built, other pages will be built as you navigate to them!
2020-08-04T14:43:14.202Z - info: Website generation (lazy) complete! Total build time: 26.273s
2020-08-04T14:43:15.580Z - info: Serving "C:\repos\nus-cs2103-AY2021S1\cs2103-website\_site" at http://127.0.0.1:8080
2020-08-04T14:43:15.581Z - info: Press CTRL+C to stop ...
2020-08-04T14:43:15.660Z - info: Site data built
2020-08-04T14:43:53.720Z - info: Building C:\repos\nus-cs2103-AY2021S1\cs2103-website\admin\tutorials as some of its dependencies were changed since the last visit
2020-08-04T14:43:54.664Z - info: Site data built
2020-08-04T14:43:54.665Z - info: Lazy website regeneration complete! Total build time: 0.947s
2020-08-04T15:54:10.986Z - info: [11:54:10 PM] Reload for file change: C:\repos\nus-cs2103-AY2021S1\cs2103-website\_module-CS2103\timetables.mbdf
2020-08-04T15:54:11.013Z - info: [11:54:11 PM] Reload for file change: C:\repos\nus-cs2103-AY2021S1\cs2103-website\_module-CS2103\timetables.mbdf
2020-08-04T15:54:12.035Z - info: No pages needed to be rebuilt
