2020-08-28T07:00:14.090Z - info: Website generation (lazy) started at 3:00:06 PM
2020-08-28T07:00:30.269Z - info: Building assets...
2020-08-28T07:00:37.531Z - info: Assets built
2020-08-28T07:00:37.532Z - info: Generating landing page...
2020-08-28T07:00:39.299Z - info: Landing page built, other pages will be built as you navigate to them!
2020-08-28T07:00:39.423Z - info: Website generation (lazy) complete! Total build time: 33.198s
2020-08-28T07:00:40.463Z - info: Serving "C:\repos\nus-cs2103-AY2021S1\cs2103-website\_site" at http://127.0.0.1:8080
2020-08-28T07:00:40.463Z - info: Press CTRL+C to stop ...
2020-08-28T07:00:40.538Z - info: Site data built
2020-08-28T07:01:01.504Z - info: Building C:\repos\nus-cs2103-AY2021S1\cs2103-website\schedule\week4\index as some of its dependencies were changed since the last visit
2020-08-28T07:01:02.697Z - info: Site data built
2020-08-28T07:01:02.698Z - info: Lazy website regeneration complete! Total build time: 1.195s
2020-08-28T07:02:38.247Z - info: Building C:\repos\nus-cs2103-AY2021S1\cs2103-website\schedule\week4\admin as some of its dependencies were changed since the last visit
2020-08-28T07:02:39.066Z - info: Site data built
2020-08-28T07:02:39.066Z - info: Lazy website regeneration complete! Total build time: 0.82s
2020-08-28T07:02:42.884Z - info: Building C:\repos\nus-cs2103-AY2021S1\cs2103-website\schedule\week4\project as some of its dependencies were changed since the last visit
2020-08-28T07:02:44.693Z - info: Site data built
2020-08-28T07:02:44.693Z - info: Lazy website regeneration complete! Total build time: 1.81s
2020-08-28T07:04:13.916Z - info: [3:04:13 PM] Reload for file change: C:\repos\nus-cs2103-AY2021S1\cs2103-website\admin\tp-tasks.mbdf
2020-08-28T07:04:14.931Z - info: Rebuilding 1 pages
2020-08-28T07:04:16.908Z - info: Pages rebuilt
2020-08-28T07:04:16.909Z - info: Website regeneration complete! Total build time: 1.981s
2020-08-28T07:04:16.919Z - info: Site data built
2020-08-28T07:06:33.748Z - info: Website generation started at 3:06:30 PM
2020-08-28T07:06:46.581Z - info: Building assets...
2020-08-28T07:06:55.967Z - info: Assets built
2020-08-28T07:06:55.968Z - info: Generating pages...
2020-08-28T07:07:14.645Z - debug: The process cannot access the file because it is being used by another process.

2020-08-28T07:07:14.681Z - debug: The process cannot access the file because it is being used by another process.

2020-08-28T07:07:19.180Z - debug:  
2020-08-28T07:07:19.181Z - debug:  
2020-08-28T07:07:19.182Z - debug:  
2020-08-28T07:07:19.182Z - debug:  
2020-08-28T07:07:26.773Z - debug: The process cannot access the file because it is being used by another process.

2020-08-28T07:07:26.774Z - debug: The process cannot access the file because it is being used by another process.

2020-08-28T07:07:26.774Z - debug: The process cannot access the file because it is being used by another process.

2020-08-28T07:07:26.774Z - debug: The process cannot access the file because it is being used by another process.

2020-08-28T07:07:26.775Z - debug:  
2020-08-28T07:07:26.775Z - debug:  
2020-08-28T07:07:26.775Z - debug:  
2020-08-28T07:07:26.854Z - debug:  
2020-08-28T07:07:26.856Z - debug:  
2020-08-28T07:07:30.586Z - debug: The process cannot access the file because it is being used by another process.

2020-08-28T07:07:30.587Z - debug: The process cannot access the file because it is being used by another process.

2020-08-28T07:07:30.595Z - debug: The process cannot access the file because it is being used by another process.

2020-08-28T07:07:30.595Z - debug: The process cannot access the file because it is being used by another process.

2020-08-28T07:07:31.529Z - debug:  
2020-08-28T07:07:31.869Z - debug:  
2020-08-28T07:07:56.722Z - debug: The process cannot access the file because it is being used by another process.

2020-08-28T07:07:56.825Z - debug: The process cannot access the file because it is being used by another process.

2020-08-28T07:07:58.020Z - debug:  
2020-08-28T07:07:58.218Z - debug:  
2020-08-28T07:08:01.373Z - debug: The process cannot access the file because it is being used by another process.

2020-08-28T07:08:01.373Z - debug: The process cannot access the file because it is being used by another process.

2020-08-28T07:08:01.593Z - debug:  
2020-08-28T07:08:01.593Z - debug:  
2020-08-28T07:08:09.261Z - debug: The process cannot access the file because it is being used by another process.

2020-08-28T07:08:11.481Z - debug: The process cannot access the file because it is being used by another process.

2020-08-28T07:08:11.734Z - debug:  
2020-08-28T07:08:36.067Z - debug:  
2020-08-28T07:08:36.172Z - debug:  
2020-08-28T07:08:36.172Z - debug:  
2020-08-28T07:08:36.174Z - debug:  
2020-08-28T07:08:41.019Z - debug:  
2020-08-28T07:08:41.027Z - debug:  
2020-08-28T07:08:47.058Z - debug:  
2020-08-28T07:08:51.722Z - debug:  
2020-08-28T07:08:51.722Z - debug:  
2020-08-28T07:08:51.722Z - debug:  
2020-08-28T07:08:51.722Z - debug:  
2020-08-28T07:08:59.032Z - debug:  
2020-08-28T07:08:59.032Z - debug:  
2020-08-28T07:09:03.742Z - debug:  
2020-08-28T07:09:08.987Z - debug:  
2020-08-28T07:09:23.437Z - debug:  
2020-08-28T07:09:23.437Z - debug:  
2020-08-28T07:09:45.953Z - debug:  
2020-08-28T07:09:56.640Z - debug:  
2020-08-28T07:09:56.641Z - debug:  
2020-08-28T07:10:05.474Z - info: Pages built
2020-08-28T07:10:35.482Z - info: Website generation complete! Total build time: 245.367s
2020-08-28T07:10:35.485Z - info: Build success!
2020-08-28T07:10:35.485Z - debug:  
2020-08-28T07:10:35.489Z - info: Site data built
2020-08-28T07:11:27.335Z - info: Deployed!
2020-08-28T14:47:14.080Z - info: Website generation (lazy) started at 10:47:04 PM
2020-08-28T14:47:26.323Z - info: Building assets...
2020-08-28T14:47:32.608Z - info: Assets built
2020-08-28T14:47:32.608Z - info: Generating landing page...
2020-08-28T14:47:34.275Z - info: Landing page built, other pages will be built as you navigate to them!
2020-08-28T14:47:34.385Z - info: Website generation (lazy) complete! Total build time: 30.115s
2020-08-28T14:47:35.326Z - info: Serving "C:\repos\nus-cs2103-AY2021S1\cs2103-website\_site" at http://127.0.0.1:8080
2020-08-28T14:47:35.327Z - info: Press CTRL+C to stop ...
2020-08-28T14:47:35.416Z - info: Site data built
2020-08-28T14:47:57.487Z - info: Building C:\repos\nus-cs2103-AY2021S1\cs2103-website\admin\index as some of its dependencies were changed since the last visit
2020-08-28T14:47:58.231Z - info: Site data built
2020-08-28T14:47:58.232Z - info: Lazy website regeneration complete! Total build time: 0.747s
2020-08-28T14:48:31.058Z - info: Building C:\repos\nus-cs2103-AY2021S1\cs2103-website\admin\gradeBreakdown as some of its dependencies were changed since the last visit
2020-08-28T14:48:33.517Z - info: Site data built
2020-08-28T14:48:33.517Z - info: Lazy website regeneration complete! Total build time: 2.461s
2020-08-28T14:48:34.021Z - debug:  
2020-08-28T14:53:05.830Z - info: [10:53:05 PM] Reload for file change: C:\repos\nus-cs2103-AY2021S1\cs2103-website\_markbind\headers\header.md
2020-08-28T14:53:06.836Z - info: Rebuilding 1 pages
2020-08-28T14:53:09.045Z - info: Pages rebuilt
2020-08-28T14:53:09.046Z - info: Website regeneration complete! Total build time: 2.212s
2020-08-28T14:53:09.061Z - info: Site data built
2020-08-28T14:53:09.486Z - debug:  
2020-08-28T14:54:04.017Z - info: [10:54:04 PM] Reload for file change: C:\repos\nus-cs2103-AY2021S1\cs2103-website\_markbind\headers\header.md
2020-08-28T14:54:05.025Z - info: Rebuilding 1 pages
2020-08-28T14:54:06.874Z - info: Pages rebuilt
2020-08-28T14:54:06.874Z - info: Website regeneration complete! Total build time: 1.856s
2020-08-28T14:54:06.952Z - info: Site data built
2020-08-28T14:54:07.611Z - debug:  
2020-08-28T14:57:27.823Z - info: Website generation started at 10:57:24 PM
2020-08-28T14:57:37.779Z - info: Building assets...
