2020-08-25T04:29:52.772Z - info: Website generation (lazy) started at 12:29:44 PM
2020-08-25T04:30:02.062Z - info: Building assets...
2020-08-25T04:30:07.563Z - info: Assets built
2020-08-25T04:30:07.567Z - info: Generating landing page...
2020-08-25T04:30:08.990Z - info: Landing page built, other pages will be built as you navigate to them!
2020-08-25T04:30:09.115Z - info: Website generation (lazy) complete! Total build time: 24.191s
2020-08-25T04:30:10.237Z - info: Serving "C:\repos\nus-cs2103-AY2021S1\cs2103-website\_site" at http://127.0.0.1:8080
2020-08-25T04:30:10.237Z - info: Press CTRL+C to stop ...
2020-08-25T04:30:10.303Z - info: Site data built
2020-08-25T04:38:37.691Z - info: Building C:\repos\nus-cs2103-AY2021S1\cs2103-website\admin\teamList as some of its dependencies were changed since the last visit
2020-08-25T04:38:38.895Z - info: Site data built
2020-08-25T04:38:38.896Z - info: Lazy website regeneration complete! Total build time: 1.216s
2020-08-25T04:39:53.757Z - info: [12:39:53 PM] Reload for file change: C:\repos\nus-cs2103-AY2021S1\cs2103-website\admin\teamList.md
2020-08-25T04:39:54.770Z - info: Rebuilding 1 pages
2020-08-25T04:39:54.985Z - info: Pages rebuilt
2020-08-25T04:39:54.986Z - info: Website regeneration complete! Total build time: 0.222s
2020-08-25T04:39:54.989Z - info: Site data built
2020-08-25T04:40:00.311Z - info: [12:40:00 PM] Reload for file change: C:\repos\nus-cs2103-AY2021S1\cs2103-website\admin\teamList.md
2020-08-25T04:40:01.320Z - info: Rebuilding 1 pages
2020-08-25T04:40:01.545Z - info: Pages rebuilt
2020-08-25T04:40:01.545Z - info: Website regeneration complete! Total build time: 0.228s
2020-08-25T04:40:01.549Z - info: Site data built
2020-08-25T04:41:33.496Z - info: [12:41:33 PM] Reload for file change: C:\repos\nus-cs2103-AY2021S1\cs2103-website\admin\teamList.md
2020-08-25T04:41:34.503Z - info: Rebuilding 1 pages
2020-08-25T04:41:34.690Z - info: Pages rebuilt
2020-08-25T04:41:34.690Z - info: Website regeneration complete! Total build time: 0.189s
2020-08-25T04:41:34.693Z - info: Site data built
2020-08-25T04:41:47.359Z - info: [12:41:47 PM] Reload for file change: C:\repos\nus-cs2103-AY2021S1\cs2103-website\admin\teamList.md
2020-08-25T04:41:48.370Z - info: Rebuilding 1 pages
2020-08-25T04:41:48.638Z - info: Pages rebuilt
2020-08-25T04:41:48.639Z - info: Website regeneration complete! Total build time: 0.27s
2020-08-25T04:41:48.642Z - info: Site data built
2020-08-25T04:57:15.109Z - info: [12:57:15 PM] Reload for file change: C:\repos\nus-cs2103-AY2021S1\cs2103-website\admin\teamList.md
2020-08-25T04:57:16.168Z - info: Rebuilding 1 pages
2020-08-25T04:57:16.438Z - info: Pages rebuilt
2020-08-25T04:57:16.439Z - info: Website regeneration complete! Total build time: 0.321s
2020-08-25T04:57:16.443Z - info: Site data built
2020-08-25T04:59:55.919Z - info: Website generation (lazy) started at 12:59:51 PM
2020-08-25T05:00:06.149Z - info: Building assets...
2020-08-25T05:00:14.311Z - info: Assets built
2020-08-25T05:00:14.312Z - info: Generating landing page...
2020-08-25T05:00:15.677Z - info: Landing page built, other pages will be built as you navigate to them!
2020-08-25T05:00:15.785Z - info: Website generation (lazy) complete! Total build time: 24.666s
2020-08-25T05:00:16.738Z - info: Serving "C:\repos\nus-cs2103-AY2021S1\cs2103-website\_site" at http://127.0.0.1:8080
2020-08-25T05:00:16.738Z - info: Press CTRL+C to stop ...
2020-08-25T05:00:16.820Z - info: Site data built
2020-08-25T05:02:15.992Z - info: Website generation started at 1:02:12 PM
2020-08-25T05:02:26.431Z - info: Building assets...
