2020-10-12T16:00:19.363Z - info: [12:00:19 AM] Reload for file change: C:\repos\nus-cs2103-AY2021S1\cs2103-website\admin\common-commentary.mbdf
2020-10-12T16:00:20.381Z - info: Rebuilding 1 pages
2020-10-12T16:00:22.350Z - info: Pages rebuilt
2020-10-12T16:00:22.350Z - info: Website regeneration complete! Total build time: 1.97s
2020-10-12T16:00:22.413Z - info: Site data built
2020-10-12T16:02:50.105Z - info: Building C:\repos\nus-cs2103-AY2021S1\cs2103-website\schedule\week9\admin as some of its dependencies were changed since the last visit
2020-10-12T16:02:50.601Z - info: Site data built
2020-10-12T16:02:50.601Z - info: Lazy website regeneration complete! Total build time: 0.497s
2020-10-12T16:03:39.213Z - info: Building C:\repos\nus-cs2103-AY2021S1\cs2103-website\schedule\week9\index as some of its dependencies were changed since the last visit
2020-10-12T16:03:39.690Z - info: Site data built
2020-10-12T16:03:39.691Z - info: Lazy website regeneration complete! Total build time: 0.478s
2020-10-12T16:04:36.131Z - info: Website generation started at 12:04:32 AM
2020-10-12T16:04:45.147Z - info: Building assets...
2020-10-12T16:04:52.077Z - info: Assets built
2020-10-12T16:04:52.078Z - info: Generating pages...
2020-10-12T16:05:11.056Z - debug: The process cannot access the file because it is being used by another process.

2020-10-12T16:05:11.057Z - debug: The process cannot access the file because it is being used by another process.

2020-10-12T16:05:13.644Z - debug:  
2020-10-12T16:05:13.644Z - debug:  
2020-10-12T16:05:13.644Z - debug:  
2020-10-12T16:05:13.645Z - debug:  
2020-10-12T16:05:13.645Z - debug:  
2020-10-12T16:05:18.460Z - debug: The process cannot access the file because it is being used by another process.

2020-10-12T16:05:18.460Z - debug: The process cannot access the file because it is being used by another process.

2020-10-12T16:05:18.460Z - debug:  
2020-10-12T16:05:18.460Z - debug: The process cannot access the file because it is being used by another process.

2020-10-12T16:05:18.461Z - debug: The process cannot access the file because it is being used by another process.

2020-10-12T16:05:18.461Z - debug:  
2020-10-12T16:05:18.461Z - debug:  
2020-10-12T16:05:18.461Z - debug:  
2020-10-12T16:05:21.385Z - debug: The process cannot access the file because it is being used by another process.

2020-10-12T16:05:21.386Z - debug: The process cannot access the file because it is being used by another process.

2020-10-12T16:05:21.386Z - debug: The process cannot access the file because it is being used by another process.

2020-10-12T16:05:21.387Z - debug: The process cannot access the file because it is being used by another process.

2020-10-12T16:05:22.523Z - debug:  
2020-10-12T16:05:22.524Z - debug:  
2020-10-12T16:05:38.914Z - debug: The process cannot access the file because it is being used by another process.

2020-10-12T16:05:38.930Z - debug: The process cannot access the file because it is being used by another process.

2020-10-12T16:05:39.886Z - debug: The process cannot access the file because it is being used by another process.

2020-10-12T16:05:39.887Z - debug:  
2020-10-12T16:05:41.943Z - debug: The process cannot access the file because it is being used by another process.

2020-10-12T16:05:42.781Z - debug: The process cannot access the file because it is being used by another process.

2020-10-12T16:05:44.985Z - debug:  
2020-10-12T16:05:46.317Z - debug:  
2020-10-12T16:05:49.264Z - debug: The process cannot access the file because it is being used by another process.

2020-10-12T16:05:49.264Z - debug: The process cannot access the file because it is being used by another process.

2020-10-12T16:05:52.160Z - debug: The process cannot access the file because it is being used by another process.

2020-10-12T16:05:52.160Z - debug: The process cannot access the file because it is being used by another process.

2020-10-12T16:05:55.217Z - debug:  
2020-10-12T16:05:55.222Z - debug:  
2020-10-12T16:05:57.042Z - debug:  
2020-10-12T16:05:57.160Z - debug:  
2020-10-12T16:06:03.300Z - debug: The process cannot access the file because it is being used by another process.

2020-10-12T16:06:05.734Z - debug: The process cannot access the file because it is being used by another process.

2020-10-12T16:06:05.867Z - debug:  
2020-10-12T16:06:36.010Z - debug:  
2020-10-12T16:06:36.197Z - debug:  
2020-10-12T16:06:36.198Z - debug:  
2020-10-12T16:06:36.372Z - debug:  
2020-10-12T16:06:42.332Z - debug:  
2020-10-12T16:06:42.332Z - debug:  
2020-10-12T16:06:42.412Z - debug:  
2020-10-12T16:06:44.684Z - debug:  
2020-10-12T16:06:54.350Z - debug:  
2020-10-12T16:06:54.361Z - debug:  
2020-10-12T16:06:54.362Z - debug:  
2020-10-12T16:06:54.362Z - debug:  
2020-10-12T16:07:00.369Z - debug: The process cannot access the file because it is being used by another process.

2020-10-12T16:07:03.198Z - debug:  
2020-10-12T16:07:05.376Z - debug:  
2020-10-12T16:07:05.376Z - debug:  
2020-10-12T16:07:12.358Z - debug:  
2020-10-12T16:07:18.301Z - debug:  
2020-10-12T16:07:26.246Z - debug:  
2020-10-12T16:07:34.317Z - debug:  
2020-10-12T16:07:34.317Z - debug:  
2020-10-12T16:07:38.642Z - info: Pages built
2020-10-12T16:08:03.275Z - info: Website generation complete! Total build time: 210.898s
2020-10-12T16:08:03.277Z - info: Build success!
2020-10-12T16:08:03.280Z - info: Site data built
2020-10-12T16:08:39.527Z - info: Deployed!
2020-10-13T03:34:48.143Z - info: Website generation (lazy) started at 11:34:42 AM
2020-10-13T03:34:59.133Z - info: Building assets...
2020-10-13T03:35:07.076Z - info: Assets built
2020-10-13T03:35:07.077Z - info: Generating landing page...
2020-10-13T03:35:08.515Z - info: Landing page built, other pages will be built as you navigate to them!
2020-10-13T03:35:08.607Z - info: Website generation (lazy) complete! Total build time: 26.24s
2020-10-13T03:35:09.629Z - info: Serving "C:\repos\nus-cs2103-AY2021S1\cs2103-website\_site" at http://127.0.0.1:8080
2020-10-13T03:35:09.629Z - info: Press CTRL+C to stop ...
2020-10-13T03:35:09.696Z - info: Site data built
2020-10-13T03:35:11.838Z - info: [11:35:11 AM] Reload for file change: C:\repos\nus-cs2103-AY2021S1\cs2103-website\admin\common-commentary.mbdf
2020-10-13T03:35:13.047Z - info: No pages needed to be rebuilt
2020-10-13T03:35:25.743Z - info: Building C:\repos\nus-cs2103-AY2021S1\cs2103-website\schedule\week9\topics as some of its dependencies were changed since the last visit
2020-10-13T03:35:31.213Z - debug:  
2020-10-13T03:35:39.477Z - debug:  
2020-10-13T03:35:39.477Z - debug:  
2020-10-13T03:35:39.479Z - debug:  
2020-10-13T03:35:39.479Z - debug:  
2020-10-13T03:35:39.529Z - info: Site data built
2020-10-13T03:35:39.531Z - info: Lazy website regeneration complete! Total build time: 13.789s
2020-10-13T03:37:09.793Z - info: Website generation (lazy) started at 11:37:06 AM
2020-10-13T03:37:20.093Z - info: Building assets...
2020-10-13T03:37:26.341Z - info: Assets built
2020-10-13T03:37:26.343Z - info: Generating landing page...
2020-10-13T03:37:27.893Z - info: Landing page built, other pages will be built as you navigate to them!
2020-10-13T03:37:27.979Z - info: Website generation (lazy) complete! Total build time: 21.189s
2020-10-13T03:37:28.827Z - info: Serving "C:\repos\nus-cs2103-AY2021S1\cs2103-website\_site" at http://127.0.0.1:8080
2020-10-13T03:37:28.828Z - info: Press CTRL+C to stop ...
2020-10-13T03:37:28.886Z - info: Site data built
2020-10-13T03:38:11.154Z - info: Building C:\repos\nus-cs2103-AY2021S1\cs2103-website\schedule\week10\index as some of its dependencies were changed since the last visit
2020-10-13T03:38:12.377Z - info: Site data built
2020-10-13T03:38:12.378Z - info: Lazy website regeneration complete! Total build time: 1.226s
2020-10-13T03:38:15.734Z - info: Building C:\repos\nus-cs2103-AY2021S1\cs2103-website\schedule\week10\topics as some of its dependencies were changed since the last visit
2020-10-13T03:38:19.154Z - info: Site data built
2020-10-13T03:38:19.156Z - info: Lazy website regeneration complete! Total build time: 3.422s
2020-10-13T03:38:20.745Z - debug:  
2020-10-13T03:40:38.744Z - info: Website generation started at 11:40:36 AM
2020-10-13T03:40:49.070Z - info: Building assets...
