2020-08-29T16:00:00.342Z - info: Website generation (lazy) started at 11:59:51 PM
2020-08-29T16:00:13.257Z - info: Building assets...
2020-08-29T16:00:23.961Z - info: Assets built
2020-08-29T16:00:23.962Z - info: Generating landing page...
2020-08-29T16:00:26.451Z - info: Landing page built, other pages will be built as you navigate to them!
2020-08-29T16:00:26.583Z - info: Website generation (lazy) complete! Total build time: 34.772s
2020-08-29T16:00:27.704Z - info: Serving "C:\repos\nus-cs2103-AY2021S1\cs2103-website\_site" at http://127.0.0.1:8080
2020-08-29T16:00:27.704Z - info: Press CTRL+C to stop ...
2020-08-29T16:00:27.792Z - info: Site data built
2020-08-29T16:01:22.117Z - info: Building C:\repos\nus-cs2103-AY2021S1\cs2103-website\admin\ip-overview as some of its dependencies were changed since the last visit
2020-08-29T16:01:22.831Z - info: Site data built
2020-08-29T16:01:22.831Z - info: Lazy website regeneration complete! Total build time: 0.716s
2020-08-29T16:02:10.108Z - info: Building C:\repos\nus-cs2103-AY2021S1\cs2103-website\schedule\week4\project as some of its dependencies were changed since the last visit
2020-08-29T16:02:13.103Z - info: Site data built
2020-08-29T16:02:13.104Z - info: Lazy website regeneration complete! Total build time: 2.996s
2020-08-29T16:12:40.603Z - info: Building C:\repos\nus-cs2103-AY2021S1\cs2103-website\schedule\timeline as some of its dependencies were changed since the last visit
2020-08-29T16:12:48.754Z - info: Site data built
2020-08-29T16:12:48.756Z - info: Lazy website regeneration complete! Total build time: 8.154s
2020-08-29T17:00:36.547Z - info: Building C:\repos\nus-cs2103-AY2021S1\cs2103-website\se-book-adapted\chapters\codeQuality as some of its dependencies were changed since the last visit
2020-08-29T17:00:38.558Z - info: Site data built
2020-08-29T17:00:38.560Z - info: Lazy website regeneration complete! Total build time: 2.016s
2020-08-29T17:02:07.388Z - info: Building C:\repos\nus-cs2103-AY2021S1\cs2103-website\schedule\week5\topics as some of its dependencies were changed since the last visit
2020-08-29T17:02:11.575Z - info: Site data built
2020-08-29T17:02:11.576Z - info: Lazy website regeneration complete! Total build time: 4.188s
2020-08-29T17:03:44.188Z - info: Building C:\repos\nus-cs2103-AY2021S1\cs2103-website\schedule\week6\topics as some of its dependencies were changed since the last visit
2020-08-29T17:03:48.602Z - debug:  
2020-08-29T17:03:48.614Z - info: Site data built
2020-08-29T17:03:48.614Z - info: Lazy website regeneration complete! Total build time: 4.427s
2020-08-29T17:03:48.696Z - debug:  
2020-08-29T17:07:24.544Z - info: Website generation started at 1:07:21 AM
2020-08-29T17:07:32.046Z - info: Building assets...
