2020-07-22T16:44:11.756Z - info: Website generation (lazy) started at 12:44:04 AM
2020-07-22T16:44:30.019Z - info: Building assets...
2020-07-22T16:44:41.519Z - info: Assets built
2020-07-22T16:44:41.520Z - info: Generating landing page...
2020-07-22T16:44:42.284Z - info: Landing page built, other pages will be built as you navigate to them!
2020-07-22T16:44:42.385Z - info: Website generation (lazy) complete! Total build time: 38.253s
2020-07-22T16:44:43.407Z - info: Serving "C:\repos\nus-cs2103-AY2021S1\cs2103-website\_site" at http://127.0.0.1:8080
2020-07-22T16:44:43.408Z - info: Press CTRL+C to stop ...
2020-07-22T16:44:43.467Z - info: Site data built
2020-07-22T16:47:05.458Z - info: [12:47:05 AM] Reload for file change: C:\repos\nus-cs2103-AY2021S1\cs2103-website\_markbind\variables.md
2020-07-22T16:47:06.667Z - warn: Rebuilding all pages as variables file was changed, or the --force-reload flag was set
2020-07-22T16:47:06.699Z - info: Rebuilding 1 pages
2020-07-22T16:47:07.311Z - info: Pages rebuilt
2020-07-22T16:47:07.311Z - info: Website regeneration complete! Total build time: 0.845s
2020-07-22T16:47:07.316Z - info: Site data built
2020-07-22T16:49:21.111Z - info: Website generation started at 12:49:18 AM
2020-07-22T16:49:33.492Z - info: Building assets...
2020-07-22T16:49:45.286Z - info: Assets built
2020-07-22T16:49:45.287Z - info: Generating pages...
2020-07-22T16:49:57.650Z - debug: The process cannot access the file because it is being used by another process.

2020-07-22T16:49:57.652Z - debug: The process cannot access the file because it is being used by another process.

2020-07-22T16:49:58.734Z - debug: The process cannot access the file because it is being used by another process.

2020-07-22T16:49:58.734Z - debug: The process cannot access the file because it is being used by another process.

2020-07-22T16:49:58.735Z - debug:  
2020-07-22T16:49:58.735Z - debug:  
2020-07-22T16:49:58.735Z - debug:  
2020-07-22T16:49:58.736Z - debug:  
2020-07-22T16:50:04.165Z - debug: The process cannot access the file because it is being used by another process.

2020-07-22T16:50:04.167Z - debug: The process cannot access the file because it is being used by another process.

2020-07-22T16:50:04.168Z - debug:  
2020-07-22T16:50:05.909Z - debug: The process cannot access the file because it is being used by another process.

2020-07-22T16:50:05.910Z - debug:  
2020-07-22T16:50:05.910Z - debug: The process cannot access the file because it is being used by another process.

2020-07-22T16:50:06.082Z - debug:  
2020-07-22T16:50:06.082Z - debug:  
2020-07-22T16:50:06.594Z - debug: The process cannot access the file because it is being used by another process.

2020-07-22T16:50:06.594Z - debug: The process cannot access the file because it is being used by another process.

2020-07-22T16:50:10.151Z - debug:  
2020-07-22T16:50:10.195Z - debug:  
2020-07-22T16:50:33.367Z - debug: The process cannot access the file because it is being used by another process.

2020-07-22T16:50:33.384Z - debug: The process cannot access the file because it is being used by another process.

2020-07-22T16:50:34.469Z - debug:  
2020-07-22T16:50:34.686Z - debug:  
2020-07-22T16:50:38.076Z - debug: The process cannot access the file because it is being used by another process.

2020-07-22T16:50:38.077Z - debug: The process cannot access the file because it is being used by another process.

2020-07-22T16:50:38.304Z - debug:  
2020-07-22T16:50:38.304Z - debug:  
2020-07-22T16:50:46.279Z - debug: The process cannot access the file because it is being used by another process.

2020-07-22T16:50:48.254Z - debug: The process cannot access the file because it is being used by another process.

2020-07-22T16:50:48.388Z - debug:  
2020-07-22T16:51:15.528Z - debug:  
2020-07-22T16:51:15.655Z - debug:  
2020-07-22T16:51:15.656Z - debug:  
2020-07-22T16:51:15.657Z - debug:  
2020-07-22T16:51:19.867Z - debug:  
2020-07-22T16:51:19.923Z - debug:  
2020-07-22T16:51:29.047Z - debug:  
2020-07-22T16:51:29.047Z - debug:  
2020-07-22T16:51:29.047Z - debug:  
2020-07-22T16:51:29.048Z - debug:  
2020-07-22T16:51:29.048Z - debug:  
2020-07-22T16:51:36.904Z - debug:  
2020-07-22T16:51:36.904Z - debug:  
2020-07-22T16:51:40.874Z - debug:  
2020-07-22T16:51:51.717Z - debug:  
2020-07-22T16:52:02.742Z - debug:  
2020-07-22T16:52:02.744Z - debug:  
2020-07-22T16:52:24.460Z - debug:  
2020-07-22T16:52:34.382Z - debug:  
2020-07-22T16:52:34.796Z - debug:  
2020-07-22T16:52:42.259Z - info: Pages built
2020-07-22T16:53:09.736Z - info: Website generation complete! Total build time: 231.67s
2020-07-22T16:53:09.739Z - info: Build success!
2020-07-22T16:53:09.739Z - debug:  
2020-07-22T16:53:09.741Z - info: Site data built
2020-07-22T17:00:43.995Z - info: Deployed!
2020-07-23T05:18:40.292Z - info: Website generation started at 1:18:33 PM
2020-07-23T05:18:55.401Z - info: Building assets...
