2020-09-26T05:03:57.896Z - info: Website generation (lazy) started at 1:03:51 PM
2020-09-26T05:04:08.276Z - info: Building assets...
2020-09-26T05:04:14.729Z - info: Assets built
2020-09-26T05:04:14.730Z - info: Generating landing page...
2020-09-26T05:04:19.231Z - info: Landing page built, other pages will be built as you navigate to them!
2020-09-26T05:04:19.344Z - info: Website generation (lazy) complete! Total build time: 27.672s
2020-09-26T05:04:20.528Z - info: Serving "C:\repos\nus-cs2103-AY2021S1\cs2103-website\_site" at http://127.0.0.1:8080
2020-09-26T05:04:20.529Z - info: Press CTRL+C to stop ...
2020-09-26T05:04:20.607Z - info: Site data built
2020-09-26T05:05:36.914Z - info: Building C:\repos\nus-cs2103-AY2021S1\cs2103-website\schedule\week7\project as some of its dependencies were changed since the last visit
2020-09-26T05:05:40.188Z - info: Site data built
2020-09-26T05:05:40.190Z - info: Lazy website regeneration complete! Total build time: 3.276s
2020-09-26T05:11:04.187Z - info: [1:11:04 PM] Reload for file change: C:\repos\nus-cs2103-AY2021S1\cs2103-website\admin\appendixE-gitHub.md
2020-09-26T05:11:05.241Z - info: Rebuilding 1 pages
2020-09-26T05:11:08.444Z - info: Pages rebuilt
2020-09-26T05:11:08.444Z - info: Website regeneration complete! Total build time: 3.208s
2020-09-26T05:11:08.454Z - info: Site data built
2020-09-26T05:11:35.499Z - info: [1:11:35 PM] Reload for file change: C:\repos\nus-cs2103-AY2021S1\cs2103-website\admin\appendixE-gitHub.md
2020-09-26T05:11:36.503Z - info: Rebuilding 1 pages
2020-09-26T05:11:39.141Z - info: Pages rebuilt
2020-09-26T05:11:39.142Z - info: Website regeneration complete! Total build time: 2.64s
2020-09-26T05:11:39.158Z - info: Site data built
2020-09-26T05:13:57.119Z - info: [1:13:57 PM] Reload for file change: C:\repos\nus-cs2103-AY2021S1\cs2103-website\admin\appendixE-gitHub.md
2020-09-26T05:13:58.133Z - info: Rebuilding 1 pages
2020-09-26T05:13:59.905Z - error:  Error: No such file: C:\repos\nus-cs2103-AY2021S1\cs2103-website\book\_markbind\boilerplates\text.md
Missing reference in C:\repos\nus-cs2103-AY2021S1\cs2103-website\admin\appendixE-gitHub.md
    at _getFileExistsNode (C:\Users\damithch\AppData\Roaming\npm\node_modules\markbind-cli\node_modules\@markbind\core\src\preprocessors\componentPreprocessor.js:60:19)
    at _preprocessInclude (C:\Users\damithch\AppData\Roaming\npm\node_modules\markbind-cli\node_modules\@markbind\core\src\preprocessors\componentPreprocessor.js:217:26)
    at preProcessComponent (C:\Users\damithch\AppData\Roaming\npm\node_modules\markbind-cli\node_modules\@markbind\core\src\preprocessors\componentPreprocessor.js:349:12)
    at C:\Users\damithch\AppData\Roaming\npm\node_modules\markbind-cli\node_modules\@markbind\core\src\preprocessors\componentPreprocessor.js:356:52
    at Array.map (<anonymous>)
    at preProcessComponent (C:\Users\damithch\AppData\Roaming\npm\node_modules\markbind-cli\node_modules\@markbind\core\src\preprocessors\componentPreprocessor.js:356:43)
    at C:\Users\damithch\AppData\Roaming\npm\node_modules\markbind-cli\node_modules\@markbind\core\src\preprocessors\componentPreprocessor.js:356:52
    at Array.map (<anonymous>)
    at preProcessComponent (C:\Users\damithch\AppData\Roaming\npm\node_modules\markbind-cli\node_modules\@markbind\core\src\preprocessors\componentPreprocessor.js:356:43)
    at C:\Users\damithch\AppData\Roaming\npm\node_modules\markbind-cli\node_modules\@markbind\core\src\preprocessors\componentPreprocessor.js:298:50
    at Array.map (<anonymous>)
    at _preprocessInclude (C:\Users\damithch\AppData\Roaming\npm\node_modules\markbind-cli\node_modules\@markbind\core\src\preprocessors\componentPreprocessor.js:298:41)
    at preProcessComponent (C:\Users\damithch\AppData\Roaming\npm\node_modules\markbind-cli\node_modules\@markbind\core\src\preprocessors\componentPreprocessor.js:349:12)
    at C:\Users\damithch\AppData\Roaming\npm\node_modules\markbind-cli\node_modules\@markbind\core\src\preprocessors\componentPreprocessor.js:124:46
    at Array.map (<anonymous>)
    at _preProcessPanel (C:\Users\damithch\AppData\Roaming\npm\node_modules\markbind-cli\node_modules\@markbind\core\src\preprocessors\componentPreprocessor.js:124:37)
2020-09-26T05:14:01.439Z - info: Pages rebuilt
2020-09-26T05:14:01.439Z - info: Website regeneration complete! Total build time: 3.314s
2020-09-26T05:14:01.452Z - info: Site data built
2020-09-26T05:14:50.120Z - info: [1:14:50 PM] Reload for file change: C:\repos\nus-cs2103-AY2021S1\cs2103-website\admin\appendixE-gitHub.md
2020-09-26T05:14:51.125Z - info: Rebuilding 1 pages
2020-09-26T05:14:53.816Z - info: Pages rebuilt
2020-09-26T05:14:53.816Z - info: Website regeneration complete! Total build time: 2.693s
2020-09-26T05:14:53.844Z - info: Site data built
2020-09-26T05:15:13.099Z - info: [1:15:13 PM] Reload for file change: C:\repos\nus-cs2103-AY2021S1\cs2103-website\admin\appendixE-gitHub.md
2020-09-26T05:15:14.101Z - info: Rebuilding 1 pages
2020-09-26T05:15:16.680Z - info: Pages rebuilt
2020-09-26T05:15:16.680Z - info: Website regeneration complete! Total build time: 2.58s
2020-09-26T05:15:16.687Z - info: Site data built
2020-09-26T05:16:37.528Z - info: [1:16:37 PM] Reload for file change: C:\repos\nus-cs2103-AY2021S1\cs2103-website\admin\appendixE-gitHub.md
2020-09-26T05:16:38.533Z - info: Rebuilding 1 pages
2020-09-26T05:16:41.853Z - info: Pages rebuilt
2020-09-26T05:16:41.853Z - info: Website regeneration complete! Total build time: 3.322s
2020-09-26T05:16:41.912Z - info: Site data built
2020-09-26T05:18:52.590Z - info: Building C:\repos\nus-cs2103-AY2021S1\cs2103-website\schedule\week7\topics as some of its dependencies were changed since the last visit
2020-09-26T05:18:56.559Z - info: Site data built
2020-09-26T05:18:56.561Z - info: Lazy website regeneration complete! Total build time: 3.971s
2020-09-26T05:19:12.452Z - info: Building C:\repos\nus-cs2103-AY2021S1\cs2103-website\book\revisionControl\forkingWorkflow\index as some of its dependencies were changed since the last visit
2020-09-26T05:19:12.519Z - info: Site data built
2020-09-26T05:19:12.519Z - info: Lazy website regeneration complete! Total build time: 0.067s
2020-09-26T05:19:23.208Z - info: Building C:\repos\nus-cs2103-AY2021S1\cs2103-website\book\gitAndGithub\forkingWorkflow\index as some of its dependencies were changed since the last visit
2020-09-26T05:19:23.338Z - info: Site data built
2020-09-26T05:19:23.338Z - info: Lazy website regeneration complete! Total build time: 0.13s
2020-09-26T05:23:51.525Z - info: [1:23:51 PM] Reload for file change: C:\repos\nus-cs2103-AY2021S1\cs2103-website\book\revisionControl\forkingWorkflow\text.md
2020-09-26T05:23:52.528Z - info: Rebuilding 1 pages
2020-09-26T05:23:55.636Z - info: Pages rebuilt
2020-09-26T05:23:55.636Z - info: Website regeneration complete! Total build time: 3.109s
2020-09-26T05:23:55.664Z - info: Site data built
2020-09-26T05:23:56.129Z - info: Building C:\repos\nus-cs2103-AY2021S1\cs2103-website\book\gitAndGithub\forkingWorkflow\index as some of its dependencies were changed since the last visit
2020-09-26T05:23:56.528Z - info: Site data built
2020-09-26T05:23:56.531Z - info: Lazy website regeneration complete! Total build time: 0.402s
2020-09-26T05:26:12.647Z - info: [1:26:12 PM] Reload for file change: C:\repos\nus-cs2103-AY2021S1\cs2103-website\book\revisionControl\forkingWorkflow\text.md
2020-09-26T05:26:13.660Z - info: Rebuilding 1 pages
2020-09-26T05:26:14.512Z - info: Pages rebuilt
2020-09-26T05:26:14.512Z - info: Website regeneration complete! Total build time: 0.857s
2020-09-26T05:26:14.521Z - info: Site data built
2020-09-26T05:26:15.583Z - info: Building C:\repos\nus-cs2103-AY2021S1\cs2103-website\schedule\week7\topics as some of its dependencies were changed since the last visit
2020-09-26T05:26:18.643Z - info: Site data built
2020-09-26T05:26:18.647Z - info: Lazy website regeneration complete! Total build time: 3.065s
2020-09-26T05:28:46.400Z - info: [1:28:46 PM] Reload for file change: C:\repos\nus-cs2103-AY2021S1\cs2103-website\book\revisionControl\forkingWorkflow\text.md
2020-09-26T05:28:47.412Z - info: Rebuilding 1 pages
2020-09-26T05:28:50.773Z - info: Pages rebuilt
2020-09-26T05:28:50.774Z - info: Website regeneration complete! Total build time: 3.369s
2020-09-26T05:28:50.800Z - info: Site data built
2020-09-26T05:30:08.402Z - info: [1:30:08 PM] Reload for file change: C:\repos\nus-cs2103-AY2021S1\cs2103-website\book\revisionControl\forkingWorkflow\text.md
2020-09-26T05:30:09.415Z - info: Rebuilding 1 pages
2020-09-26T05:30:12.781Z - info: Pages rebuilt
2020-09-26T05:30:12.781Z - info: Website regeneration complete! Total build time: 3.374s
2020-09-26T05:30:12.800Z - info: Site data built
2020-09-26T05:31:21.119Z - info: [1:31:21 PM] Reload for file change: C:\repos\nus-cs2103-AY2021S1\cs2103-website\book\revisionControl\forkingWorkflow\text.md
2020-09-26T05:31:22.130Z - info: Rebuilding 1 pages
2020-09-26T05:31:25.448Z - info: Pages rebuilt
2020-09-26T05:31:25.448Z - info: Website regeneration complete! Total build time: 3.324s
2020-09-26T05:31:25.470Z - info: Site data built
2020-09-26T05:35:05.905Z - info: Website generation started at 1:35:02 PM
2020-09-26T05:35:16.299Z - info: Building assets...
2020-09-26T05:35:22.508Z - info: Assets built
2020-09-26T05:35:22.509Z - info: Generating pages...
2020-09-26T05:35:40.610Z - debug: The process cannot access the file because it is being used by another process.

2020-09-26T05:35:44.206Z - debug: The process cannot access the file because it is being used by another process.

2020-09-26T05:35:44.213Z - debug:  
2020-09-26T05:35:44.213Z - debug:  
2020-09-26T05:35:44.214Z - debug:  
2020-09-26T05:35:44.611Z - debug:  
2020-09-26T05:35:44.611Z - debug:  
2020-09-26T05:35:45.618Z - debug:  
2020-09-26T05:35:45.619Z - debug:  
2020-09-26T05:35:45.619Z - debug:  
2020-09-26T05:35:50.140Z - debug: The process cannot access the file because it is being used by another process.

2020-09-26T05:35:50.141Z - debug: The process cannot access the file because it is being used by another process.

2020-09-26T05:35:50.141Z - debug:  
2020-09-26T05:35:50.141Z - debug:  
2020-09-26T05:35:51.487Z - debug: The process cannot access the file because it is being used by another process.

2020-09-26T05:35:51.487Z - debug: The process cannot access the file because it is being used by another process.

2020-09-26T05:35:51.606Z - debug:  
2020-09-26T05:35:51.606Z - debug:  
2020-09-26T05:35:52.150Z - debug: The process cannot access the file because it is being used by another process.

2020-09-26T05:35:52.151Z - debug: The process cannot access the file because it is being used by another process.

2020-09-26T05:35:55.106Z - debug:  
2020-09-26T05:35:55.143Z - debug:  
2020-09-26T05:36:11.799Z - debug: The process cannot access the file because it is being used by another process.

2020-09-26T05:36:12.523Z - debug: The process cannot access the file because it is being used by another process.

2020-09-26T05:36:13.421Z - debug: The process cannot access the file because it is being used by another process.

2020-09-26T05:36:13.421Z - debug:  
2020-09-26T05:36:15.537Z - debug: The process cannot access the file because it is being used by another process.

2020-09-26T05:36:16.312Z - debug: The process cannot access the file because it is being used by another process.

2020-09-26T05:36:17.739Z - debug:  
2020-09-26T05:36:18.895Z - debug:  
2020-09-26T05:36:21.573Z - debug: The process cannot access the file because it is being used by another process.

2020-09-26T05:36:21.576Z - debug: The process cannot access the file because it is being used by another process.

2020-09-26T05:36:22.776Z - debug:  
2020-09-26T05:36:22.777Z - debug: The process cannot access the file because it is being used by another process.

2020-09-26T05:36:22.962Z - debug:  
2020-09-26T05:36:25.247Z - debug: The process cannot access the file because it is being used by another process.

2020-09-26T05:36:25.704Z - debug:  
2020-09-26T05:36:26.471Z - debug:  
2020-09-26T05:36:35.334Z - debug: The process cannot access the file because it is being used by another process.

2020-09-26T05:36:37.338Z - debug: The process cannot access the file because it is being used by another process.

2020-09-26T05:36:37.487Z - debug:  
2020-09-26T05:37:08.923Z - debug:  
2020-09-26T05:37:09.129Z - debug:  
2020-09-26T05:37:09.130Z - debug:  
2020-09-26T05:37:09.130Z - debug:  
2020-09-26T05:37:11.489Z - debug: The process cannot access the file because it is being used by another process.

2020-09-26T05:37:15.041Z - debug:  
2020-09-26T05:37:15.342Z - debug:  
2020-09-26T05:37:15.343Z - debug:  
2020-09-26T05:37:17.641Z - debug:  
2020-09-26T05:37:25.105Z - debug:  
2020-09-26T05:37:25.105Z - debug:  
2020-09-26T05:37:25.105Z - debug:  
2020-09-26T05:37:25.106Z - debug:  
2020-09-26T05:37:31.260Z - debug: The process cannot access the file because it is being used by another process.

2020-09-26T05:37:33.646Z - debug:  
2020-09-26T05:37:35.920Z - debug:  
2020-09-26T05:37:35.920Z - debug:  
2020-09-26T05:37:41.736Z - debug:  
2020-09-26T05:37:52.242Z - debug:  
2020-09-26T05:37:55.771Z - debug:  
2020-09-26T05:37:55.772Z - debug:  
2020-09-26T05:38:00.553Z - debug:  
2020-09-26T05:38:00.554Z - debug:  
2020-09-26T05:38:15.341Z - debug:  
2020-09-26T05:38:15.837Z - debug:  
2020-09-26T05:38:52.104Z - debug:  
2020-09-26T05:39:06.492Z - debug:  
2020-09-26T05:39:06.493Z - debug:  
2020-09-26T05:39:21.492Z - info: Pages built
2020-09-26T05:39:56.049Z - info: Website generation complete! Total build time: 293.507s
2020-09-26T05:39:56.053Z - info: Build success!
2020-09-26T05:39:56.053Z - debug:  
2020-09-26T05:39:56.056Z - info: Site data built
2020-09-26T05:40:42.839Z - info: Deployed!
