2020-07-07T16:08:20.839Z - info: [12:08:20 AM] Reload for file change: C:\repos\nus-cs2103-AY2021S1\cs2103-website\admin\tp-expectations.md
2020-07-07T16:08:20.896Z - info: [12:08:20 AM] Reload for file change: C:\repos\nus-cs2103-AY2021S1\cs2103-website\admin\tp-expectations.md
2020-07-07T16:08:21.878Z - info: Rebuilding 1 pages
2020-07-07T16:08:23.197Z - info: Pages rebuilt
2020-07-07T16:08:23.197Z - info: Website regeneration complete! Total build time: 1.322s
2020-07-07T16:08:23.242Z - info: Site data built
2020-07-07T16:11:16.033Z - info: [12:11:16 AM] Reload for file change: C:\repos\nus-cs2103-AY2021S1\cs2103-website\admin\tp-expectations.md
2020-07-07T16:11:17.043Z - info: Rebuilding 1 pages
2020-07-07T16:11:18.146Z - info: Pages rebuilt
2020-07-07T16:11:18.147Z - info: Website regeneration complete! Total build time: 1.107s
2020-07-07T16:11:18.150Z - info: Site data built
2020-07-07T16:11:31.975Z - info: [12:11:31 AM] Reload for file change: C:\repos\nus-cs2103-AY2021S1\cs2103-website\admin\tp-expectations.md
2020-07-07T16:11:32.982Z - info: Rebuilding 1 pages
2020-07-07T16:11:33.967Z - info: Pages rebuilt
2020-07-07T16:11:33.967Z - info: Website regeneration complete! Total build time: 0.987s
2020-07-07T16:11:33.970Z - info: Site data built
2020-07-07T16:13:40.267Z - info: [12:13:40 AM] Reload for file change: C:\repos\nus-cs2103-AY2021S1\cs2103-website\admin\tp-expectations.md
2020-07-07T16:13:41.283Z - info: Rebuilding 1 pages
2020-07-07T16:13:42.660Z - info: Pages rebuilt
2020-07-07T16:13:42.661Z - info: Website regeneration complete! Total build time: 1.387s
2020-07-07T16:13:42.664Z - info: Site data built
2020-07-07T16:16:32.151Z - info: [12:16:32 AM] Reload for file change: C:\repos\nus-cs2103-AY2021S1\cs2103-website\admin\appendixE-gitHub.md
2020-07-07T16:16:33.159Z - info: Rebuilding 1 pages
2020-07-07T16:16:34.269Z - info: Pages rebuilt
2020-07-07T16:16:34.269Z - info: Website regeneration complete! Total build time: 1.113s
2020-07-07T16:16:34.274Z - info: Site data built
2020-07-07T16:17:57.895Z - info: Building C:\repos\nus-cs2103-AY2021S1\cs2103-website\schedule\week8\tutorial as some of its dependencies were changed since the last visit
2020-07-07T16:17:58.635Z - info: Site data built
2020-07-07T16:17:58.637Z - info: Lazy website regeneration complete! Total build time: 0.742s
2020-07-07T16:34:09.602Z - info: [12:34:09 AM] Reload for file change: C:\repos\nus-cs2103-AY2021S1\cs2103-website\schedule\week8\tutorial-cs2103.mbdf
2020-07-07T16:34:10.626Z - info: Rebuilding 1 pages
2020-07-07T16:34:10.999Z - info: Pages rebuilt
2020-07-07T16:34:11.000Z - info: Website regeneration complete! Total build time: 0.388s
2020-07-07T16:34:11.003Z - info: Site data built
2020-07-07T16:36:25.979Z - info: [12:36:25 AM] Reload for file change: C:\repos\nus-cs2103-AY2021S1\cs2103-website\schedule\week8\tutorial-cs2103.mbdf
2020-07-07T16:36:26.985Z - info: Rebuilding 1 pages
2020-07-07T16:36:27.216Z - info: Pages rebuilt
2020-07-07T16:36:27.217Z - info: Website regeneration complete! Total build time: 0.234s
2020-07-07T16:36:27.219Z - info: Site data built
2020-07-07T16:39:35.120Z - info: [12:39:35 AM] Reload for file change: C:\repos\nus-cs2103-AY2021S1\cs2103-website\schedule\week8\tutorial-cs2103.mbdf
2020-07-07T16:39:36.132Z - info: Rebuilding 1 pages
2020-07-07T16:39:36.519Z - info: Pages rebuilt
2020-07-07T16:39:36.519Z - info: Website regeneration complete! Total build time: 0.389s
2020-07-07T16:39:36.522Z - info: Site data built
2020-07-07T16:47:26.090Z - info: [12:47:26 AM] Reload for file add: C:\repos\nus-cs2103-AY2021S1\cs2103-website\schedule\week8\notices-cs2103.mbdf
2020-07-07T16:47:27.094Z - info: File added or removed, updating list of site's pages...
2020-07-07T16:47:36.163Z - info: Assets removed
2020-07-07T16:47:37.450Z - info: Building C:\repos\nus-cs2103-AY2021S1\cs2103-website\schedule\week8\index as some of its dependencies were changed since the last visit
2020-07-07T16:47:39.131Z - info: Site data built
2020-07-07T16:47:39.132Z - info: Lazy website regeneration complete! Total build time: 1.683s
2020-07-07T16:51:18.020Z - info: [12:51:18 AM] Reload for file change: C:\repos\nus-cs2103-AY2021S1\cs2103-website\schedule\week8\notices-cs2103.mbdf
2020-07-07T16:51:19.037Z - info: Rebuilding 1 pages
2020-07-07T16:51:20.052Z - info: Pages rebuilt
2020-07-07T16:51:20.052Z - info: Website regeneration complete! Total build time: 1.022s
2020-07-07T16:51:20.062Z - info: Site data built
2020-07-07T16:51:33.163Z - info: [12:51:33 AM] Reload for file change: C:\repos\nus-cs2103-AY2021S1\cs2103-website\schedule\week8\notices-cs2103.mbdf
2020-07-07T16:51:34.197Z - info: Rebuilding 1 pages
2020-07-07T16:51:34.842Z - info: Pages rebuilt
2020-07-07T16:51:34.842Z - info: Website regeneration complete! Total build time: 0.649s
2020-07-07T16:51:34.845Z - info: Site data built
2020-07-07T16:52:22.448Z - info: [12:52:22 AM] Reload for file add: C:\repos\nus-cs2103-AY2021S1\cs2103-website\schedule\week8\commentary-cs2103.mbdf
2020-07-07T16:52:23.451Z - info: File added or removed, updating list of site's pages...
2020-07-07T16:52:29.278Z - info: Assets removed
2020-07-07T16:52:30.572Z - info: Building C:\repos\nus-cs2103-AY2021S1\cs2103-website\schedule\week8\index as some of its dependencies were changed since the last visit
2020-07-07T16:52:31.255Z - info: Site data built
2020-07-07T16:52:31.255Z - info: Lazy website regeneration complete! Total build time: 0.687s
2020-07-07T16:52:32.634Z - info: [12:52:32 AM] Reload for file change: C:\repos\nus-cs2103-AY2021S1\cs2103-website\schedule\week8\commentary-cs2103.mbdf
2020-07-07T16:52:33.643Z - info: No pages needed to be rebuilt
2020-07-07T16:52:40.049Z - info: Building C:\repos\nus-cs2103-AY2021S1\cs2103-website\schedule\week8\project as some of its dependencies were changed since the last visit
2020-07-07T16:52:40.965Z - info: Site data built
2020-07-07T16:52:40.965Z - info: Lazy website regeneration complete! Total build time: 0.917s
2020-07-07T16:53:28.766Z - info: Building C:\repos\nus-cs2103-AY2021S1\cs2103-website\schedule\week8\topics as some of its dependencies were changed since the last visit
2020-07-07T16:53:29.252Z - error:  TypeError: Cannot read property '0' of null
Error while preprocessing 'C:\repos\nus-cs2103-AY2021S1\cs2103-website\schedule\week8\topics.md'
    at getName (C:\repos\markbind\markbind\node_modules\css-what\index.js:97:36)
    at parseSelector (C:\repos\markbind\markbind\node_modules\css-what\index.js:152:13)
    at parse (C:\repos\markbind\markbind\node_modules\css-what\index.js:82:13)
    at compileUnsafe (C:\repos\markbind\markbind\node_modules\css-select\lib\compile.js:31:14)
    at select (C:\repos\markbind\markbind\node_modules\css-select\index.js:18:49)
    at CSSselect (C:\repos\markbind\markbind\node_modules\css-select\index.js:41:9)
    at initialize.exports.find (C:\repos\markbind\markbind\node_modules\cheerio\lib\api\traversing.js:40:21)
    at initialize.module.exports (C:\repos\markbind\markbind\node_modules\cheerio\lib\cheerio.js:86:18)
    at new initialize (C:\repos\markbind\markbind\node_modules\cheerio\lib\static.js:29:20)
    at initialize (C:\repos\markbind\markbind\node_modules\cheerio\lib\static.js:26:14)
    at _preprocessInclude (C:\repos\markbind\markbind\packages\core\src\preprocessors\componentPreprocessor.js:255:25)
    at preProcessComponent (C:\repos\markbind\markbind\packages\core\src\preprocessors\componentPreprocessor.js:349:12)
    at C:\repos\markbind\markbind\packages\core\src\preprocessors\componentPreprocessor.js:356:52
    at Array.map (<anonymous>)
    at Object.preProcessComponent (C:\repos\markbind\markbind\packages\core\src\preprocessors\componentPreprocessor.js:356:43)
    at C:\repos\markbind\markbind\packages\core\src\Parser.js:187:47
2020-07-07T16:53:29.331Z - info: Site data built
2020-07-07T16:53:29.332Z - info: Lazy website regeneration complete! Total build time: 0.567s
2020-07-07T16:56:18.054Z - info: Website generation (lazy) started at 12:56:14 AM
2020-07-07T16:56:34.219Z - info: Building assets...
2020-07-07T16:56:44.732Z - info: Assets built
2020-07-07T16:56:44.733Z - info: Generating landing page...
2020-07-07T16:56:45.815Z - info: Landing page built, other pages will be built as you navigate to them!
2020-07-07T16:56:45.917Z - info: Website generation (lazy) complete! Total build time: 31.059s
2020-07-07T16:56:47.971Z - info: Serving "C:\repos\nus-cs2103-AY2021S1\cs2103-website\_site" at http://127.0.0.1:8080
2020-07-07T16:56:47.972Z - info: Press CTRL+C to stop ...
2020-07-07T16:56:48.085Z - info: Site data built
2020-07-07T16:56:59.503Z - info: Building C:\repos\nus-cs2103-AY2021S1\cs2103-website\schedule\week8\topics as some of its dependencies were changed since the last visit
2020-07-07T16:57:00.925Z - error:  TypeError: Cannot read property '0' of null
Error while preprocessing 'C:\repos\nus-cs2103-AY2021S1\cs2103-website\schedule\week8\topics.md'
    at getName (C:\repos\markbind\markbind\node_modules\css-what\index.js:97:36)
    at parseSelector (C:\repos\markbind\markbind\node_modules\css-what\index.js:152:13)
    at parse (C:\repos\markbind\markbind\node_modules\css-what\index.js:82:13)
    at compileUnsafe (C:\repos\markbind\markbind\node_modules\css-select\lib\compile.js:31:14)
    at select (C:\repos\markbind\markbind\node_modules\css-select\index.js:18:49)
    at CSSselect (C:\repos\markbind\markbind\node_modules\css-select\index.js:41:9)
    at initialize.exports.find (C:\repos\markbind\markbind\node_modules\cheerio\lib\api\traversing.js:40:21)
    at initialize.module.exports (C:\repos\markbind\markbind\node_modules\cheerio\lib\cheerio.js:86:18)
    at new initialize (C:\repos\markbind\markbind\node_modules\cheerio\lib\static.js:29:20)
    at initialize (C:\repos\markbind\markbind\node_modules\cheerio\lib\static.js:26:14)
    at _preprocessInclude (C:\repos\markbind\markbind\packages\core\src\preprocessors\componentPreprocessor.js:255:25)
    at preProcessComponent (C:\repos\markbind\markbind\packages\core\src\preprocessors\componentPreprocessor.js:349:12)
    at C:\repos\markbind\markbind\packages\core\src\preprocessors\componentPreprocessor.js:356:52
    at Array.map (<anonymous>)
    at Object.preProcessComponent (C:\repos\markbind\markbind\packages\core\src\preprocessors\componentPreprocessor.js:356:43)
    at C:\repos\markbind\markbind\packages\core\src\Parser.js:187:47
2020-07-07T16:57:01.039Z - info: Site data built
2020-07-07T16:57:01.041Z - info: Lazy website regeneration complete! Total build time: 1.538s
2020-07-07T16:57:56.751Z - info: [12:57:56 AM] Reload for file change: C:\repos\nus-cs2103-AY2021S1\cs2103-website\schedule\week8\commentary-cs2103.mbdf
2020-07-07T16:57:57.757Z - info: Rebuilding 1 pages
2020-07-07T16:57:58.071Z - error:  TypeError: Cannot read property '0' of null
Error while preprocessing 'C:\repos\nus-cs2103-AY2021S1\cs2103-website\schedule\week8\topics.md'
    at getName (C:\repos\markbind\markbind\node_modules\css-what\index.js:97:36)
    at parseSelector (C:\repos\markbind\markbind\node_modules\css-what\index.js:152:13)
    at parse (C:\repos\markbind\markbind\node_modules\css-what\index.js:82:13)
    at compileUnsafe (C:\repos\markbind\markbind\node_modules\css-select\lib\compile.js:31:14)
    at select (C:\repos\markbind\markbind\node_modules\css-select\index.js:18:49)
    at CSSselect (C:\repos\markbind\markbind\node_modules\css-select\index.js:41:9)
    at initialize.exports.find (C:\repos\markbind\markbind\node_modules\cheerio\lib\api\traversing.js:40:21)
    at initialize.module.exports (C:\repos\markbind\markbind\node_modules\cheerio\lib\cheerio.js:86:18)
    at new initialize (C:\repos\markbind\markbind\node_modules\cheerio\lib\static.js:29:20)
    at initialize (C:\repos\markbind\markbind\node_modules\cheerio\lib\static.js:26:14)
    at _preprocessInclude (C:\repos\markbind\markbind\packages\core\src\preprocessors\componentPreprocessor.js:255:25)
    at preProcessComponent (C:\repos\markbind\markbind\packages\core\src\preprocessors\componentPreprocessor.js:349:12)
    at C:\repos\markbind\markbind\packages\core\src\preprocessors\componentPreprocessor.js:356:52
    at Array.map (<anonymous>)
    at Object.preProcessComponent (C:\repos\markbind\markbind\packages\core\src\preprocessors\componentPreprocessor.js:356:43)
    at C:\repos\markbind\markbind\packages\core\src\Parser.js:187:47
2020-07-07T16:57:58.104Z - info: Pages rebuilt
2020-07-07T16:57:58.104Z - info: Website regeneration complete! Total build time: 0.349s
2020-07-07T16:57:58.111Z - info: Site data built
2020-07-07T16:58:27.795Z - info: Website generation (lazy) started at 12:58:23 AM
2020-07-07T16:58:43.523Z - info: Building assets...
2020-07-07T16:58:54.504Z - info: Assets built
2020-07-07T16:58:54.504Z - info: Generating landing page...
2020-07-07T16:58:55.149Z - error:  TypeError: Cannot read property '0' of null
Error while preprocessing 'C:\repos\nus-cs2103-AY2021S1\cs2103-website\schedule\week8\topics.md'
    at getName (C:\repos\markbind\markbind\node_modules\css-what\index.js:97:36)
    at parseSelector (C:\repos\markbind\markbind\node_modules\css-what\index.js:152:13)
    at parse (C:\repos\markbind\markbind\node_modules\css-what\index.js:82:13)
    at compileUnsafe (C:\repos\markbind\markbind\node_modules\css-select\lib\compile.js:31:14)
    at select (C:\repos\markbind\markbind\node_modules\css-select\index.js:18:49)
    at CSSselect (C:\repos\markbind\markbind\node_modules\css-select\index.js:41:9)
    at initialize.exports.find (C:\repos\markbind\markbind\node_modules\cheerio\lib\api\traversing.js:40:21)
    at initialize.module.exports (C:\repos\markbind\markbind\node_modules\cheerio\lib\cheerio.js:86:18)
    at new initialize (C:\repos\markbind\markbind\node_modules\cheerio\lib\static.js:29:20)
    at initialize (C:\repos\markbind\markbind\node_modules\cheerio\lib\static.js:26:14)
    at _preprocessInclude (C:\repos\markbind\markbind\packages\core\src\preprocessors\componentPreprocessor.js:255:25)
    at preProcessComponent (C:\repos\markbind\markbind\packages\core\src\preprocessors\componentPreprocessor.js:349:12)
    at C:\repos\markbind\markbind\packages\core\src\preprocessors\componentPreprocessor.js:356:52
    at Array.map (<anonymous>)
    at Object.preProcessComponent (C:\repos\markbind\markbind\packages\core\src\preprocessors\componentPreprocessor.js:356:43)
    at C:\repos\markbind\markbind\packages\core\src\Parser.js:187:47
2020-07-07T16:58:55.231Z - info: Landing page built, other pages will be built as you navigate to them!
2020-07-07T16:58:55.322Z - info: Website generation (lazy) complete! Total build time: 32.086s
2020-07-07T16:58:56.878Z - info: Serving "C:\repos\nus-cs2103-AY2021S1\cs2103-website\_site" at http://127.0.0.1:8080
2020-07-07T16:58:56.878Z - info: Press CTRL+C to stop ...
2020-07-07T16:58:56.964Z - info: Site data built
2020-07-07T17:01:45.394Z - info: [1:01:45 AM] Reload for file change: C:\repos\nus-cs2103-AY2021S1\cs2103-website\_module-CS2103\weeklyAdminTasks.mbdf
2020-07-07T17:01:45.404Z - info: [1:01:45 AM] Reload for file change: C:\repos\nus-cs2103-AY2021S1\cs2103-website\_module-CS2103\weeklyTextbookTopics.mbdf
2020-07-07T17:01:45.407Z - info: [1:01:45 AM] Reload for file change: C:\repos\nus-cs2103-AY2021S1\cs2103-website\_module-CS2103\weeklyIpTasks.mbdf
2020-07-07T17:01:45.424Z - info: [1:01:45 AM] Reload for file change: C:\repos\nus-cs2103-AY2021S1\cs2103-website\admin\ip-tasks.mbdf
2020-07-07T17:01:45.432Z - info: [1:01:45 AM] Reload for file change: C:\repos\nus-cs2103-AY2021S1\cs2103-website\admin\peerEvaluations-midterm.mbdf
2020-07-07T17:01:45.460Z - info: [1:01:45 AM] Reload for file change: C:\repos\nus-cs2103-AY2021S1\cs2103-website\admin\tp-expectations.md
2020-07-07T17:01:45.464Z - info: [1:01:45 AM] Reload for file change: C:\repos\nus-cs2103-AY2021S1\cs2103-website\admin\tp-tasks.mbdf
2020-07-07T17:01:45.467Z - info: [1:01:45 AM] Reload for file deletion: C:\repos\nus-cs2103-AY2021S1\cs2103-website\schedule\week7\commentary-cs2103.mbdf
2020-07-07T17:01:45.467Z - info: [1:01:45 AM] Reload for file deletion: C:\repos\nus-cs2103-AY2021S1\cs2103-website\schedule\week8\commentary-cs2103.mbdf
2020-07-07T17:01:45.467Z - info: [1:01:45 AM] Reload for file deletion: C:\repos\nus-cs2103-AY2021S1\cs2103-website\schedule\week8\notices-cs2103.mbdf
2020-07-07T17:01:45.467Z - info: [1:01:45 AM] Reload for file deletion: C:\repos\nus-cs2103-AY2021S1\cs2103-website\admin\appendixE-gitHub.md
2020-07-07T17:01:45.468Z - info: [1:01:45 AM] Reload for file deletion: C:\repos\nus-cs2103-AY2021S1\cs2103-website\admin\tp-tasks.mbdf
2020-07-07T17:01:45.470Z - info: [1:01:45 AM] Reload for file add: C:\repos\nus-cs2103-AY2021S1\cs2103-website\admin\appendixE-gitHub.md
2020-07-07T17:01:45.472Z - info: [1:01:45 AM] Reload for file change: C:\repos\nus-cs2103-AY2021S1\cs2103-website\schedule\week5\tutorial-cs2103.mbdf
2020-07-07T17:01:45.486Z - info: [1:01:45 AM] Reload for file change: C:\repos\nus-cs2103-AY2021S1\cs2103-website\schedule\week6\tutorial-cs2103.mbdf
2020-07-07T17:01:45.492Z - info: [1:01:45 AM] Reload for file change: C:\repos\nus-cs2103-AY2021S1\cs2103-website\schedule\week7\tutorial-cs2103.mbdf
2020-07-07T17:01:45.500Z - info: [1:01:45 AM] Reload for file add: C:\repos\nus-cs2103-AY2021S1\cs2103-website\admin\tp-tasks.mbdf
2020-07-07T17:01:45.500Z - info: [1:01:45 AM] Reload for file change: C:\repos\nus-cs2103-AY2021S1\cs2103-website\schedule\week8\tutorial-cs2103.mbdf
2020-07-07T17:01:46.412Z - info: No pages needed to be rebuilt
2020-07-07T17:01:46.486Z - info: File added or removed, updating list of site's pages...
2020-07-07T17:01:53.557Z - info: Assets removed
2020-07-07T17:01:54.903Z - info: Building C:\repos\nus-cs2103-AY2021S1\cs2103-website\schedule\week8\topics as some of its dependencies were changed since the last visit
2020-07-07T17:02:04.696Z - debug:  
2020-07-07T17:02:04.697Z - debug:  
2020-07-07T17:02:17.022Z - info: Website generation (lazy) started at 1:02:14 AM
2020-07-07T17:02:25.866Z - info: Building assets...
2020-07-07T17:02:31.899Z - info: Assets built
2020-07-07T17:02:31.900Z - info: Generating landing page...
2020-07-07T17:02:39.795Z - debug:  
2020-07-07T17:02:39.797Z - debug:  
2020-07-07T17:02:39.901Z - info: Landing page built, other pages will be built as you navigate to them!
2020-07-07T17:02:40.009Z - info: Website generation (lazy) complete! Total build time: 25.63s
2020-07-07T17:02:40.876Z - info: Serving "C:\repos\nus-cs2103-AY2021S1\cs2103-website\_site" at http://127.0.0.1:8080
2020-07-07T17:02:40.877Z - info: Press CTRL+C to stop ...
2020-07-07T17:02:40.931Z - debug:  
2020-07-07T17:02:40.931Z - debug:  
2020-07-07T17:02:40.934Z - info: Site data built
2020-07-07T17:06:41.662Z - info: Website generation (lazy) started at 1:06:39 AM
2020-07-07T17:06:50.467Z - info: Building assets...
2020-07-07T17:06:56.218Z - info: Assets built
2020-07-07T17:06:56.220Z - info: Generating landing page...
2020-07-07T17:07:04.554Z - debug:  
2020-07-07T17:07:04.555Z - debug:  
2020-07-07T17:07:04.621Z - info: Landing page built, other pages will be built as you navigate to them!
2020-07-07T17:07:04.722Z - info: Website generation (lazy) complete! Total build time: 25.602s
2020-07-07T17:07:05.560Z - info: Serving "C:\repos\nus-cs2103-AY2021S1\cs2103-website\_site" at http://127.0.0.1:8080
2020-07-07T17:07:05.560Z - info: Press CTRL+C to stop ...
2020-07-07T17:07:05.607Z - debug:  
2020-07-07T17:07:05.607Z - debug:  
2020-07-07T17:07:05.610Z - info: Site data built
2020-07-07T17:07:39.627Z - info: [1:07:39 AM] Reload for file add: C:\repos\nus-cs2103-AY2021S1\cs2103-website\schedule\week8\commentary-cs2103.mbdf
2020-07-07T17:07:40.628Z - info: File added or removed, updating list of site's pages...
2020-07-07T17:07:46.011Z - info: Assets removed
2020-07-07T17:07:47.205Z - info: Building C:\repos\nus-cs2103-AY2021S1\cs2103-website\schedule\week8\topics as some of its dependencies were changed since the last visit
2020-07-07T17:07:47.458Z - error:  TypeError: Cannot read property '0' of null
Error while preprocessing 'C:\repos\nus-cs2103-AY2021S1\cs2103-website\schedule\week8\topics.md'
    at getName (C:\repos\markbind\markbind\node_modules\css-what\index.js:97:36)
    at parseSelector (C:\repos\markbind\markbind\node_modules\css-what\index.js:152:13)
    at parse (C:\repos\markbind\markbind\node_modules\css-what\index.js:82:13)
    at compileUnsafe (C:\repos\markbind\markbind\node_modules\css-select\lib\compile.js:31:14)
    at select (C:\repos\markbind\markbind\node_modules\css-select\index.js:18:49)
    at CSSselect (C:\repos\markbind\markbind\node_modules\css-select\index.js:41:9)
    at initialize.exports.find (C:\repos\markbind\markbind\node_modules\cheerio\lib\api\traversing.js:40:21)
    at initialize.module.exports (C:\repos\markbind\markbind\node_modules\cheerio\lib\cheerio.js:86:18)
    at new initialize (C:\repos\markbind\markbind\node_modules\cheerio\lib\static.js:29:20)
    at initialize (C:\repos\markbind\markbind\node_modules\cheerio\lib\static.js:26:14)
    at _preprocessInclude (C:\repos\markbind\markbind\packages\core\src\preprocessors\componentPreprocessor.js:255:25)
    at preProcessComponent (C:\repos\markbind\markbind\packages\core\src\preprocessors\componentPreprocessor.js:349:12)
    at C:\repos\markbind\markbind\packages\core\src\preprocessors\componentPreprocessor.js:356:52
    at Array.map (<anonymous>)
    at Object.preProcessComponent (C:\repos\markbind\markbind\packages\core\src\preprocessors\componentPreprocessor.js:356:43)
    at C:\repos\markbind\markbind\packages\core\src\Parser.js:187:47
2020-07-07T17:07:47.487Z - info: Site data built
2020-07-07T17:07:47.487Z - info: Lazy website regeneration complete! Total build time: 0.285s
2020-07-07T17:08:50.845Z - info: [1:08:50 AM] Reload for file change: C:\repos\nus-cs2103-AY2021S1\cs2103-website\schedule\week8\commentary-cs2103.mbdf
2020-07-07T17:08:51.850Z - info: Rebuilding 1 pages
2020-07-07T17:08:52.124Z - error:  TypeError: Cannot read property '0' of null
Error while preprocessing 'C:\repos\nus-cs2103-AY2021S1\cs2103-website\schedule\week8\topics.md'
    at getName (C:\repos\markbind\markbind\node_modules\css-what\index.js:97:36)
    at parseSelector (C:\repos\markbind\markbind\node_modules\css-what\index.js:152:13)
    at parse (C:\repos\markbind\markbind\node_modules\css-what\index.js:82:13)
    at compileUnsafe (C:\repos\markbind\markbind\node_modules\css-select\lib\compile.js:31:14)
    at select (C:\repos\markbind\markbind\node_modules\css-select\index.js:18:49)
    at CSSselect (C:\repos\markbind\markbind\node_modules\css-select\index.js:41:9)
    at initialize.exports.find (C:\repos\markbind\markbind\node_modules\cheerio\lib\api\traversing.js:40:21)
    at initialize.module.exports (C:\repos\markbind\markbind\node_modules\cheerio\lib\cheerio.js:86:18)
    at new initialize (C:\repos\markbind\markbind\node_modules\cheerio\lib\static.js:29:20)
    at initialize (C:\repos\markbind\markbind\node_modules\cheerio\lib\static.js:26:14)
    at _preprocessInclude (C:\repos\markbind\markbind\packages\core\src\preprocessors\componentPreprocessor.js:255:25)
    at preProcessComponent (C:\repos\markbind\markbind\packages\core\src\preprocessors\componentPreprocessor.js:349:12)
    at C:\repos\markbind\markbind\packages\core\src\preprocessors\componentPreprocessor.js:356:52
    at Array.map (<anonymous>)
    at Object.preProcessComponent (C:\repos\markbind\markbind\packages\core\src\preprocessors\componentPreprocessor.js:356:43)
    at C:\repos\markbind\markbind\packages\core\src\Parser.js:187:47
2020-07-07T17:08:52.155Z - info: Pages rebuilt
2020-07-07T17:08:52.155Z - info: Website regeneration complete! Total build time: 0.307s
2020-07-07T17:08:52.159Z - info: Site data built
2020-07-07T17:09:17.418Z - info: Website generation (lazy) started at 1:09:14 AM
2020-07-07T17:09:25.950Z - info: Building assets...
2020-07-07T17:09:31.537Z - info: Assets built
2020-07-07T17:09:31.538Z - info: Generating landing page...
2020-07-07T17:09:32.155Z - error:  TypeError: Cannot read property '0' of null
Error while preprocessing 'C:\repos\nus-cs2103-AY2021S1\cs2103-website\schedule\week8\topics.md'
    at getName (C:\repos\markbind\markbind\node_modules\css-what\index.js:97:36)
    at parseSelector (C:\repos\markbind\markbind\node_modules\css-what\index.js:152:13)
    at parse (C:\repos\markbind\markbind\node_modules\css-what\index.js:82:13)
    at compileUnsafe (C:\repos\markbind\markbind\node_modules\css-select\lib\compile.js:31:14)
    at select (C:\repos\markbind\markbind\node_modules\css-select\index.js:18:49)
    at CSSselect (C:\repos\markbind\markbind\node_modules\css-select\index.js:41:9)
    at initialize.exports.find (C:\repos\markbind\markbind\node_modules\cheerio\lib\api\traversing.js:40:21)
    at initialize.module.exports (C:\repos\markbind\markbind\node_modules\cheerio\lib\cheerio.js:86:18)
    at new initialize (C:\repos\markbind\markbind\node_modules\cheerio\lib\static.js:29:20)
    at initialize (C:\repos\markbind\markbind\node_modules\cheerio\lib\static.js:26:14)
    at _preprocessInclude (C:\repos\markbind\markbind\packages\core\src\preprocessors\componentPreprocessor.js:255:25)
    at preProcessComponent (C:\repos\markbind\markbind\packages\core\src\preprocessors\componentPreprocessor.js:349:12)
    at C:\repos\markbind\markbind\packages\core\src\preprocessors\componentPreprocessor.js:356:52
    at Array.map (<anonymous>)
    at Object.preProcessComponent (C:\repos\markbind\markbind\packages\core\src\preprocessors\componentPreprocessor.js:356:43)
    at C:\repos\markbind\markbind\packages\core\src\Parser.js:187:47
2020-07-07T17:09:32.239Z - info: Landing page built, other pages will be built as you navigate to them!
2020-07-07T17:09:32.329Z - info: Website generation (lazy) complete! Total build time: 17.38s
2020-07-07T17:09:33.139Z - info: Serving "C:\repos\nus-cs2103-AY2021S1\cs2103-website\_site" at http://127.0.0.1:8080
2020-07-07T17:09:33.139Z - info: Press CTRL+C to stop ...
2020-07-07T17:09:33.192Z - info: Site data built
2020-07-07T17:11:14.483Z - info: [1:11:14 AM] Reload for file change: C:\repos\nus-cs2103-AY2021S1\cs2103-website\common\topics.njk
2020-07-07T17:11:15.525Z - info: Assets built
2020-07-07T17:11:25.751Z - info: Website generation (lazy) started at 1:11:23 AM
2020-07-07T17:11:34.418Z - info: Building assets...
2020-07-07T17:11:40.337Z - info: Assets built
2020-07-07T17:11:40.338Z - info: Generating landing page...
2020-07-07T17:11:40.961Z - error:  TypeError: Cannot read property '0' of null
Error while preprocessing 'C:\repos\nus-cs2103-AY2021S1\cs2103-website\schedule\week8\topics.md'
    at getName (C:\repos\markbind\markbind\node_modules\css-what\index.js:97:36)
    at parseSelector (C:\repos\markbind\markbind\node_modules\css-what\index.js:152:13)
    at parse (C:\repos\markbind\markbind\node_modules\css-what\index.js:82:13)
    at compileUnsafe (C:\repos\markbind\markbind\node_modules\css-select\lib\compile.js:31:14)
    at select (C:\repos\markbind\markbind\node_modules\css-select\index.js:18:49)
    at CSSselect (C:\repos\markbind\markbind\node_modules\css-select\index.js:41:9)
    at initialize.exports.find (C:\repos\markbind\markbind\node_modules\cheerio\lib\api\traversing.js:40:21)
    at initialize.module.exports (C:\repos\markbind\markbind\node_modules\cheerio\lib\cheerio.js:86:18)
    at new initialize (C:\repos\markbind\markbind\node_modules\cheerio\lib\static.js:29:20)
    at initialize (C:\repos\markbind\markbind\node_modules\cheerio\lib\static.js:26:14)
    at _preprocessInclude (C:\repos\markbind\markbind\packages\core\src\preprocessors\componentPreprocessor.js:255:25)
    at preProcessComponent (C:\repos\markbind\markbind\packages\core\src\preprocessors\componentPreprocessor.js:349:12)
    at C:\repos\markbind\markbind\packages\core\src\preprocessors\componentPreprocessor.js:356:52
    at Array.map (<anonymous>)
    at Object.preProcessComponent (C:\repos\markbind\markbind\packages\core\src\preprocessors\componentPreprocessor.js:356:43)
    at C:\repos\markbind\markbind\packages\core\src\Parser.js:187:47
2020-07-07T17:11:41.055Z - info: Landing page built, other pages will be built as you navigate to them!
2020-07-07T17:11:41.153Z - info: Website generation (lazy) complete! Total build time: 17.961s
2020-07-07T17:11:41.942Z - info: Serving "C:\repos\nus-cs2103-AY2021S1\cs2103-website\_site" at http://127.0.0.1:8080
2020-07-07T17:11:41.942Z - info: Press CTRL+C to stop ...
2020-07-07T17:11:42.004Z - info: Site data built
2020-07-07T17:12:58.428Z - info: [1:12:58 AM] Reload for file change: C:\repos\nus-cs2103-AY2021S1\cs2103-website\common\topics.njk
2020-07-07T17:12:59.460Z - info: Assets built
2020-07-07T17:13:06.419Z - info: Website generation (lazy) started at 1:13:03 AM
2020-07-07T17:13:15.186Z - info: Building assets...
2020-07-07T17:13:20.909Z - info: Assets built
2020-07-07T17:13:20.910Z - info: Generating landing page...
2020-07-07T17:13:29.540Z - debug:  
2020-07-07T17:13:29.540Z - debug:  
2020-07-07T17:13:29.671Z - info: Landing page built, other pages will be built as you navigate to them!
2020-07-07T17:13:29.796Z - info: Website generation (lazy) complete! Total build time: 25.886s
2020-07-07T17:13:30.621Z - info: Serving "C:\repos\nus-cs2103-AY2021S1\cs2103-website\_site" at http://127.0.0.1:8080
2020-07-07T17:13:30.621Z - info: Press CTRL+C to stop ...
2020-07-07T17:13:30.673Z - debug:  
2020-07-07T17:13:30.673Z - debug:  
2020-07-07T17:13:30.676Z - info: Site data built
2020-07-07T17:14:02.674Z - info: [1:14:02 AM] Reload for file change: C:\repos\nus-cs2103-AY2021S1\cs2103-website\schedule\week8\commentary-cs2103.mbdf
2020-07-07T17:14:03.678Z - info: Rebuilding 1 pages
2020-07-07T17:14:07.450Z - info: Pages rebuilt
2020-07-07T17:14:07.450Z - info: Website regeneration complete! Total build time: 3.773s
2020-07-07T17:14:07.481Z - info: Site data built
2020-07-07T17:14:26.985Z - info: [1:14:26 AM] Reload for file change: C:\repos\nus-cs2103-AY2021S1\cs2103-website\schedule\week8\commentary-cs2103.mbdf
2020-07-07T17:14:27.989Z - info: Rebuilding 1 pages
2020-07-07T17:14:31.637Z - info: Pages rebuilt
2020-07-07T17:14:31.637Z - info: Website regeneration complete! Total build time: 3.649s
2020-07-07T17:14:31.682Z - info: Site data built
2020-07-07T17:16:08.690Z - info: [1:16:08 AM] Reload for file change: C:\repos\nus-cs2103-AY2021S1\cs2103-website\schedule\week8\commentary-cs2103.mbdf
2020-07-07T17:16:09.729Z - info: Rebuilding 1 pages
2020-07-07T17:16:14.446Z - info: Pages rebuilt
2020-07-07T17:16:14.447Z - info: Website regeneration complete! Total build time: 4.719s
2020-07-07T17:16:14.488Z - info: Site data built
2020-07-07T17:16:54.012Z - info: [1:16:54 AM] Reload for file change: C:\repos\nus-cs2103-AY2021S1\cs2103-website\schedule\week8\commentary-cs2103.mbdf
2020-07-07T17:16:55.024Z - info: Rebuilding 1 pages
2020-07-07T17:16:59.629Z - info: Pages rebuilt
2020-07-07T17:16:59.629Z - info: Website regeneration complete! Total build time: 4.61s
2020-07-07T17:16:59.663Z - info: Site data built
2020-07-07T17:19:34.227Z - info: [1:19:34 AM] Reload for file change: C:\repos\nus-cs2103-AY2021S1\cs2103-website\schedule\week8\commentary-cs2103.mbdf
2020-07-07T17:19:35.249Z - info: Rebuilding 1 pages
2020-07-07T17:19:39.821Z - info: Pages rebuilt
2020-07-07T17:19:39.821Z - info: Website regeneration complete! Total build time: 4.58s
2020-07-07T17:19:39.882Z - info: Site data built
2020-07-07T17:22:41.195Z - info: [1:22:41 AM] Reload for file add: C:\repos\nus-cs2103-AY2021S1\cs2103-website\admin\images\drawingDiagrams.png
2020-07-07T17:22:41.238Z - info: [1:22:41 AM] Reload for file change: C:\repos\nus-cs2103-AY2021S1\cs2103-website\admin\images\drawingDiagrams.png
2020-07-07T17:22:42.236Z - info: Assets built
2020-07-07T17:23:34.269Z - info: [1:23:34 AM] Reload for file change: C:\repos\nus-cs2103-AY2021S1\cs2103-website\schedule\week8\commentary-cs2103.mbdf
2020-07-07T17:23:35.284Z - info: Rebuilding 1 pages
2020-07-07T17:23:39.268Z - info: Pages rebuilt
2020-07-07T17:23:39.269Z - info: Website regeneration complete! Total build time: 3.994s
2020-07-07T17:23:39.294Z - info: Site data built
2020-07-07T17:24:10.986Z - info: [1:24:10 AM] Reload for file change: C:\repos\nus-cs2103-AY2021S1\cs2103-website\schedule\week8\commentary-cs2103.mbdf
2020-07-07T17:24:11.998Z - info: Rebuilding 1 pages
2020-07-07T17:24:16.152Z - info: Pages rebuilt
2020-07-07T17:24:16.153Z - info: Website regeneration complete! Total build time: 4.161s
2020-07-07T17:24:16.179Z - info: [1:24:16 AM] Reload for file change: C:\repos\nus-cs2103-AY2021S1\cs2103-website\schedule\week8\commentary-cs2103.mbdf
2020-07-07T17:24:16.192Z - info: Site data built
2020-07-07T17:24:17.183Z - info: Rebuilding 1 pages
2020-07-07T17:24:20.842Z - info: Pages rebuilt
2020-07-07T17:24:20.842Z - info: Website regeneration complete! Total build time: 3.66s
2020-07-07T17:24:20.867Z - info: Site data built
2020-07-07T17:24:49.171Z - info: [1:24:49 AM] Reload for file change: C:\repos\nus-cs2103-AY2021S1\cs2103-website\schedule\week8\commentary-cs2103.mbdf
2020-07-07T17:24:50.173Z - info: Rebuilding 1 pages
2020-07-07T17:24:54.098Z - info: Pages rebuilt
2020-07-07T17:24:54.099Z - info: Website regeneration complete! Total build time: 3.927s
2020-07-07T17:24:54.129Z - info: Site data built
2020-07-07T17:25:41.640Z - info: [1:25:41 AM] Reload for file change: C:\repos\nus-cs2103-AY2021S1\cs2103-website\schedule\week8\commentary-cs2103.mbdf
2020-07-07T17:25:42.650Z - info: Rebuilding 1 pages
2020-07-07T17:25:46.686Z - info: Pages rebuilt
2020-07-07T17:25:46.686Z - info: Website regeneration complete! Total build time: 4.038s
2020-07-07T17:25:46.717Z - info: Site data built
2020-07-07T17:26:03.430Z - info: [1:26:03 AM] Reload for file change: C:\repos\nus-cs2103-AY2021S1\cs2103-website\schedule\week8\commentary-cs2103.mbdf
2020-07-07T17:26:04.435Z - info: Rebuilding 1 pages
2020-07-07T17:26:07.609Z - info: Pages rebuilt
2020-07-07T17:26:07.610Z - info: Website regeneration complete! Total build time: 3.176s
2020-07-07T17:26:07.632Z - info: Site data built
2020-07-07T17:26:57.778Z - info: [1:26:57 AM] Reload for file change: C:\repos\nus-cs2103-AY2021S1\cs2103-website\schedule\week8\commentary-cs2103.mbdf
2020-07-07T17:26:58.785Z - info: Rebuilding 1 pages
2020-07-07T17:27:03.416Z - info: Pages rebuilt
2020-07-07T17:27:03.417Z - info: Website regeneration complete! Total build time: 4.637s
2020-07-07T17:27:03.453Z - info: Site data built
2020-07-07T17:27:50.961Z - info: [1:27:50 AM] Reload for file change: C:\repos\nus-cs2103-AY2021S1\cs2103-website\schedule\week8\commentary-cs2103.mbdf
2020-07-07T17:27:51.966Z - info: Rebuilding 1 pages
2020-07-07T17:27:55.966Z - info: Pages rebuilt
2020-07-07T17:27:55.966Z - info: Website regeneration complete! Total build time: 4.002s
2020-07-07T17:27:55.990Z - info: Site data built
2020-07-07T17:29:14.088Z - info: [1:29:14 AM] Reload for file change: C:\repos\nus-cs2103-AY2021S1\cs2103-website\schedule\week8\commentary-cs2103.mbdf
2020-07-07T17:29:15.095Z - info: Rebuilding 1 pages
2020-07-07T17:29:19.434Z - info: Pages rebuilt
2020-07-07T17:29:19.434Z - info: Website regeneration complete! Total build time: 4.341s
2020-07-07T17:29:19.464Z - info: Site data built
2020-07-07T17:29:36.320Z - info: [1:29:36 AM] Reload for file change: C:\repos\nus-cs2103-AY2021S1\cs2103-website\schedule\week8\commentary-cs2103.mbdf
2020-07-07T17:29:37.326Z - info: Rebuilding 1 pages
2020-07-07T17:29:41.047Z - info: Pages rebuilt
2020-07-07T17:29:41.047Z - info: Website regeneration complete! Total build time: 3.726s
2020-07-07T17:29:41.077Z - info: Site data built
2020-07-07T17:34:47.488Z - info: [1:34:47 AM] Reload for file change: C:\repos\nus-cs2103-AY2021S1\cs2103-website\schedule\week8\commentary-cs2103.mbdf
2020-07-07T17:34:48.499Z - info: Rebuilding 1 pages
2020-07-07T17:34:53.009Z - info: Pages rebuilt
2020-07-07T17:34:53.010Z - info: Website regeneration complete! Total build time: 4.517s
2020-07-07T17:34:53.052Z - info: Site data built
2020-07-07T17:35:38.880Z - info: Building C:\repos\nus-cs2103-AY2021S1\cs2103-website\schedule\week8\tutorial as some of its dependencies were changed since the last visit
2020-07-07T17:35:39.384Z - info: Site data built
2020-07-07T17:35:39.385Z - info: Lazy website regeneration complete! Total build time: 0.507s
2020-07-07T17:35:48.055Z - info: Building C:\repos\nus-cs2103-AY2021S1\cs2103-website\schedule\week9\index as some of its dependencies were changed since the last visit
2020-07-07T17:35:48.930Z - info: Site data built
2020-07-07T17:35:48.930Z - info: Lazy website regeneration complete! Total build time: 0.875s
2020-07-07T17:35:51.683Z - info: Building C:\repos\nus-cs2103-AY2021S1\cs2103-website\schedule\week9\tutorial as some of its dependencies were changed since the last visit
2020-07-07T17:35:51.907Z - info: Site data built
2020-07-07T17:35:51.908Z - info: Lazy website regeneration complete! Total build time: 0.226s
2020-07-07T17:41:12.189Z - info: [1:41:12 AM] Reload for file change: C:\repos\nus-cs2103-AY2021S1\cs2103-website\schedule\week8\commentary-cs2103.mbdf
2020-07-07T17:41:13.202Z - info: No pages needed to be rebuilt
2020-07-07T17:41:20.674Z - info: Building C:\repos\nus-cs2103-AY2021S1\cs2103-website\schedule\week8\topics as some of its dependencies were changed since the last visit
2020-07-07T17:41:24.728Z - info: Site data built
2020-07-07T17:41:24.734Z - info: Lazy website regeneration complete! Total build time: 4.06s
2020-07-07T17:41:53.799Z - info: [1:41:53 AM] Reload for file change: C:\repos\nus-cs2103-AY2021S1\cs2103-website\schedule\week8\commentary-cs2103.mbdf
2020-07-07T17:41:54.802Z - info: Rebuilding 1 pages
2020-07-07T17:41:59.703Z - info: Pages rebuilt
2020-07-07T17:41:59.703Z - info: Website regeneration complete! Total build time: 4.902s
2020-07-07T17:41:59.745Z - info: Site data built
2020-07-07T17:42:24.414Z - info: [1:42:24 AM] Reload for file change: C:\repos\nus-cs2103-AY2021S1\cs2103-website\schedule\week8\commentary-cs2103.mbdf
2020-07-07T17:42:25.417Z - info: Rebuilding 1 pages
2020-07-07T17:42:28.705Z - info: Pages rebuilt
2020-07-07T17:42:28.705Z - info: Website regeneration complete! Total build time: 3.29s
2020-07-07T17:42:28.733Z - info: Site data built
2020-07-07T17:42:37.399Z - info: [1:42:37 AM] Reload for file change: C:\repos\nus-cs2103-AY2021S1\cs2103-website\schedule\week8\commentary-cs2103.mbdf
2020-07-07T17:42:38.406Z - info: Rebuilding 1 pages
2020-07-07T17:42:41.494Z - info: Pages rebuilt
2020-07-07T17:42:41.495Z - info: Website regeneration complete! Total build time: 3.094s
2020-07-07T17:42:41.526Z - info: Site data built
2020-07-07T17:43:06.437Z - info: [1:43:06 AM] Reload for file change: C:\repos\nus-cs2103-AY2021S1\cs2103-website\schedule\week8\commentary-cs2103.mbdf
2020-07-07T17:43:07.441Z - info: Rebuilding 1 pages
2020-07-07T17:43:10.549Z - info: Pages rebuilt
2020-07-07T17:43:10.550Z - info: Website regeneration complete! Total build time: 3.111s
2020-07-07T17:43:10.578Z - info: Site data built
2020-07-08T04:47:32.401Z - info: Website generation (lazy) started at 12:47:28 PM
2020-07-08T04:47:46.160Z - info: Building assets...
2020-07-08T04:47:55.056Z - info: Assets built
2020-07-08T04:47:55.057Z - info: Generating landing page...
2020-07-08T04:47:55.999Z - info: Landing page built, other pages will be built as you navigate to them!
2020-07-08T04:47:56.104Z - info: Website generation (lazy) complete! Total build time: 27.825s
2020-07-08T04:47:57.229Z - info: Serving "C:\repos\nus-cs2103-AY2021S1\cs2103-website\_site" at http://127.0.0.1:8080
2020-07-08T04:47:57.230Z - info: Press CTRL+C to stop ...
2020-07-08T04:47:57.311Z - info: Site data built
2020-07-08T12:33:48.075Z - info: Website generation (lazy) started at 8:33:45 PM
2020-07-08T12:33:57.946Z - info: Building assets...
2020-07-08T12:34:04.243Z - info: Assets built
2020-07-08T12:34:04.244Z - info: Generating landing page...
2020-07-08T12:34:05.798Z - info: Landing page built, other pages will be built as you navigate to them!
2020-07-08T12:34:05.946Z - info: Website generation (lazy) complete! Total build time: 20.806s
2020-07-08T12:34:06.791Z - info: Serving "C:\repos\nus-cs2103-AY2021S1\cs2103-website\_site" at http://127.0.0.1:8080
2020-07-08T12:34:06.792Z - info: Press CTRL+C to stop ...
2020-07-08T12:34:06.854Z - info: Site data built
2020-07-08T12:36:56.705Z - info: Building C:\repos\nus-cs2103-AY2021S1\cs2103-website\schedule\week8\index as some of its dependencies were changed since the last visit
2020-07-08T12:36:58.059Z - info: Site data built
2020-07-08T12:36:58.060Z - info: Lazy website regeneration complete! Total build time: 1.357s
2020-07-08T12:37:06.709Z - info: Building C:\repos\nus-cs2103-AY2021S1\cs2103-website\schedule\week9\index as some of its dependencies were changed since the last visit
2020-07-08T12:37:07.543Z - info: Site data built
2020-07-08T12:37:07.544Z - info: Lazy website regeneration complete! Total build time: 0.836s
2020-07-08T12:37:51.074Z - info: Building C:\repos\nus-cs2103-AY2021S1\cs2103-website\schedule\week9\admin as some of its dependencies were changed since the last visit
2020-07-08T12:37:51.446Z - info: Site data built
2020-07-08T12:37:51.446Z - info: Lazy website regeneration complete! Total build time: 0.372s
2020-07-08T12:38:37.062Z - info: Building C:\repos\nus-cs2103-AY2021S1\cs2103-website\schedule\week9\project as some of its dependencies were changed since the last visit
2020-07-08T12:38:37.884Z - info: Site data built
2020-07-08T12:38:37.885Z - info: Lazy website regeneration complete! Total build time: 0.823s
2020-07-08T12:41:03.373Z - info: Building C:\repos\nus-cs2103-AY2021S1\cs2103-website\schedule\week9\tutorial as some of its dependencies were changed since the last visit
2020-07-08T12:41:03.672Z - info: Site data built
2020-07-08T12:41:03.672Z - info: Lazy website regeneration complete! Total build time: 0.3s
2020-07-08T12:53:25.278Z - info: [8:53:25 PM] Reload for file change: C:\repos\nus-cs2103-AY2021S1\cs2103-website\admin\tp-tasks.mbdf
2020-07-08T12:53:25.298Z - info: [8:53:25 PM] Reload for file change: C:\repos\nus-cs2103-AY2021S1\cs2103-website\schedule\week9\tutorial-cs2103.mbdf
2020-07-08T12:53:25.312Z - info: [8:53:25 PM] Reload for file change: C:\repos\nus-cs2103-AY2021S1\cs2103-website\_module-CS2103\weeklyTpTasks.mbdf
2020-07-08T12:53:26.285Z - info: Rebuilding 1 pages
2020-07-08T12:53:27.035Z - info: Pages rebuilt
2020-07-08T12:53:27.035Z - info: Website regeneration complete! Total build time: 0.753s
2020-07-08T12:53:27.039Z - info: Site data built
2020-07-08T12:53:46.000Z - info: Website generation (lazy) started at 8:53:43 PM
2020-07-08T12:53:54.650Z - info: Building assets...
2020-07-08T12:54:01.406Z - info: Assets built
2020-07-08T12:54:01.407Z - info: Generating landing page...
2020-07-08T12:54:02.450Z - info: Landing page built, other pages will be built as you navigate to them!
2020-07-08T12:54:02.545Z - info: Website generation (lazy) complete! Total build time: 19.105s
2020-07-08T12:54:03.352Z - info: Serving "C:\repos\nus-cs2103-AY2021S1\cs2103-website\_site" at http://127.0.0.1:8080
2020-07-08T12:54:03.353Z - info: Press CTRL+C to stop ...
2020-07-08T12:54:03.411Z - info: Site data built
2020-07-08T12:56:25.539Z - info: Building C:\repos\nus-cs2103-AY2021S1\cs2103-website\schedule\week9\tutorial as some of its dependencies were changed since the last visit
2020-07-08T12:56:26.197Z - info: Site data built
2020-07-08T12:56:26.197Z - info: Lazy website regeneration complete! Total build time: 0.661s
2020-07-08T12:56:30.608Z - info: Building C:\repos\nus-cs2103-AY2021S1\cs2103-website\schedule\week9\project as some of its dependencies were changed since the last visit
2020-07-08T12:56:31.396Z - info: Site data built
2020-07-08T12:56:31.396Z - info: Lazy website regeneration complete! Total build time: 0.789s
2020-07-08T12:56:37.265Z - info: Building C:\repos\nus-cs2103-AY2021S1\cs2103-website\schedule\week10\project as some of its dependencies were changed since the last visit
2020-07-08T12:56:38.235Z - info: Site data built
2020-07-08T12:56:38.237Z - info: Lazy website regeneration complete! Total build time: 0.971s
2020-07-08T12:59:39.809Z - info: [8:59:39 PM] Reload for file change: C:\repos\nus-cs2103-AY2021S1\cs2103-website\schedule\week9\tutorial-cs2103.mbdf
2020-07-08T12:59:40.821Z - info: Rebuilding 1 pages
2020-07-08T12:59:41.342Z - info: Pages rebuilt
2020-07-08T12:59:41.343Z - info: Website regeneration complete! Total build time: 0.531s
2020-07-08T12:59:41.347Z - info: Site data built
2020-07-08T12:59:54.618Z - info: [8:59:54 PM] Reload for file change: C:\repos\nus-cs2103-AY2021S1\cs2103-website\schedule\week9\tutorial-cs2103.mbdf
2020-07-08T12:59:55.623Z - info: Rebuilding 1 pages
2020-07-08T12:59:55.984Z - info: Pages rebuilt
2020-07-08T12:59:55.984Z - info: Website regeneration complete! Total build time: 0.365s
2020-07-08T12:59:55.988Z - info: Site data built
2020-07-08T13:00:16.173Z - info: [9:00:16 PM] Reload for file change: C:\repos\nus-cs2103-AY2021S1\cs2103-website\schedule\week9\tutorial-cs2103.mbdf
2020-07-08T13:00:17.176Z - info: Rebuilding 1 pages
2020-07-08T13:00:17.467Z - info: Pages rebuilt
2020-07-08T13:00:17.468Z - info: Website regeneration complete! Total build time: 0.294s
2020-07-08T13:00:17.471Z - info: Site data built
2020-07-08T13:00:28.199Z - info: [9:00:28 PM] Reload for file change: C:\repos\nus-cs2103-AY2021S1\cs2103-website\schedule\week9\tutorial-cs2103.mbdf
2020-07-08T13:00:29.202Z - info: Rebuilding 1 pages
2020-07-08T13:00:29.471Z - info: Pages rebuilt
2020-07-08T13:00:29.471Z - info: Website regeneration complete! Total build time: 0.27s
2020-07-08T13:00:29.475Z - info: Site data built
2020-07-08T13:01:26.763Z - info: [9:01:26 PM] Reload for file change: C:\repos\nus-cs2103-AY2021S1\cs2103-website\schedule\week9\tutorial-cs2103.mbdf
2020-07-08T13:01:27.769Z - info: Rebuilding 1 pages
2020-07-08T13:01:28.113Z - info: Pages rebuilt
2020-07-08T13:01:28.113Z - info: Website regeneration complete! Total build time: 0.349s
2020-07-08T13:01:28.117Z - info: Site data built
2020-07-08T13:01:44.491Z - info: [9:01:44 PM] Reload for file change: C:\repos\nus-cs2103-AY2021S1\cs2103-website\schedule\week9\tutorial-cs2103.mbdf
2020-07-08T13:01:45.498Z - info: Rebuilding 1 pages
2020-07-08T13:01:45.766Z - info: Pages rebuilt
2020-07-08T13:01:45.766Z - info: Website regeneration complete! Total build time: 0.271s
2020-07-08T13:01:45.771Z - info: Site data built
2020-07-08T13:02:18.361Z - info: [9:02:18 PM] Reload for file change: C:\repos\nus-cs2103-AY2021S1\cs2103-website\schedule\week9\tutorial-cs2103.mbdf
2020-07-08T13:02:19.367Z - info: Rebuilding 1 pages
2020-07-08T13:02:19.668Z - info: Pages rebuilt
2020-07-08T13:02:19.668Z - info: Website regeneration complete! Total build time: 0.303s
2020-07-08T13:02:19.675Z - info: Site data built
2020-07-08T13:03:17.105Z - info: [9:03:17 PM] Reload for file change: C:\repos\nus-cs2103-AY2021S1\cs2103-website\schedule\week9\tutorial-cs2103.mbdf
2020-07-08T13:03:18.114Z - info: Rebuilding 1 pages
2020-07-08T13:03:18.411Z - info: Pages rebuilt
2020-07-08T13:03:18.411Z - info: Website regeneration complete! Total build time: 0.302s
2020-07-08T13:03:18.414Z - info: Site data built
2020-07-08T13:03:32.210Z - info: [9:03:32 PM] Reload for file change: C:\repos\nus-cs2103-AY2021S1\cs2103-website\schedule\week9\tutorial-cs2103.mbdf
2020-07-08T13:03:33.220Z - info: Rebuilding 1 pages
2020-07-08T13:03:33.691Z - info: Pages rebuilt
2020-07-08T13:03:33.691Z - info: Website regeneration complete! Total build time: 0.477s
2020-07-08T13:03:33.695Z - info: Site data built
2020-07-08T13:06:24.755Z - info: [9:06:24 PM] Reload for file change: C:\repos\nus-cs2103-AY2021S1\cs2103-website\schedule\week9\tutorial-cs2103.mbdf
2020-07-08T13:06:25.766Z - info: Rebuilding 1 pages
2020-07-08T13:06:26.172Z - info: Pages rebuilt
2020-07-08T13:06:26.172Z - info: Website regeneration complete! Total build time: 0.412s
2020-07-08T13:06:26.175Z - info: Site data built
2020-07-08T13:07:48.702Z - info: [9:07:48 PM] Reload for file change: C:\repos\nus-cs2103-AY2021S1\cs2103-website\schedule\week9\tutorial-cs2103.mbdf
2020-07-08T13:07:49.709Z - info: Rebuilding 1 pages
2020-07-08T13:07:50.042Z - info: Pages rebuilt
2020-07-08T13:07:50.043Z - info: Website regeneration complete! Total build time: 0.34s
2020-07-08T13:07:50.046Z - info: Site data built
2020-07-08T13:08:38.677Z - info: [9:08:38 PM] Reload for file change: C:\repos\nus-cs2103-AY2021S1\cs2103-website\schedule\week9\tutorial-cs2103.mbdf
2020-07-08T13:08:39.679Z - info: Rebuilding 1 pages
2020-07-08T13:08:40.173Z - info: Pages rebuilt
2020-07-08T13:08:40.174Z - info: Website regeneration complete! Total build time: 0.496s
2020-07-08T13:08:40.176Z - info: Site data built
2020-07-08T13:16:53.026Z - info: Building C:\repos\nus-cs2103-AY2021S1\cs2103-website\schedule\week9\admin as some of its dependencies were changed since the last visit
2020-07-08T13:16:53.342Z - info: Site data built
2020-07-08T13:16:53.343Z - info: Lazy website regeneration complete! Total build time: 0.317s
2020-07-08T13:17:02.363Z - info: [9:17:02 PM] Reload for file add: C:\repos\nus-cs2103-AY2021S1\cs2103-website\schedule\week9\notices-cs2103.mbdf
2020-07-08T13:17:03.365Z - info: File added or removed, updating list of site's pages...
2020-07-08T13:17:09.159Z - info: Assets removed
2020-07-08T13:17:10.390Z - info: Building C:\repos\nus-cs2103-AY2021S1\cs2103-website\schedule\week9\admin as some of its dependencies were changed since the last visit
2020-07-08T13:17:10.711Z - info: Site data built
2020-07-08T13:17:10.711Z - info: Lazy website regeneration complete! Total build time: 0.322s
2020-07-08T13:17:23.809Z - info: [9:17:23 PM] Reload for file change: C:\repos\nus-cs2103-AY2021S1\cs2103-website\schedule\week9\notices-cs2103.mbdf
2020-07-08T13:17:24.821Z - info: No pages needed to be rebuilt
2020-07-08T13:17:33.535Z - info: Building C:\repos\nus-cs2103-AY2021S1\cs2103-website\schedule\week9\topics as some of its dependencies were changed since the last visit
2020-07-08T13:17:46.329Z - debug:  
2020-07-08T13:17:46.330Z - debug:  
2020-07-08T13:17:46.371Z - info: Site data built
2020-07-08T13:17:46.385Z - info: Lazy website regeneration complete! Total build time: 12.851s
2020-07-08T13:17:46.664Z - debug:  
2020-07-08T13:17:46.665Z - debug:  
2020-07-08T13:23:17.964Z - info: Building C:\repos\nus-cs2103-AY2021S1\cs2103-website\schedule\week9\index as some of its dependencies were changed since the last visit
2020-07-08T13:23:19.090Z - info: Site data built
2020-07-08T13:23:19.090Z - info: Lazy website regeneration complete! Total build time: 1.127s
2020-07-08T13:57:34.823Z - info: [9:57:34 PM] Reload for file add: C:\repos\nus-cs2103-AY2021S1\cs2103-website\schedule\week9\commentary-cs2103.mbdf
2020-07-08T13:57:35.834Z - info: File added or removed, updating list of site's pages...
2020-07-08T13:57:41.886Z - info: Assets removed
2020-07-08T13:57:43.280Z - info: Building C:\repos\nus-cs2103-AY2021S1\cs2103-website\schedule\week9\topics as some of its dependencies were changed since the last visit
2020-07-08T13:57:51.766Z - info: Site data built
2020-07-08T13:57:51.767Z - info: Lazy website regeneration complete! Total build time: 8.487s
2020-07-08T13:58:03.189Z - info: [9:58:03 PM] Reload for file change: C:\repos\nus-cs2103-AY2021S1\cs2103-website\schedule\week9\commentary-cs2103.mbdf
2020-07-08T13:58:04.192Z - info: Rebuilding 1 pages
2020-07-08T13:58:09.537Z - info: Pages rebuilt
2020-07-08T13:58:09.537Z - info: Website regeneration complete! Total build time: 5.347s
2020-07-08T13:58:09.572Z - info: Site data built
2020-07-08T14:01:25.513Z - info: [10:01:25 PM] Reload for file change: C:\repos\nus-cs2103-AY2021S1\cs2103-website\schedule\week9\commentary-cs2103.mbdf
2020-07-08T14:01:26.520Z - info: Rebuilding 1 pages
2020-07-08T14:01:34.020Z - info: Pages rebuilt
2020-07-08T14:01:34.020Z - info: Website regeneration complete! Total build time: 7.502s
2020-07-08T14:01:34.053Z - info: Site data built
2020-07-08T14:01:51.737Z - info: [10:01:51 PM] Reload for file change: C:\repos\nus-cs2103-AY2021S1\cs2103-website\schedule\week9\commentary-cs2103.mbdf
2020-07-08T14:01:52.748Z - info: Rebuilding 1 pages
2020-07-08T14:01:57.889Z - info: Pages rebuilt
2020-07-08T14:01:57.889Z - info: Website regeneration complete! Total build time: 5.143s
2020-07-08T14:01:57.921Z - info: Site data built
2020-07-08T14:07:16.173Z - info: [10:07:16 PM] Reload for file change: C:\repos\nus-cs2103-AY2021S1\cs2103-website\_module-CS2103\weeklyTextbookTopics.mbdf
2020-07-08T14:07:16.196Z - info: [10:07:16 PM] Reload for file change: C:\repos\nus-cs2103-AY2021S1\cs2103-website\schedule\week9\commentary-cs2103.mbdf
2020-07-08T14:07:17.190Z - info: Rebuilding 1 pages
2020-07-08T14:07:23.705Z - info: Pages rebuilt
2020-07-08T14:07:23.706Z - info: Website regeneration complete! Total build time: 6.522s
2020-07-08T14:07:23.729Z - info: Site data built
2020-07-08T14:09:08.054Z - info: [10:09:08 PM] Reload for file change: C:\repos\nus-cs2103-AY2021S1\cs2103-website\schedule\week9\commentary-cs2103.mbdf
2020-07-08T14:09:09.067Z - info: Rebuilding 1 pages
2020-07-08T14:09:14.630Z - info: Pages rebuilt
2020-07-08T14:09:14.630Z - info: Website regeneration complete! Total build time: 5.571s
2020-07-08T14:09:14.660Z - info: Site data built
2020-07-08T14:11:10.162Z - info: [10:11:10 PM] Reload for file change: C:\repos\nus-cs2103-AY2021S1\cs2103-website\schedule\week9\commentary-cs2103.mbdf
2020-07-08T14:11:11.173Z - info: Rebuilding 1 pages
2020-07-08T14:11:16.944Z - info: Pages rebuilt
2020-07-08T14:11:16.945Z - info: Website regeneration complete! Total build time: 5.775s
2020-07-08T14:11:16.972Z - info: Site data built
2020-07-08T14:11:37.862Z - info: [10:11:37 PM] Reload for file change: C:\repos\nus-cs2103-AY2021S1\cs2103-website\schedule\week9\commentary-cs2103.mbdf
2020-07-08T14:11:38.876Z - info: Rebuilding 1 pages
2020-07-08T14:11:50.944Z - info: Website generation (lazy) started at 10:11:47 PM
2020-07-08T14:12:01.960Z - info: Building assets...
2020-07-08T14:12:08.763Z - info: Assets built
2020-07-08T14:12:08.764Z - info: Generating landing page...
2020-07-08T14:12:09.747Z - info: Landing page built, other pages will be built as you navigate to them!
2020-07-08T14:12:09.900Z - info: Website generation (lazy) complete! Total build time: 22.216s
2020-07-08T14:12:11.670Z - info: Serving "C:\repos\nus-cs2103-AY2021S1\cs2103-website\_site" at http://127.0.0.1:8080
2020-07-08T14:12:11.670Z - info: Press CTRL+C to stop ...
2020-07-08T14:12:11.743Z - info: Site data built
2020-07-08T14:12:43.478Z - info: Building C:\repos\nus-cs2103-AY2021S1\cs2103-website\schedule\week9\topics as some of its dependencies were changed since the last visit
2020-07-08T14:12:54.197Z - debug:  
2020-07-08T14:12:54.198Z - debug:  
2020-07-08T14:12:54.202Z - debug:  
2020-07-08T14:12:54.202Z - debug:  
2020-07-08T14:12:54.246Z - info: Site data built
2020-07-08T14:12:54.258Z - info: Lazy website regeneration complete! Total build time: 10.781s
2020-07-08T14:17:25.531Z - info: [10:17:25 PM] Reload for file change: C:\repos\nus-cs2103-AY2021S1\cs2103-website\schedule\week9\commentary-cs2103.mbdf
2020-07-08T14:17:26.542Z - info: Rebuilding 1 pages
2020-07-08T14:17:32.019Z - info: Pages rebuilt
2020-07-08T14:17:32.019Z - info: Website regeneration complete! Total build time: 5.481s
2020-07-08T14:17:32.047Z - info: Site data built
2020-07-08T14:18:05.113Z - info: [10:18:05 PM] Reload for file change: C:\repos\nus-cs2103-AY2021S1\cs2103-website\schedule\week9\commentary-cs2103.mbdf
2020-07-08T14:18:06.119Z - info: Rebuilding 1 pages
2020-07-08T14:18:12.305Z - info: Pages rebuilt
2020-07-08T14:18:12.305Z - info: Website regeneration complete! Total build time: 6.187s
2020-07-08T14:18:12.331Z - info: Site data built
2020-07-08T14:18:35.864Z - info: [10:18:35 PM] Reload for file change: C:\repos\nus-cs2103-AY2021S1\cs2103-website\schedule\week9\commentary-cs2103.mbdf
2020-07-08T14:18:36.872Z - info: Rebuilding 1 pages
2020-07-08T14:18:41.487Z - info: Pages rebuilt
2020-07-08T14:18:41.487Z - info: Website regeneration complete! Total build time: 4.617s
2020-07-08T14:18:41.517Z - info: Site data built
2020-07-08T14:18:50.795Z - info: [10:18:50 PM] Reload for file change: C:\repos\nus-cs2103-AY2021S1\cs2103-website\schedule\week9\commentary-cs2103.mbdf
2020-07-08T14:18:51.805Z - info: Rebuilding 1 pages
2020-07-08T14:18:57.020Z - info: Pages rebuilt
2020-07-08T14:18:57.021Z - info: Website regeneration complete! Total build time: 5.22s
2020-07-08T14:18:57.038Z - info: Site data built
2020-07-08T14:33:23.397Z - info: [10:33:23 PM] Reload for file change: C:\repos\nus-cs2103-AY2021S1\cs2103-website\schedule\week9\commentary-cs2103.mbdf
2020-07-08T14:33:24.458Z - info: Rebuilding 1 pages
2020-07-08T14:33:30.142Z - info: Pages rebuilt
2020-07-08T14:33:30.142Z - info: Website regeneration complete! Total build time: 5.718s
2020-07-08T14:33:30.173Z - info: Site data built
2020-07-08T14:34:49.164Z - info: [10:34:49 PM] Reload for file change: C:\repos\nus-cs2103-AY2021S1\cs2103-website\schedule\week9\commentary-cs2103.mbdf
2020-07-08T14:34:50.176Z - info: Rebuilding 1 pages
2020-07-08T14:34:55.829Z - info: Pages rebuilt
2020-07-08T14:34:55.830Z - info: Website regeneration complete! Total build time: 5.656s
2020-07-08T14:34:55.853Z - info: Site data built
2020-07-08T14:37:04.178Z - info: [10:37:04 PM] Reload for file change: C:\repos\nus-cs2103-AY2021S1\cs2103-website\schedule\week9\commentary-cs2103.mbdf
2020-07-08T14:37:05.191Z - info: Rebuilding 1 pages
2020-07-08T14:37:10.414Z - info: Pages rebuilt
2020-07-08T14:37:10.414Z - info: Website regeneration complete! Total build time: 5.226s
2020-07-08T14:37:10.446Z - info: Site data built
2020-07-08T14:42:35.428Z - info: [10:42:35 PM] Reload for file change: C:\repos\nus-cs2103-AY2021S1\cs2103-website\_module-CS2103\weeklyTextbookTopics.mbdf
2020-07-08T14:42:36.443Z - info: No pages needed to be rebuilt
2020-07-08T14:44:21.886Z - info: Website generation (lazy) started at 10:44:18 PM
2020-07-08T14:44:37.453Z - info: Building assets...
2020-07-08T14:44:47.057Z - info: Assets built
2020-07-08T14:44:47.058Z - info: Generating landing page...
2020-07-08T14:44:47.978Z - info: Landing page built, other pages will be built as you navigate to them!
2020-07-08T14:44:48.080Z - info: Website generation (lazy) complete! Total build time: 29.451s
2020-07-08T14:44:49.715Z - info: Serving "C:\repos\nus-cs2103-AY2021S1\cs2103-website\_site" at http://127.0.0.1:8080
2020-07-08T14:44:49.715Z - info: Press CTRL+C to stop ...
2020-07-08T14:44:49.797Z - info: Site data built
2020-07-08T14:46:42.576Z - info: Building C:\repos\nus-cs2103-AY2021S1\cs2103-website\schedule\week9\topics as some of its dependencies were changed since the last visit
2020-07-08T14:46:53.669Z - debug:  
2020-07-08T14:46:53.688Z - debug:  
2020-07-08T14:46:53.689Z - debug:  
2020-07-08T14:46:53.689Z - debug:  
2020-07-08T14:46:53.735Z - info: Site data built
2020-07-08T14:46:53.741Z - info: Lazy website regeneration complete! Total build time: 11.167s
2020-07-08T14:49:23.190Z - info: [10:49:23 PM] Reload for file change: C:\repos\nus-cs2103-AY2021S1\cs2103-website\_module-CS2103\weeklyTextbookTopics.mbdf
2020-07-08T14:49:24.210Z - info: No pages needed to be rebuilt
2020-07-08T14:49:44.034Z - info: Building C:\repos\nus-cs2103-AY2021S1\cs2103-website\schedule\week2\topics as some of its dependencies were changed since the last visit
2020-07-08T14:49:47.684Z - info: Site data built
2020-07-08T14:49:47.685Z - info: Lazy website regeneration complete! Total build time: 3.651s
2020-07-08T14:52:37.446Z - info: [10:52:37 PM] Reload for file change: C:\repos\nus-cs2103-AY2021S1\cs2103-website\schedule\week2\commentary-cs2103.mbdf
2020-07-08T14:52:38.464Z - info: No pages needed to be rebuilt
2020-07-08T14:52:48.178Z - info: [10:52:48 PM] Reload for file change: C:\repos\nus-cs2103-AY2021S1\cs2103-website\schedule\week2\commentary-cs2103.mbdf
2020-07-08T14:52:49.183Z - info: No pages needed to be rebuilt
2020-07-08T14:52:53.213Z - info: Building C:\repos\nus-cs2103-AY2021S1\cs2103-website\schedule\week2\topics as some of its dependencies were changed since the last visit
2020-07-08T14:52:57.339Z - info: Site data built
2020-07-08T14:52:57.345Z - info: Lazy website regeneration complete! Total build time: 4.133s
2020-07-08T14:54:22.426Z - info: Website generation (lazy) started at 10:54:19 PM
2020-07-08T14:54:37.901Z - info: Building assets...
2020-07-08T14:54:45.130Z - info: Assets built
2020-07-08T14:54:45.131Z - info: Generating landing page...
2020-07-08T14:54:46.083Z - info: Landing page built, other pages will be built as you navigate to them!
2020-07-08T14:54:46.202Z - info: Website generation (lazy) complete! Total build time: 26.67s
2020-07-08T14:54:47.515Z - info: Serving "C:\repos\nus-cs2103-AY2021S1\cs2103-website\_site" at http://127.0.0.1:8080
2020-07-08T14:54:47.515Z - info: Press CTRL+C to stop ...
2020-07-08T14:54:47.574Z - info: Site data built
2020-07-08T14:55:37.642Z - info: [10:55:37 PM] Reload for file change: C:\repos\nus-cs2103-AY2021S1\cs2103-website\schedule\week9\commentary-cs2103.mbdf
2020-07-08T14:55:38.649Z - info: No pages needed to be rebuilt
2020-07-08T14:55:41.912Z - info: Building C:\repos\nus-cs2103-AY2021S1\cs2103-website\schedule\week9\topics as some of its dependencies were changed since the last visit
2020-07-08T14:55:43.721Z - error:  SyntaxError: Unmatched selector: (continued)
Error while preprocessing 'C:\repos\nus-cs2103-AY2021S1\cs2103-website\schedule\week9\topics.md'
    at parse (C:\repos\markbind\markbind\node_modules\css-what\index.js:85:9)
    at compileUnsafe (C:\repos\markbind\markbind\node_modules\css-select\lib\compile.js:31:14)
    at select (C:\repos\markbind\markbind\node_modules\css-select\index.js:18:49)
    at CSSselect (C:\repos\markbind\markbind\node_modules\css-select\index.js:41:9)
    at initialize.exports.find (C:\repos\markbind\markbind\node_modules\cheerio\lib\api\traversing.js:40:21)
    at initialize.module.exports (C:\repos\markbind\markbind\node_modules\cheerio\lib\cheerio.js:86:18)
    at new initialize (C:\repos\markbind\markbind\node_modules\cheerio\lib\static.js:29:20)
    at initialize (C:\repos\markbind\markbind\node_modules\cheerio\lib\static.js:26:14)
    at _preprocessInclude (C:\repos\markbind\markbind\packages\core\src\preprocessors\componentPreprocessor.js:255:25)
    at preProcessComponent (C:\repos\markbind\markbind\packages\core\src\preprocessors\componentPreprocessor.js:349:12)
    at C:\repos\markbind\markbind\packages\core\src\preprocessors\componentPreprocessor.js:356:52
    at Array.map (<anonymous>)
    at Object.preProcessComponent (C:\repos\markbind\markbind\packages\core\src\preprocessors\componentPreprocessor.js:356:43)
    at C:\repos\markbind\markbind\packages\core\src\Parser.js:187:47
    at Array.map (<anonymous>)
    at DomHandler._callback (C:\repos\markbind\markbind\packages\core\src\Parser.js:184:27)
2020-07-08T14:55:50.107Z - info: Site data built
2020-07-08T14:55:50.110Z - info: Lazy website regeneration complete! Total build time: 8.199s
2020-07-08T14:55:52.320Z - debug:  
2020-07-08T14:55:52.321Z - debug:  
2020-07-08T14:55:52.411Z - debug:  
2020-07-08T14:55:52.432Z - debug:  
2020-07-08T14:56:44.082Z - info: [10:56:44 PM] Reload for file change: C:\repos\nus-cs2103-AY2021S1\cs2103-website\common\topics.njk
2020-07-08T14:56:45.129Z - info: Assets built
2020-07-08T15:00:19.091Z - info: Building C:\repos\nus-cs2103-AY2021S1\cs2103-website\schedule\week9\index as some of its dependencies were changed since the last visit
2020-07-08T15:00:20.346Z - info: Site data built
2020-07-08T15:00:20.346Z - info: Lazy website regeneration complete! Total build time: 1.256s
2020-07-08T15:01:48.914Z - info: [11:01:48 PM] Reload for file change: C:\repos\nus-cs2103-AY2021S1\cs2103-website\schedule\week9\notices-cs2103.mbdf
2020-07-08T15:01:49.922Z - info: Rebuilding 1 pages
2020-07-08T15:01:50.934Z - info: Pages rebuilt
2020-07-08T15:01:50.934Z - info: Website regeneration complete! Total build time: 1.015s
2020-07-08T15:01:50.938Z - info: Site data built
2020-07-08T15:02:21.421Z - info: [11:02:21 PM] Reload for file change: C:\repos\nus-cs2103-AY2021S1\cs2103-website\schedule\week9\notices-cs2103.mbdf
2020-07-08T15:02:22.428Z - info: Rebuilding 1 pages
2020-07-08T15:02:22.501Z - error:  Template render error: (unknown path) [Line 9, Column 34]
  parseSignature: expected comma after expression
Error while preprocessing 'C:\repos\nus-cs2103-AY2021S1\cs2103-website\schedule\week9\index.md'
    at Object._prettifyError (C:\repos\markbind\markbind\node_modules\nunjucks\src\lib.js:36:11)
    at Template.render (C:\repos\markbind\markbind\node_modules\nunjucks\src\environment.js:536:21)
    at Environment.renderString (C:\repos\markbind\markbind\node_modules\nunjucks\src\environment.js:378:17)
    at Object.renderRaw (C:\repos\markbind\markbind\packages\core\src\utils\nunjuckUtils.js:8:25)
    at VariablePreprocessor.renderSiteVariables (C:\repos\markbind\markbind\packages\core\src\preprocessors\VariablePreprocessor.js:132:19)
    at VariablePreprocessor.renderIncludeFile (C:\repos\markbind\markbind\packages\core\src\preprocessors\VariablePreprocessor.js:371:34)
    at _preprocessInclude (C:\repos\markbind\markbind\packages\core\src\preprocessors\componentPreprocessor.js:242:28)
    at preProcessComponent (C:\repos\markbind\markbind\packages\core\src\preprocessors\componentPreprocessor.js:349:12)
    at C:\repos\markbind\markbind\packages\core\src\preprocessors\componentPreprocessor.js:356:52
    at Array.map (<anonymous>)
    at Object.preProcessComponent (C:\repos\markbind\markbind\packages\core\src\preprocessors\componentPreprocessor.js:356:43)
    at C:\repos\markbind\markbind\packages\core\src\Parser.js:187:47
    at Array.map (<anonymous>)
    at DomHandler._callback (C:\repos\markbind\markbind\packages\core\src\Parser.js:184:27)
    at DomHandler._handleCallback.DomHandler.onerror (C:\repos\markbind\markbind\node_modules\domhandler\index.js:52:8)
    at DomHandler.onend (C:\repos\markbind\markbind\node_modules\domhandler\index.js:46:7)
2020-07-08T15:02:22.535Z - info: Pages rebuilt
2020-07-08T15:02:22.536Z - info: Website regeneration complete! Total build time: 0.113s
2020-07-08T15:02:22.543Z - info: Site data built
2020-07-08T15:02:41.213Z - info: [11:02:41 PM] Reload for file change: C:\repos\nus-cs2103-AY2021S1\cs2103-website\schedule\week9\notices-cs2103.mbdf
2020-07-08T15:02:42.228Z - info: Rebuilding 1 pages
2020-07-08T15:02:42.369Z - error:  Template render error: (unknown path)
  SyntaxError: Invalid regular expression: /"[\(\)]", "") | replace(")", "") }}/: Unmatched ')'
Error while preprocessing 'C:\repos\nus-cs2103-AY2021S1\cs2103-website\schedule\week9\index.md'
    at Object._prettifyError (C:\repos\markbind\markbind\node_modules\nunjucks\src\lib.js:36:11)
    at Template.render (C:\repos\markbind\markbind\node_modules\nunjucks\src\environment.js:536:21)
    at Environment.renderString (C:\repos\markbind\markbind\node_modules\nunjucks\src\environment.js:378:17)
    at Object.renderRaw (C:\repos\markbind\markbind\packages\core\src\utils\nunjuckUtils.js:8:25)
    at VariablePreprocessor.renderSiteVariables (C:\repos\markbind\markbind\packages\core\src\preprocessors\VariablePreprocessor.js:132:19)
    at VariablePreprocessor.renderIncludeFile (C:\repos\markbind\markbind\packages\core\src\preprocessors\VariablePreprocessor.js:371:34)
    at _preprocessInclude (C:\repos\markbind\markbind\packages\core\src\preprocessors\componentPreprocessor.js:242:28)
    at preProcessComponent (C:\repos\markbind\markbind\packages\core\src\preprocessors\componentPreprocessor.js:349:12)
    at C:\repos\markbind\markbind\packages\core\src\preprocessors\componentPreprocessor.js:356:52
    at Array.map (<anonymous>)
    at Object.preProcessComponent (C:\repos\markbind\markbind\packages\core\src\preprocessors\componentPreprocessor.js:356:43)
    at C:\repos\markbind\markbind\packages\core\src\Parser.js:187:47
    at Array.map (<anonymous>)
    at DomHandler._callback (C:\repos\markbind\markbind\packages\core\src\Parser.js:184:27)
    at DomHandler._handleCallback.DomHandler.onerror (C:\repos\markbind\markbind\node_modules\domhandler\index.js:52:8)
    at DomHandler.onend (C:\repos\markbind\markbind\node_modules\domhandler\index.js:46:7)
2020-07-08T15:02:42.391Z - info: Pages rebuilt
2020-07-08T15:02:42.391Z - info: Website regeneration complete! Total build time: 0.167s
2020-07-08T15:02:42.395Z - info: Site data built
2020-07-08T15:03:07.015Z - info: [11:03:07 PM] Reload for file change: C:\repos\nus-cs2103-AY2021S1\cs2103-website\schedule\week9\notices-cs2103.mbdf
2020-07-08T15:03:08.030Z - info: Rebuilding 1 pages
2020-07-08T15:03:08.167Z - error:  Template render error: (unknown path)
  SyntaxError: Invalid regular expression: /[\(\)], "") | replace(")", "") }}/: Unmatched ')'
Error while preprocessing 'C:\repos\nus-cs2103-AY2021S1\cs2103-website\schedule\week9\index.md'
    at Object._prettifyError (C:\repos\markbind\markbind\node_modules\nunjucks\src\lib.js:36:11)
    at Template.render (C:\repos\markbind\markbind\node_modules\nunjucks\src\environment.js:536:21)
    at Environment.renderString (C:\repos\markbind\markbind\node_modules\nunjucks\src\environment.js:378:17)
    at Object.renderRaw (C:\repos\markbind\markbind\packages\core\src\utils\nunjuckUtils.js:8:25)
    at VariablePreprocessor.renderSiteVariables (C:\repos\markbind\markbind\packages\core\src\preprocessors\VariablePreprocessor.js:132:19)
    at VariablePreprocessor.renderIncludeFile (C:\repos\markbind\markbind\packages\core\src\preprocessors\VariablePreprocessor.js:371:34)
    at _preprocessInclude (C:\repos\markbind\markbind\packages\core\src\preprocessors\componentPreprocessor.js:242:28)
    at preProcessComponent (C:\repos\markbind\markbind\packages\core\src\preprocessors\componentPreprocessor.js:349:12)
    at C:\repos\markbind\markbind\packages\core\src\preprocessors\componentPreprocessor.js:356:52
    at Array.map (<anonymous>)
    at Object.preProcessComponent (C:\repos\markbind\markbind\packages\core\src\preprocessors\componentPreprocessor.js:356:43)
    at C:\repos\markbind\markbind\packages\core\src\Parser.js:187:47
    at Array.map (<anonymous>)
    at DomHandler._callback (C:\repos\markbind\markbind\packages\core\src\Parser.js:184:27)
    at DomHandler._handleCallback.DomHandler.onerror (C:\repos\markbind\markbind\node_modules\domhandler\index.js:52:8)
    at DomHandler.onend (C:\repos\markbind\markbind\node_modules\domhandler\index.js:46:7)
2020-07-08T15:03:08.199Z - info: Pages rebuilt
2020-07-08T15:03:08.199Z - info: Website regeneration complete! Total build time: 0.173s
2020-07-08T15:03:08.203Z - info: Site data built
2020-07-08T15:03:30.474Z - info: [11:03:30 PM] Reload for file change: C:\repos\nus-cs2103-AY2021S1\cs2103-website\schedule\week9\notices-cs2103.mbdf
2020-07-08T15:03:31.485Z - info: Rebuilding 1 pages
2020-07-08T15:03:31.513Z - error:  Template render error: (unknown path)
  SyntaxError: Invalid regular expression: /abc, "") | replace(")", "") }}/: Unmatched ')'
Error while preprocessing 'C:\repos\nus-cs2103-AY2021S1\cs2103-website\schedule\week9\index.md'
    at Object._prettifyError (C:\repos\markbind\markbind\node_modules\nunjucks\src\lib.js:36:11)
    at Template.render (C:\repos\markbind\markbind\node_modules\nunjucks\src\environment.js:536:21)
    at Environment.renderString (C:\repos\markbind\markbind\node_modules\nunjucks\src\environment.js:378:17)
    at Object.renderRaw (C:\repos\markbind\markbind\packages\core\src\utils\nunjuckUtils.js:8:25)
    at VariablePreprocessor.renderSiteVariables (C:\repos\markbind\markbind\packages\core\src\preprocessors\VariablePreprocessor.js:132:19)
    at VariablePreprocessor.renderIncludeFile (C:\repos\markbind\markbind\packages\core\src\preprocessors\VariablePreprocessor.js:371:34)
    at _preprocessInclude (C:\repos\markbind\markbind\packages\core\src\preprocessors\componentPreprocessor.js:242:28)
    at preProcessComponent (C:\repos\markbind\markbind\packages\core\src\preprocessors\componentPreprocessor.js:349:12)
    at C:\repos\markbind\markbind\packages\core\src\preprocessors\componentPreprocessor.js:356:52
    at Array.map (<anonymous>)
    at Object.preProcessComponent (C:\repos\markbind\markbind\packages\core\src\preprocessors\componentPreprocessor.js:356:43)
    at C:\repos\markbind\markbind\packages\core\src\Parser.js:187:47
    at Array.map (<anonymous>)
    at DomHandler._callback (C:\repos\markbind\markbind\packages\core\src\Parser.js:184:27)
    at DomHandler._handleCallback.DomHandler.onerror (C:\repos\markbind\markbind\node_modules\domhandler\index.js:52:8)
    at DomHandler.onend (C:\repos\markbind\markbind\node_modules\domhandler\index.js:46:7)
2020-07-08T15:03:31.530Z - info: Pages rebuilt
2020-07-08T15:03:31.530Z - info: Website regeneration complete! Total build time: 0.046s
2020-07-08T15:03:31.533Z - info: Site data built
2020-07-08T15:04:43.399Z - info: [11:04:43 PM] Reload for file change: C:\repos\nus-cs2103-AY2021S1\cs2103-website\schedule\week9\notices-cs2103.mbdf
2020-07-08T15:04:44.411Z - info: Rebuilding 1 pages
2020-07-08T15:04:45.244Z - info: Pages rebuilt
2020-07-08T15:04:45.244Z - info: Website regeneration complete! Total build time: 0.836s
2020-07-08T15:04:45.248Z - info: Site data built
2020-07-08T15:05:08.317Z - info: [11:05:08 PM] Reload for file change: C:\repos\nus-cs2103-AY2021S1\cs2103-website\schedule\week9\notices-cs2103.mbdf
2020-07-08T15:05:09.331Z - info: Rebuilding 1 pages
2020-07-08T15:05:10.427Z - info: Pages rebuilt
2020-07-08T15:05:10.427Z - info: Website regeneration complete! Total build time: 1.097s
2020-07-08T15:05:10.430Z - info: Site data built
2020-07-08T15:05:21.005Z - info: [11:05:21 PM] Reload for file change: C:\repos\nus-cs2103-AY2021S1\cs2103-website\schedule\week9\notices-cs2103.mbdf
2020-07-08T15:05:22.013Z - info: Rebuilding 1 pages
2020-07-08T15:05:22.753Z - info: Pages rebuilt
2020-07-08T15:05:22.754Z - info: Website regeneration complete! Total build time: 0.744s
2020-07-08T15:05:22.757Z - info: Site data built
2020-07-08T15:05:48.205Z - info: [11:05:48 PM] Reload for file change: C:\repos\nus-cs2103-AY2021S1\cs2103-website\schedule\week9\notices-cs2103.mbdf
2020-07-08T15:05:49.221Z - info: Rebuilding 1 pages
2020-07-08T15:05:50.160Z - info: Pages rebuilt
2020-07-08T15:05:50.161Z - info: Website regeneration complete! Total build time: 0.945s
2020-07-08T15:05:50.163Z - info: Site data built
2020-07-08T15:06:16.992Z - info: [11:06:16 PM] Reload for file change: C:\repos\nus-cs2103-AY2021S1\cs2103-website\schedule\week9\notices-cs2103.mbdf
2020-07-08T15:06:18.002Z - info: Rebuilding 1 pages
2020-07-08T15:06:18.718Z - info: Pages rebuilt
2020-07-08T15:06:18.718Z - info: Website regeneration complete! Total build time: 0.723s
2020-07-08T15:06:18.720Z - info: Site data built
2020-07-08T15:07:47.430Z - info: [11:07:47 PM] Reload for file change: C:\repos\nus-cs2103-AY2021S1\cs2103-website\schedule\week9\notices-cs2103.mbdf
2020-07-08T15:07:48.439Z - info: Rebuilding 1 pages
2020-07-08T15:07:49.507Z - info: Pages rebuilt
2020-07-08T15:07:49.507Z - info: Website regeneration complete! Total build time: 1.07s
2020-07-08T15:07:49.511Z - info: Site data built
2020-07-08T15:08:08.925Z - info: [11:08:08 PM] Reload for file change: C:\repos\nus-cs2103-AY2021S1\cs2103-website\schedule\week9\notices-cs2103.mbdf
2020-07-08T15:08:09.938Z - info: Rebuilding 1 pages
2020-07-08T15:08:10.859Z - info: Pages rebuilt
2020-07-08T15:08:10.859Z - info: Website regeneration complete! Total build time: 0.928s
2020-07-08T15:08:10.863Z - info: Site data built
2020-07-08T15:08:56.829Z - info: [11:08:56 PM] Reload for file change: C:\repos\nus-cs2103-AY2021S1\cs2103-website\schedule\week9\notices-cs2103.mbdf
2020-07-08T15:08:57.834Z - info: Rebuilding 1 pages
2020-07-08T15:08:58.938Z - info: Pages rebuilt
2020-07-08T15:08:58.938Z - info: Website regeneration complete! Total build time: 1.106s
2020-07-08T15:08:58.941Z - info: Site data built
2020-07-08T15:09:08.533Z - info: [11:09:08 PM] Reload for file change: C:\repos\nus-cs2103-AY2021S1\cs2103-website\schedule\week9\notices-cs2103.mbdf
2020-07-08T15:09:09.545Z - info: Rebuilding 1 pages
2020-07-08T15:09:10.244Z - info: Pages rebuilt
2020-07-08T15:09:10.244Z - info: Website regeneration complete! Total build time: 0.701s
2020-07-08T15:09:10.247Z - info: Site data built
2020-07-08T15:10:24.830Z - info: [11:10:24 PM] Reload for file change: C:\repos\nus-cs2103-AY2021S1\cs2103-website\schedule\week9\notices-cs2103.mbdf
2020-07-08T15:10:25.836Z - info: Rebuilding 1 pages
2020-07-08T15:10:25.938Z - error:  Template render error: (unknown path)
  SyntaxError: Invalid regular expression: /[\(\)%:/: Unterminated character class
Error while preprocessing 'C:\repos\nus-cs2103-AY2021S1\cs2103-website\schedule\week9\index.md'
    at Object._prettifyError (C:\repos\markbind\markbind\node_modules\nunjucks\src\lib.js:36:11)
    at Template.render (C:\repos\markbind\markbind\node_modules\nunjucks\src\environment.js:536:21)
    at Environment.renderString (C:\repos\markbind\markbind\node_modules\nunjucks\src\environment.js:378:17)
    at Object.renderRaw (C:\repos\markbind\markbind\packages\core\src\utils\nunjuckUtils.js:8:25)
    at VariablePreprocessor.renderSiteVariables (C:\repos\markbind\markbind\packages\core\src\preprocessors\VariablePreprocessor.js:132:19)
    at VariablePreprocessor.renderIncludeFile (C:\repos\markbind\markbind\packages\core\src\preprocessors\VariablePreprocessor.js:371:34)
    at _preprocessInclude (C:\repos\markbind\markbind\packages\core\src\preprocessors\componentPreprocessor.js:242:28)
    at preProcessComponent (C:\repos\markbind\markbind\packages\core\src\preprocessors\componentPreprocessor.js:349:12)
    at C:\repos\markbind\markbind\packages\core\src\preprocessors\componentPreprocessor.js:356:52
    at Array.map (<anonymous>)
    at Object.preProcessComponent (C:\repos\markbind\markbind\packages\core\src\preprocessors\componentPreprocessor.js:356:43)
    at C:\repos\markbind\markbind\packages\core\src\Parser.js:187:47
    at Array.map (<anonymous>)
    at DomHandler._callback (C:\repos\markbind\markbind\packages\core\src\Parser.js:184:27)
    at DomHandler._handleCallback.DomHandler.onerror (C:\repos\markbind\markbind\node_modules\domhandler\index.js:52:8)
    at DomHandler.onend (C:\repos\markbind\markbind\node_modules\domhandler\index.js:46:7)
2020-07-08T15:10:25.981Z - info: Pages rebuilt
2020-07-08T15:10:25.981Z - info: Website regeneration complete! Total build time: 0.149s
2020-07-08T15:10:25.988Z - info: Site data built
2020-07-08T15:10:39.145Z - info: [11:10:39 PM] Reload for file change: C:\repos\nus-cs2103-AY2021S1\cs2103-website\schedule\week9\notices-cs2103.mbdf
2020-07-08T15:10:40.154Z - info: Rebuilding 1 pages
2020-07-08T15:10:41.082Z - info: Pages rebuilt
2020-07-08T15:10:41.082Z - info: Website regeneration complete! Total build time: 0.934s
2020-07-08T15:10:41.085Z - info: Site data built
2020-07-08T15:10:48.469Z - info: [11:10:48 PM] Reload for file change: C:\repos\nus-cs2103-AY2021S1\cs2103-website\schedule\week9\notices-cs2103.mbdf
2020-07-08T15:10:49.478Z - info: Rebuilding 1 pages
2020-07-08T15:10:50.234Z - info: Pages rebuilt
2020-07-08T15:10:50.235Z - info: Website regeneration complete! Total build time: 0.763s
2020-07-08T15:10:50.237Z - info: Site data built
2020-07-08T15:11:01.033Z - info: [11:11:01 PM] Reload for file change: C:\repos\nus-cs2103-AY2021S1\cs2103-website\schedule\week9\notices-cs2103.mbdf
2020-07-08T15:11:02.042Z - info: Rebuilding 1 pages
2020-07-08T15:11:02.691Z - info: Pages rebuilt
2020-07-08T15:11:02.691Z - info: Website regeneration complete! Total build time: 0.651s
2020-07-08T15:11:02.694Z - info: Site data built
2020-07-08T15:11:41.857Z - info: [11:11:41 PM] Reload for file change: C:\repos\nus-cs2103-AY2021S1\cs2103-website\schedule\week9\notices-cs2103.mbdf
2020-07-08T15:11:42.866Z - info: Rebuilding 1 pages
2020-07-08T15:11:44.002Z - info: Pages rebuilt
2020-07-08T15:11:44.003Z - info: Website regeneration complete! Total build time: 1.139s
2020-07-08T15:11:44.006Z - info: Site data built
2020-07-08T15:11:57.481Z - info: [11:11:57 PM] Reload for file change: C:\repos\nus-cs2103-AY2021S1\cs2103-website\schedule\week9\notices-cs2103.mbdf
2020-07-08T15:11:58.516Z - info: Rebuilding 1 pages
2020-07-08T15:11:59.279Z - info: Pages rebuilt
2020-07-08T15:11:59.279Z - info: Website regeneration complete! Total build time: 0.796s
2020-07-08T15:11:59.284Z - info: Site data built
2020-07-08T15:12:17.202Z - info: [11:12:17 PM] Reload for file change: C:\repos\nus-cs2103-AY2021S1\cs2103-website\schedule\week9\notices-cs2103.mbdf
2020-07-08T15:12:18.206Z - info: Rebuilding 1 pages
2020-07-08T15:12:18.997Z - info: Pages rebuilt
2020-07-08T15:12:18.997Z - info: Website regeneration complete! Total build time: 0.792s
2020-07-08T15:12:19.000Z - info: Site data built
2020-07-08T15:13:20.549Z - info: [11:13:20 PM] Reload for file change: C:\repos\nus-cs2103-AY2021S1\cs2103-website\schedule\week9\notices-cs2103.mbdf
2020-07-08T15:13:21.558Z - info: Rebuilding 1 pages
2020-07-08T15:13:22.570Z - info: Pages rebuilt
2020-07-08T15:13:22.571Z - info: Website regeneration complete! Total build time: 1.018s
2020-07-08T15:13:22.574Z - info: Site data built
2020-07-08T15:13:53.869Z - info: [11:13:53 PM] Reload for file change: C:\repos\nus-cs2103-AY2021S1\cs2103-website\common\topics.njk
2020-07-08T15:13:54.921Z - info: Assets built
2020-07-08T15:14:05.315Z - info: Website generation (lazy) started at 11:14:02 PM
2020-07-08T15:14:22.381Z - info: Building assets...
2020-07-08T15:14:29.364Z - info: Assets built
2020-07-08T15:14:29.366Z - info: Generating landing page...
2020-07-08T15:14:30.625Z - info: Landing page built, other pages will be built as you navigate to them!
2020-07-08T15:14:30.736Z - info: Website generation (lazy) complete! Total build time: 28.22s
2020-07-08T15:14:31.822Z - info: Serving "C:\repos\nus-cs2103-AY2021S1\cs2103-website\_site" at http://127.0.0.1:8080
2020-07-08T15:14:31.822Z - info: Press CTRL+C to stop ...
2020-07-08T15:14:31.894Z - info: Site data built
2020-07-08T15:18:47.616Z - info: Building C:\repos\nus-cs2103-AY2021S1\cs2103-website\schedule\week9\index as some of its dependencies were changed since the last visit
2020-07-08T15:18:48.992Z - info: Site data built
2020-07-08T15:18:48.992Z - info: Lazy website regeneration complete! Total build time: 1.381s
2020-07-08T15:18:56.544Z - info: Building C:\repos\nus-cs2103-AY2021S1\cs2103-website\schedule\week9\topics as some of its dependencies were changed since the last visit
2020-07-08T15:19:07.241Z - debug:  
2020-07-08T15:19:07.242Z - debug:  
2020-07-08T15:19:07.243Z - debug:  
2020-07-08T15:19:07.243Z - debug:  
2020-07-08T15:19:07.269Z - info: Site data built
2020-07-08T15:19:07.280Z - info: Lazy website regeneration complete! Total build time: 10.737s
2020-07-08T15:20:11.073Z - info: [11:20:11 PM] Reload for file change: C:\repos\nus-cs2103-AY2021S1\cs2103-website\schedule\week9\commentary-cs2103.mbdf
2020-07-08T15:20:12.078Z - info: Rebuilding 1 pages
2020-07-08T15:20:17.424Z - info: Pages rebuilt
2020-07-08T15:20:17.425Z - info: Website regeneration complete! Total build time: 5.349s
2020-07-08T15:20:17.456Z - info: Site data built
2020-07-08T15:21:01.510Z - info: [11:21:01 PM] Reload for file change: C:\repos\nus-cs2103-AY2021S1\cs2103-website\schedule\week9\commentary-cs2103.mbdf
2020-07-08T15:21:02.515Z - info: Rebuilding 1 pages
2020-07-08T15:21:07.963Z - info: Pages rebuilt
2020-07-08T15:21:07.963Z - info: Website regeneration complete! Total build time: 5.45s
2020-07-08T15:21:07.996Z - info: Site data built
2020-07-08T15:22:33.674Z - info: [11:22:33 PM] Reload for file change: C:\repos\nus-cs2103-AY2021S1\cs2103-website\schedule\week9\commentary-cs2103.mbdf
2020-07-08T15:22:34.681Z - info: Rebuilding 1 pages
2020-07-08T15:22:39.711Z - info: Pages rebuilt
2020-07-08T15:22:39.712Z - info: Website regeneration complete! Total build time: 5.035s
2020-07-08T15:22:39.740Z - info: Site data built
2020-07-08T15:25:13.278Z - info: [11:25:13 PM] Reload for file change: C:\repos\nus-cs2103-AY2021S1\cs2103-website\schedule\week9\commentary-cs2103.mbdf
2020-07-08T15:25:14.289Z - info: Rebuilding 1 pages
2020-07-08T15:25:19.302Z - info: Pages rebuilt
2020-07-08T15:25:19.302Z - info: Website regeneration complete! Total build time: 5.019s
2020-07-08T15:25:19.325Z - info: Site data built
2020-07-08T15:26:39.633Z - info: Building C:\repos\nus-cs2103-AY2021S1\cs2103-website\schedule\week9\admin as some of its dependencies were changed since the last visit
2020-07-08T15:26:40.070Z - info: Site data built
2020-07-08T15:26:40.070Z - info: Lazy website regeneration complete! Total build time: 0.438s
2020-07-08T15:34:42.899Z - info: Building C:\repos\nus-cs2103-AY2021S1\cs2103-website\schedule\week10\index as some of its dependencies were changed since the last visit
2020-07-08T15:34:43.910Z - info: Site data built
2020-07-08T15:34:43.911Z - info: Lazy website regeneration complete! Total build time: 1.017s
2020-07-08T15:34:51.163Z - info: Building C:\repos\nus-cs2103-AY2021S1\cs2103-website\schedule\week10\admin as some of its dependencies were changed since the last visit
2020-07-08T15:34:51.337Z - info: Site data built
2020-07-08T15:34:51.337Z - info: Lazy website regeneration complete! Total build time: 0.174s
2020-07-08T15:34:55.675Z - info: Building C:\repos\nus-cs2103-AY2021S1\cs2103-website\schedule\week10\project as some of its dependencies were changed since the last visit
2020-07-08T15:34:56.809Z - info: Site data built
2020-07-08T15:34:56.810Z - info: Lazy website regeneration complete! Total build time: 1.134s
2020-07-08T15:36:36.406Z - info: [11:36:36 PM] Reload for file change: C:\repos\nus-cs2103-AY2021S1\cs2103-website\admin\tp-tasks.mbdf
2020-07-08T15:36:37.417Z - info: Rebuilding 1 pages
2020-07-08T15:36:38.752Z - info: Pages rebuilt
2020-07-08T15:36:38.752Z - info: Website regeneration complete! Total build time: 1.343s
2020-07-08T15:36:38.755Z - info: Site data built
2020-07-08T15:38:24.129Z - info: [11:38:24 PM] Reload for file change: C:\repos\nus-cs2103-AY2021S1\cs2103-website\admin\tp-tasks.mbdf
2020-07-08T15:38:25.137Z - info: Rebuilding 1 pages
2020-07-08T15:38:26.146Z - info: Pages rebuilt
2020-07-08T15:38:26.146Z - info: Website regeneration complete! Total build time: 1.016s
2020-07-08T15:38:26.149Z - info: Site data built
2020-07-08T15:39:33.401Z - info: [11:39:33 PM] Reload for file change: C:\repos\nus-cs2103-AY2021S1\cs2103-website\admin\tp-tasks.mbdf
2020-07-08T15:39:34.419Z - info: Rebuilding 1 pages
2020-07-08T15:39:35.708Z - info: Pages rebuilt
2020-07-08T15:39:35.709Z - info: Website regeneration complete! Total build time: 1.296s
2020-07-08T15:39:35.713Z - info: Site data built
2020-07-08T15:39:44.136Z - info: [11:39:44 PM] Reload for file change: C:\repos\nus-cs2103-AY2021S1\cs2103-website\admin\tp-tasks.mbdf
2020-07-08T15:39:45.140Z - info: Rebuilding 1 pages
2020-07-08T15:39:46.016Z - info: Pages rebuilt
2020-07-08T15:39:46.016Z - info: Website regeneration complete! Total build time: 0.878s
2020-07-08T15:39:46.055Z - info: Site data built
2020-07-08T15:42:38.836Z - info: [11:42:38 PM] Reload for file change: C:\repos\nus-cs2103-AY2021S1\cs2103-website\admin\appendixE-gitHub.md
2020-07-08T15:42:38.850Z - info: [11:42:38 PM] Reload for file change: C:\repos\nus-cs2103-AY2021S1\cs2103-website\admin\tp-tasks.mbdf
2020-07-08T15:42:39.842Z - info: Rebuilding 1 pages
2020-07-08T15:42:41.027Z - info: Pages rebuilt
2020-07-08T15:42:41.028Z - info: Website regeneration complete! Total build time: 1.187s
2020-07-08T15:42:41.032Z - info: Site data built
2020-07-08T15:44:07.552Z - info: [11:44:07 PM] Reload for file change: C:\repos\nus-cs2103-AY2021S1\cs2103-website\admin\tp-tasks.mbdf
2020-07-08T15:44:08.564Z - info: Rebuilding 1 pages
2020-07-08T15:44:09.580Z - info: Pages rebuilt
2020-07-08T15:44:09.580Z - info: Website regeneration complete! Total build time: 1.027s
2020-07-08T15:44:09.583Z - info: Site data built
2020-07-08T15:44:37.200Z - info: [11:44:37 PM] Reload for file change: C:\repos\nus-cs2103-AY2021S1\cs2103-website\admin\tp-tasks.mbdf
2020-07-08T15:44:38.233Z - info: Rebuilding 1 pages
2020-07-08T15:44:39.635Z - info: Pages rebuilt
2020-07-08T15:44:39.641Z - info: Website regeneration complete! Total build time: 1.409s
2020-07-08T15:44:39.645Z - info: Site data built
2020-07-08T15:45:09.341Z - info: [11:45:09 PM] Reload for file change: C:\repos\nus-cs2103-AY2021S1\cs2103-website\admin\tp-tasks.mbdf
2020-07-08T15:45:10.362Z - info: Rebuilding 1 pages
2020-07-08T15:45:11.590Z - info: Pages rebuilt
2020-07-08T15:45:11.590Z - info: Website regeneration complete! Total build time: 1.24s
2020-07-08T15:45:11.594Z - info: Site data built
2020-07-08T15:46:12.615Z - info: [11:46:12 PM] Reload for file change: C:\repos\nus-cs2103-AY2021S1\cs2103-website\admin\tp-tasks.mbdf
2020-07-08T15:46:13.623Z - info: Rebuilding 1 pages
2020-07-08T15:46:14.901Z - info: Pages rebuilt
2020-07-08T15:46:14.901Z - info: Website regeneration complete! Total build time: 1.282s
2020-07-08T15:46:14.911Z - info: Site data built
2020-07-08T15:48:32.143Z - info: [11:48:32 PM] Reload for file change: C:\repos\nus-cs2103-AY2021S1\cs2103-website\admin\tp-tasks.mbdf
2020-07-08T15:48:33.156Z - info: Rebuilding 1 pages
2020-07-08T15:48:34.474Z - info: Pages rebuilt
2020-07-08T15:48:34.474Z - info: Website regeneration complete! Total build time: 1.321s
2020-07-08T15:48:34.477Z - info: Site data built
2020-07-08T15:51:50.853Z - info: [11:51:50 PM] Reload for file change: C:\repos\nus-cs2103-AY2021S1\cs2103-website\admin\tp-tasks.mbdf
2020-07-08T15:51:51.859Z - info: Rebuilding 1 pages
2020-07-08T15:51:52.842Z - info: Pages rebuilt
2020-07-08T15:51:52.842Z - info: Website regeneration complete! Total build time: 0.986s
2020-07-08T15:51:52.845Z - info: Site data built
2020-07-08T15:52:11.178Z - info: [11:52:11 PM] Reload for file change: C:\repos\nus-cs2103-AY2021S1\cs2103-website\admin\tp-tasks.mbdf
2020-07-08T15:52:12.190Z - info: Rebuilding 1 pages
2020-07-08T15:52:13.059Z - info: Pages rebuilt
2020-07-08T15:52:13.060Z - info: Website regeneration complete! Total build time: 0.876s
2020-07-08T15:52:13.062Z - info: Site data built
2020-07-08T15:52:39.938Z - info: [11:52:39 PM] Reload for file change: C:\repos\nus-cs2103-AY2021S1\cs2103-website\admin\tp-tasks.mbdf
2020-07-08T15:52:40.943Z - info: Rebuilding 1 pages
2020-07-08T15:52:42.263Z - info: Pages rebuilt
2020-07-08T15:52:42.263Z - info: Website regeneration complete! Total build time: 1.322s
2020-07-08T15:52:42.313Z - info: Site data built
2020-07-08T15:52:48.874Z - info: [11:52:48 PM] Reload for file change: C:\repos\nus-cs2103-AY2021S1\cs2103-website\admin\tp-tasks.mbdf
2020-07-08T15:52:49.879Z - info: Rebuilding 1 pages
2020-07-08T15:52:50.775Z - info: Pages rebuilt
2020-07-08T15:52:50.776Z - info: Website regeneration complete! Total build time: 0.899s
2020-07-08T15:52:50.817Z - info: Site data built
2020-07-08T15:53:33.700Z - info: [11:53:33 PM] Reload for file change: C:\repos\nus-cs2103-AY2021S1\cs2103-website\admin\tp-deliverables-dg.mbdf
2020-07-08T15:53:34.703Z - info: Rebuilding 1 pages
2020-07-08T15:53:35.959Z - info: Pages rebuilt
2020-07-08T15:53:35.959Z - info: Website regeneration complete! Total build time: 1.258s
2020-07-08T15:53:35.966Z - info: Site data built
2020-07-08T15:54:45.590Z - info: [11:54:45 PM] Reload for file change: C:\repos\nus-cs2103-AY2021S1\cs2103-website\admin\tp-deliverables-dg.mbdf
2020-07-08T15:54:46.598Z - info: Rebuilding 1 pages
2020-07-08T15:54:47.608Z - info: Pages rebuilt
2020-07-08T15:54:47.608Z - info: Website regeneration complete! Total build time: 1.016s
2020-07-08T15:54:47.611Z - info: Site data built
