2020-09-29T16:03:38.207Z - info: [12:03:38 AM] Reload for file change: C:\repos\nus-cs2103-AY2021S1\cs2103-website\admin\common-commentary.mbdf
2020-09-29T16:03:38.226Z - info: [12:03:38 AM] Reload for file change: C:\repos\nus-cs2103-AY2021S1\cs2103-website\schedule\week7\commentary-cs2103.mbdf
2020-09-29T16:03:39.239Z - info: No pages needed to be rebuilt
2020-09-29T16:04:07.937Z - info: Website generation started at 12:04:04 AM
2020-09-29T16:04:21.107Z - info: Building assets...
2020-09-29T16:04:29.506Z - info: Assets built
2020-09-29T16:04:29.507Z - info: Generating pages...
2020-09-29T16:04:52.021Z - debug: The process cannot access the file because it is being used by another process.

2020-09-29T16:04:52.023Z - debug: The process cannot access the file because it is being used by another process.

2020-09-29T16:04:55.103Z - debug:  
2020-09-29T16:04:55.104Z - debug:  
2020-09-29T16:04:55.105Z - debug:  
2020-09-29T16:04:55.105Z - debug:  
2020-09-29T16:04:55.108Z - debug:  
2020-09-29T16:04:55.188Z - debug:  
2020-09-29T16:05:02.921Z - debug: The process cannot access the file because it is being used by another process.

2020-09-29T16:05:02.922Z - debug: The process cannot access the file because it is being used by another process.

2020-09-29T16:05:02.922Z - debug: The process cannot access the file because it is being used by another process.

2020-09-29T16:05:02.922Z - debug: The process cannot access the file because it is being used by another process.

2020-09-29T16:05:02.922Z - debug:  
2020-09-29T16:05:02.923Z - debug:  
2020-09-29T16:05:02.923Z - debug:  
2020-09-29T16:05:02.923Z - debug:  
2020-09-29T16:05:09.425Z - debug: The process cannot access the file because it is being used by another process.

2020-09-29T16:05:09.426Z - debug: The process cannot access the file because it is being used by another process.

2020-09-29T16:05:10.333Z - debug: The process cannot access the file because it is being used by another process.

2020-09-29T16:05:10.368Z - debug: The process cannot access the file because it is being used by another process.

2020-09-29T16:05:11.957Z - debug:  
2020-09-29T16:05:12.595Z - debug:  
2020-09-29T16:05:40.917Z - debug: The process cannot access the file because it is being used by another process.

2020-09-29T16:05:42.945Z - debug: The process cannot access the file because it is being used by another process.

2020-09-29T16:05:42.956Z - debug:  
2020-09-29T16:05:44.276Z - debug: The process cannot access the file because it is being used by another process.

2020-09-29T16:05:45.044Z - debug: The process cannot access the file because it is being used by another process.

2020-09-29T16:05:45.230Z - debug:  
2020-09-29T16:05:48.521Z - debug: The process cannot access the file because it is being used by another process.

2020-09-29T16:05:48.521Z - debug:  
2020-09-29T16:05:52.124Z - debug: The process cannot access the file because it is being used by another process.

2020-09-29T16:05:52.125Z - debug: The process cannot access the file because it is being used by another process.

2020-09-29T16:05:54.030Z - debug: The process cannot access the file because it is being used by another process.

2020-09-29T16:05:54.030Z - debug: The process cannot access the file because it is being used by another process.

2020-09-29T16:05:54.031Z - debug:  
2020-09-29T16:05:56.472Z - debug:  
2020-09-29T16:05:58.119Z - debug:  
2020-09-29T16:05:58.248Z - debug:  
2020-09-29T16:06:05.071Z - debug: The process cannot access the file because it is being used by another process.

2020-09-29T16:06:07.061Z - debug: The process cannot access the file because it is being used by another process.

2020-09-29T16:06:07.219Z - debug:  
2020-09-29T16:06:30.526Z - debug:  
2020-09-29T16:06:30.632Z - debug:  
2020-09-29T16:06:30.633Z - debug:  
2020-09-29T16:06:30.633Z - debug:  
2020-09-29T16:06:32.528Z - debug: The process cannot access the file because it is being used by another process.

2020-09-29T16:06:36.244Z - debug:  
2020-09-29T16:06:36.596Z - debug:  
2020-09-29T16:06:36.597Z - debug:  
2020-09-29T16:06:47.969Z - debug:  
2020-09-29T16:06:47.969Z - debug:  
2020-09-29T16:06:47.969Z - debug:  
2020-09-29T16:06:47.969Z - debug:  
2020-09-29T16:06:47.970Z - debug:  
2020-09-29T16:06:54.487Z - debug: The process cannot access the file because it is being used by another process.

2020-09-29T16:06:57.332Z - debug:  
2020-09-29T16:06:59.919Z - debug:  
2020-09-29T16:06:59.919Z - debug:  
2020-09-29T16:07:07.874Z - debug:  
2020-09-29T16:07:22.650Z - debug:  
2020-09-29T16:07:25.365Z - debug:  
2020-09-29T16:07:25.366Z - debug:  
2020-09-29T16:07:31.263Z - debug:  
2020-09-29T16:07:31.263Z - debug:  
2020-09-29T16:07:45.284Z - debug:  
2020-09-29T16:07:46.150Z - debug:  
2020-09-29T16:08:17.767Z - debug:  
2020-09-29T16:08:36.226Z - debug:  
2020-09-29T16:08:36.226Z - debug:  
2020-09-29T16:08:52.865Z - info: Pages built
2020-09-29T16:10:03.372Z - info: Website generation complete! Total build time: 358.588s
2020-09-29T16:10:03.396Z - info: Build success!
2020-09-29T16:10:03.400Z - debug:  
2020-09-29T16:10:03.408Z - info: Site data built
2020-09-29T16:10:43.570Z - info: Deployed!
2020-09-29T16:11:40.669Z - info: Website generation started at 12:11:34 AM
2020-09-29T16:11:50.467Z - info: Building assets...
2020-09-29T16:11:56.555Z - info: Assets built
2020-09-29T16:11:56.556Z - info: Generating pages...
2020-09-29T16:12:17.094Z - debug: The process cannot access the file because it is being used by another process.

2020-09-29T16:12:17.096Z - debug: The process cannot access the file because it is being used by another process.

2020-09-29T16:12:20.167Z - debug:  
2020-09-29T16:12:20.167Z - debug:  
2020-09-29T16:12:20.167Z - debug:  
2020-09-29T16:12:20.167Z - debug:  
2020-09-29T16:12:20.168Z - debug:  
2020-09-29T16:12:27.733Z - debug: The process cannot access the file because it is being used by another process.

2020-09-29T16:12:27.734Z - debug: The process cannot access the file because it is being used by another process.

2020-09-29T16:12:27.734Z - debug: The process cannot access the file because it is being used by another process.

2020-09-29T16:12:27.734Z - debug: The process cannot access the file because it is being used by another process.

2020-09-29T16:12:27.735Z - debug:  
2020-09-29T16:12:27.951Z - debug:  
2020-09-29T16:12:29.379Z - debug:  
2020-09-29T16:12:29.381Z - debug:  
2020-09-29T16:12:32.078Z - debug: The process cannot access the file because it is being used by another process.

2020-09-29T16:12:32.078Z - debug: The process cannot access the file because it is being used by another process.

2020-09-29T16:12:32.622Z - debug: The process cannot access the file because it is being used by another process.

2020-09-29T16:12:32.623Z - debug: The process cannot access the file because it is being used by another process.

2020-09-29T16:12:33.883Z - debug:  
2020-09-29T16:12:33.883Z - debug:  
2020-09-29T16:12:58.496Z - debug: The process cannot access the file because it is being used by another process.

2020-09-29T16:12:58.509Z - debug: The process cannot access the file because it is being used by another process.

2020-09-29T16:12:59.704Z - debug: The process cannot access the file because it is being used by another process.

2020-09-29T16:12:59.705Z - debug:  
2020-09-29T16:13:02.211Z - debug: The process cannot access the file because it is being used by another process.

2020-09-29T16:13:03.130Z - debug: The process cannot access the file because it is being used by another process.

2020-09-29T16:13:04.863Z - debug:  
2020-09-29T16:13:06.567Z - debug:  
2020-09-29T16:13:10.046Z - debug: The process cannot access the file because it is being used by another process.

2020-09-29T16:13:10.046Z - debug: The process cannot access the file because it is being used by another process.

2020-09-29T16:13:12.274Z - debug: The process cannot access the file because it is being used by another process.

2020-09-29T16:13:12.275Z - debug: The process cannot access the file because it is being used by another process.

2020-09-29T16:13:12.490Z - debug:  
2020-09-29T16:13:12.490Z - debug:  
2020-09-29T16:13:17.377Z - debug:  
2020-09-29T16:13:17.516Z - debug:  
2020-09-29T16:13:24.407Z - debug: The process cannot access the file because it is being used by another process.

2020-09-29T16:13:27.237Z - debug: The process cannot access the file because it is being used by another process.

2020-09-29T16:13:27.465Z - debug:  
2020-09-29T16:13:57.220Z - debug:  
2020-09-29T16:13:57.387Z - debug:  
2020-09-29T16:13:57.388Z - debug:  
2020-09-29T16:13:57.599Z - debug:  
2020-09-29T16:14:07.049Z - debug:  
2020-09-29T16:14:07.049Z - debug:  
2020-09-29T16:14:07.049Z - debug:  
2020-09-29T16:14:07.050Z - debug:  
2020-09-29T16:14:15.232Z - debug:  
2020-09-29T16:14:15.233Z - debug:  
2020-09-29T16:14:15.233Z - debug:  
2020-09-29T16:14:15.260Z - debug:  
2020-09-29T16:14:21.953Z - debug: The process cannot access the file because it is being used by another process.

2020-09-29T16:14:24.751Z - debug:  
2020-09-29T16:14:26.886Z - debug:  
2020-09-29T16:14:26.893Z - debug:  
2020-09-29T16:14:33.094Z - debug:  
2020-09-29T16:14:39.310Z - debug:  
2020-09-29T16:14:46.597Z - debug:  
2020-09-29T16:14:55.824Z - debug:  
2020-09-29T16:14:55.824Z - debug:  
2020-09-29T16:15:02.257Z - info: Pages built
2020-09-29T16:15:36.532Z - info: Website generation complete! Total build time: 241.867s
2020-09-29T16:15:36.533Z - info: Build success!
2020-09-29T16:15:36.536Z - info: Site data built
2020-09-29T16:16:27.285Z - info: Deployed!
2020-09-29T16:24:14.237Z - info: Website generation (lazy) started at 12:24:08 AM
2020-09-29T16:24:24.408Z - info: Building assets...
2020-09-29T16:24:32.501Z - info: Assets built
2020-09-29T16:24:32.502Z - info: Generating landing page...
2020-09-29T16:24:35.863Z - info: Landing page built, other pages will be built as you navigate to them!
2020-09-29T16:24:35.978Z - info: Website generation (lazy) complete! Total build time: 27.76s
2020-09-29T16:24:36.071Z - info: Site data built
2020-09-29T16:24:37.976Z - info: Serving "C:\repos\nus-cs2103-AY2021S1\cs2103-website\_site" at http://127.0.0.1:52590
2020-09-29T16:24:37.976Z - info: Press CTRL+C to stop ...
2020-09-29T16:25:06.555Z - info: Building C:\repos\nus-cs2103-AY2021S1\cs2103-website\schedule\week8\index as some of its dependencies were changed since the last visit
2020-09-29T16:25:08.469Z - info: Site data built
2020-09-29T16:25:08.470Z - info: Lazy website regeneration complete! Total build time: 1.915s
2020-09-29T16:25:15.707Z - info: Building C:\repos\nus-cs2103-AY2021S1\cs2103-website\schedule\week8\topics as some of its dependencies were changed since the last visit
2020-09-29T16:25:24.384Z - debug:  
2020-09-29T16:25:24.385Z - debug:  
2020-09-29T16:25:26.192Z - debug:  
2020-09-29T16:25:26.192Z - debug:  
2020-09-29T16:25:26.223Z - info: Site data built
2020-09-29T16:25:26.230Z - info: Lazy website regeneration complete! Total build time: 10.523s
2020-09-29T16:25:55.472Z - info: Website generation started at 12:25:52 AM
2020-09-29T16:26:04.602Z - info: Building assets...
