2020-10-02T14:40:18.643Z - info: Website generation started at 10:40:11 PM
2020-10-02T14:40:31.819Z - info: Building assets...
2020-10-02T14:40:39.346Z - info: Assets built
2020-10-02T14:40:39.347Z - info: Generating pages...
2020-10-02T14:40:57.729Z - debug: The process cannot access the file because it is being used by another process.

2020-10-02T14:40:57.730Z - debug: The process cannot access the file because it is being used by another process.

2020-10-02T14:41:02.345Z - debug:  
2020-10-02T14:41:02.346Z - debug:  
2020-10-02T14:41:02.346Z - debug:  
2020-10-02T14:41:02.347Z - debug:  
2020-10-02T14:41:02.347Z - debug:  
2020-10-02T14:41:03.646Z - debug:  
2020-10-02T14:41:04.646Z - debug:  
2020-10-02T14:41:10.210Z - debug:  
2020-10-02T14:41:10.216Z - debug:  
2020-10-02T14:41:10.217Z - debug: The process cannot access the file because it is being used by another process.

2020-10-02T14:41:10.217Z - debug:  
2020-10-02T14:41:12.350Z - debug: The process cannot access the file because it is being used by another process.

2020-10-02T14:41:12.351Z - debug: The process cannot access the file because it is being used by another process.

2020-10-02T14:41:12.408Z - debug:  
2020-10-02T14:41:12.520Z - debug:  
2020-10-02T14:41:12.520Z - debug:  
2020-10-02T14:41:13.240Z - debug: The process cannot access the file because it is being used by another process.

2020-10-02T14:41:13.240Z - debug: The process cannot access the file because it is being used by another process.

2020-10-02T14:41:17.037Z - debug:  
2020-10-02T14:41:17.037Z - debug:  
2020-10-02T14:41:34.849Z - debug: The process cannot access the file because it is being used by another process.

2020-10-02T14:41:34.850Z - debug: The process cannot access the file because it is being used by another process.

2020-10-02T14:41:36.355Z - debug: The process cannot access the file because it is being used by another process.

2020-10-02T14:41:36.356Z - debug:  
2020-10-02T14:41:38.921Z - debug: The process cannot access the file because it is being used by another process.

2020-10-02T14:41:39.669Z - debug: The process cannot access the file because it is being used by another process.

2020-10-02T14:41:41.928Z - debug:  
2020-10-02T14:41:43.712Z - debug:  
2020-10-02T14:41:47.236Z - debug: The process cannot access the file because it is being used by another process.

2020-10-02T14:41:47.236Z - debug: The process cannot access the file because it is being used by another process.

2020-10-02T14:41:48.912Z - debug: The process cannot access the file because it is being used by another process.

2020-10-02T14:41:48.913Z - debug: The process cannot access the file because it is being used by another process.

2020-10-02T14:41:48.981Z - debug:  
2020-10-02T14:41:49.214Z - debug:  
2020-10-02T14:41:54.316Z - debug:  
2020-10-02T14:41:54.382Z - debug:  
2020-10-02T14:42:02.019Z - debug: The process cannot access the file because it is being used by another process.

2020-10-02T14:42:04.509Z - debug: The process cannot access the file because it is being used by another process.

2020-10-02T14:42:04.653Z - debug:  
2020-10-02T14:42:43.811Z - debug:  
2020-10-02T14:42:43.813Z - debug:  
2020-10-02T14:42:43.813Z - debug:  
2020-10-02T14:42:43.814Z - debug:  
2020-10-02T14:42:46.270Z - debug: The process cannot access the file because it is being used by another process.

2020-10-02T14:42:49.934Z - debug:  
2020-10-02T14:42:50.527Z - debug:  
2020-10-02T14:42:50.757Z - debug:  
2020-10-02T14:42:53.459Z - debug:  
2020-10-02T14:43:02.364Z - debug:  
2020-10-02T14:43:02.365Z - debug:  
2020-10-02T14:43:02.365Z - debug:  
2020-10-02T14:43:02.365Z - debug:  
2020-10-02T14:43:10.717Z - debug: The process cannot access the file because it is being used by another process.

2020-10-02T14:43:10.718Z - debug:  
2020-10-02T14:43:12.869Z - debug:  
2020-10-02T14:43:12.869Z - debug:  
2020-10-02T14:43:18.406Z - debug:  
2020-10-02T14:43:36.330Z - debug:  
2020-10-02T14:43:37.935Z - debug:  
2020-10-02T14:43:37.936Z - debug:  
2020-10-02T14:43:47.280Z - debug:  
2020-10-02T14:43:47.280Z - debug:  
2020-10-02T14:44:02.188Z - debug:  
2020-10-02T14:44:03.697Z - debug:  
2020-10-02T14:44:33.480Z - debug:  
2020-10-02T14:44:51.049Z - debug:  
2020-10-02T14:44:51.635Z - debug:  
2020-10-02T14:45:07.029Z - info: Pages built
2020-10-02T14:46:12.858Z - info: Website generation complete! Total build time: 360.961s
2020-10-02T14:46:12.875Z - info: Build success!
2020-10-02T14:46:12.878Z - debug:  
2020-10-02T14:46:12.888Z - info: Site data built
2020-10-02T14:46:59.417Z - info: Deployed!
