2020-08-18T15:37:27.228Z - info: Website generation (lazy) started at 11:37:20 PM
2020-08-18T15:37:37.226Z - info: Building assets...
2020-08-18T15:37:44.808Z - info: Assets built
2020-08-18T15:37:44.809Z - info: Generating landing page...
2020-08-18T15:37:47.149Z - info: Landing page built, other pages will be built as you navigate to them!
2020-08-18T15:37:47.292Z - info: Website generation (lazy) complete! Total build time: 26.397s
2020-08-18T15:37:48.446Z - info: Serving "C:\repos\nus-cs2103-AY2021S1\cs2103-website\_site" at http://127.0.0.1:8080
2020-08-18T15:37:48.446Z - info: Press CTRL+C to stop ...
2020-08-18T15:37:48.510Z - info: Site data built
2020-08-18T15:42:12.900Z - info: Building C:\repos\nus-cs2103-AY2021S1\cs2103-website\schedule\week2\topics as some of its dependencies were changed since the last visit
2020-08-18T15:42:17.970Z - info: Site data built
2020-08-18T15:42:17.976Z - info: Lazy website regeneration complete! Total build time: 5.084s
2020-08-18T15:45:53.243Z - info: Building C:\repos\nus-cs2103-AY2021S1\cs2103-website\schedule\week3\topics as some of its dependencies were changed since the last visit
2020-08-18T15:45:55.482Z - info: Site data built
2020-08-18T15:45:55.485Z - info: Lazy website regeneration complete! Total build time: 2.243s
2020-08-18T15:54:51.277Z - info: Website generation started at 11:54:47 PM
2020-08-18T15:55:01.172Z - info: Building assets...
2020-08-18T15:55:06.571Z - info: Assets built
2020-08-18T15:55:06.572Z - info: Generating pages...
2020-08-18T15:55:21.967Z - debug: The process cannot access the file because it is being used by another process.

2020-08-18T15:55:21.968Z - debug: The process cannot access the file because it is being used by another process.

2020-08-18T15:55:22.999Z - debug: The process cannot access the file because it is being used by another process.

2020-08-18T15:55:23.000Z - debug: The process cannot access the file because it is being used by another process.

2020-08-18T15:55:23.000Z - debug:  
2020-08-18T15:55:23.000Z - debug:  
2020-08-18T15:55:23.001Z - debug:  
2020-08-18T15:55:23.505Z - debug: The process cannot access the file because it is being used by another process.

2020-08-18T15:55:24.061Z - debug:  
2020-08-18T15:55:27.607Z - debug: The process cannot access the file because it is being used by another process.

2020-08-18T15:55:27.608Z - debug:  
2020-08-18T15:55:30.366Z - debug: The process cannot access the file because it is being used by another process.

2020-08-18T15:55:30.367Z - debug: The process cannot access the file because it is being used by another process.

2020-08-18T15:55:30.964Z - debug:  
2020-08-18T15:55:30.965Z - debug:  
2020-08-18T15:55:30.966Z - debug: The process cannot access the file because it is being used by another process.

2020-08-18T15:55:30.966Z - debug:  
2020-08-18T15:55:31.120Z - debug: The process cannot access the file because it is being used by another process.

2020-08-18T15:55:35.056Z - debug:  
2020-08-18T15:55:35.057Z - debug:  
2020-08-18T15:55:56.784Z - debug: The process cannot access the file because it is being used by another process.

2020-08-18T15:55:56.787Z - debug: The process cannot access the file because it is being used by another process.

2020-08-18T15:55:58.248Z - debug:  
2020-08-18T15:55:58.248Z - debug: The process cannot access the file because it is being used by another process.

2020-08-18T15:55:58.392Z - debug:  
2020-08-18T15:56:00.886Z - debug: The process cannot access the file because it is being used by another process.

2020-08-18T15:56:00.887Z - debug:  
2020-08-18T15:56:02.237Z - debug:  
2020-08-18T15:56:08.157Z - debug: The process cannot access the file because it is being used by another process.

2020-08-18T15:56:10.442Z - debug: The process cannot access the file because it is being used by another process.

2020-08-18T15:56:10.625Z - debug:  
2020-08-18T15:56:32.453Z - debug:  
2020-08-18T15:56:32.559Z - debug:  
2020-08-18T15:56:32.559Z - debug:  
2020-08-18T15:56:32.559Z - debug:  
2020-08-18T15:56:36.885Z - debug:  
2020-08-18T15:56:36.885Z - debug:  
2020-08-18T15:56:39.461Z - debug:  
2020-08-18T15:56:47.363Z - debug:  
2020-08-18T15:56:47.364Z - debug:  
2020-08-18T15:56:47.364Z - debug:  
2020-08-18T15:56:48.122Z - debug:  
2020-08-18T15:56:56.942Z - debug:  
2020-08-18T15:56:56.943Z - debug:  
2020-08-18T15:57:03.374Z - debug:  
2020-08-18T15:57:17.734Z - debug:  
2020-08-18T15:57:17.734Z - debug:  
2020-08-18T15:57:22.570Z - info: Pages built
2020-08-18T15:57:43.093Z - info: Website generation complete! Total build time: 175.365s
2020-08-18T15:57:43.096Z - info: Build success!
2020-08-18T15:57:43.098Z - info: Site data built
2020-08-18T15:58:28.607Z - info: Deployed!
