2020-10-14T06:29:55.970Z - info: Website generation (lazy) started at 2:29:49 PM
2020-10-14T06:30:11.751Z - info: Building assets...
2020-10-14T06:30:18.299Z - info: Assets built
2020-10-14T06:30:18.301Z - info: Generating landing page...
2020-10-14T06:30:19.805Z - info: Landing page built, other pages will be built as you navigate to them!
2020-10-14T06:30:19.892Z - info: Website generation (lazy) complete! Total build time: 30.502s
2020-10-14T06:30:20.757Z - info: Serving "C:\repos\nus-cs2103-AY2021S1\cs2103-website\_site" at http://127.0.0.1:8080
2020-10-14T06:30:20.758Z - info: Press CTRL+C to stop ...
2020-10-14T06:30:22.130Z - info: Site data built
2020-10-14T06:46:57.709Z - info: Building C:\repos\nus-cs2103-AY2021S1\cs2103-website\schedule\week10\index as some of its dependencies were changed since the last visit
2020-10-14T06:46:59.088Z - info: Site data built
2020-10-14T06:46:59.089Z - info: Lazy website regeneration complete! Total build time: 1.384s
2020-10-14T06:47:05.392Z - info: Building C:\repos\nus-cs2103-AY2021S1\cs2103-website\schedule\week10\tutorial as some of its dependencies were changed since the last visit
2020-10-14T06:47:05.743Z - info: Site data built
2020-10-14T06:47:05.744Z - info: Lazy website regeneration complete! Total build time: 0.351s
2020-10-14T06:50:49.781Z - info: Building C:\repos\nus-cs2103-AY2021S1\cs2103-website\schedule\week10\topics as some of its dependencies were changed since the last visit
2020-10-14T06:50:53.350Z - info: Site data built
2020-10-14T06:50:53.352Z - info: Lazy website regeneration complete! Total build time: 3.571s
2020-10-14T06:50:54.972Z - debug:  
2020-10-14T06:52:04.245Z - info: Building C:\repos\nus-cs2103-AY2021S1\cs2103-website\schedule\week10\project as some of its dependencies were changed since the last visit
2020-10-14T06:52:06.013Z - info: Site data built
2020-10-14T06:52:06.014Z - info: Lazy website regeneration complete! Total build time: 1.77s
2020-10-14T07:15:02.243Z - info: Website generation (lazy) started at 3:14:58 PM
2020-10-14T07:15:13.491Z - info: Building assets...
2020-10-14T07:15:20.142Z - info: Assets built
2020-10-14T07:15:20.148Z - info: Generating landing page...
2020-10-14T07:15:22.298Z - info: Landing page built, other pages will be built as you navigate to them!
2020-10-14T07:15:22.413Z - info: Website generation (lazy) complete! Total build time: 23.537s
2020-10-14T07:15:23.510Z - info: Serving "C:\repos\nus-cs2103-AY2021S1\cs2103-website\_site" at http://127.0.0.1:8080
2020-10-14T07:15:23.511Z - info: Press CTRL+C to stop ...
2020-10-14T07:15:23.581Z - info: Site data built
2020-10-14T07:16:28.091Z - info: Building C:\repos\nus-cs2103-AY2021S1\cs2103-website\schedule\week10\index as some of its dependencies were changed since the last visit
2020-10-14T07:16:29.239Z - info: Site data built
2020-10-14T07:16:29.240Z - info: Lazy website regeneration complete! Total build time: 1.15s
2020-10-14T07:16:52.659Z - info: Building C:\repos\nus-cs2103-AY2021S1\cs2103-website\schedule\week10\project as some of its dependencies were changed since the last visit
2020-10-14T07:16:53.995Z - info: Site data built
2020-10-14T07:16:53.997Z - info: Lazy website regeneration complete! Total build time: 1.338s
2020-10-14T07:18:38.047Z - info: [3:18:38 PM] Reload for file change: C:\repos\nus-cs2103-AY2021S1\cs2103-website\admin\appendixE-gitHub.md
2020-10-14T07:18:39.054Z - info: Rebuilding 1 pages
2020-10-14T07:18:40.663Z - info: Pages rebuilt
2020-10-14T07:18:40.664Z - info: Website regeneration complete! Total build time: 1.611s
2020-10-14T07:18:40.669Z - info: Site data built
2020-10-14T07:20:29.961Z - info: [3:20:29 PM] Reload for file change: C:\repos\nus-cs2103-AY2021S1\cs2103-website\admin\appendixE-gitHub.md
2020-10-14T07:20:30.970Z - info: Rebuilding 1 pages
2020-10-14T07:20:32.409Z - info: Pages rebuilt
2020-10-14T07:20:32.409Z - info: Website regeneration complete! Total build time: 1.444s
2020-10-14T07:20:32.417Z - info: Site data built
2020-10-14T07:23:02.113Z - info: [3:23:02 PM] Reload for file change: C:\repos\nus-cs2103-AY2021S1\cs2103-website\admin\tp-tasks.mbdf
2020-10-14T07:23:03.127Z - info: Rebuilding 1 pages
2020-10-14T07:23:04.643Z - info: Pages rebuilt
2020-10-14T07:23:04.643Z - info: Website regeneration complete! Total build time: 1.522s
2020-10-14T07:23:04.650Z - info: Site data built
2020-10-14T07:25:08.770Z - info: [3:25:08 PM] Reload for file change: C:\repos\nus-cs2103-AY2021S1\cs2103-website\admin\tp-deliverables-dg.mbdf
2020-10-14T07:25:09.775Z - info: Rebuilding 1 pages
2020-10-14T07:25:11.138Z - info: Pages rebuilt
2020-10-14T07:25:11.138Z - info: Website regeneration complete! Total build time: 1.364s
2020-10-14T07:25:11.144Z - info: Site data built
2020-10-14T07:27:31.357Z - info: [3:27:31 PM] Reload for file change: C:\repos\nus-cs2103-AY2021S1\cs2103-website\admin\tp-tasks.mbdf
2020-10-14T07:27:32.361Z - info: Rebuilding 1 pages
2020-10-14T07:27:33.911Z - info: Pages rebuilt
2020-10-14T07:27:33.911Z - info: Website regeneration complete! Total build time: 1.552s
2020-10-14T07:27:33.918Z - info: Site data built
2020-10-14T07:40:03.971Z - info: [3:40:03 PM] Reload for file change: C:\repos\nus-cs2103-AY2021S1\cs2103-website\schedule\week10\tutorial-cs2103.mbdf
2020-10-14T07:40:04.990Z - info: No pages needed to be rebuilt
2020-10-14T07:40:58.760Z - info: [3:40:58 PM] Reload for file change: C:\repos\nus-cs2103-AY2021S1\cs2103-website\schedule\week10\tutorial-cs2103.mbdf
2020-10-14T07:40:59.778Z - info: No pages needed to be rebuilt
2020-10-14T07:44:11.473Z - info: [3:44:11 PM] Reload for file change: C:\repos\nus-cs2103-AY2021S1\cs2103-website\schedule\week10\tutorial-cs2103.mbdf
2020-10-14T07:44:12.474Z - info: No pages needed to be rebuilt
2020-10-14T07:45:51.016Z - info: [3:45:51 PM] Reload for file change: C:\repos\nus-cs2103-AY2021S1\cs2103-website\schedule\week10\tutorial-cs2103.mbdf
2020-10-14T07:45:52.027Z - info: No pages needed to be rebuilt
2020-10-14T07:46:30.804Z - info: Building C:\repos\nus-cs2103-AY2021S1\cs2103-website\schedule\week10\tutorial as some of its dependencies were changed since the last visit
2020-10-14T07:46:31.418Z - info: Site data built
2020-10-14T07:46:31.419Z - info: Lazy website regeneration complete! Total build time: 0.616s
2020-10-14T07:50:09.358Z - info: [3:50:09 PM] Reload for file change: C:\repos\nus-cs2103-AY2021S1\cs2103-website\admin\tp-tasks.mbdf
2020-10-14T07:50:10.370Z - info: Rebuilding 1 pages
2020-10-14T07:50:11.853Z - info: Pages rebuilt
2020-10-14T07:50:11.853Z - info: Website regeneration complete! Total build time: 1.488s
2020-10-14T07:50:11.857Z - info: Site data built
2020-10-14T07:50:46.620Z - info: [3:50:46 PM] Reload for file change: C:\repos\nus-cs2103-AY2021S1\cs2103-website\admin\tp-tasks.mbdf
2020-10-14T07:50:46.636Z - info: [3:50:46 PM] Reload for file change: C:\repos\nus-cs2103-AY2021S1\cs2103-website\schedule\week10\tutorial-cs2103.mbdf
2020-10-14T07:50:47.634Z - info: Rebuilding 1 pages
2020-10-14T07:50:49.408Z - info: Pages rebuilt
2020-10-14T07:50:49.409Z - info: Website regeneration complete! Total build time: 1.781s
2020-10-14T07:50:49.419Z - info: Site data built
2020-10-14T07:50:51.749Z - info: Building C:\repos\nus-cs2103-AY2021S1\cs2103-website\schedule\week10\tutorial as some of its dependencies were changed since the last visit
2020-10-14T07:50:51.996Z - info: Site data built
2020-10-14T07:50:51.997Z - info: Lazy website regeneration complete! Total build time: 0.248s
2020-10-14T08:03:23.045Z - info: [4:03:23 PM] Reload for file change: C:\repos\nus-cs2103-AY2021S1\cs2103-website\schedule\week10\tutorial-cs2103.mbdf
2020-10-14T08:03:24.104Z - info: Rebuilding 1 pages
2020-10-14T08:03:24.717Z - info: Pages rebuilt
2020-10-14T08:03:24.717Z - info: Website regeneration complete! Total build time: 0.654s
2020-10-14T08:03:24.723Z - info: Site data built
2020-10-14T08:04:28.793Z - info: [4:04:28 PM] Reload for file change: C:\repos\nus-cs2103-AY2021S1\cs2103-website\schedule\week10\tutorial-cs2103.mbdf
2020-10-14T08:04:29.797Z - info: Rebuilding 1 pages
2020-10-14T08:04:30.304Z - info: Pages rebuilt
2020-10-14T08:04:30.304Z - info: Website regeneration complete! Total build time: 0.509s
2020-10-14T08:04:30.346Z - info: Site data built
2020-10-14T08:05:22.457Z - info: [4:05:22 PM] Reload for file change: C:\repos\nus-cs2103-AY2021S1\cs2103-website\schedule\week10\tutorial-cs2103.mbdf
2020-10-14T08:05:23.471Z - info: Rebuilding 1 pages
2020-10-14T08:05:23.811Z - info: Pages rebuilt
2020-10-14T08:05:23.812Z - info: Website regeneration complete! Total build time: 0.35s
2020-10-14T08:05:23.845Z - info: Site data built
2020-10-14T08:05:57.293Z - info: [4:05:57 PM] Reload for file change: C:\repos\nus-cs2103-AY2021S1\cs2103-website\schedule\week10\tutorial-cs2103.mbdf
2020-10-14T08:05:58.299Z - info: Rebuilding 1 pages
2020-10-14T08:05:58.571Z - info: Pages rebuilt
2020-10-14T08:05:58.571Z - info: Website regeneration complete! Total build time: 0.273s
2020-10-14T08:05:58.603Z - info: Site data built
2020-10-14T08:06:06.345Z - info: [4:06:06 PM] Reload for file change: C:\repos\nus-cs2103-AY2021S1\cs2103-website\schedule\week10\tutorial-cs2103.mbdf
2020-10-14T08:06:07.347Z - info: Rebuilding 1 pages
2020-10-14T08:06:07.648Z - info: Pages rebuilt
2020-10-14T08:06:07.649Z - info: Website regeneration complete! Total build time: 0.302s
2020-10-14T08:06:07.653Z - info: Site data built
2020-10-14T08:07:23.669Z - info: [4:07:23 PM] Reload for file change: C:\repos\nus-cs2103-AY2021S1\cs2103-website\schedule\week10\tutorial-cs2103.mbdf
2020-10-14T08:07:24.674Z - info: Rebuilding 1 pages
2020-10-14T08:07:25.009Z - info: Pages rebuilt
2020-10-14T08:07:25.009Z - info: Website regeneration complete! Total build time: 0.337s
2020-10-14T08:07:25.012Z - info: Site data built
2020-10-14T08:07:36.012Z - info: [4:07:36 PM] Reload for file change: C:\repos\nus-cs2103-AY2021S1\cs2103-website\schedule\week10\tutorial-cs2103.mbdf
2020-10-14T08:07:37.023Z - info: Rebuilding 1 pages
2020-10-14T08:07:37.814Z - info: Pages rebuilt
2020-10-14T08:07:37.815Z - info: Website regeneration complete! Total build time: 0.795s
2020-10-14T08:07:37.819Z - info: Site data built
2020-10-14T08:08:06.260Z - info: [4:08:06 PM] Reload for file change: C:\repos\nus-cs2103-AY2021S1\cs2103-website\schedule\week10\tutorial-cs2103.mbdf
2020-10-14T08:08:07.267Z - info: Rebuilding 1 pages
2020-10-14T08:08:07.757Z - info: Pages rebuilt
2020-10-14T08:08:07.757Z - info: Website regeneration complete! Total build time: 0.495s
2020-10-14T08:08:07.790Z - info: Site data built
2020-10-14T08:09:05.445Z - info: [4:09:05 PM] Reload for file change: C:\repos\nus-cs2103-AY2021S1\cs2103-website\schedule\week10\tutorial-cs2103.mbdf
2020-10-14T08:09:06.452Z - info: Rebuilding 1 pages
2020-10-14T08:09:06.815Z - info: Pages rebuilt
2020-10-14T08:09:06.815Z - info: Website regeneration complete! Total build time: 0.367s
2020-10-14T08:09:06.848Z - info: Site data built
2020-10-14T08:16:19.885Z - info: [4:16:19 PM] Reload for file change: C:\repos\nus-cs2103-AY2021S1\cs2103-website\admin\tp-grading-bugs.mbdf
2020-10-14T08:16:19.902Z - info: [4:16:19 PM] Reload for file change: C:\repos\nus-cs2103-AY2021S1\cs2103-website\schedule\week11\tutorial-cs2103.mbdf
2020-10-14T08:16:19.917Z - info: [4:16:19 PM] Reload for file change: C:\repos\nus-cs2103-AY2021S1\cs2103-website\schedule\week10\tutorial-cs2103.mbdf
2020-10-14T08:16:20.917Z - info: Rebuilding 1 pages
2020-10-14T08:16:21.339Z - info: Pages rebuilt
2020-10-14T08:16:21.340Z - info: Website regeneration complete! Total build time: 0.435s
2020-10-14T08:16:21.373Z - info: Site data built
2020-10-14T08:17:49.018Z - info: [4:17:49 PM] Reload for file change: C:\repos\nus-cs2103-AY2021S1\cs2103-website\schedule\week10\tutorial-cs2103.mbdf
2020-10-14T08:17:50.026Z - info: Rebuilding 1 pages
2020-10-14T08:17:50.312Z - info: Pages rebuilt
2020-10-14T08:17:50.313Z - info: Website regeneration complete! Total build time: 0.289s
2020-10-14T08:17:50.345Z - info: Site data built
2020-10-14T08:18:00.306Z - info: [4:18:00 PM] Reload for file change: C:\repos\nus-cs2103-AY2021S1\cs2103-website\schedule\week10\tutorial-cs2103.mbdf
2020-10-14T08:18:01.310Z - info: Rebuilding 1 pages
2020-10-14T08:18:01.783Z - info: Pages rebuilt
2020-10-14T08:18:01.784Z - info: Website regeneration complete! Total build time: 0.477s
2020-10-14T08:18:01.789Z - info: Site data built
2020-10-14T08:18:07.445Z - info: [4:18:07 PM] Reload for file change: C:\repos\nus-cs2103-AY2021S1\cs2103-website\schedule\week10\tutorial-cs2103.mbdf
2020-10-14T08:18:08.451Z - info: Rebuilding 1 pages
2020-10-14T08:18:08.765Z - info: Pages rebuilt
2020-10-14T08:18:08.765Z - info: Website regeneration complete! Total build time: 0.317s
2020-10-14T08:18:08.769Z - info: Site data built
2020-10-14T08:21:57.262Z - info: Building C:\repos\nus-cs2103-AY2021S1\cs2103-website\schedule\week11\tutorial as some of its dependencies were changed since the last visit
2020-10-14T08:21:57.519Z - info: Site data built
2020-10-14T08:21:57.520Z - info: Lazy website regeneration complete! Total build time: 0.259s
2020-10-14T08:22:09.548Z - info: Building C:\repos\nus-cs2103-AY2021S1\cs2103-website\schedule\week11\topics as some of its dependencies were changed since the last visit
2020-10-14T08:22:12.978Z - info: Site data built
2020-10-14T08:22:12.980Z - info: Lazy website regeneration complete! Total build time: 3.432s
2020-10-14T08:23:04.088Z - info: Building C:\repos\nus-cs2103-AY2021S1\cs2103-website\schedule\week11\project as some of its dependencies were changed since the last visit
2020-10-14T08:23:05.824Z - info: Site data built
2020-10-14T08:23:05.825Z - info: Lazy website regeneration complete! Total build time: 1.738s
2020-10-14T08:32:18.084Z - info: [4:32:18 PM] Reload for file change: C:\repos\nus-cs2103-AY2021S1\cs2103-website\admin\tp-tasks.mbdf
2020-10-14T08:32:18.112Z - info: [4:32:18 PM] Reload for file change: C:\repos\nus-cs2103-AY2021S1\cs2103-website\_module-CS2103\weeklyTpTasks.mbdf
2020-10-14T08:32:19.113Z - info: Rebuilding 1 pages
2020-10-14T08:32:29.825Z - info: Website generation (lazy) started at 4:32:26 PM
2020-10-14T08:32:40.065Z - info: Building assets...
2020-10-14T08:32:46.949Z - info: Assets built
2020-10-14T08:32:46.950Z - info: Generating landing page...
2020-10-14T08:32:48.632Z - info: Landing page built, other pages will be built as you navigate to them!
2020-10-14T08:32:48.779Z - info: Website generation (lazy) complete! Total build time: 22.187s
2020-10-14T08:32:49.707Z - info: Serving "C:\repos\nus-cs2103-AY2021S1\cs2103-website\_site" at http://127.0.0.1:8080
2020-10-14T08:32:49.707Z - info: Press CTRL+C to stop ...
2020-10-14T08:32:49.780Z - info: Site data built
2020-10-14T08:34:07.717Z - info: Building C:\repos\nus-cs2103-AY2021S1\cs2103-website\schedule\week10\index as some of its dependencies were changed since the last visit
2020-10-14T08:34:09.438Z - info: Site data built
2020-10-14T08:34:09.440Z - info: Lazy website regeneration complete! Total build time: 1.724s
2020-10-14T08:34:12.317Z - info: Building C:\repos\nus-cs2103-AY2021S1\cs2103-website\schedule\week11\index as some of its dependencies were changed since the last visit
2020-10-14T08:34:13.446Z - info: Site data built
2020-10-14T08:34:13.446Z - info: Lazy website regeneration complete! Total build time: 1.13s
2020-10-14T08:34:18.940Z - info: Building C:\repos\nus-cs2103-AY2021S1\cs2103-website\schedule\week11\project as some of its dependencies were changed since the last visit
2020-10-14T08:34:20.287Z - info: Site data built
2020-10-14T08:34:20.288Z - info: Lazy website regeneration complete! Total build time: 1.348s
2020-10-14T08:34:57.331Z - info: [4:34:57 PM] Reload for file change: C:\repos\nus-cs2103-AY2021S1\cs2103-website\admin\tp-tasks.mbdf
2020-10-14T08:34:58.343Z - info: Rebuilding 1 pages
2020-10-14T08:35:00.017Z - info: Pages rebuilt
2020-10-14T08:35:00.017Z - info: Website regeneration complete! Total build time: 1.675s
2020-10-14T08:35:00.036Z - info: Site data built
2020-10-14T08:35:28.702Z - info: [4:35:28 PM] Reload for file change: C:\repos\nus-cs2103-AY2021S1\cs2103-website\admin\tp-tasks.mbdf
2020-10-14T08:35:29.710Z - info: Rebuilding 1 pages
2020-10-14T08:35:30.932Z - info: Pages rebuilt
2020-10-14T08:35:30.933Z - info: Website regeneration complete! Total build time: 1.224s
2020-10-14T08:35:30.938Z - info: Site data built
2020-10-14T08:35:59.361Z - info: [4:35:59 PM] Reload for file change: C:\repos\nus-cs2103-AY2021S1\cs2103-website\admin\tp-tasks.mbdf
2020-10-14T08:36:00.376Z - info: Rebuilding 1 pages
2020-10-14T08:36:02.200Z - info: Pages rebuilt
2020-10-14T08:36:02.200Z - info: Website regeneration complete! Total build time: 1.826s
2020-10-14T08:36:02.209Z - info: Site data built
2020-10-14T08:41:06.483Z - info: [4:41:06 PM] Reload for file change: C:\repos\nus-cs2103-AY2021S1\cs2103-website\schedule\week11\tutorial-cs2103.mbdf
2020-10-14T08:41:07.550Z - info: No pages needed to be rebuilt
2020-10-14T08:41:18.837Z - info: Building C:\repos\nus-cs2103-AY2021S1\cs2103-website\schedule\week11\tutorial as some of its dependencies were changed since the last visit
2020-10-14T08:41:19.487Z - info: Site data built
2020-10-14T08:41:19.489Z - info: Lazy website regeneration complete! Total build time: 0.653s
2020-10-14T08:41:37.375Z - info: [4:41:37 PM] Reload for file change: C:\repos\nus-cs2103-AY2021S1\cs2103-website\schedule\week11\tutorial-cs2103.mbdf
2020-10-14T08:41:38.386Z - info: Rebuilding 1 pages
2020-10-14T08:41:38.778Z - info: Pages rebuilt
2020-10-14T08:41:38.779Z - info: Website regeneration complete! Total build time: 0.397s
2020-10-14T08:41:38.785Z - info: Site data built
2020-10-14T08:42:29.004Z - info: [4:42:29 PM] Reload for file change: C:\repos\nus-cs2103-AY2021S1\cs2103-website\schedule\week11\tutorial-cs2103.mbdf
2020-10-14T08:42:30.013Z - info: Rebuilding 1 pages
2020-10-14T08:42:30.380Z - info: Pages rebuilt
2020-10-14T08:42:30.380Z - info: Website regeneration complete! Total build time: 0.372s
2020-10-14T08:42:30.384Z - info: Site data built
2020-10-14T08:42:41.386Z - info: Building C:\repos\nus-cs2103-AY2021S1\cs2103-website\schedule\week10\index as some of its dependencies were changed since the last visit
2020-10-14T08:42:42.348Z - info: Site data built
2020-10-14T08:42:42.349Z - info: Lazy website regeneration complete! Total build time: 0.962s
2020-10-14T08:51:58.307Z - info: [4:51:58 PM] Reload for file change: C:\repos\nus-cs2103-AY2021S1\cs2103-website\admin\common-commentary.mbdf
2020-10-14T08:51:58.332Z - info: [4:51:58 PM] Reload for file change: C:\repos\nus-cs2103-AY2021S1\cs2103-website\schedule\week10\commentary-cs2103.mbdf
2020-10-14T08:51:59.343Z - info: No pages needed to be rebuilt
2020-10-14T08:52:07.153Z - info: Building C:\repos\nus-cs2103-AY2021S1\cs2103-website\schedule\week10\topics as some of its dependencies were changed since the last visit
2020-10-14T08:52:11.150Z - info: Site data built
2020-10-14T08:52:11.151Z - info: Lazy website regeneration complete! Total build time: 3.999s
2020-10-14T08:52:13.263Z - debug:  
2020-10-14T08:54:12.528Z - info: [4:54:12 PM] Reload for file change: C:\repos\nus-cs2103-AY2021S1\cs2103-website\admin\common-commentary.mbdf
2020-10-14T08:54:12.540Z - info: [4:54:12 PM] Reload for file change: C:\repos\nus-cs2103-AY2021S1\cs2103-website\schedule\week10\commentary-cs2103.mbdf
2020-10-14T08:54:13.543Z - info: Rebuilding 1 pages
2020-10-14T08:54:16.935Z - info: Pages rebuilt
2020-10-14T08:54:16.935Z - info: Website regeneration complete! Total build time: 3.398s
2020-10-14T08:54:17.035Z - info: Site data built
2020-10-14T08:54:18.696Z - debug:  
2020-10-14T08:56:28.363Z - info: [4:56:28 PM] Reload for file change: C:\repos\nus-cs2103-AY2021S1\cs2103-website\admin\common-commentary.mbdf
2020-10-14T08:56:28.373Z - info: [4:56:28 PM] Reload for file change: C:\repos\nus-cs2103-AY2021S1\cs2103-website\schedule\week10\commentary-cs2103.mbdf
2020-10-14T08:56:29.381Z - info: Rebuilding 1 pages
2020-10-14T08:56:32.945Z - info: Pages rebuilt
2020-10-14T08:56:32.946Z - info: Website regeneration complete! Total build time: 3.57s
2020-10-14T08:56:33.052Z - info: Site data built
2020-10-14T08:56:34.709Z - debug:  
2020-10-14T09:05:09.083Z - info: [5:05:09 PM] Reload for file change: C:\repos\nus-cs2103-AY2021S1\cs2103-website\admin\common-commentary.mbdf
2020-10-14T09:05:10.121Z - info: Rebuilding 1 pages
2020-10-14T09:05:13.872Z - info: Pages rebuilt
2020-10-14T09:05:13.873Z - info: Website regeneration complete! Total build time: 3.778s
2020-10-14T09:05:13.892Z - info: Site data built
2020-10-14T09:05:15.982Z - debug:  
2020-10-14T09:05:46.279Z - info: [5:05:46 PM] Reload for file change: C:\repos\nus-cs2103-AY2021S1\cs2103-website\schedule\week10\commentary-cs2103.mbdf
2020-10-14T09:05:47.300Z - info: Rebuilding 1 pages
2020-10-14T09:05:50.683Z - info: Pages rebuilt
2020-10-14T09:05:50.684Z - info: Website regeneration complete! Total build time: 3.39s
2020-10-14T09:05:50.766Z - info: Site data built
2020-10-14T09:05:52.785Z - debug:  
2020-10-14T09:06:45.094Z - info: [5:06:45 PM] Reload for file change: C:\repos\nus-cs2103-AY2021S1\cs2103-website\admin\common-commentary.mbdf
2020-10-14T09:06:46.102Z - info: Rebuilding 1 pages
2020-10-14T09:06:49.980Z - info: Pages rebuilt
2020-10-14T09:06:49.982Z - info: Website regeneration complete! Total build time: 3.88s
2020-10-14T09:06:50.070Z - info: Site data built
2020-10-14T09:06:52.472Z - debug:  
2020-10-14T09:07:38.836Z - info: [5:07:38 PM] Reload for file change: C:\repos\nus-cs2103-AY2021S1\cs2103-website\schedule\week10\commentary-cs2103.mbdf
2020-10-14T09:07:38.861Z - info: [5:07:38 PM] Reload for file change: C:\repos\nus-cs2103-AY2021S1\cs2103-website\admin\common-commentary.mbdf
2020-10-14T09:07:39.844Z - info: Rebuilding 1 pages
2020-10-14T09:07:43.407Z - info: Pages rebuilt
2020-10-14T09:07:43.408Z - info: Website regeneration complete! Total build time: 3.566s
2020-10-14T09:07:43.462Z - info: Site data built
2020-10-14T09:07:45.921Z - debug:  
2020-10-14T09:10:57.850Z - info: [5:10:57 PM] Reload for file change: C:\repos\nus-cs2103-AY2021S1\cs2103-website\admin\common-commentary.mbdf
2020-10-14T09:10:57.855Z - info: [5:10:57 PM] Reload for file change: C:\repos\nus-cs2103-AY2021S1\cs2103-website\schedule\week10\commentary-cs2103.mbdf
2020-10-14T09:10:58.869Z - info: Rebuilding 1 pages
2020-10-14T09:11:02.595Z - info: Pages rebuilt
2020-10-14T09:11:02.595Z - info: Website regeneration complete! Total build time: 3.732s
2020-10-14T09:11:02.625Z - info: Site data built
2020-10-14T09:11:03.918Z - debug:  
2020-10-14T09:11:54.727Z - info: Building C:\repos\nus-cs2103-AY2021S1\cs2103-website\schedule\week10\admin as some of its dependencies were changed since the last visit
2020-10-14T09:11:55.176Z - info: Site data built
2020-10-14T09:11:55.178Z - info: Lazy website regeneration complete! Total build time: 0.451s
2020-10-14T09:17:41.241Z - info: [5:17:41 PM] Reload for file change: C:\repos\nus-cs2103-AY2021S1\cs2103-website\_module-CS2103\weeklyAdminTasks.mbdf
2020-10-14T09:17:41.257Z - info: [5:17:41 PM] Reload for file change: C:\repos\nus-cs2103-AY2021S1\cs2103-website\admin\admin-tasks.mbdf
2020-10-14T09:17:41.276Z - info: [5:17:41 PM] Reload for file change: C:\repos\nus-cs2103-AY2021S1\cs2103-website\_module-CS2103\weeklyTpTasks.mbdf
2020-10-14T09:17:42.256Z - info: Rebuilding 1 pages
2020-10-14T09:17:53.840Z - info: Website generation (lazy) started at 5:17:50 PM
2020-10-14T09:18:05.090Z - info: Building assets...
2020-10-14T09:18:14.984Z - info: Assets built
2020-10-14T09:18:14.985Z - info: Generating landing page...
2020-10-14T09:18:16.516Z - info: Landing page built, other pages will be built as you navigate to them!
2020-10-14T09:18:16.617Z - info: Website generation (lazy) complete! Total build time: 25.755s
2020-10-14T09:18:17.447Z - info: Serving "C:\repos\nus-cs2103-AY2021S1\cs2103-website\_site" at http://127.0.0.1:8080
2020-10-14T09:18:17.447Z - info: Press CTRL+C to stop ...
2020-10-14T09:18:17.512Z - info: Site data built
2020-10-14T09:18:32.690Z - info: Building C:\repos\nus-cs2103-AY2021S1\cs2103-website\schedule\week10\index as some of its dependencies were changed since the last visit
2020-10-14T09:18:33.539Z - info: Site data built
2020-10-14T09:18:33.540Z - info: Lazy website regeneration complete! Total build time: 0.851s
2020-10-14T09:20:20.170Z - info: [5:20:20 PM] Reload for file change: C:\repos\nus-cs2103-AY2021S1\cs2103-website\admin\tp-tasks.mbdf
2020-10-14T09:20:21.202Z - info: Rebuilding 1 pages
2020-10-14T09:20:22.385Z - info: Pages rebuilt
2020-10-14T09:20:22.386Z - info: Website regeneration complete! Total build time: 1.189s
2020-10-14T09:20:22.391Z - info: Site data built
2020-10-14T09:20:25.819Z - info: Building C:\repos\nus-cs2103-AY2021S1\cs2103-website\schedule\week10\admin as some of its dependencies were changed since the last visit
2020-10-14T09:20:26.747Z - info: Site data built
2020-10-14T09:20:26.747Z - info: Lazy website regeneration complete! Total build time: 0.929s
2020-10-14T09:20:42.951Z - info: Building C:\repos\nus-cs2103-AY2021S1\cs2103-website\schedule\week10\topics as some of its dependencies were changed since the last visit
2020-10-14T09:20:46.830Z - info: Site data built
2020-10-14T09:20:46.835Z - info: Lazy website regeneration complete! Total build time: 3.885s
2020-10-14T09:20:48.750Z - debug:  
2020-10-14T09:21:08.033Z - info: Building C:\repos\nus-cs2103-AY2021S1\cs2103-website\schedule\week10\project as some of its dependencies were changed since the last visit
2020-10-14T09:21:09.051Z - info: Site data built
2020-10-14T09:21:09.051Z - info: Lazy website regeneration complete! Total build time: 1.018s
2020-10-14T09:21:34.226Z - info: Building C:\repos\nus-cs2103-AY2021S1\cs2103-website\schedule\week10\tutorial as some of its dependencies were changed since the last visit
2020-10-14T09:21:34.586Z - info: Site data built
2020-10-14T09:21:34.586Z - info: Lazy website regeneration complete! Total build time: 0.36s
2020-10-14T09:23:32.785Z - info: Website generation started at 5:23:30 PM
2020-10-14T09:23:45.038Z - info: Building assets...
2020-10-14T09:23:52.931Z - info: Assets built
2020-10-14T09:23:52.932Z - info: Generating pages...
2020-10-14T09:24:08.578Z - debug: The process cannot access the file because it is being used by another process.

2020-10-14T09:24:08.579Z - debug: The process cannot access the file because it is being used by another process.

2020-10-14T09:24:12.772Z - debug:  
2020-10-14T09:24:12.772Z - debug:  
2020-10-14T09:24:12.772Z - debug:  
2020-10-14T09:24:12.772Z - debug:  
2020-10-14T09:24:12.773Z - debug:  
2020-10-14T09:24:14.278Z - debug:  
2020-10-14T09:24:20.637Z - debug:  
2020-10-14T09:24:20.637Z - debug: The process cannot access the file because it is being used by another process.

2020-10-14T09:24:20.638Z - debug: The process cannot access the file because it is being used by another process.

2020-10-14T09:24:20.638Z - debug: The process cannot access the file because it is being used by another process.

2020-10-14T09:24:20.638Z - debug:  
2020-10-14T09:24:22.161Z - debug:  
2020-10-14T09:24:22.161Z - debug:  
2020-10-14T09:24:22.162Z - debug: The process cannot access the file because it is being used by another process.

2020-10-14T09:24:22.518Z - debug:  
2020-10-14T09:24:23.306Z - debug: The process cannot access the file because it is being used by another process.

2020-10-14T09:24:23.310Z - debug: The process cannot access the file because it is being used by another process.

2020-10-14T09:24:23.311Z - debug: The process cannot access the file because it is being used by another process.

2020-10-14T09:24:25.602Z - debug:  
2020-10-14T09:24:25.843Z - debug:  
2020-10-14T09:24:46.055Z - debug: The process cannot access the file because it is being used by another process.

2020-10-14T09:24:46.408Z - debug: The process cannot access the file because it is being used by another process.

2020-10-14T09:24:48.871Z - debug: The process cannot access the file because it is being used by another process.

2020-10-14T09:24:48.871Z - debug:  
2020-10-14T09:24:52.448Z - debug: The process cannot access the file because it is being used by another process.

2020-10-14T09:24:54.484Z - debug: The process cannot access the file because it is being used by another process.

2020-10-14T09:24:55.578Z - debug:  
2020-10-14T09:24:57.339Z - debug:  
2020-10-14T09:24:59.806Z - debug: The process cannot access the file because it is being used by another process.

2020-10-14T09:24:59.828Z - debug: The process cannot access the file because it is being used by another process.

2020-10-14T09:25:01.277Z - debug: The process cannot access the file because it is being used by another process.

2020-10-14T09:25:01.278Z - debug: The process cannot access the file because it is being used by another process.

2020-10-14T09:25:01.280Z - debug:  
2020-10-14T09:25:01.438Z - debug:  
2020-10-14T09:25:06.544Z - debug:  
2020-10-14T09:25:06.775Z - debug:  
2020-10-14T09:25:19.073Z - debug: The process cannot access the file because it is being used by another process.

2020-10-14T09:25:24.753Z - debug: The process cannot access the file because it is being used by another process.

2020-10-14T09:25:25.021Z - debug:  
2020-10-14T09:25:55.779Z - debug:  
2020-10-14T09:25:55.781Z - debug:  
2020-10-14T09:25:55.781Z - debug:  
2020-10-14T09:25:55.784Z - debug:  
2020-10-14T09:25:59.324Z - debug: The process cannot access the file because it is being used by another process.

2020-10-14T09:26:05.072Z - debug:  
2020-10-14T09:26:05.072Z - debug:  
2020-10-14T09:26:05.717Z - debug:  
2020-10-14T09:26:17.556Z - debug:  
2020-10-14T09:26:20.848Z - debug:  
2020-10-14T09:26:20.848Z - debug:  
2020-10-14T09:26:20.848Z - debug:  
2020-10-14T09:26:20.848Z - debug:  
2020-10-14T09:26:26.998Z - debug: The process cannot access the file because it is being used by another process.

2020-10-14T09:26:26.998Z - debug:  
2020-10-14T09:26:31.566Z - debug:  
2020-10-14T09:26:31.566Z - debug:  
2020-10-14T09:26:36.486Z - debug:  
2020-10-14T09:26:53.197Z - debug:  
2020-10-14T09:26:53.197Z - debug:  
2020-10-14T09:26:53.197Z - debug:  
2020-10-14T09:27:07.029Z - debug:  
2020-10-14T09:27:07.029Z - debug:  
2020-10-14T09:27:28.482Z - debug:  
2020-10-14T09:27:33.159Z - debug:  
2020-10-14T09:27:59.302Z - debug:  
2020-10-14T09:28:13.336Z - debug:  
2020-10-14T09:28:13.336Z - debug:  
2020-10-14T09:28:25.240Z - info: Pages built
2020-10-14T09:28:54.198Z - info: Website generation complete! Total build time: 324.087s
2020-10-14T09:28:54.202Z - info: Build success!
2020-10-14T09:28:54.202Z - debug:  
2020-10-14T09:28:54.206Z - info: Site data built
2020-10-14T09:31:38.216Z - info: Deployed!
