2020-08-02T08:18:26.041Z - info: Website generation (lazy) started at 4:18:22 PM
2020-08-02T08:18:34.209Z - info: Building assets...
2020-08-02T08:18:40.365Z - info: Assets built
2020-08-02T08:18:40.366Z - info: Generating landing page...
2020-08-02T08:18:43.527Z - info: Landing page built, other pages will be built as you navigate to them!
2020-08-02T08:18:43.638Z - info: Website generation (lazy) complete! Total build time: 20.825s
2020-08-02T08:18:44.440Z - info: Serving "C:\repos\nus-cs2103-AY2021S1\cs2103-website\_site" at http://127.0.0.1:8080
2020-08-02T08:18:44.440Z - info: Press CTRL+C to stop ...
2020-08-02T08:18:44.508Z - info: Site data built
2020-08-02T08:18:55.906Z - info: Building C:\repos\nus-cs2103-AY2021S1\cs2103-website\se-book-adapted\index as some of its dependencies were changed since the last visit
2020-08-02T08:18:56.148Z - info: Site data built
2020-08-02T08:18:56.148Z - info: Lazy website regeneration complete! Total build time: 0.243s
2020-08-02T08:19:02.721Z - info: Building C:\repos\nus-cs2103-AY2021S1\cs2103-website\schedule\week1\index as some of its dependencies were changed since the last visit
2020-08-02T08:19:03.296Z - info: Site data built
2020-08-02T08:19:03.296Z - info: Lazy website regeneration complete! Total build time: 0.576s
2020-08-02T08:19:06.914Z - info: Building C:\repos\nus-cs2103-AY2021S1\cs2103-website\schedule\week1\topics as some of its dependencies were changed since the last visit
2020-08-02T08:19:08.839Z - info: Site data built
2020-08-02T08:19:08.840Z - info: Lazy website regeneration complete! Total build time: 1.927s
2020-08-02T08:30:39.629Z - info: [4:30:39 PM] Reload for file change: C:\repos\nus-cs2103-AY2021S1\cs2103-website\admin\common-commentary.mbdf
2020-08-02T08:30:40.647Z - info: Rebuilding 1 pages
2020-08-02T08:30:42.866Z - info: Pages rebuilt
2020-08-02T08:30:42.866Z - info: Website regeneration complete! Total build time: 2.227s
2020-08-02T08:30:42.913Z - info: Site data built
2020-08-02T08:31:07.312Z - info: [4:31:07 PM] Reload for file change: C:\repos\nus-cs2103-AY2021S1\cs2103-website\admin\common-commentary.mbdf
2020-08-02T08:31:08.322Z - info: Rebuilding 1 pages
2020-08-02T08:31:10.533Z - info: Pages rebuilt
2020-08-02T08:31:10.534Z - info: Website regeneration complete! Total build time: 2.217s
2020-08-02T08:31:10.587Z - info: Site data built
2020-08-02T08:48:55.292Z - info: [4:48:55 PM] Reload for file change: C:\repos\nus-cs2103-AY2021S1\cs2103-website\book\cppToJava\gettingStarted\compiling\text.md
2020-08-02T08:48:56.319Z - info: Rebuilding 1 pages
2020-08-02T08:48:58.415Z - info: Pages rebuilt
2020-08-02T08:48:58.415Z - info: Website regeneration complete! Total build time: 2.111s
2020-08-02T08:48:58.465Z - info: Site data built
2020-08-02T08:49:19.208Z - info: [4:49:19 PM] Reload for file change: C:\repos\nus-cs2103-AY2021S1\cs2103-website\book\cppToJava\gettingStarted\compiling\text.md
2020-08-02T08:49:20.212Z - info: Rebuilding 1 pages
2020-08-02T08:49:22.843Z - info: Pages rebuilt
2020-08-02T08:49:22.844Z - info: Website regeneration complete! Total build time: 2.634s
2020-08-02T08:49:22.904Z - info: Site data built
2020-08-02T11:40:00.678Z - info: Website generation (lazy) started at 7:39:57 PM
2020-08-02T11:40:12.387Z - info: Building assets...
2020-08-02T11:40:20.691Z - info: Assets built
2020-08-02T11:40:20.691Z - info: Generating landing page...
2020-08-02T11:40:22.632Z - info: Landing page built, other pages will be built as you navigate to them!
2020-08-02T11:40:22.743Z - info: Website generation (lazy) complete! Total build time: 25.39s
2020-08-02T11:40:23.602Z - info: Serving "C:\repos\nus-cs2103-AY2021S1\cs2103-website\_site" at http://127.0.0.1:8080
2020-08-02T11:40:23.603Z - info: Press CTRL+C to stop ...
2020-08-02T11:40:23.669Z - info: Site data built
2020-08-02T11:46:30.288Z - info: Building C:\repos\nus-cs2103-AY2021S1\cs2103-website\schedule\week1\index as some of its dependencies were changed since the last visit
2020-08-02T11:46:31.174Z - info: Site data built
2020-08-02T11:46:31.175Z - info: Lazy website regeneration complete! Total build time: 0.889s
2020-08-02T11:46:33.874Z - info: Building C:\repos\nus-cs2103-AY2021S1\cs2103-website\schedule\week1\topics as some of its dependencies were changed since the last visit
2020-08-02T11:46:35.976Z - info: Site data built
2020-08-02T11:46:35.977Z - info: Lazy website regeneration complete! Total build time: 2.104s
2020-08-02T12:05:08.576Z - info: [8:05:08 PM] Reload for file change: C:\repos\nus-cs2103-AY2021S1\cs2103-website\_markbind\headers\header.md
2020-08-02T12:05:09.615Z - info: Rebuilding 1 pages
2020-08-02T12:05:12.305Z - info: Pages rebuilt
2020-08-02T12:05:12.306Z - info: Website regeneration complete! Total build time: 2.703s
2020-08-02T12:05:12.342Z - info: Site data built
2020-08-02T12:14:28.459Z - info: Building C:\repos\nus-cs2103-AY2021S1\cs2103-website\schedule\week2\index as some of its dependencies were changed since the last visit
2020-08-02T12:14:29.395Z - info: Site data built
2020-08-02T12:14:29.397Z - info: Lazy website regeneration complete! Total build time: 0.945s
2020-08-02T12:14:34.355Z - info: Building C:\repos\nus-cs2103-AY2021S1\cs2103-website\schedule\week2\topics as some of its dependencies were changed since the last visit
2020-08-02T12:14:37.143Z - info: Site data built
2020-08-02T12:14:37.144Z - info: Lazy website regeneration complete! Total build time: 2.789s
2020-08-02T12:16:47.300Z - info: [8:16:47 PM] Reload for file change: C:\repos\nus-cs2103-AY2021S1\cs2103-website\schedule\week2\topics.md
2020-08-02T12:16:48.322Z - info: Rebuilding 1 pages
2020-08-02T12:16:51.621Z - info: Pages rebuilt
2020-08-02T12:16:51.621Z - info: Website regeneration complete! Total build time: 3.304s
2020-08-02T12:16:51.642Z - info: Site data built
2020-08-02T12:46:31.969Z - info: [8:46:31 PM] Reload for file change: C:\repos\nus-cs2103-AY2021S1\cs2103-website\_module-TIC2002\weeklyTextbookTopics.mbdf
2020-08-02T12:46:32.986Z - info: No pages needed to be rebuilt
2020-08-02T12:46:44.932Z - info: Website generation (lazy) started at 8:46:41 PM
2020-08-02T12:46:55.981Z - info: Building assets...
2020-08-02T12:47:03.440Z - info: Assets built
2020-08-02T12:47:03.441Z - info: Generating landing page...
2020-08-02T12:47:05.421Z - info: Landing page built, other pages will be built as you navigate to them!
2020-08-02T12:47:05.546Z - info: Website generation (lazy) complete! Total build time: 24.026s
2020-08-02T12:47:06.662Z - info: Serving "C:\repos\nus-cs2103-AY2021S1\cs2103-website\_site" at http://127.0.0.1:8080
2020-08-02T12:47:06.662Z - info: Press CTRL+C to stop ...
2020-08-02T12:47:06.739Z - info: Site data built
2020-08-02T12:47:29.081Z - info: Building C:\repos\nus-cs2103-AY2021S1\cs2103-website\schedule\week2\topics as some of its dependencies were changed since the last visit
2020-08-02T12:47:32.207Z - info: Site data built
2020-08-02T12:47:32.210Z - info: Lazy website regeneration complete! Total build time: 3.129s
2020-08-02T12:50:46.326Z - info: [8:50:46 PM] Reload for file change: C:\repos\nus-cs2103-AY2021S1\cs2103-website\admin\common-commentary.mbdf
2020-08-02T12:50:46.334Z - info: [8:50:46 PM] Reload for file change: C:\repos\nus-cs2103-AY2021S1\cs2103-website\schedule\week2\commentary-tic2002.mbdf
2020-08-02T12:50:47.340Z - info: Rebuilding 1 pages
2020-08-02T12:50:50.608Z - info: Pages rebuilt
2020-08-02T12:50:50.608Z - info: Website regeneration complete! Total build time: 3.271s
2020-08-02T12:50:50.630Z - info: Site data built
2020-08-02T13:03:49.494Z - info: Building C:\repos\nus-cs2103-AY2021S1\cs2103-website\schedule\week1\topics as some of its dependencies were changed since the last visit
2020-08-02T13:03:51.940Z - info: Site data built
2020-08-02T13:03:51.941Z - info: Lazy website regeneration complete! Total build time: 2.458s
2020-08-02T13:06:28.157Z - info: [9:06:28 PM] Reload for file change: C:\repos\nus-cs2103-AY2021S1\cs2103-website\book\cppToJava\controlFlow\methods\text.md
2020-08-02T13:06:29.168Z - info: Rebuilding 1 pages
2020-08-02T13:06:31.311Z - info: Pages rebuilt
2020-08-02T13:06:31.311Z - info: Website regeneration complete! Total build time: 2.145s
2020-08-02T13:06:31.359Z - info: Site data built
2020-08-02T13:07:49.608Z - info: [9:07:49 PM] Reload for file change: C:\repos\nus-cs2103-AY2021S1\cs2103-website\book\cppToJava\controlFlow\methods\text.md
2020-08-02T13:07:50.625Z - info: Rebuilding 1 pages
2020-08-02T13:07:52.700Z - info: Pages rebuilt
2020-08-02T13:07:52.700Z - info: Website regeneration complete! Total build time: 2.085s
2020-08-02T13:07:52.707Z - info: Site data built
2020-08-02T13:09:14.621Z - info: [9:09:14 PM] Reload for file change: C:\repos\nus-cs2103-AY2021S1\cs2103-website\book\cppToJava\controlFlow\loops\text.md
2020-08-02T13:09:15.636Z - info: Rebuilding 1 pages
2020-08-02T13:09:17.806Z - info: Pages rebuilt
2020-08-02T13:09:17.806Z - info: Website regeneration complete! Total build time: 2.171s
2020-08-02T13:09:17.869Z - info: Site data built
2020-08-02T13:10:10.507Z - info: [9:10:10 PM] Reload for file change: C:\repos\nus-cs2103-AY2021S1\cs2103-website\book\cppToJava\controlFlow\loops\text.md
2020-08-02T13:10:11.520Z - info: Rebuilding 1 pages
2020-08-02T13:10:13.712Z - info: Pages rebuilt
2020-08-02T13:10:13.712Z - info: Website regeneration complete! Total build time: 2.197s
2020-08-02T13:10:13.760Z - info: Site data built
2020-08-02T13:10:56.599Z - info: [9:10:56 PM] Reload for file change: C:\repos\nus-cs2103-AY2021S1\cs2103-website\book\cppToJava\controlFlow\loops\text.md
2020-08-02T13:10:57.625Z - info: Rebuilding 1 pages
2020-08-02T13:10:59.727Z - info: Pages rebuilt
2020-08-02T13:10:59.727Z - info: Website regeneration complete! Total build time: 2.104s
2020-08-02T13:10:59.776Z - info: Site data built
2020-08-02T13:12:35.529Z - info: [9:12:35 PM] Reload for file change: C:\repos\nus-cs2103-AY2021S1\cs2103-website\book\cppToJava\objects\passingObjects\text.md
2020-08-02T13:12:36.539Z - info: Rebuilding 1 pages
2020-08-02T13:12:39.547Z - info: Pages rebuilt
2020-08-02T13:12:39.547Z - info: Website regeneration complete! Total build time: 3.009s
2020-08-02T13:12:39.561Z - info: Site data built
2020-08-02T13:13:00.262Z - info: [9:13:00 PM] Reload for file change: C:\repos\nus-cs2103-AY2021S1\cs2103-website\book\cppToJava\objects\passingObjects\text.md
2020-08-02T13:13:01.268Z - info: Rebuilding 1 pages
2020-08-02T13:13:04.233Z - info: Pages rebuilt
2020-08-02T13:13:04.233Z - info: Website regeneration complete! Total build time: 2.968s
2020-08-02T13:13:04.246Z - info: Site data built
2020-08-02T13:14:23.057Z - info: [9:14:23 PM] Reload for file change: C:\repos\nus-cs2103-AY2021S1\cs2103-website\book\cppToJava\classes\definingClasses\text.md
2020-08-02T13:14:24.064Z - info: Rebuilding 1 pages
2020-08-02T13:14:27.278Z - info: Pages rebuilt
2020-08-02T13:14:27.278Z - info: Website regeneration complete! Total build time: 3.218s
2020-08-02T13:14:27.289Z - info: Site data built
2020-08-02T13:14:40.297Z - info: [9:14:40 PM] Reload for file change: C:\repos\nus-cs2103-AY2021S1\cs2103-website\book\cppToJava\classes\definingClasses\text.md
2020-08-02T13:14:41.303Z - info: Rebuilding 1 pages
2020-08-02T13:14:44.611Z - info: Pages rebuilt
2020-08-02T13:14:44.611Z - info: Website regeneration complete! Total build time: 3.311s
2020-08-02T13:14:44.625Z - info: Site data built
2020-08-02T13:15:31.998Z - info: [9:15:31 PM] Reload for file change: C:\repos\nus-cs2103-AY2021S1\cs2103-website\book\cppToJava\classes\classLevelMembers\text.md
2020-08-02T13:15:33.002Z - info: Rebuilding 1 pages
2020-08-02T13:15:35.844Z - info: Pages rebuilt
2020-08-02T13:15:35.844Z - info: Website regeneration complete! Total build time: 2.844s
2020-08-02T13:15:35.859Z - info: Site data built
2020-08-02T13:15:59.850Z - info: Building C:\repos\nus-cs2103-AY2021S1\cs2103-website\schedule\week3\topics as some of its dependencies were changed since the last visit
2020-08-02T13:16:01.809Z - info: Site data built
2020-08-02T13:16:01.811Z - info: Lazy website regeneration complete! Total build time: 1.962s
2020-08-02T13:16:53.942Z - info: [9:16:53 PM] Reload for file change: C:\repos\nus-cs2103-AY2021S1\cs2103-website\book\cppToJava\usefulClasses\stringClass\text.md
2020-08-02T13:16:54.950Z - info: Rebuilding 1 pages
2020-08-02T13:16:57.006Z - info: Pages rebuilt
2020-08-02T13:16:57.006Z - info: Website regeneration complete! Total build time: 2.057s
2020-08-02T13:16:57.025Z - info: Site data built
2020-08-02T13:17:28.780Z - info: [9:17:28 PM] Reload for file change: C:\repos\nus-cs2103-AY2021S1\cs2103-website\book\cppToJava\usefulClasses\wrapperClasses\text.md
2020-08-02T13:17:29.797Z - info: Rebuilding 1 pages
2020-08-02T13:17:31.785Z - info: Pages rebuilt
2020-08-02T13:17:31.786Z - info: Website regeneration complete! Total build time: 1.991s
2020-08-02T13:17:31.801Z - info: Site data built
2020-08-02T13:18:33.059Z - info: [9:18:33 PM] Reload for file change: C:\repos\nus-cs2103-AY2021S1\cs2103-website\book\cppToJava\usefulClasses\scannerClass\text.md
2020-08-02T13:18:34.071Z - info: Rebuilding 1 pages
2020-08-02T13:18:36.070Z - info: Pages rebuilt
2020-08-02T13:18:36.070Z - info: Website regeneration complete! Total build time: 2.001s
2020-08-02T13:18:36.082Z - info: Site data built
2020-08-02T13:19:36.971Z - info: Building C:\repos\nus-cs2103-AY2021S1\cs2103-website\schedule\week4\topics as some of its dependencies were changed since the last visit
2020-08-02T13:19:39.036Z - info: Site data built
2020-08-02T13:19:39.038Z - info: Lazy website regeneration complete! Total build time: 2.067s
2020-08-02T13:20:04.214Z - info: [9:20:04 PM] Reload for file change: C:\repos\nus-cs2103-AY2021S1\cs2103-website\book\cppToJava\inheritance\basic\text.md
2020-08-02T13:20:05.222Z - info: Rebuilding 1 pages
2020-08-02T13:20:07.192Z - info: Pages rebuilt
2020-08-02T13:20:07.192Z - info: Website regeneration complete! Total build time: 1.974s
2020-08-02T13:20:07.203Z - info: Site data built
2020-08-02T13:20:53.436Z - info: [9:20:53 PM] Reload for file change: C:\repos\nus-cs2103-AY2021S1\cs2103-website\book\cppToJava\inheritance\basic\text.md
2020-08-02T13:20:54.444Z - info: Rebuilding 1 pages
2020-08-02T13:20:56.261Z - info: Pages rebuilt
2020-08-02T13:20:56.261Z - info: Website regeneration complete! Total build time: 1.818s
2020-08-02T13:20:56.268Z - info: Site data built
2020-08-02T13:21:05.982Z - info: [9:21:05 PM] Reload for file change: C:\repos\nus-cs2103-AY2021S1\cs2103-website\book\cppToJava\inheritance\basic\text.md
2020-08-02T13:21:06.987Z - info: Rebuilding 1 pages
2020-08-02T13:21:08.635Z - info: Pages rebuilt
2020-08-02T13:21:08.635Z - info: Website regeneration complete! Total build time: 1.649s
2020-08-02T13:21:08.643Z - info: Site data built
2020-08-02T13:24:32.459Z - info: Building C:\repos\nus-cs2103-AY2021S1\cs2103-website\schedule\week2\index as some of its dependencies were changed since the last visit
2020-08-02T13:24:33.106Z - info: Site data built
2020-08-02T13:24:33.107Z - info: Lazy website regeneration complete! Total build time: 0.649s
2020-08-02T13:36:35.899Z - info: Website generation started at 9:36:32 PM
2020-08-02T13:36:46.233Z - info: Building assets...
2020-08-02T13:36:52.673Z - info: Assets built
2020-08-02T13:36:52.674Z - info: Generating pages...
2020-08-02T13:37:07.338Z - debug: The process cannot access the file because it is being used by another process.

2020-08-02T13:37:07.339Z - debug: The process cannot access the file because it is being used by another process.

2020-08-02T13:37:11.387Z - debug:  
2020-08-02T13:37:11.387Z - debug:  
2020-08-02T13:37:11.387Z - debug:  
2020-08-02T13:37:11.388Z - debug:  
2020-08-02T13:37:12.922Z - debug:  
2020-08-02T13:37:13.201Z - debug:  
2020-08-02T13:37:13.202Z - debug:  
2020-08-02T13:37:18.148Z - debug: The process cannot access the file because it is being used by another process.

2020-08-02T13:37:18.149Z - debug:  
2020-08-02T13:37:18.149Z - debug: The process cannot access the file because it is being used by another process.

2020-08-02T13:37:18.484Z - debug:  
2020-08-02T13:37:19.872Z - debug: The process cannot access the file because it is being used by another process.

2020-08-02T13:37:19.873Z - debug: The process cannot access the file because it is being used by another process.

2020-08-02T13:37:20.089Z - debug:  
2020-08-02T13:37:20.089Z - debug:  
2020-08-02T13:37:20.647Z - debug: The process cannot access the file because it is being used by another process.

2020-08-02T13:37:20.649Z - debug: The process cannot access the file because it is being used by another process.

2020-08-02T13:37:24.824Z - debug:  
2020-08-02T13:37:24.825Z - debug:  
2020-08-02T13:37:45.791Z - debug: The process cannot access the file because it is being used by another process.

2020-08-02T13:37:45.949Z - debug: The process cannot access the file because it is being used by another process.

2020-08-02T13:37:47.160Z - debug: The process cannot access the file because it is being used by another process.

2020-08-02T13:37:47.161Z - debug: The process cannot access the file because it is being used by another process.

2020-08-02T13:37:47.224Z - debug:  
2020-08-02T13:37:47.382Z - debug:  
2020-08-02T13:37:51.273Z - debug:  
2020-08-02T13:37:51.395Z - debug:  
2020-08-02T13:37:57.510Z - debug: The process cannot access the file because it is being used by another process.

2020-08-02T13:37:59.671Z - debug: The process cannot access the file because it is being used by another process.

2020-08-02T13:37:59.890Z - debug:  
2020-08-02T13:38:21.532Z - debug:  
2020-08-02T13:38:21.961Z - debug:  
2020-08-02T13:38:21.963Z - debug:  
2020-08-02T13:38:21.963Z - debug:  
2020-08-02T13:38:27.209Z - debug:  
2020-08-02T13:38:27.213Z - debug:  
2020-08-02T13:38:38.377Z - debug:  
2020-08-02T13:38:39.026Z - debug:  
2020-08-02T13:38:39.026Z - debug:  
2020-08-02T13:38:39.026Z - debug:  
2020-08-02T13:38:39.026Z - debug:  
2020-08-02T13:38:46.224Z - debug:  
2020-08-02T13:38:46.888Z - debug:  
2020-08-02T13:38:52.689Z - debug:  
2020-08-02T13:39:02.677Z - debug:  
2020-08-02T13:39:02.677Z - debug:  
2020-08-02T13:39:10.114Z - debug:  
2020-08-02T13:39:10.115Z - debug:  
2020-08-02T13:39:20.804Z - debug:  
2020-08-02T13:39:49.421Z - debug:  
2020-08-02T13:40:02.989Z - debug:  
2020-08-02T13:40:02.989Z - debug:  
2020-08-02T13:40:13.675Z - info: Pages built
2020-08-02T13:40:42.316Z - info: Website generation complete! Total build time: 249.55s
2020-08-02T13:40:42.320Z - info: Build success!
2020-08-02T13:40:42.320Z - debug:  
2020-08-02T13:40:42.324Z - info: Site data built
2020-08-02T13:41:45.580Z - info: Deployed!
2020-08-02T13:46:50.526Z - info: Website generation started at 9:46:44 PM
2020-08-02T13:46:59.721Z - info: Building assets...
2020-08-02T13:47:05.466Z - info: Assets built
2020-08-02T13:47:05.467Z - info: Generating pages...
2020-08-02T13:47:21.134Z - debug: The process cannot access the file because it is being used by another process.

2020-08-02T13:47:21.135Z - debug: The process cannot access the file because it is being used by another process.

2020-08-02T13:47:24.204Z - debug:  
2020-08-02T13:47:24.204Z - debug:  
2020-08-02T13:47:24.204Z - debug:  
2020-08-02T13:47:24.205Z - debug:  
2020-08-02T13:47:28.959Z - debug:  
2020-08-02T13:47:28.959Z - debug: The process cannot access the file because it is being used by another process.

2020-08-02T13:47:28.959Z - debug: The process cannot access the file because it is being used by another process.

2020-08-02T13:47:28.960Z - debug: The process cannot access the file because it is being used by another process.

2020-08-02T13:47:28.960Z - debug: The process cannot access the file because it is being used by another process.

2020-08-02T13:47:28.960Z - debug:  
2020-08-02T13:47:28.960Z - debug:  
2020-08-02T13:47:28.989Z - debug:  
2020-08-02T13:47:28.989Z - debug:  
2020-08-02T13:47:31.474Z - debug: The process cannot access the file because it is being used by another process.

2020-08-02T13:47:31.475Z - debug: The process cannot access the file because it is being used by another process.

2020-08-02T13:47:31.711Z - debug: The process cannot access the file because it is being used by another process.

2020-08-02T13:47:31.712Z - debug: The process cannot access the file because it is being used by another process.

2020-08-02T13:47:33.225Z - debug:  
2020-08-02T13:47:33.226Z - debug:  
2020-08-02T13:47:51.919Z - debug: The process cannot access the file because it is being used by another process.

2020-08-02T13:47:51.921Z - debug: The process cannot access the file because it is being used by another process.

2020-08-02T13:47:53.944Z - debug: The process cannot access the file because it is being used by another process.

2020-08-02T13:47:53.944Z - debug: The process cannot access the file because it is being used by another process.

2020-08-02T13:47:54.168Z - debug:  
2020-08-02T13:47:56.034Z - debug:  
2020-08-02T13:47:58.144Z - debug:  
2020-08-02T13:47:58.405Z - debug:  
2020-08-02T13:48:03.296Z - debug: The process cannot access the file because it is being used by another process.

2020-08-02T13:48:05.180Z - debug: The process cannot access the file because it is being used by another process.

2020-08-02T13:48:05.403Z - debug:  
2020-08-02T13:48:25.933Z - debug:  
2020-08-02T13:48:25.934Z - debug:  
2020-08-02T13:48:25.935Z - debug:  
2020-08-02T13:48:26.032Z - debug:  
2020-08-02T13:48:30.207Z - debug:  
2020-08-02T13:48:30.431Z - debug:  
2020-08-02T13:48:39.337Z - debug:  
2020-08-02T13:48:39.338Z - debug:  
2020-08-02T13:48:39.338Z - debug:  
2020-08-02T13:48:39.338Z - debug:  
2020-08-02T13:48:39.338Z - debug:  
2020-08-02T13:48:45.273Z - debug:  
2020-08-02T13:48:45.274Z - debug:  
2020-08-02T13:48:51.308Z - debug:  
2020-08-02T13:49:04.013Z - debug:  
2020-08-02T13:49:04.014Z - debug:  
2020-08-02T13:49:08.423Z - info: Pages built
2020-08-02T13:49:28.728Z - info: Website generation complete! Total build time: 164.206s
2020-08-02T13:49:28.728Z - info: Build success!
2020-08-02T13:49:28.733Z - info: Site data built
2020-08-02T13:50:31.305Z - info: Deployed!
2020-08-02T14:25:54.627Z - info: Website generation started at 10:25:49 PM
2020-08-02T14:26:03.995Z - info: Building assets...
2020-08-02T14:26:09.512Z - info: Assets built
2020-08-02T14:26:09.514Z - info: Generating pages...
2020-08-02T14:26:23.514Z - debug: The process cannot access the file because it is being used by another process.

2020-08-02T14:26:23.515Z - debug: The process cannot access the file because it is being used by another process.

2020-08-02T14:26:27.060Z - debug:  
2020-08-02T14:26:27.061Z - debug:  
2020-08-02T14:26:27.062Z - debug:  
2020-08-02T14:26:27.063Z - debug:  
2020-08-02T14:26:32.199Z - debug:  
2020-08-02T14:26:32.200Z - debug: The process cannot access the file because it is being used by another process.

2020-08-02T14:26:32.200Z - debug: The process cannot access the file because it is being used by another process.

2020-08-02T14:26:32.200Z - debug: The process cannot access the file because it is being used by another process.

2020-08-02T14:26:32.201Z - debug: The process cannot access the file because it is being used by another process.

2020-08-02T14:26:32.201Z - debug:  
2020-08-02T14:26:32.201Z - debug:  
2020-08-02T14:26:32.201Z - debug:  
2020-08-02T14:26:32.202Z - debug:  
2020-08-02T14:26:35.387Z - debug: The process cannot access the file because it is being used by another process.

2020-08-02T14:26:35.396Z - debug: The process cannot access the file because it is being used by another process.

2020-08-02T14:26:35.396Z - debug: The process cannot access the file because it is being used by another process.

2020-08-02T14:26:35.397Z - debug: The process cannot access the file because it is being used by another process.

2020-08-02T14:26:36.502Z - debug:  
2020-08-02T14:26:36.552Z - debug:  
2020-08-02T14:26:56.337Z - debug: The process cannot access the file because it is being used by another process.

2020-08-02T14:26:56.406Z - debug: The process cannot access the file because it is being used by another process.

2020-08-02T14:26:58.709Z - debug: The process cannot access the file because it is being used by another process.

2020-08-02T14:26:58.711Z - debug: The process cannot access the file because it is being used by another process.

2020-08-02T14:26:59.146Z - debug:  
2020-08-02T14:27:01.913Z - debug:  
2020-08-02T14:27:03.486Z - debug:  
2020-08-02T14:27:03.599Z - debug:  
2020-08-02T14:27:09.197Z - debug: The process cannot access the file because it is being used by another process.

2020-08-02T14:27:11.431Z - debug: The process cannot access the file because it is being used by another process.

2020-08-02T14:27:11.609Z - debug:  
2020-08-02T14:27:38.216Z - debug:  
2020-08-02T14:27:38.741Z - debug:  
2020-08-02T14:27:38.741Z - debug:  
2020-08-02T14:27:38.741Z - debug:  
2020-08-02T14:27:43.135Z - debug:  
2020-08-02T14:27:43.276Z - debug:  
2020-08-02T14:27:59.334Z - debug:  
2020-08-02T14:27:59.712Z - debug:  
2020-08-02T14:27:59.712Z - debug:  
2020-08-02T14:27:59.712Z - debug:  
2020-08-02T14:27:59.713Z - debug:  
2020-08-02T14:28:06.529Z - debug:  
2020-08-02T14:28:06.529Z - debug:  
2020-08-02T14:28:11.642Z - debug:  
2020-08-02T14:28:19.446Z - debug:  
2020-08-02T14:28:31.296Z - debug:  
2020-08-02T14:28:31.296Z - debug:  
2020-08-02T14:28:53.806Z - debug:  
2020-08-02T14:29:07.075Z - debug:  
2020-08-02T14:29:07.076Z - debug:  
2020-08-02T14:29:15.745Z - info: Pages built
2020-08-02T14:29:47.630Z - info: Website generation complete! Total build time: 237.924s
2020-08-02T14:29:47.637Z - info: Build success!
2020-08-02T14:29:47.637Z - debug:  
2020-08-02T14:29:47.641Z - info: Site data built
2020-08-02T14:31:01.791Z - info: Deployed!
