2020-10-30T16:04:53.328Z - info: Website generation started at 12:04:46 AM
2020-10-30T16:05:02.337Z - info: Building assets...
2020-10-30T16:05:10.018Z - info: Assets built
2020-10-30T16:05:10.019Z - info: Generating pages...
2020-10-30T16:05:26.414Z - debug: The process cannot access the file because it is being used by another process.

2020-10-30T16:05:26.415Z - debug: The process cannot access the file because it is being used by another process.

2020-10-30T16:05:30.379Z - debug:  
2020-10-30T16:05:30.380Z - debug:  
2020-10-30T16:05:30.380Z - debug:  
2020-10-30T16:05:30.380Z - debug:  
2020-10-30T16:05:30.385Z - debug:  
2020-10-30T16:05:31.441Z - debug:  
2020-10-30T16:05:31.706Z - debug:  
2020-10-30T16:05:31.747Z - debug:  
2020-10-30T16:05:36.712Z - debug: The process cannot access the file because it is being used by another process.

2020-10-30T16:05:36.713Z - debug: The process cannot access the file because it is being used by another process.

2020-10-30T16:05:36.713Z - debug:  
2020-10-30T16:05:38.308Z - debug:  
2020-10-30T16:05:38.309Z - debug: The process cannot access the file because it is being used by another process.

2020-10-30T16:05:38.309Z - debug: The process cannot access the file because it is being used by another process.

2020-10-30T16:05:38.399Z - debug:  
2020-10-30T16:05:38.400Z - debug:  
2020-10-30T16:05:38.971Z - debug: The process cannot access the file because it is being used by another process.

2020-10-30T16:05:38.972Z - debug: The process cannot access the file because it is being used by another process.

2020-10-30T16:05:42.697Z - debug:  
2020-10-30T16:05:42.863Z - debug:  
2020-10-30T16:05:57.957Z - debug: The process cannot access the file because it is being used by another process.

2020-10-30T16:05:58.614Z - debug: The process cannot access the file because it is being used by another process.

2020-10-30T16:05:59.554Z - debug: The process cannot access the file because it is being used by another process.

2020-10-30T16:05:59.554Z - debug:  
2020-10-30T16:06:01.587Z - debug: The process cannot access the file because it is being used by another process.

2020-10-30T16:06:02.394Z - debug: The process cannot access the file because it is being used by another process.

2020-10-30T16:06:03.899Z - debug:  
2020-10-30T16:06:05.557Z - debug:  
2020-10-30T16:06:08.041Z - debug: The process cannot access the file because it is being used by another process.

2020-10-30T16:06:08.042Z - debug: The process cannot access the file because it is being used by another process.

2020-10-30T16:06:09.361Z - debug: The process cannot access the file because it is being used by another process.

2020-10-30T16:06:09.361Z - debug: The process cannot access the file because it is being used by another process.

2020-10-30T16:06:09.361Z - debug:  
2020-10-30T16:06:09.534Z - debug:  
2020-10-30T16:06:13.549Z - debug:  
2020-10-30T16:06:13.551Z - debug:  
2020-10-30T16:06:19.972Z - debug: The process cannot access the file because it is being used by another process.

2020-10-30T16:06:21.872Z - debug: The process cannot access the file because it is being used by another process.

2020-10-30T16:06:22.056Z - debug:  
2020-10-30T16:06:45.998Z - debug:  
2020-10-30T16:06:46.002Z - debug:  
2020-10-30T16:06:46.002Z - debug:  
2020-10-30T16:06:46.002Z - debug:  
2020-10-30T16:06:49.678Z - debug: The process cannot access the file because it is being used by another process.

2020-10-30T16:06:53.825Z - debug:  
2020-10-30T16:06:57.941Z - debug:  
2020-10-30T16:06:57.942Z - debug:  
2020-10-30T16:06:57.944Z - debug:  
2020-10-30T16:07:06.130Z - debug:  
2020-10-30T16:07:06.131Z - debug:  
2020-10-30T16:07:06.131Z - debug:  
2020-10-30T16:07:06.131Z - debug:  
2020-10-30T16:07:11.202Z - debug: The process cannot access the file because it is being used by another process.

2020-10-30T16:07:14.802Z - debug:  
2020-10-30T16:07:17.028Z - debug:  
2020-10-30T16:07:17.028Z - debug:  
2020-10-30T16:07:27.020Z - debug:  
2020-10-30T16:07:38.865Z - debug:  
2020-10-30T16:07:46.648Z - debug: The process cannot access the file because it is being used by another process.

2020-10-30T16:07:46.649Z - debug: The process cannot access the file because it is being used by another process.

2020-10-30T16:07:46.654Z - debug:  
2020-10-30T16:07:46.655Z - debug:  
2020-10-30T16:08:00.456Z - debug:  
2020-10-30T16:08:01.423Z - debug:  
2020-10-30T16:08:29.830Z - debug:  
2020-10-30T16:08:44.086Z - debug:  
2020-10-30T16:08:44.086Z - debug:  
2020-10-30T16:08:56.387Z - info: Pages built
2020-10-30T16:08:56.512Z - debug:  
2020-10-30T16:09:23.484Z - info: Website generation complete! Total build time: 276.696s
2020-10-30T16:09:23.485Z - info: Build success!
2020-10-30T16:09:23.489Z - info: Site data built
2020-10-30T16:10:04.869Z - info: Deployed!
2020-10-30T16:16:34.909Z - info: Website generation started at 12:16:30 AM
2020-10-30T16:16:43.968Z - info: Building assets...
2020-10-30T16:16:50.050Z - info: Assets built
2020-10-30T16:16:50.051Z - info: Generating pages...
2020-10-30T16:17:05.470Z - debug: The process cannot access the file because it is being used by another process.

2020-10-30T16:17:05.470Z - debug: The process cannot access the file because it is being used by another process.

2020-10-30T16:17:08.124Z - debug:  
2020-10-30T16:17:08.124Z - debug:  
2020-10-30T16:17:08.124Z - debug:  
2020-10-30T16:17:08.124Z - debug:  
2020-10-30T16:17:08.125Z - debug:  
2020-10-30T16:17:10.027Z - debug:  
2020-10-30T16:17:13.634Z - debug: The process cannot access the file because it is being used by another process.

2020-10-30T16:17:13.635Z - debug: The process cannot access the file because it is being used by another process.

2020-10-30T16:17:13.635Z - debug: The process cannot access the file because it is being used by another process.

2020-10-30T16:17:13.636Z - debug: The process cannot access the file because it is being used by another process.

2020-10-30T16:17:13.636Z - debug:  
2020-10-30T16:17:13.636Z - debug:  
2020-10-30T16:17:13.636Z - debug:  
2020-10-30T16:17:13.636Z - debug:  
2020-10-30T16:17:16.803Z - debug: The process cannot access the file because it is being used by another process.

2020-10-30T16:17:16.804Z - debug: The process cannot access the file because it is being used by another process.

2020-10-30T16:17:16.850Z - debug: The process cannot access the file because it is being used by another process.

2020-10-30T16:17:16.851Z - debug: The process cannot access the file because it is being used by another process.

2020-10-30T16:17:17.812Z - debug:  
2020-10-30T16:17:17.892Z - debug:  
2020-10-30T16:17:31.794Z - debug: The process cannot access the file because it is being used by another process.

2020-10-30T16:17:32.335Z - debug: The process cannot access the file because it is being used by another process.

2020-10-30T16:17:33.187Z - debug: The process cannot access the file because it is being used by another process.

2020-10-30T16:17:33.187Z - debug:  
2020-10-30T16:17:34.799Z - debug: The process cannot access the file because it is being used by another process.

2020-10-30T16:17:35.441Z - debug: The process cannot access the file because it is being used by another process.

2020-10-30T16:17:36.609Z - debug:  
2020-10-30T16:17:38.232Z - debug:  
2020-10-30T16:17:39.897Z - debug: The process cannot access the file because it is being used by another process.

2020-10-30T16:17:39.898Z - debug: The process cannot access the file because it is being used by another process.

2020-10-30T16:17:41.740Z - debug:  
2020-10-30T16:17:41.927Z - debug: The process cannot access the file because it is being used by another process.

2020-10-30T16:17:42.119Z - debug:  
2020-10-30T16:17:44.176Z - debug: The process cannot access the file because it is being used by another process.

2020-10-30T16:17:44.868Z - debug:  
2020-10-30T16:17:45.922Z - debug:  
2020-10-30T16:17:51.668Z - debug: The process cannot access the file because it is being used by another process.

2020-10-30T16:17:53.714Z - debug: The process cannot access the file because it is being used by another process.

2020-10-30T16:17:54.047Z - debug:  
2020-10-30T16:18:16.604Z - debug:  
2020-10-30T16:18:16.604Z - debug:  
2020-10-30T16:18:16.604Z - debug:  
2020-10-30T16:18:16.605Z - debug:  
2020-10-30T16:18:22.245Z - debug:  
2020-10-30T16:18:22.246Z - debug:  
2020-10-30T16:18:22.247Z - debug:  
2020-10-30T16:18:26.692Z - debug:  
2020-10-30T16:18:30.612Z - debug:  
2020-10-30T16:18:30.612Z - debug:  
2020-10-30T16:18:30.612Z - debug:  
2020-10-30T16:18:30.613Z - debug:  
2020-10-30T16:18:39.368Z - debug:  
2020-10-30T16:18:39.369Z - debug:  
2020-10-30T16:18:39.369Z - debug:  
2020-10-30T16:18:44.086Z - debug:  
2020-10-30T16:18:50.929Z - debug:  
2020-10-30T16:18:58.147Z - debug:  
2020-10-30T16:19:02.818Z - debug:  
2020-10-30T16:19:02.818Z - debug:  
2020-10-30T16:19:23.765Z - debug:  
2020-10-30T16:19:33.868Z - debug:  
2020-10-30T16:19:33.869Z - debug:  
2020-10-30T16:19:40.793Z - info: Pages built
2020-10-30T16:20:03.184Z - info: Website generation complete! Total build time: 213.093s
2020-10-30T16:20:03.184Z - info: Build success!
2020-10-30T16:20:03.185Z - debug:  
2020-10-30T16:20:03.190Z - info: Site data built
2020-10-30T16:20:43.844Z - info: Deployed!
