2020-11-17T12:37:51.494Z - info: Website generation (lazy) started at 8:37:45 PM
2020-11-17T12:38:03.633Z - info: Building assets...
2020-11-17T12:38:10.527Z - info: Assets built
2020-11-17T12:38:10.529Z - info: Generating landing page...
2020-11-17T12:38:11.857Z - info: Landing page built, other pages will be built as you navigate to them!
2020-11-17T12:38:11.976Z - info: Website generation (lazy) complete! Total build time: 26.434s
2020-11-17T12:38:13.009Z - info: Serving "C:\repos\nus-cs2103-AY2021S1\cs2103-website\_site" at http://127.0.0.1:8080
2020-11-17T12:38:13.009Z - info: Press CTRL+C to stop ...
2020-11-17T12:38:13.081Z - info: Site data built
2020-11-17T12:38:16.473Z - info: [8:38:16 PM] Reload for file change: C:\repos\nus-cs2103-AY2021S1\cs2103-website\admin\tp-pe.mbdf
2020-11-17T12:38:18.722Z - info: No pages needed to be rebuilt
2020-11-17T12:38:57.763Z - info: Building C:\repos\nus-cs2103-AY2021S1\cs2103-website\admin\index as some of its dependencies were changed since the last visit
2020-11-17T12:38:58.521Z - info: Site data built
2020-11-17T12:38:58.522Z - info: Lazy website regeneration complete! Total build time: 0.761s
2020-11-17T12:39:07.343Z - info: Building C:\repos\nus-cs2103-AY2021S1\cs2103-website\admin\tp-pe as some of its dependencies were changed since the last visit
2020-11-17T12:39:09.011Z - info: Site data built
2020-11-17T12:39:09.012Z - info: Lazy website regeneration complete! Total build time: 1.669s
2020-11-17T12:39:20.010Z - info: [8:39:20 PM] Reload for file change: C:\repos\nus-cs2103-AY2021S1\cs2103-website\admin\tp-pe.mbdf
2020-11-17T12:39:21.013Z - info: Rebuilding 1 pages
2020-11-17T12:39:22.224Z - info: Pages rebuilt
2020-11-17T12:39:22.224Z - info: Website regeneration complete! Total build time: 1.213s
2020-11-17T12:39:22.229Z - info: Site data built
2020-11-17T12:40:50.427Z - info: [8:40:50 PM] Reload for file change: C:\repos\nus-cs2103-AY2021S1\cs2103-website\admin\tp-pe.mbdf
2020-11-17T12:40:51.434Z - info: Rebuilding 1 pages
2020-11-17T12:40:53.140Z - info: Pages rebuilt
2020-11-17T12:40:53.140Z - info: Website regeneration complete! Total build time: 1.712s
2020-11-17T12:40:53.150Z - info: Site data built
2020-11-17T12:41:48.535Z - info: Website generation started at 8:41:44 PM
2020-11-17T12:41:58.494Z - info: Building assets...
