2020-09-06T17:02:01.019Z - info: Website generation started at 1:01:57 AM
2020-09-06T17:02:09.662Z - info: Building assets...
2020-09-06T17:02:15.277Z - info: Assets built
2020-09-06T17:02:15.278Z - info: Generating pages...
2020-09-06T17:02:33.095Z - debug: The process cannot access the file because it is being used by another process.

2020-09-06T17:02:33.096Z - debug: The process cannot access the file because it is being used by another process.

2020-09-06T17:02:37.349Z - debug:  
2020-09-06T17:02:37.349Z - debug:  
2020-09-06T17:02:37.350Z - debug:  
2020-09-06T17:02:37.350Z - debug:  
2020-09-06T17:02:37.350Z - debug:  
2020-09-06T17:02:38.940Z - debug:  
2020-09-06T17:02:38.941Z - debug:  
2020-09-06T17:02:39.911Z - debug:  
2020-09-06T17:02:45.069Z - debug:  
2020-09-06T17:02:45.070Z - debug: The process cannot access the file because it is being used by another process.

2020-09-06T17:02:45.734Z - debug:  
2020-09-06T17:02:48.242Z - debug: The process cannot access the file because it is being used by another process.

2020-09-06T17:02:48.242Z - debug: The process cannot access the file because it is being used by another process.

2020-09-06T17:02:48.829Z - debug:  
2020-09-06T17:02:48.830Z - debug:  
2020-09-06T17:02:48.833Z - debug:  
2020-09-06T17:02:49.183Z - debug: The process cannot access the file because it is being used by another process.

2020-09-06T17:02:49.193Z - debug: The process cannot access the file because it is being used by another process.

2020-09-06T17:02:53.073Z - debug:  
2020-09-06T17:02:53.074Z - debug:  
2020-09-06T17:03:06.264Z - debug: The process cannot access the file because it is being used by another process.

2020-09-06T17:03:06.847Z - debug: The process cannot access the file because it is being used by another process.

2020-09-06T17:03:07.548Z - debug: The process cannot access the file because it is being used by another process.

2020-09-06T17:03:07.548Z - debug:  
2020-09-06T17:03:09.277Z - debug: The process cannot access the file because it is being used by another process.

2020-09-06T17:03:09.706Z - debug: The process cannot access the file because it is being used by another process.

2020-09-06T17:03:10.984Z - debug:  
2020-09-06T17:03:12.546Z - debug:  
2020-09-06T17:03:14.846Z - debug: The process cannot access the file because it is being used by another process.

2020-09-06T17:03:14.847Z - debug: The process cannot access the file because it is being used by another process.

2020-09-06T17:03:16.229Z - debug: The process cannot access the file because it is being used by another process.

2020-09-06T17:03:16.230Z - debug: The process cannot access the file because it is being used by another process.

2020-09-06T17:03:16.232Z - debug:  
2020-09-06T17:03:16.386Z - debug:  
2020-09-06T17:03:19.925Z - debug:  
2020-09-06T17:03:19.975Z - debug:  
2020-09-06T17:03:25.800Z - debug: The process cannot access the file because it is being used by another process.

2020-09-06T17:03:27.723Z - debug: The process cannot access the file because it is being used by another process.

2020-09-06T17:03:27.922Z - debug:  
2020-09-06T17:03:49.496Z - debug:  
2020-09-06T17:03:49.498Z - debug:  
2020-09-06T17:03:49.710Z - debug:  
2020-09-06T17:03:49.710Z - debug:  
2020-09-06T17:03:51.610Z - debug: The process cannot access the file because it is being used by another process.

2020-09-06T17:03:55.180Z - debug:  
2020-09-06T17:03:55.503Z - debug:  
2020-09-06T17:03:55.504Z - debug:  
2020-09-06T17:04:07.469Z - debug:  
2020-09-06T17:04:07.470Z - debug:  
2020-09-06T17:04:07.470Z - debug:  
2020-09-06T17:04:07.472Z - debug:  
2020-09-06T17:04:07.472Z - debug:  
2020-09-06T17:04:21.792Z - debug: The process cannot access the file because it is being used by another process.

2020-09-06T17:04:21.796Z - debug:  
2020-09-06T17:04:38.507Z - debug:  
2020-09-06T17:04:38.508Z - debug:  
2020-09-06T17:04:56.140Z - debug:  
2020-09-06T17:05:27.301Z - debug:  
2020-09-06T17:05:37.612Z - debug:  
2020-09-06T17:05:37.613Z - debug:  
2020-09-06T17:05:47.919Z - debug:  
2020-09-06T17:05:47.919Z - debug:  
2020-09-06T17:06:08.235Z - debug:  
2020-09-06T17:06:09.242Z - debug:  
2020-09-06T17:06:59.736Z - debug:  
2020-09-06T17:07:27.285Z - debug:  
2020-09-06T17:07:27.286Z - debug:  
2020-09-06T17:07:46.655Z - info: Pages built
2020-09-06T17:08:15.993Z - info: Website generation complete! Total build time: 378.285s
2020-09-06T17:08:15.997Z - info: Build success!
2020-09-06T17:08:15.999Z - debug:  
2020-09-06T17:08:16.003Z - info: Site data built
2020-09-06T17:09:00.694Z - info: Deployed!
2020-09-07T03:29:26.300Z - info: Website generation (lazy) started at 11:29:19 AM
2020-09-07T03:29:37.145Z - info: Building assets...
2020-09-07T03:29:43.621Z - info: Assets built
2020-09-07T03:29:43.622Z - info: Generating landing page...
2020-09-07T03:29:45.483Z - info: Landing page built, other pages will be built as you navigate to them!
2020-09-07T03:29:45.598Z - info: Website generation (lazy) complete! Total build time: 26.174s
2020-09-07T03:29:46.476Z - info: Serving "C:\repos\nus-cs2103-AY2021S1\cs2103-website\_site" at http://127.0.0.1:8080
2020-09-07T03:29:46.477Z - info: Press CTRL+C to stop ...
2020-09-07T03:29:46.553Z - info: Site data built
2020-09-07T03:30:54.372Z - info: Building C:\repos\nus-cs2103-AY2021S1\cs2103-website\admin\tp-expectations as some of its dependencies were changed since the last visit
2020-09-07T03:30:55.912Z - info: Site data built
2020-09-07T03:30:55.913Z - info: Lazy website regeneration complete! Total build time: 1.54s
2020-09-07T03:31:05.639Z - info: Building C:\repos\nus-cs2103-AY2021S1\cs2103-website\admin\tp-constraints as some of its dependencies were changed since the last visit
2020-09-07T03:31:06.048Z - info: Site data built
2020-09-07T03:31:06.051Z - info: Lazy website regeneration complete! Total build time: 0.411s
2020-09-07T03:32:29.622Z - info: Website generation started at 11:32:26 AM
2020-09-07T03:32:39.290Z - info: Building assets...
