2020-09-21T07:14:53.634Z - info: Website generation (lazy) started at 3:14:46 PM
2020-09-21T07:15:06.764Z - info: Building assets...
2020-09-21T07:15:13.924Z - info: Assets built
2020-09-21T07:15:13.925Z - info: Generating landing page...
2020-09-21T07:15:15.925Z - info: Landing page built, other pages will be built as you navigate to them!
2020-09-21T07:15:16.027Z - info: Website generation (lazy) complete! Total build time: 29.304s
2020-09-21T07:15:17.051Z - info: Serving "C:\repos\nus-cs2103-AY2021S1\cs2103-website\_site" at http://127.0.0.1:8080
2020-09-21T07:15:17.051Z - info: Press CTRL+C to stop ...
2020-09-21T07:15:17.123Z - info: Site data built
2020-09-21T07:15:42.910Z - info: Building C:\repos\nus-cs2103-AY2021S1\cs2103-website\schedule\week7\tutorial as some of its dependencies were changed since the last visit
2020-09-21T07:15:43.603Z - info: Site data built
2020-09-21T07:15:43.604Z - info: Lazy website regeneration complete! Total build time: 0.693s
2020-09-21T07:21:01.834Z - info: Building C:\repos\nus-cs2103-AY2021S1\cs2103-website\schedule\week8\tutorial as some of its dependencies were changed since the last visit
2020-09-21T07:21:02.928Z - info: Site data built
2020-09-21T07:21:02.928Z - info: Lazy website regeneration complete! Total build time: 1.094s
2020-09-21T07:24:14.686Z - info: [3:24:14 PM] Reload for file change: C:\repos\nus-cs2103-AY2021S1\cs2103-website\admin\common-tutorials.mbdf
2020-09-21T07:24:15.707Z - info: Rebuilding 1 pages
2020-09-21T07:24:16.116Z - info: Pages rebuilt
2020-09-21T07:24:16.116Z - info: Website regeneration complete! Total build time: 0.416s
2020-09-21T07:24:16.119Z - info: Site data built
2020-09-21T07:24:30.843Z - info: Building C:\repos\nus-cs2103-AY2021S1\cs2103-website\schedule\week8\index as some of its dependencies were changed since the last visit
2020-09-21T07:24:32.308Z - info: Site data built
2020-09-21T07:24:32.308Z - info: Lazy website regeneration complete! Total build time: 1.466s
2020-09-21T07:25:10.971Z - info: Building C:\repos\nus-cs2103-AY2021S1\cs2103-website\schedule\week9\tutorial as some of its dependencies were changed since the last visit
2020-09-21T07:25:11.946Z - info: Site data built
2020-09-21T07:25:11.946Z - info: Lazy website regeneration complete! Total build time: 0.976s
2020-09-21T07:25:56.251Z - info: Building C:\repos\nus-cs2103-AY2021S1\cs2103-website\schedule\week10\tutorial as some of its dependencies were changed since the last visit
2020-09-21T07:25:56.835Z - info: Site data built
2020-09-21T07:25:56.835Z - info: Lazy website regeneration complete! Total build time: 0.584s
2020-09-21T07:32:31.327Z - info: [3:32:31 PM] Reload for file change: C:\repos\nus-cs2103-AY2021S1\cs2103-website\admin\common-tutorials.mbdf
2020-09-21T07:32:32.333Z - info: No pages needed to be rebuilt
2020-09-21T07:36:45.285Z - info: [3:36:45 PM] Reload for file change: C:\repos\nus-cs2103-AY2021S1\cs2103-website\schedule\week9\tutorial-cs2103.mbdf
2020-09-21T07:36:46.291Z - info: Rebuilding 1 pages
2020-09-21T07:36:46.716Z - info: Pages rebuilt
2020-09-21T07:36:46.717Z - info: Website regeneration complete! Total build time: 0.429s
2020-09-21T07:36:46.720Z - info: Site data built
2020-09-21T07:38:04.227Z - info: Building C:\repos\nus-cs2103-AY2021S1\cs2103-website\schedule\week9\project as some of its dependencies were changed since the last visit
2020-09-21T07:38:05.656Z - info: Site data built
2020-09-21T07:38:05.657Z - info: Lazy website regeneration complete! Total build time: 1.431s
2020-09-21T07:39:26.083Z - info: [3:39:26 PM] Reload for file change: C:\repos\nus-cs2103-AY2021S1\cs2103-website\_module-CS2103\weeklyTpTasks.mbdf
2020-09-21T07:39:27.133Z - info: No pages needed to be rebuilt
2020-09-21T07:41:18.431Z - info: [3:41:18 PM] Reload for file change: C:\repos\nus-cs2103-AY2021S1\cs2103-website\schedule\week9\tutorial-cs2103.mbdf
2020-09-21T07:41:19.440Z - info: No pages needed to be rebuilt
2020-09-21T07:41:38.330Z - info: Building C:\repos\nus-cs2103-AY2021S1\cs2103-website\schedule\week9\tutorial as some of its dependencies were changed since the last visit
2020-09-21T07:41:38.836Z - info: Site data built
2020-09-21T07:41:38.836Z - info: Lazy website regeneration complete! Total build time: 0.506s
2020-09-21T07:42:22.103Z - info: [3:42:22 PM] Reload for file change: C:\repos\nus-cs2103-AY2021S1\cs2103-website\schedule\week9\tutorial-cs2103.mbdf
2020-09-21T07:42:23.120Z - info: Rebuilding 1 pages
2020-09-21T07:42:23.794Z - info: Pages rebuilt
2020-09-21T07:42:23.794Z - info: Website regeneration complete! Total build time: 0.689s
2020-09-21T07:42:23.798Z - info: Site data built
2020-09-21T07:42:33.936Z - info: [3:42:33 PM] Reload for file change: C:\repos\nus-cs2103-AY2021S1\cs2103-website\schedule\week9\tutorial-cs2103.mbdf
2020-09-21T07:42:34.943Z - info: Rebuilding 1 pages
2020-09-21T07:42:35.363Z - info: Pages rebuilt
2020-09-21T07:42:35.364Z - info: Website regeneration complete! Total build time: 0.425s
2020-09-21T07:42:35.366Z - info: Site data built
2020-09-21T07:42:42.592Z - info: [3:42:42 PM] Reload for file change: C:\repos\nus-cs2103-AY2021S1\cs2103-website\schedule\week9\tutorial-cs2103.mbdf
2020-09-21T07:42:43.600Z - info: Rebuilding 1 pages
2020-09-21T07:42:43.953Z - info: Pages rebuilt
2020-09-21T07:42:43.953Z - info: Website regeneration complete! Total build time: 0.354s
2020-09-21T07:42:43.957Z - info: Site data built
2020-09-21T07:43:40.882Z - info: [3:43:40 PM] Reload for file change: C:\repos\nus-cs2103-AY2021S1\cs2103-website\schedule\week9\tutorial-cs2103.mbdf
2020-09-21T07:43:41.891Z - info: Rebuilding 1 pages
2020-09-21T07:43:42.231Z - info: Pages rebuilt
2020-09-21T07:43:42.231Z - info: Website regeneration complete! Total build time: 0.341s
2020-09-21T07:43:42.234Z - info: Site data built
2020-09-21T08:03:27.540Z - info: [4:03:27 PM] Reload for file change: C:\repos\nus-cs2103-AY2021S1\cs2103-website\_module-CS2103\weeklyTpTasks.mbdf
2020-09-21T08:03:28.577Z - info: No pages needed to be rebuilt
2020-09-21T08:03:58.650Z - info: Building C:\repos\nus-cs2103-AY2021S1\cs2103-website\schedule\week7\project as some of its dependencies were changed since the last visit
2020-09-21T08:04:01.081Z - info: Site data built
2020-09-21T08:04:01.082Z - info: Lazy website regeneration complete! Total build time: 2.432s
2020-09-21T08:05:29.548Z - info: [4:05:29 PM] Reload for file change: C:\repos\nus-cs2103-AY2021S1\cs2103-website\admin\tp-tasks.mbdf
2020-09-21T08:05:30.560Z - info: Rebuilding 1 pages
2020-09-21T08:05:32.787Z - info: Pages rebuilt
2020-09-21T08:05:32.788Z - info: Website regeneration complete! Total build time: 2.234s
2020-09-21T08:05:32.795Z - info: Site data built
2020-09-21T08:09:33.962Z - info: [4:09:33 PM] Reload for file add: C:\repos\nus-cs2103-AY2021S1\cs2103-website\schedule\week7\notices-cs2103.mbdf
2020-09-21T08:09:34.963Z - info: File added or removed, updating list of site's pages...
2020-09-21T08:09:40.296Z - info: Assets removed
2020-09-21T08:09:41.448Z - info: Building C:\repos\nus-cs2103-AY2021S1\cs2103-website\schedule\week7\project as some of its dependencies were changed since the last visit
2020-09-21T08:09:43.749Z - info: Site data built
2020-09-21T08:09:43.750Z - info: Lazy website regeneration complete! Total build time: 2.302s
2020-09-21T08:10:11.574Z - info: Building C:\repos\nus-cs2103-AY2021S1\cs2103-website\schedule\week7\index as some of its dependencies were changed since the last visit
2020-09-21T08:10:12.728Z - info: Site data built
2020-09-21T08:10:12.728Z - info: Lazy website regeneration complete! Total build time: 1.156s
2020-09-21T08:12:04.981Z - info: [4:12:04 PM] Reload for file change: C:\repos\nus-cs2103-AY2021S1\cs2103-website\schedule\week7\notices-cs2103.mbdf
2020-09-21T08:12:05.985Z - info: Rebuilding 1 pages
2020-09-21T08:12:06.857Z - info: Pages rebuilt
2020-09-21T08:12:06.858Z - info: Website regeneration complete! Total build time: 0.874s
2020-09-21T08:12:06.860Z - info: Site data built
2020-09-21T08:12:37.461Z - info: [4:12:37 PM] Reload for file change: C:\repos\nus-cs2103-AY2021S1\cs2103-website\schedule\week7\notices-cs2103.mbdf
2020-09-21T08:12:38.475Z - info: Rebuilding 1 pages
2020-09-21T08:12:39.621Z - info: Pages rebuilt
2020-09-21T08:12:39.622Z - info: Website regeneration complete! Total build time: 1.155s
2020-09-21T08:12:39.626Z - info: Site data built
2020-09-21T08:13:41.892Z - info: [4:13:41 PM] Reload for file change: C:\repos\nus-cs2103-AY2021S1\cs2103-website\schedule\week7\notices-cs2103.mbdf
2020-09-21T08:13:42.898Z - info: Rebuilding 1 pages
2020-09-21T08:13:42.992Z - error:  Template render error: (unknown path) [Line 4, Column 15]
  Template render error: (unknown path)
  Template render error: (unknown path)
  Template render error: (unknown path)
  Error: Unable to call `get_date`, which is undefined or falsey
Error while preprocessing 'C:\repos\nus-cs2103-AY2021S1\cs2103-website\schedule\week7\index.md'
    at Object._prettifyError (C:\Users\damithch\AppData\Roaming\npm\node_modules\markbind-cli\node_modules\nunjucks\src\lib.js:36:11)
    at C:\Users\damithch\AppData\Roaming\npm\node_modules\markbind-cli\node_modules\nunjucks\src\environment.js:561:19
    at Template.root [as rootRenderFunc] (eval at _compile (C:\Users\damithch\AppData\Roaming\npm\node_modules\markbind-cli\node_modules\nunjucks\src\environment.js:631:18), <anonymous>:41:3)
    at Template.render (C:\Users\damithch\AppData\Roaming\npm\node_modules\markbind-cli\node_modules\nunjucks\src\environment.js:550:10)
    at Environment.renderString (C:\Users\damithch\AppData\Roaming\npm\node_modules\markbind-cli\node_modules\nunjucks\src\environment.js:378:17)
    at VariableRenderer.render (C:\Users\damithch\AppData\Roaming\npm\node_modules\markbind-cli\node_modules\@markbind\core\src\variables\VariableRenderer.js:79:17)
    at VariableProcessor.renderSiteVariables (C:\Users\damithch\AppData\Roaming\npm\node_modules\markbind-cli\node_modules\@markbind\core\src\variables\VariableProcessor.js:151:53)
    at VariableProcessor.renderIncludeFile (C:\Users\damithch\AppData\Roaming\npm\node_modules\markbind-cli\node_modules\@markbind\core\src\variables\VariableProcessor.js:390:34)
    at _preprocessInclude (C:\Users\damithch\AppData\Roaming\npm\node_modules\markbind-cli\node_modules\@markbind\core\src\preprocessors\componentPreprocessor.js:242:25)
    at preProcessComponent (C:\Users\damithch\AppData\Roaming\npm\node_modules\markbind-cli\node_modules\@markbind\core\src\preprocessors\componentPreprocessor.js:349:12)
    at C:\Users\damithch\AppData\Roaming\npm\node_modules\markbind-cli\node_modules\@markbind\core\src\preprocessors\componentPreprocessor.js:356:52
    at Array.map (<anonymous>)
    at Object.preProcessComponent (C:\Users\damithch\AppData\Roaming\npm\node_modules\markbind-cli\node_modules\@markbind\core\src\preprocessors\componentPreprocessor.js:356:43)
    at C:\Users\damithch\AppData\Roaming\npm\node_modules\markbind-cli\node_modules\@markbind\core\src\Parser.js:187:47
    at Array.map (<anonymous>)
    at DomHandler._callback (C:\Users\damithch\AppData\Roaming\npm\node_modules\markbind-cli\node_modules\@markbind\core\src\Parser.js:184:27)
2020-09-21T08:13:43.022Z - info: Pages rebuilt
2020-09-21T08:13:43.022Z - info: Website regeneration complete! Total build time: 0.129s
2020-09-21T08:13:43.026Z - info: Site data built
2020-09-21T08:14:00.596Z - info: [4:14:00 PM] Reload for file change: C:\repos\nus-cs2103-AY2021S1\cs2103-website\schedule\week7\notices-cs2103.mbdf
2020-09-21T08:14:01.611Z - info: Rebuilding 1 pages
2020-09-21T08:14:01.681Z - error:  Template render error: (unknown path) [Line 4, Column 15]
  Template render error: (unknown path)
  Template render error: (unknown path)
  Template render error: (unknown path)
  Error: Unable to call `get_date`, which is undefined or falsey
Error while preprocessing 'C:\repos\nus-cs2103-AY2021S1\cs2103-website\schedule\week7\index.md'
    at Object._prettifyError (C:\Users\damithch\AppData\Roaming\npm\node_modules\markbind-cli\node_modules\nunjucks\src\lib.js:36:11)
    at C:\Users\damithch\AppData\Roaming\npm\node_modules\markbind-cli\node_modules\nunjucks\src\environment.js:561:19
    at Template.root [as rootRenderFunc] (eval at _compile (C:\Users\damithch\AppData\Roaming\npm\node_modules\markbind-cli\node_modules\nunjucks\src\environment.js:631:18), <anonymous>:41:3)
    at Template.render (C:\Users\damithch\AppData\Roaming\npm\node_modules\markbind-cli\node_modules\nunjucks\src\environment.js:550:10)
    at Environment.renderString (C:\Users\damithch\AppData\Roaming\npm\node_modules\markbind-cli\node_modules\nunjucks\src\environment.js:378:17)
    at VariableRenderer.render (C:\Users\damithch\AppData\Roaming\npm\node_modules\markbind-cli\node_modules\@markbind\core\src\variables\VariableRenderer.js:79:17)
    at VariableProcessor.renderSiteVariables (C:\Users\damithch\AppData\Roaming\npm\node_modules\markbind-cli\node_modules\@markbind\core\src\variables\VariableProcessor.js:151:53)
    at VariableProcessor.renderIncludeFile (C:\Users\damithch\AppData\Roaming\npm\node_modules\markbind-cli\node_modules\@markbind\core\src\variables\VariableProcessor.js:390:34)
    at _preprocessInclude (C:\Users\damithch\AppData\Roaming\npm\node_modules\markbind-cli\node_modules\@markbind\core\src\preprocessors\componentPreprocessor.js:242:25)
    at preProcessComponent (C:\Users\damithch\AppData\Roaming\npm\node_modules\markbind-cli\node_modules\@markbind\core\src\preprocessors\componentPreprocessor.js:349:12)
    at C:\Users\damithch\AppData\Roaming\npm\node_modules\markbind-cli\node_modules\@markbind\core\src\preprocessors\componentPreprocessor.js:356:52
    at Array.map (<anonymous>)
    at Object.preProcessComponent (C:\Users\damithch\AppData\Roaming\npm\node_modules\markbind-cli\node_modules\@markbind\core\src\preprocessors\componentPreprocessor.js:356:43)
    at C:\Users\damithch\AppData\Roaming\npm\node_modules\markbind-cli\node_modules\@markbind\core\src\Parser.js:187:47
    at Array.map (<anonymous>)
    at DomHandler._callback (C:\Users\damithch\AppData\Roaming\npm\node_modules\markbind-cli\node_modules\@markbind\core\src\Parser.js:184:27)
2020-09-21T08:14:01.705Z - info: Pages rebuilt
2020-09-21T08:14:01.705Z - info: Website regeneration complete! Total build time: 0.107s
2020-09-21T08:14:01.710Z - info: Site data built
2020-09-21T08:14:26.349Z - info: [4:14:26 PM] Reload for file change: C:\repos\nus-cs2103-AY2021S1\cs2103-website\schedule\week7\notices-cs2103.mbdf
2020-09-21T08:14:27.359Z - info: Rebuilding 1 pages
2020-09-21T08:14:28.289Z - info: Pages rebuilt
2020-09-21T08:14:28.290Z - info: Website regeneration complete! Total build time: 0.935s
2020-09-21T08:14:28.293Z - info: Site data built
2020-09-21T08:16:17.147Z - info: [4:16:17 PM] Reload for file change: C:\repos\nus-cs2103-AY2021S1\cs2103-website\schedule\week7\notices-cs2103.mbdf
2020-09-21T08:16:18.169Z - info: Rebuilding 1 pages
2020-09-21T08:16:19.543Z - info: Pages rebuilt
2020-09-21T08:16:19.543Z - info: Website regeneration complete! Total build time: 1.38s
2020-09-21T08:16:19.557Z - info: Site data built
2020-09-21T08:16:43.651Z - info: [4:16:43 PM] Reload for file change: C:\repos\nus-cs2103-AY2021S1\cs2103-website\schedule\week7\notices-cs2103.mbdf
2020-09-21T08:16:44.653Z - info: Rebuilding 1 pages
2020-09-21T08:16:45.892Z - info: Pages rebuilt
2020-09-21T08:16:45.892Z - info: Website regeneration complete! Total build time: 1.241s
2020-09-21T08:16:45.895Z - info: Site data built
2020-09-21T08:17:28.354Z - info: [4:17:28 PM] Reload for file change: C:\repos\nus-cs2103-AY2021S1\cs2103-website\schedule\week7\notices-cs2103.mbdf
2020-09-21T08:17:29.364Z - info: Rebuilding 1 pages
2020-09-21T08:17:30.583Z - info: Pages rebuilt
2020-09-21T08:17:30.583Z - info: Website regeneration complete! Total build time: 1.223s
2020-09-21T08:17:30.592Z - info: Site data built
2020-09-21T08:18:32.120Z - info: [4:18:32 PM] Reload for file change: C:\repos\nus-cs2103-AY2021S1\cs2103-website\schedule\week7\notices-cs2103.mbdf
2020-09-21T08:18:33.128Z - info: Rebuilding 1 pages
2020-09-21T08:18:34.096Z - info: Pages rebuilt
2020-09-21T08:18:34.096Z - info: Website regeneration complete! Total build time: 0.972s
2020-09-21T08:18:34.100Z - info: Site data built
2020-09-21T08:19:03.374Z - info: [4:19:03 PM] Reload for file change: C:\repos\nus-cs2103-AY2021S1\cs2103-website\schedule\week7\notices-cs2103.mbdf
2020-09-21T08:19:04.378Z - info: Rebuilding 1 pages
2020-09-21T08:19:05.573Z - info: Pages rebuilt
2020-09-21T08:19:05.573Z - info: Website regeneration complete! Total build time: 1.196s
2020-09-21T08:19:05.579Z - info: Site data built
2020-09-21T08:20:02.578Z - info: [4:20:02 PM] Reload for file change: C:\repos\nus-cs2103-AY2021S1\cs2103-website\schedule\week7\notices-cs2103.mbdf
2020-09-21T08:20:03.584Z - info: Rebuilding 1 pages
2020-09-21T08:20:04.559Z - info: Pages rebuilt
2020-09-21T08:20:04.559Z - info: Website regeneration complete! Total build time: 0.979s
2020-09-21T08:20:04.562Z - info: Site data built
2020-09-21T08:24:05.577Z - info: [4:24:05 PM] Reload for file change: C:\repos\nus-cs2103-AY2021S1\cs2103-website\schedule\week7\notices-cs2103.mbdf
2020-09-21T08:24:06.582Z - info: Rebuilding 1 pages
2020-09-21T08:24:07.713Z - info: Pages rebuilt
2020-09-21T08:24:07.714Z - info: Website regeneration complete! Total build time: 1.134s
2020-09-21T08:24:07.718Z - info: Site data built
2020-09-21T08:25:19.599Z - info: [4:25:19 PM] Reload for file change: C:\repos\nus-cs2103-AY2021S1\cs2103-website\schedule\week7\notices-cs2103.mbdf
2020-09-21T08:25:20.605Z - info: Rebuilding 1 pages
2020-09-21T08:25:21.408Z - info: Pages rebuilt
2020-09-21T08:25:21.408Z - info: Website regeneration complete! Total build time: 0.804s
2020-09-21T08:25:21.412Z - info: Site data built
2020-09-21T08:25:40.118Z - info: [4:25:40 PM] Reload for file change: C:\repos\nus-cs2103-AY2021S1\cs2103-website\schedule\week7\notices-cs2103.mbdf
2020-09-21T08:25:41.121Z - info: Rebuilding 1 pages
2020-09-21T08:25:41.814Z - info: Pages rebuilt
2020-09-21T08:25:41.814Z - info: Website regeneration complete! Total build time: 0.694s
2020-09-21T08:25:41.819Z - info: Site data built
2020-09-21T08:25:58.459Z - info: [4:25:58 PM] Reload for file change: C:\repos\nus-cs2103-AY2021S1\cs2103-website\schedule\week7\notices-cs2103.mbdf
2020-09-21T08:25:59.462Z - info: Rebuilding 1 pages
2020-09-21T08:26:00.138Z - info: Pages rebuilt
2020-09-21T08:26:00.139Z - info: Website regeneration complete! Total build time: 0.678s
2020-09-21T08:26:00.142Z - info: Site data built
2020-09-21T08:26:18.694Z - info: [4:26:18 PM] Reload for file change: C:\repos\nus-cs2103-AY2021S1\cs2103-website\schedule\week7\notices-cs2103.mbdf
2020-09-21T08:26:19.700Z - info: Rebuilding 1 pages
2020-09-21T08:26:20.421Z - info: Pages rebuilt
2020-09-21T08:26:20.421Z - info: Website regeneration complete! Total build time: 0.725s
2020-09-21T08:26:20.424Z - info: Site data built
2020-09-21T08:26:40.532Z - info: [4:26:40 PM] Reload for file change: C:\repos\nus-cs2103-AY2021S1\cs2103-website\schedule\week7\notices-cs2103.mbdf
2020-09-21T08:26:41.536Z - info: Rebuilding 1 pages
2020-09-21T08:26:42.241Z - info: Pages rebuilt
2020-09-21T08:26:42.241Z - info: Website regeneration complete! Total build time: 0.708s
2020-09-21T08:26:42.244Z - info: Site data built
2020-09-21T08:27:19.249Z - info: [4:27:19 PM] Reload for file change: C:\repos\nus-cs2103-AY2021S1\cs2103-website\schedule\week7\notices-cs2103.mbdf
2020-09-21T08:27:20.256Z - info: Rebuilding 1 pages
2020-09-21T08:27:21.309Z - info: Pages rebuilt
2020-09-21T08:27:21.309Z - info: Website regeneration complete! Total build time: 1.057s
2020-09-21T08:27:21.313Z - info: Site data built
2020-09-21T08:27:36.003Z - info: [4:27:36 PM] Reload for file change: C:\repos\nus-cs2103-AY2021S1\cs2103-website\schedule\week7\notices-cs2103.mbdf
2020-09-21T08:27:37.008Z - info: Rebuilding 1 pages
2020-09-21T08:27:37.822Z - info: Pages rebuilt
2020-09-21T08:27:37.822Z - info: Website regeneration complete! Total build time: 0.817s
2020-09-21T08:27:37.825Z - info: Site data built
2020-09-21T08:28:31.829Z - info: [4:28:31 PM] Reload for file change: C:\repos\nus-cs2103-AY2021S1\cs2103-website\schedule\week7\notices-cs2103.mbdf
2020-09-21T08:28:32.835Z - info: Rebuilding 1 pages
2020-09-21T08:28:33.941Z - info: Pages rebuilt
2020-09-21T08:28:33.941Z - info: Website regeneration complete! Total build time: 1.109s
2020-09-21T08:28:33.944Z - info: Site data built
2020-09-21T08:28:53.200Z - info: [4:28:53 PM] Reload for file change: C:\repos\nus-cs2103-AY2021S1\cs2103-website\schedule\week7\notices-cs2103.mbdf
2020-09-21T08:28:54.205Z - info: Rebuilding 1 pages
2020-09-21T08:28:55.017Z - info: Pages rebuilt
2020-09-21T08:28:55.017Z - info: Website regeneration complete! Total build time: 0.816s
2020-09-21T08:28:55.020Z - info: Site data built
2020-09-21T08:30:53.995Z - info: [4:30:53 PM] Reload for file change: C:\repos\nus-cs2103-AY2021S1\cs2103-website\admin\tp-tasks.mbdf
2020-09-21T08:30:55.004Z - info: Rebuilding 1 pages
2020-09-21T08:30:57.203Z - info: Pages rebuilt
2020-09-21T08:30:57.203Z - info: Website regeneration complete! Total build time: 2.203s
2020-09-21T08:30:57.208Z - info: Site data built
2020-09-21T08:31:30.464Z - info: Building C:\repos\nus-cs2103-AY2021S1\cs2103-website\schedule\week6\project as some of its dependencies were changed since the last visit
2020-09-21T08:31:32.993Z - info: Site data built
2020-09-21T08:31:32.993Z - info: Lazy website regeneration complete! Total build time: 2.529s
2020-09-21T08:33:17.624Z - info: [4:33:17 PM] Reload for file change: C:\repos\nus-cs2103-AY2021S1\cs2103-website\admin\ip-tasks.mbdf
2020-09-21T08:33:18.637Z - info: Rebuilding 1 pages
2020-09-21T08:33:21.060Z - info: Pages rebuilt
2020-09-21T08:33:21.060Z - info: Website regeneration complete! Total build time: 2.428s
2020-09-21T08:33:21.124Z - info: Site data built
2020-09-21T08:35:07.153Z - info: [4:35:07 PM] Reload for file change: C:\repos\nus-cs2103-AY2021S1\cs2103-website\admin\ip-tasks.mbdf
2020-09-21T08:35:08.167Z - info: Rebuilding 1 pages
2020-09-21T08:35:10.549Z - info: Pages rebuilt
2020-09-21T08:35:10.549Z - info: Website regeneration complete! Total build time: 2.387s
2020-09-21T08:35:10.557Z - info: Site data built
2020-09-21T08:35:51.376Z - info: [4:35:51 PM] Reload for file change: C:\repos\nus-cs2103-AY2021S1\cs2103-website\admin\ip-tasks.mbdf
2020-09-21T08:35:52.386Z - info: Rebuilding 1 pages
2020-09-21T08:35:54.776Z - info: Pages rebuilt
2020-09-21T08:35:54.777Z - info: Website regeneration complete! Total build time: 2.393s
2020-09-21T08:35:54.825Z - info: Site data built
2020-09-21T08:36:21.346Z - info: Building C:\repos\nus-cs2103-AY2021S1\cs2103-website\schedule\week6\index as some of its dependencies were changed since the last visit
2020-09-21T08:36:22.667Z - info: Site data built
2020-09-21T08:36:22.667Z - info: Lazy website regeneration complete! Total build time: 1.322s
2020-09-21T08:36:26.303Z - info: Building C:\repos\nus-cs2103-AY2021S1\cs2103-website\schedule\week7\index as some of its dependencies were changed since the last visit
2020-09-21T08:36:27.169Z - info: Site data built
2020-09-21T08:36:27.169Z - info: Lazy website regeneration complete! Total build time: 0.867s
2020-09-21T08:37:04.312Z - info: Website generation (lazy) started at 4:37:01 PM
2020-09-21T08:37:13.745Z - info: Building assets...
2020-09-21T08:37:19.928Z - info: Assets built
2020-09-21T08:37:19.929Z - info: Generating landing page...
2020-09-21T08:37:21.785Z - info: Landing page built, other pages will be built as you navigate to them!
2020-09-21T08:37:21.898Z - info: Website generation (lazy) complete! Total build time: 20.151s
2020-09-21T08:37:22.796Z - info: Serving "C:\repos\nus-cs2103-AY2021S1\cs2103-website\_site" at http://127.0.0.1:8080
2020-09-21T08:37:22.796Z - info: Press CTRL+C to stop ...
2020-09-21T08:37:22.871Z - info: Site data built
2020-09-21T08:38:59.255Z - info: Building C:\repos\nus-cs2103-AY2021S1\cs2103-website\schedule\week8\index as some of its dependencies were changed since the last visit
2020-09-21T08:39:00.556Z - info: Site data built
2020-09-21T08:39:00.558Z - info: Lazy website regeneration complete! Total build time: 1.304s
2020-09-21T08:40:18.263Z - info: Building C:\repos\nus-cs2103-AY2021S1\cs2103-website\schedule\week8\tutorial as some of its dependencies were changed since the last visit
2020-09-21T08:40:18.637Z - info: Site data built
2020-09-21T08:40:18.637Z - info: Lazy website regeneration complete! Total build time: 0.375s
2020-09-21T08:40:46.088Z - info: Website generation started at 4:40:43 PM
2020-09-21T08:40:54.973Z - info: Building assets...
2020-09-21T08:41:01.656Z - info: Assets built
2020-09-21T08:41:01.658Z - info: Generating pages...
2020-09-21T08:41:19.801Z - debug: The process cannot access the file because it is being used by another process.

2020-09-21T08:41:20.023Z - debug: The process cannot access the file because it is being used by another process.

2020-09-21T08:41:20.052Z - debug:  
2020-09-21T08:41:20.053Z - debug:  
2020-09-21T08:41:20.053Z - debug:  
2020-09-21T08:41:20.053Z - debug:  
2020-09-21T08:41:23.945Z - debug:  
2020-09-21T08:41:31.417Z - debug:  
2020-09-21T08:41:31.418Z - debug: The process cannot access the file because it is being used by another process.

2020-09-21T08:41:31.418Z - debug: The process cannot access the file because it is being used by another process.

2020-09-21T08:41:31.419Z - debug: The process cannot access the file because it is being used by another process.

2020-09-21T08:41:31.419Z - debug: The process cannot access the file because it is being used by another process.

2020-09-21T08:41:31.419Z - debug:  
2020-09-21T08:41:31.419Z - debug:  
2020-09-21T08:41:31.545Z - debug:  
2020-09-21T08:41:31.649Z - debug:  
2020-09-21T08:41:34.668Z - debug: The process cannot access the file because it is being used by another process.

2020-09-21T08:41:34.669Z - debug: The process cannot access the file because it is being used by another process.

2020-09-21T08:41:34.669Z - debug: The process cannot access the file because it is being used by another process.

2020-09-21T08:41:34.669Z - debug: The process cannot access the file because it is being used by another process.

2020-09-21T08:41:35.636Z - debug:  
2020-09-21T08:41:35.636Z - debug:  
2020-09-21T08:41:52.731Z - debug: The process cannot access the file because it is being used by another process.

2020-09-21T08:41:53.289Z - debug: The process cannot access the file because it is being used by another process.

2020-09-21T08:41:54.092Z - debug: The process cannot access the file because it is being used by another process.

2020-09-21T08:41:54.092Z - debug:  
2020-09-21T08:41:56.322Z - debug: The process cannot access the file because it is being used by another process.

2020-09-21T08:41:57.050Z - debug: The process cannot access the file because it is being used by another process.

2020-09-21T08:41:58.427Z - debug:  
2020-09-21T08:42:00.822Z - debug:  
2020-09-21T08:42:03.738Z - debug: The process cannot access the file because it is being used by another process.

2020-09-21T08:42:04.532Z - debug: The process cannot access the file because it is being used by another process.

2020-09-21T08:42:05.309Z - debug: The process cannot access the file because it is being used by another process.

2020-09-21T08:42:05.310Z - debug: The process cannot access the file because it is being used by another process.

2020-09-21T08:42:07.932Z - debug:  
2020-09-21T08:42:07.934Z - debug:  
2020-09-21T08:42:09.860Z - debug:  
2020-09-21T08:42:10.037Z - debug:  
2020-09-21T08:42:16.746Z - debug: The process cannot access the file because it is being used by another process.

2020-09-21T08:42:19.020Z - debug: The process cannot access the file because it is being used by another process.

2020-09-21T08:42:19.259Z - debug:  
2020-09-21T08:42:41.102Z - debug:  
2020-09-21T08:42:41.316Z - debug:  
2020-09-21T08:42:41.316Z - debug:  
2020-09-21T08:42:41.316Z - debug:  
2020-09-21T08:42:43.200Z - debug: The process cannot access the file because it is being used by another process.

2020-09-21T08:42:46.700Z - debug:  
2020-09-21T08:42:46.918Z - debug:  
2020-09-21T08:42:47.086Z - debug:  
2020-09-21T08:42:53.532Z - debug:  
2020-09-21T08:42:56.804Z - debug:  
2020-09-21T08:42:56.805Z - debug:  
2020-09-21T08:42:56.805Z - debug:  
2020-09-21T08:42:56.806Z - debug:  
2020-09-21T08:43:03.523Z - debug: The process cannot access the file because it is being used by another process.

2020-09-21T08:43:04.030Z - debug:  
2020-09-21T08:43:05.281Z - debug:  
2020-09-21T08:43:05.281Z - debug:  
2020-09-21T08:43:10.052Z - debug:  
2020-09-21T08:43:19.833Z - debug:  
2020-09-21T08:43:19.833Z - debug:  
2020-09-21T08:43:21.887Z - debug:  
2020-09-21T08:43:27.636Z - debug:  
2020-09-21T08:43:27.636Z - debug:  
2020-09-21T08:43:41.470Z - debug:  
2020-09-21T08:43:42.942Z - debug:  
2020-09-21T08:44:13.519Z - debug:  
2020-09-21T08:44:29.668Z - debug:  
2020-09-21T08:44:29.668Z - debug:  
2020-09-21T08:44:42.521Z - info: Pages built
2020-09-21T08:45:10.668Z - info: Website generation complete! Total build time: 267.39s
2020-09-21T08:45:10.674Z - info: Build success!
2020-09-21T08:45:10.674Z - debug:  
2020-09-21T08:45:10.676Z - info: Site data built
2020-09-21T08:45:46.302Z - info: Deployed!
