2020-09-24T14:36:35.627Z - info: Website generation (lazy) started at 10:36:28 PM
2020-09-24T14:36:46.073Z - info: Building assets...
2020-09-24T14:36:52.884Z - info: Assets built
2020-09-24T14:36:52.885Z - info: Generating landing page...
2020-09-24T14:36:54.704Z - info: Landing page built, other pages will be built as you navigate to them!
2020-09-24T14:36:54.832Z - info: Website generation (lazy) complete! Total build time: 26.193s
2020-09-24T14:36:55.687Z - info: Serving "C:\repos\nus-cs2103-AY2021S1\cs2103-website\_site" at http://127.0.0.1:8080
2020-09-24T14:36:55.688Z - info: Press CTRL+C to stop ...
2020-09-24T14:36:55.756Z - info: Site data built
2020-09-24T14:43:04.183Z - info: [10:43:04 PM] Reload for file change: C:\repos\nus-cs2103-AY2021S1\cs2103-website\_markbind\headers\header.md
2020-09-24T14:43:05.208Z - info: Rebuilding 1 pages
2020-09-24T14:43:06.740Z - info: Pages rebuilt
2020-09-24T14:43:06.740Z - info: Website regeneration complete! Total build time: 1.542s
2020-09-24T14:43:06.747Z - info: Site data built
2020-09-24T14:44:21.060Z - info: [10:44:21 PM] Reload for file change: C:\repos\nus-cs2103-AY2021S1\cs2103-website\admin\tp-expectations.md
2020-09-24T14:44:22.072Z - info: No pages needed to be rebuilt
2020-09-24T14:54:34.345Z - info: [10:54:34 PM] Reload for file change: C:\repos\nus-cs2103-AY2021S1\cs2103-website\admin\tp-supervision.md
2020-09-24T14:54:35.361Z - info: No pages needed to be rebuilt
2020-09-24T14:57:05.405Z - info: [10:57:05 PM] Reload for file change: C:\repos\nus-cs2103-AY2021S1\cs2103-website\admin\tp-supervision.md
2020-09-24T14:57:06.429Z - info: No pages needed to be rebuilt
2020-09-24T14:57:10.487Z - info: Building C:\repos\nus-cs2103-AY2021S1\cs2103-website\admin\index as some of its dependencies were changed since the last visit
2020-09-24T14:57:11.349Z - info: Site data built
2020-09-24T14:57:11.350Z - info: Lazy website regeneration complete! Total build time: 0.863s
2020-09-24T14:57:17.967Z - info: Building C:\repos\nus-cs2103-AY2021S1\cs2103-website\admin\tp-supervision as some of its dependencies were changed since the last visit
2020-09-24T14:57:18.349Z - info: Site data built
2020-09-24T14:57:18.349Z - info: Lazy website regeneration complete! Total build time: 0.382s
2020-09-24T14:58:01.967Z - info: [10:58:01 PM] Reload for file change: C:\repos\nus-cs2103-AY2021S1\cs2103-website\admin\tp-supervision.md
2020-09-24T14:58:02.975Z - info: Rebuilding 1 pages
2020-09-24T14:58:03.272Z - info: Pages rebuilt
2020-09-24T14:58:03.272Z - info: Website regeneration complete! Total build time: 0.301s
2020-09-24T14:58:03.276Z - info: Site data built
2020-09-24T14:59:49.913Z - info: [10:59:49 PM] Reload for file change: C:\repos\nus-cs2103-AY2021S1\cs2103-website\admin\tp-supervision.md
2020-09-24T14:59:50.928Z - info: Rebuilding 1 pages
2020-09-24T14:59:51.220Z - info: Pages rebuilt
2020-09-24T14:59:51.221Z - info: Website regeneration complete! Total build time: 0.295s
2020-09-24T14:59:51.227Z - info: Site data built
2020-09-24T15:00:41.466Z - info: [11:00:41 PM] Reload for file change: C:\repos\nus-cs2103-AY2021S1\cs2103-website\admin\tp-supervision.md
2020-09-24T15:00:42.478Z - info: Rebuilding 1 pages
2020-09-24T15:00:43.019Z - info: Pages rebuilt
2020-09-24T15:00:43.020Z - info: Website regeneration complete! Total build time: 0.546s
2020-09-24T15:00:43.027Z - info: Site data built
2020-09-24T15:01:45.612Z - info: [11:01:45 PM] Reload for file change: C:\repos\nus-cs2103-AY2021S1\cs2103-website\admin\tp-supervision.md
2020-09-24T15:01:46.618Z - info: Rebuilding 1 pages
2020-09-24T15:01:46.917Z - info: Pages rebuilt
2020-09-24T15:01:46.917Z - info: Website regeneration complete! Total build time: 0.304s
2020-09-24T15:01:46.922Z - info: Site data built
2020-09-24T15:02:48.571Z - info: [11:02:48 PM] Reload for file change: C:\repos\nus-cs2103-AY2021S1\cs2103-website\admin\tp-supervision.md
2020-09-24T15:02:49.616Z - info: Rebuilding 1 pages
2020-09-24T15:02:49.866Z - info: Pages rebuilt
2020-09-24T15:02:49.866Z - info: Website regeneration complete! Total build time: 0.252s
2020-09-24T15:02:49.869Z - info: Site data built
2020-09-24T15:03:06.399Z - info: [11:03:06 PM] Reload for file change: C:\repos\nus-cs2103-AY2021S1\cs2103-website\admin\tp-supervision.md
2020-09-24T15:03:07.440Z - info: Rebuilding 1 pages
2020-09-24T15:03:07.912Z - info: Pages rebuilt
2020-09-24T15:03:07.912Z - info: Website regeneration complete! Total build time: 0.473s
2020-09-24T15:03:07.915Z - info: Site data built
2020-09-24T15:04:54.502Z - info: [11:04:54 PM] Reload for file change: C:\repos\nus-cs2103-AY2021S1\cs2103-website\admin\tp-supervision.md
2020-09-24T15:04:55.523Z - info: Rebuilding 1 pages
2020-09-24T15:04:55.951Z - info: Pages rebuilt
2020-09-24T15:04:55.951Z - info: Website regeneration complete! Total build time: 0.429s
2020-09-24T15:04:55.956Z - info: Site data built
2020-09-24T15:08:45.678Z - info: [11:08:45 PM] Reload for file change: C:\repos\nus-cs2103-AY2021S1\cs2103-website\admin\tp-supervision.md
2020-09-24T15:08:46.684Z - info: Rebuilding 1 pages
2020-09-24T15:08:47.050Z - info: Pages rebuilt
2020-09-24T15:08:47.051Z - info: Website regeneration complete! Total build time: 0.369s
2020-09-24T15:08:47.054Z - info: Site data built
2020-09-24T15:13:01.474Z - info: [11:13:01 PM] Reload for file change: C:\repos\nus-cs2103-AY2021S1\cs2103-website\admin\tp-supervision.md
2020-09-24T15:13:02.485Z - info: Rebuilding 1 pages
2020-09-24T15:13:02.989Z - info: Pages rebuilt
2020-09-24T15:13:02.989Z - info: Website regeneration complete! Total build time: 0.509s
2020-09-24T15:13:02.993Z - info: Site data built
2020-09-24T15:14:42.592Z - info: [11:14:42 PM] Reload for file change: C:\repos\nus-cs2103-AY2021S1\cs2103-website\admin\tp-supervision.md
2020-09-24T15:14:43.595Z - info: Rebuilding 1 pages
2020-09-24T15:14:43.928Z - info: Pages rebuilt
2020-09-24T15:14:43.929Z - info: Website regeneration complete! Total build time: 0.335s
2020-09-24T15:14:43.937Z - info: Site data built
2020-09-24T15:16:57.708Z - info: [11:16:57 PM] Reload for file change: C:\repos\nus-cs2103-AY2021S1\cs2103-website\admin\tp-supervision.md
2020-09-24T15:16:58.711Z - info: Rebuilding 1 pages
2020-09-24T15:16:59.064Z - info: Pages rebuilt
2020-09-24T15:16:59.064Z - info: Website regeneration complete! Total build time: 0.354s
2020-09-24T15:16:59.067Z - info: Site data built
2020-09-24T15:17:39.469Z - info: [11:17:39 PM] Reload for file change: C:\repos\nus-cs2103-AY2021S1\cs2103-website\admin\tp-supervision.md
2020-09-24T15:17:40.484Z - info: Rebuilding 1 pages
2020-09-24T15:17:40.914Z - info: Pages rebuilt
2020-09-24T15:17:40.915Z - info: Website regeneration complete! Total build time: 0.434s
2020-09-24T15:17:40.918Z - info: Site data built
2020-09-24T15:18:19.365Z - info: [11:18:19 PM] Reload for file change: C:\repos\nus-cs2103-AY2021S1\cs2103-website\admin\tp-supervision.md
2020-09-24T15:18:20.373Z - info: Rebuilding 1 pages
2020-09-24T15:18:20.747Z - info: Pages rebuilt
2020-09-24T15:18:20.747Z - info: Website regeneration complete! Total build time: 0.377s
2020-09-24T15:18:20.751Z - info: Site data built
2020-09-24T15:21:10.783Z - info: [11:21:10 PM] Reload for file change: C:\repos\nus-cs2103-AY2021S1\cs2103-website\admin\tp-supervision.md
2020-09-24T15:21:11.794Z - info: Rebuilding 1 pages
2020-09-24T15:21:12.095Z - info: Pages rebuilt
2020-09-24T15:21:12.096Z - info: Website regeneration complete! Total build time: 0.305s
2020-09-24T15:21:12.132Z - info: Site data built
2020-09-24T15:22:45.524Z - info: [11:22:45 PM] Reload for file change: C:\repos\nus-cs2103-AY2021S1\cs2103-website\admin\tp-supervision.md
2020-09-24T15:22:46.532Z - info: Rebuilding 1 pages
2020-09-24T15:22:46.857Z - info: Pages rebuilt
2020-09-24T15:22:46.857Z - info: Website regeneration complete! Total build time: 0.327s
2020-09-24T15:22:46.861Z - info: Site data built
2020-09-24T15:23:23.244Z - info: [11:23:23 PM] Reload for file change: C:\repos\nus-cs2103-AY2021S1\cs2103-website\admin\tp-supervision.md
2020-09-24T15:23:24.249Z - info: Rebuilding 1 pages
2020-09-24T15:23:24.551Z - info: Pages rebuilt
2020-09-24T15:23:24.551Z - info: Website regeneration complete! Total build time: 0.303s
2020-09-24T15:23:24.555Z - info: Site data built
2020-09-24T15:24:44.891Z - info: [11:24:44 PM] Reload for file change: C:\repos\nus-cs2103-AY2021S1\cs2103-website\admin\tp-supervision.md
2020-09-24T15:24:45.900Z - info: Rebuilding 1 pages
2020-09-24T15:24:46.260Z - info: Pages rebuilt
2020-09-24T15:24:46.260Z - info: Website regeneration complete! Total build time: 0.364s
2020-09-24T15:24:46.293Z - info: Site data built
2020-09-24T15:24:59.255Z - info: Building C:\repos\nus-cs2103-AY2021S1\cs2103-website\admin\tp-w7 as some of its dependencies were changed since the last visit
2020-09-24T15:25:01.486Z - info: Site data built
2020-09-24T15:25:01.487Z - info: Lazy website regeneration complete! Total build time: 2.233s
2020-09-24T15:25:05.318Z - info: Building C:\repos\nus-cs2103-AY2021S1\cs2103-website\admin\tp-w8 as some of its dependencies were changed since the last visit
2020-09-24T15:25:06.277Z - info: Site data built
2020-09-24T15:25:06.277Z - info: Lazy website regeneration complete! Total build time: 0.959s
2020-09-24T15:28:05.125Z - info: [11:28:05 PM] Reload for file change: C:\repos\nus-cs2103-AY2021S1\cs2103-website\admin\tp-supervision.md
2020-09-24T15:28:06.140Z - info: No pages needed to be rebuilt
2020-09-24T15:29:55.557Z - info: [11:29:55 PM] Reload for file change: C:\repos\nus-cs2103-AY2021S1\cs2103-website\admin\tp-tasks.mbdf
2020-09-24T15:29:56.561Z - info: Rebuilding 1 pages
2020-09-24T15:29:58.121Z - info: Pages rebuilt
2020-09-24T15:29:58.122Z - info: Website regeneration complete! Total build time: 1.562s
2020-09-24T15:29:58.128Z - info: Site data built
2020-09-24T15:30:34.296Z - info: [11:30:34 PM] Reload for file change: C:\repos\nus-cs2103-AY2021S1\cs2103-website\admin\tp-tasks.mbdf
2020-09-24T15:30:35.303Z - info: Rebuilding 1 pages
2020-09-24T15:30:36.786Z - info: Pages rebuilt
2020-09-24T15:30:36.786Z - info: Website regeneration complete! Total build time: 1.487s
2020-09-24T15:30:36.809Z - info: Site data built
2020-09-24T15:31:08.906Z - info: [11:31:08 PM] Reload for file change: C:\repos\nus-cs2103-AY2021S1\cs2103-website\admin\tp-tasks.mbdf
2020-09-24T15:31:09.914Z - info: Rebuilding 1 pages
2020-09-24T15:31:11.333Z - info: Pages rebuilt
2020-09-24T15:31:11.333Z - info: Website regeneration complete! Total build time: 1.424s
2020-09-24T15:31:11.351Z - info: Site data built
2020-09-24T15:32:51.596Z - info: [11:32:51 PM] Reload for file change: C:\repos\nus-cs2103-AY2021S1\cs2103-website\admin\tp-tasks.mbdf
2020-09-24T15:32:52.606Z - info: Rebuilding 1 pages
2020-09-24T15:32:54.132Z - info: Pages rebuilt
2020-09-24T15:32:54.133Z - info: Website regeneration complete! Total build time: 1.529s
2020-09-24T15:32:54.147Z - info: Site data built
2020-09-24T15:40:43.136Z - info: [11:40:43 PM] Reload for file change: C:\repos\nus-cs2103-AY2021S1\cs2103-website\book\oop\classes\what\q-essay-identifyClassesAndObjects.md
2020-09-24T15:40:44.149Z - info: No pages needed to be rebuilt
2020-09-24T15:40:58.647Z - info: [11:40:58 PM] Reload for file change: C:\repos\nus-cs2103-AY2021S1\cs2103-website\book\cppToJava\inheritance\abstractClassesAndMethods\text.md
2020-09-24T15:40:59.654Z - info: No pages needed to be rebuilt
2020-09-24T15:41:19.439Z - info: [11:41:19 PM] Reload for file change: C:\repos\nus-cs2103-AY2021S1\cs2103-website\book\oop\inheritance\dynamicAndStaticBinding\text.md
2020-09-24T15:41:20.453Z - info: No pages needed to be rebuilt
2020-09-24T15:41:30.752Z - info: [11:41:30 PM] Reload for file change: C:\repos\nus-cs2103-AY2021S1\cs2103-website\book\projectDuke\extensions.mbdf
2020-09-24T15:41:31.755Z - info: No pages needed to be rebuilt
2020-09-24T15:42:26.592Z - info: [11:42:26 PM] Reload for file change: C:\repos\nus-cs2103-AY2021S1\cs2103-website\book\cppToJava\misc\varargs\text.md
2020-09-24T15:42:27.598Z - info: No pages needed to be rebuilt
2020-09-24T15:42:49.562Z - info: [11:42:49 PM] Reload for file change: C:\repos\nus-cs2103-AY2021S1\cs2103-website\book\specifyingRequirements\userStories\usage\text.md
2020-09-24T15:42:50.567Z - info: No pages needed to be rebuilt
2020-09-24T15:43:37.077Z - info: [11:43:37 PM] Reload for file change: C:\repos\nus-cs2103-AY2021S1\cs2103-website\book\principles\lawOfDemeter\q-essay-demeter.md
2020-09-24T15:43:38.085Z - info: No pages needed to be rebuilt
2020-09-24T15:44:18.439Z - info: [11:44:18 PM] Reload for file change: C:\repos\nus-cs2103-AY2021S1\cs2103-website\book\designApproaches\topDownBottomUp\what\text.md
2020-09-24T15:44:19.446Z - info: No pages needed to be rebuilt
2020-09-24T15:44:53.443Z - info: [11:44:53 PM] Reload for file change: C:\repos\nus-cs2103-AY2021S1\cs2103-website\book\revisionControl\drcsVsCrcs\text.md
2020-09-24T15:44:54.446Z - info: No pages needed to be rebuilt
2020-09-24T15:50:33.593Z - info: [11:50:33 PM] Reload for file add: C:\repos\nus-cs2103-AY2021S1\cs2103-website\book\diagrams\uml\sequenceDiagrams\minimalNotation\~$textLogic.pptx
2020-09-24T15:50:34.612Z - info: Assets built
2020-09-24T15:50:45.699Z - info: [11:50:45 PM] Reload for file add: C:\repos\nus-cs2103-AY2021S1\cs2103-website\book\diagrams\uml\sequenceDiagrams\minimalNotation\ppt980E.tmp
2020-09-24T15:50:45.753Z - info: [11:50:45 PM] Reload for file change: C:\repos\nus-cs2103-AY2021S1\cs2103-website\book\diagrams\uml\sequenceDiagrams\minimalNotation\ppt980E.tmp
2020-09-24T15:50:45.782Z - info: [11:50:45 PM] Reload for file change: C:\repos\nus-cs2103-AY2021S1\cs2103-website\book\diagrams\uml\sequenceDiagrams\minimalNotation\textLogic.pptx
2020-09-24T15:50:45.871Z - info: [11:50:45 PM] Reload for file deletion: C:\repos\nus-cs2103-AY2021S1\cs2103-website\book\diagrams\uml\sequenceDiagrams\minimalNotation\ppt980E.tmp
2020-09-24T15:50:46.700Z - info: Assets built
2020-09-24T15:50:46.874Z - info: Assets removed
2020-09-24T15:51:21.745Z - info: [11:51:21 PM] Reload for file change: C:\repos\nus-cs2103-AY2021S1\cs2103-website\book\uml\sequenceDiagrams\minimalNotation\images\textLogic.png
2020-09-24T15:51:22.813Z - info: Assets built
2020-09-24T15:54:28.618Z - info: [11:54:28 PM] Reload for file deletion: C:\repos\nus-cs2103-AY2021S1\cs2103-website\book\diagrams\uml\sequenceDiagrams\minimalNotation\~$textLogic.pptx
2020-09-24T15:54:29.623Z - info: Assets removed
