2020-08-06T16:00:12.884Z - debug: The process cannot access the file because it is being used by another process.

2020-08-06T16:00:12.900Z - debug: The process cannot access the file because it is being used by another process.

2020-08-06T16:00:17.532Z - debug:  
2020-08-06T16:00:17.533Z - debug:  
2020-08-06T16:00:17.533Z - debug:  
2020-08-06T16:00:17.533Z - debug:  
2020-08-06T16:00:23.713Z - debug: The process cannot access the file because it is being used by another process.

2020-08-06T16:00:23.714Z - debug: The process cannot access the file because it is being used by another process.

2020-08-06T16:00:23.714Z - debug: The process cannot access the file because it is being used by another process.

2020-08-06T16:00:23.715Z - debug: The process cannot access the file because it is being used by another process.

2020-08-06T16:00:23.715Z - debug:  
2020-08-06T16:00:23.950Z - debug:  
2020-08-06T16:00:23.950Z - debug:  
2020-08-06T16:00:25.041Z - debug:  
2020-08-06T16:00:25.042Z - debug:  
2020-08-06T16:00:27.148Z - debug: The process cannot access the file because it is being used by another process.

2020-08-06T16:00:27.149Z - debug: The process cannot access the file because it is being used by another process.

2020-08-06T16:00:27.151Z - debug: The process cannot access the file because it is being used by another process.

2020-08-06T16:00:27.151Z - debug: The process cannot access the file because it is being used by another process.

2020-08-06T16:00:29.206Z - debug:  
2020-08-06T16:00:29.207Z - debug:  
2020-08-06T16:00:51.674Z - debug: The process cannot access the file because it is being used by another process.

2020-08-06T16:00:52.110Z - debug: The process cannot access the file because it is being used by another process.

2020-08-06T16:00:53.589Z - debug: The process cannot access the file because it is being used by another process.

2020-08-06T16:00:53.589Z - debug: The process cannot access the file because it is being used by another process.

2020-08-06T16:00:53.806Z - debug:  
2020-08-06T16:00:56.277Z - debug:  
2020-08-06T16:00:58.335Z - debug:  
2020-08-06T16:00:58.435Z - debug:  
2020-08-06T16:01:03.682Z - debug: The process cannot access the file because it is being used by another process.

2020-08-06T16:01:05.554Z - debug: The process cannot access the file because it is being used by another process.

2020-08-06T16:01:06.065Z - debug:  
2020-08-06T16:01:27.892Z - debug:  
2020-08-06T16:01:28.607Z - debug:  
2020-08-06T16:01:28.608Z - debug:  
2020-08-06T16:01:28.609Z - debug:  
2020-08-06T16:01:34.752Z - debug:  
2020-08-06T16:01:34.753Z - debug:  
2020-08-06T16:01:45.631Z - debug:  
2020-08-06T16:01:46.112Z - debug:  
2020-08-06T16:01:46.112Z - debug:  
2020-08-06T16:01:46.112Z - debug:  
2020-08-06T16:01:46.112Z - debug:  
2020-08-06T16:01:54.362Z - debug:  
2020-08-06T16:01:54.363Z - debug:  
2020-08-06T16:02:01.047Z - debug:  
2020-08-06T16:02:09.190Z - debug:  
2020-08-06T16:02:18.240Z - debug:  
2020-08-06T16:02:18.240Z - debug:  
2020-08-06T16:02:38.989Z - debug:  
2020-08-06T16:02:50.107Z - debug:  
2020-08-06T16:02:50.107Z - debug:  
2020-08-06T16:02:57.159Z - info: Pages built
2020-08-06T16:03:20.432Z - info: Website generation complete! Total build time: 220.241s
2020-08-06T16:03:20.432Z - info: Build success!
2020-08-06T16:03:20.432Z - debug:  
2020-08-06T16:03:20.437Z - info: Site data built
2020-08-06T16:04:01.975Z - info: Deployed!
2020-08-06T17:04:57.038Z - info: Website generation (lazy) started at 1:04:49 AM
2020-08-06T17:05:07.671Z - info: Building assets...
2020-08-06T17:05:14.795Z - info: Assets built
2020-08-06T17:05:14.796Z - info: Generating landing page...
2020-08-06T17:05:15.906Z - info: Landing page built, other pages will be built as you navigate to them!
2020-08-06T17:05:16.035Z - info: Website generation (lazy) complete! Total build time: 26.422s
2020-08-06T17:05:17.082Z - info: Serving "C:\repos\nus-cs2103-AY2021S1\cs2103-website\_site" at http://127.0.0.1:8080
2020-08-06T17:05:17.082Z - info: Press CTRL+C to stop ...
2020-08-06T17:05:17.155Z - info: Site data built
2020-08-06T17:09:32.930Z - info: Building C:\repos\nus-cs2103-AY2021S1\cs2103-website\admin\instructors as some of its dependencies were changed since the last visit
2020-08-06T17:09:33.482Z - info: Site data built
2020-08-06T17:09:33.482Z - info: Lazy website regeneration complete! Total build time: 0.558s
2020-08-06T17:10:19.771Z - info: Website generation started at 1:10:17 AM
2020-08-06T17:10:28.398Z - info: Building assets...
2020-08-06T17:10:34.368Z - info: Assets built
2020-08-06T17:10:34.369Z - info: Generating pages...
2020-08-06T17:10:49.482Z - debug: The process cannot access the file because it is being used by another process.

2020-08-06T17:10:49.483Z - debug: The process cannot access the file because it is being used by another process.

2020-08-06T17:10:53.418Z - debug:  
2020-08-06T17:10:53.432Z - debug:  
2020-08-06T17:10:53.435Z - debug:  
2020-08-06T17:10:53.436Z - debug:  
2020-08-06T17:10:55.281Z - debug:  
2020-08-06T17:10:55.282Z - debug:  
2020-08-06T17:10:55.282Z - debug:  
2020-08-06T17:11:01.363Z - debug: The process cannot access the file because it is being used by another process.

2020-08-06T17:11:01.363Z - debug: The process cannot access the file because it is being used by another process.

2020-08-06T17:11:03.420Z - debug: The process cannot access the file because it is being used by another process.

2020-08-06T17:11:03.421Z - debug: The process cannot access the file because it is being used by another process.

2020-08-06T17:11:04.446Z - debug: The process cannot access the file because it is being used by another process.

2020-08-06T17:11:04.446Z - debug: The process cannot access the file because it is being used by another process.

2020-08-06T17:11:04.447Z - debug:  
2020-08-06T17:11:04.448Z - debug: The process cannot access the file because it is being used by another process.

2020-08-06T17:11:04.448Z - debug: The process cannot access the file because it is being used by another process.

2020-08-06T17:11:04.658Z - debug:  
2020-08-06T17:11:04.829Z - debug:  
2020-08-06T17:11:04.829Z - debug:  
2020-08-06T17:11:25.966Z - debug: The process cannot access the file because it is being used by another process.

2020-08-06T17:11:25.969Z - debug: The process cannot access the file because it is being used by another process.

2020-08-06T17:11:27.399Z - debug: The process cannot access the file because it is being used by another process.

2020-08-06T17:11:27.400Z - debug: The process cannot access the file because it is being used by another process.

2020-08-06T17:11:27.563Z - debug:  
2020-08-06T17:11:27.563Z - debug:  
2020-08-06T17:11:31.571Z - debug:  
2020-08-06T17:11:32.098Z - debug:  
2020-08-06T17:11:38.505Z - debug: The process cannot access the file because it is being used by another process.

2020-08-06T17:11:40.770Z - debug: The process cannot access the file because it is being used by another process.

2020-08-06T17:11:41.064Z - debug:  
2020-08-06T17:12:10.143Z - debug:  
2020-08-06T17:12:10.953Z - debug:  
2020-08-06T17:12:10.954Z - debug:  
2020-08-06T17:12:10.954Z - debug:  
2020-08-06T17:12:14.576Z - debug:  
2020-08-06T17:12:14.981Z - debug:  
2020-08-06T17:12:22.188Z - debug:  
2020-08-06T17:12:26.446Z - debug:  
2020-08-06T17:12:26.447Z - debug:  
2020-08-06T17:12:26.447Z - debug:  
2020-08-06T17:12:26.447Z - debug:  
2020-08-06T17:12:35.557Z - debug:  
2020-08-06T17:12:35.557Z - debug:  
2020-08-06T17:12:40.290Z - debug:  
2020-08-06T17:12:51.442Z - debug: The process cannot access the file because it is being used by another process.

2020-08-06T17:12:51.443Z - debug: The process cannot access the file because it is being used by another process.

2020-08-06T17:12:54.027Z - debug:  
2020-08-06T17:12:54.027Z - debug:  
2020-08-06T17:13:05.483Z - debug:  
2020-08-06T17:13:33.641Z - debug:  
2020-08-06T17:13:47.650Z - debug:  
2020-08-06T17:13:47.650Z - debug:  
2020-08-06T17:13:56.584Z - info: Pages built
2020-08-06T17:14:26.714Z - info: Website generation complete! Total build time: 249.453s
2020-08-06T17:14:26.721Z - info: Build success!
2020-08-06T17:14:26.721Z - debug:  
2020-08-06T17:14:26.726Z - info: Site data built
2020-08-06T17:15:04.192Z - info: Deployed!
2020-08-07T04:38:03.922Z - info: Website generation (lazy) started at 12:37:59 PM
2020-08-07T04:38:12.360Z - info: Building assets...
2020-08-07T04:38:18.306Z - info: Assets built
2020-08-07T04:38:18.309Z - info: Generating landing page...
2020-08-07T04:38:19.196Z - info: Landing page built, other pages will be built as you navigate to them!
2020-08-07T04:38:19.300Z - info: Website generation (lazy) complete! Total build time: 20.225s
2020-08-07T04:38:20.140Z - info: Serving "C:\repos\nus-cs2103-AY2021S1\cs2103-website\_site" at http://127.0.0.1:8080
2020-08-07T04:38:20.141Z - info: Press CTRL+C to stop ...
2020-08-07T04:38:20.203Z - info: Site data built
2020-08-07T04:38:22.051Z - info: [12:38:22 PM] Reload for file change: C:\repos\nus-cs2103-AY2021S1\cs2103-website\_module-CS2103\timetables.mbdf
2020-08-07T04:38:23.786Z - info: No pages needed to be rebuilt
2020-08-07T04:40:19.021Z - info: [12:40:19 PM] Reload for file change: C:\repos\nus-cs2103-AY2021S1\cs2103-website\_module-CS2103\timetables.mbdf
2020-08-07T04:40:20.027Z - info: No pages needed to be rebuilt
2020-08-07T04:40:29.540Z - info: Building C:\repos\nus-cs2103-AY2021S1\cs2103-website\admin\lectures as some of its dependencies were changed since the last visit
2020-08-07T04:40:29.976Z - info: Site data built
2020-08-07T04:40:29.977Z - info: Lazy website regeneration complete! Total build time: 0.437s
2020-08-07T04:40:55.726Z - info: [12:40:55 PM] Reload for file change: C:\repos\nus-cs2103-AY2021S1\cs2103-website\_module-CS2103\timetables.mbdf
2020-08-07T04:40:56.727Z - info: No pages needed to be rebuilt
2020-08-07T04:42:36.412Z - info: [12:42:36 PM] Reload for file change: C:\repos\nus-cs2103-AY2021S1\cs2103-website\_module-CS2103\timetables.mbdf
2020-08-07T04:42:37.417Z - info: No pages needed to be rebuilt
2020-08-07T04:43:13.142Z - info: [12:43:13 PM] Reload for file change: C:\repos\nus-cs2103-AY2021S1\cs2103-website\_module-CS2103\timetables.mbdf
2020-08-07T04:43:14.146Z - info: No pages needed to be rebuilt
2020-08-07T04:47:05.395Z - info: [12:47:05 PM] Reload for file change: C:\repos\nus-cs2103-AY2021S1\cs2103-website\admin\lectures.md
2020-08-07T04:47:06.404Z - info: Rebuilding 1 pages
2020-08-07T04:47:06.678Z - info: Pages rebuilt
2020-08-07T04:47:06.678Z - info: Website regeneration complete! Total build time: 0.278s
2020-08-07T04:47:06.716Z - info: Site data built
2020-08-07T04:47:50.906Z - info: Building C:\repos\nus-cs2103-AY2021S1\cs2103-website\schedule\week2\index as some of its dependencies were changed since the last visit
2020-08-07T04:47:51.962Z - info: Site data built
2020-08-07T04:47:51.963Z - info: Lazy website regeneration complete! Total build time: 1.058s
2020-08-07T04:48:14.804Z - info: Building C:\repos\nus-cs2103-AY2021S1\cs2103-website\schedule\week2\topics as some of its dependencies were changed since the last visit
2020-08-07T04:48:17.588Z - info: Site data built
2020-08-07T04:48:17.589Z - info: Lazy website regeneration complete! Total build time: 2.786s
2020-08-07T04:50:35.341Z - info: [12:50:35 PM] Reload for file change: C:\repos\nus-cs2103-AY2021S1\cs2103-website\admin\common-commentary.mbdf
2020-08-07T04:50:36.356Z - info: Rebuilding 1 pages
2020-08-07T04:50:39.912Z - info: Pages rebuilt
2020-08-07T04:50:39.912Z - info: Website regeneration complete! Total build time: 3.562s
2020-08-07T04:50:39.954Z - info: Site data built
2020-08-07T04:52:12.955Z - info: [12:52:12 PM] Reload for file change: C:\repos\nus-cs2103-AY2021S1\cs2103-website\admin\lectures.md
2020-08-07T04:52:13.965Z - info: Rebuilding 1 pages
2020-08-07T04:52:18.091Z - info: Pages rebuilt
2020-08-07T04:52:18.092Z - info: Website regeneration complete! Total build time: 4.131s
2020-08-07T04:52:18.115Z - info: Site data built
2020-08-07T04:53:37.731Z - info: [12:53:37 PM] Reload for file change: C:\repos\nus-cs2103-AY2021S1\cs2103-website\admin\common-commentary.mbdf
2020-08-07T04:53:38.740Z - info: Rebuilding 1 pages
2020-08-07T04:53:42.113Z - info: Pages rebuilt
2020-08-07T04:53:42.114Z - info: Website regeneration complete! Total build time: 3.379s
2020-08-07T04:53:42.132Z - info: Site data built
2020-08-07T04:53:45.868Z - info: [12:53:45 PM] Reload for file change: C:\repos\nus-cs2103-AY2021S1\cs2103-website\admin\lectures.md
2020-08-07T04:53:46.872Z - info: Rebuilding 1 pages
2020-08-07T04:53:50.065Z - info: Pages rebuilt
2020-08-07T04:53:50.066Z - info: Website regeneration complete! Total build time: 3.196s
2020-08-07T04:53:50.075Z - info: Site data built
2020-08-07T04:54:28.281Z - info: [12:54:28 PM] Reload for file change: C:\repos\nus-cs2103-AY2021S1\cs2103-website\admin\common-commentary.mbdf
2020-08-07T04:54:29.289Z - info: Rebuilding 1 pages
2020-08-07T04:54:32.706Z - info: Pages rebuilt
2020-08-07T04:54:32.707Z - info: Website regeneration complete! Total build time: 3.421s
2020-08-07T04:54:32.724Z - info: Site data built
2020-08-07T04:54:44.470Z - info: [12:54:44 PM] Reload for file change: C:\repos\nus-cs2103-AY2021S1\cs2103-website\admin\common-commentary.mbdf
2020-08-07T04:54:45.483Z - info: Rebuilding 1 pages
2020-08-07T04:54:48.090Z - info: Pages rebuilt
2020-08-07T04:54:48.090Z - info: Website regeneration complete! Total build time: 2.612s
2020-08-07T04:54:48.107Z - info: Site data built
2020-08-07T04:56:24.225Z - info: [12:56:24 PM] Reload for file change: C:\repos\nus-cs2103-AY2021S1\cs2103-website\admin\common-commentary.mbdf
2020-08-07T04:56:25.235Z - info: Rebuilding 1 pages
2020-08-07T04:56:28.770Z - info: Pages rebuilt
2020-08-07T04:56:28.771Z - info: Website regeneration complete! Total build time: 3.542s
2020-08-07T04:56:28.788Z - info: Site data built
2020-08-07T04:59:10.914Z - info: Website generation started at 12:59:08 PM
2020-08-07T04:59:21.506Z - info: Building assets...
