2020-10-05T16:01:29.533Z - info: [12:01:29 AM] Reload for file change: C:\repos\nus-cs2103-AY2021S1\cs2103-website\admin\common-commentary.mbdf
2020-10-05T16:01:30.588Z - info: Rebuilding 1 pages
2020-10-05T16:01:36.091Z - info: [12:01:36 AM] Reload for file change: C:\repos\nus-cs2103-AY2021S1\cs2103-website\schedule\week8\commentary-tic2002.mbdf
2020-10-05T16:01:36.111Z - debug:  
2020-10-05T16:01:37.495Z - info: Pages rebuilt
2020-10-05T16:01:37.496Z - info: Website regeneration complete! Total build time: 6.912s
2020-10-05T16:01:37.517Z - info: Rebuilding 1 pages
2020-10-05T16:01:37.538Z - info: Site data built
2020-10-05T16:01:40.891Z - info: Pages rebuilt
2020-10-05T16:01:40.891Z - info: Website regeneration complete! Total build time: 3.38s
2020-10-05T16:01:40.911Z - info: Site data built
2020-10-05T16:01:41.261Z - debug:  
2020-10-05T16:02:35.078Z - info: [12:02:35 AM] Reload for file change: C:\repos\nus-cs2103-AY2021S1\cs2103-website\schedule\week8\commentary-tic2002.mbdf
2020-10-05T16:02:36.086Z - info: Rebuilding 1 pages
2020-10-05T16:02:39.814Z - info: Pages rebuilt
2020-10-05T16:02:39.815Z - info: Website regeneration complete! Total build time: 3.731s
2020-10-05T16:02:39.853Z - debug:  
2020-10-05T16:02:39.874Z - info: Site data built
2020-10-05T16:03:09.508Z - info: [12:03:09 AM] Reload for file change: C:\repos\nus-cs2103-AY2021S1\cs2103-website\schedule\week8\commentary-tic2002.mbdf
2020-10-05T16:03:10.520Z - info: Rebuilding 1 pages
2020-10-05T16:03:13.443Z - info: Pages rebuilt
2020-10-05T16:03:13.443Z - info: Website regeneration complete! Total build time: 2.925s
2020-10-05T16:03:13.456Z - info: Site data built
2020-10-05T16:03:13.938Z - debug:  
2020-10-05T16:03:34.419Z - info: [12:03:34 AM] Reload for file change: C:\repos\nus-cs2103-AY2021S1\cs2103-website\schedule\week8\commentary-tic2002.mbdf
2020-10-05T16:03:36.352Z - info: Rebuilding 1 pages
2020-10-05T16:03:37.221Z - error:  Error: No such segment 'java-javadocs' in file: C:\repos\nus-cs2103-AY2021S1\cs2103-website\admin\common-commentary.mbdf
Missing reference in C:\repos\nus-cs2103-AY2021S1\cs2103-website\schedule\week8\commentary-box.md
    at _preprocessInclude (C:\Users\damithch\AppData\Roaming\npm\node_modules\markbind-cli\node_modules\@markbind\core\src\preprocessors\componentPreprocessor.js:264:21)
    at preProcessComponent (C:\Users\damithch\AppData\Roaming\npm\node_modules\markbind-cli\node_modules\@markbind\core\src\preprocessors\componentPreprocessor.js:349:12)
    at C:\Users\damithch\AppData\Roaming\npm\node_modules\markbind-cli\node_modules\@markbind\core\src\preprocessors\componentPreprocessor.js:356:52
    at Array.map (<anonymous>)
    at preProcessComponent (C:\Users\damithch\AppData\Roaming\npm\node_modules\markbind-cli\node_modules\@markbind\core\src\preprocessors\componentPreprocessor.js:356:43)
    at C:\Users\damithch\AppData\Roaming\npm\node_modules\markbind-cli\node_modules\@markbind\core\src\preprocessors\componentPreprocessor.js:356:52
    at Array.map (<anonymous>)
    at preProcessComponent (C:\Users\damithch\AppData\Roaming\npm\node_modules\markbind-cli\node_modules\@markbind\core\src\preprocessors\componentPreprocessor.js:356:43)
    at C:\Users\damithch\AppData\Roaming\npm\node_modules\markbind-cli\node_modules\@markbind\core\src\preprocessors\componentPreprocessor.js:356:52
    at Array.map (<anonymous>)
    at preProcessComponent (C:\Users\damithch\AppData\Roaming\npm\node_modules\markbind-cli\node_modules\@markbind\core\src\preprocessors\componentPreprocessor.js:356:43)
    at C:\Users\damithch\AppData\Roaming\npm\node_modules\markbind-cli\node_modules\@markbind\core\src\preprocessors\componentPreprocessor.js:298:50
    at Array.map (<anonymous>)
    at _preprocessInclude (C:\Users\damithch\AppData\Roaming\npm\node_modules\markbind-cli\node_modules\@markbind\core\src\preprocessors\componentPreprocessor.js:298:41)
    at preProcessComponent (C:\Users\damithch\AppData\Roaming\npm\node_modules\markbind-cli\node_modules\@markbind\core\src\preprocessors\componentPreprocessor.js:349:12)
    at C:\Users\damithch\AppData\Roaming\npm\node_modules\markbind-cli\node_modules\@markbind\core\src\preprocessors\componentPreprocessor.js:356:52
2020-10-05T16:03:39.575Z - info: Pages rebuilt
2020-10-05T16:03:39.575Z - info: Website regeneration complete! Total build time: 3.226s
2020-10-05T16:03:39.591Z - info: Site data built
2020-10-05T16:03:40.316Z - debug:  
2020-10-05T16:04:09.909Z - info: [12:04:09 AM] Reload for file change: C:\repos\nus-cs2103-AY2021S1\cs2103-website\admin\common-commentary.mbdf
2020-10-05T16:04:10.916Z - info: Rebuilding 1 pages
2020-10-05T16:04:14.022Z - info: Pages rebuilt
2020-10-05T16:04:14.023Z - info: Website regeneration complete! Total build time: 3.109s
2020-10-05T16:04:14.038Z - info: Site data built
2020-10-05T16:04:14.491Z - debug:  
2020-10-05T16:05:11.941Z - info: [12:05:11 AM] Reload for file change: C:\repos\nus-cs2103-AY2021S1\cs2103-website\admin\common-commentary.mbdf
2020-10-05T16:05:12.947Z - info: Rebuilding 1 pages
2020-10-05T16:05:16.275Z - info: Pages rebuilt
2020-10-05T16:05:16.276Z - info: Website regeneration complete! Total build time: 3.331s
2020-10-05T16:05:16.328Z - info: Site data built
2020-10-05T16:05:16.329Z - debug:  
2020-10-05T16:05:36.878Z - info: [12:05:36 AM] Reload for file change: C:\repos\nus-cs2103-AY2021S1\cs2103-website\schedule\week8\commentary-tic2002.mbdf
2020-10-05T16:05:37.880Z - info: Rebuilding 1 pages
2020-10-05T16:05:41.048Z - info: Pages rebuilt
2020-10-05T16:05:41.048Z - info: Website regeneration complete! Total build time: 3.17s
2020-10-05T16:05:41.070Z - info: Site data built
2020-10-05T16:05:41.413Z - debug:  
2020-10-05T16:08:06.843Z - info: [12:08:06 AM] Reload for file change: C:\repos\nus-cs2103-AY2021S1\cs2103-website\admin\common-commentary.mbdf
2020-10-05T16:08:07.848Z - info: Rebuilding 1 pages
2020-10-05T16:08:11.411Z - info: Pages rebuilt
2020-10-05T16:08:11.411Z - info: Website regeneration complete! Total build time: 3.565s
2020-10-05T16:08:11.448Z - debug:  
2020-10-05T16:08:11.466Z - info: Site data built
2020-10-05T16:10:36.777Z - info: Building C:\repos\nus-cs2103-AY2021S1\cs2103-website\schedule\week8\admin as some of its dependencies were changed since the last visit
2020-10-05T16:10:40.966Z - info: Site data built
2020-10-05T16:10:40.972Z - info: Lazy website regeneration complete! Total build time: 4.195s
2020-10-05T16:16:11.031Z - info: Website generation started at 12:16:07 AM
2020-10-05T16:16:23.043Z - info: Building assets...
2020-10-05T16:16:30.835Z - info: Assets built
2020-10-05T16:16:30.836Z - info: Generating pages...
2020-10-05T16:16:47.938Z - debug: The process cannot access the file because it is being used by another process.

2020-10-05T16:16:47.939Z - debug: The process cannot access the file because it is being used by another process.

2020-10-05T16:16:49.319Z - debug: The process cannot access the file because it is being used by another process.

2020-10-05T16:16:49.320Z - debug: The process cannot access the file because it is being used by another process.

2020-10-05T16:16:49.321Z - debug:  
2020-10-05T16:16:49.321Z - debug:  
2020-10-05T16:16:49.321Z - debug:  
2020-10-05T16:16:49.322Z - debug:  
2020-10-05T16:16:49.323Z - debug:  
2020-10-05T16:16:55.839Z - debug: The process cannot access the file because it is being used by another process.

2020-10-05T16:16:55.840Z - debug: The process cannot access the file because it is being used by another process.

2020-10-05T16:16:55.840Z - debug:  
2020-10-05T16:16:57.659Z - debug:  
2020-10-05T16:16:57.660Z - debug: The process cannot access the file because it is being used by another process.

2020-10-05T16:16:57.660Z - debug: The process cannot access the file because it is being used by another process.

2020-10-05T16:16:58.103Z - debug:  
2020-10-05T16:16:58.103Z - debug:  
2020-10-05T16:16:58.676Z - debug: The process cannot access the file because it is being used by another process.

2020-10-05T16:16:58.697Z - debug: The process cannot access the file because it is being used by another process.

2020-10-05T16:17:03.069Z - debug:  
2020-10-05T16:17:03.069Z - debug:  
2020-10-05T16:17:23.299Z - debug: The process cannot access the file because it is being used by another process.

2020-10-05T16:17:23.301Z - debug: The process cannot access the file because it is being used by another process.

2020-10-05T16:17:24.084Z - debug: The process cannot access the file because it is being used by another process.

2020-10-05T16:17:24.084Z - debug:  
2020-10-05T16:17:25.456Z - debug: The process cannot access the file because it is being used by another process.

2020-10-05T16:17:26.311Z - debug: The process cannot access the file because it is being used by another process.

2020-10-05T16:17:27.723Z - debug:  
2020-10-05T16:17:29.100Z - debug:  
2020-10-05T16:17:31.349Z - debug: The process cannot access the file because it is being used by another process.

2020-10-05T16:17:31.995Z - debug: The process cannot access the file because it is being used by another process.

2020-10-05T16:17:33.144Z - debug: The process cannot access the file because it is being used by another process.

2020-10-05T16:17:33.145Z - debug: The process cannot access the file because it is being used by another process.

2020-10-05T16:17:33.578Z - debug:  
2020-10-05T16:17:33.580Z - debug:  
2020-10-05T16:17:38.237Z - debug:  
2020-10-05T16:17:38.365Z - debug:  
2020-10-05T16:17:45.185Z - debug: The process cannot access the file because it is being used by another process.

2020-10-05T16:17:47.029Z - debug: The process cannot access the file because it is being used by another process.

2020-10-05T16:17:47.182Z - debug:  
2020-10-05T16:18:14.120Z - debug:  
2020-10-05T16:18:14.121Z - debug:  
2020-10-05T16:18:14.122Z - debug:  
2020-10-05T16:18:14.122Z - debug:  
2020-10-05T16:18:19.477Z - debug:  
2020-10-05T16:18:19.479Z - debug:  
2020-10-05T16:18:19.633Z - debug:  
2020-10-05T16:18:29.974Z - debug:  
2020-10-05T16:18:29.975Z - debug:  
2020-10-05T16:18:29.975Z - debug:  
2020-10-05T16:18:29.975Z - debug:  
2020-10-05T16:18:29.975Z - debug:  
2020-10-05T16:18:34.945Z - debug: The process cannot access the file because it is being used by another process.

2020-10-05T16:18:37.998Z - debug:  
2020-10-05T16:18:40.508Z - debug:  
2020-10-05T16:18:40.508Z - debug:  
2020-10-05T16:18:44.923Z - debug:  
2020-10-05T16:18:51.836Z - debug:  
2020-10-05T16:18:57.306Z - debug:  
2020-10-05T16:19:06.603Z - debug:  
2020-10-05T16:19:06.603Z - debug:  
2020-10-05T16:19:11.803Z - info: Pages built
2020-10-05T16:20:16.212Z - info: Website generation complete! Total build time: 248.665s
2020-10-05T16:20:16.213Z - info: Build success!
2020-10-05T16:20:16.233Z - info: Site data built
2020-10-05T16:21:12.020Z - info: Deployed!
2020-10-06T03:02:47.979Z - info: Website generation (lazy) started at 11:02:41 AM
2020-10-06T03:03:13.676Z - info: Building assets...
2020-10-06T03:03:42.715Z - info: Assets built
2020-10-06T03:03:42.717Z - info: Generating landing page...
2020-10-06T03:03:46.286Z - info: Landing page built, other pages will be built as you navigate to them!
2020-10-06T03:03:46.776Z - info: Website generation (lazy) complete! Total build time: 65.223s
2020-10-06T03:03:48.437Z - info: Serving "C:\repos\nus-cs2103-AY2021S1\cs2103-website\_site" at http://127.0.0.1:8080
2020-10-06T03:03:48.437Z - info: Press CTRL+C to stop ...
2020-10-06T03:03:48.504Z - info: Site data built
2020-10-06T03:04:14.257Z - info: Website generation started at 11:04:10 AM
2020-10-06T03:04:23.147Z - info: Building assets...
2020-10-06T03:04:29.211Z - info: Assets built
2020-10-06T03:04:29.212Z - info: Generating pages...
2020-10-06T03:04:45.323Z - debug:  
2020-10-06T03:04:45.325Z - debug:  
2020-10-06T03:04:45.326Z - debug:  
2020-10-06T03:04:45.326Z - debug:  
2020-10-06T03:04:45.327Z - debug:  
2020-10-06T03:04:49.062Z - debug:  
2020-10-06T03:04:51.747Z - debug: The process cannot access the file because it is being used by another process.

2020-10-06T03:04:51.980Z - debug: The process cannot access the file because it is being used by another process.

2020-10-06T03:04:52.619Z - debug:  
2020-10-06T03:04:56.733Z - debug:  
2020-10-06T03:04:56.734Z - debug:  
2020-10-06T03:04:56.734Z - debug:  
2020-10-06T03:04:59.321Z - debug: The process cannot access the file because it is being used by another process.

2020-10-06T03:04:59.322Z - debug: The process cannot access the file because it is being used by another process.

2020-10-06T03:04:59.663Z - debug:  
2020-10-06T03:04:59.821Z - debug:  
2020-10-06T03:04:59.822Z - debug:  
2020-10-06T03:05:00.162Z - debug:  
2020-10-06T03:05:00.163Z - debug: The process cannot access the file because it is being used by another process.

2020-10-06T03:05:00.164Z - debug: The process cannot access the file because it is being used by another process.

2020-10-06T03:05:04.120Z - debug:  
2020-10-06T03:05:04.120Z - debug:  
2020-10-06T03:05:19.204Z - debug: The process cannot access the file because it is being used by another process.

2020-10-06T03:05:20.203Z - debug: The process cannot access the file because it is being used by another process.

2020-10-06T03:05:21.290Z - debug:  
2020-10-06T03:05:22.834Z - debug: The process cannot access the file because it is being used by another process.

2020-10-06T03:05:23.344Z - debug: The process cannot access the file because it is being used by another process.

2020-10-06T03:05:23.411Z - debug:  
2020-10-06T03:05:25.872Z - debug: The process cannot access the file because it is being used by another process.

2020-10-06T03:05:26.009Z - debug:  
2020-10-06T03:05:28.871Z - debug: The process cannot access the file because it is being used by another process.

2020-10-06T03:05:29.411Z - debug: The process cannot access the file because it is being used by another process.

2020-10-06T03:05:31.054Z - debug: The process cannot access the file because it is being used by another process.

2020-10-06T03:05:31.055Z - debug: The process cannot access the file because it is being used by another process.

2020-10-06T03:05:31.107Z - debug:  
2020-10-06T03:05:31.107Z - debug:  
2020-10-06T03:05:35.153Z - debug:  
2020-10-06T03:05:35.255Z - debug:  
2020-10-06T03:05:40.704Z - debug: The process cannot access the file because it is being used by another process.

2020-10-06T03:05:42.835Z - debug: The process cannot access the file because it is being used by another process.

2020-10-06T03:05:42.992Z - debug:  
2020-10-06T03:06:05.030Z - debug:  
2020-10-06T03:06:05.428Z - debug:  
2020-10-06T03:06:05.428Z - debug:  
2020-10-06T03:06:05.428Z - debug:  
2020-10-06T03:06:11.601Z - debug:  
2020-10-06T03:06:11.721Z - debug:  
2020-10-06T03:06:11.723Z - debug:  
2020-10-06T03:06:21.128Z - debug:  
2020-10-06T03:06:21.129Z - debug:  
2020-10-06T03:06:21.129Z - debug:  
2020-10-06T03:06:21.129Z - debug:  
2020-10-06T03:06:21.129Z - debug:  
2020-10-06T03:06:28.925Z - debug:  
2020-10-06T03:06:28.926Z - debug:  
2020-10-06T03:06:28.926Z - debug:  
2020-10-06T03:06:33.577Z - debug:  
2020-10-06T03:06:38.484Z - debug:  
2020-10-06T03:06:48.987Z - debug:  
2020-10-06T03:06:52.786Z - debug:  
2020-10-06T03:06:52.787Z - debug:  
2020-10-06T03:07:13.178Z - debug:  
2020-10-06T03:07:22.985Z - debug:  
2020-10-06T03:07:22.985Z - debug:  
2020-10-06T03:07:29.624Z - info: Pages built
2020-10-06T03:07:51.973Z - info: Website generation complete! Total build time: 221.28s
2020-10-06T03:07:51.973Z - info: Build success!
2020-10-06T03:07:51.973Z - debug:  
2020-10-06T03:07:51.979Z - info: Site data built
2020-10-06T03:08:28.148Z - info: Deployed!
2020-10-06T14:30:46.693Z - info: Website generation (lazy) started at 10:30:40 PM
2020-10-06T14:31:01.807Z - info: Building assets...
2020-10-06T14:31:09.181Z - info: Assets built
2020-10-06T14:31:09.182Z - info: Generating landing page...
2020-10-06T14:31:10.473Z - info: Landing page built, other pages will be built as you navigate to them!
2020-10-06T14:31:10.591Z - info: Website generation (lazy) complete! Total build time: 29.734s
2020-10-06T14:31:11.970Z - info: Serving "C:\repos\nus-cs2103-AY2021S1\cs2103-website\_site" at http://127.0.0.1:8080
2020-10-06T14:31:11.970Z - info: Press CTRL+C to stop ...
2020-10-06T14:31:12.038Z - info: Site data built
2020-10-06T14:31:28.652Z - info: [10:31:28 PM] Reload for file change: C:\repos\nus-cs2103-AY2021S1\cs2103-website\_markbind\variables.md
2020-10-06T14:31:29.761Z - warn: Rebuilding all pages as variables file was changed, or the --force-reload flag was set
2020-10-06T14:31:29.768Z - info: Rebuilding 1 pages
2020-10-06T14:31:30.271Z - info: Pages rebuilt
2020-10-06T14:31:30.271Z - info: Website regeneration complete! Total build time: 0.609s
2020-10-06T14:31:30.275Z - info: Site data built
2020-10-06T14:31:36.974Z - info: Building C:\repos\nus-cs2103-AY2021S1\cs2103-website\schedule\week8\topics as some of its dependencies were changed since the last visit
2020-10-06T14:31:43.478Z - debug:  
2020-10-06T14:31:43.492Z - info: Site data built
2020-10-06T14:31:43.493Z - info: Lazy website regeneration complete! Total build time: 6.519s
2020-10-06T14:35:56.643Z - info: [10:35:56 PM] Reload for file change: C:\repos\nus-cs2103-AY2021S1\cs2103-website\schedule\week7\topics.md
2020-10-06T14:35:57.664Z - info: No pages needed to be rebuilt
2020-10-06T14:36:58.391Z - info: [10:36:58 PM] Reload for file change: C:\repos\nus-cs2103-AY2021S1\cs2103-website\schedule\week7\topics.md
2020-10-06T14:36:59.404Z - info: No pages needed to be rebuilt
2020-10-06T14:37:25.325Z - info: [10:37:25 PM] Reload for file change: C:\repos\nus-cs2103-AY2021S1\cs2103-website\schedule\week8\topics.md
2020-10-06T14:37:26.332Z - info: Rebuilding 1 pages
2020-10-06T14:37:30.239Z - info: Pages rebuilt
2020-10-06T14:37:30.239Z - info: Website regeneration complete! Total build time: 3.91s
2020-10-06T14:37:30.291Z - info: Site data built
2020-10-06T14:37:30.467Z - debug:  
2020-10-06T14:39:02.569Z - info: [10:39:02 PM] Reload for file change: C:\repos\nus-cs2103-AY2021S1\cs2103-website\schedule\week8\topics.md
2020-10-06T14:39:03.573Z - info: Rebuilding 1 pages
2020-10-06T14:39:07.352Z - info: Pages rebuilt
2020-10-06T14:39:07.352Z - info: Website regeneration complete! Total build time: 3.78s
2020-10-06T14:39:07.392Z - info: Site data built
2020-10-06T14:39:07.455Z - debug:  
2020-10-06T14:39:45.456Z - info: [10:39:45 PM] Reload for file change: C:\repos\nus-cs2103-AY2021S1\cs2103-website\schedule\week8\topics.md
2020-10-06T14:39:46.463Z - info: Rebuilding 1 pages
2020-10-06T14:39:49.821Z - info: Pages rebuilt
2020-10-06T14:39:49.822Z - info: Website regeneration complete! Total build time: 3.36s
2020-10-06T14:39:49.915Z - info: Site data built
2020-10-06T14:39:49.917Z - debug:  
2020-10-06T14:41:36.838Z - info: [10:41:36 PM] Reload for file change: C:\repos\nus-cs2103-AY2021S1\cs2103-website\schedule\week8\topics.md
2020-10-06T14:41:37.842Z - info: Rebuilding 1 pages
2020-10-06T14:41:41.377Z - info: Pages rebuilt
2020-10-06T14:41:41.377Z - info: Website regeneration complete! Total build time: 3.536s
2020-10-06T14:41:41.428Z - info: Site data built
2020-10-06T14:41:41.459Z - debug:  
2020-10-06T14:43:16.807Z - info: [10:43:16 PM] Reload for file change: C:\repos\nus-cs2103-AY2021S1\cs2103-website\schedule\week8\topics.md
2020-10-06T14:43:17.816Z - info: Rebuilding 1 pages
2020-10-06T14:43:21.228Z - info: Pages rebuilt
2020-10-06T14:43:21.228Z - info: Website regeneration complete! Total build time: 3.417s
2020-10-06T14:43:21.272Z - info: Site data built
2020-10-06T14:43:21.333Z - debug:  
2020-10-06T14:44:12.850Z - info: [10:44:12 PM] Reload for file change: C:\repos\nus-cs2103-AY2021S1\cs2103-website\schedule\week8\topics.md
2020-10-06T14:44:13.859Z - info: Rebuilding 1 pages
2020-10-06T14:44:17.265Z - info: Pages rebuilt
2020-10-06T14:44:17.265Z - info: Website regeneration complete! Total build time: 3.41s
2020-10-06T14:44:17.316Z - info: Site data built
2020-10-06T14:44:17.325Z - debug:  
2020-10-06T14:49:06.347Z - info: [10:49:06 PM] Reload for file change: C:\repos\nus-cs2103-AY2021S1\cs2103-website\schedule\week8\topics.md
2020-10-06T14:49:07.358Z - info: Rebuilding 1 pages
2020-10-06T14:49:10.904Z - info: Pages rebuilt
2020-10-06T14:49:10.904Z - info: Website regeneration complete! Total build time: 3.552s
2020-10-06T14:49:10.968Z - info: Site data built
2020-10-06T14:49:10.991Z - debug:  
2020-10-06T14:49:55.299Z - info: [10:49:55 PM] Reload for file change: C:\repos\nus-cs2103-AY2021S1\cs2103-website\schedule\week8\topics.md
2020-10-06T14:49:56.303Z - info: Rebuilding 1 pages
2020-10-06T14:50:00.096Z - info: Pages rebuilt
2020-10-06T14:50:00.097Z - info: Website regeneration complete! Total build time: 3.796s
2020-10-06T14:50:00.108Z - info: Site data built
2020-10-06T14:50:00.849Z - debug:  
2020-10-06T14:50:39.306Z - info: [10:50:39 PM] Reload for file change: C:\repos\nus-cs2103-AY2021S1\cs2103-website\schedule\week8\topics.md
2020-10-06T14:50:40.310Z - info: Rebuilding 1 pages
2020-10-06T14:50:43.237Z - info: Pages rebuilt
2020-10-06T14:50:43.237Z - info: Website regeneration complete! Total build time: 2.93s
2020-10-06T14:50:43.252Z - info: Site data built
2020-10-06T14:50:43.717Z - debug:  
2020-10-06T14:51:32.841Z - info: [10:51:32 PM] Reload for file change: C:\repos\nus-cs2103-AY2021S1\cs2103-website\schedule\week8\topics.md
2020-10-06T14:51:33.856Z - info: Rebuilding 1 pages
2020-10-06T14:51:37.560Z - info: Pages rebuilt
2020-10-06T14:51:37.560Z - info: Website regeneration complete! Total build time: 3.714s
2020-10-06T14:51:37.603Z - debug:  
2020-10-06T14:51:37.620Z - info: Site data built
2020-10-06T14:52:25.373Z - info: [10:52:25 PM] Reload for file change: C:\repos\nus-cs2103-AY2021S1\cs2103-website\schedule\week8\topics.md
2020-10-06T14:52:26.380Z - info: Rebuilding 1 pages
2020-10-06T14:52:29.865Z - info: Pages rebuilt
2020-10-06T14:52:29.865Z - info: Website regeneration complete! Total build time: 3.487s
2020-10-06T14:52:29.923Z - info: Site data built
2020-10-06T14:52:30.118Z - debug:  
2020-10-06T14:54:30.041Z - info: [10:54:30 PM] Reload for file change: C:\repos\nus-cs2103-AY2021S1\cs2103-website\schedule\week8\topics.md
2020-10-06T14:54:31.050Z - info: Rebuilding 1 pages
2020-10-06T14:54:31.334Z - error:  TypeError: Cannot read property '0' of null
Error while preprocessing 'C:\repos\nus-cs2103-AY2021S1\cs2103-website\schedule\week8\topics.md'
    at getName (C:\Users\damithch\AppData\Roaming\npm\node_modules\markbind-cli\node_modules\css-what\index.js:97:36)
    at parseSelector (C:\Users\damithch\AppData\Roaming\npm\node_modules\markbind-cli\node_modules\css-what\index.js:152:13)
    at parse (C:\Users\damithch\AppData\Roaming\npm\node_modules\markbind-cli\node_modules\css-what\index.js:82:13)
    at compileUnsafe (C:\Users\damithch\AppData\Roaming\npm\node_modules\markbind-cli\node_modules\css-select\lib\compile.js:31:14)
    at select (C:\Users\damithch\AppData\Roaming\npm\node_modules\markbind-cli\node_modules\css-select\index.js:18:49)
    at CSSselect (C:\Users\damithch\AppData\Roaming\npm\node_modules\markbind-cli\node_modules\css-select\index.js:41:9)
    at initialize.exports.find (C:\Users\damithch\AppData\Roaming\npm\node_modules\markbind-cli\node_modules\cheerio\lib\api\traversing.js:40:21)
    at initialize.module.exports (C:\Users\damithch\AppData\Roaming\npm\node_modules\markbind-cli\node_modules\cheerio\lib\cheerio.js:86:18)
    at new initialize (C:\Users\damithch\AppData\Roaming\npm\node_modules\markbind-cli\node_modules\cheerio\lib\static.js:29:20)
    at initialize (C:\Users\damithch\AppData\Roaming\npm\node_modules\markbind-cli\node_modules\cheerio\lib\static.js:26:14)
    at _preprocessInclude (C:\Users\damithch\AppData\Roaming\npm\node_modules\markbind-cli\node_modules\@markbind\core\src\preprocessors\componentPreprocessor.js:255:25)
    at preProcessComponent (C:\Users\damithch\AppData\Roaming\npm\node_modules\markbind-cli\node_modules\@markbind\core\src\preprocessors\componentPreprocessor.js:349:12)
    at C:\Users\damithch\AppData\Roaming\npm\node_modules\markbind-cli\node_modules\@markbind\core\src\preprocessors\componentPreprocessor.js:356:52
    at Array.map (<anonymous>)
    at preProcessComponent (C:\Users\damithch\AppData\Roaming\npm\node_modules\markbind-cli\node_modules\@markbind\core\src\preprocessors\componentPreprocessor.js:356:43)
    at C:\Users\damithch\AppData\Roaming\npm\node_modules\markbind-cli\node_modules\@markbind\core\src\preprocessors\componentPreprocessor.js:356:52
2020-10-06T14:54:31.402Z - error:  TypeError: Cannot read property '0' of null
Error while preprocessing 'C:\repos\nus-cs2103-AY2021S1\cs2103-website\schedule\week8\topics.md'
    at getName (C:\Users\damithch\AppData\Roaming\npm\node_modules\markbind-cli\node_modules\css-what\index.js:97:36)
    at parseSelector (C:\Users\damithch\AppData\Roaming\npm\node_modules\markbind-cli\node_modules\css-what\index.js:152:13)
    at parse (C:\Users\damithch\AppData\Roaming\npm\node_modules\markbind-cli\node_modules\css-what\index.js:82:13)
    at compileUnsafe (C:\Users\damithch\AppData\Roaming\npm\node_modules\markbind-cli\node_modules\css-select\lib\compile.js:31:14)
    at select (C:\Users\damithch\AppData\Roaming\npm\node_modules\markbind-cli\node_modules\css-select\index.js:18:49)
    at CSSselect (C:\Users\damithch\AppData\Roaming\npm\node_modules\markbind-cli\node_modules\css-select\index.js:41:9)
    at initialize.exports.find (C:\Users\damithch\AppData\Roaming\npm\node_modules\markbind-cli\node_modules\cheerio\lib\api\traversing.js:40:21)
    at initialize.module.exports (C:\Users\damithch\AppData\Roaming\npm\node_modules\markbind-cli\node_modules\cheerio\lib\cheerio.js:86:18)
    at new initialize (C:\Users\damithch\AppData\Roaming\npm\node_modules\markbind-cli\node_modules\cheerio\lib\static.js:29:20)
    at initialize (C:\Users\damithch\AppData\Roaming\npm\node_modules\markbind-cli\node_modules\cheerio\lib\static.js:26:14)
    at _preprocessInclude (C:\Users\damithch\AppData\Roaming\npm\node_modules\markbind-cli\node_modules\@markbind\core\src\preprocessors\componentPreprocessor.js:255:25)
    at preProcessComponent (C:\Users\damithch\AppData\Roaming\npm\node_modules\markbind-cli\node_modules\@markbind\core\src\preprocessors\componentPreprocessor.js:349:12)
    at C:\Users\damithch\AppData\Roaming\npm\node_modules\markbind-cli\node_modules\@markbind\core\src\preprocessors\componentPreprocessor.js:356:52
    at Array.map (<anonymous>)
    at preProcessComponent (C:\Users\damithch\AppData\Roaming\npm\node_modules\markbind-cli\node_modules\@markbind\core\src\preprocessors\componentPreprocessor.js:356:43)
    at C:\Users\damithch\AppData\Roaming\npm\node_modules\markbind-cli\node_modules\@markbind\core\src\preprocessors\componentPreprocessor.js:356:52
2020-10-06T14:54:31.548Z - info: Pages rebuilt
2020-10-06T14:54:31.548Z - info: Website regeneration complete! Total build time: 0.5s
2020-10-06T14:54:31.553Z - info: Site data built
2020-10-06T14:56:35.460Z - info: [10:56:35 PM] Reload for file change: C:\repos\nus-cs2103-AY2021S1\cs2103-website\schedule\week8\topics.md
2020-10-06T14:56:36.469Z - info: Rebuilding 1 pages
2020-10-06T14:56:39.716Z - info: Pages rebuilt
2020-10-06T14:56:39.717Z - info: Website regeneration complete! Total build time: 3.252s
2020-10-06T14:56:39.724Z - info: Site data built
2020-10-06T14:56:39.926Z - debug:  
2020-10-06T15:00:44.933Z - info: Website generation started at 11:00:42 PM
2020-10-06T15:00:53.704Z - info: Building assets...
2020-10-06T15:01:00.407Z - info: Assets built
2020-10-06T15:01:00.407Z - info: Generating pages...
2020-10-06T15:01:16.070Z - debug: The process cannot access the file because it is being used by another process.

2020-10-06T15:01:16.071Z - debug: The process cannot access the file because it is being used by another process.

2020-10-06T15:01:17.036Z - debug: The process cannot access the file because it is being used by another process.

2020-10-06T15:01:17.038Z - debug: The process cannot access the file because it is being used by another process.

2020-10-06T15:01:17.042Z - debug:  
2020-10-06T15:01:17.043Z - debug:  
2020-10-06T15:01:17.043Z - debug:  
2020-10-06T15:01:17.044Z - debug:  
2020-10-06T15:01:17.044Z - debug:  
2020-10-06T15:01:21.811Z - debug: The process cannot access the file because it is being used by another process.

2020-10-06T15:01:21.812Z - debug: The process cannot access the file because it is being used by another process.

2020-10-06T15:01:21.812Z - debug:  
2020-10-06T15:01:21.812Z - debug:  
2020-10-06T15:01:23.268Z - debug: The process cannot access the file because it is being used by another process.

2020-10-06T15:01:23.269Z - debug: The process cannot access the file because it is being used by another process.

2020-10-06T15:01:23.549Z - debug:  
2020-10-06T15:01:23.549Z - debug:  
2020-10-06T15:01:23.827Z - debug: The process cannot access the file because it is being used by another process.

2020-10-06T15:01:23.828Z - debug: The process cannot access the file because it is being used by another process.

2020-10-06T15:01:27.127Z - debug:  
2020-10-06T15:01:27.184Z - debug:  
2020-10-06T15:01:39.881Z - debug: The process cannot access the file because it is being used by another process.

2020-10-06T15:01:40.539Z - debug: The process cannot access the file because it is being used by another process.

2020-10-06T15:01:41.513Z - debug: The process cannot access the file because it is being used by another process.

2020-10-06T15:01:41.610Z - debug:  
2020-10-06T15:01:43.442Z - debug: The process cannot access the file because it is being used by another process.

2020-10-06T15:01:44.159Z - debug: The process cannot access the file because it is being used by another process.

2020-10-06T15:01:45.449Z - debug:  
2020-10-06T15:01:47.550Z - debug:  
2020-10-06T15:01:49.052Z - debug: The process cannot access the file because it is being used by another process.

2020-10-06T15:01:49.052Z - debug: The process cannot access the file because it is being used by another process.

2020-10-06T15:01:52.086Z - debug: The process cannot access the file because it is being used by another process.

2020-10-06T15:01:52.086Z - debug: The process cannot access the file because it is being used by another process.

2020-10-06T15:01:52.354Z - debug:  
2020-10-06T15:01:54.427Z - debug:  
2020-10-06T15:01:57.259Z - debug:  
2020-10-06T15:01:58.499Z - debug:  
2020-10-06T15:02:04.203Z - debug: The process cannot access the file because it is being used by another process.

2020-10-06T15:02:06.269Z - debug: The process cannot access the file because it is being used by another process.

2020-10-06T15:02:06.727Z - debug:  
2020-10-06T15:02:27.242Z - debug:  
2020-10-06T15:02:27.244Z - debug:  
2020-10-06T15:02:27.392Z - debug:  
2020-10-06T15:02:27.392Z - debug:  
2020-10-06T15:02:32.503Z - debug:  
2020-10-06T15:02:33.651Z - debug:  
2020-10-06T15:02:33.651Z - debug:  
2020-10-06T15:02:42.516Z - debug:  
2020-10-06T15:02:43.141Z - debug:  
2020-10-06T15:02:43.142Z - debug:  
2020-10-06T15:02:43.142Z - debug:  
2020-10-06T15:02:43.142Z - debug:  
2020-10-06T15:02:47.574Z - debug: The process cannot access the file because it is being used by another process.

2020-10-06T15:02:50.576Z - debug:  
2020-10-06T15:02:53.561Z - debug:  
2020-10-06T15:02:53.562Z - debug:  
2020-10-06T15:03:02.814Z - debug:  
2020-10-06T15:03:10.222Z - debug:  
2020-10-06T15:03:16.769Z - debug:  
2020-10-06T15:03:21.728Z - debug:  
2020-10-06T15:03:21.728Z - debug:  
2020-10-06T15:03:27.122Z - info: Pages built
2020-10-06T15:03:47.601Z - info: Website generation complete! Total build time: 185.33s
2020-10-06T15:03:47.604Z - info: Build success!
2020-10-06T15:03:47.607Z - info: Site data built
2020-10-06T15:04:55.992Z - info: Deployed!
