2020-11-03T03:20:20.543Z - info: Website generation (lazy) started at 11:20:15 AM
2020-11-03T03:20:35.639Z - info: Building assets...
2020-11-03T03:20:43.514Z - info: Assets built
2020-11-03T03:20:43.515Z - info: Generating landing page...
2020-11-03T03:20:44.273Z - info: Landing page built, other pages will be built as you navigate to them!
2020-11-03T03:20:44.369Z - info: Website generation (lazy) complete! Total build time: 29.351s
2020-11-03T03:20:45.827Z - info: Serving "C:\repos\nus-cs2103-AY2021S1\cs2103-website\_site" at http://127.0.0.1:8080
2020-11-03T03:20:45.827Z - info: Press CTRL+C to stop ...
2020-11-03T03:20:45.958Z - info: Site data built
2020-11-03T03:20:59.100Z - info: [11:20:59 AM] Reload for file add: C:\repos\nus-cs2103-AY2021S1\cs2103-website\schedule\week12\commentary-tic2002.mbdf
2020-11-03T03:21:00.143Z - info: File added or removed, updating list of site's pages...
2020-11-03T03:21:05.470Z - info: Assets removed
2020-11-03T03:21:06.622Z - info: Building C:\repos\nus-cs2103-AY2021S1\cs2103-website\index as some of its dependencies were changed since the last visit
2020-11-03T03:21:07.092Z - info: Site data built
2020-11-03T03:21:07.092Z - info: Lazy website regeneration complete! Total build time: 0.471s
2020-11-03T03:21:14.455Z - info: [11:21:14 AM] Reload for file change: C:\repos\nus-cs2103-AY2021S1\cs2103-website\schedule\week12\commentary-tic2002.mbdf
2020-11-03T03:21:15.462Z - info: No pages needed to be rebuilt
2020-11-03T03:21:18.869Z - info: Building C:\repos\nus-cs2103-AY2021S1\cs2103-website\schedule\week12\index as some of its dependencies were changed since the last visit
2020-11-03T03:21:19.543Z - info: Site data built
2020-11-03T03:21:19.543Z - info: Lazy website regeneration complete! Total build time: 0.674s
2020-11-03T03:21:22.525Z - info: Building C:\repos\nus-cs2103-AY2021S1\cs2103-website\schedule\week12\topics as some of its dependencies were changed since the last visit
2020-11-03T03:21:24.682Z - info: Site data built
2020-11-03T03:21:24.684Z - info: Lazy website regeneration complete! Total build time: 2.159s
2020-11-03T03:22:02.018Z - info: [11:22:02 AM] Reload for file change: C:\repos\nus-cs2103-AY2021S1\cs2103-website\schedule\week12\commentary-tic2002.mbdf
2020-11-03T03:22:03.029Z - info: Rebuilding 1 pages
2020-11-03T03:22:03.772Z - error:  Error: No such segment 'quality-assurance' in file: C:\repos\nus-cs2103-AY2021S1\cs2103-website\admin\common-commentary.mbdf
Missing reference in C:\repos\nus-cs2103-AY2021S1\cs2103-website\schedule\week12\commentary-box.md
    at _preprocessInclude (C:\Users\damithch\AppData\Roaming\npm\node_modules\markbind-cli\node_modules\@markbind\core\src\preprocessors\componentPreprocessor.js:264:21)
    at preProcessComponent (C:\Users\damithch\AppData\Roaming\npm\node_modules\markbind-cli\node_modules\@markbind\core\src\preprocessors\componentPreprocessor.js:349:12)
    at C:\Users\damithch\AppData\Roaming\npm\node_modules\markbind-cli\node_modules\@markbind\core\src\preprocessors\componentPreprocessor.js:356:52
    at Array.map (<anonymous>)
    at preProcessComponent (C:\Users\damithch\AppData\Roaming\npm\node_modules\markbind-cli\node_modules\@markbind\core\src\preprocessors\componentPreprocessor.js:356:43)
    at C:\Users\damithch\AppData\Roaming\npm\node_modules\markbind-cli\node_modules\@markbind\core\src\preprocessors\componentPreprocessor.js:356:52
    at Array.map (<anonymous>)
    at preProcessComponent (C:\Users\damithch\AppData\Roaming\npm\node_modules\markbind-cli\node_modules\@markbind\core\src\preprocessors\componentPreprocessor.js:356:43)
    at C:\Users\damithch\AppData\Roaming\npm\node_modules\markbind-cli\node_modules\@markbind\core\src\preprocessors\componentPreprocessor.js:356:52
    at Array.map (<anonymous>)
    at preProcessComponent (C:\Users\damithch\AppData\Roaming\npm\node_modules\markbind-cli\node_modules\@markbind\core\src\preprocessors\componentPreprocessor.js:356:43)
    at C:\Users\damithch\AppData\Roaming\npm\node_modules\markbind-cli\node_modules\@markbind\core\src\preprocessors\componentPreprocessor.js:298:50
    at Array.map (<anonymous>)
    at _preprocessInclude (C:\Users\damithch\AppData\Roaming\npm\node_modules\markbind-cli\node_modules\@markbind\core\src\preprocessors\componentPreprocessor.js:298:41)
    at preProcessComponent (C:\Users\damithch\AppData\Roaming\npm\node_modules\markbind-cli\node_modules\@markbind\core\src\preprocessors\componentPreprocessor.js:349:12)
    at C:\Users\damithch\AppData\Roaming\npm\node_modules\markbind-cli\node_modules\@markbind\core\src\preprocessors\componentPreprocessor.js:356:52
2020-11-03T03:22:06.021Z - info: Pages rebuilt
2020-11-03T03:22:06.022Z - info: Website regeneration complete! Total build time: 2.993s
2020-11-03T03:22:06.041Z - info: Site data built
2020-11-03T03:22:51.355Z - info: [11:22:51 AM] Reload for file change: C:\repos\nus-cs2103-AY2021S1\cs2103-website\admin\common-commentary.mbdf
2020-11-03T03:22:52.366Z - info: Rebuilding 1 pages
2020-11-03T03:22:54.865Z - info: Pages rebuilt
2020-11-03T03:22:54.865Z - info: Website regeneration complete! Total build time: 2.5s
2020-11-03T03:22:54.883Z - info: Site data built
2020-11-03T03:23:31.054Z - info: [11:23:31 AM] Reload for file change: C:\repos\nus-cs2103-AY2021S1\cs2103-website\schedule\week12\commentary-tic2002.mbdf
2020-11-03T03:23:32.074Z - info: Rebuilding 1 pages
2020-11-03T03:23:34.405Z - info: Pages rebuilt
2020-11-03T03:23:34.406Z - info: Website regeneration complete! Total build time: 2.337s
2020-11-03T03:23:34.450Z - info: Site data built
2020-11-03T03:23:58.393Z - info: Building C:\repos\nus-cs2103-AY2021S1\cs2103-website\schedule\week12\admin as some of its dependencies were changed since the last visit
2020-11-03T03:23:58.903Z - info: Site data built
2020-11-03T03:23:58.903Z - info: Lazy website regeneration complete! Total build time: 0.511s
2020-11-03T03:27:31.614Z - info: [11:27:31 AM] Reload for file change: C:\repos\nus-cs2103-AY2021S1\cs2103-website\schedule\week12\admin-tic2002.mbdf
2020-11-03T03:27:31.620Z - info: [11:27:31 AM] Reload for file change: C:\repos\nus-cs2103-AY2021S1\cs2103-website\schedule\week11\admin-tic2002.mbdf
2020-11-03T03:27:32.633Z - info: Rebuilding 1 pages
2020-11-03T03:27:33.366Z - info: Pages rebuilt
2020-11-03T03:27:33.366Z - info: Website regeneration complete! Total build time: 0.738s
2020-11-03T03:27:33.372Z - info: Site data built
2020-11-03T03:27:44.126Z - info: Building C:\repos\nus-cs2103-AY2021S1\cs2103-website\schedule\week8\index as some of its dependencies were changed since the last visit
2020-11-03T03:27:44.668Z - info: Site data built
2020-11-03T03:27:44.668Z - info: Lazy website regeneration complete! Total build time: 0.542s
2020-11-03T03:28:07.157Z - info: [11:28:07 AM] Reload for file change: C:\repos\nus-cs2103-AY2021S1\cs2103-website\schedule\week13\admin-tic2002.mbdf
2020-11-03T03:28:08.166Z - info: No pages needed to be rebuilt
2020-11-03T03:28:11.179Z - info: Building C:\repos\nus-cs2103-AY2021S1\cs2103-website\schedule\week13\index as some of its dependencies were changed since the last visit
2020-11-03T03:28:11.375Z - info: Site data built
2020-11-03T03:28:11.375Z - info: Lazy website regeneration complete! Total build time: 0.196s
2020-11-03T03:28:40.274Z - info: Website generation started at 11:28:37 AM
2020-11-03T03:28:50.126Z - info: Building assets...
2020-11-03T03:28:56.351Z - info: Assets built
2020-11-03T03:28:56.352Z - info: Generating pages...
2020-11-03T03:29:13.844Z - debug: The process cannot access the file because it is being used by another process.

2020-11-03T03:29:13.845Z - debug: The process cannot access the file because it is being used by another process.

2020-11-03T03:29:14.965Z - debug: The process cannot access the file because it is being used by another process.

2020-11-03T03:29:14.966Z - debug: The process cannot access the file because it is being used by another process.

2020-11-03T03:29:14.967Z - debug:  
2020-11-03T03:29:14.967Z - debug:  
2020-11-03T03:29:14.967Z - debug:  
2020-11-03T03:29:14.967Z - debug:  
2020-11-03T03:29:14.967Z - debug:  
2020-11-03T03:29:19.962Z - debug: The process cannot access the file because it is being used by another process.

2020-11-03T03:29:19.962Z - debug: The process cannot access the file because it is being used by another process.

2020-11-03T03:29:19.962Z - debug:  
2020-11-03T03:29:21.361Z - debug: The process cannot access the file because it is being used by another process.

2020-11-03T03:29:21.362Z - debug: The process cannot access the file because it is being used by another process.

2020-11-03T03:29:21.362Z - debug:  
2020-11-03T03:29:21.665Z - debug:  
2020-11-03T03:29:21.717Z - debug:  
2020-11-03T03:29:21.959Z - debug: The process cannot access the file because it is being used by another process.

2020-11-03T03:29:21.960Z - debug: The process cannot access the file because it is being used by another process.

2020-11-03T03:29:25.332Z - debug:  
2020-11-03T03:29:25.393Z - debug:  
2020-11-03T03:29:40.068Z - debug: The process cannot access the file because it is being used by another process.

2020-11-03T03:29:40.595Z - debug: The process cannot access the file because it is being used by another process.

2020-11-03T03:29:41.722Z - debug: The process cannot access the file because it is being used by another process.

2020-11-03T03:29:41.847Z - debug:  
2020-11-03T03:29:43.442Z - debug: The process cannot access the file because it is being used by another process.

2020-11-03T03:29:43.935Z - debug: The process cannot access the file because it is being used by another process.

2020-11-03T03:29:45.601Z - debug:  
2020-11-03T03:29:47.515Z - debug:  
2020-11-03T03:29:49.371Z - debug: The process cannot access the file because it is being used by another process.

2020-11-03T03:29:49.372Z - debug: The process cannot access the file because it is being used by another process.

2020-11-03T03:29:51.441Z - debug: The process cannot access the file because it is being used by another process.

2020-11-03T03:29:51.441Z - debug: The process cannot access the file because it is being used by another process.

2020-11-03T03:29:51.624Z - debug:  
2020-11-03T03:29:53.542Z - debug:  
2020-11-03T03:29:55.132Z - debug:  
2020-11-03T03:29:55.343Z - debug:  
2020-11-03T03:30:01.783Z - debug: The process cannot access the file because it is being used by another process.

2020-11-03T03:30:03.895Z - debug: The process cannot access the file because it is being used by another process.

2020-11-03T03:30:04.157Z - debug:  
2020-11-03T03:30:25.783Z - debug:  
2020-11-03T03:30:25.882Z - debug:  
2020-11-03T03:30:25.882Z - debug:  
2020-11-03T03:30:25.882Z - debug:  
2020-11-03T03:30:33.221Z - debug:  
2020-11-03T03:30:33.221Z - debug:  
2020-11-03T03:30:33.221Z - debug:  
2020-11-03T03:30:33.221Z - debug:  
2020-11-03T03:30:40.309Z - debug:  
2020-11-03T03:30:40.309Z - debug:  
2020-11-03T03:30:40.310Z - debug:  
2020-11-03T03:30:40.310Z - debug:  
2020-11-03T03:30:44.781Z - debug: The process cannot access the file because it is being used by another process.

2020-11-03T03:30:46.668Z - debug:  
2020-11-03T03:30:48.635Z - debug:  
2020-11-03T03:30:48.635Z - debug:  
2020-11-03T03:30:53.225Z - debug:  
2020-11-03T03:31:05.743Z - debug:  
2020-11-03T03:31:06.842Z - debug:  
2020-11-03T03:31:16.981Z - debug:  
2020-11-03T03:31:16.981Z - debug:  
2020-11-03T03:31:20.914Z - info: Pages built
2020-11-03T03:31:44.493Z - info: Website generation complete! Total build time: 187.39s
2020-11-03T03:31:44.497Z - info: Build success!
2020-11-03T03:31:44.501Z - info: Site data built
2020-11-03T03:32:29.590Z - info: Deployed!
2020-11-03T14:24:22.458Z - info: Website generation (lazy) started at 10:24:12 PM
2020-11-03T14:24:35.657Z - info: Building assets...
2020-11-03T14:24:46.072Z - info: Assets built
2020-11-03T14:24:46.074Z - info: Generating landing page...
2020-11-03T14:24:47.396Z - info: Landing page built, other pages will be built as you navigate to them!
2020-11-03T14:24:47.494Z - info: Website generation (lazy) complete! Total build time: 35.069s
2020-11-03T14:24:48.929Z - info: Serving "C:\repos\nus-cs2103-AY2021S1\cs2103-website\_site" at http://127.0.0.1:8080
2020-11-03T14:24:48.930Z - info: Press CTRL+C to stop ...
2020-11-03T14:24:49.049Z - info: Site data built
2020-11-03T14:27:33.160Z - info: Building C:\repos\nus-cs2103-AY2021S1\cs2103-website\schedule\week11\index as some of its dependencies were changed since the last visit
2020-11-03T14:27:34.267Z - info: Site data built
2020-11-03T14:27:34.268Z - info: Lazy website regeneration complete! Total build time: 1.111s
2020-11-03T14:27:37.055Z - info: Building C:\repos\nus-cs2103-AY2021S1\cs2103-website\schedule\week11\topics as some of its dependencies were changed since the last visit
2020-11-03T14:27:41.916Z - info: Site data built
2020-11-03T14:27:41.918Z - info: Lazy website regeneration complete! Total build time: 4.863s
2020-11-03T14:27:44.827Z - debug:  
2020-11-03T14:27:45.506Z - debug:  
2020-11-03T14:28:29.185Z - info: [10:28:29 PM] Reload for file change: C:\repos\nus-cs2103-AY2021S1\cs2103-website\admin\common-commentary.mbdf
2020-11-03T14:28:30.206Z - info: Rebuilding 1 pages
2020-11-03T14:28:35.797Z - info: Pages rebuilt
2020-11-03T14:28:35.798Z - info: Website regeneration complete! Total build time: 5.594s
2020-11-03T14:28:36.091Z - info: Site data built
2020-11-03T14:28:38.328Z - debug:  
2020-11-03T14:28:38.388Z - debug:  
2020-11-03T14:29:32.986Z - info: [10:29:32 PM] Reload for file change: C:\repos\nus-cs2103-AY2021S1\cs2103-website\admin\common-commentary.mbdf
2020-11-03T14:29:34.000Z - info: Rebuilding 1 pages
2020-11-03T14:29:37.978Z - info: Pages rebuilt
2020-11-03T14:29:37.978Z - info: Website regeneration complete! Total build time: 3.983s
2020-11-03T14:29:38.052Z - info: Site data built
2020-11-03T14:29:39.254Z - debug:  
2020-11-03T14:29:39.403Z - debug:  
2020-11-03T14:29:59.355Z - info: [10:29:59 PM] Reload for file change: C:\repos\nus-cs2103-AY2021S1\cs2103-website\admin\common-commentary.mbdf
2020-11-03T14:30:00.369Z - info: Rebuilding 1 pages
2020-11-03T14:30:03.337Z - info: Pages rebuilt
2020-11-03T14:30:03.338Z - info: Website regeneration complete! Total build time: 2.973s
2020-11-03T14:30:03.390Z - info: Site data built
2020-11-03T14:30:05.958Z - debug:  
2020-11-03T14:30:06.037Z - debug:  
2020-11-03T14:31:34.525Z - info: [10:31:34 PM] Reload for file change: C:\repos\nus-cs2103-AY2021S1\cs2103-website\schedule\week8\commentary-cs2103.mbdf
2020-11-03T14:31:35.536Z - info: No pages needed to be rebuilt
2020-11-03T14:33:00.221Z - info: Building C:\repos\nus-cs2103-AY2021S1\cs2103-website\schedule\timeline as some of its dependencies were changed since the last visit
2020-11-03T14:33:04.083Z - info: Site data built
2020-11-03T14:33:04.083Z - info: Lazy website regeneration complete! Total build time: 3.863s
2020-11-03T14:33:26.693Z - info: Building C:\repos\nus-cs2103-AY2021S1\cs2103-website\schedule\week7\topics as some of its dependencies were changed since the last visit
2020-11-03T14:33:31.922Z - info: Site data built
2020-11-03T14:33:31.924Z - info: Lazy website regeneration complete! Total build time: 5.232s
2020-11-03T14:33:33.699Z - debug:  
2020-11-03T14:33:33.700Z - debug:  
2020-11-03T14:34:36.826Z - info: [10:34:36 PM] Reload for file change: C:\repos\nus-cs2103-AY2021S1\cs2103-website\admin\common-commentary.mbdf
2020-11-03T14:34:37.842Z - info: Rebuilding 1 pages
2020-11-03T14:34:44.989Z - info: Pages rebuilt
2020-11-03T14:34:44.990Z - info: Website regeneration complete! Total build time: 7.15s
2020-11-03T14:34:45.070Z - info: Site data built
2020-11-03T14:34:45.958Z - debug:  
2020-11-03T14:34:45.958Z - debug:  
2020-11-03T14:35:13.456Z - info: [10:35:13 PM] Reload for file change: C:\repos\nus-cs2103-AY2021S1\cs2103-website\admin\common-commentary.mbdf
2020-11-03T14:35:14.465Z - info: Rebuilding 1 pages
2020-11-03T14:35:19.719Z - info: Pages rebuilt
2020-11-03T14:35:19.719Z - info: Website regeneration complete! Total build time: 5.258s
2020-11-03T14:35:19.908Z - info: Site data built
2020-11-03T14:35:20.926Z - debug:  
2020-11-03T14:35:20.978Z - debug:  
2020-11-03T14:37:46.369Z - info: [10:37:46 PM] Reload for file change: C:\repos\nus-cs2103-AY2021S1\cs2103-website\schedule\week8\commentary-cs2103.mbdf
2020-11-03T14:37:46.380Z - info: [10:37:46 PM] Reload for file change: C:\repos\nus-cs2103-AY2021S1\cs2103-website\schedule\week8\topics.md
2020-11-03T14:37:47.385Z - info: No pages needed to be rebuilt
2020-11-03T14:45:56.130Z - info: Website generation started at 10:45:52 PM
2020-11-03T14:46:11.487Z - info: Building assets...
2020-11-03T14:46:21.516Z - info: Assets built
2020-11-03T14:46:21.517Z - info: Generating pages...
2020-11-03T14:46:36.924Z - debug: The process cannot access the file because it is being used by another process.

2020-11-03T14:46:36.925Z - debug: The process cannot access the file because it is being used by another process.

2020-11-03T14:46:37.885Z - debug: The process cannot access the file because it is being used by another process.

2020-11-03T14:46:37.886Z - debug: The process cannot access the file because it is being used by another process.

2020-11-03T14:46:37.886Z - debug:  
2020-11-03T14:46:37.886Z - debug:  
2020-11-03T14:46:37.886Z - debug:  
2020-11-03T14:46:37.886Z - debug:  
2020-11-03T14:46:37.887Z - debug:  
2020-11-03T14:46:43.069Z - debug: The process cannot access the file because it is being used by another process.

2020-11-03T14:46:43.070Z - debug: The process cannot access the file because it is being used by another process.

2020-11-03T14:46:43.070Z - debug:  
2020-11-03T14:46:44.755Z - debug: The process cannot access the file because it is being used by another process.

2020-11-03T14:46:44.755Z - debug: The process cannot access the file because it is being used by another process.

2020-11-03T14:46:44.755Z - debug:  
2020-11-03T14:46:45.472Z - debug: The process cannot access the file because it is being used by another process.

2020-11-03T14:46:45.472Z - debug:  
2020-11-03T14:46:45.742Z - debug: The process cannot access the file because it is being used by another process.

2020-11-03T14:46:45.743Z - debug: The process cannot access the file because it is being used by another process.

2020-11-03T14:46:46.345Z - debug:  
2020-11-03T14:46:50.364Z - debug:  
2020-11-03T14:47:05.586Z - debug: The process cannot access the file because it is being used by another process.

2020-11-03T14:47:06.217Z - debug: The process cannot access the file because it is being used by another process.

2020-11-03T14:47:07.434Z - debug: The process cannot access the file because it is being used by another process.

2020-11-03T14:47:07.434Z - debug:  
2020-11-03T14:47:09.516Z - debug: The process cannot access the file because it is being used by another process.

2020-11-03T14:47:10.182Z - debug: The process cannot access the file because it is being used by another process.

2020-11-03T14:47:11.865Z - debug:  
2020-11-03T14:47:14.052Z - debug:  
2020-11-03T14:47:16.326Z - debug: The process cannot access the file because it is being used by another process.

2020-11-03T14:47:16.326Z - debug: The process cannot access the file because it is being used by another process.

2020-11-03T14:47:19.094Z - debug: The process cannot access the file because it is being used by another process.

2020-11-03T14:47:19.094Z - debug: The process cannot access the file because it is being used by another process.

2020-11-03T14:47:21.958Z - debug:  
2020-11-03T14:47:21.958Z - debug:  
2020-11-03T14:47:24.646Z - debug:  
2020-11-03T14:47:24.901Z - debug:  
2020-11-03T14:47:31.588Z - debug: The process cannot access the file because it is being used by another process.

2020-11-03T14:47:34.263Z - debug: The process cannot access the file because it is being used by another process.

2020-11-03T14:47:34.492Z - debug:  
2020-11-03T14:47:58.732Z - debug:  
2020-11-03T14:47:58.734Z - debug:  
2020-11-03T14:47:58.926Z - debug:  
2020-11-03T14:47:58.927Z - debug:  
2020-11-03T14:48:07.288Z - debug:  
2020-11-03T14:48:07.288Z - debug:  
2020-11-03T14:48:07.288Z - debug:  
2020-11-03T14:48:16.661Z - debug:  
2020-11-03T14:48:16.662Z - debug:  
2020-11-03T14:48:16.662Z - debug:  
2020-11-03T14:48:16.662Z - debug:  
2020-11-03T14:48:16.662Z - debug:  
2020-11-03T14:48:20.817Z - debug: The process cannot access the file because it is being used by another process.

2020-11-03T14:48:22.965Z - debug:  
2020-11-03T14:48:24.930Z - debug:  
2020-11-03T14:48:24.931Z - debug:  
2020-11-03T14:48:29.768Z - debug:  
2020-11-03T14:48:38.696Z - debug:  
2020-11-03T14:48:46.046Z - debug:  
2020-11-03T14:48:54.408Z - debug:  
2020-11-03T14:48:54.408Z - debug:  
2020-11-03T14:48:59.313Z - info: Pages built
2020-11-03T14:49:23.181Z - info: Website generation complete! Total build time: 210.752s
2020-11-03T14:49:23.184Z - info: Build success!
2020-11-03T14:49:23.187Z - info: Site data built
2020-11-03T14:50:15.114Z - info: Deployed!
2020-11-03T15:36:05.983Z - info: Website generation (lazy) started at 11:36:00 PM
2020-11-03T15:36:15.318Z - info: Building assets...
2020-11-03T15:36:21.426Z - info: Assets built
2020-11-03T15:36:21.427Z - info: Generating landing page...
2020-11-03T15:36:22.504Z - info: Landing page built, other pages will be built as you navigate to them!
2020-11-03T15:36:22.611Z - info: Website generation (lazy) complete! Total build time: 22.223s
2020-11-03T15:36:23.431Z - info: Serving "C:\repos\nus-cs2103-AY2021S1\cs2103-website\_site" at http://127.0.0.1:8080
2020-11-03T15:36:23.431Z - info: Press CTRL+C to stop ...
2020-11-03T15:36:23.498Z - info: Site data built
2020-11-03T15:40:34.258Z - info: Building C:\repos\nus-cs2103-AY2021S1\cs2103-website\se-book-adapted\index as some of its dependencies were changed since the last visit
2020-11-03T15:40:34.723Z - info: Site data built
2020-11-03T15:40:34.733Z - info: Lazy website regeneration complete! Total build time: 0.476s
2020-11-03T15:40:57.471Z - info: Building C:\repos\nus-cs2103-AY2021S1\cs2103-website\schedule\timeline as some of its dependencies were changed since the last visit
2020-11-03T15:41:05.017Z - info: Site data built
2020-11-03T15:41:05.018Z - info: Lazy website regeneration complete! Total build time: 7.548s
2020-11-03T15:41:23.481Z - info: Building C:\repos\nus-cs2103-AY2021S1\cs2103-website\schedule\week8\topics as some of its dependencies were changed since the last visit
2020-11-03T15:41:31.029Z - debug:  
2020-11-03T15:41:31.066Z - debug:  
2020-11-03T15:41:32.217Z - debug:  
2020-11-03T15:41:32.217Z - debug:  
2020-11-03T15:41:32.239Z - info: Site data built
2020-11-03T15:41:32.247Z - info: Lazy website regeneration complete! Total build time: 8.766s
2020-11-03T15:42:40.202Z - info: Website generation started at 11:42:37 PM
2020-11-03T15:42:48.536Z - info: Building assets...
2020-11-03T15:42:54.031Z - info: Assets built
2020-11-03T15:42:54.032Z - info: Generating pages...
2020-11-03T15:43:08.445Z - debug: The process cannot access the file because it is being used by another process.

2020-11-03T15:43:08.445Z - debug: The process cannot access the file because it is being used by another process.

2020-11-03T15:43:12.096Z - debug:  
2020-11-03T15:43:12.096Z - debug:  
2020-11-03T15:43:12.096Z - debug:  
2020-11-03T15:43:12.097Z - debug:  
2020-11-03T15:43:12.097Z - debug:  
2020-11-03T15:43:13.399Z - debug:  
2020-11-03T15:43:13.887Z - debug:  
2020-11-03T15:43:18.225Z - debug:  
2020-11-03T15:43:18.226Z - debug: The process cannot access the file because it is being used by another process.

2020-11-03T15:43:18.226Z - debug: The process cannot access the file because it is being used by another process.

2020-11-03T15:43:18.226Z - debug:  
2020-11-03T15:43:18.227Z - debug:  
2020-11-03T15:43:19.709Z - debug: The process cannot access the file because it is being used by another process.

2020-11-03T15:43:19.709Z - debug: The process cannot access the file because it is being used by another process.

2020-11-03T15:43:19.842Z - debug:  
2020-11-03T15:43:19.880Z - debug:  
2020-11-03T15:43:20.418Z - debug: The process cannot access the file because it is being used by another process.

2020-11-03T15:43:20.418Z - debug: The process cannot access the file because it is being used by another process.

2020-11-03T15:43:23.774Z - debug:  
2020-11-03T15:43:23.842Z - debug:  
2020-11-03T15:43:37.236Z - debug: The process cannot access the file because it is being used by another process.

2020-11-03T15:43:37.951Z - debug: The process cannot access the file because it is being used by another process.

2020-11-03T15:43:38.726Z - debug: The process cannot access the file because it is being used by another process.

2020-11-03T15:43:38.768Z - debug:  
2020-11-03T15:43:40.170Z - debug: The process cannot access the file because it is being used by another process.

2020-11-03T15:43:40.841Z - debug: The process cannot access the file because it is being used by another process.

2020-11-03T15:43:42.027Z - debug:  
2020-11-03T15:43:43.633Z - debug:  
2020-11-03T15:43:45.673Z - debug: The process cannot access the file because it is being used by another process.

2020-11-03T15:43:45.673Z - debug: The process cannot access the file because it is being used by another process.

2020-11-03T15:43:47.371Z - debug: The process cannot access the file because it is being used by another process.

2020-11-03T15:43:47.371Z - debug: The process cannot access the file because it is being used by another process.

2020-11-03T15:43:47.655Z - debug:  
2020-11-03T15:43:50.042Z - debug:  
2020-11-03T15:43:51.465Z - debug:  
2020-11-03T15:43:51.465Z - debug:  
2020-11-03T15:43:57.234Z - debug: The process cannot access the file because it is being used by another process.

2020-11-03T15:43:59.663Z - debug: The process cannot access the file because it is being used by another process.

2020-11-03T15:43:59.933Z - debug:  
2020-11-03T15:44:21.309Z - debug:  
2020-11-03T15:44:21.722Z - debug:  
2020-11-03T15:44:21.723Z - debug:  
2020-11-03T15:44:21.723Z - debug:  
2020-11-03T15:44:23.550Z - debug: The process cannot access the file because it is being used by another process.

2020-11-03T15:44:27.562Z - debug:  
2020-11-03T15:44:27.773Z - debug:  
2020-11-03T15:44:29.072Z - debug:  
2020-11-03T15:44:37.265Z - debug:  
2020-11-03T15:44:41.058Z - debug:  
2020-11-03T15:44:41.058Z - debug:  
2020-11-03T15:44:41.058Z - debug:  
2020-11-03T15:44:41.058Z - debug:  
2020-11-03T15:44:48.392Z - debug: The process cannot access the file because it is being used by another process.

2020-11-03T15:44:49.228Z - debug:  
2020-11-03T15:44:50.533Z - debug:  
2020-11-03T15:44:50.533Z - debug:  
2020-11-03T15:44:56.003Z - debug:  
2020-11-03T15:45:09.031Z - debug:  
2020-11-03T15:45:10.230Z - debug:  
2020-11-03T15:45:10.231Z - debug:  
2020-11-03T15:45:14.418Z - debug:  
2020-11-03T15:45:14.418Z - debug:  
2020-11-03T15:45:26.404Z - debug:  
2020-11-03T15:45:27.623Z - debug:  
2020-11-03T15:45:58.380Z - debug:  
2020-11-03T15:46:12.335Z - debug:  
2020-11-03T15:46:12.336Z - debug:  
2020-11-03T15:46:24.242Z - info: Pages built
2020-11-03T15:46:52.301Z - info: Website generation complete! Total build time: 254.693s
2020-11-03T15:46:52.305Z - info: Build success!
2020-11-03T15:46:52.305Z - debug:  
2020-11-03T15:46:52.308Z - info: Site data built
2020-11-03T15:47:33.477Z - info: Deployed!
