2020-10-12T15:37:11.938Z - info: Website generation (lazy) started at 11:37:05 PM
2020-10-12T15:37:22.363Z - info: Building assets...
2020-10-12T15:37:28.434Z - info: Assets built
2020-10-12T15:37:28.435Z - info: Generating landing page...
2020-10-12T15:37:28.761Z - error:  Template render error: (unknown path)
  Template render error: (unknown path)
  Template render error: (unknown path)
  Template render error: (unknown path)
  Template render error: (unknown path)
  Template render error: (unknown path)
  Template render error: (unknown path)
  Template render error: (unknown path) [Line 219, Column 5]
  parseAggregate: expected colon after dict key
Error while preprocessing 'C:\repos\nus-cs2103-AY2021S1\cs2103-website\index.md'
    at Object._prettifyError (C:\Users\damithch\AppData\Roaming\npm\node_modules\markbind-cli\node_modules\nunjucks\src\lib.js:36:11)
    at C:\Users\damithch\AppData\Roaming\npm\node_modules\markbind-cli\node_modules\nunjucks\src\environment.js:561:19
    at Template.root [as rootRenderFunc] (eval at _compile (C:\Users\damithch\AppData\Roaming\npm\node_modules\markbind-cli\node_modules\nunjucks\src\environment.js:631:18), <anonymous>:619:3)
    at Template.render (C:\Users\damithch\AppData\Roaming\npm\node_modules\markbind-cli\node_modules\nunjucks\src\environment.js:550:10)
    at Environment.renderString (C:\Users\damithch\AppData\Roaming\npm\node_modules\markbind-cli\node_modules\nunjucks\src\environment.js:378:17)
    at VariableRenderer.render (C:\Users\damithch\AppData\Roaming\npm\node_modules\markbind-cli\node_modules\@markbind\core\src\variables\VariableRenderer.js:79:17)
    at VariableProcessor.renderSiteVariables (C:\Users\damithch\AppData\Roaming\npm\node_modules\markbind-cli\node_modules\@markbind\core\src\variables\VariableProcessor.js:151:53)
    at VariableProcessor.renderIncludeFile (C:\Users\damithch\AppData\Roaming\npm\node_modules\markbind-cli\node_modules\@markbind\core\src\variables\VariableProcessor.js:390:34)
    at _preprocessInclude (C:\Users\damithch\AppData\Roaming\npm\node_modules\markbind-cli\node_modules\@markbind\core\src\preprocessors\componentPreprocessor.js:242:25)
    at Object.preProcessComponent (C:\Users\damithch\AppData\Roaming\npm\node_modules\markbind-cli\node_modules\@markbind\core\src\preprocessors\componentPreprocessor.js:349:12)
    at C:\Users\damithch\AppData\Roaming\npm\node_modules\markbind-cli\node_modules\@markbind\core\src\Parser.js:187:47
    at Array.map (<anonymous>)
    at DomHandler._callback (C:\Users\damithch\AppData\Roaming\npm\node_modules\markbind-cli\node_modules\@markbind\core\src\Parser.js:184:27)
    at DomHandler._handleCallback.DomHandler.onerror (C:\Users\damithch\AppData\Roaming\npm\node_modules\markbind-cli\node_modules\domhandler\index.js:52:8)
    at DomHandler.onend (C:\Users\damithch\AppData\Roaming\npm\node_modules\markbind-cli\node_modules\domhandler\index.js:46:7)
    at Parser.onend (C:\Users\damithch\AppData\Roaming\npm\node_modules\markbind-cli\node_modules\htmlparser2\lib\Parser.js:340:36)
2020-10-12T15:37:28.858Z - info: Landing page built, other pages will be built as you navigate to them!
2020-10-12T15:37:28.975Z - info: Website generation (lazy) complete! Total build time: 23.396s
2020-10-12T15:37:29.919Z - info: Serving "C:\repos\nus-cs2103-AY2021S1\cs2103-website\_site" at http://127.0.0.1:8080
2020-10-12T15:37:29.920Z - info: Press CTRL+C to stop ...
2020-10-12T15:37:30.014Z - info: Site data built
2020-10-12T15:38:00.692Z - info: [11:38:00 PM] Reload for file change: C:\repos\nus-cs2103-AY2021S1\cs2103-website\_module-TIC2002\weeklyTextbookTopics.mbdf
2020-10-12T15:38:08.835Z - info: Website generation (lazy) started at 11:38:06 PM
2020-10-12T15:38:18.530Z - info: Building assets...
2020-10-12T15:38:24.192Z - info: Assets built
2020-10-12T15:38:24.193Z - info: Generating landing page...
2020-10-12T15:38:25.372Z - info: Landing page built, other pages will be built as you navigate to them!
2020-10-12T15:38:25.458Z - info: Website generation (lazy) complete! Total build time: 19.275s
2020-10-12T15:38:26.270Z - info: Serving "C:\repos\nus-cs2103-AY2021S1\cs2103-website\_site" at http://127.0.0.1:8080
2020-10-12T15:38:26.270Z - info: Press CTRL+C to stop ...
2020-10-12T15:38:26.325Z - info: Site data built
2020-10-12T15:38:38.596Z - info: Building C:\repos\nus-cs2103-AY2021S1\cs2103-website\schedule\week9\index as some of its dependencies were changed since the last visit
2020-10-12T15:38:39.280Z - info: Site data built
2020-10-12T15:38:39.281Z - info: Lazy website regeneration complete! Total build time: 0.686s
2020-10-12T15:39:20.942Z - info: Building C:\repos\nus-cs2103-AY2021S1\cs2103-website\schedule\week9\topics as some of its dependencies were changed since the last visit
2020-10-12T15:39:23.859Z - info: Site data built
2020-10-12T15:39:23.862Z - info: Lazy website regeneration complete! Total build time: 2.921s
2020-10-12T15:41:59.177Z - info: [11:41:59 PM] Reload for file add: C:\repos\nus-cs2103-AY2021S1\cs2103-website\schedule\week9\commentary-tic2002.mbdf
2020-10-12T15:42:00.181Z - info: File added or removed, updating list of site's pages...
2020-10-12T15:42:05.936Z - info: Assets removed
2020-10-12T15:42:07.090Z - info: Building C:\repos\nus-cs2103-AY2021S1\cs2103-website\schedule\week9\topics as some of its dependencies were changed since the last visit
2020-10-12T15:42:09.982Z - info: Site data built
2020-10-12T15:42:09.998Z - info: Lazy website regeneration complete! Total build time: 2.909s
2020-10-12T15:42:42.130Z - info: [11:42:42 PM] Reload for file change: C:\repos\nus-cs2103-AY2021S1\cs2103-website\schedule\week9\commentary-tic2002.mbdf
2020-10-12T15:42:43.141Z - info: Rebuilding 1 pages
2020-10-12T15:42:46.013Z - info: Pages rebuilt
2020-10-12T15:42:46.013Z - info: Website regeneration complete! Total build time: 2.874s
2020-10-12T15:42:46.024Z - info: Site data built
2020-10-12T15:43:14.947Z - info: [11:43:14 PM] Reload for file change: C:\repos\nus-cs2103-AY2021S1\cs2103-website\schedule\week9\commentary-tic2002.mbdf
2020-10-12T15:43:15.958Z - info: Rebuilding 1 pages
2020-10-12T15:43:16.813Z - error:  Error: No such segment 'followup-requirements-gathering' in file: C:\repos\nus-cs2103-AY2021S1\cs2103-website\admin\common-commentary.mbdf
Missing reference in C:\repos\nus-cs2103-AY2021S1\cs2103-website\schedule\week9\followup-box.md
    at _preprocessInclude (C:\Users\damithch\AppData\Roaming\npm\node_modules\markbind-cli\node_modules\@markbind\core\src\preprocessors\componentPreprocessor.js:264:21)
    at preProcessComponent (C:\Users\damithch\AppData\Roaming\npm\node_modules\markbind-cli\node_modules\@markbind\core\src\preprocessors\componentPreprocessor.js:349:12)
    at C:\Users\damithch\AppData\Roaming\npm\node_modules\markbind-cli\node_modules\@markbind\core\src\preprocessors\componentPreprocessor.js:356:52
    at Array.map (<anonymous>)
    at preProcessComponent (C:\Users\damithch\AppData\Roaming\npm\node_modules\markbind-cli\node_modules\@markbind\core\src\preprocessors\componentPreprocessor.js:356:43)
    at C:\Users\damithch\AppData\Roaming\npm\node_modules\markbind-cli\node_modules\@markbind\core\src\preprocessors\componentPreprocessor.js:356:52
    at Array.map (<anonymous>)
    at preProcessComponent (C:\Users\damithch\AppData\Roaming\npm\node_modules\markbind-cli\node_modules\@markbind\core\src\preprocessors\componentPreprocessor.js:356:43)
    at C:\Users\damithch\AppData\Roaming\npm\node_modules\markbind-cli\node_modules\@markbind\core\src\preprocessors\componentPreprocessor.js:356:52
    at Array.map (<anonymous>)
    at preProcessComponent (C:\Users\damithch\AppData\Roaming\npm\node_modules\markbind-cli\node_modules\@markbind\core\src\preprocessors\componentPreprocessor.js:356:43)
    at C:\Users\damithch\AppData\Roaming\npm\node_modules\markbind-cli\node_modules\@markbind\core\src\preprocessors\componentPreprocessor.js:298:50
    at Array.map (<anonymous>)
    at _preprocessInclude (C:\Users\damithch\AppData\Roaming\npm\node_modules\markbind-cli\node_modules\@markbind\core\src\preprocessors\componentPreprocessor.js:298:41)
    at preProcessComponent (C:\Users\damithch\AppData\Roaming\npm\node_modules\markbind-cli\node_modules\@markbind\core\src\preprocessors\componentPreprocessor.js:349:12)
    at C:\Users\damithch\AppData\Roaming\npm\node_modules\markbind-cli\node_modules\@markbind\core\src\preprocessors\componentPreprocessor.js:356:52
2020-10-12T15:43:18.874Z - info: Pages rebuilt
2020-10-12T15:43:18.874Z - info: Website regeneration complete! Total build time: 2.922s
2020-10-12T15:43:18.924Z - info: Site data built
2020-10-12T15:43:44.961Z - info: [11:43:44 PM] Reload for file change: C:\repos\nus-cs2103-AY2021S1\cs2103-website\schedule\week9\commentary-tic2002.mbdf
2020-10-12T15:43:45.967Z - info: Rebuilding 1 pages
2020-10-12T15:43:48.671Z - info: Pages rebuilt
2020-10-12T15:43:48.671Z - info: Website regeneration complete! Total build time: 2.706s
2020-10-12T15:43:48.754Z - info: Site data built
2020-10-12T15:44:18.188Z - info: [11:44:18 PM] Reload for file change: C:\repos\nus-cs2103-AY2021S1\cs2103-website\schedule\week9\commentary-tic2002.mbdf
2020-10-12T15:44:19.208Z - info: Rebuilding 1 pages
2020-10-12T15:44:21.799Z - info: Pages rebuilt
2020-10-12T15:44:21.800Z - info: Website regeneration complete! Total build time: 2.595s
2020-10-12T15:44:21.827Z - info: Site data built
2020-10-12T15:44:36.228Z - info: [11:44:36 PM] Reload for file change: C:\repos\nus-cs2103-AY2021S1\cs2103-website\schedule\week9\commentary-tic2002.mbdf
2020-10-12T15:44:37.230Z - info: Rebuilding 1 pages
2020-10-12T15:44:38.173Z - error:  Error: No such segment 'unit-testing' in file: C:\repos\nus-cs2103-AY2021S1\cs2103-website\admin\common-commentary.mbdf
Missing reference in C:\repos\nus-cs2103-AY2021S1\cs2103-website\schedule\week9\commentary-box.md
    at _preprocessInclude (C:\Users\damithch\AppData\Roaming\npm\node_modules\markbind-cli\node_modules\@markbind\core\src\preprocessors\componentPreprocessor.js:264:21)
    at preProcessComponent (C:\Users\damithch\AppData\Roaming\npm\node_modules\markbind-cli\node_modules\@markbind\core\src\preprocessors\componentPreprocessor.js:349:12)
    at C:\Users\damithch\AppData\Roaming\npm\node_modules\markbind-cli\node_modules\@markbind\core\src\preprocessors\componentPreprocessor.js:356:52
    at Array.map (<anonymous>)
    at preProcessComponent (C:\Users\damithch\AppData\Roaming\npm\node_modules\markbind-cli\node_modules\@markbind\core\src\preprocessors\componentPreprocessor.js:356:43)
    at C:\Users\damithch\AppData\Roaming\npm\node_modules\markbind-cli\node_modules\@markbind\core\src\preprocessors\componentPreprocessor.js:356:52
    at Array.map (<anonymous>)
    at preProcessComponent (C:\Users\damithch\AppData\Roaming\npm\node_modules\markbind-cli\node_modules\@markbind\core\src\preprocessors\componentPreprocessor.js:356:43)
    at C:\Users\damithch\AppData\Roaming\npm\node_modules\markbind-cli\node_modules\@markbind\core\src\preprocessors\componentPreprocessor.js:356:52
    at Array.map (<anonymous>)
    at preProcessComponent (C:\Users\damithch\AppData\Roaming\npm\node_modules\markbind-cli\node_modules\@markbind\core\src\preprocessors\componentPreprocessor.js:356:43)
    at C:\Users\damithch\AppData\Roaming\npm\node_modules\markbind-cli\node_modules\@markbind\core\src\preprocessors\componentPreprocessor.js:298:50
    at Array.map (<anonymous>)
    at _preprocessInclude (C:\Users\damithch\AppData\Roaming\npm\node_modules\markbind-cli\node_modules\@markbind\core\src\preprocessors\componentPreprocessor.js:298:41)
    at preProcessComponent (C:\Users\damithch\AppData\Roaming\npm\node_modules\markbind-cli\node_modules\@markbind\core\src\preprocessors\componentPreprocessor.js:349:12)
    at C:\Users\damithch\AppData\Roaming\npm\node_modules\markbind-cli\node_modules\@markbind\core\src\preprocessors\componentPreprocessor.js:356:52
2020-10-12T15:44:39.494Z - info: Pages rebuilt
2020-10-12T15:44:39.494Z - info: Website regeneration complete! Total build time: 2.265s
2020-10-12T15:44:39.527Z - info: Site data built
2020-10-12T15:46:54.018Z - info: [11:46:54 PM] Reload for file change: C:\repos\nus-cs2103-AY2021S1\cs2103-website\schedule\week9\commentary-tic2002.mbdf
2020-10-12T15:46:55.023Z - info: Rebuilding 1 pages
2020-10-12T15:46:57.840Z - info: Pages rebuilt
2020-10-12T15:46:57.841Z - info: Website regeneration complete! Total build time: 2.823s
2020-10-12T15:46:57.912Z - info: Site data built
2020-10-12T15:47:30.259Z - info: [11:47:30 PM] Reload for file add: C:\repos\nus-cs2103-AY2021S1\cs2103-website\debug.log
2020-10-12T15:47:31.272Z - info: Assets built
2020-10-12T15:52:13.452Z - info: [11:52:13 PM] Reload for file change: C:\repos\nus-cs2103-AY2021S1\cs2103-website\admin\common-commentary.mbdf
2020-10-12T15:52:14.460Z - info: Rebuilding 1 pages
2020-10-12T15:52:16.519Z - info: Pages rebuilt
2020-10-12T15:52:16.519Z - info: Website regeneration complete! Total build time: 2.061s
2020-10-12T15:52:16.624Z - info: Site data built
2020-10-12T15:52:25.245Z - info: [11:52:25 PM] Reload for file change: C:\repos\nus-cs2103-AY2021S1\cs2103-website\schedule\week9\commentary-tic2002.mbdf
2020-10-12T15:52:26.249Z - info: Rebuilding 1 pages
2020-10-12T15:52:28.493Z - info: Pages rebuilt
2020-10-12T15:52:28.494Z - info: Website regeneration complete! Total build time: 2.246s
2020-10-12T15:52:28.523Z - info: Site data built
2020-10-12T15:55:37.583Z - info: [11:55:37 PM] Reload for file change: C:\repos\nus-cs2103-AY2021S1\cs2103-website\admin\common-commentary.mbdf
2020-10-12T15:55:38.592Z - info: Rebuilding 1 pages
2020-10-12T15:55:40.950Z - info: Pages rebuilt
2020-10-12T15:55:40.950Z - info: Website regeneration complete! Total build time: 2.362s
2020-10-12T15:55:41.062Z - info: Site data built
2020-10-12T15:56:53.513Z - info: [11:56:53 PM] Reload for file change: C:\repos\nus-cs2103-AY2021S1\cs2103-website\admin\common-commentary.mbdf
2020-10-12T15:56:54.520Z - info: Rebuilding 1 pages
2020-10-12T15:56:56.527Z - info: Pages rebuilt
2020-10-12T15:56:56.528Z - info: Website regeneration complete! Total build time: 2.013s
2020-10-12T15:56:56.600Z - info: Site data built
2020-10-12T15:57:55.220Z - info: [11:57:55 PM] Reload for file change: C:\repos\nus-cs2103-AY2021S1\cs2103-website\admin\common-commentary.mbdf
2020-10-12T15:57:56.251Z - info: Rebuilding 1 pages
2020-10-12T15:57:58.313Z - info: Pages rebuilt
2020-10-12T15:57:58.313Z - info: Website regeneration complete! Total build time: 2.084s
2020-10-12T15:57:58.342Z - info: Site data built
2020-10-12T15:58:22.827Z - info: [11:58:22 PM] Reload for file change: C:\repos\nus-cs2103-AY2021S1\cs2103-website\admin\common-commentary.mbdf
2020-10-12T15:58:23.830Z - info: Rebuilding 1 pages
2020-10-12T15:58:26.207Z - info: Pages rebuilt
2020-10-12T15:58:26.207Z - info: Website regeneration complete! Total build time: 2.378s
2020-10-12T15:58:26.268Z - info: Site data built
2020-10-12T15:58:45.273Z - info: [11:58:45 PM] Reload for file change: C:\repos\nus-cs2103-AY2021S1\cs2103-website\admin\common-commentary.mbdf
2020-10-12T15:58:46.283Z - info: Rebuilding 1 pages
2020-10-12T15:58:48.260Z - info: Pages rebuilt
2020-10-12T15:58:48.261Z - info: Website regeneration complete! Total build time: 1.983s
2020-10-12T15:58:48.305Z - info: Site data built
2020-10-12T15:59:13.067Z - info: [11:59:13 PM] Reload for file change: C:\repos\nus-cs2103-AY2021S1\cs2103-website\admin\common-commentary.mbdf
2020-10-12T15:59:14.069Z - info: Rebuilding 1 pages
2020-10-12T15:59:16.222Z - info: Pages rebuilt
2020-10-12T15:59:16.223Z - info: Website regeneration complete! Total build time: 2.156s
2020-10-12T15:59:16.241Z - info: Site data built
