2020-10-25T07:53:32.895Z - info: Website generation (lazy) started at 3:53:26 PM
2020-10-25T07:53:44.122Z - info: Building assets...
2020-10-25T07:53:50.136Z - info: Assets built
2020-10-25T07:53:50.137Z - info: Generating landing page...
2020-10-25T07:53:51.924Z - info: Landing page built, other pages will be built as you navigate to them!
2020-10-25T07:53:52.063Z - info: Website generation (lazy) complete! Total build time: 25.913s
2020-10-25T07:53:52.923Z - info: Serving "C:\repos\nus-cs2103-AY2021S1\cs2103-website\_site" at http://127.0.0.1:8080
2020-10-25T07:53:52.923Z - info: Press CTRL+C to stop ...
2020-10-25T07:53:52.996Z - info: Site data built
2020-10-25T07:54:11.099Z - info: [3:54:11 PM] Reload for file change: C:\repos\nus-cs2103-AY2021S1\cs2103-website\admin\common-commentary.mbdf
2020-10-25T07:54:12.105Z - info: No pages needed to be rebuilt
2020-10-25T07:55:46.546Z - info: [3:55:46 PM] Reload for file change: C:\repos\nus-cs2103-AY2021S1\cs2103-website\admin\ip-grading.md
2020-10-25T07:55:47.556Z - info: No pages needed to be rebuilt
2020-10-25T07:55:54.756Z - info: Building C:\repos\nus-cs2103-AY2021S1\cs2103-website\admin\index as some of its dependencies were changed since the last visit
2020-10-25T07:55:55.492Z - info: Site data built
2020-10-25T07:55:55.493Z - info: Lazy website regeneration complete! Total build time: 0.738s
2020-10-25T07:56:02.104Z - info: Building C:\repos\nus-cs2103-AY2021S1\cs2103-website\admin\ip-grading as some of its dependencies were changed since the last visit
2020-10-25T07:56:02.308Z - info: Site data built
2020-10-25T07:56:02.308Z - info: Lazy website regeneration complete! Total build time: 0.204s
2020-10-25T08:00:09.793Z - info: [4:00:09 PM] Reload for file change: C:\repos\nus-cs2103-AY2021S1\cs2103-website\admin\ip-grading.md
2020-10-25T08:00:10.796Z - info: Rebuilding 1 pages
2020-10-25T08:00:11.009Z - info: Pages rebuilt
2020-10-25T08:00:11.009Z - info: Website regeneration complete! Total build time: 0.216s
2020-10-25T08:00:11.015Z - info: Site data built
2020-10-25T14:21:03.884Z - info: Website generation (lazy) started at 10:21:00 PM
2020-10-25T14:21:19.657Z - info: Building assets...
2020-10-25T14:21:25.489Z - info: Assets built
2020-10-25T14:21:25.490Z - info: Generating landing page...
2020-10-25T14:21:28.431Z - info: Landing page built, other pages will be built as you navigate to them!
2020-10-25T14:21:28.532Z - info: Website generation (lazy) complete! Total build time: 27.536s
2020-10-25T14:21:29.403Z - info: Serving "C:\repos\nus-cs2103-AY2021S1\cs2103-website\_site" at http://127.0.0.1:8080
2020-10-25T14:21:29.403Z - info: Press CTRL+C to stop ...
2020-10-25T14:21:29.467Z - info: Site data built
2020-10-25T14:23:47.297Z - info: Building C:\repos\nus-cs2103-AY2021S1\cs2103-website\schedule\week11\index as some of its dependencies were changed since the last visit
2020-10-25T14:23:48.011Z - info: Site data built
2020-10-25T14:23:48.012Z - info: Lazy website regeneration complete! Total build time: 0.739s
2020-10-25T14:24:05.867Z - info: Building C:\repos\nus-cs2103-AY2021S1\cs2103-website\schedule\week11\topics as some of its dependencies were changed since the last visit
2020-10-25T14:24:09.962Z - info: Site data built
2020-10-25T14:24:09.965Z - info: Lazy website regeneration complete! Total build time: 4.098s
2020-10-25T14:24:11.018Z - debug:  
2020-10-25T14:24:11.019Z - debug:  
2020-10-25T14:25:19.171Z - info: [10:25:19 PM] Reload for file change: C:\repos\nus-cs2103-AY2021S1\cs2103-website\_module-TIC2002\weeklyTextbookTopics.mbdf
2020-10-25T14:25:20.183Z - info: No pages needed to be rebuilt
2020-10-25T14:25:28.523Z - info: Website generation (lazy) started at 10:25:26 PM
2020-10-25T14:25:36.519Z - info: Building assets...
2020-10-25T14:25:42.103Z - info: Assets built
2020-10-25T14:25:42.104Z - info: Generating landing page...
2020-10-25T14:25:43.143Z - info: Landing page built, other pages will be built as you navigate to them!
2020-10-25T14:25:43.248Z - info: Website generation (lazy) complete! Total build time: 17.22s
2020-10-25T14:25:44.094Z - info: Serving "C:\repos\nus-cs2103-AY2021S1\cs2103-website\_site" at http://127.0.0.1:8080
2020-10-25T14:25:44.094Z - info: Press CTRL+C to stop ...
2020-10-25T14:25:44.158Z - info: Site data built
2020-10-25T14:26:02.318Z - info: [10:26:02 PM] Reload for file change: C:\repos\nus-cs2103-AY2021S1\cs2103-website\schedule\week11\commentary-tic2002.mbdf
2020-10-25T14:26:03.326Z - info: No pages needed to be rebuilt
2020-10-25T14:26:07.449Z - info: Building C:\repos\nus-cs2103-AY2021S1\cs2103-website\schedule\week11\topics as some of its dependencies were changed since the last visit
2020-10-25T14:26:07.646Z - error:  Error: No such segment 'sequence-diagrams-intermediate' in file: C:\repos\nus-cs2103-AY2021S1\cs2103-website\admin\common-commentary.mbdf
Missing reference in C:\repos\nus-cs2103-AY2021S1\cs2103-website\schedule\week11\commentary-box.md
    at _preprocessInclude (C:\Users\damithch\AppData\Roaming\npm\node_modules\markbind-cli\node_modules\@markbind\core\src\preprocessors\componentPreprocessor.js:264:21)
    at preProcessComponent (C:\Users\damithch\AppData\Roaming\npm\node_modules\markbind-cli\node_modules\@markbind\core\src\preprocessors\componentPreprocessor.js:349:12)
    at C:\Users\damithch\AppData\Roaming\npm\node_modules\markbind-cli\node_modules\@markbind\core\src\preprocessors\componentPreprocessor.js:356:52
    at Array.map (<anonymous>)
    at preProcessComponent (C:\Users\damithch\AppData\Roaming\npm\node_modules\markbind-cli\node_modules\@markbind\core\src\preprocessors\componentPreprocessor.js:356:43)
    at C:\Users\damithch\AppData\Roaming\npm\node_modules\markbind-cli\node_modules\@markbind\core\src\preprocessors\componentPreprocessor.js:356:52
    at Array.map (<anonymous>)
    at preProcessComponent (C:\Users\damithch\AppData\Roaming\npm\node_modules\markbind-cli\node_modules\@markbind\core\src\preprocessors\componentPreprocessor.js:356:43)
    at C:\Users\damithch\AppData\Roaming\npm\node_modules\markbind-cli\node_modules\@markbind\core\src\preprocessors\componentPreprocessor.js:356:52
    at Array.map (<anonymous>)
    at preProcessComponent (C:\Users\damithch\AppData\Roaming\npm\node_modules\markbind-cli\node_modules\@markbind\core\src\preprocessors\componentPreprocessor.js:356:43)
    at C:\Users\damithch\AppData\Roaming\npm\node_modules\markbind-cli\node_modules\@markbind\core\src\preprocessors\componentPreprocessor.js:298:50
    at Array.map (<anonymous>)
    at _preprocessInclude (C:\Users\damithch\AppData\Roaming\npm\node_modules\markbind-cli\node_modules\@markbind\core\src\preprocessors\componentPreprocessor.js:298:41)
    at preProcessComponent (C:\Users\damithch\AppData\Roaming\npm\node_modules\markbind-cli\node_modules\@markbind\core\src\preprocessors\componentPreprocessor.js:349:12)
    at C:\Users\damithch\AppData\Roaming\npm\node_modules\markbind-cli\node_modules\@markbind\core\src\preprocessors\componentPreprocessor.js:356:52
2020-10-25T14:26:07.735Z - error:  Error: No such segment 'followup-sequence-diagrams-intermediate' in file: C:\repos\nus-cs2103-AY2021S1\cs2103-website\admin\common-commentary.mbdf
Missing reference in C:\repos\nus-cs2103-AY2021S1\cs2103-website\schedule\week11\followup-box.md
    at _preprocessInclude (C:\Users\damithch\AppData\Roaming\npm\node_modules\markbind-cli\node_modules\@markbind\core\src\preprocessors\componentPreprocessor.js:264:21)
    at preProcessComponent (C:\Users\damithch\AppData\Roaming\npm\node_modules\markbind-cli\node_modules\@markbind\core\src\preprocessors\componentPreprocessor.js:349:12)
    at C:\Users\damithch\AppData\Roaming\npm\node_modules\markbind-cli\node_modules\@markbind\core\src\preprocessors\componentPreprocessor.js:356:52
    at Array.map (<anonymous>)
    at preProcessComponent (C:\Users\damithch\AppData\Roaming\npm\node_modules\markbind-cli\node_modules\@markbind\core\src\preprocessors\componentPreprocessor.js:356:43)
    at C:\Users\damithch\AppData\Roaming\npm\node_modules\markbind-cli\node_modules\@markbind\core\src\preprocessors\componentPreprocessor.js:356:52
    at Array.map (<anonymous>)
    at preProcessComponent (C:\Users\damithch\AppData\Roaming\npm\node_modules\markbind-cli\node_modules\@markbind\core\src\preprocessors\componentPreprocessor.js:356:43)
    at C:\Users\damithch\AppData\Roaming\npm\node_modules\markbind-cli\node_modules\@markbind\core\src\preprocessors\componentPreprocessor.js:356:52
    at Array.map (<anonymous>)
    at preProcessComponent (C:\Users\damithch\AppData\Roaming\npm\node_modules\markbind-cli\node_modules\@markbind\core\src\preprocessors\componentPreprocessor.js:356:43)
    at C:\Users\damithch\AppData\Roaming\npm\node_modules\markbind-cli\node_modules\@markbind\core\src\preprocessors\componentPreprocessor.js:298:50
    at Array.map (<anonymous>)
    at _preprocessInclude (C:\Users\damithch\AppData\Roaming\npm\node_modules\markbind-cli\node_modules\@markbind\core\src\preprocessors\componentPreprocessor.js:298:41)
    at preProcessComponent (C:\Users\damithch\AppData\Roaming\npm\node_modules\markbind-cli\node_modules\@markbind\core\src\preprocessors\componentPreprocessor.js:349:12)
    at C:\Users\damithch\AppData\Roaming\npm\node_modules\markbind-cli\node_modules\@markbind\core\src\preprocessors\componentPreprocessor.js:356:52
2020-10-25T14:26:10.979Z - info: Site data built
2020-10-25T14:26:10.984Z - info: Lazy website regeneration complete! Total build time: 3.535s
2020-10-25T14:26:11.410Z - debug:  
2020-10-25T14:26:12.170Z - debug:  
2020-10-25T14:27:58.073Z - info: [10:27:58 PM] Reload for file change: C:\repos\nus-cs2103-AY2021S1\cs2103-website\admin\common-commentary.mbdf
2020-10-25T14:27:59.078Z - info: Rebuilding 1 pages
2020-10-25T14:27:59.485Z - error:  Error: No such segment 'followup-sequence-diagrams-intermediate' in file: C:\repos\nus-cs2103-AY2021S1\cs2103-website\admin\common-commentary.mbdf
Missing reference in C:\repos\nus-cs2103-AY2021S1\cs2103-website\schedule\week11\followup-box.md
    at _preprocessInclude (C:\Users\damithch\AppData\Roaming\npm\node_modules\markbind-cli\node_modules\@markbind\core\src\preprocessors\componentPreprocessor.js:264:21)
    at preProcessComponent (C:\Users\damithch\AppData\Roaming\npm\node_modules\markbind-cli\node_modules\@markbind\core\src\preprocessors\componentPreprocessor.js:349:12)
    at C:\Users\damithch\AppData\Roaming\npm\node_modules\markbind-cli\node_modules\@markbind\core\src\preprocessors\componentPreprocessor.js:356:52
    at Array.map (<anonymous>)
    at preProcessComponent (C:\Users\damithch\AppData\Roaming\npm\node_modules\markbind-cli\node_modules\@markbind\core\src\preprocessors\componentPreprocessor.js:356:43)
    at C:\Users\damithch\AppData\Roaming\npm\node_modules\markbind-cli\node_modules\@markbind\core\src\preprocessors\componentPreprocessor.js:356:52
    at Array.map (<anonymous>)
    at preProcessComponent (C:\Users\damithch\AppData\Roaming\npm\node_modules\markbind-cli\node_modules\@markbind\core\src\preprocessors\componentPreprocessor.js:356:43)
    at C:\Users\damithch\AppData\Roaming\npm\node_modules\markbind-cli\node_modules\@markbind\core\src\preprocessors\componentPreprocessor.js:356:52
    at Array.map (<anonymous>)
    at preProcessComponent (C:\Users\damithch\AppData\Roaming\npm\node_modules\markbind-cli\node_modules\@markbind\core\src\preprocessors\componentPreprocessor.js:356:43)
    at C:\Users\damithch\AppData\Roaming\npm\node_modules\markbind-cli\node_modules\@markbind\core\src\preprocessors\componentPreprocessor.js:298:50
    at Array.map (<anonymous>)
    at _preprocessInclude (C:\Users\damithch\AppData\Roaming\npm\node_modules\markbind-cli\node_modules\@markbind\core\src\preprocessors\componentPreprocessor.js:298:41)
    at preProcessComponent (C:\Users\damithch\AppData\Roaming\npm\node_modules\markbind-cli\node_modules\@markbind\core\src\preprocessors\componentPreprocessor.js:349:12)
    at C:\Users\damithch\AppData\Roaming\npm\node_modules\markbind-cli\node_modules\@markbind\core\src\preprocessors\componentPreprocessor.js:356:52
2020-10-25T14:28:02.401Z - info: Pages rebuilt
2020-10-25T14:28:02.401Z - info: Website regeneration complete! Total build time: 3.324s
2020-10-25T14:28:02.483Z - info: Site data built
2020-10-25T14:28:03.480Z - debug:  
2020-10-25T14:28:03.608Z - debug:  
2020-10-25T14:28:23.207Z - info: [10:28:23 PM] Reload for file change: C:\repos\nus-cs2103-AY2021S1\cs2103-website\admin\common-commentary.mbdf
2020-10-25T14:28:24.209Z - info: Rebuilding 1 pages
2020-10-25T14:28:27.339Z - info: Pages rebuilt
2020-10-25T14:28:27.340Z - info: Website regeneration complete! Total build time: 3.132s
2020-10-25T14:28:27.553Z - info: Site data built
2020-10-25T14:28:28.574Z - debug:  
2020-10-25T14:28:28.998Z - debug:  
2020-10-25T14:29:26.941Z - info: [10:29:26 PM] Reload for file change: C:\repos\nus-cs2103-AY2021S1\cs2103-website\admin\common-commentary.mbdf
2020-10-25T14:29:27.960Z - info: No pages needed to be rebuilt
2020-10-25T14:30:15.624Z - info: [10:30:15 PM] Reload for file change: C:\repos\nus-cs2103-AY2021S1\cs2103-website\admin\common-commentary.mbdf
2020-10-25T14:30:16.625Z - info: No pages needed to be rebuilt
2020-10-25T14:30:25.138Z - info: Building C:\repos\nus-cs2103-AY2021S1\cs2103-website\schedule\week11\topics as some of its dependencies were changed since the last visit
2020-10-25T14:30:29.491Z - info: Site data built
2020-10-25T14:30:29.492Z - info: Lazy website regeneration complete! Total build time: 4.356s
2020-10-25T14:30:29.866Z - debug:  
2020-10-25T14:30:30.554Z - debug:  
2020-10-25T14:31:16.941Z - info: [10:31:16 PM] Reload for file change: C:\repos\nus-cs2103-AY2021S1\cs2103-website\admin\common-commentary.mbdf
2020-10-25T14:31:17.948Z - info: Rebuilding 1 pages
2020-10-25T14:31:20.824Z - info: Pages rebuilt
2020-10-25T14:31:20.825Z - info: Website regeneration complete! Total build time: 2.881s
2020-10-25T14:31:20.875Z - info: Site data built
2020-10-25T14:31:22.644Z - debug:  
2020-10-25T14:31:22.703Z - debug:  
2020-10-25T14:31:53.722Z - info: [10:31:53 PM] Reload for file change: C:\repos\nus-cs2103-AY2021S1\cs2103-website\schedule\week11\commentary-tic2002.mbdf
2020-10-25T14:31:54.726Z - info: Rebuilding 1 pages
2020-10-25T14:31:55.278Z - error:  Error: No such segment 'java-streams' in file: C:\repos\nus-cs2103-AY2021S1\cs2103-website\admin\common-commentary.mbdf
Missing reference in C:\repos\nus-cs2103-AY2021S1\cs2103-website\schedule\week11\commentary-box.md
    at _preprocessInclude (C:\Users\damithch\AppData\Roaming\npm\node_modules\markbind-cli\node_modules\@markbind\core\src\preprocessors\componentPreprocessor.js:264:21)
    at preProcessComponent (C:\Users\damithch\AppData\Roaming\npm\node_modules\markbind-cli\node_modules\@markbind\core\src\preprocessors\componentPreprocessor.js:349:12)
    at C:\Users\damithch\AppData\Roaming\npm\node_modules\markbind-cli\node_modules\@markbind\core\src\preprocessors\componentPreprocessor.js:356:52
    at Array.map (<anonymous>)
    at preProcessComponent (C:\Users\damithch\AppData\Roaming\npm\node_modules\markbind-cli\node_modules\@markbind\core\src\preprocessors\componentPreprocessor.js:356:43)
    at C:\Users\damithch\AppData\Roaming\npm\node_modules\markbind-cli\node_modules\@markbind\core\src\preprocessors\componentPreprocessor.js:356:52
    at Array.map (<anonymous>)
    at preProcessComponent (C:\Users\damithch\AppData\Roaming\npm\node_modules\markbind-cli\node_modules\@markbind\core\src\preprocessors\componentPreprocessor.js:356:43)
    at C:\Users\damithch\AppData\Roaming\npm\node_modules\markbind-cli\node_modules\@markbind\core\src\preprocessors\componentPreprocessor.js:356:52
    at Array.map (<anonymous>)
    at preProcessComponent (C:\Users\damithch\AppData\Roaming\npm\node_modules\markbind-cli\node_modules\@markbind\core\src\preprocessors\componentPreprocessor.js:356:43)
    at C:\Users\damithch\AppData\Roaming\npm\node_modules\markbind-cli\node_modules\@markbind\core\src\preprocessors\componentPreprocessor.js:298:50
    at Array.map (<anonymous>)
    at _preprocessInclude (C:\Users\damithch\AppData\Roaming\npm\node_modules\markbind-cli\node_modules\@markbind\core\src\preprocessors\componentPreprocessor.js:298:41)
    at preProcessComponent (C:\Users\damithch\AppData\Roaming\npm\node_modules\markbind-cli\node_modules\@markbind\core\src\preprocessors\componentPreprocessor.js:349:12)
    at C:\Users\damithch\AppData\Roaming\npm\node_modules\markbind-cli\node_modules\@markbind\core\src\preprocessors\componentPreprocessor.js:356:52
2020-10-25T14:31:58.943Z - info: Pages rebuilt
2020-10-25T14:31:58.943Z - info: Website regeneration complete! Total build time: 4.219s
2020-10-25T14:31:59.028Z - info: Site data built
2020-10-25T14:32:00.159Z - debug:  
2020-10-25T14:32:00.550Z - debug:  
2020-10-25T14:32:24.503Z - info: [10:32:24 PM] Reload for file change: C:\repos\nus-cs2103-AY2021S1\cs2103-website\schedule\week11\commentary-tic2002.mbdf
2020-10-25T14:32:25.511Z - info: Rebuilding 1 pages
2020-10-25T14:32:25.847Z - error:  Error: No such segment 'java-streams' in file: C:\repos\nus-cs2103-AY2021S1\cs2103-website\admin\common-commentary.mbdf
Missing reference in C:\repos\nus-cs2103-AY2021S1\cs2103-website\schedule\week11\commentary-box.md
    at _preprocessInclude (C:\Users\damithch\AppData\Roaming\npm\node_modules\markbind-cli\node_modules\@markbind\core\src\preprocessors\componentPreprocessor.js:264:21)
    at preProcessComponent (C:\Users\damithch\AppData\Roaming\npm\node_modules\markbind-cli\node_modules\@markbind\core\src\preprocessors\componentPreprocessor.js:349:12)
    at C:\Users\damithch\AppData\Roaming\npm\node_modules\markbind-cli\node_modules\@markbind\core\src\preprocessors\componentPreprocessor.js:356:52
    at Array.map (<anonymous>)
    at preProcessComponent (C:\Users\damithch\AppData\Roaming\npm\node_modules\markbind-cli\node_modules\@markbind\core\src\preprocessors\componentPreprocessor.js:356:43)
    at C:\Users\damithch\AppData\Roaming\npm\node_modules\markbind-cli\node_modules\@markbind\core\src\preprocessors\componentPreprocessor.js:356:52
    at Array.map (<anonymous>)
    at preProcessComponent (C:\Users\damithch\AppData\Roaming\npm\node_modules\markbind-cli\node_modules\@markbind\core\src\preprocessors\componentPreprocessor.js:356:43)
    at C:\Users\damithch\AppData\Roaming\npm\node_modules\markbind-cli\node_modules\@markbind\core\src\preprocessors\componentPreprocessor.js:356:52
    at Array.map (<anonymous>)
    at preProcessComponent (C:\Users\damithch\AppData\Roaming\npm\node_modules\markbind-cli\node_modules\@markbind\core\src\preprocessors\componentPreprocessor.js:356:43)
    at C:\Users\damithch\AppData\Roaming\npm\node_modules\markbind-cli\node_modules\@markbind\core\src\preprocessors\componentPreprocessor.js:298:50
    at Array.map (<anonymous>)
    at _preprocessInclude (C:\Users\damithch\AppData\Roaming\npm\node_modules\markbind-cli\node_modules\@markbind\core\src\preprocessors\componentPreprocessor.js:298:41)
    at preProcessComponent (C:\Users\damithch\AppData\Roaming\npm\node_modules\markbind-cli\node_modules\@markbind\core\src\preprocessors\componentPreprocessor.js:349:12)
    at C:\Users\damithch\AppData\Roaming\npm\node_modules\markbind-cli\node_modules\@markbind\core\src\preprocessors\componentPreprocessor.js:356:52
2020-10-25T14:32:28.884Z - info: Pages rebuilt
2020-10-25T14:32:28.886Z - info: Website regeneration complete! Total build time: 3.376s
2020-10-25T14:32:28.916Z - info: Site data built
2020-10-25T14:32:30.175Z - debug:  
2020-10-25T14:32:30.316Z - debug:  
2020-10-25T14:33:45.630Z - info: [10:33:45 PM] Reload for file change: C:\repos\nus-cs2103-AY2021S1\cs2103-website\admin\common-commentary.mbdf
2020-10-25T14:33:46.634Z - info: No pages needed to be rebuilt
2020-10-25T14:34:27.594Z - info: [10:34:27 PM] Reload for file change: C:\repos\nus-cs2103-AY2021S1\cs2103-website\admin\common-commentary.mbdf
2020-10-25T14:34:28.599Z - info: No pages needed to be rebuilt
2020-10-25T14:35:00.402Z - info: Building C:\repos\nus-cs2103-AY2021S1\cs2103-website\schedule\week11\topics as some of its dependencies were changed since the last visit
2020-10-25T14:35:00.919Z - error:  Error: No such segment 'java-streams' in file: C:\repos\nus-cs2103-AY2021S1\cs2103-website\admin\common-commentary.mbdf
Missing reference in C:\repos\nus-cs2103-AY2021S1\cs2103-website\schedule\week11\commentary-box.md
    at _preprocessInclude (C:\Users\damithch\AppData\Roaming\npm\node_modules\markbind-cli\node_modules\@markbind\core\src\preprocessors\componentPreprocessor.js:264:21)
    at preProcessComponent (C:\Users\damithch\AppData\Roaming\npm\node_modules\markbind-cli\node_modules\@markbind\core\src\preprocessors\componentPreprocessor.js:349:12)
    at C:\Users\damithch\AppData\Roaming\npm\node_modules\markbind-cli\node_modules\@markbind\core\src\preprocessors\componentPreprocessor.js:356:52
    at Array.map (<anonymous>)
    at preProcessComponent (C:\Users\damithch\AppData\Roaming\npm\node_modules\markbind-cli\node_modules\@markbind\core\src\preprocessors\componentPreprocessor.js:356:43)
    at C:\Users\damithch\AppData\Roaming\npm\node_modules\markbind-cli\node_modules\@markbind\core\src\preprocessors\componentPreprocessor.js:356:52
    at Array.map (<anonymous>)
    at preProcessComponent (C:\Users\damithch\AppData\Roaming\npm\node_modules\markbind-cli\node_modules\@markbind\core\src\preprocessors\componentPreprocessor.js:356:43)
    at C:\Users\damithch\AppData\Roaming\npm\node_modules\markbind-cli\node_modules\@markbind\core\src\preprocessors\componentPreprocessor.js:356:52
    at Array.map (<anonymous>)
    at preProcessComponent (C:\Users\damithch\AppData\Roaming\npm\node_modules\markbind-cli\node_modules\@markbind\core\src\preprocessors\componentPreprocessor.js:356:43)
    at C:\Users\damithch\AppData\Roaming\npm\node_modules\markbind-cli\node_modules\@markbind\core\src\preprocessors\componentPreprocessor.js:298:50
    at Array.map (<anonymous>)
    at _preprocessInclude (C:\Users\damithch\AppData\Roaming\npm\node_modules\markbind-cli\node_modules\@markbind\core\src\preprocessors\componentPreprocessor.js:298:41)
    at preProcessComponent (C:\Users\damithch\AppData\Roaming\npm\node_modules\markbind-cli\node_modules\@markbind\core\src\preprocessors\componentPreprocessor.js:349:12)
    at C:\Users\damithch\AppData\Roaming\npm\node_modules\markbind-cli\node_modules\@markbind\core\src\preprocessors\componentPreprocessor.js:356:52
2020-10-25T14:35:04.531Z - info: Site data built
2020-10-25T14:35:04.532Z - info: Lazy website regeneration complete! Total build time: 4.13s
2020-10-25T14:35:04.897Z - debug:  
2020-10-25T14:35:05.183Z - debug:  
2020-10-25T14:55:13.594Z - info: [10:55:13 PM] Reload for file change: C:\repos\nus-cs2103-AY2021S1\cs2103-website\admin\common-commentary.mbdf
2020-10-25T14:55:14.648Z - info: Rebuilding 1 pages
2020-10-25T14:55:18.114Z - info: Pages rebuilt
2020-10-25T14:55:18.114Z - info: Website regeneration complete! Total build time: 3.506s
2020-10-25T14:55:18.174Z - info: Site data built
2020-10-25T14:55:19.410Z - debug:  
2020-10-25T14:55:19.732Z - debug:  
2020-10-25T14:56:05.735Z - info: [10:56:05 PM] Reload for file change: C:\repos\nus-cs2103-AY2021S1\cs2103-website\schedule\week11\commentary-tic2002.mbdf
2020-10-25T14:56:06.743Z - info: Rebuilding 1 pages
2020-10-25T14:56:09.505Z - info: Pages rebuilt
2020-10-25T14:56:09.506Z - info: Website regeneration complete! Total build time: 2.767s
2020-10-25T14:56:09.602Z - info: Site data built
2020-10-25T14:56:11.194Z - debug:  
2020-10-25T14:56:11.595Z - debug:  
2020-10-25T14:56:55.845Z - info: [10:56:55 PM] Reload for file change: C:\repos\nus-cs2103-AY2021S1\cs2103-website\admin\common-commentary.mbdf
2020-10-25T14:56:56.863Z - info: Rebuilding 1 pages
2020-10-25T14:57:00.844Z - info: Pages rebuilt
2020-10-25T14:57:00.845Z - info: Website regeneration complete! Total build time: 3.989s
2020-10-25T14:57:00.873Z - info: Site data built
2020-10-25T14:57:01.801Z - debug:  
2020-10-25T14:57:01.897Z - debug:  
2020-10-25T14:58:42.628Z - info: [10:58:42 PM] Reload for file change: C:\repos\nus-cs2103-AY2021S1\cs2103-website\_module-TIC2002\weeklyTextbookTopics.mbdf
2020-10-25T14:58:42.633Z - info: [10:58:42 PM] Reload for file change: C:\repos\nus-cs2103-AY2021S1\cs2103-website\schedule\week11\commentary-tic2002.mbdf
2020-10-25T14:58:43.641Z - info: Rebuilding 1 pages
2020-10-25T14:58:54.144Z - info: Website generation (lazy) started at 10:58:50 PM
2020-10-25T14:59:06.877Z - info: Building assets...
2020-10-25T14:59:13.158Z - info: Assets built
2020-10-25T14:59:13.159Z - info: Generating landing page...
2020-10-25T14:59:14.451Z - info: Landing page built, other pages will be built as you navigate to them!
2020-10-25T14:59:14.542Z - info: Website generation (lazy) complete! Total build time: 23.589s
2020-10-25T14:59:15.556Z - info: Serving "C:\repos\nus-cs2103-AY2021S1\cs2103-website\_site" at http://127.0.0.1:8080
2020-10-25T14:59:15.556Z - info: Press CTRL+C to stop ...
2020-10-25T14:59:15.629Z - info: Site data built
2020-10-25T15:01:34.078Z - info: Building C:\repos\nus-cs2103-AY2021S1\cs2103-website\schedule\week11\topics as some of its dependencies were changed since the last visit
2020-10-25T15:01:38.480Z - info: Site data built
2020-10-25T15:01:38.481Z - info: Lazy website regeneration complete! Total build time: 4.412s
2020-10-25T15:01:38.799Z - debug:  
2020-10-25T15:01:39.459Z - debug:  
2020-10-25T15:02:34.546Z - info: Website generation started at 11:02:30 PM
2020-10-25T15:02:46.295Z - info: Building assets...
2020-10-25T15:02:55.505Z - info: Assets built
2020-10-25T15:02:55.506Z - info: Generating pages...
2020-10-25T15:03:11.804Z - debug: The process cannot access the file because it is being used by another process.

2020-10-25T15:03:11.805Z - debug: The process cannot access the file because it is being used by another process.

2020-10-25T15:03:12.810Z - debug: The process cannot access the file because it is being used by another process.

2020-10-25T15:03:12.810Z - debug: The process cannot access the file because it is being used by another process.

2020-10-25T15:03:12.811Z - debug:  
2020-10-25T15:03:12.811Z - debug:  
2020-10-25T15:03:12.812Z - debug:  
2020-10-25T15:03:12.812Z - debug:  
2020-10-25T15:03:12.814Z - debug:  
2020-10-25T15:03:18.058Z - debug: The process cannot access the file because it is being used by another process.

2020-10-25T15:03:18.059Z - debug: The process cannot access the file because it is being used by another process.

2020-10-25T15:03:18.059Z - debug:  
2020-10-25T15:03:18.061Z - debug:  
2020-10-25T15:03:19.714Z - debug: The process cannot access the file because it is being used by another process.

2020-10-25T15:03:19.715Z - debug: The process cannot access the file because it is being used by another process.

2020-10-25T15:03:19.913Z - debug:  
2020-10-25T15:03:19.990Z - debug:  
2020-10-25T15:03:20.446Z - debug: The process cannot access the file because it is being used by another process.

2020-10-25T15:03:20.448Z - debug: The process cannot access the file because it is being used by another process.

2020-10-25T15:03:23.812Z - debug:  
2020-10-25T15:03:23.813Z - debug:  
2020-10-25T15:03:39.401Z - debug: The process cannot access the file because it is being used by another process.

2020-10-25T15:03:40.051Z - debug: The process cannot access the file because it is being used by another process.

2020-10-25T15:03:40.934Z - debug: The process cannot access the file because it is being used by another process.

2020-10-25T15:03:40.935Z - debug:  
2020-10-25T15:03:42.625Z - debug: The process cannot access the file because it is being used by another process.

2020-10-25T15:03:43.140Z - debug: The process cannot access the file because it is being used by another process.

2020-10-25T15:03:44.268Z - debug:  
2020-10-25T15:03:46.628Z - debug:  
2020-10-25T15:03:48.708Z - debug: The process cannot access the file because it is being used by another process.

2020-10-25T15:03:48.709Z - debug: The process cannot access the file because it is being used by another process.

2020-10-25T15:03:50.699Z - debug: The process cannot access the file because it is being used by another process.

2020-10-25T15:03:50.864Z - debug: The process cannot access the file because it is being used by another process.

2020-10-25T15:03:51.016Z - debug:  
2020-10-25T15:03:51.089Z - debug:  
2020-10-25T15:03:55.041Z - debug:  
2020-10-25T15:03:55.124Z - debug:  
2020-10-25T15:04:01.601Z - debug: The process cannot access the file because it is being used by another process.

2020-10-25T15:04:03.725Z - debug: The process cannot access the file because it is being used by another process.

2020-10-25T15:04:03.868Z - debug:  
2020-10-25T15:04:28.986Z - debug:  
2020-10-25T15:04:29.295Z - debug:  
2020-10-25T15:04:29.295Z - debug:  
2020-10-25T15:04:29.295Z - debug:  
2020-10-25T15:04:34.005Z - debug:  
2020-10-25T15:04:34.005Z - debug:  
2020-10-25T15:04:34.132Z - debug:  
2020-10-25T15:04:35.988Z - debug:  
2020-10-25T15:04:43.746Z - debug:  
2020-10-25T15:04:43.746Z - debug:  
2020-10-25T15:04:43.746Z - debug:  
2020-10-25T15:04:43.746Z - debug:  
2020-10-25T15:04:48.336Z - debug: The process cannot access the file because it is being used by another process.

2020-10-25T15:04:49.859Z - debug:  
2020-10-25T15:04:52.749Z - debug:  
2020-10-25T15:04:52.749Z - debug:  
2020-10-25T15:04:57.429Z - debug:  
2020-10-25T15:05:05.590Z - debug:  
2020-10-25T15:05:12.776Z - debug:  
2020-10-25T15:05:21.069Z - debug:  
2020-10-25T15:05:21.069Z - debug:  
2020-10-25T15:05:25.539Z - info: Pages built
2020-10-25T15:05:49.633Z - info: Website generation complete! Total build time: 198.777s
2020-10-25T15:05:49.636Z - info: Build success!
2020-10-25T15:05:49.640Z - info: Site data built
2020-10-25T15:07:00.547Z - info: Deployed!
