2020-11-13T15:04:55.887Z - info: Website generation (lazy) started at 11:04:46 PM
2020-11-13T15:05:13.134Z - info: Building assets...
2020-11-13T15:05:23.423Z - info: Assets built
2020-11-13T15:05:23.425Z - info: Generating landing page...
2020-11-13T15:05:25.762Z - info: Landing page built, other pages will be built as you navigate to them!
2020-11-13T15:05:25.977Z - info: Website generation (lazy) complete! Total build time: 39.54s
2020-11-13T15:05:27.480Z - info: Serving "C:\repos\nus-cs2103-AY2021S1\cs2103-website\_site" at http://127.0.0.1:8080
2020-11-13T15:05:27.480Z - info: Press CTRL+C to stop ...
2020-11-13T15:05:27.555Z - info: Site data built
2020-11-13T15:06:12.009Z - info: Building C:\repos\nus-cs2103-AY2021S1\cs2103-website\admin\index as some of its dependencies were changed since the last visit
2020-11-13T15:06:12.754Z - info: Site data built
2020-11-13T15:06:12.755Z - info: Lazy website regeneration complete! Total build time: 0.747s
2020-11-13T15:06:23.196Z - info: Building C:\repos\nus-cs2103-AY2021S1\cs2103-website\admin\tp-pe as some of its dependencies were changed since the last visit
2020-11-13T15:06:24.881Z - info: Site data built
2020-11-13T15:06:24.882Z - info: Lazy website regeneration complete! Total build time: 1.686s
2020-11-13T15:07:12.708Z - info: [11:07:12 PM] Reload for file change: C:\repos\nus-cs2103-AY2021S1\cs2103-website\admin\tp-pe.mbdf
2020-11-13T15:07:13.743Z - info: Rebuilding 1 pages
2020-11-13T15:07:16.590Z - info: Pages rebuilt
2020-11-13T15:07:16.591Z - info: Website regeneration complete! Total build time: 2.851s
2020-11-13T15:07:16.610Z - info: Site data built
2020-11-13T15:11:47.928Z - info: [11:11:47 PM] Reload for file change: C:\repos\nus-cs2103-AY2021S1\cs2103-website\admin\tp-pe.mbdf
2020-11-13T15:11:48.955Z - info: Rebuilding 1 pages
2020-11-13T15:11:51.097Z - info: Pages rebuilt
2020-11-13T15:11:51.097Z - info: Website regeneration complete! Total build time: 2.157s
2020-11-13T15:11:51.125Z - info: Site data built
2020-11-13T15:12:58.058Z - info: [11:12:58 PM] Reload for file change: C:\repos\nus-cs2103-AY2021S1\cs2103-website\admin\tp-pe.mbdf
2020-11-13T15:12:59.075Z - info: Rebuilding 1 pages
2020-11-13T15:13:00.739Z - info: Pages rebuilt
2020-11-13T15:13:00.739Z - info: Website regeneration complete! Total build time: 1.673s
2020-11-13T15:13:00.746Z - info: Site data built
2020-11-13T15:14:17.462Z - info: [11:14:17 PM] Reload for file change: C:\repos\nus-cs2103-AY2021S1\cs2103-website\admin\tp-pe.mbdf
2020-11-13T15:14:18.468Z - info: Rebuilding 1 pages
2020-11-13T15:14:19.992Z - info: Pages rebuilt
2020-11-13T15:14:19.995Z - info: Website regeneration complete! Total build time: 1.529s
2020-11-13T15:14:20.001Z - info: Site data built
2020-11-13T15:14:34.871Z - info: [11:14:34 PM] Reload for file change: C:\repos\nus-cs2103-AY2021S1\cs2103-website\admin\tp-pe.mbdf
2020-11-13T15:14:35.890Z - info: Rebuilding 1 pages
2020-11-13T15:14:37.140Z - info: Pages rebuilt
2020-11-13T15:14:37.140Z - info: Website regeneration complete! Total build time: 1.256s
2020-11-13T15:14:37.144Z - info: Site data built
2020-11-13T15:23:38.860Z - info: [11:23:38 PM] Reload for file change: C:\repos\nus-cs2103-AY2021S1\cs2103-website\admin\tp-pe.mbdf
2020-11-13T15:23:39.871Z - info: Rebuilding 1 pages
2020-11-13T15:23:49.934Z - info: Website generation started at 11:23:47 PM
2020-11-13T15:23:58.960Z - info: Building assets...
