2020-08-12T16:05:20.511Z - info: Website generation (lazy) started at 12:05:10 AM
2020-08-12T16:05:36.776Z - info: Building assets...
2020-08-12T16:05:45.846Z - info: Assets built
2020-08-12T16:05:45.847Z - info: Generating landing page...
2020-08-12T16:05:47.870Z - info: Landing page built, other pages will be built as you navigate to them!
2020-08-12T16:05:48.035Z - info: Website generation (lazy) complete! Total build time: 37.351s
2020-08-12T16:05:49.559Z - info: Serving "C:\repos\nus-cs2103-AY2021S1\cs2103-website\_site" at http://127.0.0.1:8080
2020-08-12T16:05:49.559Z - info: Press CTRL+C to stop ...
2020-08-12T16:05:49.643Z - info: Site data built
2020-08-12T16:06:20.059Z - info: Building C:\repos\nus-cs2103-AY2021S1\cs2103-website\admin\lectures as some of its dependencies were changed since the last visit
2020-08-12T16:06:20.632Z - info: Site data built
2020-08-12T16:06:20.636Z - info: Lazy website regeneration complete! Total build time: 0.578s
2020-08-12T16:08:46.011Z - info: [12:08:46 AM] Reload for file change: C:\repos\nus-cs2103-AY2021S1\cs2103-website\admin\lectures.md
2020-08-12T16:08:47.023Z - info: Rebuilding 1 pages
2020-08-12T16:08:47.780Z - info: Pages rebuilt
2020-08-12T16:08:47.781Z - info: Website regeneration complete! Total build time: 0.761s
2020-08-12T16:08:47.788Z - info: Site data built
2020-08-12T16:09:09.392Z - info: [12:09:09 AM] Reload for file change: C:\repos\nus-cs2103-AY2021S1\cs2103-website\admin\lectures.md
2020-08-12T16:09:10.398Z - info: Rebuilding 1 pages
2020-08-12T16:09:10.833Z - info: Pages rebuilt
2020-08-12T16:09:10.833Z - info: Website regeneration complete! Total build time: 0.437s
2020-08-12T16:09:10.837Z - info: Site data built
2020-08-12T16:09:22.570Z - info: Building C:\repos\nus-cs2103-AY2021S1\cs2103-website\admin\tools as some of its dependencies were changed since the last visit
2020-08-12T16:09:23.384Z - info: Site data built
2020-08-12T16:09:23.385Z - info: Lazy website regeneration complete! Total build time: 0.816s
2020-08-12T16:11:59.293Z - info: [12:11:59 AM] Reload for file change: C:\repos\nus-cs2103-AY2021S1\cs2103-website\admin\tools.md
2020-08-12T16:12:00.314Z - info: Rebuilding 1 pages
2020-08-12T16:12:01.291Z - info: Pages rebuilt
2020-08-12T16:12:01.292Z - info: Website regeneration complete! Total build time: 0.982s
2020-08-12T16:12:01.315Z - info: Site data built
2020-08-12T16:14:40.263Z - info: [12:14:40 AM] Reload for file change: C:\repos\nus-cs2103-AY2021S1\cs2103-website\admin\tools.md
2020-08-12T16:14:41.267Z - info: Rebuilding 1 pages
2020-08-12T16:14:41.913Z - info: Pages rebuilt
2020-08-12T16:14:41.913Z - info: Website regeneration complete! Total build time: 0.648s
2020-08-12T16:14:41.917Z - info: Site data built
2020-08-12T16:16:50.999Z - info: [12:16:50 AM] Reload for file change: C:\repos\nus-cs2103-AY2021S1\cs2103-website\admin\tools.md
2020-08-12T16:16:52.013Z - info: Rebuilding 1 pages
2020-08-12T16:16:52.717Z - info: Pages rebuilt
2020-08-12T16:16:52.717Z - info: Website regeneration complete! Total build time: 0.706s
2020-08-12T16:16:52.725Z - info: Site data built
2020-08-12T16:17:35.109Z - info: [12:17:35 AM] Reload for file change: C:\repos\nus-cs2103-AY2021S1\cs2103-website\admin\tools.md
2020-08-12T16:17:36.115Z - info: Rebuilding 1 pages
2020-08-12T16:17:36.739Z - info: Pages rebuilt
2020-08-12T16:17:36.739Z - info: Website regeneration complete! Total build time: 0.625s
2020-08-12T16:17:36.742Z - info: Site data built
2020-08-12T16:18:08.946Z - info: [12:18:08 AM] Reload for file change: C:\repos\nus-cs2103-AY2021S1\cs2103-website\admin\tools.md
2020-08-12T16:18:09.949Z - info: Rebuilding 1 pages
2020-08-12T16:18:10.501Z - info: Pages rebuilt
2020-08-12T16:18:10.501Z - info: Website regeneration complete! Total build time: 0.553s
2020-08-12T16:18:10.505Z - info: Site data built
2020-08-12T16:18:48.648Z - info: [12:18:48 AM] Reload for file change: C:\repos\nus-cs2103-AY2021S1\cs2103-website\admin\tools.md
2020-08-12T16:18:49.651Z - info: Rebuilding 1 pages
2020-08-12T16:18:49.678Z - error:  Template render error: (unknown path) [Line 31, Column 28]
  unexpected token: }}
    at Object._prettifyError (C:\Users\damithch\AppData\Roaming\npm\node_modules\markbind-cli\node_modules\nunjucks\src\lib.js:36:11)
    at Template.render (C:\Users\damithch\AppData\Roaming\npm\node_modules\markbind-cli\node_modules\nunjucks\src\environment.js:536:21)
    at Environment.renderString (C:\Users\damithch\AppData\Roaming\npm\node_modules\markbind-cli\node_modules\nunjucks\src\environment.js:378:17)
    at VariableRenderer.render (C:\Users\damithch\AppData\Roaming\npm\node_modules\markbind-cli\node_modules\@markbind\core\src\variables\VariableRenderer.js:79:17)
    at VariableProcessor.renderSiteVariables (C:\Users\damithch\AppData\Roaming\npm\node_modules\markbind-cli\node_modules\@markbind\core\src\variables\VariableProcessor.js:151:53)
    at VariableProcessor.renderPage (C:\Users\damithch\AppData\Roaming\npm\node_modules\markbind-cli\node_modules\@markbind\core\src\variables\VariableProcessor.js:426:17)
    at C:\Users\damithch\AppData\Roaming\npm\node_modules\markbind-cli\node_modules\@markbind\core\src\Page\index.js:972:46
    at tryCatcher (C:\Users\damithch\AppData\Roaming\npm\node_modules\markbind-cli\node_modules\bluebird\js\release\util.js:16:23)
    at Promise._settlePromiseFromHandler (C:\Users\damithch\AppData\Roaming\npm\node_modules\markbind-cli\node_modules\bluebird\js\release\promise.js:547:31)
    at Promise._settlePromise (C:\Users\damithch\AppData\Roaming\npm\node_modules\markbind-cli\node_modules\bluebird\js\release\promise.js:604:18)
    at Promise._settlePromise0 (C:\Users\damithch\AppData\Roaming\npm\node_modules\markbind-cli\node_modules\bluebird\js\release\promise.js:649:10)
    at Promise._settlePromises (C:\Users\damithch\AppData\Roaming\npm\node_modules\markbind-cli\node_modules\bluebird\js\release\promise.js:729:18)
    at Promise._fulfill (C:\Users\damithch\AppData\Roaming\npm\node_modules\markbind-cli\node_modules\bluebird\js\release\promise.js:673:18)
    at C:\Users\damithch\AppData\Roaming\npm\node_modules\markbind-cli\node_modules\bluebird\js\release\nodeback.js:42:21
    at C:\Users\damithch\AppData\Roaming\npm\node_modules\markbind-cli\node_modules\graceful-fs\graceful-fs.js:123:16
    at FSReqCallback.readFileAfterClose [as oncomplete] (internal/fs/read_file_context.js:63:3)
2020-08-12T16:18:49.679Z - warn:  Error: Error while generating C:\repos\nus-cs2103-AY2021S1\cs2103-website\admin\tools.md
    at C:\Users\damithch\AppData\Roaming\npm\node_modules\markbind-cli\node_modules\@markbind\core\src\Site\index.js:1016:18
    at tryCatcher (C:\Users\damithch\AppData\Roaming\npm\node_modules\markbind-cli\node_modules\bluebird\js\release\util.js:16:23)
    at Promise._settlePromiseFromHandler (C:\Users\damithch\AppData\Roaming\npm\node_modules\markbind-cli\node_modules\bluebird\js\release\promise.js:547:31)
    at Promise._settlePromise (C:\Users\damithch\AppData\Roaming\npm\node_modules\markbind-cli\node_modules\bluebird\js\release\promise.js:604:18)
    at Promise._settlePromise0 (C:\Users\damithch\AppData\Roaming\npm\node_modules\markbind-cli\node_modules\bluebird\js\release\promise.js:649:10)
    at Promise._settlePromises (C:\Users\damithch\AppData\Roaming\npm\node_modules\markbind-cli\node_modules\bluebird\js\release\promise.js:725:18)
    at _drainQueueStep (C:\Users\damithch\AppData\Roaming\npm\node_modules\markbind-cli\node_modules\bluebird\js\release\async.js:93:12)
    at _drainQueue (C:\Users\damithch\AppData\Roaming\npm\node_modules\markbind-cli\node_modules\bluebird\js\release\async.js:86:9)
    at Async._drainQueues (C:\Users\damithch\AppData\Roaming\npm\node_modules\markbind-cli\node_modules\bluebird\js\release\async.js:102:5)
    at Immediate.Async.drainQueues [as _onImmediate] (C:\Users\damithch\AppData\Roaming\npm\node_modules\markbind-cli\node_modules\bluebird\js\release\async.js:15:14)
    at processImmediate (internal/timers.js:456:21)
2020-08-12T16:18:52.618Z - error: Error while generating C:\repos\nus-cs2103-AY2021S1\cs2103-website\admin\tools.md
2020-08-12T16:19:17.846Z - info: [12:19:17 AM] Reload for file change: C:\repos\nus-cs2103-AY2021S1\cs2103-website\admin\tools.md
2020-08-12T16:19:17.850Z - info: Rebuilding 1 pages
2020-08-12T16:19:17.873Z - error:  Template render error: (unknown path) [Line 31, Column 28]
  unexpected token: }}
    at Object._prettifyError (C:\Users\damithch\AppData\Roaming\npm\node_modules\markbind-cli\node_modules\nunjucks\src\lib.js:36:11)
    at Template.render (C:\Users\damithch\AppData\Roaming\npm\node_modules\markbind-cli\node_modules\nunjucks\src\environment.js:536:21)
    at Environment.renderString (C:\Users\damithch\AppData\Roaming\npm\node_modules\markbind-cli\node_modules\nunjucks\src\environment.js:378:17)
    at VariableRenderer.render (C:\Users\damithch\AppData\Roaming\npm\node_modules\markbind-cli\node_modules\@markbind\core\src\variables\VariableRenderer.js:79:17)
    at VariableProcessor.renderSiteVariables (C:\Users\damithch\AppData\Roaming\npm\node_modules\markbind-cli\node_modules\@markbind\core\src\variables\VariableProcessor.js:151:53)
    at VariableProcessor.renderPage (C:\Users\damithch\AppData\Roaming\npm\node_modules\markbind-cli\node_modules\@markbind\core\src\variables\VariableProcessor.js:426:17)
    at C:\Users\damithch\AppData\Roaming\npm\node_modules\markbind-cli\node_modules\@markbind\core\src\Page\index.js:972:46
    at tryCatcher (C:\Users\damithch\AppData\Roaming\npm\node_modules\markbind-cli\node_modules\bluebird\js\release\util.js:16:23)
    at Promise._settlePromiseFromHandler (C:\Users\damithch\AppData\Roaming\npm\node_modules\markbind-cli\node_modules\bluebird\js\release\promise.js:547:31)
    at Promise._settlePromise (C:\Users\damithch\AppData\Roaming\npm\node_modules\markbind-cli\node_modules\bluebird\js\release\promise.js:604:18)
    at Promise._settlePromise0 (C:\Users\damithch\AppData\Roaming\npm\node_modules\markbind-cli\node_modules\bluebird\js\release\promise.js:649:10)
    at Promise._settlePromises (C:\Users\damithch\AppData\Roaming\npm\node_modules\markbind-cli\node_modules\bluebird\js\release\promise.js:729:18)
    at Promise._fulfill (C:\Users\damithch\AppData\Roaming\npm\node_modules\markbind-cli\node_modules\bluebird\js\release\promise.js:673:18)
    at C:\Users\damithch\AppData\Roaming\npm\node_modules\markbind-cli\node_modules\bluebird\js\release\nodeback.js:42:21
    at C:\Users\damithch\AppData\Roaming\npm\node_modules\markbind-cli\node_modules\graceful-fs\graceful-fs.js:123:16
    at FSReqCallback.readFileAfterClose [as oncomplete] (internal/fs/read_file_context.js:63:3)
2020-08-12T16:19:17.874Z - warn:  Error: Error while generating C:\repos\nus-cs2103-AY2021S1\cs2103-website\admin\tools.md
    at C:\Users\damithch\AppData\Roaming\npm\node_modules\markbind-cli\node_modules\@markbind\core\src\Site\index.js:1016:18
    at tryCatcher (C:\Users\damithch\AppData\Roaming\npm\node_modules\markbind-cli\node_modules\bluebird\js\release\util.js:16:23)
    at Promise._settlePromiseFromHandler (C:\Users\damithch\AppData\Roaming\npm\node_modules\markbind-cli\node_modules\bluebird\js\release\promise.js:547:31)
    at Promise._settlePromise (C:\Users\damithch\AppData\Roaming\npm\node_modules\markbind-cli\node_modules\bluebird\js\release\promise.js:604:18)
    at Promise._settlePromise0 (C:\Users\damithch\AppData\Roaming\npm\node_modules\markbind-cli\node_modules\bluebird\js\release\promise.js:649:10)
    at Promise._settlePromises (C:\Users\damithch\AppData\Roaming\npm\node_modules\markbind-cli\node_modules\bluebird\js\release\promise.js:725:18)
    at _drainQueueStep (C:\Users\damithch\AppData\Roaming\npm\node_modules\markbind-cli\node_modules\bluebird\js\release\async.js:93:12)
    at _drainQueue (C:\Users\damithch\AppData\Roaming\npm\node_modules\markbind-cli\node_modules\bluebird\js\release\async.js:86:9)
    at Async._drainQueues (C:\Users\damithch\AppData\Roaming\npm\node_modules\markbind-cli\node_modules\bluebird\js\release\async.js:102:5)
    at Immediate.Async.drainQueues [as _onImmediate] (C:\Users\damithch\AppData\Roaming\npm\node_modules\markbind-cli\node_modules\bluebird\js\release\async.js:15:14)
    at processImmediate (internal/timers.js:456:21)
2020-08-12T16:19:17.876Z - error: Error while generating C:\repos\nus-cs2103-AY2021S1\cs2103-website\admin\tools.md
2020-08-12T16:19:34.019Z - info: [12:19:34 AM] Reload for file change: C:\repos\nus-cs2103-AY2021S1\cs2103-website\admin\tools.md
2020-08-12T16:19:34.025Z - info: Rebuilding 1 pages
2020-08-12T16:19:43.516Z - info: Website generation (lazy) started at 12:19:43 AM
2020-08-12T16:19:56.283Z - info: Building assets...
2020-08-12T16:20:04.691Z - info: Assets built
2020-08-12T16:20:04.692Z - info: Generating landing page...
2020-08-12T16:20:06.459Z - info: Landing page built, other pages will be built as you navigate to them!
2020-08-12T16:20:06.622Z - info: Website generation (lazy) complete! Total build time: 23.154s
2020-08-12T16:20:08.066Z - info: Serving "C:\repos\nus-cs2103-AY2021S1\cs2103-website\_site" at http://127.0.0.1:8080
2020-08-12T16:20:08.067Z - info: Press CTRL+C to stop ...
2020-08-12T16:20:08.135Z - info: Site data built
2020-08-12T16:20:08.716Z - info: [12:20:08 AM] Reload for file change: C:\repos\nus-cs2103-AY2021S1\cs2103-website\admin\tools.md
2020-08-12T16:20:10.355Z - info: No pages needed to be rebuilt
2020-08-12T16:20:36.594Z - info: Building C:\repos\nus-cs2103-AY2021S1\cs2103-website\admin\tools as some of its dependencies were changed since the last visit
2020-08-12T16:20:37.209Z - info: Site data built
2020-08-12T16:20:37.211Z - info: Lazy website regeneration complete! Total build time: 0.616s
2020-08-12T16:21:03.190Z - info: [12:21:03 AM] Reload for file change: C:\repos\nus-cs2103-AY2021S1\cs2103-website\admin\tools.md
2020-08-12T16:21:04.195Z - info: No pages needed to be rebuilt
2020-08-12T16:21:14.264Z - info: Building C:\repos\nus-cs2103-AY2021S1\cs2103-website\admin\tools as some of its dependencies were changed since the last visit
2020-08-12T16:21:15.031Z - info: Site data built
2020-08-12T16:21:15.032Z - info: Lazy website regeneration complete! Total build time: 0.769s
2020-08-12T16:21:36.433Z - info: [12:21:36 AM] Reload for file change: C:\repos\nus-cs2103-AY2021S1\cs2103-website\admin\tools.md
2020-08-12T16:21:37.459Z - info: Rebuilding 1 pages
2020-08-12T16:21:37.976Z - info: Pages rebuilt
2020-08-12T16:21:37.977Z - info: Website regeneration complete! Total build time: 0.519s
2020-08-12T16:21:37.982Z - info: Site data built
2020-08-12T16:22:11.014Z - info: [12:22:11 AM] Reload for file change: C:\repos\nus-cs2103-AY2021S1\cs2103-website\admin\tools.md
2020-08-12T16:22:12.027Z - info: Rebuilding 1 pages
2020-08-12T16:22:12.551Z - info: Pages rebuilt
2020-08-12T16:22:12.552Z - info: Website regeneration complete! Total build time: 0.526s
2020-08-12T16:22:12.566Z - info: Site data built
2020-08-12T16:22:37.993Z - info: [12:22:37 AM] Reload for file change: C:\repos\nus-cs2103-AY2021S1\cs2103-website\admin\tools.md
2020-08-12T16:22:39.010Z - info: Rebuilding 1 pages
2020-08-12T16:22:39.471Z - info: Pages rebuilt
2020-08-12T16:22:39.471Z - info: Website regeneration complete! Total build time: 0.462s
2020-08-12T16:22:39.477Z - info: Site data built
2020-08-12T16:23:30.096Z - info: [12:23:30 AM] Reload for file change: C:\repos\nus-cs2103-AY2021S1\cs2103-website\admin\tools.md
2020-08-12T16:23:31.118Z - info: Rebuilding 1 pages
2020-08-12T16:23:31.628Z - info: Pages rebuilt
2020-08-12T16:23:31.629Z - info: Website regeneration complete! Total build time: 0.514s
2020-08-12T16:23:31.638Z - info: Site data built
2020-08-12T16:23:42.666Z - info: [12:23:42 AM] Reload for file change: C:\repos\nus-cs2103-AY2021S1\cs2103-website\admin\tools.md
2020-08-12T16:23:43.668Z - info: Rebuilding 1 pages
2020-08-12T16:23:44.086Z - info: Pages rebuilt
2020-08-12T16:23:44.087Z - info: Website regeneration complete! Total build time: 0.42s
2020-08-12T16:23:44.094Z - info: Site data built
2020-08-12T16:24:42.794Z - info: [12:24:42 AM] Reload for file change: C:\repos\nus-cs2103-AY2021S1\cs2103-website\admin\tools.md
2020-08-12T16:24:43.799Z - info: Rebuilding 1 pages
2020-08-12T16:24:44.213Z - info: Pages rebuilt
2020-08-12T16:24:44.214Z - info: Website regeneration complete! Total build time: 0.417s
2020-08-12T16:24:44.219Z - info: Site data built
2020-08-12T16:24:57.887Z - info: [12:24:57 AM] Reload for file change: C:\repos\nus-cs2103-AY2021S1\cs2103-website\admin\tools.md
2020-08-12T16:24:58.891Z - info: Rebuilding 1 pages
2020-08-12T16:24:59.585Z - info: Pages rebuilt
2020-08-12T16:24:59.586Z - info: Website regeneration complete! Total build time: 0.696s
2020-08-12T16:24:59.594Z - info: Site data built
2020-08-12T16:26:44.725Z - info: Building C:\repos\nus-cs2103-AY2021S1\cs2103-website\schedule\week2\index as some of its dependencies were changed since the last visit
2020-08-12T16:26:46.904Z - info: Site data built
2020-08-12T16:26:46.906Z - info: Lazy website regeneration complete! Total build time: 2.181s
2020-08-12T16:26:54.282Z - info: Building C:\repos\nus-cs2103-AY2021S1\cs2103-website\admin\index as some of its dependencies were changed since the last visit
2020-08-12T16:26:54.806Z - info: Site data built
2020-08-12T16:26:54.807Z - info: Lazy website regeneration complete! Total build time: 0.525s
2020-08-12T16:27:00.382Z - info: Building C:\repos\nus-cs2103-AY2021S1\cs2103-website\admin\lectures as some of its dependencies were changed since the last visit
2020-08-12T16:27:00.586Z - info: Site data built
2020-08-12T16:27:00.587Z - info: Lazy website regeneration complete! Total build time: 0.205s
2020-08-12T16:30:45.070Z - info: Website generation started at 12:30:42 AM
2020-08-12T16:30:54.372Z - info: Building assets...
2020-08-12T16:31:00.650Z - info: Assets built
2020-08-12T16:31:00.651Z - info: Generating pages...
2020-08-12T16:31:12.782Z - debug: The process cannot access the file because it is being used by another process.

2020-08-12T16:31:12.782Z - debug: The process cannot access the file because it is being used by another process.

2020-08-12T16:31:16.008Z - debug:  
2020-08-12T16:31:16.008Z - debug:  
2020-08-12T16:31:16.009Z - debug:  
2020-08-12T16:31:16.009Z - debug:  
2020-08-12T16:31:21.509Z - debug:  
2020-08-12T16:31:21.510Z - debug: The process cannot access the file because it is being used by another process.

2020-08-12T16:31:21.510Z - debug: The process cannot access the file because it is being used by another process.

2020-08-12T16:31:21.510Z - debug: The process cannot access the file because it is being used by another process.

2020-08-12T16:31:21.510Z - debug: The process cannot access the file because it is being used by another process.

2020-08-12T16:31:21.511Z - debug:  
2020-08-12T16:31:21.511Z - debug:  
2020-08-12T16:31:21.511Z - debug:  
2020-08-12T16:31:21.512Z - debug:  
2020-08-12T16:31:24.098Z - debug: The process cannot access the file because it is being used by another process.

2020-08-12T16:31:24.099Z - debug: The process cannot access the file because it is being used by another process.

2020-08-12T16:31:24.276Z - debug: The process cannot access the file because it is being used by another process.

2020-08-12T16:31:24.277Z - debug: The process cannot access the file because it is being used by another process.

2020-08-12T16:31:25.776Z - debug:  
2020-08-12T16:31:25.872Z - debug:  
2020-08-12T16:31:45.385Z - debug: The process cannot access the file because it is being used by another process.

2020-08-12T16:31:45.452Z - debug: The process cannot access the file because it is being used by another process.

2020-08-12T16:31:46.857Z - debug: The process cannot access the file because it is being used by another process.

2020-08-12T16:31:46.858Z - debug: The process cannot access the file because it is being used by another process.

2020-08-12T16:31:46.858Z - debug:  
2020-08-12T16:31:47.050Z - debug:  
2020-08-12T16:31:50.670Z - debug:  
2020-08-12T16:31:50.937Z - debug:  
2020-08-12T16:31:56.939Z - debug: The process cannot access the file because it is being used by another process.

2020-08-12T16:31:59.464Z - debug: The process cannot access the file because it is being used by another process.

2020-08-12T16:31:59.696Z - debug:  
2020-08-12T16:32:22.829Z - debug:  
2020-08-12T16:32:22.831Z - debug:  
2020-08-12T16:32:22.832Z - debug:  
2020-08-12T16:32:22.832Z - debug:  
2020-08-12T16:32:26.332Z - debug:  
2020-08-12T16:32:27.820Z - debug:  
2020-08-12T16:32:35.293Z - debug:  
2020-08-12T16:32:36.430Z - debug:  
2020-08-12T16:32:36.431Z - debug:  
2020-08-12T16:32:36.431Z - debug:  
2020-08-12T16:32:36.431Z - debug:  
2020-08-12T16:32:42.373Z - debug:  
2020-08-12T16:32:42.374Z - debug:  
2020-08-12T16:32:46.482Z - debug:  
2020-08-12T16:32:51.740Z - debug:  
2020-08-12T16:33:04.539Z - debug:  
2020-08-12T16:33:04.539Z - debug:  
2020-08-12T16:33:24.373Z - debug:  
2020-08-12T16:33:34.386Z - debug:  
2020-08-12T16:33:34.386Z - debug:  
2020-08-12T16:33:41.468Z - info: Pages built
2020-08-12T16:34:03.940Z - info: Website generation complete! Total build time: 201.858s
2020-08-12T16:34:03.941Z - info: Build success!
2020-08-12T16:34:03.941Z - debug:  
2020-08-12T16:34:03.948Z - info: Site data built
2020-08-12T16:34:45.348Z - info: Deployed!
2020-08-12T16:54:51.079Z - info: Website generation (lazy) started at 12:54:45 AM
2020-08-12T16:55:01.670Z - info: Building assets...
2020-08-12T16:55:07.782Z - info: Assets built
2020-08-12T16:55:07.783Z - info: Generating landing page...
2020-08-12T16:55:08.680Z - info: Landing page built, other pages will be built as you navigate to them!
2020-08-12T16:55:08.779Z - info: Website generation (lazy) complete! Total build time: 23.178s
2020-08-12T16:55:09.601Z - info: Serving "C:\repos\nus-cs2103-AY2021S1\cs2103-website\_site" at http://127.0.0.1:8080
2020-08-12T16:55:09.602Z - info: Press CTRL+C to stop ...
2020-08-12T16:55:09.668Z - info: Site data built
2020-08-12T16:55:20.011Z - info: Building C:\repos\nus-cs2103-AY2021S1\cs2103-website\admin\tools as some of its dependencies were changed since the last visit
2020-08-12T16:55:20.886Z - info: Site data built
2020-08-12T16:55:20.887Z - info: Lazy website regeneration complete! Total build time: 0.877s
2020-08-12T16:55:32.612Z - info: Building C:\repos\nus-cs2103-AY2021S1\cs2103-website\admin\lectures as some of its dependencies were changed since the last visit
2020-08-12T16:55:32.892Z - info: Site data built
2020-08-12T16:55:32.892Z - info: Lazy website regeneration complete! Total build time: 0.281s
2020-08-12T16:56:09.100Z - info: Website generation started at 12:56:06 AM
2020-08-12T16:56:18.116Z - info: Building assets...
2020-08-12T16:56:24.142Z - info: Assets built
2020-08-12T16:56:24.143Z - info: Generating pages...
2020-08-12T16:56:37.542Z - debug: The process cannot access the file because it is being used by another process.

2020-08-12T16:56:37.543Z - debug: The process cannot access the file because it is being used by another process.

2020-08-12T16:56:41.309Z - debug:  
2020-08-12T16:56:41.310Z - debug:  
2020-08-12T16:56:41.311Z - debug:  
2020-08-12T16:56:41.311Z - debug:  
2020-08-12T16:56:42.766Z - debug:  
2020-08-12T16:56:47.667Z - debug: The process cannot access the file because it is being used by another process.

2020-08-12T16:56:47.667Z - debug: The process cannot access the file because it is being used by another process.

2020-08-12T16:56:47.667Z - debug: The process cannot access the file because it is being used by another process.

2020-08-12T16:56:47.668Z - debug: The process cannot access the file because it is being used by another process.

2020-08-12T16:56:47.668Z - debug:  
2020-08-12T16:56:47.668Z - debug:  
2020-08-12T16:56:47.668Z - debug:  
2020-08-12T16:56:47.669Z - debug:  
2020-08-12T16:56:51.431Z - debug: The process cannot access the file because it is being used by another process.

2020-08-12T16:56:51.797Z - debug: The process cannot access the file because it is being used by another process.

2020-08-12T16:56:51.799Z - debug: The process cannot access the file because it is being used by another process.

2020-08-12T16:56:52.012Z - debug: The process cannot access the file because it is being used by another process.

2020-08-12T16:56:53.361Z - debug:  
2020-08-12T16:56:53.419Z - debug:  
2020-08-12T16:57:15.340Z - debug: The process cannot access the file because it is being used by another process.

2020-08-12T16:57:15.362Z - debug: The process cannot access the file because it is being used by another process.

2020-08-12T16:57:17.250Z - debug: The process cannot access the file because it is being used by another process.

2020-08-12T16:57:17.251Z - debug: The process cannot access the file because it is being used by another process.

2020-08-12T16:57:17.550Z - debug:  
2020-08-12T16:57:19.752Z - debug:  
2020-08-12T16:57:21.204Z - debug:  
2020-08-12T16:57:21.320Z - debug:  
2020-08-12T16:57:27.385Z - debug: The process cannot access the file because it is being used by another process.

2020-08-12T16:57:29.856Z - debug: The process cannot access the file because it is being used by another process.

2020-08-12T16:57:29.953Z - debug:  
2020-08-12T16:57:53.588Z - debug:  
2020-08-12T16:57:53.589Z - debug:  
2020-08-12T16:57:53.590Z - debug:  
2020-08-12T16:57:53.741Z - debug:  
2020-08-12T16:57:58.716Z - debug:  
2020-08-12T16:57:58.717Z - debug:  
2020-08-12T16:58:01.376Z - debug:  
2020-08-12T16:58:08.825Z - debug:  
2020-08-12T16:58:09.457Z - debug:  
2020-08-12T16:58:09.457Z - debug:  
2020-08-12T16:58:09.457Z - debug:  
2020-08-12T16:58:18.593Z - debug:  
2020-08-12T16:58:18.594Z - debug:  
2020-08-12T16:58:24.995Z - debug:  
2020-08-12T16:58:37.273Z - debug:  
2020-08-12T16:58:37.274Z - debug:  
2020-08-12T16:58:44.472Z - debug:  
2020-08-12T16:58:44.473Z - debug:  
2020-08-12T16:59:04.637Z - debug:  
2020-08-12T16:59:29.918Z - debug:  
2020-08-12T16:59:43.949Z - debug:  
2020-08-12T16:59:43.949Z - debug:  
2020-08-12T16:59:53.698Z - info: Pages built
2020-08-12T17:00:21.273Z - info: Website generation complete! Total build time: 254.653s
2020-08-12T17:00:21.277Z - info: Build success!
2020-08-12T17:00:21.278Z - debug:  
2020-08-12T17:00:21.281Z - info: Site data built
2020-08-12T17:01:01.223Z - info: Deployed!
