2020-12-02T13:28:36.636Z - info: Website generation (lazy) started at 9:28:31 PM
2020-12-02T13:28:47.381Z - info: Building assets...
2020-12-02T13:28:55.114Z - info: Assets built
2020-12-02T13:28:55.115Z - info: Generating landing page...
2020-12-02T13:28:58.763Z - info: Landing page built, other pages will be built as you navigate to them!
2020-12-02T13:28:58.892Z - info: Website generation (lazy) complete! Total build time: 27.729s
2020-12-02T13:28:59.855Z - info: Serving "C:\repos\nus-cs2103-AY2021S1\cs2103-website\_site" at http://127.0.0.1:8080
2020-12-02T13:28:59.855Z - info: Press CTRL+C to stop ...
2020-12-02T13:28:59.927Z - info: Site data built
2020-12-02T13:31:32.578Z - info: Website generation started at 9:31:29 PM
2020-12-02T13:31:46.730Z - info: Building assets...
2020-12-02T13:31:56.793Z - info: Assets built
2020-12-02T13:31:56.794Z - info: Generating pages...
2020-12-02T13:32:12.946Z - debug: The process cannot access the file because it is being used by another process.

2020-12-02T13:32:13.455Z - debug: The process cannot access the file because it is being used by another process.

2020-12-02T13:32:13.478Z - debug:  
2020-12-02T13:32:13.479Z - debug:  
2020-12-02T13:32:13.480Z - debug:  
2020-12-02T13:32:13.480Z - debug:  
2020-12-02T13:32:13.481Z - debug:  
2020-12-02T13:32:22.797Z - debug: The process cannot access the file because it is being used by another process.

2020-12-02T13:32:22.798Z - debug: The process cannot access the file because it is being used by another process.

2020-12-02T13:32:22.798Z - debug: The process cannot access the file because it is being used by another process.

2020-12-02T13:32:22.798Z - debug: The process cannot access the file because it is being used by another process.

2020-12-02T13:32:22.799Z - debug:  
2020-12-02T13:32:22.802Z - debug:  
2020-12-02T13:32:22.866Z - debug:  
2020-12-02T13:32:23.946Z - debug:  
2020-12-02T13:32:23.955Z - debug:  
2020-12-02T13:32:25.816Z - debug: The process cannot access the file because it is being used by another process.

2020-12-02T13:32:25.817Z - debug: The process cannot access the file because it is being used by another process.

2020-12-02T13:32:26.040Z - debug: The process cannot access the file because it is being used by another process.

2020-12-02T13:32:26.233Z - debug: The process cannot access the file because it is being used by another process.

2020-12-02T13:32:27.680Z - debug:  
2020-12-02T13:32:27.680Z - debug:  
2020-12-02T13:32:45.311Z - debug: The process cannot access the file because it is being used by another process.

2020-12-02T13:32:45.314Z - debug: The process cannot access the file because it is being used by another process.

2020-12-02T13:32:46.442Z - debug: The process cannot access the file because it is being used by another process.

2020-12-02T13:32:47.387Z - debug: The process cannot access the file because it is being used by another process.

2020-12-02T13:32:48.091Z - debug:  
2020-12-02T13:32:48.778Z - debug: The process cannot access the file because it is being used by another process.

2020-12-02T13:32:50.288Z - debug: The process cannot access the file because it is being used by another process.

2020-12-02T13:32:50.288Z - debug:  
2020-12-02T13:32:53.959Z - debug: The process cannot access the file because it is being used by another process.

2020-12-02T13:32:53.960Z - debug: The process cannot access the file because it is being used by another process.

2020-12-02T13:32:55.538Z - debug: The process cannot access the file because it is being used by another process.

2020-12-02T13:32:55.538Z - debug: The process cannot access the file because it is being used by another process.

2020-12-02T13:32:55.726Z - debug:  
2020-12-02T13:32:57.978Z - debug:  
2020-12-02T13:32:59.594Z - debug:  
2020-12-02T13:32:59.733Z - debug:  
2020-12-02T13:33:07.912Z - debug: The process cannot access the file because it is being used by another process.

2020-12-02T13:33:10.066Z - debug: The process cannot access the file because it is being used by another process.

2020-12-02T13:33:10.330Z - debug:  
2020-12-02T13:33:36.149Z - debug:  
2020-12-02T13:33:36.152Z - debug:  
2020-12-02T13:33:36.152Z - debug:  
2020-12-02T13:33:36.153Z - debug:  
2020-12-02T13:33:38.637Z - debug: The process cannot access the file because it is being used by another process.

2020-12-02T13:33:42.306Z - debug:  
2020-12-02T13:33:42.686Z - debug:  
2020-12-02T13:33:42.846Z - debug:  
2020-12-02T13:33:50.616Z - debug:  
2020-12-02T13:33:53.840Z - debug:  
2020-12-02T13:33:53.840Z - debug:  
2020-12-02T13:33:53.840Z - debug:  
2020-12-02T13:33:53.841Z - debug:  
2020-12-02T13:33:58.529Z - debug: The process cannot access the file because it is being used by another process.

2020-12-02T13:34:01.255Z - debug:  
2020-12-02T13:34:02.921Z - debug:  
2020-12-02T13:34:02.921Z - debug:  
2020-12-02T13:34:07.595Z - debug:  
2020-12-02T13:34:19.205Z - debug:  
2020-12-02T13:34:21.242Z - debug:  
2020-12-02T13:34:21.242Z - debug:  
2020-12-02T13:34:29.561Z - debug:  
2020-12-02T13:34:29.562Z - debug:  
2020-12-02T13:34:43.008Z - debug:  
2020-12-02T13:34:43.008Z - debug:  
2020-12-02T13:35:15.697Z - debug:  
2020-12-02T13:35:32.786Z - debug:  
2020-12-02T13:35:32.786Z - debug:  
2020-12-02T13:35:49.207Z - info: Pages built
2020-12-02T13:36:21.841Z - info: Website generation complete! Total build time: 292.444s
2020-12-02T13:36:21.845Z - info: Build success!
2020-12-02T13:36:21.846Z - debug:  
2020-12-02T13:36:21.850Z - info: Site data built
2020-12-02T13:37:10.425Z - info: Deployed!
