2020-08-26T14:01:29.199Z - info: Website generation (lazy) started at 10:01:21 PM
2020-08-26T14:01:38.041Z - info: Building assets...
2020-08-26T14:01:43.680Z - info: Assets built
2020-08-26T14:01:43.681Z - info: Generating landing page...
2020-08-26T14:01:48.028Z - info: Landing page built, other pages will be built as you navigate to them!
2020-08-26T14:01:48.257Z - info: Website generation (lazy) complete! Total build time: 27.216s
2020-08-26T14:01:50.228Z - info: Serving "C:\repos\nus-cs2103-AY2021S1\cs2103-website\_site" at http://127.0.0.1:8080
2020-08-26T14:01:50.228Z - info: Press CTRL+C to stop ...
2020-08-26T14:01:50.302Z - info: Site data built
2020-08-26T14:05:22.825Z - info: [10:05:22 PM] Reload for file change: C:\repos\nus-cs2103-AY2021S1\cs2103-website\admin\ip-tasks.mbdf
2020-08-26T14:05:23.854Z - info: Rebuilding 1 pages
2020-08-26T14:05:25.117Z - info: Pages rebuilt
2020-08-26T14:05:25.117Z - info: Website regeneration complete! Total build time: 1.267s
2020-08-26T14:05:25.125Z - info: Site data built
2020-08-26T14:05:30.659Z - info: Building C:\repos\nus-cs2103-AY2021S1\cs2103-website\schedule\week4\index as some of its dependencies were changed since the last visit
2020-08-26T14:05:31.668Z - info: Site data built
2020-08-26T14:05:31.669Z - info: Lazy website regeneration complete! Total build time: 1.011s
2020-08-26T14:05:34.930Z - info: Building C:\repos\nus-cs2103-AY2021S1\cs2103-website\schedule\week4\project as some of its dependencies were changed since the last visit
2020-08-26T14:05:36.505Z - info: Site data built
2020-08-26T14:05:36.505Z - info: Lazy website regeneration complete! Total build time: 1.576s
2020-08-26T14:06:07.188Z - info: [10:06:07 PM] Reload for file change: C:\repos\nus-cs2103-AY2021S1\cs2103-website\admin\ip-tasks.mbdf
2020-08-26T14:06:08.194Z - info: Rebuilding 1 pages
2020-08-26T14:06:10.008Z - info: Pages rebuilt
2020-08-26T14:06:10.008Z - info: Website regeneration complete! Total build time: 1.815s
2020-08-26T14:06:10.030Z - info: Site data built
2020-08-26T14:06:28.585Z - info: [10:06:28 PM] Reload for file change: C:\repos\nus-cs2103-AY2021S1\cs2103-website\admin\ip-tasks.mbdf
2020-08-26T14:06:29.601Z - info: Rebuilding 1 pages
2020-08-26T14:06:31.723Z - info: Pages rebuilt
2020-08-26T14:06:31.726Z - info: Website regeneration complete! Total build time: 2.131s
2020-08-26T14:06:31.755Z - info: Site data built
2020-08-26T14:06:44.546Z - info: [10:06:44 PM] Reload for file change: C:\repos\nus-cs2103-AY2021S1\cs2103-website\admin\ip-tasks.mbdf
2020-08-26T14:06:45.554Z - info: Rebuilding 1 pages
2020-08-26T14:06:47.126Z - info: Pages rebuilt
2020-08-26T14:06:47.126Z - info: Website regeneration complete! Total build time: 1.576s
2020-08-26T14:06:47.136Z - info: Site data built
2020-08-26T14:07:07.261Z - info: [10:07:07 PM] Reload for file change: C:\repos\nus-cs2103-AY2021S1\cs2103-website\admin\ip-tasks.mbdf
2020-08-26T14:07:08.267Z - info: Rebuilding 1 pages
2020-08-26T14:07:09.705Z - info: Pages rebuilt
2020-08-26T14:07:09.706Z - info: Website regeneration complete! Total build time: 1.439s
2020-08-26T14:07:09.711Z - info: Site data built
2020-08-26T14:07:35.180Z - info: [10:07:35 PM] Reload for file change: C:\repos\nus-cs2103-AY2021S1\cs2103-website\admin\ip-tasks.mbdf
2020-08-26T14:07:36.186Z - info: Rebuilding 1 pages
2020-08-26T14:07:38.150Z - info: Pages rebuilt
2020-08-26T14:07:38.151Z - info: Website regeneration complete! Total build time: 1.967s
2020-08-26T14:07:38.159Z - info: Site data built
2020-08-26T14:07:45.454Z - info: [10:07:45 PM] Reload for file change: C:\repos\nus-cs2103-AY2021S1\cs2103-website\admin\ip-tasks.mbdf
2020-08-26T14:07:46.458Z - info: Rebuilding 1 pages
2020-08-26T14:07:47.967Z - info: Pages rebuilt
2020-08-26T14:07:47.967Z - info: Website regeneration complete! Total build time: 1.51s
2020-08-26T14:07:47.973Z - info: Site data built
2020-08-26T14:07:54.872Z - info: [10:07:54 PM] Reload for file change: C:\repos\nus-cs2103-AY2021S1\cs2103-website\admin\ip-tasks.mbdf
2020-08-26T14:07:55.879Z - info: Rebuilding 1 pages
2020-08-26T14:07:57.223Z - info: Pages rebuilt
2020-08-26T14:07:57.223Z - info: Website regeneration complete! Total build time: 1.347s
2020-08-26T14:07:57.230Z - info: Site data built
2020-08-26T14:08:14.224Z - info: [10:08:14 PM] Reload for file change: C:\repos\nus-cs2103-AY2021S1\cs2103-website\admin\ip-tasks.mbdf
2020-08-26T14:08:15.228Z - info: Rebuilding 1 pages
2020-08-26T14:08:16.415Z - info: Pages rebuilt
2020-08-26T14:08:16.415Z - info: Website regeneration complete! Total build time: 1.19s
2020-08-26T14:08:16.421Z - info: Site data built
2020-08-26T14:08:25.372Z - info: [10:08:25 PM] Reload for file change: C:\repos\nus-cs2103-AY2021S1\cs2103-website\admin\ip-tasks.mbdf
2020-08-26T14:08:26.380Z - info: Rebuilding 1 pages
2020-08-26T14:08:27.661Z - info: Pages rebuilt
2020-08-26T14:08:27.661Z - info: Website regeneration complete! Total build time: 1.284s
2020-08-26T14:08:27.666Z - info: Site data built
2020-08-26T14:08:52.032Z - info: [10:08:52 PM] Reload for file change: C:\repos\nus-cs2103-AY2021S1\cs2103-website\admin\ip-tasks.mbdf
2020-08-26T14:08:53.037Z - info: Rebuilding 1 pages
2020-08-26T14:08:54.883Z - info: Pages rebuilt
2020-08-26T14:08:54.888Z - info: Website regeneration complete! Total build time: 1.853s
2020-08-26T14:08:54.894Z - info: Site data built
2020-08-26T14:10:45.301Z - info: [10:10:45 PM] Reload for file change: C:\repos\nus-cs2103-AY2021S1\cs2103-website\admin\ip-tasks.mbdf
2020-08-26T14:10:46.305Z - info: Rebuilding 1 pages
2020-08-26T14:10:47.856Z - info: Pages rebuilt
2020-08-26T14:10:47.856Z - info: Website regeneration complete! Total build time: 1.552s
2020-08-26T14:10:47.861Z - info: Site data built
2020-08-26T14:11:02.654Z - info: [10:11:02 PM] Reload for file change: C:\repos\nus-cs2103-AY2021S1\cs2103-website\admin\ip-tasks.mbdf
2020-08-26T14:11:03.661Z - info: Rebuilding 1 pages
2020-08-26T14:11:04.946Z - info: Pages rebuilt
2020-08-26T14:11:04.947Z - info: Website regeneration complete! Total build time: 1.289s
2020-08-26T14:11:04.951Z - info: Site data built
2020-08-26T14:11:21.597Z - info: [10:11:21 PM] Reload for file change: C:\repos\nus-cs2103-AY2021S1\cs2103-website\admin\ip-tasks.mbdf
2020-08-26T14:11:22.601Z - info: Rebuilding 1 pages
2020-08-26T14:11:24.033Z - info: Pages rebuilt
2020-08-26T14:11:24.033Z - info: Website regeneration complete! Total build time: 1.433s
2020-08-26T14:11:24.051Z - info: Site data built
2020-08-26T14:11:24.246Z - info: [10:11:24 PM] Reload for file change: C:\repos\nus-cs2103-AY2021S1\cs2103-website\admin\ip-tasks.mbdf
2020-08-26T14:11:25.252Z - info: Rebuilding 1 pages
2020-08-26T14:11:26.566Z - info: Pages rebuilt
2020-08-26T14:11:26.566Z - info: Website regeneration complete! Total build time: 1.317s
2020-08-26T14:11:26.571Z - info: Site data built
2020-08-26T14:14:09.468Z - info: [10:14:09 PM] Reload for file change: C:\repos\nus-cs2103-AY2021S1\cs2103-website\admin\tp-tasks.mbdf
2020-08-26T14:14:10.475Z - info: Rebuilding 1 pages
2020-08-26T14:14:12.348Z - info: Pages rebuilt
2020-08-26T14:14:12.348Z - info: Website regeneration complete! Total build time: 1.875s
2020-08-26T14:14:12.354Z - info: Site data built
2020-08-26T14:15:05.247Z - info: [10:15:05 PM] Reload for file change: C:\repos\nus-cs2103-AY2021S1\cs2103-website\admin\tp-tasks.mbdf
2020-08-26T14:15:06.260Z - info: Rebuilding 1 pages
2020-08-26T14:15:07.986Z - info: Pages rebuilt
2020-08-26T14:15:07.986Z - info: Website regeneration complete! Total build time: 1.731s
2020-08-26T14:15:07.993Z - info: Site data built
2020-08-26T14:15:45.195Z - info: [10:15:45 PM] Reload for file change: C:\repos\nus-cs2103-AY2021S1\cs2103-website\admin\tp-tasks.mbdf
2020-08-26T14:15:46.208Z - info: Rebuilding 1 pages
2020-08-26T14:15:48.150Z - info: Pages rebuilt
2020-08-26T14:15:48.150Z - info: Website regeneration complete! Total build time: 1.949s
2020-08-26T14:15:48.157Z - info: Site data built
2020-08-26T14:15:57.439Z - info: [10:15:57 PM] Reload for file change: C:\repos\nus-cs2103-AY2021S1\cs2103-website\admin\tp-tasks.mbdf
2020-08-26T14:15:58.440Z - info: Rebuilding 1 pages
2020-08-26T14:16:00.023Z - info: Pages rebuilt
2020-08-26T14:16:00.023Z - info: Website regeneration complete! Total build time: 1.584s
2020-08-26T14:16:00.027Z - info: Site data built
2020-08-26T14:16:27.646Z - info: [10:16:27 PM] Reload for file change: C:\repos\nus-cs2103-AY2021S1\cs2103-website\admin\tp-tasks.mbdf
2020-08-26T14:16:28.663Z - info: Rebuilding 1 pages
2020-08-26T14:16:30.554Z - info: Pages rebuilt
2020-08-26T14:16:30.554Z - info: Website regeneration complete! Total build time: 1.896s
2020-08-26T14:16:30.560Z - info: Site data built
2020-08-26T14:20:14.934Z - info: Building C:\repos\nus-cs2103-AY2021S1\cs2103-website\schedule\week4\tutorial as some of its dependencies were changed since the last visit
2020-08-26T14:20:15.358Z - info: Site data built
2020-08-26T14:20:15.359Z - info: Lazy website regeneration complete! Total build time: 0.426s
2020-08-26T14:21:05.513Z - info: Building C:\repos\nus-cs2103-AY2021S1\cs2103-website\schedule\week4\admin as some of its dependencies were changed since the last visit
2020-08-26T14:21:05.998Z - info: Site data built
2020-08-26T14:21:05.999Z - info: Lazy website regeneration complete! Total build time: 0.487s
2020-08-26T14:22:29.881Z - info: Website generation started at 10:22:26 PM
2020-08-26T14:22:39.663Z - info: Building assets...
2020-08-26T14:22:46.779Z - info: Assets built
2020-08-26T14:22:46.781Z - info: Generating pages...
2020-08-26T14:23:02.788Z - debug: The process cannot access the file because it is being used by another process.

2020-08-26T14:23:02.821Z - debug: The process cannot access the file because it is being used by another process.

2020-08-26T14:23:06.638Z - debug:  
2020-08-26T14:23:06.639Z - debug:  
2020-08-26T14:23:06.646Z - debug:  
2020-08-26T14:23:06.648Z - debug:  
2020-08-26T14:23:08.215Z - debug:  
2020-08-26T14:23:08.216Z - debug:  
2020-08-26T14:23:08.216Z - debug:  
2020-08-26T14:23:13.988Z - debug: The process cannot access the file because it is being used by another process.

2020-08-26T14:23:13.989Z - debug: The process cannot access the file because it is being used by another process.

2020-08-26T14:23:13.989Z - debug:  
2020-08-26T14:23:13.989Z - debug:  
2020-08-26T14:23:15.980Z - debug: The process cannot access the file because it is being used by another process.

2020-08-26T14:23:15.980Z - debug: The process cannot access the file because it is being used by another process.

2020-08-26T14:23:16.478Z - debug:  
2020-08-26T14:23:16.479Z - debug:  
2020-08-26T14:23:17.022Z - debug: The process cannot access the file because it is being used by another process.

2020-08-26T14:23:17.023Z - debug: The process cannot access the file because it is being used by another process.

2020-08-26T14:23:20.530Z - debug:  
2020-08-26T14:23:20.550Z - debug:  
2020-08-26T14:23:41.316Z - debug: The process cannot access the file because it is being used by another process.

2020-08-26T14:23:41.319Z - debug: The process cannot access the file because it is being used by another process.

2020-08-26T14:23:42.695Z - debug: The process cannot access the file because it is being used by another process.

2020-08-26T14:23:42.696Z - debug: The process cannot access the file because it is being used by another process.

2020-08-26T14:23:42.913Z - debug:  
2020-08-26T14:23:42.913Z - debug:  
2020-08-26T14:23:46.761Z - debug:  
2020-08-26T14:23:47.015Z - debug:  
2020-08-26T14:23:53.497Z - debug: The process cannot access the file because it is being used by another process.

2020-08-26T14:23:55.763Z - debug: The process cannot access the file because it is being used by another process.

2020-08-26T14:23:56.021Z - debug:  
2020-08-26T14:24:19.149Z - debug:  
2020-08-26T14:24:19.439Z - debug:  
2020-08-26T14:24:19.439Z - debug:  
2020-08-26T14:24:19.440Z - debug:  
2020-08-26T14:24:24.638Z - debug:  
2020-08-26T14:24:24.876Z - debug:  
2020-08-26T14:24:27.796Z - debug:  
2020-08-26T14:24:35.531Z - debug:  
2020-08-26T14:24:35.531Z - debug:  
2020-08-26T14:24:35.531Z - debug:  
2020-08-26T14:24:35.532Z - debug:  
2020-08-26T14:24:43.560Z - debug:  
2020-08-26T14:24:43.561Z - debug:  
2020-08-26T14:24:48.837Z - debug:  
2020-08-26T14:25:02.961Z - debug:  
2020-08-26T14:25:02.962Z - debug:  
2020-08-26T14:25:07.408Z - debug:  
2020-08-26T14:25:07.408Z - debug:  
2020-08-26T14:25:24.879Z - debug:  
2020-08-26T14:25:48.365Z - debug:  
2020-08-26T14:26:02.816Z - debug:  
2020-08-26T14:26:02.817Z - debug:  
2020-08-26T14:26:12.046Z - info: Pages built
2020-08-26T14:26:43.615Z - info: Website generation complete! Total build time: 256.86s
2020-08-26T14:26:43.619Z - info: Build success!
2020-08-26T14:26:43.620Z - debug:  
2020-08-26T14:26:43.629Z - info: Site data built
2020-08-26T14:27:29.833Z - info: Deployed!
