2020-09-09T16:00:06.622Z - debug:  
2020-09-09T16:00:06.666Z - debug:  
2020-09-09T16:00:44.183Z - debug:  
2020-09-09T16:01:01.059Z - debug:  
2020-09-09T16:01:01.059Z - debug:  
2020-09-09T16:01:10.790Z - info: Pages built
2020-09-09T16:01:51.633Z - info: Website generation complete! Total build time: 326.44s
2020-09-09T16:01:51.640Z - info: Build success!
2020-09-09T16:01:51.641Z - debug:  
2020-09-09T16:01:51.648Z - info: Site data built
2020-09-09T16:03:33.346Z - info: Deployed!
2020-09-09T16:06:36.749Z - info: Website generation (lazy) started at 12:06:28 AM
2020-09-09T16:06:50.460Z - info: Building assets...
2020-09-09T16:06:58.747Z - info: Assets built
2020-09-09T16:06:58.749Z - info: Generating landing page...
2020-09-09T16:07:00.880Z - info: Landing page built, other pages will be built as you navigate to them!
2020-09-09T16:07:01.003Z - info: Website generation (lazy) complete! Total build time: 32.793s
2020-09-09T16:07:02.095Z - info: Serving "C:\repos\nus-cs2103-AY2021S1\cs2103-website\_site" at http://127.0.0.1:8080
2020-09-09T16:07:02.096Z - info: Press CTRL+C to stop ...
2020-09-09T16:07:02.164Z - info: Site data built
2020-09-09T16:07:53.177Z - info: Building C:\repos\nus-cs2103-AY2021S1\cs2103-website\schedule\week6\index as some of its dependencies were changed since the last visit
2020-09-09T16:07:54.571Z - info: Site data built
2020-09-09T16:07:54.571Z - info: Lazy website regeneration complete! Total build time: 1.395s
2020-09-10T04:53:14.561Z - info: Website generation (lazy) started at 12:53:11 PM
2020-09-10T04:53:23.863Z - info: Building assets...
2020-09-10T04:53:30.185Z - info: Assets built
2020-09-10T04:53:30.186Z - info: Generating landing page...
2020-09-10T04:53:33.118Z - info: Landing page built, other pages will be built as you navigate to them!
2020-09-10T04:53:33.218Z - info: Website generation (lazy) complete! Total build time: 21.825s
2020-09-10T04:53:34.128Z - info: Serving "C:\repos\nus-cs2103-AY2021S1\cs2103-website\_site" at http://127.0.0.1:8080
2020-09-10T04:53:34.129Z - info: Press CTRL+C to stop ...
2020-09-10T04:53:34.197Z - info: Site data built
2020-09-10T04:54:22.416Z - info: Building C:\repos\nus-cs2103-AY2021S1\cs2103-website\schedule\week5\project as some of its dependencies were changed since the last visit
2020-09-10T04:54:24.883Z - info: Site data built
2020-09-10T04:54:24.885Z - info: Lazy website regeneration complete! Total build time: 2.47s
2020-09-10T04:59:08.653Z - info: [12:59:08 PM] Reload for file change: C:\repos\nus-cs2103-AY2021S1\cs2103-website\admin\tp-tasks.mbdf
2020-09-10T04:59:09.665Z - info: Rebuilding 1 pages
2020-09-10T04:59:11.868Z - info: Pages rebuilt
2020-09-10T04:59:11.869Z - info: Website regeneration complete! Total build time: 2.206s
2020-09-10T04:59:11.890Z - info: Site data built
2020-09-10T05:01:15.801Z - info: [1:01:15 PM] Reload for file change: C:\repos\nus-cs2103-AY2021S1\cs2103-website\admin\tp-tasks.mbdf
2020-09-10T05:01:16.808Z - info: Rebuilding 1 pages
2020-09-10T05:01:18.818Z - info: Pages rebuilt
2020-09-10T05:01:18.818Z - info: Website regeneration complete! Total build time: 2.012s
2020-09-10T05:01:18.830Z - info: Site data built
2020-09-10T05:01:57.216Z - info: [1:01:57 PM] Reload for file change: C:\repos\nus-cs2103-AY2021S1\cs2103-website\admin\tp-tasks.mbdf
2020-09-10T05:01:58.224Z - info: Rebuilding 1 pages
2020-09-10T05:02:00.248Z - info: Pages rebuilt
2020-09-10T05:02:00.249Z - info: Website regeneration complete! Total build time: 2.029s
2020-09-10T05:02:00.262Z - info: Site data built
2020-09-10T05:02:46.059Z - info: [1:02:46 PM] Reload for file change: C:\repos\nus-cs2103-AY2021S1\cs2103-website\admin\tp-tasks.mbdf
2020-09-10T05:02:47.083Z - info: Rebuilding 1 pages
2020-09-10T05:02:49.582Z - info: Pages rebuilt
2020-09-10T05:02:49.583Z - info: Website regeneration complete! Total build time: 2.505s
2020-09-10T05:02:49.601Z - info: Site data built
2020-09-10T05:03:23.072Z - info: [1:03:23 PM] Reload for file change: C:\repos\nus-cs2103-AY2021S1\cs2103-website\admin\tp-tasks.mbdf
2020-09-10T05:03:24.076Z - info: Rebuilding 1 pages
2020-09-10T05:03:25.978Z - info: Pages rebuilt
2020-09-10T05:03:25.979Z - info: Website regeneration complete! Total build time: 1.905s
2020-09-10T05:03:25.988Z - info: Site data built
2020-09-10T05:03:54.179Z - info: [1:03:54 PM] Reload for file change: C:\repos\nus-cs2103-AY2021S1\cs2103-website\admin\tp-tasks.mbdf
2020-09-10T05:03:55.183Z - info: Rebuilding 1 pages
2020-09-10T05:03:57.130Z - info: Pages rebuilt
2020-09-10T05:03:57.130Z - info: Website regeneration complete! Total build time: 1.949s
2020-09-10T05:03:57.142Z - info: Site data built
2020-09-10T05:04:06.979Z - info: [1:04:06 PM] Reload for file change: C:\repos\nus-cs2103-AY2021S1\cs2103-website\admin\tp-tasks.mbdf
2020-09-10T05:04:07.982Z - info: Rebuilding 1 pages
2020-09-10T05:04:09.469Z - info: Pages rebuilt
2020-09-10T05:04:09.470Z - info: Website regeneration complete! Total build time: 1.489s
2020-09-10T05:04:09.474Z - info: Site data built
2020-09-10T05:04:45.384Z - info: Website generation started at 1:04:40 PM
2020-09-10T05:04:55.688Z - info: Building assets...
2020-09-10T05:05:01.959Z - info: Assets built
2020-09-10T05:05:01.961Z - info: Generating pages...
2020-09-10T05:05:23.619Z - debug: The process cannot access the file because it is being used by another process.

2020-09-10T05:05:23.620Z - debug: The process cannot access the file because it is being used by another process.

2020-09-10T05:05:28.003Z - debug:  
2020-09-10T05:05:28.004Z - debug:  
2020-09-10T05:05:28.004Z - debug:  
2020-09-10T05:05:28.004Z - debug:  
2020-09-10T05:05:28.005Z - debug:  
2020-09-10T05:05:35.871Z - debug: The process cannot access the file because it is being used by another process.

2020-09-10T05:05:35.871Z - debug: The process cannot access the file because it is being used by another process.

2020-09-10T05:05:35.872Z - debug: The process cannot access the file because it is being used by another process.

2020-09-10T05:05:35.873Z - debug: The process cannot access the file because it is being used by another process.

2020-09-10T05:05:35.873Z - debug:  
2020-09-10T05:05:35.874Z - debug:  
2020-09-10T05:05:35.874Z - debug:  
2020-09-10T05:05:35.875Z - debug:  
2020-09-10T05:05:35.875Z - debug:  
2020-09-10T05:05:39.846Z - debug: The process cannot access the file because it is being used by another process.

2020-09-10T05:05:39.847Z - debug: The process cannot access the file because it is being used by another process.

2020-09-10T05:05:40.746Z - debug: The process cannot access the file because it is being used by another process.

2020-09-10T05:05:40.747Z - debug: The process cannot access the file because it is being used by another process.

2020-09-10T05:05:42.676Z - debug:  
2020-09-10T05:05:42.677Z - debug:  
2020-09-10T05:06:08.875Z - debug: The process cannot access the file because it is being used by another process.

2020-09-10T05:06:09.429Z - debug: The process cannot access the file because it is being used by another process.

2020-09-10T05:06:10.372Z - debug: The process cannot access the file because it is being used by another process.

2020-09-10T05:06:10.372Z - debug:  
2020-09-10T05:06:12.066Z - debug: The process cannot access the file because it is being used by another process.

2020-09-10T05:06:12.920Z - debug: The process cannot access the file because it is being used by another process.

2020-09-10T05:06:14.801Z - debug:  
2020-09-10T05:06:16.637Z - debug:  
2020-09-10T05:06:19.829Z - debug: The process cannot access the file because it is being used by another process.

2020-09-10T05:06:19.829Z - debug: The process cannot access the file because it is being used by another process.

2020-09-10T05:06:22.106Z - debug: The process cannot access the file because it is being used by another process.

2020-09-10T05:06:22.107Z - debug: The process cannot access the file because it is being used by another process.

2020-09-10T05:06:24.968Z - debug:  
2020-09-10T05:06:24.968Z - debug:  
2020-09-10T05:06:28.106Z - debug:  
2020-09-10T05:06:28.106Z - debug:  
2020-09-10T05:06:34.430Z - debug: The process cannot access the file because it is being used by another process.

2020-09-10T05:06:36.458Z - debug: The process cannot access the file because it is being used by another process.

2020-09-10T05:06:36.630Z - debug:  
2020-09-10T05:07:08.565Z - debug: The process cannot access the file because it is being used by another process.

2020-09-10T05:07:09.396Z - debug: The process cannot access the file because it is being used by another process.

2020-09-10T05:07:09.397Z - debug: The process cannot access the file because it is being used by another process.

2020-09-10T05:07:10.466Z - debug:  
2020-09-10T05:07:10.466Z - debug:  
2020-09-10T05:07:10.467Z - debug:  
2020-09-10T05:07:10.467Z - debug:  
2020-09-10T05:07:10.467Z - debug:  
2020-09-10T05:07:23.664Z - debug:  
2020-09-10T05:07:26.267Z - debug:  
2020-09-10T05:07:26.268Z - debug:  
2020-09-10T05:07:26.268Z - debug:  
2020-09-10T05:07:26.268Z - debug:  
2020-09-10T05:07:30.811Z - debug: The process cannot access the file because it is being used by another process.

2020-09-10T05:07:33.249Z - debug:  
2020-09-10T05:07:34.962Z - debug:  
2020-09-10T05:07:34.963Z - debug:  
2020-09-10T05:07:40.988Z - debug:  
2020-09-10T05:07:51.264Z - debug:  
2020-09-10T05:07:53.385Z - debug:  
2020-09-10T05:07:53.385Z - debug:  
2020-09-10T05:08:00.631Z - debug:  
2020-09-10T05:08:00.631Z - debug:  
2020-09-10T05:08:13.647Z - debug:  
2020-09-10T05:08:13.647Z - debug:  
2020-09-10T05:08:44.682Z - debug:  
2020-09-10T05:08:59.639Z - debug:  
2020-09-10T05:08:59.639Z - debug:  
2020-09-10T05:09:13.917Z - info: Pages built
2020-09-10T05:09:43.770Z - info: Website generation complete! Total build time: 302.898s
2020-09-10T05:09:43.771Z - info: Build success!
2020-09-10T05:09:43.771Z - debug:  
2020-09-10T05:09:43.777Z - info: Site data built
2020-09-10T05:10:24.038Z - info: Deployed!
