2020-11-09T04:41:29.357Z - info: Website generation (lazy) started at 12:41:22 PM
2020-11-09T04:41:41.786Z - info: Building assets...
2020-11-09T04:41:50.153Z - info: Assets built
2020-11-09T04:41:50.154Z - info: Generating landing page...
2020-11-09T04:41:51.566Z - info: Landing page built, other pages will be built as you navigate to them!
2020-11-09T04:41:51.698Z - info: Website generation (lazy) complete! Total build time: 29.55s
2020-11-09T04:41:52.718Z - info: Serving "C:\repos\nus-cs2103-AY2021S1\cs2103-website\_site" at http://127.0.0.1:8080
2020-11-09T04:41:52.718Z - info: Press CTRL+C to stop ...
2020-11-09T04:41:52.780Z - info: Site data built
2020-11-09T04:43:38.306Z - info: Building C:\repos\nus-cs2103-AY2021S1\cs2103-website\schedule\week13\project as some of its dependencies were changed since the last visit
2020-11-09T04:43:40.957Z - info: Site data built
2020-11-09T04:43:40.958Z - info: Lazy website regeneration complete! Total build time: 2.653s
2020-11-09T04:47:49.530Z - info: [12:47:49 PM] Reload for file change: C:\repos\nus-cs2103-AY2021S1\cs2103-website\admin\tp-tasks.mbdf
2020-11-09T04:47:50.543Z - info: Rebuilding 1 pages
2020-11-09T04:47:53.008Z - info: Pages rebuilt
2020-11-09T04:47:53.009Z - info: Website regeneration complete! Total build time: 2.469s
2020-11-09T04:47:53.044Z - info: Site data built
2020-11-09T04:48:22.189Z - info: [12:48:22 PM] Reload for file change: C:\repos\nus-cs2103-AY2021S1\cs2103-website\admin\tp-tasks.mbdf
2020-11-09T04:48:23.194Z - info: Rebuilding 1 pages
2020-11-09T04:48:25.523Z - info: Pages rebuilt
2020-11-09T04:48:25.524Z - info: Website regeneration complete! Total build time: 2.332s
2020-11-09T04:48:25.530Z - info: Site data built
2020-11-09T04:50:05.138Z - info: [12:50:05 PM] Reload for file change: C:\repos\nus-cs2103-AY2021S1\cs2103-website\admin\tp-tasks.mbdf
2020-11-09T04:50:06.141Z - info: Rebuilding 1 pages
2020-11-09T04:50:08.355Z - info: Pages rebuilt
2020-11-09T04:50:08.356Z - info: Website regeneration complete! Total build time: 2.216s
2020-11-09T04:50:08.360Z - info: Site data built
2020-11-09T04:50:41.894Z - info: [12:50:41 PM] Reload for file change: C:\repos\nus-cs2103-AY2021S1\cs2103-website\admin\tp-tasks.mbdf
2020-11-09T04:50:42.901Z - info: Rebuilding 1 pages
2020-11-09T04:50:44.623Z - info: Pages rebuilt
2020-11-09T04:50:44.623Z - info: Website regeneration complete! Total build time: 1.728s
2020-11-09T04:50:44.628Z - info: Site data built
2020-11-09T04:51:13.191Z - info: [12:51:13 PM] Reload for file change: C:\repos\nus-cs2103-AY2021S1\cs2103-website\admin\tp-tasks.mbdf
2020-11-09T04:51:14.193Z - info: Rebuilding 1 pages
2020-11-09T04:51:16.019Z - info: Pages rebuilt
2020-11-09T04:51:16.019Z - info: Website regeneration complete! Total build time: 1.828s
2020-11-09T04:51:16.024Z - info: Site data built
2020-11-09T04:52:14.043Z - info: Website generation started at 12:52:10 PM
2020-11-09T04:52:25.144Z - info: Building assets...
2020-11-09T04:52:32.121Z - info: Assets built
2020-11-09T04:52:32.122Z - info: Generating pages...
2020-11-09T04:52:48.340Z - debug: The process cannot access the file because it is being used by another process.

2020-11-09T04:52:48.341Z - debug: The process cannot access the file because it is being used by another process.

2020-11-09T04:52:51.788Z - debug:  
2020-11-09T04:52:51.797Z - debug:  
2020-11-09T04:52:51.799Z - debug:  
2020-11-09T04:52:51.799Z - debug:  
2020-11-09T04:52:51.799Z - debug:  
2020-11-09T04:52:53.743Z - debug:  
2020-11-09T04:52:57.871Z - debug: The process cannot access the file because it is being used by another process.

2020-11-09T04:52:57.871Z - debug: The process cannot access the file because it is being used by another process.

2020-11-09T04:52:57.872Z - debug: The process cannot access the file because it is being used by another process.

2020-11-09T04:52:57.872Z - debug: The process cannot access the file because it is being used by another process.

2020-11-09T04:52:57.873Z - debug:  
2020-11-09T04:52:57.873Z - debug:  
2020-11-09T04:52:57.873Z - debug:  
2020-11-09T04:52:57.873Z - debug:  
2020-11-09T04:53:00.674Z - debug: The process cannot access the file because it is being used by another process.

2020-11-09T04:53:00.674Z - debug: The process cannot access the file because it is being used by another process.

2020-11-09T04:53:00.675Z - debug: The process cannot access the file because it is being used by another process.

2020-11-09T04:53:00.675Z - debug: The process cannot access the file because it is being used by another process.

2020-11-09T04:53:02.500Z - debug:  
2020-11-09T04:53:02.500Z - debug:  
2020-11-09T04:53:21.044Z - debug: The process cannot access the file because it is being used by another process.

2020-11-09T04:53:21.045Z - debug: The process cannot access the file because it is being used by another process.

2020-11-09T04:53:22.021Z - debug: The process cannot access the file because it is being used by another process.

2020-11-09T04:53:22.092Z - debug:  
2020-11-09T04:53:23.807Z - debug: The process cannot access the file because it is being used by another process.

2020-11-09T04:53:24.557Z - debug: The process cannot access the file because it is being used by another process.

2020-11-09T04:53:25.806Z - debug:  
2020-11-09T04:53:27.758Z - debug:  
2020-11-09T04:53:29.577Z - debug: The process cannot access the file because it is being used by another process.

2020-11-09T04:53:29.577Z - debug: The process cannot access the file because it is being used by another process.

2020-11-09T04:53:31.511Z - debug: The process cannot access the file because it is being used by another process.

2020-11-09T04:53:31.512Z - debug: The process cannot access the file because it is being used by another process.

2020-11-09T04:53:31.725Z - debug:  
2020-11-09T04:53:33.666Z - debug:  
2020-11-09T04:53:35.797Z - debug:  
2020-11-09T04:53:35.891Z - debug:  
2020-11-09T04:53:45.130Z - debug: The process cannot access the file because it is being used by another process.

2020-11-09T04:53:47.068Z - debug: The process cannot access the file because it is being used by another process.

2020-11-09T04:53:47.263Z - debug:  
2020-11-09T04:54:12.909Z - debug:  
2020-11-09T04:54:12.911Z - debug:  
2020-11-09T04:54:12.911Z - debug:  
2020-11-09T04:54:12.911Z - debug:  
2020-11-09T04:54:15.167Z - debug: The process cannot access the file because it is being used by another process.

2020-11-09T04:54:19.148Z - debug:  
2020-11-09T04:54:19.349Z - debug:  
2020-11-09T04:54:19.350Z - debug:  
2020-11-09T04:54:26.258Z - debug:  
2020-11-09T04:54:29.875Z - debug:  
2020-11-09T04:54:29.876Z - debug:  
2020-11-09T04:54:29.876Z - debug:  
2020-11-09T04:54:29.876Z - debug:  
2020-11-09T04:54:34.781Z - debug: The process cannot access the file because it is being used by another process.

2020-11-09T04:54:36.897Z - debug:  
2020-11-09T04:54:38.694Z - debug:  
2020-11-09T04:54:38.694Z - debug:  
2020-11-09T04:54:43.914Z - debug:  
2020-11-09T04:54:57.607Z - debug:  
2020-11-09T04:54:58.999Z - debug:  
2020-11-09T04:54:59.000Z - debug:  
2020-11-09T04:55:06.333Z - debug:  
2020-11-09T04:55:06.333Z - debug:  
2020-11-09T04:55:20.278Z - debug:  
2020-11-09T04:55:21.316Z - debug:  
2020-11-09T04:55:54.211Z - debug:  
2020-11-09T04:56:10.116Z - debug:  
2020-11-09T04:56:10.117Z - debug:  
2020-11-09T04:56:23.794Z - info: Pages built
2020-11-09T04:56:58.993Z - info: Website generation complete! Total build time: 288.033s
2020-11-09T04:56:58.994Z - info: Build success!
2020-11-09T04:56:58.994Z - debug:  
2020-11-09T04:56:59.002Z - info: Site data built
2020-11-09T04:57:43.069Z - info: Deployed!
2020-11-09T05:05:33.084Z - info: Website generation (lazy) started at 1:05:27 PM
2020-11-09T05:05:44.045Z - info: Building assets...
2020-11-09T05:05:50.680Z - info: Assets built
2020-11-09T05:05:50.681Z - info: Generating landing page...
2020-11-09T05:05:51.868Z - info: Landing page built, other pages will be built as you navigate to them!
2020-11-09T05:05:52.000Z - info: Website generation (lazy) complete! Total build time: 24.755s
2020-11-09T05:05:52.917Z - info: Serving "C:\repos\nus-cs2103-AY2021S1\cs2103-website\_site" at http://127.0.0.1:8080
2020-11-09T05:05:52.917Z - info: Press CTRL+C to stop ...
2020-11-09T05:05:52.977Z - info: Site data built
2020-11-09T05:06:00.794Z - info: Building C:\repos\nus-cs2103-AY2021S1\cs2103-website\schedule\week13\project as some of its dependencies were changed since the last visit
2020-11-09T05:06:05.291Z - info: Site data built
2020-11-09T05:06:05.581Z - info: Lazy website regeneration complete! Total build time: 4.788s
2020-11-09T05:06:40.995Z - info: [1:06:40 PM] Reload for file change: C:\repos\nus-cs2103-AY2021S1\cs2103-website\admin\tp-deliverables-dg.mbdf
2020-11-09T05:06:42.004Z - info: Rebuilding 1 pages
2020-11-09T05:06:44.613Z - info: Pages rebuilt
2020-11-09T05:06:44.614Z - info: Website regeneration complete! Total build time: 2.613s
2020-11-09T05:06:44.625Z - info: Site data built
2020-11-09T05:07:17.854Z - info: [1:07:17 PM] Reload for file change: C:\repos\nus-cs2103-AY2021S1\cs2103-website\admin\tp-deliverables-ug.mbdf
2020-11-09T05:07:18.868Z - info: Rebuilding 1 pages
2020-11-09T05:07:21.187Z - info: Pages rebuilt
2020-11-09T05:07:21.187Z - info: Website regeneration complete! Total build time: 2.324s
2020-11-09T05:07:21.196Z - info: Site data built
2020-11-09T05:07:36.215Z - info: [1:07:36 PM] Reload for file change: C:\repos\nus-cs2103-AY2021S1\cs2103-website\admin\tp-deliverables-ug.mbdf
2020-11-09T05:07:37.224Z - info: Rebuilding 1 pages
2020-11-09T05:07:38.997Z - info: Pages rebuilt
2020-11-09T05:07:38.997Z - info: Website regeneration complete! Total build time: 1.775s
2020-11-09T05:07:39.003Z - info: Site data built
2020-11-09T05:07:51.162Z - info: [1:07:51 PM] Reload for file change: C:\repos\nus-cs2103-AY2021S1\cs2103-website\admin\tp-deliverables-ug.mbdf
2020-11-09T05:07:52.182Z - info: Rebuilding 1 pages
2020-11-09T05:07:53.714Z - info: Pages rebuilt
2020-11-09T05:07:53.714Z - info: Website regeneration complete! Total build time: 1.536s
2020-11-09T05:07:53.721Z - info: Site data built
2020-11-09T05:08:51.117Z - info: Website generation started at 1:08:47 PM
2020-11-09T05:09:03.630Z - info: Building assets...
2020-11-09T05:09:13.360Z - info: Assets built
2020-11-09T05:09:13.361Z - info: Generating pages...
2020-11-09T05:09:28.890Z - debug: The process cannot access the file because it is being used by another process.

2020-11-09T05:09:33.511Z - debug:  
2020-11-09T05:09:33.511Z - debug:  
2020-11-09T05:09:33.512Z - debug:  
2020-11-09T05:09:33.512Z - debug:  
2020-11-09T05:09:33.512Z - debug:  
2020-11-09T05:09:35.135Z - debug: The process cannot access the file because it is being used by another process.

2020-11-09T05:09:35.815Z - debug:  
2020-11-09T05:09:39.796Z - debug:  
2020-11-09T05:09:39.796Z - debug:  
2020-11-09T05:09:39.796Z - debug:  
2020-11-09T05:09:39.797Z - debug: The process cannot access the file because it is being used by another process.

2020-11-09T05:09:39.797Z - debug:  
2020-11-09T05:09:41.787Z - debug: The process cannot access the file because it is being used by another process.

2020-11-09T05:09:41.787Z - debug: The process cannot access the file because it is being used by another process.

2020-11-09T05:09:41.963Z - debug:  
2020-11-09T05:09:41.963Z - debug:  
2020-11-09T05:09:42.113Z - debug:  
2020-11-09T05:09:42.781Z - debug: The process cannot access the file because it is being used by another process.

2020-11-09T05:09:42.848Z - debug: The process cannot access the file because it is being used by another process.

2020-11-09T05:09:45.816Z - debug:  
2020-11-09T05:09:45.922Z - debug:  
2020-11-09T05:10:00.553Z - debug: The process cannot access the file because it is being used by another process.

2020-11-09T05:10:01.312Z - debug: The process cannot access the file because it is being used by another process.

2020-11-09T05:10:02.019Z - debug: The process cannot access the file because it is being used by another process.

2020-11-09T05:10:02.019Z - debug:  
2020-11-09T05:10:03.663Z - debug: The process cannot access the file because it is being used by another process.

2020-11-09T05:10:04.417Z - debug: The process cannot access the file because it is being used by another process.

2020-11-09T05:10:05.805Z - debug:  
2020-11-09T05:10:07.586Z - debug:  
2020-11-09T05:10:10.121Z - debug: The process cannot access the file because it is being used by another process.

2020-11-09T05:10:10.121Z - debug: The process cannot access the file because it is being used by another process.

2020-11-09T05:10:11.590Z - debug: The process cannot access the file because it is being used by another process.

2020-11-09T05:10:11.590Z - debug: The process cannot access the file because it is being used by another process.

2020-11-09T05:10:11.863Z - debug:  
2020-11-09T05:10:11.863Z - debug:  
2020-11-09T05:10:16.030Z - debug:  
2020-11-09T05:10:16.396Z - debug:  
2020-11-09T05:10:24.611Z - debug: The process cannot access the file because it is being used by another process.

2020-11-09T05:10:27.086Z - debug: The process cannot access the file because it is being used by another process.

2020-11-09T05:10:27.500Z - debug:  
2020-11-09T05:10:51.812Z - debug:  
2020-11-09T05:10:51.812Z - debug:  
2020-11-09T05:10:51.812Z - debug:  
2020-11-09T05:10:51.813Z - debug:  
2020-11-09T05:10:53.781Z - debug: The process cannot access the file because it is being used by another process.

2020-11-09T05:10:58.512Z - debug:  
2020-11-09T05:11:01.207Z - debug:  
2020-11-09T05:11:01.207Z - debug:  
2020-11-09T05:11:01.207Z - debug:  
2020-11-09T05:11:09.051Z - debug:  
2020-11-09T05:11:09.052Z - debug:  
2020-11-09T05:11:09.052Z - debug:  
2020-11-09T05:11:09.052Z - debug:  
2020-11-09T05:11:15.960Z - debug: The process cannot access the file because it is being used by another process.

2020-11-09T05:11:16.420Z - debug:  
2020-11-09T05:11:17.675Z - debug:  
2020-11-09T05:11:17.675Z - debug:  
2020-11-09T05:11:22.501Z - debug:  
2020-11-09T05:11:34.111Z - debug:  
2020-11-09T05:11:36.658Z - debug:  
2020-11-09T05:11:36.658Z - debug:  
2020-11-09T05:11:42.536Z - debug:  
2020-11-09T05:11:42.536Z - debug:  
2020-11-09T05:11:56.012Z - debug:  
2020-11-09T05:11:56.903Z - debug:  
2020-11-09T05:12:27.462Z - debug:  
2020-11-09T05:12:42.946Z - debug:  
2020-11-09T05:12:43.515Z - debug:  
2020-11-09T05:12:54.989Z - info: Pages built
2020-11-09T05:13:22.009Z - info: Website generation complete! Total build time: 274.737s
2020-11-09T05:13:22.013Z - info: Build success!
2020-11-09T05:13:22.014Z - debug:  
2020-11-09T05:13:22.017Z - info: Site data built
2020-11-09T05:14:06.147Z - info: Deployed!
2020-11-09T15:53:04.218Z - info: Website generation (lazy) started at 11:52:52 PM
2020-11-09T15:53:15.694Z - info: Building assets...
2020-11-09T15:53:23.239Z - info: Assets built
2020-11-09T15:53:23.240Z - info: Generating landing page...
2020-11-09T15:53:24.630Z - info: Landing page built, other pages will be built as you navigate to them!
2020-11-09T15:53:24.808Z - info: Website generation (lazy) complete! Total build time: 32.171s
2020-11-09T15:53:26.021Z - info: Serving "C:\repos\nus-cs2103-AY2021S1\cs2103-website\_site" at http://127.0.0.1:8080
2020-11-09T15:53:26.021Z - info: Press CTRL+C to stop ...
2020-11-09T15:53:26.090Z - info: Site data built
2020-11-09T15:59:09.350Z - info: [11:59:09 PM] Reload for file change: C:\repos\nus-cs2103-AY2021S1\cs2103-website\admin\exams.md
2020-11-09T15:59:10.360Z - info: No pages needed to be rebuilt
2020-11-09T15:59:12.975Z - info: Building C:\repos\nus-cs2103-AY2021S1\cs2103-website\admin\index as some of its dependencies were changed since the last visit
2020-11-09T15:59:15.535Z - info: Site data built
2020-11-09T15:59:15.536Z - info: Lazy website regeneration complete! Total build time: 2.561s
