2020-09-07T17:10:40.840Z - info: Website generation (lazy) started at 1:10:35 AM
2020-09-07T17:10:49.459Z - info: Building assets...
2020-09-07T17:10:55.378Z - info: Assets built
2020-09-07T17:10:55.379Z - info: Generating landing page...
2020-09-07T17:10:56.356Z - info: Landing page built, other pages will be built as you navigate to them!
2020-09-07T17:10:56.472Z - info: Website generation (lazy) complete! Total build time: 21.453s
2020-09-07T17:10:57.328Z - info: Serving "C:\repos\nus-cs2103-AY2021S1\cs2103-website\_site" at http://127.0.0.1:8080
2020-09-07T17:10:57.329Z - info: Press CTRL+C to stop ...
2020-09-07T17:10:57.394Z - info: Site data built
2020-09-07T17:19:18.977Z - info: Building C:\repos\nus-cs2103-AY2021S1\cs2103-website\schedule\week4\topics as some of its dependencies were changed since the last visit
2020-09-07T17:19:22.702Z - debug: The process cannot access the file because it is being used by another process.

2020-09-07T17:19:23.244Z - info: Site data built
2020-09-07T17:19:23.245Z - info: Lazy website regeneration complete! Total build time: 4.276s
2020-09-07T17:19:24.307Z - debug:  
2020-09-07T17:19:31.115Z - info: Building C:\repos\nus-cs2103-AY2021S1\cs2103-website\schedule\week5\topics as some of its dependencies were changed since the last visit
2020-09-07T17:19:33.009Z - info: Site data built
2020-09-07T17:19:33.010Z - info: Lazy website regeneration complete! Total build time: 1.896s
2020-09-07T17:20:36.545Z - info: [1:20:36 AM] Reload for file add: C:\repos\nus-cs2103-AY2021S1\cs2103-website\schedule\week5\commentary-tic2002.mbdf
2020-09-07T17:20:36.551Z - info: [1:20:36 AM] Reload for file change: C:\repos\nus-cs2103-AY2021S1\cs2103-website\schedule\week5\commentary-tic2002.mbdf
2020-09-07T17:20:37.547Z - info: File added or removed, updating list of site's pages...
2020-09-07T17:20:41.669Z - info: No pages needed to be rebuilt
2020-09-07T17:20:42.670Z - info: Assets removed
2020-09-07T17:20:43.827Z - info: Building C:\repos\nus-cs2103-AY2021S1\cs2103-website\schedule\week5\topics as some of its dependencies were changed since the last visit
2020-09-07T17:20:45.927Z - info: Site data built
2020-09-07T17:20:45.929Z - info: Lazy website regeneration complete! Total build time: 2.103s
2020-09-07T17:21:18.085Z - info: [1:21:18 AM] Reload for file change: C:\repos\nus-cs2103-AY2021S1\cs2103-website\schedule\week5\commentary-tic2002.mbdf
2020-09-07T17:21:19.091Z - info: Rebuilding 1 pages
2020-09-07T17:21:20.988Z - info: Pages rebuilt
2020-09-07T17:21:20.988Z - info: Website regeneration complete! Total build time: 1.899s
2020-09-07T17:21:20.995Z - info: Site data built
2020-09-07T17:22:39.368Z - info: [1:22:39 AM] Reload for file change: C:\repos\nus-cs2103-AY2021S1\cs2103-website\schedule\week5\commentary-tic2002.mbdf
2020-09-07T17:22:40.383Z - info: Rebuilding 1 pages
2020-09-07T17:22:43.019Z - info: Pages rebuilt
2020-09-07T17:22:43.020Z - info: Website regeneration complete! Total build time: 2.644s
2020-09-07T17:22:43.083Z - info: Site data built
2020-09-07T17:24:04.190Z - info: [1:24:04 AM] Reload for file change: C:\repos\nus-cs2103-AY2021S1\cs2103-website\schedule\week5\commentary-tic2002.mbdf
2020-09-07T17:24:05.203Z - info: Rebuilding 1 pages
2020-09-07T17:24:07.356Z - info: Pages rebuilt
2020-09-07T17:24:07.356Z - info: Website regeneration complete! Total build time: 2.158s
2020-09-07T17:24:07.399Z - info: Site data built
2020-09-07T17:24:35.645Z - info: [1:24:35 AM] Reload for file change: C:\repos\nus-cs2103-AY2021S1\cs2103-website\schedule\week5\commentary-tic2002.mbdf
2020-09-07T17:24:36.657Z - info: Rebuilding 1 pages
2020-09-07T17:24:39.149Z - info: Pages rebuilt
2020-09-07T17:24:39.151Z - info: Website regeneration complete! Total build time: 2.499s
2020-09-07T17:24:39.210Z - info: Site data built
2020-09-07T17:24:58.288Z - info: Building C:\repos\nus-cs2103-AY2021S1\cs2103-website\schedule\week5\admin as some of its dependencies were changed since the last visit
2020-09-07T17:24:58.776Z - info: Site data built
2020-09-07T17:24:58.777Z - info: Lazy website regeneration complete! Total build time: 0.49s
2020-09-07T17:25:18.540Z - info: Building C:\repos\nus-cs2103-AY2021S1\cs2103-website\schedule\week5\index as some of its dependencies were changed since the last visit
2020-09-07T17:25:18.996Z - info: Site data built
2020-09-07T17:25:18.997Z - info: Lazy website regeneration complete! Total build time: 0.457s
2020-09-07T17:27:30.808Z - info: Website generation started at 1:27:27 AM
2020-09-07T17:27:39.927Z - info: Building assets...
2020-09-07T17:27:46.187Z - info: Assets built
2020-09-07T17:27:46.188Z - info: Generating pages...
2020-09-07T17:28:10.718Z - debug: The process cannot access the file because it is being used by another process.

2020-09-07T17:28:10.789Z - debug: The process cannot access the file because it is being used by another process.

2020-09-07T17:28:12.331Z - debug: The process cannot access the file because it is being used by another process.

2020-09-07T17:28:12.332Z - debug: The process cannot access the file because it is being used by another process.

2020-09-07T17:28:12.332Z - debug:  
2020-09-07T17:28:12.332Z - debug:  
2020-09-07T17:28:12.333Z - debug:  
2020-09-07T17:28:12.333Z - debug:  
2020-09-07T17:28:12.333Z - debug:  
2020-09-07T17:28:18.836Z - debug: The process cannot access the file because it is being used by another process.

2020-09-07T17:28:18.839Z - debug: The process cannot access the file because it is being used by another process.

2020-09-07T17:28:21.575Z - debug: The process cannot access the file because it is being used by another process.

2020-09-07T17:28:21.575Z - debug: The process cannot access the file because it is being used by another process.

2020-09-07T17:28:22.218Z - debug:  
2020-09-07T17:28:22.222Z - debug:  
2020-09-07T17:28:22.222Z - debug: The process cannot access the file because it is being used by another process.

2020-09-07T17:28:22.223Z - debug: The process cannot access the file because it is being used by another process.

2020-09-07T17:28:22.412Z - debug:  
2020-09-07T17:28:22.412Z - debug:  
2020-09-07T17:28:26.841Z - debug:  
2020-09-07T17:28:26.841Z - debug:  
2020-09-07T17:28:41.632Z - debug: The process cannot access the file because it is being used by another process.

2020-09-07T17:28:42.271Z - debug: The process cannot access the file because it is being used by another process.

2020-09-07T17:28:43.578Z - debug: The process cannot access the file because it is being used by another process.

2020-09-07T17:28:43.622Z - debug:  
2020-09-07T17:28:45.879Z - debug: The process cannot access the file because it is being used by another process.

2020-09-07T17:28:46.819Z - debug: The process cannot access the file because it is being used by another process.

2020-09-07T17:28:47.871Z - debug:  
2020-09-07T17:28:49.925Z - debug:  
2020-09-07T17:28:51.917Z - debug: The process cannot access the file because it is being used by another process.

2020-09-07T17:28:51.918Z - debug: The process cannot access the file because it is being used by another process.

2020-09-07T17:28:54.142Z - debug: The process cannot access the file because it is being used by another process.

2020-09-07T17:28:54.143Z - debug: The process cannot access the file because it is being used by another process.

2020-09-07T17:28:54.581Z - debug:  
2020-09-07T17:28:56.751Z - debug:  
2020-09-07T17:28:58.604Z - debug:  
2020-09-07T17:28:58.786Z - debug:  
2020-09-07T17:29:04.889Z - debug: The process cannot access the file because it is being used by another process.

2020-09-07T17:29:06.864Z - debug: The process cannot access the file because it is being used by another process.

2020-09-07T17:29:07.017Z - debug:  
2020-09-07T17:29:29.784Z - debug:  
2020-09-07T17:29:30.377Z - debug:  
2020-09-07T17:29:30.378Z - debug:  
2020-09-07T17:29:30.378Z - debug:  
2020-09-07T17:29:36.720Z - debug:  
2020-09-07T17:29:36.721Z - debug:  
2020-09-07T17:29:36.721Z - debug:  
2020-09-07T17:29:45.346Z - debug:  
2020-09-07T17:29:45.346Z - debug:  
2020-09-07T17:29:45.988Z - debug:  
2020-09-07T17:29:45.988Z - debug:  
2020-09-07T17:29:45.988Z - debug:  
2020-09-07T17:29:49.726Z - debug: The process cannot access the file because it is being used by another process.

2020-09-07T17:29:52.003Z - debug:  
2020-09-07T17:29:53.706Z - debug:  
2020-09-07T17:29:53.706Z - debug:  
2020-09-07T17:29:58.322Z - debug:  
2020-09-07T17:30:06.187Z - debug:  
2020-09-07T17:30:10.314Z - debug:  
2020-09-07T17:30:15.050Z - debug:  
2020-09-07T17:30:15.050Z - debug:  
2020-09-07T17:30:20.223Z - info: Pages built
2020-09-07T17:30:43.365Z - info: Website generation complete! Total build time: 195.528s
2020-09-07T17:30:43.368Z - info: Build success!
2020-09-07T17:30:43.370Z - info: Site data built
2020-09-07T17:31:23.544Z - info: Deployed!
2020-09-08T04:02:13.411Z - info: Website generation (lazy) started at 12:02:07 PM
2020-09-08T04:02:23.138Z - info: Building assets...
2020-09-08T04:02:29.499Z - info: Assets built
2020-09-08T04:02:29.500Z - info: Generating landing page...
2020-09-08T04:02:31.227Z - info: Landing page built, other pages will be built as you navigate to them!
2020-09-08T04:02:31.402Z - info: Website generation (lazy) complete! Total build time: 23.962s
2020-09-08T04:02:32.324Z - info: Serving "C:\repos\nus-cs2103-AY2021S1\cs2103-website\_site" at http://127.0.0.1:8080
2020-09-08T04:02:32.325Z - info: Press CTRL+C to stop ...
2020-09-08T04:02:32.387Z - info: Site data built
2020-09-08T04:02:34.202Z - info: [12:02:34 PM] Reload for file change: C:\repos\nus-cs2103-AY2021S1\cs2103-website\admin\tp-tasks.mbdf
2020-09-08T04:02:35.295Z - info: Rebuilding 1 pages
2020-09-08T04:02:36.909Z - info: Pages rebuilt
2020-09-08T04:02:36.910Z - info: Website regeneration complete! Total build time: 1.615s
2020-09-08T04:02:40.908Z - info: Site data built
2020-09-08T04:03:39.875Z - info: [12:03:39 PM] Reload for file change: C:\repos\nus-cs2103-AY2021S1\cs2103-website\admin\tp-tasks.mbdf
2020-09-08T04:03:40.887Z - info: Rebuilding 1 pages
2020-09-08T04:03:42.154Z - info: Pages rebuilt
2020-09-08T04:03:42.155Z - info: Website regeneration complete! Total build time: 1.27s
2020-09-08T04:03:42.161Z - info: Site data built
2020-09-08T04:03:50.869Z - info: Building C:\repos\nus-cs2103-AY2021S1\cs2103-website\schedule\week5\project as some of its dependencies were changed since the last visit
2020-09-08T04:03:52.242Z - info: Site data built
2020-09-08T04:03:52.243Z - info: Lazy website regeneration complete! Total build time: 1.375s
2020-09-08T04:06:25.731Z - info: [12:06:25 PM] Reload for file change: C:\repos\nus-cs2103-AY2021S1\cs2103-website\admin\tp-tasks.mbdf
2020-09-08T04:06:26.762Z - info: Rebuilding 1 pages
2020-09-08T04:06:28.383Z - info: Pages rebuilt
2020-09-08T04:06:28.384Z - info: Website regeneration complete! Total build time: 1.629s
2020-09-08T04:06:28.389Z - info: Site data built
2020-09-08T04:07:21.358Z - info: [12:07:21 PM] Reload for file change: C:\repos\nus-cs2103-AY2021S1\cs2103-website\admin\tp-tasks.mbdf
2020-09-08T04:07:22.366Z - info: Rebuilding 1 pages
2020-09-08T04:07:24.313Z - info: Pages rebuilt
2020-09-08T04:07:24.313Z - info: Website regeneration complete! Total build time: 1.951s
2020-09-08T04:07:24.320Z - info: Site data built
2020-09-08T04:07:35.082Z - info: [12:07:35 PM] Reload for file change: C:\repos\nus-cs2103-AY2021S1\cs2103-website\admin\tp-tasks.mbdf
2020-09-08T04:07:36.097Z - info: Rebuilding 1 pages
2020-09-08T04:07:37.473Z - info: Pages rebuilt
2020-09-08T04:07:37.473Z - info: Website regeneration complete! Total build time: 1.379s
2020-09-08T04:07:37.477Z - info: Site data built
2020-09-08T04:08:11.292Z - info: [12:08:11 PM] Reload for file change: C:\repos\nus-cs2103-AY2021S1\cs2103-website\admin\tp-tasks.mbdf
2020-09-08T04:08:12.310Z - info: Rebuilding 1 pages
2020-09-08T04:08:13.503Z - info: Pages rebuilt
2020-09-08T04:08:13.503Z - info: Website regeneration complete! Total build time: 1.198s
2020-09-08T04:08:13.507Z - info: Site data built
2020-09-08T04:10:31.535Z - info: Website generation started at 12:10:28 PM
2020-09-08T04:10:39.638Z - info: Building assets...
2020-09-08T04:10:45.298Z - info: Assets built
2020-09-08T04:10:45.299Z - info: Generating pages...
2020-09-08T04:10:59.825Z - debug: The process cannot access the file because it is being used by another process.

2020-09-08T04:10:59.825Z - debug: The process cannot access the file because it is being used by another process.

2020-09-08T04:11:03.204Z - debug:  
2020-09-08T04:11:03.205Z - debug:  
2020-09-08T04:11:03.206Z - debug:  
2020-09-08T04:11:03.207Z - debug:  
2020-09-08T04:11:03.207Z - debug:  
2020-09-08T04:11:04.630Z - debug:  
2020-09-08T04:11:09.291Z - debug:  
2020-09-08T04:11:09.291Z - debug:  
2020-09-08T04:11:09.292Z - debug: The process cannot access the file because it is being used by another process.

2020-09-08T04:11:09.292Z - debug: The process cannot access the file because it is being used by another process.

2020-09-08T04:11:09.293Z - debug:  
2020-09-08T04:11:09.293Z - debug:  
2020-09-08T04:11:10.805Z - debug: The process cannot access the file because it is being used by another process.

2020-09-08T04:11:10.805Z - debug: The process cannot access the file because it is being used by another process.

2020-09-08T04:11:11.145Z - debug:  
2020-09-08T04:11:11.145Z - debug:  
2020-09-08T04:11:11.476Z - debug: The process cannot access the file because it is being used by another process.

2020-09-08T04:11:11.477Z - debug: The process cannot access the file because it is being used by another process.

2020-09-08T04:11:14.887Z - debug:  
2020-09-08T04:11:14.887Z - debug:  
2020-09-08T04:11:27.397Z - debug: The process cannot access the file because it is being used by another process.

2020-09-08T04:11:28.302Z - debug: The process cannot access the file because it is being used by another process.

2020-09-08T04:11:29.099Z - debug: The process cannot access the file because it is being used by another process.

2020-09-08T04:11:29.099Z - debug:  
2020-09-08T04:11:30.919Z - debug: The process cannot access the file because it is being used by another process.

2020-09-08T04:11:31.477Z - debug: The process cannot access the file because it is being used by another process.

2020-09-08T04:11:32.686Z - debug:  
2020-09-08T04:11:34.469Z - debug:  
2020-09-08T04:11:37.010Z - debug: The process cannot access the file because it is being used by another process.

2020-09-08T04:11:37.011Z - debug: The process cannot access the file because it is being used by another process.

2020-09-08T04:11:38.681Z - debug: The process cannot access the file because it is being used by another process.

2020-09-08T04:11:38.681Z - debug: The process cannot access the file because it is being used by another process.

2020-09-08T04:11:38.844Z - debug:  
2020-09-08T04:11:38.844Z - debug:  
2020-09-08T04:11:43.085Z - debug:  
2020-09-08T04:11:43.658Z - debug:  
2020-09-08T04:11:51.305Z - debug: The process cannot access the file because it is being used by another process.

2020-09-08T04:11:53.666Z - debug: The process cannot access the file because it is being used by another process.

2020-09-08T04:11:53.810Z - debug:  
2020-09-08T04:12:16.061Z - debug:  
2020-09-08T04:12:16.062Z - debug:  
2020-09-08T04:12:16.063Z - debug:  
2020-09-08T04:12:16.063Z - debug:  
2020-09-08T04:12:20.264Z - debug: The process cannot access the file because it is being used by another process.

2020-09-08T04:12:24.932Z - debug:  
2020-09-08T04:12:24.932Z - debug:  
2020-09-08T04:12:24.933Z - debug:  
2020-09-08T04:12:34.266Z - debug:  
2020-09-08T04:12:34.267Z - debug:  
2020-09-08T04:12:34.267Z - debug:  
2020-09-08T04:12:34.267Z - debug:  
2020-09-08T04:12:34.267Z - debug:  
2020-09-08T04:12:40.950Z - debug: The process cannot access the file because it is being used by another process.

2020-09-08T04:12:40.951Z - debug:  
2020-09-08T04:12:42.640Z - debug:  
2020-09-08T04:12:42.641Z - debug:  
2020-09-08T04:12:47.039Z - debug:  
2020-09-08T04:12:58.036Z - debug:  
2020-09-08T04:12:58.036Z - debug:  
2020-09-08T04:12:58.036Z - debug:  
2020-09-08T04:13:03.221Z - debug:  
2020-09-08T04:13:03.221Z - debug:  
2020-09-08T04:13:14.724Z - debug:  
2020-09-08T04:13:15.832Z - debug:  
2020-09-08T04:13:42.379Z - debug:  
2020-09-08T04:13:56.527Z - debug:  
2020-09-08T04:13:56.527Z - debug:  
2020-09-08T04:14:08.171Z - info: Pages built
2020-09-08T04:14:35.458Z - info: Website generation complete! Total build time: 246.726s
2020-09-08T04:14:35.461Z - info: Build success!
2020-09-08T04:14:35.461Z - debug:  
2020-09-08T04:14:35.466Z - info: Site data built
2020-09-08T04:15:16.059Z - info: Deployed!
2020-09-08T04:19:02.414Z - info: Website generation (lazy) started at 12:18:57 PM
2020-09-08T04:19:10.678Z - info: Building assets...
2020-09-08T04:19:16.493Z - info: Assets built
2020-09-08T04:19:16.495Z - info: Generating landing page...
2020-09-08T04:19:18.216Z - info: Landing page built, other pages will be built as you navigate to them!
2020-09-08T04:19:18.307Z - info: Website generation (lazy) complete! Total build time: 20.731s
2020-09-08T04:19:19.101Z - info: Serving "C:\repos\nus-cs2103-AY2021S1\cs2103-website\_site" at http://127.0.0.1:8080
2020-09-08T04:19:19.101Z - info: Press CTRL+C to stop ...
2020-09-08T04:19:19.160Z - info: Site data built
2020-09-08T04:19:34.051Z - info: [12:19:34 PM] Reload for file change: C:\repos\nus-cs2103-AY2021S1\cs2103-website\admin\tp-tasks.mbdf
2020-09-08T04:19:35.062Z - info: No pages needed to be rebuilt
2020-09-08T04:19:35.719Z - info: Building C:\repos\nus-cs2103-AY2021S1\cs2103-website\schedule\week5\project as some of its dependencies were changed since the last visit
2020-09-08T04:19:37.008Z - info: Site data built
2020-09-08T04:19:37.008Z - info: Lazy website regeneration complete! Total build time: 1.289s
2020-09-08T04:19:38.150Z - info: Building C:\repos\nus-cs2103-AY2021S1\cs2103-website\index as some of its dependencies were changed since the last visit
2020-09-08T04:19:39.064Z - info: Site data built
2020-09-08T04:19:39.065Z - info: Lazy website regeneration complete! Total build time: 0.915s
2020-09-08T04:21:35.936Z - info: [12:21:35 PM] Reload for file change: C:\repos\nus-cs2103-AY2021S1\cs2103-website\admin\tp-tasks.mbdf
2020-09-08T04:21:36.942Z - info: Rebuilding 1 pages
2020-09-08T04:21:38.188Z - info: Pages rebuilt
2020-09-08T04:21:38.188Z - info: Website regeneration complete! Total build time: 1.247s
2020-09-08T04:21:38.195Z - info: Site data built
2020-09-08T04:21:39.335Z - info: Building C:\repos\nus-cs2103-AY2021S1\cs2103-website\schedule\week5\project as some of its dependencies were changed since the last visit
2020-09-08T04:21:40.855Z - info: Site data built
2020-09-08T04:21:40.855Z - info: Lazy website regeneration complete! Total build time: 1.521s
2020-09-08T04:25:36.801Z - info: Website generation started at 12:25:34 PM
2020-09-08T04:25:44.714Z - info: Building assets...
