2020-10-27T16:23:52.582Z - info: Website generation (lazy) started at 12:23:44 AM
2020-10-27T16:24:04.247Z - info: Building assets...
2020-10-27T16:24:10.564Z - info: Assets built
2020-10-27T16:24:10.565Z - info: Generating landing page...
2020-10-27T16:24:12.840Z - info: Landing page built, other pages will be built as you navigate to them!
2020-10-27T16:24:12.948Z - info: Website generation (lazy) complete! Total build time: 28.1s
2020-10-27T16:24:13.943Z - info: Serving "C:\repos\nus-cs2103-AY2021S1\cs2103-website\_site" at http://127.0.0.1:8080
2020-10-27T16:24:13.943Z - info: Press CTRL+C to stop ...
2020-10-27T16:24:14.005Z - info: Site data built
2020-10-27T16:24:16.276Z - info: [12:24:16 AM] Reload for file change: C:\repos\nus-cs2103-AY2021S1\cs2103-website\admin\tp-ped.mbdf
2020-10-27T16:24:17.636Z - info: No pages needed to be rebuilt
2020-10-27T16:24:32.163Z - info: [12:24:32 AM] Reload for file change: C:\repos\nus-cs2103-AY2021S1\cs2103-website\admin\tp-ped.mbdf
2020-10-27T16:24:33.167Z - info: No pages needed to be rebuilt
2020-10-27T16:24:33.254Z - info: Building C:\repos\nus-cs2103-AY2021S1\cs2103-website\admin\index as some of its dependencies were changed since the last visit
2020-10-27T16:24:33.890Z - info: Site data built
2020-10-27T16:24:33.891Z - info: Lazy website regeneration complete! Total build time: 0.637s
2020-10-27T16:24:41.289Z - info: Building C:\repos\nus-cs2103-AY2021S1\cs2103-website\admin\tp-pe as some of its dependencies were changed since the last visit
2020-10-27T16:24:43.182Z - info: Site data built
2020-10-27T16:24:43.183Z - info: Lazy website regeneration complete! Total build time: 1.893s
2020-10-27T16:25:44.145Z - info: [12:25:44 AM] Reload for file change: C:\repos\nus-cs2103-AY2021S1\cs2103-website\admin\tp-ped.mbdf
2020-10-27T16:25:45.151Z - info: Rebuilding 1 pages
2020-10-27T16:25:47.173Z - info: Pages rebuilt
2020-10-27T16:25:47.174Z - info: Website regeneration complete! Total build time: 2.026s
2020-10-27T16:25:47.193Z - info: Site data built
2020-10-27T16:27:20.956Z - info: [12:27:20 AM] Reload for file change: C:\repos\nus-cs2103-AY2021S1\cs2103-website\admin\tp-ped.mbdf
2020-10-27T16:27:21.976Z - info: Rebuilding 1 pages
2020-10-27T16:27:23.835Z - info: Pages rebuilt
2020-10-27T16:27:23.836Z - info: Website regeneration complete! Total build time: 1.861s
2020-10-27T16:27:23.860Z - info: Site data built
2020-10-27T16:28:12.926Z - info: [12:28:12 AM] Reload for file change: C:\repos\nus-cs2103-AY2021S1\cs2103-website\admin\tp-ped.mbdf
2020-10-27T16:28:13.931Z - info: Rebuilding 1 pages
2020-10-27T16:28:15.744Z - info: Pages rebuilt
2020-10-27T16:28:15.744Z - info: Website regeneration complete! Total build time: 1.815s
2020-10-27T16:28:15.772Z - info: Site data built
2020-10-27T16:40:28.750Z - info: Website generation started at 12:40:26 AM
2020-10-27T16:40:37.119Z - info: Building assets...
