2020-08-31T15:38:20.289Z - info: Website generation (lazy) started at 11:38:14 PM
2020-08-31T15:38:33.302Z - info: Building assets...
2020-08-31T15:38:41.212Z - info: Assets built
2020-08-31T15:38:41.213Z - info: Generating landing page...
2020-08-31T15:38:43.379Z - info: Landing page built, other pages will be built as you navigate to them!
2020-08-31T15:38:43.473Z - info: Website generation (lazy) complete! Total build time: 28.699s
2020-08-31T15:38:44.687Z - info: Serving "C:\repos\nus-cs2103-AY2021S1\cs2103-website\_site" at http://127.0.0.1:8080
2020-08-31T15:38:44.688Z - info: Press CTRL+C to stop ...
2020-08-31T15:38:44.815Z - info: Site data built
2020-08-31T15:41:52.711Z - info: Building C:\repos\nus-cs2103-AY2021S1\cs2103-website\schedule\week4\project as some of its dependencies were changed since the last visit
2020-08-31T15:41:56.385Z - info: Site data built
2020-08-31T15:41:56.385Z - info: Lazy website regeneration complete! Total build time: 3.674s
2020-08-31T15:42:06.501Z - info: Building C:\repos\nus-cs2103-AY2021S1\cs2103-website\admin\tp-expectations as some of its dependencies were changed since the last visit
2020-08-31T15:42:07.166Z - info: Site data built
2020-08-31T15:42:07.167Z - info: Lazy website regeneration complete! Total build time: 0.667s
2020-08-31T15:45:27.277Z - info: [11:45:27 PM] Reload for file change: C:\repos\nus-cs2103-AY2021S1\cs2103-website\admin\tp-expectations.md
2020-08-31T15:45:28.303Z - info: Rebuilding 1 pages
2020-08-31T15:45:30.092Z - info: Pages rebuilt
2020-08-31T15:45:30.092Z - info: Website regeneration complete! Total build time: 1.797s
2020-08-31T15:45:30.141Z - info: Site data built
2020-08-31T15:45:57.525Z - info: [11:45:57 PM] Reload for file change: C:\repos\nus-cs2103-AY2021S1\cs2103-website\admin\tp-expectations.md
2020-08-31T15:45:58.558Z - info: Rebuilding 1 pages
2020-08-31T15:45:59.795Z - info: Pages rebuilt
2020-08-31T15:45:59.796Z - info: Website regeneration complete! Total build time: 1.255s
2020-08-31T15:45:59.802Z - info: Site data built
2020-08-31T15:46:10.432Z - info: Building C:\repos\nus-cs2103-AY2021S1\cs2103-website\admin\ip-w3 as some of its dependencies were changed since the last visit
2020-08-31T15:46:11.658Z - info: Site data built
2020-08-31T15:46:11.659Z - info: Lazy website regeneration complete! Total build time: 1.228s
2020-08-31T15:46:14.277Z - info: Building C:\repos\nus-cs2103-AY2021S1\cs2103-website\admin\ip-w4 as some of its dependencies were changed since the last visit
2020-08-31T15:46:16.792Z - info: Site data built
2020-08-31T15:46:16.792Z - info: Lazy website regeneration complete! Total build time: 2.515s
2020-08-31T15:47:58.243Z - info: [11:47:58 PM] Reload for file change: C:\repos\nus-cs2103-AY2021S1\cs2103-website\admin\common-tutorials.mbdf
2020-08-31T15:47:59.270Z - info: Rebuilding 1 pages
2020-08-31T15:48:01.876Z - info: Pages rebuilt
2020-08-31T15:48:01.877Z - info: Website regeneration complete! Total build time: 2.616s
2020-08-31T15:48:01.887Z - info: Site data built
2020-08-31T15:48:11.089Z - info: [11:48:11 PM] Reload for file change: C:\repos\nus-cs2103-AY2021S1\cs2103-website\admin\common-tutorials.mbdf
2020-08-31T15:48:12.106Z - info: Rebuilding 1 pages
2020-08-31T15:48:13.710Z - info: Pages rebuilt
2020-08-31T15:48:13.710Z - info: Website regeneration complete! Total build time: 1.611s
2020-08-31T15:48:13.715Z - info: Site data built
2020-08-31T15:49:15.959Z - info: [11:49:15 PM] Reload for file change: C:\repos\nus-cs2103-AY2021S1\cs2103-website\admin\common-tutorials.mbdf
2020-08-31T15:49:16.980Z - info: Rebuilding 1 pages
2020-08-31T15:49:19.331Z - info: Pages rebuilt
2020-08-31T15:49:19.332Z - info: Website regeneration complete! Total build time: 2.358s
2020-08-31T15:49:19.338Z - info: Site data built
2020-08-31T15:55:26.656Z - info: [11:55:26 PM] Reload for file change: C:\repos\nus-cs2103-AY2021S1\cs2103-website\admin\common-tutorials.mbdf
2020-08-31T15:55:27.677Z - info: Rebuilding 1 pages
2020-08-31T15:55:30.347Z - info: Pages rebuilt
2020-08-31T15:55:30.347Z - info: Website regeneration complete! Total build time: 2.677s
2020-08-31T15:55:30.357Z - info: Site data built
2020-08-31T15:55:45.577Z - info: [11:55:45 PM] Reload for file change: C:\repos\nus-cs2103-AY2021S1\cs2103-website\admin\common-tutorials.mbdf
2020-08-31T15:55:46.603Z - info: Rebuilding 1 pages
2020-08-31T15:55:48.683Z - info: Pages rebuilt
2020-08-31T15:55:48.684Z - info: Website regeneration complete! Total build time: 2.087s
2020-08-31T15:55:48.688Z - info: Site data built
2020-08-31T15:58:32.109Z - info: Website generation started at 11:58:28 PM
2020-08-31T15:58:43.361Z - info: Building assets...
2020-08-31T15:58:50.578Z - info: Assets built
2020-08-31T15:58:50.579Z - info: Generating pages...
2020-08-31T15:59:04.751Z - debug: The process cannot access the file because it is being used by another process.

2020-08-31T15:59:04.751Z - debug: The process cannot access the file because it is being used by another process.

2020-08-31T15:59:08.946Z - debug:  
2020-08-31T15:59:08.947Z - debug:  
2020-08-31T15:59:08.947Z - debug:  
2020-08-31T15:59:08.950Z - debug:  
2020-08-31T15:59:10.285Z - debug:  
2020-08-31T15:59:10.349Z - debug:  
2020-08-31T15:59:10.349Z - debug:  
2020-08-31T15:59:15.343Z - debug: The process cannot access the file because it is being used by another process.

2020-08-31T15:59:15.344Z - debug: The process cannot access the file because it is being used by another process.

2020-08-31T15:59:15.344Z - debug:  
2020-08-31T15:59:15.344Z - debug:  
2020-08-31T15:59:16.770Z - debug: The process cannot access the file because it is being used by another process.

2020-08-31T15:59:16.770Z - debug: The process cannot access the file because it is being used by another process.

2020-08-31T15:59:16.949Z - debug:  
2020-08-31T15:59:16.949Z - debug:  
2020-08-31T15:59:17.445Z - debug: The process cannot access the file because it is being used by another process.

2020-08-31T15:59:17.446Z - debug: The process cannot access the file because it is being used by another process.

2020-08-31T15:59:20.803Z - debug:  
2020-08-31T15:59:20.892Z - debug:  
2020-08-31T15:59:44.858Z - debug: The process cannot access the file because it is being used by another process.

2020-08-31T15:59:44.861Z - debug: The process cannot access the file because it is being used by another process.

2020-08-31T15:59:46.559Z - debug: The process cannot access the file because it is being used by another process.

2020-08-31T15:59:46.560Z - debug: The process cannot access the file because it is being used by another process.

2020-08-31T15:59:46.724Z - debug:  
2020-08-31T15:59:48.786Z - debug:  
2020-08-31T15:59:50.900Z - debug:  
2020-08-31T15:59:50.901Z - debug:  
2020-08-31T15:59:58.621Z - debug: The process cannot access the file because it is being used by another process.

