2020-10-23T15:12:49.362Z - info: Website generation started at 11:12:43 PM
2020-10-23T15:13:00.384Z - info: Building assets...
2020-10-23T15:13:07.814Z - info: Assets built
2020-10-23T15:13:07.815Z - info: Generating pages...
2020-10-23T15:13:24.162Z - debug: The process cannot access the file because it is being used by another process.

2020-10-23T15:13:24.162Z - debug: The process cannot access the file because it is being used by another process.

2020-10-23T15:13:27.080Z - debug:  
2020-10-23T15:13:27.080Z - debug:  
2020-10-23T15:13:27.081Z - debug:  
2020-10-23T15:13:27.081Z - debug:  
2020-10-23T15:13:27.081Z - debug:  
2020-10-23T15:13:27.081Z - debug:  
2020-10-23T15:13:27.504Z - debug:  
2020-10-23T15:13:28.261Z - debug:  
2020-10-23T15:13:33.215Z - debug: The process cannot access the file because it is being used by another process.

2020-10-23T15:13:33.215Z - debug: The process cannot access the file because it is being used by another process.

2020-10-23T15:13:33.216Z - debug:  
2020-10-23T15:13:33.216Z - debug:  
2020-10-23T15:13:34.916Z - debug: The process cannot access the file because it is being used by another process.

2020-10-23T15:13:34.916Z - debug: The process cannot access the file because it is being used by another process.

2020-10-23T15:13:35.215Z - debug:  
2020-10-23T15:13:35.216Z - debug:  
2020-10-23T15:13:35.585Z - debug: The process cannot access the file because it is being used by another process.

2020-10-23T15:13:35.586Z - debug: The process cannot access the file because it is being used by another process.

2020-10-23T15:13:39.408Z - debug:  
2020-10-23T15:13:39.408Z - debug:  
2020-10-23T15:13:55.303Z - debug: The process cannot access the file because it is being used by another process.

2020-10-23T15:13:56.017Z - debug: The process cannot access the file because it is being used by another process.

2020-10-23T15:13:56.794Z - debug: The process cannot access the file because it is being used by another process.

2020-10-23T15:13:56.795Z - debug:  
2020-10-23T15:13:58.302Z - debug: The process cannot access the file because it is being used by another process.

2020-10-23T15:13:59.023Z - debug: The process cannot access the file because it is being used by another process.

2020-10-23T15:14:00.271Z - debug:  
2020-10-23T15:14:01.905Z - debug:  
2020-10-23T15:14:04.187Z - debug: The process cannot access the file because it is being used by another process.

2020-10-23T15:14:04.188Z - debug: The process cannot access the file because it is being used by another process.

2020-10-23T15:14:06.411Z - debug: The process cannot access the file because it is being used by another process.

2020-10-23T15:14:06.411Z - debug: The process cannot access the file because it is being used by another process.

2020-10-23T15:14:09.314Z - debug:  
2020-10-23T15:14:09.315Z - debug:  
2020-10-23T15:14:11.182Z - debug:  
2020-10-23T15:14:11.323Z - debug:  
2020-10-23T15:14:17.477Z - debug: The process cannot access the file because it is being used by another process.

2020-10-23T15:14:19.905Z - debug: The process cannot access the file because it is being used by another process.

2020-10-23T15:14:20.194Z - debug:  
2020-10-23T15:14:43.158Z - debug:  
2020-10-23T15:14:43.159Z - debug:  
2020-10-23T15:14:43.159Z - debug:  
2020-10-23T15:14:43.298Z - debug:  
2020-10-23T15:14:47.254Z - debug: The process cannot access the file because it is being used by another process.

2020-10-23T15:14:49.839Z - debug:  
2020-10-23T15:14:49.839Z - debug:  
2020-10-23T15:14:49.839Z - debug:  
2020-10-23T15:14:52.131Z - debug:  
2020-10-23T15:15:00.521Z - debug:  
2020-10-23T15:15:00.537Z - debug:  
2020-10-23T15:15:00.537Z - debug:  
2020-10-23T15:15:00.537Z - debug:  
2020-10-23T15:15:06.188Z - debug: The process cannot access the file because it is being used by another process.

2020-10-23T15:15:08.687Z - debug:  
2020-10-23T15:15:10.359Z - debug:  
2020-10-23T15:15:10.361Z - debug:  
2020-10-23T15:15:15.746Z - debug:  
2020-10-23T15:15:28.763Z - debug:  
2020-10-23T15:15:29.951Z - debug:  
2020-10-23T15:15:29.951Z - debug:  
2020-10-23T15:15:37.600Z - debug:  
2020-10-23T15:15:37.600Z - debug:  
2020-10-23T15:15:49.293Z - debug:  
2020-10-23T15:15:51.109Z - debug:  
2020-10-23T15:16:23.440Z - debug:  
2020-10-23T15:16:42.590Z - debug:  
2020-10-23T15:16:42.590Z - debug:  
2020-10-23T15:16:57.376Z - info: Pages built
2020-10-23T15:17:35.017Z - info: Website generation complete! Total build time: 291.553s
2020-10-23T15:17:35.019Z - info: Build success!
2020-10-23T15:17:35.019Z - debug:  
2020-10-23T15:17:35.021Z - info: Site data built
2020-10-23T15:18:24.038Z - info: Deployed!
2020-10-23T15:20:09.536Z - info: Website generation (lazy) started at 11:20:04 PM
2020-10-23T15:20:26.619Z - info: Building assets...
2020-10-23T15:20:37.428Z - info: Assets built
2020-10-23T15:20:37.429Z - info: Generating landing page...
2020-10-23T15:20:38.496Z - info: Landing page built, other pages will be built as you navigate to them!
2020-10-23T15:20:38.585Z - info: Website generation (lazy) complete! Total build time: 34.365s
2020-10-23T15:20:39.765Z - info: Serving "C:\repos\nus-cs2103-AY2021S1\cs2103-website\_site" at http://127.0.0.1:8080
2020-10-23T15:20:39.766Z - info: Press CTRL+C to stop ...
2020-10-23T15:20:39.827Z - info: Site data built
2020-10-23T15:21:28.932Z - info: Building C:\repos\nus-cs2103-AY2021S1\cs2103-website\schedule\week10\index as some of its dependencies were changed since the last visit
2020-10-23T15:21:30.116Z - info: Site data built
2020-10-23T15:21:30.116Z - info: Lazy website regeneration complete! Total build time: 1.185s
2020-10-23T15:21:33.345Z - info: Building C:\repos\nus-cs2103-AY2021S1\cs2103-website\schedule\week9\index as some of its dependencies were changed since the last visit
2020-10-23T15:21:34.023Z - info: Site data built
2020-10-23T15:21:34.023Z - info: Lazy website regeneration complete! Total build time: 0.678s
2020-10-23T15:29:12.429Z - info: Building C:\repos\nus-cs2103-AY2021S1\cs2103-website\schedule\week11\index as some of its dependencies were changed since the last visit
2020-10-23T15:29:13.399Z - info: Site data built
2020-10-23T15:29:13.399Z - info: Lazy website regeneration complete! Total build time: 0.983s
2020-10-23T15:29:18.312Z - info: Building C:\repos\nus-cs2103-AY2021S1\cs2103-website\schedule\week11\tutorial as some of its dependencies were changed since the last visit
2020-10-23T15:29:18.594Z - info: Site data built
2020-10-23T15:29:18.594Z - info: Lazy website regeneration complete! Total build time: 0.282s
2020-10-23T15:29:22.770Z - info: Building C:\repos\nus-cs2103-AY2021S1\cs2103-website\schedule\week11\project as some of its dependencies were changed since the last visit
2020-10-23T15:29:23.687Z - info: Site data built
2020-10-23T15:29:23.687Z - info: Lazy website regeneration complete! Total build time: 0.918s
2020-10-23T15:29:37.683Z - info: Building C:\repos\nus-cs2103-AY2021S1\cs2103-website\schedule\week12\index as some of its dependencies were changed since the last visit
2020-10-23T15:29:38.101Z - info: Site data built
2020-10-23T15:29:38.102Z - info: Lazy website regeneration complete! Total build time: 0.422s
2020-10-23T15:29:51.532Z - info: Building C:\repos\nus-cs2103-AY2021S1\cs2103-website\schedule\week12\tutorial as some of its dependencies were changed since the last visit
2020-10-23T15:29:51.767Z - info: Site data built
2020-10-23T15:29:51.768Z - info: Lazy website regeneration complete! Total build time: 0.237s
2020-10-23T15:31:47.275Z - info: [11:31:47 PM] Reload for file change: C:\repos\nus-cs2103-AY2021S1\cs2103-website\schedule\week12\tutorial-tic4001.mbdf
2020-10-23T15:31:48.281Z - info: Rebuilding 1 pages
2020-10-23T15:31:48.326Z - error:  Template render error: (unknown path) [Line 1, Column 13]
  Error: Unable to call `thumb`, which is undefined or falsey
Error while preprocessing 'C:\repos\nus-cs2103-AY2021S1\cs2103-website\schedule\week12\tutorial.md'
    at Object._prettifyError (C:\Users\damithch\AppData\Roaming\npm\node_modules\markbind-cli\node_modules\nunjucks\src\lib.js:36:11)
    at C:\Users\damithch\AppData\Roaming\npm\node_modules\markbind-cli\node_modules\nunjucks\src\environment.js:561:19
    at Template.root [as rootRenderFunc] (eval at _compile (C:\Users\damithch\AppData\Roaming\npm\node_modules\markbind-cli\node_modules\nunjucks\src\environment.js:631:18), <anonymous>:19:3)
    at Template.render (C:\Users\damithch\AppData\Roaming\npm\node_modules\markbind-cli\node_modules\nunjucks\src\environment.js:550:10)
    at Environment.renderString (C:\Users\damithch\AppData\Roaming\npm\node_modules\markbind-cli\node_modules\nunjucks\src\environment.js:378:17)
    at VariableRenderer.render (C:\Users\damithch\AppData\Roaming\npm\node_modules\markbind-cli\node_modules\@markbind\core\src\variables\VariableRenderer.js:79:17)
    at VariableProcessor.renderSiteVariables (C:\Users\damithch\AppData\Roaming\npm\node_modules\markbind-cli\node_modules\@markbind\core\src\variables\VariableProcessor.js:151:53)
    at VariableProcessor.renderIncludeFile (C:\Users\damithch\AppData\Roaming\npm\node_modules\markbind-cli\node_modules\@markbind\core\src\variables\VariableProcessor.js:390:34)
    at _preprocessInclude (C:\Users\damithch\AppData\Roaming\npm\node_modules\markbind-cli\node_modules\@markbind\core\src\preprocessors\componentPreprocessor.js:242:25)
    at preProcessComponent (C:\Users\damithch\AppData\Roaming\npm\node_modules\markbind-cli\node_modules\@markbind\core\src\preprocessors\componentPreprocessor.js:349:12)
    at C:\Users\damithch\AppData\Roaming\npm\node_modules\markbind-cli\node_modules\@markbind\core\src\preprocessors\componentPreprocessor.js:356:52
    at Array.map (<anonymous>)
    at Object.preProcessComponent (C:\Users\damithch\AppData\Roaming\npm\node_modules\markbind-cli\node_modules\@markbind\core\src\preprocessors\componentPreprocessor.js:356:43)
    at C:\Users\damithch\AppData\Roaming\npm\node_modules\markbind-cli\node_modules\@markbind\core\src\Parser.js:187:47
    at Array.map (<anonymous>)
    at DomHandler._callback (C:\Users\damithch\AppData\Roaming\npm\node_modules\markbind-cli\node_modules\@markbind\core\src\Parser.js:184:27)
2020-10-23T15:31:48.366Z - info: Pages rebuilt
2020-10-23T15:31:48.366Z - info: Website regeneration complete! Total build time: 0.087s
2020-10-23T15:31:48.376Z - info: Site data built
2020-10-23T15:31:58.827Z - info: [11:31:58 PM] Reload for file change: C:\repos\nus-cs2103-AY2021S1\cs2103-website\schedule\week12\tutorial-tic4001.mbdf
2020-10-23T15:31:59.833Z - info: Rebuilding 1 pages
2020-10-23T15:32:00.250Z - info: Pages rebuilt
2020-10-23T15:32:00.250Z - info: Website regeneration complete! Total build time: 0.421s
2020-10-23T15:32:00.253Z - info: Site data built
2020-10-23T15:33:06.745Z - info: [11:33:06 PM] Reload for file change: C:\repos\nus-cs2103-AY2021S1\cs2103-website\schedule\week12\tutorial-tic4001.mbdf
2020-10-23T15:33:07.754Z - info: Rebuilding 1 pages
2020-10-23T15:33:07.796Z - error:  Template render error: (unknown path) [Line 3, Column 18]
  Error: Unable to call `timing_badge`, which is undefined or falsey
Error while preprocessing 'C:\repos\nus-cs2103-AY2021S1\cs2103-website\schedule\week12\tutorial.md'
    at Object._prettifyError (C:\Users\damithch\AppData\Roaming\npm\node_modules\markbind-cli\node_modules\nunjucks\src\lib.js:36:11)
    at C:\Users\damithch\AppData\Roaming\npm\node_modules\markbind-cli\node_modules\nunjucks\src\environment.js:561:19
    at Template.root [as rootRenderFunc] (eval at _compile (C:\Users\damithch\AppData\Roaming\npm\node_modules\markbind-cli\node_modules\nunjucks\src\environment.js:631:18), <anonymous>:19:3)
    at Template.render (C:\Users\damithch\AppData\Roaming\npm\node_modules\markbind-cli\node_modules\nunjucks\src\environment.js:550:10)
    at Environment.renderString (C:\Users\damithch\AppData\Roaming\npm\node_modules\markbind-cli\node_modules\nunjucks\src\environment.js:378:17)
    at VariableRenderer.render (C:\Users\damithch\AppData\Roaming\npm\node_modules\markbind-cli\node_modules\@markbind\core\src\variables\VariableRenderer.js:79:17)
    at VariableProcessor.renderSiteVariables (C:\Users\damithch\AppData\Roaming\npm\node_modules\markbind-cli\node_modules\@markbind\core\src\variables\VariableProcessor.js:151:53)
    at VariableProcessor.renderIncludeFile (C:\Users\damithch\AppData\Roaming\npm\node_modules\markbind-cli\node_modules\@markbind\core\src\variables\VariableProcessor.js:390:34)
    at _preprocessInclude (C:\Users\damithch\AppData\Roaming\npm\node_modules\markbind-cli\node_modules\@markbind\core\src\preprocessors\componentPreprocessor.js:242:25)
    at preProcessComponent (C:\Users\damithch\AppData\Roaming\npm\node_modules\markbind-cli\node_modules\@markbind\core\src\preprocessors\componentPreprocessor.js:349:12)
    at C:\Users\damithch\AppData\Roaming\npm\node_modules\markbind-cli\node_modules\@markbind\core\src\preprocessors\componentPreprocessor.js:356:52
    at Array.map (<anonymous>)
    at Object.preProcessComponent (C:\Users\damithch\AppData\Roaming\npm\node_modules\markbind-cli\node_modules\@markbind\core\src\preprocessors\componentPreprocessor.js:356:43)
    at C:\Users\damithch\AppData\Roaming\npm\node_modules\markbind-cli\node_modules\@markbind\core\src\Parser.js:187:47
    at Array.map (<anonymous>)
    at DomHandler._callback (C:\Users\damithch\AppData\Roaming\npm\node_modules\markbind-cli\node_modules\@markbind\core\src\Parser.js:184:27)
2020-10-23T15:33:07.845Z - info: Pages rebuilt
2020-10-23T15:33:07.845Z - info: Website regeneration complete! Total build time: 0.095s
2020-10-23T15:33:07.851Z - info: Site data built
2020-10-23T15:33:38.191Z - info: [11:33:38 PM] Reload for file change: C:\repos\nus-cs2103-AY2021S1\cs2103-website\schedule\week12\tutorial-tic4001.mbdf
2020-10-23T15:33:39.196Z - info: Rebuilding 1 pages
2020-10-23T15:33:39.276Z - error:  Template render error: (unknown path) [Line 3, Column 18]
  Error: Unable to call `timing_badge`, which is undefined or falsey
Error while preprocessing 'C:\repos\nus-cs2103-AY2021S1\cs2103-website\schedule\week12\tutorial.md'
    at Object._prettifyError (C:\Users\damithch\AppData\Roaming\npm\node_modules\markbind-cli\node_modules\nunjucks\src\lib.js:36:11)
    at C:\Users\damithch\AppData\Roaming\npm\node_modules\markbind-cli\node_modules\nunjucks\src\environment.js:561:19
    at Template.root [as rootRenderFunc] (eval at _compile (C:\Users\damithch\AppData\Roaming\npm\node_modules\markbind-cli\node_modules\nunjucks\src\environment.js:631:18), <anonymous>:19:3)
    at Template.render (C:\Users\damithch\AppData\Roaming\npm\node_modules\markbind-cli\node_modules\nunjucks\src\environment.js:550:10)
    at Environment.renderString (C:\Users\damithch\AppData\Roaming\npm\node_modules\markbind-cli\node_modules\nunjucks\src\environment.js:378:17)
    at VariableRenderer.render (C:\Users\damithch\AppData\Roaming\npm\node_modules\markbind-cli\node_modules\@markbind\core\src\variables\VariableRenderer.js:79:17)
    at VariableProcessor.renderSiteVariables (C:\Users\damithch\AppData\Roaming\npm\node_modules\markbind-cli\node_modules\@markbind\core\src\variables\VariableProcessor.js:151:53)
    at VariableProcessor.renderIncludeFile (C:\Users\damithch\AppData\Roaming\npm\node_modules\markbind-cli\node_modules\@markbind\core\src\variables\VariableProcessor.js:390:34)
    at _preprocessInclude (C:\Users\damithch\AppData\Roaming\npm\node_modules\markbind-cli\node_modules\@markbind\core\src\preprocessors\componentPreprocessor.js:242:25)
    at preProcessComponent (C:\Users\damithch\AppData\Roaming\npm\node_modules\markbind-cli\node_modules\@markbind\core\src\preprocessors\componentPreprocessor.js:349:12)
    at C:\Users\damithch\AppData\Roaming\npm\node_modules\markbind-cli\node_modules\@markbind\core\src\preprocessors\componentPreprocessor.js:356:52
    at Array.map (<anonymous>)
    at Object.preProcessComponent (C:\Users\damithch\AppData\Roaming\npm\node_modules\markbind-cli\node_modules\@markbind\core\src\preprocessors\componentPreprocessor.js:356:43)
    at C:\Users\damithch\AppData\Roaming\npm\node_modules\markbind-cli\node_modules\@markbind\core\src\Parser.js:187:47
    at Array.map (<anonymous>)
    at DomHandler._callback (C:\Users\damithch\AppData\Roaming\npm\node_modules\markbind-cli\node_modules\@markbind\core\src\Parser.js:184:27)
2020-10-23T15:33:39.313Z - info: Pages rebuilt
2020-10-23T15:33:39.314Z - info: Website regeneration complete! Total build time: 0.12s
2020-10-23T15:33:39.320Z - info: Site data built
2020-10-23T15:33:47.808Z - info: [11:33:47 PM] Reload for file change: C:\repos\nus-cs2103-AY2021S1\cs2103-website\schedule\week12\tutorial-tic4001.mbdf
2020-10-23T15:33:48.822Z - info: Rebuilding 1 pages
2020-10-23T15:33:48.866Z - error:  Error: No such file: C:\repos\nus-cs2103-AY2021S1\cs2103-website\schedule\book\modeling\modelingStructures\classDiagramsIntermediate\q-drawClassDiagramForItemEtc.md
Missing reference in C:\repos\nus-cs2103-AY2021S1\cs2103-website\schedule\week12\tutorial-tic4001.mbdf
    at _getFileExistsNode (C:\Users\damithch\AppData\Roaming\npm\node_modules\markbind-cli\node_modules\@markbind\core\src\preprocessors\componentPreprocessor.js:60:19)
    at _preprocessInclude (C:\Users\damithch\AppData\Roaming\npm\node_modules\markbind-cli\node_modules\@markbind\core\src\preprocessors\componentPreprocessor.js:217:26)
    at preProcessComponent (C:\Users\damithch\AppData\Roaming\npm\node_modules\markbind-cli\node_modules\@markbind\core\src\preprocessors\componentPreprocessor.js:349:12)
    at C:\Users\damithch\AppData\Roaming\npm\node_modules\markbind-cli\node_modules\@markbind\core\src\preprocessors\componentPreprocessor.js:356:52
    at Array.map (<anonymous>)
    at preProcessComponent (C:\Users\damithch\AppData\Roaming\npm\node_modules\markbind-cli\node_modules\@markbind\core\src\preprocessors\componentPreprocessor.js:356:43)
    at C:\Users\damithch\AppData\Roaming\npm\node_modules\markbind-cli\node_modules\@markbind\core\src\preprocessors\componentPreprocessor.js:356:52
    at Array.map (<anonymous>)
    at preProcessComponent (C:\Users\damithch\AppData\Roaming\npm\node_modules\markbind-cli\node_modules\@markbind\core\src\preprocessors\componentPreprocessor.js:356:43)
    at C:\Users\damithch\AppData\Roaming\npm\node_modules\markbind-cli\node_modules\@markbind\core\src\preprocessors\componentPreprocessor.js:298:50
    at Array.map (<anonymous>)
    at _preprocessInclude (C:\Users\damithch\AppData\Roaming\npm\node_modules\markbind-cli\node_modules\@markbind\core\src\preprocessors\componentPreprocessor.js:298:41)
    at preProcessComponent (C:\Users\damithch\AppData\Roaming\npm\node_modules\markbind-cli\node_modules\@markbind\core\src\preprocessors\componentPreprocessor.js:349:12)
    at C:\Users\damithch\AppData\Roaming\npm\node_modules\markbind-cli\node_modules\@markbind\core\src\preprocessors\componentPreprocessor.js:356:52
    at Array.map (<anonymous>)
    at Object.preProcessComponent (C:\Users\damithch\AppData\Roaming\npm\node_modules\markbind-cli\node_modules\@markbind\core\src\preprocessors\componentPreprocessor.js:356:43)
2020-10-23T15:33:49.013Z - info: Pages rebuilt
2020-10-23T15:33:49.013Z - info: Website regeneration complete! Total build time: 0.195s
2020-10-23T15:33:49.024Z - info: Site data built
2020-10-23T15:34:49.930Z - info: [11:34:49 PM] Reload for file change: C:\repos\nus-cs2103-AY2021S1\cs2103-website\schedule\week12\tutorial-tic4001.mbdf
2020-10-23T15:34:50.936Z - info: Rebuilding 1 pages
2020-10-23T15:34:50.988Z - error:  Error: No such file: C:\repos\nus-cs2103-AY2021S1\cs2103-website\schedule\book\modeling\modelingStructures\classDiagramsIntermediate\q-drawClassDiagramForItemEtc.md
Missing reference in C:\repos\nus-cs2103-AY2021S1\cs2103-website\schedule\week12\tutorial-tic4001.mbdf
    at _getFileExistsNode (C:\Users\damithch\AppData\Roaming\npm\node_modules\markbind-cli\node_modules\@markbind\core\src\preprocessors\componentPreprocessor.js:60:19)
    at _preprocessInclude (C:\Users\damithch\AppData\Roaming\npm\node_modules\markbind-cli\node_modules\@markbind\core\src\preprocessors\componentPreprocessor.js:217:26)
    at preProcessComponent (C:\Users\damithch\AppData\Roaming\npm\node_modules\markbind-cli\node_modules\@markbind\core\src\preprocessors\componentPreprocessor.js:349:12)
    at C:\Users\damithch\AppData\Roaming\npm\node_modules\markbind-cli\node_modules\@markbind\core\src\preprocessors\componentPreprocessor.js:356:52
    at Array.map (<anonymous>)
    at preProcessComponent (C:\Users\damithch\AppData\Roaming\npm\node_modules\markbind-cli\node_modules\@markbind\core\src\preprocessors\componentPreprocessor.js:356:43)
    at C:\Users\damithch\AppData\Roaming\npm\node_modules\markbind-cli\node_modules\@markbind\core\src\preprocessors\componentPreprocessor.js:356:52
    at Array.map (<anonymous>)
    at preProcessComponent (C:\Users\damithch\AppData\Roaming\npm\node_modules\markbind-cli\node_modules\@markbind\core\src\preprocessors\componentPreprocessor.js:356:43)
    at C:\Users\damithch\AppData\Roaming\npm\node_modules\markbind-cli\node_modules\@markbind\core\src\preprocessors\componentPreprocessor.js:298:50
    at Array.map (<anonymous>)
    at _preprocessInclude (C:\Users\damithch\AppData\Roaming\npm\node_modules\markbind-cli\node_modules\@markbind\core\src\preprocessors\componentPreprocessor.js:298:41)
    at preProcessComponent (C:\Users\damithch\AppData\Roaming\npm\node_modules\markbind-cli\node_modules\@markbind\core\src\preprocessors\componentPreprocessor.js:349:12)
    at C:\Users\damithch\AppData\Roaming\npm\node_modules\markbind-cli\node_modules\@markbind\core\src\preprocessors\componentPreprocessor.js:356:52
    at Array.map (<anonymous>)
    at Object.preProcessComponent (C:\Users\damithch\AppData\Roaming\npm\node_modules\markbind-cli\node_modules\@markbind\core\src\preprocessors\componentPreprocessor.js:356:43)
2020-10-23T15:34:51.180Z - info: Pages rebuilt
2020-10-23T15:34:51.180Z - info: Website regeneration complete! Total build time: 0.246s
2020-10-23T15:34:51.183Z - info: Site data built
2020-10-23T15:35:00.085Z - info: [11:35:00 PM] Reload for file change: C:\repos\nus-cs2103-AY2021S1\cs2103-website\schedule\week12\tutorial-tic4001.mbdf
2020-10-23T15:35:01.093Z - info: Rebuilding 1 pages
2020-10-23T15:35:01.291Z - info: Pages rebuilt
2020-10-23T15:35:01.292Z - info: Website regeneration complete! Total build time: 0.2s
2020-10-23T15:35:01.294Z - info: Site data built
2020-10-23T15:36:06.348Z - info: [11:36:06 PM] Reload for file change: C:\repos\nus-cs2103-AY2021S1\cs2103-website\schedule\week12\tutorial-tic4001.mbdf
2020-10-23T15:36:07.362Z - info: Rebuilding 1 pages
2020-10-23T15:36:07.564Z - info: Pages rebuilt
2020-10-23T15:36:07.564Z - info: Website regeneration complete! Total build time: 0.204s
2020-10-23T15:36:07.600Z - info: Site data built
2020-10-23T15:36:26.885Z - info: [11:36:26 PM] Reload for file change: C:\repos\nus-cs2103-AY2021S1\cs2103-website\schedule\week12\tutorial-tic4001.mbdf
2020-10-23T15:36:27.893Z - info: Rebuilding 1 pages
2020-10-23T15:36:28.198Z - info: Pages rebuilt
2020-10-23T15:36:28.199Z - info: Website regeneration complete! Total build time: 0.31s
2020-10-23T15:36:28.202Z - info: Site data built
2020-10-23T15:36:55.623Z - info: [11:36:55 PM] Reload for file change: C:\repos\nus-cs2103-AY2021S1\cs2103-website\schedule\week12\tutorial-tic4001.mbdf
2020-10-23T15:36:56.628Z - info: Rebuilding 1 pages
2020-10-23T15:36:56.937Z - info: Pages rebuilt
2020-10-23T15:36:56.937Z - info: Website regeneration complete! Total build time: 0.312s
2020-10-23T15:36:56.940Z - info: Site data built
2020-10-23T15:37:12.018Z - info: [11:37:12 PM] Reload for file change: C:\repos\nus-cs2103-AY2021S1\cs2103-website\schedule\week12\tutorial-tic4001.mbdf
2020-10-23T15:37:13.034Z - info: Rebuilding 1 pages
2020-10-23T15:37:13.311Z - info: Pages rebuilt
2020-10-23T15:37:13.312Z - info: Website regeneration complete! Total build time: 0.281s
2020-10-23T15:37:13.317Z - info: Site data built
2020-10-23T15:37:23.493Z - info: [11:37:23 PM] Reload for file change: C:\repos\nus-cs2103-AY2021S1\cs2103-website\schedule\week12\tutorial-tic4001.mbdf
2020-10-23T15:37:24.500Z - info: Rebuilding 1 pages
2020-10-23T15:37:24.671Z - info: Pages rebuilt
2020-10-23T15:37:24.671Z - info: Website regeneration complete! Total build time: 0.173s
2020-10-23T15:37:24.674Z - info: Site data built
2020-10-23T15:37:41.972Z - info: [11:37:41 PM] Reload for file change: C:\repos\nus-cs2103-AY2021S1\cs2103-website\schedule\week12\tutorial-tic4001.mbdf
2020-10-23T15:37:42.976Z - info: Rebuilding 1 pages
2020-10-23T15:37:43.165Z - info: Pages rebuilt
2020-10-23T15:37:43.165Z - info: Website regeneration complete! Total build time: 0.19s
2020-10-23T15:37:43.168Z - info: Site data built
2020-10-23T15:39:02.933Z - info: [11:39:02 PM] Reload for file change: C:\repos\nus-cs2103-AY2021S1\cs2103-website\schedule\week13\tutorial-tic4001.mbdf
2020-10-23T15:39:02.950Z - info: [11:39:02 PM] Reload for file change: C:\repos\nus-cs2103-AY2021S1\cs2103-website\schedule\week12\tutorial-tic4001.mbdf
2020-10-23T15:39:03.957Z - info: Rebuilding 1 pages
2020-10-23T15:39:04.223Z - info: Pages rebuilt
2020-10-23T15:39:04.223Z - info: Website regeneration complete! Total build time: 0.271s
2020-10-23T15:39:04.230Z - info: Site data built
2020-10-23T15:39:09.577Z - info: Building C:\repos\nus-cs2103-AY2021S1\cs2103-website\schedule\week13\tutorial as some of its dependencies were changed since the last visit
2020-10-23T15:39:10.128Z - info: Site data built
2020-10-23T15:39:10.129Z - info: Lazy website regeneration complete! Total build time: 0.553s
2020-10-23T15:40:11.957Z - info: [11:40:11 PM] Reload for file change: C:\repos\nus-cs2103-AY2021S1\cs2103-website\schedule\week13\tutorial-tic4001.mbdf
2020-10-23T15:40:12.971Z - info: Rebuilding 1 pages
2020-10-23T15:40:13.301Z - info: Pages rebuilt
2020-10-23T15:40:13.301Z - info: Website regeneration complete! Total build time: 0.334s
2020-10-23T15:40:13.304Z - info: Site data built
2020-10-23T15:40:28.896Z - info: [11:40:28 PM] Reload for file change: C:\repos\nus-cs2103-AY2021S1\cs2103-website\schedule\week13\tutorial-tic4001.mbdf
2020-10-23T15:40:29.908Z - info: Rebuilding 1 pages
2020-10-23T15:40:30.203Z - info: Pages rebuilt
2020-10-23T15:40:30.204Z - info: Website regeneration complete! Total build time: 0.299s
2020-10-23T15:40:30.207Z - info: Site data built
2020-10-23T15:41:02.978Z - info: [11:41:02 PM] Reload for file change: C:\repos\nus-cs2103-AY2021S1\cs2103-website\schedule\week13\tutorial-tic4001.mbdf
2020-10-23T15:41:03.981Z - info: Rebuilding 1 pages
2020-10-23T15:41:04.162Z - info: Pages rebuilt
2020-10-23T15:41:04.162Z - info: Website regeneration complete! Total build time: 0.182s
2020-10-23T15:41:04.165Z - info: Site data built
2020-10-23T15:41:26.942Z - info: [11:41:26 PM] Reload for file change: C:\repos\nus-cs2103-AY2021S1\cs2103-website\schedule\week13\tutorial-tic4001.mbdf
2020-10-23T15:41:27.973Z - info: Rebuilding 1 pages
2020-10-23T15:41:28.267Z - info: Pages rebuilt
2020-10-23T15:41:28.267Z - info: Website regeneration complete! Total build time: 0.3s
2020-10-23T15:41:28.271Z - info: Site data built
2020-10-23T15:41:45.344Z - info: [11:41:45 PM] Reload for file change: C:\repos\nus-cs2103-AY2021S1\cs2103-website\schedule\week13\tutorial-tic4001.mbdf
2020-10-23T15:41:46.347Z - info: Rebuilding 1 pages
2020-10-23T15:41:46.510Z - info: Pages rebuilt
2020-10-23T15:41:46.510Z - info: Website regeneration complete! Total build time: 0.164s
2020-10-23T15:41:46.514Z - info: Site data built
2020-10-23T15:41:58.351Z - info: [11:41:58 PM] Reload for file change: C:\repos\nus-cs2103-AY2021S1\cs2103-website\schedule\week13\tutorial-tic4001.mbdf
2020-10-23T15:41:59.366Z - info: Rebuilding 1 pages
2020-10-23T15:41:59.601Z - info: Pages rebuilt
2020-10-23T15:41:59.602Z - info: Website regeneration complete! Total build time: 0.24s
2020-10-23T15:41:59.611Z - info: Site data built
2020-10-23T15:42:11.589Z - info: [11:42:11 PM] Reload for file change: C:\repos\nus-cs2103-AY2021S1\cs2103-website\schedule\week13\tutorial-tic4001.mbdf
2020-10-23T15:42:12.596Z - info: Rebuilding 1 pages
2020-10-23T15:42:12.742Z - info: Pages rebuilt
2020-10-23T15:42:12.742Z - info: Website regeneration complete! Total build time: 0.147s
2020-10-23T15:42:12.745Z - info: Site data built
2020-10-23T15:43:02.276Z - info: [11:43:02 PM] Reload for file change: C:\repos\nus-cs2103-AY2021S1\cs2103-website\schedule\week13\tutorial-tic4001.mbdf
2020-10-23T15:43:03.283Z - info: Rebuilding 1 pages
2020-10-23T15:43:03.538Z - info: Pages rebuilt
2020-10-23T15:43:03.538Z - info: Website regeneration complete! Total build time: 0.257s
2020-10-23T15:43:03.549Z - info: Site data built
2020-10-23T15:43:33.679Z - info: [11:43:33 PM] Reload for file change: C:\repos\nus-cs2103-AY2021S1\cs2103-website\schedule\week13\tutorial-tic4001.mbdf
2020-10-23T15:43:34.687Z - info: Rebuilding 1 pages
2020-10-23T15:43:34.843Z - info: Pages rebuilt
2020-10-23T15:43:34.844Z - info: Website regeneration complete! Total build time: 0.162s
2020-10-23T15:43:34.847Z - info: Site data built
2020-10-23T15:43:49.483Z - info: [11:43:49 PM] Reload for file change: C:\repos\nus-cs2103-AY2021S1\cs2103-website\schedule\week13\tutorial-tic4001.mbdf
2020-10-23T15:43:50.488Z - info: Rebuilding 1 pages
2020-10-23T15:43:50.722Z - info: Pages rebuilt
2020-10-23T15:43:50.722Z - info: Website regeneration complete! Total build time: 0.238s
2020-10-23T15:43:50.735Z - info: Site data built
2020-10-23T15:44:23.444Z - info: [11:44:23 PM] Reload for file change: C:\repos\nus-cs2103-AY2021S1\cs2103-website\schedule\week13\tutorial-tic4001.mbdf
2020-10-23T15:44:24.459Z - info: Rebuilding 1 pages
2020-10-23T15:44:24.644Z - info: Pages rebuilt
2020-10-23T15:44:24.644Z - info: Website regeneration complete! Total build time: 0.191s
2020-10-23T15:44:24.647Z - info: Site data built
2020-10-23T15:45:09.397Z - info: [11:45:09 PM] Reload for file change: C:\repos\nus-cs2103-AY2021S1\cs2103-website\schedule\week13\tutorial-tic4001.mbdf
2020-10-23T15:45:10.407Z - info: Rebuilding 1 pages
2020-10-23T15:45:10.678Z - info: Pages rebuilt
2020-10-23T15:45:10.678Z - info: Website regeneration complete! Total build time: 0.277s
2020-10-23T15:45:10.683Z - info: Site data built
2020-10-23T15:45:36.693Z - info: Website generation started at 11:45:33 PM
2020-10-23T15:45:48.824Z - info: Building assets...
2020-10-23T15:45:56.596Z - info: Assets built
2020-10-23T15:45:56.597Z - info: Generating pages...
2020-10-23T15:46:11.858Z - debug: The process cannot access the file because it is being used by another process.

2020-10-23T15:46:11.860Z - debug: The process cannot access the file because it is being used by another process.

2020-10-23T15:46:15.573Z - debug:  
2020-10-23T15:46:15.573Z - debug:  
2020-10-23T15:46:15.573Z - debug:  
2020-10-23T15:46:15.573Z - debug:  
2020-10-23T15:46:15.573Z - debug:  
2020-10-23T15:46:17.058Z - debug:  
2020-10-23T15:46:17.311Z - debug:  
2020-10-23T15:46:21.608Z - debug:  
2020-10-23T15:46:21.608Z - debug: The process cannot access the file because it is being used by another process.

2020-10-23T15:46:21.615Z - debug: The process cannot access the file because it is being used by another process.

2020-10-23T15:46:21.616Z - debug:  
2020-10-23T15:46:21.616Z - debug:  
2020-10-23T15:46:22.940Z - debug: The process cannot access the file because it is being used by another process.

2020-10-23T15:46:22.940Z - debug: The process cannot access the file because it is being used by another process.

2020-10-23T15:46:23.081Z - debug:  
2020-10-23T15:46:23.081Z - debug:  
2020-10-23T15:46:23.560Z - debug: The process cannot access the file because it is being used by another process.

2020-10-23T15:46:23.560Z - debug: The process cannot access the file because it is being used by another process.

2020-10-23T15:46:26.713Z - debug:  
2020-10-23T15:46:26.714Z - debug:  
2020-10-23T15:46:44.134Z - debug: The process cannot access the file because it is being used by another process.

2020-10-23T15:46:44.515Z - debug: The process cannot access the file because it is being used by another process.

2020-10-23T15:46:45.553Z - debug: The process cannot access the file because it is being used by another process.

2020-10-23T15:46:45.553Z - debug:  
2020-10-23T15:46:47.058Z - debug: The process cannot access the file because it is being used by another process.

2020-10-23T15:46:47.838Z - debug: The process cannot access the file because it is being used by another process.

2020-10-23T15:46:49.249Z - debug:  
2020-10-23T15:46:51.338Z - debug:  
2020-10-23T15:46:53.709Z - debug: The process cannot access the file because it is being used by another process.

2020-10-23T15:46:53.710Z - debug: The process cannot access the file because it is being used by another process.

2020-10-23T15:46:55.415Z - debug:  
2020-10-23T15:46:55.617Z - debug: The process cannot access the file because it is being used by another process.

2020-10-23T15:46:55.847Z - debug:  
2020-10-23T15:46:58.340Z - debug: The process cannot access the file because it is being used by another process.

2020-10-23T15:46:58.784Z - debug:  
2020-10-23T15:46:59.617Z - debug:  
2020-10-23T15:47:06.639Z - debug: The process cannot access the file because it is being used by another process.

2020-10-23T15:47:08.947Z - debug: The process cannot access the file because it is being used by another process.

2020-10-23T15:47:09.068Z - debug:  
2020-10-23T15:47:34.451Z - debug:  
2020-10-23T15:47:34.452Z - debug:  
2020-10-23T15:47:34.452Z - debug:  
2020-10-23T15:47:34.478Z - debug:  
2020-10-23T15:47:39.648Z - debug:  
2020-10-23T15:47:39.649Z - debug:  
2020-10-23T15:47:40.933Z - debug:  
2020-10-23T15:47:45.922Z - debug:  
2020-10-23T15:47:48.604Z - debug:  
2020-10-23T15:47:48.605Z - debug:  
2020-10-23T15:47:48.605Z - debug:  
2020-10-23T15:47:48.605Z - debug:  
2020-10-23T15:47:57.473Z - debug:  
2020-10-23T15:47:57.474Z - debug:  
2020-10-23T15:47:57.474Z - debug:  
2020-10-23T15:48:01.759Z - debug:  
2020-10-23T15:48:08.195Z - debug:  
2020-10-23T15:48:19.744Z - debug:  
2020-10-23T15:48:24.886Z - debug:  
2020-10-23T15:48:24.886Z - debug:  
2020-10-23T15:48:49.349Z - debug:  
2020-10-23T15:49:01.762Z - debug:  
2020-10-23T15:49:01.762Z - debug:  
2020-10-23T15:49:09.834Z - info: Pages built
2020-10-23T15:49:36.902Z - info: Website generation complete! Total build time: 243.677s
2020-10-23T15:49:36.903Z - info: Build success!
2020-10-23T15:49:36.903Z - debug:  
2020-10-23T15:49:36.909Z - info: Site data built
2020-10-23T15:50:19.853Z - info: Deployed!
