2020-10-14T16:12:22.555Z - info: Website generation (lazy) started at 12:12:16 AM
2020-10-14T16:12:32.319Z - info: Building assets...
2020-10-14T16:12:38.353Z - info: Assets built
2020-10-14T16:12:38.354Z - info: Generating landing page...
2020-10-14T16:12:40.000Z - info: Landing page built, other pages will be built as you navigate to them!
2020-10-14T16:12:40.100Z - info: Website generation (lazy) complete! Total build time: 23.937s
2020-10-14T16:12:40.166Z - info: Site data built
2020-10-14T16:12:41.983Z - info: Serving "C:\repos\nus-cs2103-AY2021S1\cs2103-website\_site" at http://127.0.0.1:61056
2020-10-14T16:12:41.984Z - info: Press CTRL+C to stop ...
2020-10-14T16:16:17.799Z - info: Building C:\repos\nus-cs2103-AY2021S1\cs2103-website\schedule\week10\index as some of its dependencies were changed since the last visit
2020-10-14T16:16:19.608Z - info: Site data built
2020-10-14T16:16:19.610Z - info: Lazy website regeneration complete! Total build time: 1.81s
2020-10-14T16:16:35.502Z - info: Building C:\repos\nus-cs2103-AY2021S1\cs2103-website\schedule\week10\admin as some of its dependencies were changed since the last visit
2020-10-14T16:16:35.885Z - info: Site data built
2020-10-14T16:16:35.886Z - info: Lazy website regeneration complete! Total build time: 0.385s
2020-10-14T16:16:39.924Z - info: Building C:\repos\nus-cs2103-AY2021S1\cs2103-website\schedule\week10\project as some of its dependencies were changed since the last visit
2020-10-14T16:16:41.766Z - info: Site data built
2020-10-14T16:16:41.766Z - info: Lazy website regeneration complete! Total build time: 1.842s
2020-10-14T17:05:53.110Z - info: Website generation started at 1:05:50 AM
2020-10-14T17:06:02.417Z - info: Building assets...
2020-10-14T17:06:08.304Z - info: Assets built
2020-10-14T17:06:08.308Z - info: Generating pages...
2020-10-14T17:06:29.041Z - debug: The process cannot access the file because it is being used by another process.

2020-10-14T17:06:29.042Z - debug: The process cannot access the file because it is being used by another process.

2020-10-14T17:06:35.048Z - debug:  
2020-10-14T17:06:35.049Z - debug:  
2020-10-14T17:06:35.049Z - debug:  
2020-10-14T17:06:35.050Z - debug:  
2020-10-14T17:06:35.051Z - debug:  
2020-10-14T17:06:36.467Z - debug:  
2020-10-14T17:06:41.812Z - debug: The process cannot access the file because it is being used by another process.

2020-10-14T17:06:41.813Z - debug:  
2020-10-14T17:06:41.813Z - debug: The process cannot access the file because it is being used by another process.

2020-10-14T17:06:41.814Z - debug:  
2020-10-14T17:06:41.814Z - debug: The process cannot access the file because it is being used by another process.

2020-10-14T17:06:41.814Z - debug: The process cannot access the file because it is being used by another process.

2020-10-14T17:06:41.814Z - debug:  
2020-10-14T17:06:41.815Z - debug:  
2020-10-14T17:06:46.268Z - debug: The process cannot access the file because it is being used by another process.

2020-10-14T17:06:46.268Z - debug: The process cannot access the file because it is being used by another process.

2020-10-14T17:06:46.849Z - debug: The process cannot access the file because it is being used by another process.

2020-10-14T17:06:46.850Z - debug: The process cannot access the file because it is being used by another process.

2020-10-14T17:06:48.534Z - debug:  
2020-10-14T17:06:48.535Z - debug:  
2020-10-14T17:07:11.681Z - debug: The process cannot access the file because it is being used by another process.

2020-10-14T17:07:13.647Z - debug: The process cannot access the file because it is being used by another process.

2020-10-14T17:07:13.647Z - debug: The process cannot access the file because it is being used by another process.

2020-10-14T17:07:13.647Z - debug:  
2020-10-14T17:07:15.767Z - debug: The process cannot access the file because it is being used by another process.

2020-10-14T17:07:16.690Z - debug: The process cannot access the file because it is being used by another process.

2020-10-14T17:07:18.261Z - debug:  
2020-10-14T17:07:19.861Z - debug:  
2020-10-14T17:07:23.739Z - debug: The process cannot access the file because it is being used by another process.

2020-10-14T17:07:23.886Z - debug: The process cannot access the file because it is being used by another process.

2020-10-14T17:07:25.028Z - debug:  
2020-10-14T17:07:25.096Z - debug: The process cannot access the file because it is being used by another process.

2020-10-14T17:07:25.097Z - debug:  
2020-10-14T17:07:27.865Z - debug: The process cannot access the file because it is being used by another process.

2020-10-14T17:07:28.361Z - debug:  
2020-10-14T17:07:29.482Z - debug:  
2020-10-14T17:07:38.878Z - debug: The process cannot access the file because it is being used by another process.

2020-10-14T17:07:41.222Z - debug: The process cannot access the file because it is being used by another process.

2020-10-14T17:07:41.353Z - debug:  
2020-10-14T17:08:08.991Z - debug:  
2020-10-14T17:08:08.993Z - debug:  
2020-10-14T17:08:09.287Z - debug:  
2020-10-14T17:08:09.287Z - debug:  
2020-10-14T17:08:11.757Z - debug: The process cannot access the file because it is being used by another process.

2020-10-14T17:08:16.202Z - debug:  
2020-10-14T17:08:16.202Z - debug:  
2020-10-14T17:08:16.202Z - debug:  
2020-10-14T17:08:19.198Z - debug:  
2020-10-14T17:08:27.371Z - debug:  
2020-10-14T17:08:28.137Z - debug:  
2020-10-14T17:08:28.137Z - debug:  
2020-10-14T17:08:28.137Z - debug:  
2020-10-14T17:08:33.767Z - debug: The process cannot access the file because it is being used by another process.

2020-10-14T17:08:36.320Z - debug:  
2020-10-14T17:08:38.482Z - debug:  
2020-10-14T17:08:38.482Z - debug:  
2020-10-14T17:08:43.584Z - debug:  
2020-10-14T17:08:54.668Z - debug:  
2020-10-14T17:08:58.544Z - debug:  
2020-10-14T17:08:58.544Z - debug:  
2020-10-14T17:09:04.348Z - debug:  
2020-10-14T17:09:04.348Z - debug:  
2020-10-14T17:09:16.657Z - debug:  
2020-10-14T17:09:17.312Z - debug:  
2020-10-14T17:09:51.541Z - debug:  
2020-10-14T17:10:06.037Z - debug:  
2020-10-14T17:10:06.038Z - debug:  
2020-10-14T17:10:18.295Z - info: Pages built
2020-10-14T17:10:51.567Z - info: Website generation complete! Total build time: 300.894s
2020-10-14T17:10:51.571Z - info: Build success!
2020-10-14T17:10:51.572Z - debug:  
2020-10-14T17:10:51.576Z - info: Site data built
2020-10-14T17:19:33.463Z - info: Deployed!
2020-10-15T06:20:11.545Z - info: Website generation (lazy) started at 2:20:05 PM
2020-10-15T06:20:24.496Z - info: Building assets...
2020-10-15T06:20:31.350Z - info: Assets built
2020-10-15T06:20:31.351Z - info: Generating landing page...
2020-10-15T06:20:33.022Z - info: Landing page built, other pages will be built as you navigate to them!
2020-10-15T06:20:33.114Z - info: Website generation (lazy) complete! Total build time: 27.981s
2020-10-15T06:20:36.902Z - info: Serving "C:\repos\nus-cs2103-AY2021S1\cs2103-website\_site" at http://127.0.0.1:8080
2020-10-15T06:20:36.903Z - info: Press CTRL+C to stop ...
2020-10-15T06:20:36.993Z - info: Site data built
2020-10-15T06:23:03.149Z - info: [2:23:03 PM] Reload for file change: C:\repos\nus-cs2103-AY2021S1\cs2103-website\schedule\week9\tutorial-cs2103.mbdf
2020-10-15T06:23:04.167Z - info: No pages needed to be rebuilt
2020-10-15T06:23:07.962Z - info: Building C:\repos\nus-cs2103-AY2021S1\cs2103-website\schedule\week9\tutorial as some of its dependencies were changed since the last visit
2020-10-15T06:23:08.883Z - info: Site data built
2020-10-15T06:23:08.883Z - info: Lazy website regeneration complete! Total build time: 0.922s
2020-10-15T06:25:14.963Z - info: [2:25:14 PM] Reload for file change: C:\repos\nus-cs2103-AY2021S1\cs2103-website\schedule\week9\tutorial-cs2103.mbdf
2020-10-15T06:25:15.971Z - info: Rebuilding 1 pages
2020-10-15T06:25:16.159Z - error:  Error: No such file: C:\repos\nus-cs2103-AY2021S1\cs2103-website\book\_markbind\boilerplates\container-inParent-asPanel
Missing reference in C:\repos\nus-cs2103-AY2021S1\cs2103-website\schedule\week9\tutorial-cs2103.mbdf
    at _getFileExistsNode (C:\Users\damithch\AppData\Roaming\npm\node_modules\markbind-cli\node_modules\@markbind\core\src\preprocessors\componentPreprocessor.js:60:19)
    at _preprocessInclude (C:\Users\damithch\AppData\Roaming\npm\node_modules\markbind-cli\node_modules\@markbind\core\src\preprocessors\componentPreprocessor.js:217:26)
    at preProcessComponent (C:\Users\damithch\AppData\Roaming\npm\node_modules\markbind-cli\node_modules\@markbind\core\src\preprocessors\componentPreprocessor.js:349:12)
    at C:\Users\damithch\AppData\Roaming\npm\node_modules\markbind-cli\node_modules\@markbind\core\src\preprocessors\componentPreprocessor.js:356:52
    at Array.map (<anonymous>)
    at preProcessComponent (C:\Users\damithch\AppData\Roaming\npm\node_modules\markbind-cli\node_modules\@markbind\core\src\preprocessors\componentPreprocessor.js:356:43)
    at C:\Users\damithch\AppData\Roaming\npm\node_modules\markbind-cli\node_modules\@markbind\core\src\preprocessors\componentPreprocessor.js:356:52
    at Array.map (<anonymous>)
    at preProcessComponent (C:\Users\damithch\AppData\Roaming\npm\node_modules\markbind-cli\node_modules\@markbind\core\src\preprocessors\componentPreprocessor.js:356:43)
    at C:\Users\damithch\AppData\Roaming\npm\node_modules\markbind-cli\node_modules\@markbind\core\src\preprocessors\componentPreprocessor.js:298:50
    at Array.map (<anonymous>)
    at _preprocessInclude (C:\Users\damithch\AppData\Roaming\npm\node_modules\markbind-cli\node_modules\@markbind\core\src\preprocessors\componentPreprocessor.js:298:41)
    at preProcessComponent (C:\Users\damithch\AppData\Roaming\npm\node_modules\markbind-cli\node_modules\@markbind\core\src\preprocessors\componentPreprocessor.js:349:12)
    at C:\Users\damithch\AppData\Roaming\npm\node_modules\markbind-cli\node_modules\@markbind\core\src\preprocessors\componentPreprocessor.js:356:52
    at Array.map (<anonymous>)
    at Object.preProcessComponent (C:\Users\damithch\AppData\Roaming\npm\node_modules\markbind-cli\node_modules\@markbind\core\src\preprocessors\componentPreprocessor.js:356:43)
2020-10-15T06:25:16.452Z - info: Pages rebuilt
2020-10-15T06:25:16.452Z - info: Website regeneration complete! Total build time: 0.482s
2020-10-15T06:25:16.456Z - info: Site data built
2020-10-15T06:26:59.663Z - info: [2:26:59 PM] Reload for file change: C:\repos\nus-cs2103-AY2021S1\cs2103-website\schedule\week9\tutorial-cs2103.mbdf
2020-10-15T06:27:00.668Z - info: Rebuilding 1 pages
2020-10-15T06:27:01.361Z - info: Pages rebuilt
2020-10-15T06:27:01.361Z - info: Website regeneration complete! Total build time: 0.695s
2020-10-15T06:27:01.367Z - info: Site data built
2020-10-15T06:27:27.085Z - info: [2:27:27 PM] Reload for file change: C:\repos\nus-cs2103-AY2021S1\cs2103-website\schedule\week9\tutorial-cs2103.mbdf
2020-10-15T06:27:28.087Z - info: No pages needed to be rebuilt
2020-10-15T06:27:28.179Z - info: Building C:\repos\nus-cs2103-AY2021S1\cs2103-website\se-book-adapted\index as some of its dependencies were changed since the last visit
2020-10-15T06:27:28.520Z - info: Site data built
2020-10-15T06:27:28.521Z - info: Lazy website regeneration complete! Total build time: 0.342s
2020-10-15T06:27:31.842Z - info: Building C:\repos\nus-cs2103-AY2021S1\cs2103-website\se-book-adapted\chapters\modeling as some of its dependencies were changed since the last visit
2020-10-15T06:27:39.904Z - debug:  
2020-10-15T06:27:39.904Z - debug:  
2020-10-15T06:27:40.294Z - debug:  
2020-10-15T06:27:40.298Z - debug:  
2020-10-15T06:27:40.856Z - info: Site data built
2020-10-15T06:27:40.860Z - info: Lazy website regeneration complete! Total build time: 9.017s
2020-10-15T06:29:24.162Z - info: [2:29:24 PM] Reload for file change: C:\repos\nus-cs2103-AY2021S1\cs2103-website\schedule\week9\tutorial-cs2103.mbdf
2020-10-15T06:29:25.166Z - info: No pages needed to be rebuilt
2020-10-15T06:29:35.358Z - info: Building C:\repos\nus-cs2103-AY2021S1\cs2103-website\schedule\week9\tutorial as some of its dependencies were changed since the last visit
2020-10-15T06:29:36.605Z - info: Site data built
2020-10-15T06:29:36.607Z - info: Lazy website regeneration complete! Total build time: 1.25s
2020-10-15T06:31:43.162Z - info: [2:31:43 PM] Reload for file change: C:\repos\nus-cs2103-AY2021S1\cs2103-website\schedule\week9\tutorial-cs2103.mbdf
2020-10-15T06:31:44.165Z - info: Rebuilding 1 pages
2020-10-15T06:31:45.077Z - info: Pages rebuilt
2020-10-15T06:31:45.078Z - info: Website regeneration complete! Total build time: 0.914s
2020-10-15T06:31:45.103Z - info: Site data built
2020-10-15T06:31:59.552Z - info: [2:31:59 PM] Reload for file change: C:\repos\nus-cs2103-AY2021S1\cs2103-website\schedule\week9\tutorial-cs2103.mbdf
2020-10-15T06:32:00.557Z - info: Rebuilding 1 pages
2020-10-15T06:32:01.058Z - info: Pages rebuilt
2020-10-15T06:32:01.058Z - info: Website regeneration complete! Total build time: 0.504s
2020-10-15T06:32:01.074Z - info: Site data built
2020-10-15T06:32:27.982Z - info: [2:32:27 PM] Reload for file change: C:\repos\nus-cs2103-AY2021S1\cs2103-website\schedule\week9\tutorial-cs2103.mbdf
2020-10-15T06:32:28.988Z - info: Rebuilding 1 pages
2020-10-15T06:32:29.893Z - info: Pages rebuilt
2020-10-15T06:32:29.893Z - info: Website regeneration complete! Total build time: 0.909s
2020-10-15T06:32:29.899Z - info: Site data built
2020-10-15T06:33:15.656Z - info: Building C:\repos\nus-cs2103-AY2021S1\cs2103-website\schedule\week10\tutorial as some of its dependencies were changed since the last visit
2020-10-15T06:33:16.095Z - info: Site data built
2020-10-15T06:33:16.096Z - info: Lazy website regeneration complete! Total build time: 0.441s
2020-10-15T06:36:19.412Z - info: Website generation started at 2:36:15 PM
2020-10-15T06:36:33.784Z - info: Building assets...
