2020-07-19T16:00:03.540Z - info: Building assets...
2020-07-19T16:00:12.159Z - info: Assets built
2020-07-19T16:00:12.160Z - info: Generating pages...
2020-07-19T16:00:24.835Z - debug: The process cannot access the file because it is being used by another process.

2020-07-19T16:00:24.836Z - debug: The process cannot access the file because it is being used by another process.

2020-07-19T16:00:28.194Z - debug:  
2020-07-19T16:00:28.195Z - debug:  
2020-07-19T16:00:28.196Z - debug:  
2020-07-19T16:00:28.196Z - debug:  
2020-07-19T16:00:29.383Z - debug:  
2020-07-19T16:00:30.290Z - debug:  
2020-07-19T16:00:33.848Z - debug:  
2020-07-19T16:00:33.849Z - debug: The process cannot access the file because it is being used by another process.

2020-07-19T16:00:33.849Z - debug: The process cannot access the file because it is being used by another process.

2020-07-19T16:00:33.849Z - debug:  
2020-07-19T16:00:35.520Z - debug:  
2020-07-19T16:00:35.520Z - debug: The process cannot access the file because it is being used by another process.

2020-07-19T16:00:35.521Z - debug: The process cannot access the file because it is being used by another process.

2020-07-19T16:00:35.868Z - debug:  
2020-07-19T16:00:35.868Z - debug:  
2020-07-19T16:00:36.090Z - debug: The process cannot access the file because it is being used by another process.

2020-07-19T16:00:36.090Z - debug: The process cannot access the file because it is being used by another process.

2020-07-19T16:00:39.410Z - debug:  
2020-07-19T16:00:39.410Z - debug:  
2020-07-19T16:00:59.081Z - debug: The process cannot access the file because it is being used by another process.

2020-07-19T16:00:59.123Z - debug: The process cannot access the file because it is being used by another process.

2020-07-19T16:01:00.801Z - debug: The process cannot access the file because it is being used by another process.

2020-07-19T16:01:00.802Z - debug: The process cannot access the file because it is being used by another process.

2020-07-19T16:01:00.951Z - debug:  
2020-07-19T16:01:02.601Z - debug:  
2020-07-19T16:01:05.165Z - debug:  
2020-07-19T16:01:05.290Z - debug:  
2020-07-19T16:01:10.470Z - debug: The process cannot access the file because it is being used by another process.

2020-07-19T16:01:12.127Z - debug: The process cannot access the file because it is being used by another process.

2020-07-19T16:01:12.575Z - debug:  
2020-07-19T16:01:33.056Z - debug:  
2020-07-19T16:01:33.056Z - debug:  
2020-07-19T16:01:33.056Z - debug:  
2020-07-19T16:01:33.057Z - debug:  
2020-07-19T16:01:36.845Z - debug:  
2020-07-19T16:01:38.820Z - debug:  
2020-07-19T16:01:47.111Z - debug:  
2020-07-19T16:01:48.097Z - debug:  
2020-07-19T16:01:48.097Z - debug:  
2020-07-19T16:01:48.097Z - debug:  
2020-07-19T16:01:48.097Z - debug:  
2020-07-19T16:01:54.741Z - debug:  
2020-07-19T16:01:54.743Z - debug:  
2020-07-19T16:01:58.465Z - debug:  
2020-07-19T16:02:28.699Z - debug:  
2020-07-19T16:02:28.700Z - debug:  
2020-07-19T16:02:28.700Z - debug:  
2020-07-19T16:02:53.983Z - debug:  
2020-07-19T16:03:07.383Z - debug:  
2020-07-19T16:03:07.383Z - debug:  
2020-07-19T16:03:17.070Z - info: Pages built
2020-07-19T16:03:47.120Z - info: Website generation complete! Total build time: 242.564s
2020-07-19T16:03:47.124Z - info: Build success!
2020-07-19T16:03:47.125Z - debug:  
2020-07-19T16:03:47.129Z - info: Site data built
2020-07-19T16:05:32.694Z - info: Deployed!
2020-07-20T12:34:09.725Z - info: Website generation (lazy) started at 8:33:56 PM
2020-07-20T12:34:21.694Z - info: Building assets...
2020-07-20T12:34:27.112Z - info: Assets built
2020-07-20T12:34:27.113Z - info: Generating landing page...
2020-07-20T12:34:28.234Z - info: Landing page built, other pages will be built as you navigate to them!
2020-07-20T12:34:28.330Z - info: Website generation (lazy) complete! Total build time: 31.458s
2020-07-20T12:34:29.099Z - info: Serving "C:\repos\nus-cs2103-AY2021S1\cs2103-website\_site" at http://127.0.0.1:8080
2020-07-20T12:34:29.099Z - info: Press CTRL+C to stop ...
2020-07-20T12:34:29.162Z - info: Site data built
2020-07-20T12:49:01.535Z - info: [8:49:01 PM] Reload for file add: C:\repos\nus-cs2103-AY2021S1\cs2103-website\admin\instructor-damith.mbdf
2020-07-20T12:49:02.644Z - info: File added or removed, updating list of site's pages...
2020-07-20T12:49:07.459Z - info: Assets removed
2020-07-20T12:49:08.586Z - info: Building C:\repos\nus-cs2103-AY2021S1\cs2103-website\index as some of its dependencies were changed since the last visit
2020-07-20T12:49:09.617Z - info: Site data built
2020-07-20T12:49:09.618Z - info: Lazy website regeneration complete! Total build time: 1.032s
2020-07-20T12:51:07.549Z - info: [8:51:07 PM] Reload for file change: C:\repos\nus-cs2103-AY2021S1\cs2103-website\admin\instructor-damith.mbdf
2020-07-20T12:51:07.564Z - info: [8:51:07 PM] Reload for file change: C:\repos\nus-cs2103-AY2021S1\cs2103-website\admin\index-tic2002.mbdf
2020-07-20T12:51:07.564Z - info: [8:51:07 PM] Reload for file change: C:\repos\nus-cs2103-AY2021S1\cs2103-website\admin\instructors.md
2020-07-20T12:51:08.564Z - info: Rebuilding 1 pages
2020-07-20T12:51:08.706Z - error:  Error: No such segment 'prof-email' in file: C:\repos\nus-cs2103-AY2021S1\cs2103-website\admin\index-tic2002.mbdf
Missing reference in C:\repos\nus-cs2103-AY2021S1\cs2103-website\admin\index-tic2002.mbdf
    at _preprocessInclude (C:\repos\markbind\markbind\packages\core\src\preprocessors\componentPreprocessor.js:264:21)
    at preProcessComponent (C:\repos\markbind\markbind\packages\core\src\preprocessors\componentPreprocessor.js:349:12)
    at C:\repos\markbind\markbind\packages\core\src\preprocessors\componentPreprocessor.js:356:52
    at Array.map (<anonymous>)
    at preProcessComponent (C:\repos\markbind\markbind\packages\core\src\preprocessors\componentPreprocessor.js:356:43)
    at C:\repos\markbind\markbind\packages\core\src\preprocessors\componentPreprocessor.js:356:52
    at Array.map (<anonymous>)
    at preProcessComponent (C:\repos\markbind\markbind\packages\core\src\preprocessors\componentPreprocessor.js:356:43)
    at C:\repos\markbind\markbind\packages\core\src\preprocessors\componentPreprocessor.js:356:52
    at Array.map (<anonymous>)
    at preProcessComponent (C:\repos\markbind\markbind\packages\core\src\preprocessors\componentPreprocessor.js:356:43)
    at C:\repos\markbind\markbind\packages\core\src\preprocessors\componentPreprocessor.js:298:50
    at Array.map (<anonymous>)
    at _preprocessInclude (C:\repos\markbind\markbind\packages\core\src\preprocessors\componentPreprocessor.js:298:41)
    at preProcessComponent (C:\repos\markbind\markbind\packages\core\src\preprocessors\componentPreprocessor.js:349:12)
    at C:\repos\markbind\markbind\packages\core\src\preprocessors\componentPreprocessor.js:356:52
2020-07-20T12:51:09.277Z - info: Pages rebuilt
2020-07-20T12:51:09.277Z - info: Website regeneration complete! Total build time: 0.722s
2020-07-20T12:51:09.293Z - info: Site data built
2020-07-20T12:51:35.241Z - info: [8:51:35 PM] Reload for file change: C:\repos\nus-cs2103-AY2021S1\cs2103-website\admin\index-tic2002.mbdf
2020-07-20T12:51:36.258Z - info: Rebuilding 1 pages
2020-07-20T12:51:36.386Z - error:  Error: No such segment 'prof-email' in file: C:\repos\nus-cs2103-AY2021S1\cs2103-website\admin\index-tic2002.mbdf
Missing reference in C:\repos\nus-cs2103-AY2021S1\cs2103-website\admin\index-tic2002.mbdf
    at _preprocessInclude (C:\repos\markbind\markbind\packages\core\src\preprocessors\componentPreprocessor.js:264:21)
    at preProcessComponent (C:\repos\markbind\markbind\packages\core\src\preprocessors\componentPreprocessor.js:349:12)
    at C:\repos\markbind\markbind\packages\core\src\preprocessors\componentPreprocessor.js:356:52
    at Array.map (<anonymous>)
    at preProcessComponent (C:\repos\markbind\markbind\packages\core\src\preprocessors\componentPreprocessor.js:356:43)
    at C:\repos\markbind\markbind\packages\core\src\preprocessors\componentPreprocessor.js:356:52
    at Array.map (<anonymous>)
    at preProcessComponent (C:\repos\markbind\markbind\packages\core\src\preprocessors\componentPreprocessor.js:356:43)
    at C:\repos\markbind\markbind\packages\core\src\preprocessors\componentPreprocessor.js:356:52
    at Array.map (<anonymous>)
    at preProcessComponent (C:\repos\markbind\markbind\packages\core\src\preprocessors\componentPreprocessor.js:356:43)
    at C:\repos\markbind\markbind\packages\core\src\preprocessors\componentPreprocessor.js:298:50
    at Array.map (<anonymous>)
    at _preprocessInclude (C:\repos\markbind\markbind\packages\core\src\preprocessors\componentPreprocessor.js:298:41)
    at preProcessComponent (C:\repos\markbind\markbind\packages\core\src\preprocessors\componentPreprocessor.js:349:12)
    at C:\repos\markbind\markbind\packages\core\src\preprocessors\componentPreprocessor.js:356:52
2020-07-20T12:51:37.087Z - info: Pages rebuilt
2020-07-20T12:51:37.088Z - info: Website regeneration complete! Total build time: 0.834s
2020-07-20T12:51:37.100Z - info: Site data built
2020-07-20T12:52:03.140Z - info: [8:52:03 PM] Reload for file change: C:\repos\nus-cs2103-AY2021S1\cs2103-website\admin\index-tic2002.mbdf
2020-07-20T12:52:04.146Z - info: Rebuilding 1 pages
2020-07-20T12:52:04.236Z - error:  Error: No such segment 'prof-email' in file: C:\repos\nus-cs2103-AY2021S1\cs2103-website\admin\index-tic2002.mbdf
Missing reference in C:\repos\nus-cs2103-AY2021S1\cs2103-website\admin\index-tic2002.mbdf
    at _preprocessInclude (C:\repos\markbind\markbind\packages\core\src\preprocessors\componentPreprocessor.js:264:21)
    at preProcessComponent (C:\repos\markbind\markbind\packages\core\src\preprocessors\componentPreprocessor.js:349:12)
    at C:\repos\markbind\markbind\packages\core\src\preprocessors\componentPreprocessor.js:356:52
    at Array.map (<anonymous>)
    at preProcessComponent (C:\repos\markbind\markbind\packages\core\src\preprocessors\componentPreprocessor.js:356:43)
    at C:\repos\markbind\markbind\packages\core\src\preprocessors\componentPreprocessor.js:356:52
    at Array.map (<anonymous>)
    at preProcessComponent (C:\repos\markbind\markbind\packages\core\src\preprocessors\componentPreprocessor.js:356:43)
    at C:\repos\markbind\markbind\packages\core\src\preprocessors\componentPreprocessor.js:356:52
    at Array.map (<anonymous>)
    at preProcessComponent (C:\repos\markbind\markbind\packages\core\src\preprocessors\componentPreprocessor.js:356:43)
    at C:\repos\markbind\markbind\packages\core\src\preprocessors\componentPreprocessor.js:298:50
    at Array.map (<anonymous>)
    at _preprocessInclude (C:\repos\markbind\markbind\packages\core\src\preprocessors\componentPreprocessor.js:298:41)
    at preProcessComponent (C:\repos\markbind\markbind\packages\core\src\preprocessors\componentPreprocessor.js:349:12)
    at C:\repos\markbind\markbind\packages\core\src\preprocessors\componentPreprocessor.js:356:52
2020-07-20T12:52:04.752Z - info: Pages rebuilt
2020-07-20T12:52:04.752Z - info: Website regeneration complete! Total build time: 0.607s
2020-07-20T12:52:04.765Z - info: Site data built
2020-07-20T12:52:22.769Z - info: [8:52:22 PM] Reload for file change: C:\repos\nus-cs2103-AY2021S1\cs2103-website\admin\index-tic2002.mbdf
2020-07-20T12:52:23.802Z - info: Rebuilding 1 pages
2020-07-20T12:52:23.919Z - error:  Error: No such segment 'prof-email' in file: C:\repos\nus-cs2103-AY2021S1\cs2103-website\admin\index-tic2002.mbdf
Missing reference in C:\repos\nus-cs2103-AY2021S1\cs2103-website\admin\index-tic2002.mbdf
    at _preprocessInclude (C:\repos\markbind\markbind\packages\core\src\preprocessors\componentPreprocessor.js:264:21)
    at preProcessComponent (C:\repos\markbind\markbind\packages\core\src\preprocessors\componentPreprocessor.js:349:12)
    at C:\repos\markbind\markbind\packages\core\src\preprocessors\componentPreprocessor.js:356:52
    at Array.map (<anonymous>)
    at preProcessComponent (C:\repos\markbind\markbind\packages\core\src\preprocessors\componentPreprocessor.js:356:43)
    at C:\repos\markbind\markbind\packages\core\src\preprocessors\componentPreprocessor.js:356:52
    at Array.map (<anonymous>)
    at preProcessComponent (C:\repos\markbind\markbind\packages\core\src\preprocessors\componentPreprocessor.js:356:43)
    at C:\repos\markbind\markbind\packages\core\src\preprocessors\componentPreprocessor.js:356:52
    at Array.map (<anonymous>)
    at preProcessComponent (C:\repos\markbind\markbind\packages\core\src\preprocessors\componentPreprocessor.js:356:43)
    at C:\repos\markbind\markbind\packages\core\src\preprocessors\componentPreprocessor.js:298:50
    at Array.map (<anonymous>)
    at _preprocessInclude (C:\repos\markbind\markbind\packages\core\src\preprocessors\componentPreprocessor.js:298:41)
    at preProcessComponent (C:\repos\markbind\markbind\packages\core\src\preprocessors\componentPreprocessor.js:349:12)
    at C:\repos\markbind\markbind\packages\core\src\preprocessors\componentPreprocessor.js:356:52
2020-07-20T12:52:24.560Z - info: Pages rebuilt
2020-07-20T12:52:24.561Z - info: Website regeneration complete! Total build time: 0.764s
2020-07-20T12:52:24.571Z - info: Site data built
2020-07-20T12:53:14.951Z - info: [8:53:14 PM] Reload for file change: C:\repos\nus-cs2103-AY2021S1\cs2103-website\admin\index-tic2002.mbdf
2020-07-20T12:53:15.963Z - info: Rebuilding 1 pages
2020-07-20T12:53:16.079Z - error:  Error: No such segment 'prof-email' in file: C:\repos\nus-cs2103-AY2021S1\cs2103-website\admin\index-tic2002.mbdf
Missing reference in C:\repos\nus-cs2103-AY2021S1\cs2103-website\admin\index-tic2002.mbdf
    at _preprocessInclude (C:\repos\markbind\markbind\packages\core\src\preprocessors\componentPreprocessor.js:264:21)
    at preProcessComponent (C:\repos\markbind\markbind\packages\core\src\preprocessors\componentPreprocessor.js:349:12)
    at C:\repos\markbind\markbind\packages\core\src\preprocessors\componentPreprocessor.js:356:52
    at Array.map (<anonymous>)
    at preProcessComponent (C:\repos\markbind\markbind\packages\core\src\preprocessors\componentPreprocessor.js:356:43)
    at C:\repos\markbind\markbind\packages\core\src\preprocessors\componentPreprocessor.js:356:52
    at Array.map (<anonymous>)
    at preProcessComponent (C:\repos\markbind\markbind\packages\core\src\preprocessors\componentPreprocessor.js:356:43)
    at C:\repos\markbind\markbind\packages\core\src\preprocessors\componentPreprocessor.js:356:52
    at Array.map (<anonymous>)
    at preProcessComponent (C:\repos\markbind\markbind\packages\core\src\preprocessors\componentPreprocessor.js:356:43)
    at C:\repos\markbind\markbind\packages\core\src\preprocessors\componentPreprocessor.js:298:50
    at Array.map (<anonymous>)
    at _preprocessInclude (C:\repos\markbind\markbind\packages\core\src\preprocessors\componentPreprocessor.js:298:41)
    at preProcessComponent (C:\repos\markbind\markbind\packages\core\src\preprocessors\componentPreprocessor.js:349:12)
    at C:\repos\markbind\markbind\packages\core\src\preprocessors\componentPreprocessor.js:356:52
2020-07-20T12:53:16.696Z - info: Pages rebuilt
2020-07-20T12:53:16.696Z - info: Website regeneration complete! Total build time: 0.74s
2020-07-20T12:53:16.704Z - info: Site data built
2020-07-20T12:54:22.300Z - info: [8:54:22 PM] Reload for file change: C:\repos\nus-cs2103-AY2021S1\cs2103-website\admin\index-tic2002.mbdf
2020-07-20T12:54:23.322Z - info: Rebuilding 1 pages
2020-07-20T12:54:23.453Z - error:  Error: No such segment 'prof-email' in file: C:\repos\nus-cs2103-AY2021S1\cs2103-website\admin\index-tic2002.mbdf
Missing reference in C:\repos\nus-cs2103-AY2021S1\cs2103-website\admin\index-tic2002.mbdf
    at _preprocessInclude (C:\repos\markbind\markbind\packages\core\src\preprocessors\componentPreprocessor.js:264:21)
    at preProcessComponent (C:\repos\markbind\markbind\packages\core\src\preprocessors\componentPreprocessor.js:349:12)
    at C:\repos\markbind\markbind\packages\core\src\preprocessors\componentPreprocessor.js:356:52
    at Array.map (<anonymous>)
    at preProcessComponent (C:\repos\markbind\markbind\packages\core\src\preprocessors\componentPreprocessor.js:356:43)
    at C:\repos\markbind\markbind\packages\core\src\preprocessors\componentPreprocessor.js:356:52
    at Array.map (<anonymous>)
    at preProcessComponent (C:\repos\markbind\markbind\packages\core\src\preprocessors\componentPreprocessor.js:356:43)
    at C:\repos\markbind\markbind\packages\core\src\preprocessors\componentPreprocessor.js:356:52
    at Array.map (<anonymous>)
    at preProcessComponent (C:\repos\markbind\markbind\packages\core\src\preprocessors\componentPreprocessor.js:356:43)
    at C:\repos\markbind\markbind\packages\core\src\preprocessors\componentPreprocessor.js:298:50
    at Array.map (<anonymous>)
    at _preprocessInclude (C:\repos\markbind\markbind\packages\core\src\preprocessors\componentPreprocessor.js:298:41)
    at preProcessComponent (C:\repos\markbind\markbind\packages\core\src\preprocessors\componentPreprocessor.js:349:12)
    at C:\repos\markbind\markbind\packages\core\src\preprocessors\componentPreprocessor.js:356:52
2020-07-20T12:54:24.134Z - info: Pages rebuilt
2020-07-20T12:54:24.134Z - info: Website regeneration complete! Total build time: 0.814s
2020-07-20T12:54:24.143Z - info: Site data built
2020-07-20T12:55:44.814Z - info: [8:55:44 PM] Reload for file change: C:\repos\nus-cs2103-AY2021S1\cs2103-website\admin\index-tic2002.mbdf
2020-07-20T12:55:45.838Z - info: Rebuilding 1 pages
2020-07-20T12:55:45.928Z - error:  Error: No such segment 'prof-email' in file: C:\repos\nus-cs2103-AY2021S1\cs2103-website\admin\index-tic2002.mbdf
Missing reference in C:\repos\nus-cs2103-AY2021S1\cs2103-website\admin\index-tic2002.mbdf
    at _preprocessInclude (C:\repos\markbind\markbind\packages\core\src\preprocessors\componentPreprocessor.js:264:21)
    at preProcessComponent (C:\repos\markbind\markbind\packages\core\src\preprocessors\componentPreprocessor.js:349:12)
    at C:\repos\markbind\markbind\packages\core\src\preprocessors\componentPreprocessor.js:356:52
    at Array.map (<anonymous>)
    at preProcessComponent (C:\repos\markbind\markbind\packages\core\src\preprocessors\componentPreprocessor.js:356:43)
    at C:\repos\markbind\markbind\packages\core\src\preprocessors\componentPreprocessor.js:356:52
    at Array.map (<anonymous>)
    at preProcessComponent (C:\repos\markbind\markbind\packages\core\src\preprocessors\componentPreprocessor.js:356:43)
    at C:\repos\markbind\markbind\packages\core\src\preprocessors\componentPreprocessor.js:356:52
    at Array.map (<anonymous>)
    at preProcessComponent (C:\repos\markbind\markbind\packages\core\src\preprocessors\componentPreprocessor.js:356:43)
    at C:\repos\markbind\markbind\packages\core\src\preprocessors\componentPreprocessor.js:298:50
    at Array.map (<anonymous>)
    at _preprocessInclude (C:\repos\markbind\markbind\packages\core\src\preprocessors\componentPreprocessor.js:298:41)
    at preProcessComponent (C:\repos\markbind\markbind\packages\core\src\preprocessors\componentPreprocessor.js:349:12)
    at C:\repos\markbind\markbind\packages\core\src\preprocessors\componentPreprocessor.js:356:52
2020-07-20T12:55:46.442Z - info: Pages rebuilt
2020-07-20T12:55:46.443Z - info: Website regeneration complete! Total build time: 0.612s
2020-07-20T12:55:46.452Z - info: Site data built
2020-07-20T12:56:31.816Z - info: [8:56:31 PM] Reload for file change: C:\repos\nus-cs2103-AY2021S1\cs2103-website\admin\index-tic2002.mbdf
2020-07-20T12:56:32.848Z - info: Rebuilding 1 pages
2020-07-20T12:56:33.020Z - error:  Error: No such segment 'prof-email' in file: C:\repos\nus-cs2103-AY2021S1\cs2103-website\admin\index-tic2002.mbdf
Missing reference in C:\repos\nus-cs2103-AY2021S1\cs2103-website\admin\index-tic2002.mbdf
    at _preprocessInclude (C:\repos\markbind\markbind\packages\core\src\preprocessors\componentPreprocessor.js:264:21)
    at preProcessComponent (C:\repos\markbind\markbind\packages\core\src\preprocessors\componentPreprocessor.js:349:12)
    at C:\repos\markbind\markbind\packages\core\src\preprocessors\componentPreprocessor.js:356:52
    at Array.map (<anonymous>)
    at preProcessComponent (C:\repos\markbind\markbind\packages\core\src\preprocessors\componentPreprocessor.js:356:43)
    at C:\repos\markbind\markbind\packages\core\src\preprocessors\componentPreprocessor.js:356:52
    at Array.map (<anonymous>)
    at preProcessComponent (C:\repos\markbind\markbind\packages\core\src\preprocessors\componentPreprocessor.js:356:43)
    at C:\repos\markbind\markbind\packages\core\src\preprocessors\componentPreprocessor.js:356:52
    at Array.map (<anonymous>)
    at preProcessComponent (C:\repos\markbind\markbind\packages\core\src\preprocessors\componentPreprocessor.js:356:43)
    at C:\repos\markbind\markbind\packages\core\src\preprocessors\componentPreprocessor.js:298:50
    at Array.map (<anonymous>)
    at _preprocessInclude (C:\repos\markbind\markbind\packages\core\src\preprocessors\componentPreprocessor.js:298:41)
    at preProcessComponent (C:\repos\markbind\markbind\packages\core\src\preprocessors\componentPreprocessor.js:349:12)
    at C:\repos\markbind\markbind\packages\core\src\preprocessors\componentPreprocessor.js:356:52
2020-07-20T12:56:33.722Z - info: Pages rebuilt
2020-07-20T12:56:33.722Z - info: Website regeneration complete! Total build time: 0.878s
2020-07-20T12:56:33.732Z - info: Site data built
2020-07-20T12:58:19.088Z - info: [8:58:19 PM] Reload for file change: C:\repos\nus-cs2103-AY2021S1\cs2103-website\admin\index-tic2002.mbdf
2020-07-20T12:58:20.099Z - info: Rebuilding 1 pages
2020-07-20T12:58:20.227Z - error:  Error: No such segment 'prof-email' in file: C:\repos\nus-cs2103-AY2021S1\cs2103-website\admin\index-tic2002.mbdf
Missing reference in C:\repos\nus-cs2103-AY2021S1\cs2103-website\admin\index-tic2002.mbdf
    at _preprocessInclude (C:\repos\markbind\markbind\packages\core\src\preprocessors\componentPreprocessor.js:264:21)
    at preProcessComponent (C:\repos\markbind\markbind\packages\core\src\preprocessors\componentPreprocessor.js:349:12)
    at C:\repos\markbind\markbind\packages\core\src\preprocessors\componentPreprocessor.js:356:52
    at Array.map (<anonymous>)
    at preProcessComponent (C:\repos\markbind\markbind\packages\core\src\preprocessors\componentPreprocessor.js:356:43)
    at C:\repos\markbind\markbind\packages\core\src\preprocessors\componentPreprocessor.js:356:52
    at Array.map (<anonymous>)
    at preProcessComponent (C:\repos\markbind\markbind\packages\core\src\preprocessors\componentPreprocessor.js:356:43)
    at C:\repos\markbind\markbind\packages\core\src\preprocessors\componentPreprocessor.js:356:52
    at Array.map (<anonymous>)
    at preProcessComponent (C:\repos\markbind\markbind\packages\core\src\preprocessors\componentPreprocessor.js:356:43)
    at C:\repos\markbind\markbind\packages\core\src\preprocessors\componentPreprocessor.js:298:50
    at Array.map (<anonymous>)
    at _preprocessInclude (C:\repos\markbind\markbind\packages\core\src\preprocessors\componentPreprocessor.js:298:41)
    at preProcessComponent (C:\repos\markbind\markbind\packages\core\src\preprocessors\componentPreprocessor.js:349:12)
    at C:\repos\markbind\markbind\packages\core\src\preprocessors\componentPreprocessor.js:356:52
2020-07-20T12:58:20.738Z - info: Pages rebuilt
2020-07-20T12:58:20.738Z - info: Website regeneration complete! Total build time: 0.643s
2020-07-20T12:58:20.748Z - info: Site data built
2020-07-20T13:00:27.650Z - info: [9:00:27 PM] Reload for file change: C:\repos\nus-cs2103-AY2021S1\cs2103-website\admin\index-tic2002.mbdf
2020-07-20T13:00:28.653Z - info: Rebuilding 1 pages
2020-07-20T13:00:28.757Z - error:  Error: No such segment 'prof-email' in file: C:\repos\nus-cs2103-AY2021S1\cs2103-website\admin\index-tic2002.mbdf
Missing reference in C:\repos\nus-cs2103-AY2021S1\cs2103-website\admin\index-tic2002.mbdf
    at _preprocessInclude (C:\repos\markbind\markbind\packages\core\src\preprocessors\componentPreprocessor.js:264:21)
    at preProcessComponent (C:\repos\markbind\markbind\packages\core\src\preprocessors\componentPreprocessor.js:349:12)
    at C:\repos\markbind\markbind\packages\core\src\preprocessors\componentPreprocessor.js:356:52
    at Array.map (<anonymous>)
    at preProcessComponent (C:\repos\markbind\markbind\packages\core\src\preprocessors\componentPreprocessor.js:356:43)
    at C:\repos\markbind\markbind\packages\core\src\preprocessors\componentPreprocessor.js:356:52
    at Array.map (<anonymous>)
    at preProcessComponent (C:\repos\markbind\markbind\packages\core\src\preprocessors\componentPreprocessor.js:356:43)
    at C:\repos\markbind\markbind\packages\core\src\preprocessors\componentPreprocessor.js:356:52
    at Array.map (<anonymous>)
    at preProcessComponent (C:\repos\markbind\markbind\packages\core\src\preprocessors\componentPreprocessor.js:356:43)
    at C:\repos\markbind\markbind\packages\core\src\preprocessors\componentPreprocessor.js:298:50
    at Array.map (<anonymous>)
    at _preprocessInclude (C:\repos\markbind\markbind\packages\core\src\preprocessors\componentPreprocessor.js:298:41)
    at preProcessComponent (C:\repos\markbind\markbind\packages\core\src\preprocessors\componentPreprocessor.js:349:12)
    at C:\repos\markbind\markbind\packages\core\src\preprocessors\componentPreprocessor.js:356:52
2020-07-20T13:00:29.400Z - info: Pages rebuilt
2020-07-20T13:00:29.401Z - info: Website regeneration complete! Total build time: 0.749s
2020-07-20T13:00:29.409Z - info: Site data built
2020-07-20T13:02:46.756Z - info: [9:02:46 PM] Reload for file change: C:\repos\nus-cs2103-AY2021S1\cs2103-website\admin\index-tic2002.mbdf
2020-07-20T13:02:47.769Z - info: Rebuilding 1 pages
2020-07-20T13:02:47.921Z - error:  Error: No such segment 'prof-email' in file: C:\repos\nus-cs2103-AY2021S1\cs2103-website\admin\index-tic2002.mbdf
Missing reference in C:\repos\nus-cs2103-AY2021S1\cs2103-website\admin\index-tic2002.mbdf
    at _preprocessInclude (C:\repos\markbind\markbind\packages\core\src\preprocessors\componentPreprocessor.js:264:21)
    at preProcessComponent (C:\repos\markbind\markbind\packages\core\src\preprocessors\componentPreprocessor.js:349:12)
    at C:\repos\markbind\markbind\packages\core\src\preprocessors\componentPreprocessor.js:356:52
    at Array.map (<anonymous>)
    at preProcessComponent (C:\repos\markbind\markbind\packages\core\src\preprocessors\componentPreprocessor.js:356:43)
    at C:\repos\markbind\markbind\packages\core\src\preprocessors\componentPreprocessor.js:356:52
    at Array.map (<anonymous>)
    at preProcessComponent (C:\repos\markbind\markbind\packages\core\src\preprocessors\componentPreprocessor.js:356:43)
    at C:\repos\markbind\markbind\packages\core\src\preprocessors\componentPreprocessor.js:356:52
    at Array.map (<anonymous>)
    at preProcessComponent (C:\repos\markbind\markbind\packages\core\src\preprocessors\componentPreprocessor.js:356:43)
    at C:\repos\markbind\markbind\packages\core\src\preprocessors\componentPreprocessor.js:298:50
    at Array.map (<anonymous>)
    at _preprocessInclude (C:\repos\markbind\markbind\packages\core\src\preprocessors\componentPreprocessor.js:298:41)
    at preProcessComponent (C:\repos\markbind\markbind\packages\core\src\preprocessors\componentPreprocessor.js:349:12)
    at C:\repos\markbind\markbind\packages\core\src\preprocessors\componentPreprocessor.js:356:52
2020-07-20T13:02:48.412Z - info: Pages rebuilt
2020-07-20T13:02:48.412Z - info: Website regeneration complete! Total build time: 0.646s
2020-07-20T13:02:48.422Z - info: Site data built
2020-07-20T13:03:18.580Z - info: [9:03:18 PM] Reload for file change: C:\repos\nus-cs2103-AY2021S1\cs2103-website\admin\index-tic2002.mbdf
2020-07-20T13:03:19.590Z - info: Rebuilding 1 pages
2020-07-20T13:03:19.720Z - error:  Error: No such segment 'prof-email' in file: C:\repos\nus-cs2103-AY2021S1\cs2103-website\admin\index-tic2002.mbdf
Missing reference in C:\repos\nus-cs2103-AY2021S1\cs2103-website\admin\index-tic2002.mbdf
    at _preprocessInclude (C:\repos\markbind\markbind\packages\core\src\preprocessors\componentPreprocessor.js:264:21)
    at preProcessComponent (C:\repos\markbind\markbind\packages\core\src\preprocessors\componentPreprocessor.js:349:12)
    at C:\repos\markbind\markbind\packages\core\src\preprocessors\componentPreprocessor.js:356:52
    at Array.map (<anonymous>)
    at preProcessComponent (C:\repos\markbind\markbind\packages\core\src\preprocessors\componentPreprocessor.js:356:43)
    at C:\repos\markbind\markbind\packages\core\src\preprocessors\componentPreprocessor.js:356:52
    at Array.map (<anonymous>)
    at preProcessComponent (C:\repos\markbind\markbind\packages\core\src\preprocessors\componentPreprocessor.js:356:43)
    at C:\repos\markbind\markbind\packages\core\src\preprocessors\componentPreprocessor.js:356:52
    at Array.map (<anonymous>)
    at preProcessComponent (C:\repos\markbind\markbind\packages\core\src\preprocessors\componentPreprocessor.js:356:43)
    at C:\repos\markbind\markbind\packages\core\src\preprocessors\componentPreprocessor.js:298:50
    at Array.map (<anonymous>)
    at _preprocessInclude (C:\repos\markbind\markbind\packages\core\src\preprocessors\componentPreprocessor.js:298:41)
    at preProcessComponent (C:\repos\markbind\markbind\packages\core\src\preprocessors\componentPreprocessor.js:349:12)
    at C:\repos\markbind\markbind\packages\core\src\preprocessors\componentPreprocessor.js:356:52
2020-07-20T13:03:20.407Z - info: Pages rebuilt
2020-07-20T13:03:20.408Z - info: Website regeneration complete! Total build time: 0.821s
2020-07-20T13:03:20.418Z - info: Site data built
2020-07-20T13:04:58.229Z - info: [9:04:58 PM] Reload for file change: C:\repos\nus-cs2103-AY2021S1\cs2103-website\admin\index-tic2002.mbdf
2020-07-20T13:04:59.233Z - info: Rebuilding 1 pages
2020-07-20T13:04:59.247Z - error:  Template render error: (unknown path) [Line 25, Column 3]
  parseAggregate: expected colon after dict key
Error while preprocessing 'C:\repos\nus-cs2103-AY2021S1\cs2103-website\index.md'
    at Object._prettifyError (C:\repos\markbind\markbind\node_modules\nunjucks\src\lib.js:36:11)
    at Template.render (C:\repos\markbind\markbind\node_modules\nunjucks\src\environment.js:536:21)
    at Environment.renderString (C:\repos\markbind\markbind\node_modules\nunjucks\src\environment.js:378:17)
    at Object.renderRaw (C:\repos\markbind\markbind\packages\core\src\utils\nunjuckUtils.js:8:25)
    at VariablePreprocessor.renderSiteVariables (C:\repos\markbind\markbind\packages\core\src\preprocessors\VariablePreprocessor.js:132:19)
    at VariablePreprocessor.renderIncludeFile (C:\repos\markbind\markbind\packages\core\src\preprocessors\VariablePreprocessor.js:371:34)
    at _preprocessInclude (C:\repos\markbind\markbind\packages\core\src\preprocessors\componentPreprocessor.js:242:28)
    at preProcessComponent (C:\repos\markbind\markbind\packages\core\src\preprocessors\componentPreprocessor.js:349:12)
    at C:\repos\markbind\markbind\packages\core\src\preprocessors\componentPreprocessor.js:356:52
    at Array.map (<anonymous>)
    at preProcessComponent (C:\repos\markbind\markbind\packages\core\src\preprocessors\componentPreprocessor.js:356:43)
    at C:\repos\markbind\markbind\packages\core\src\preprocessors\componentPreprocessor.js:298:50
    at Array.map (<anonymous>)
    at _preprocessInclude (C:\repos\markbind\markbind\packages\core\src\preprocessors\componentPreprocessor.js:298:41)
    at preProcessComponent (C:\repos\markbind\markbind\packages\core\src\preprocessors\componentPreprocessor.js:349:12)
    at C:\repos\markbind\markbind\packages\core\src\preprocessors\componentPreprocessor.js:356:52
2020-07-20T13:04:59.269Z - info: Pages rebuilt
2020-07-20T13:04:59.269Z - info: Website regeneration complete! Total build time: 0.037s
2020-07-20T13:04:59.272Z - info: Site data built
2020-07-20T13:05:08.244Z - info: [9:05:08 PM] Reload for file change: C:\repos\nus-cs2103-AY2021S1\cs2103-website\admin\index-tic2002.mbdf
2020-07-20T13:05:09.253Z - info: Rebuilding 1 pages
2020-07-20T13:05:09.379Z - error:  Error: No such segment 'prof-email' in file: C:\repos\nus-cs2103-AY2021S1\cs2103-website\admin\index-tic2002.mbdf
Missing reference in C:\repos\nus-cs2103-AY2021S1\cs2103-website\admin\index-tic2002.mbdf
    at _preprocessInclude (C:\repos\markbind\markbind\packages\core\src\preprocessors\componentPreprocessor.js:264:21)
    at preProcessComponent (C:\repos\markbind\markbind\packages\core\src\preprocessors\componentPreprocessor.js:349:12)
    at C:\repos\markbind\markbind\packages\core\src\preprocessors\componentPreprocessor.js:356:52
    at Array.map (<anonymous>)
    at preProcessComponent (C:\repos\markbind\markbind\packages\core\src\preprocessors\componentPreprocessor.js:356:43)
    at C:\repos\markbind\markbind\packages\core\src\preprocessors\componentPreprocessor.js:356:52
    at Array.map (<anonymous>)
    at preProcessComponent (C:\repos\markbind\markbind\packages\core\src\preprocessors\componentPreprocessor.js:356:43)
    at C:\repos\markbind\markbind\packages\core\src\preprocessors\componentPreprocessor.js:356:52
    at Array.map (<anonymous>)
    at preProcessComponent (C:\repos\markbind\markbind\packages\core\src\preprocessors\componentPreprocessor.js:356:43)
    at C:\repos\markbind\markbind\packages\core\src\preprocessors\componentPreprocessor.js:298:50
    at Array.map (<anonymous>)
    at _preprocessInclude (C:\repos\markbind\markbind\packages\core\src\preprocessors\componentPreprocessor.js:298:41)
    at preProcessComponent (C:\repos\markbind\markbind\packages\core\src\preprocessors\componentPreprocessor.js:349:12)
    at C:\repos\markbind\markbind\packages\core\src\preprocessors\componentPreprocessor.js:356:52
2020-07-20T13:05:09.915Z - info: Pages rebuilt
2020-07-20T13:05:09.915Z - info: Website regeneration complete! Total build time: 0.667s
2020-07-20T13:05:09.926Z - info: Site data built
2020-07-20T13:06:26.140Z - info: [9:06:26 PM] Reload for file change: C:\repos\nus-cs2103-AY2021S1\cs2103-website\admin\index-tic2002.mbdf
2020-07-20T13:06:27.158Z - info: Rebuilding 1 pages
2020-07-20T13:06:27.259Z - error:  Error: No such segment 'prof-email' in file: C:\repos\nus-cs2103-AY2021S1\cs2103-website\admin\index-tic2002.mbdf
Missing reference in C:\repos\nus-cs2103-AY2021S1\cs2103-website\admin\index-tic2002.mbdf
    at _preprocessInclude (C:\repos\markbind\markbind\packages\core\src\preprocessors\componentPreprocessor.js:264:21)
    at preProcessComponent (C:\repos\markbind\markbind\packages\core\src\preprocessors\componentPreprocessor.js:349:12)
    at C:\repos\markbind\markbind\packages\core\src\preprocessors\componentPreprocessor.js:356:52
    at Array.map (<anonymous>)
    at preProcessComponent (C:\repos\markbind\markbind\packages\core\src\preprocessors\componentPreprocessor.js:356:43)
    at C:\repos\markbind\markbind\packages\core\src\preprocessors\componentPreprocessor.js:356:52
    at Array.map (<anonymous>)
    at preProcessComponent (C:\repos\markbind\markbind\packages\core\src\preprocessors\componentPreprocessor.js:356:43)
    at C:\repos\markbind\markbind\packages\core\src\preprocessors\componentPreprocessor.js:356:52
    at Array.map (<anonymous>)
    at preProcessComponent (C:\repos\markbind\markbind\packages\core\src\preprocessors\componentPreprocessor.js:356:43)
    at C:\repos\markbind\markbind\packages\core\src\preprocessors\componentPreprocessor.js:298:50
    at Array.map (<anonymous>)
    at _preprocessInclude (C:\repos\markbind\markbind\packages\core\src\preprocessors\componentPreprocessor.js:298:41)
    at preProcessComponent (C:\repos\markbind\markbind\packages\core\src\preprocessors\componentPreprocessor.js:349:12)
    at C:\repos\markbind\markbind\packages\core\src\preprocessors\componentPreprocessor.js:356:52
2020-07-20T13:06:27.874Z - info: Pages rebuilt
2020-07-20T13:06:27.875Z - info: Website regeneration complete! Total build time: 0.719s
2020-07-20T13:06:27.882Z - info: Site data built
2020-07-20T13:07:44.076Z - info: [9:07:44 PM] Reload for file change: C:\repos\nus-cs2103-AY2021S1\cs2103-website\admin\index-tic2002.mbdf
2020-07-20T13:07:45.086Z - info: Rebuilding 1 pages
2020-07-20T13:07:45.214Z - error:  Error: No such segment 'prof-email' in file: C:\repos\nus-cs2103-AY2021S1\cs2103-website\admin\index-tic2002.mbdf
Missing reference in C:\repos\nus-cs2103-AY2021S1\cs2103-website\admin\index-tic2002.mbdf
    at _preprocessInclude (C:\repos\markbind\markbind\packages\core\src\preprocessors\componentPreprocessor.js:264:21)
    at preProcessComponent (C:\repos\markbind\markbind\packages\core\src\preprocessors\componentPreprocessor.js:349:12)
    at C:\repos\markbind\markbind\packages\core\src\preprocessors\componentPreprocessor.js:356:52
    at Array.map (<anonymous>)
    at preProcessComponent (C:\repos\markbind\markbind\packages\core\src\preprocessors\componentPreprocessor.js:356:43)
    at C:\repos\markbind\markbind\packages\core\src\preprocessors\componentPreprocessor.js:356:52
    at Array.map (<anonymous>)
    at preProcessComponent (C:\repos\markbind\markbind\packages\core\src\preprocessors\componentPreprocessor.js:356:43)
    at C:\repos\markbind\markbind\packages\core\src\preprocessors\componentPreprocessor.js:356:52
    at Array.map (<anonymous>)
    at preProcessComponent (C:\repos\markbind\markbind\packages\core\src\preprocessors\componentPreprocessor.js:356:43)
    at C:\repos\markbind\markbind\packages\core\src\preprocessors\componentPreprocessor.js:298:50
    at Array.map (<anonymous>)
    at _preprocessInclude (C:\repos\markbind\markbind\packages\core\src\preprocessors\componentPreprocessor.js:298:41)
    at preProcessComponent (C:\repos\markbind\markbind\packages\core\src\preprocessors\componentPreprocessor.js:349:12)
    at C:\repos\markbind\markbind\packages\core\src\preprocessors\componentPreprocessor.js:356:52
2020-07-20T13:07:45.787Z - info: Pages rebuilt
2020-07-20T13:07:45.788Z - info: Website regeneration complete! Total build time: 0.706s
2020-07-20T13:07:45.799Z - info: Site data built
2020-07-20T13:08:09.749Z - info: [9:08:09 PM] Reload for file change: C:\repos\nus-cs2103-AY2021S1\cs2103-website\admin\index-tic2002.mbdf
2020-07-20T13:08:10.753Z - info: Rebuilding 1 pages
2020-07-20T13:08:10.906Z - error:  Error: No such segment 'prof-email' in file: C:\repos\nus-cs2103-AY2021S1\cs2103-website\admin\index-tic2002.mbdf
Missing reference in C:\repos\nus-cs2103-AY2021S1\cs2103-website\admin\index-tic2002.mbdf
    at _preprocessInclude (C:\repos\markbind\markbind\packages\core\src\preprocessors\componentPreprocessor.js:264:21)
    at preProcessComponent (C:\repos\markbind\markbind\packages\core\src\preprocessors\componentPreprocessor.js:349:12)
    at C:\repos\markbind\markbind\packages\core\src\preprocessors\componentPreprocessor.js:356:52
    at Array.map (<anonymous>)
    at preProcessComponent (C:\repos\markbind\markbind\packages\core\src\preprocessors\componentPreprocessor.js:356:43)
    at C:\repos\markbind\markbind\packages\core\src\preprocessors\componentPreprocessor.js:356:52
    at Array.map (<anonymous>)
    at preProcessComponent (C:\repos\markbind\markbind\packages\core\src\preprocessors\componentPreprocessor.js:356:43)
    at C:\repos\markbind\markbind\packages\core\src\preprocessors\componentPreprocessor.js:356:52
    at Array.map (<anonymous>)
    at preProcessComponent (C:\repos\markbind\markbind\packages\core\src\preprocessors\componentPreprocessor.js:356:43)
    at C:\repos\markbind\markbind\packages\core\src\preprocessors\componentPreprocessor.js:298:50
    at Array.map (<anonymous>)
    at _preprocessInclude (C:\repos\markbind\markbind\packages\core\src\preprocessors\componentPreprocessor.js:298:41)
    at preProcessComponent (C:\repos\markbind\markbind\packages\core\src\preprocessors\componentPreprocessor.js:349:12)
    at C:\repos\markbind\markbind\packages\core\src\preprocessors\componentPreprocessor.js:356:52
2020-07-20T13:08:11.640Z - info: Pages rebuilt
2020-07-20T13:08:11.640Z - info: Website regeneration complete! Total build time: 0.889s
2020-07-20T13:08:11.671Z - info: Site data built
2020-07-20T13:08:36.238Z - info: [9:08:36 PM] Reload for file change: C:\repos\nus-cs2103-AY2021S1\cs2103-website\admin\index-tic2002.mbdf
2020-07-20T13:08:37.244Z - info: Rebuilding 1 pages
2020-07-20T13:08:37.362Z - error:  Error: No such segment 'prof-email' in file: C:\repos\nus-cs2103-AY2021S1\cs2103-website\admin\index-tic2002.mbdf
Missing reference in C:\repos\nus-cs2103-AY2021S1\cs2103-website\admin\index-tic2002.mbdf
    at _preprocessInclude (C:\repos\markbind\markbind\packages\core\src\preprocessors\componentPreprocessor.js:264:21)
    at preProcessComponent (C:\repos\markbind\markbind\packages\core\src\preprocessors\componentPreprocessor.js:349:12)
    at C:\repos\markbind\markbind\packages\core\src\preprocessors\componentPreprocessor.js:356:52
    at Array.map (<anonymous>)
    at preProcessComponent (C:\repos\markbind\markbind\packages\core\src\preprocessors\componentPreprocessor.js:356:43)
    at C:\repos\markbind\markbind\packages\core\src\preprocessors\componentPreprocessor.js:356:52
    at Array.map (<anonymous>)
    at preProcessComponent (C:\repos\markbind\markbind\packages\core\src\preprocessors\componentPreprocessor.js:356:43)
    at C:\repos\markbind\markbind\packages\core\src\preprocessors\componentPreprocessor.js:356:52
    at Array.map (<anonymous>)
    at preProcessComponent (C:\repos\markbind\markbind\packages\core\src\preprocessors\componentPreprocessor.js:356:43)
    at C:\repos\markbind\markbind\packages\core\src\preprocessors\componentPreprocessor.js:298:50
    at Array.map (<anonymous>)
    at _preprocessInclude (C:\repos\markbind\markbind\packages\core\src\preprocessors\componentPreprocessor.js:298:41)
    at preProcessComponent (C:\repos\markbind\markbind\packages\core\src\preprocessors\componentPreprocessor.js:349:12)
    at C:\repos\markbind\markbind\packages\core\src\preprocessors\componentPreprocessor.js:356:52
2020-07-20T13:08:37.868Z - info: Pages rebuilt
2020-07-20T13:08:37.869Z - info: Website regeneration complete! Total build time: 0.629s
2020-07-20T13:08:37.888Z - info: Site data built
2020-07-20T13:08:58.605Z - info: [9:08:58 PM] Reload for file change: C:\repos\nus-cs2103-AY2021S1\cs2103-website\admin\index-tic2002.mbdf
2020-07-20T13:08:59.629Z - info: Rebuilding 1 pages
2020-07-20T13:08:59.780Z - error:  Error: No such segment 'prof-email' in file: C:\repos\nus-cs2103-AY2021S1\cs2103-website\admin\index-tic2002.mbdf
Missing reference in C:\repos\nus-cs2103-AY2021S1\cs2103-website\admin\index-tic2002.mbdf
    at _preprocessInclude (C:\repos\markbind\markbind\packages\core\src\preprocessors\componentPreprocessor.js:264:21)
    at preProcessComponent (C:\repos\markbind\markbind\packages\core\src\preprocessors\componentPreprocessor.js:349:12)
    at C:\repos\markbind\markbind\packages\core\src\preprocessors\componentPreprocessor.js:356:52
    at Array.map (<anonymous>)
    at preProcessComponent (C:\repos\markbind\markbind\packages\core\src\preprocessors\componentPreprocessor.js:356:43)
    at C:\repos\markbind\markbind\packages\core\src\preprocessors\componentPreprocessor.js:356:52
    at Array.map (<anonymous>)
    at preProcessComponent (C:\repos\markbind\markbind\packages\core\src\preprocessors\componentPreprocessor.js:356:43)
    at C:\repos\markbind\markbind\packages\core\src\preprocessors\componentPreprocessor.js:356:52
    at Array.map (<anonymous>)
    at preProcessComponent (C:\repos\markbind\markbind\packages\core\src\preprocessors\componentPreprocessor.js:356:43)
    at C:\repos\markbind\markbind\packages\core\src\preprocessors\componentPreprocessor.js:298:50
    at Array.map (<anonymous>)
    at _preprocessInclude (C:\repos\markbind\markbind\packages\core\src\preprocessors\componentPreprocessor.js:298:41)
    at preProcessComponent (C:\repos\markbind\markbind\packages\core\src\preprocessors\componentPreprocessor.js:349:12)
    at C:\repos\markbind\markbind\packages\core\src\preprocessors\componentPreprocessor.js:356:52
2020-07-20T13:09:00.519Z - info: Pages rebuilt
2020-07-20T13:09:00.519Z - info: Website regeneration complete! Total build time: 0.894s
2020-07-20T13:09:00.535Z - info: Site data built
2020-07-20T13:55:07.617Z - info: [9:55:07 PM] Reload for file change: C:\repos\nus-cs2103-AY2021S1\cs2103-website\admin\index-tic2002.mbdf
2020-07-20T13:55:08.660Z - info: Rebuilding 1 pages
2020-07-20T13:55:08.825Z - error:  Error: No such segment 'prof-email' in file: C:\repos\nus-cs2103-AY2021S1\cs2103-website\admin\index-tic2002.mbdf
Missing reference in C:\repos\nus-cs2103-AY2021S1\cs2103-website\admin\index-tic2002.mbdf
    at _preprocessInclude (C:\repos\markbind\markbind\packages\core\src\preprocessors\componentPreprocessor.js:264:21)
    at preProcessComponent (C:\repos\markbind\markbind\packages\core\src\preprocessors\componentPreprocessor.js:349:12)
    at C:\repos\markbind\markbind\packages\core\src\preprocessors\componentPreprocessor.js:356:52
    at Array.map (<anonymous>)
    at preProcessComponent (C:\repos\markbind\markbind\packages\core\src\preprocessors\componentPreprocessor.js:356:43)
    at C:\repos\markbind\markbind\packages\core\src\preprocessors\componentPreprocessor.js:356:52
    at Array.map (<anonymous>)
    at preProcessComponent (C:\repos\markbind\markbind\packages\core\src\preprocessors\componentPreprocessor.js:356:43)
    at C:\repos\markbind\markbind\packages\core\src\preprocessors\componentPreprocessor.js:356:52
    at Array.map (<anonymous>)
    at preProcessComponent (C:\repos\markbind\markbind\packages\core\src\preprocessors\componentPreprocessor.js:356:43)
    at C:\repos\markbind\markbind\packages\core\src\preprocessors\componentPreprocessor.js:298:50
    at Array.map (<anonymous>)
    at _preprocessInclude (C:\repos\markbind\markbind\packages\core\src\preprocessors\componentPreprocessor.js:298:41)
    at preProcessComponent (C:\repos\markbind\markbind\packages\core\src\preprocessors\componentPreprocessor.js:349:12)
    at C:\repos\markbind\markbind\packages\core\src\preprocessors\componentPreprocessor.js:356:52
2020-07-20T13:55:09.540Z - info: Pages rebuilt
2020-07-20T13:55:09.541Z - info: Website regeneration complete! Total build time: 0.901s
2020-07-20T13:55:09.582Z - info: Site data built
2020-07-20T13:55:44.264Z - info: [9:55:44 PM] Reload for file change: C:\repos\nus-cs2103-AY2021S1\cs2103-website\admin\index-tic2002.mbdf
2020-07-20T13:55:45.274Z - info: Rebuilding 1 pages
2020-07-20T13:55:45.469Z - error:  Error: No such segment 'prof-email' in file: C:\repos\nus-cs2103-AY2021S1\cs2103-website\admin\index-tic2002.mbdf
Missing reference in C:\repos\nus-cs2103-AY2021S1\cs2103-website\admin\index-tic2002.mbdf
    at _preprocessInclude (C:\repos\markbind\markbind\packages\core\src\preprocessors\componentPreprocessor.js:264:21)
    at preProcessComponent (C:\repos\markbind\markbind\packages\core\src\preprocessors\componentPreprocessor.js:349:12)
    at C:\repos\markbind\markbind\packages\core\src\preprocessors\componentPreprocessor.js:356:52
    at Array.map (<anonymous>)
    at preProcessComponent (C:\repos\markbind\markbind\packages\core\src\preprocessors\componentPreprocessor.js:356:43)
    at C:\repos\markbind\markbind\packages\core\src\preprocessors\componentPreprocessor.js:356:52
    at Array.map (<anonymous>)
    at preProcessComponent (C:\repos\markbind\markbind\packages\core\src\preprocessors\componentPreprocessor.js:356:43)
    at C:\repos\markbind\markbind\packages\core\src\preprocessors\componentPreprocessor.js:356:52
    at Array.map (<anonymous>)
    at preProcessComponent (C:\repos\markbind\markbind\packages\core\src\preprocessors\componentPreprocessor.js:356:43)
    at C:\repos\markbind\markbind\packages\core\src\preprocessors\componentPreprocessor.js:298:50
    at Array.map (<anonymous>)
    at _preprocessInclude (C:\repos\markbind\markbind\packages\core\src\preprocessors\componentPreprocessor.js:298:41)
    at preProcessComponent (C:\repos\markbind\markbind\packages\core\src\preprocessors\componentPreprocessor.js:349:12)
    at C:\repos\markbind\markbind\packages\core\src\preprocessors\componentPreprocessor.js:356:52
2020-07-20T13:55:46.156Z - info: Pages rebuilt
2020-07-20T13:55:46.156Z - info: Website regeneration complete! Total build time: 0.885s
2020-07-20T13:55:46.162Z - info: Site data built
2020-07-20T13:56:58.558Z - info: [9:56:58 PM] Reload for file change: C:\repos\nus-cs2103-AY2021S1\cs2103-website\admin\index-tic2002.mbdf
2020-07-20T13:56:59.582Z - info: Rebuilding 1 pages
2020-07-20T13:56:59.785Z - error:  Error: No such segment 'prof-email' in file: C:\repos\nus-cs2103-AY2021S1\cs2103-website\admin\index-tic2002.mbdf
Missing reference in C:\repos\nus-cs2103-AY2021S1\cs2103-website\admin\index-tic2002.mbdf
    at _preprocessInclude (C:\repos\markbind\markbind\packages\core\src\preprocessors\componentPreprocessor.js:264:21)
    at preProcessComponent (C:\repos\markbind\markbind\packages\core\src\preprocessors\componentPreprocessor.js:349:12)
    at C:\repos\markbind\markbind\packages\core\src\preprocessors\componentPreprocessor.js:356:52
    at Array.map (<anonymous>)
    at preProcessComponent (C:\repos\markbind\markbind\packages\core\src\preprocessors\componentPreprocessor.js:356:43)
    at C:\repos\markbind\markbind\packages\core\src\preprocessors\componentPreprocessor.js:356:52
    at Array.map (<anonymous>)
    at preProcessComponent (C:\repos\markbind\markbind\packages\core\src\preprocessors\componentPreprocessor.js:356:43)
    at C:\repos\markbind\markbind\packages\core\src\preprocessors\componentPreprocessor.js:356:52
    at Array.map (<anonymous>)
    at preProcessComponent (C:\repos\markbind\markbind\packages\core\src\preprocessors\componentPreprocessor.js:356:43)
    at C:\repos\markbind\markbind\packages\core\src\preprocessors\componentPreprocessor.js:298:50
    at Array.map (<anonymous>)
    at _preprocessInclude (C:\repos\markbind\markbind\packages\core\src\preprocessors\componentPreprocessor.js:298:41)
    at preProcessComponent (C:\repos\markbind\markbind\packages\core\src\preprocessors\componentPreprocessor.js:349:12)
    at C:\repos\markbind\markbind\packages\core\src\preprocessors\componentPreprocessor.js:356:52
2020-07-20T13:57:00.361Z - info: Pages rebuilt
2020-07-20T13:57:00.361Z - info: Website regeneration complete! Total build time: 0.783s
2020-07-20T13:57:00.365Z - info: Site data built
2020-07-20T14:00:43.243Z - info: [10:00:43 PM] Reload for file change: C:\repos\nus-cs2103-AY2021S1\cs2103-website\admin\index-tic2002.mbdf
2020-07-20T14:00:44.254Z - info: Rebuilding 1 pages
2020-07-20T14:00:44.380Z - error:  Error: No such segment 'prof-email' in file: C:\repos\nus-cs2103-AY2021S1\cs2103-website\admin\index-tic2002.mbdf
Missing reference in C:\repos\nus-cs2103-AY2021S1\cs2103-website\admin\index-tic2002.mbdf
    at _preprocessInclude (C:\repos\markbind\markbind\packages\core\src\preprocessors\componentPreprocessor.js:264:21)
    at preProcessComponent (C:\repos\markbind\markbind\packages\core\src\preprocessors\componentPreprocessor.js:349:12)
    at C:\repos\markbind\markbind\packages\core\src\preprocessors\componentPreprocessor.js:356:52
    at Array.map (<anonymous>)
    at preProcessComponent (C:\repos\markbind\markbind\packages\core\src\preprocessors\componentPreprocessor.js:356:43)
    at C:\repos\markbind\markbind\packages\core\src\preprocessors\componentPreprocessor.js:356:52
    at Array.map (<anonymous>)
    at preProcessComponent (C:\repos\markbind\markbind\packages\core\src\preprocessors\componentPreprocessor.js:356:43)
    at C:\repos\markbind\markbind\packages\core\src\preprocessors\componentPreprocessor.js:356:52
    at Array.map (<anonymous>)
    at preProcessComponent (C:\repos\markbind\markbind\packages\core\src\preprocessors\componentPreprocessor.js:356:43)
    at C:\repos\markbind\markbind\packages\core\src\preprocessors\componentPreprocessor.js:298:50
    at Array.map (<anonymous>)
    at _preprocessInclude (C:\repos\markbind\markbind\packages\core\src\preprocessors\componentPreprocessor.js:298:41)
    at preProcessComponent (C:\repos\markbind\markbind\packages\core\src\preprocessors\componentPreprocessor.js:349:12)
    at C:\repos\markbind\markbind\packages\core\src\preprocessors\componentPreprocessor.js:356:52
2020-07-20T14:00:45.052Z - info: Pages rebuilt
2020-07-20T14:00:45.052Z - info: Website regeneration complete! Total build time: 0.799s
2020-07-20T14:00:45.060Z - info: Site data built
2020-07-20T14:01:06.149Z - info: [10:01:06 PM] Reload for file change: C:\repos\nus-cs2103-AY2021S1\cs2103-website\admin\index-tic2002.mbdf
2020-07-20T14:01:07.184Z - info: Rebuilding 1 pages
2020-07-20T14:01:07.367Z - error:  Error: No such segment 'prof-email' in file: C:\repos\nus-cs2103-AY2021S1\cs2103-website\admin\index-tic2002.mbdf
Missing reference in C:\repos\nus-cs2103-AY2021S1\cs2103-website\admin\index-tic2002.mbdf
    at _preprocessInclude (C:\repos\markbind\markbind\packages\core\src\preprocessors\componentPreprocessor.js:264:21)
    at preProcessComponent (C:\repos\markbind\markbind\packages\core\src\preprocessors\componentPreprocessor.js:349:12)
    at C:\repos\markbind\markbind\packages\core\src\preprocessors\componentPreprocessor.js:356:52
    at Array.map (<anonymous>)
    at preProcessComponent (C:\repos\markbind\markbind\packages\core\src\preprocessors\componentPreprocessor.js:356:43)
    at C:\repos\markbind\markbind\packages\core\src\preprocessors\componentPreprocessor.js:356:52
    at Array.map (<anonymous>)
    at preProcessComponent (C:\repos\markbind\markbind\packages\core\src\preprocessors\componentPreprocessor.js:356:43)
    at C:\repos\markbind\markbind\packages\core\src\preprocessors\componentPreprocessor.js:356:52
    at Array.map (<anonymous>)
    at preProcessComponent (C:\repos\markbind\markbind\packages\core\src\preprocessors\componentPreprocessor.js:356:43)
    at C:\repos\markbind\markbind\packages\core\src\preprocessors\componentPreprocessor.js:298:50
    at Array.map (<anonymous>)
    at _preprocessInclude (C:\repos\markbind\markbind\packages\core\src\preprocessors\componentPreprocessor.js:298:41)
    at preProcessComponent (C:\repos\markbind\markbind\packages\core\src\preprocessors\componentPreprocessor.js:349:12)
    at C:\repos\markbind\markbind\packages\core\src\preprocessors\componentPreprocessor.js:356:52
2020-07-20T14:01:07.906Z - info: Pages rebuilt
2020-07-20T14:01:07.906Z - info: Website regeneration complete! Total build time: 0.727s
2020-07-20T14:01:07.919Z - info: Site data built
2020-07-20T14:03:03.451Z - info: [10:03:03 PM] Reload for file change: C:\repos\nus-cs2103-AY2021S1\cs2103-website\_markbind\variables.md
2020-07-20T14:03:04.638Z - warn: Rebuilding all pages as variables file was changed, or the --force-reload flag was set
2020-07-20T14:03:04.642Z - info: Rebuilding 1 pages
2020-07-20T14:03:04.815Z - error:  Error: No such segment 'prof-email' in file: C:\repos\nus-cs2103-AY2021S1\cs2103-website\admin\index-tic2002.mbdf
Missing reference in C:\repos\nus-cs2103-AY2021S1\cs2103-website\admin\index-tic2002.mbdf
    at _preprocessInclude (C:\repos\markbind\markbind\packages\core\src\preprocessors\componentPreprocessor.js:264:21)
    at preProcessComponent (C:\repos\markbind\markbind\packages\core\src\preprocessors\componentPreprocessor.js:349:12)
    at C:\repos\markbind\markbind\packages\core\src\preprocessors\componentPreprocessor.js:356:52
    at Array.map (<anonymous>)
    at preProcessComponent (C:\repos\markbind\markbind\packages\core\src\preprocessors\componentPreprocessor.js:356:43)
    at C:\repos\markbind\markbind\packages\core\src\preprocessors\componentPreprocessor.js:356:52
    at Array.map (<anonymous>)
    at preProcessComponent (C:\repos\markbind\markbind\packages\core\src\preprocessors\componentPreprocessor.js:356:43)
    at C:\repos\markbind\markbind\packages\core\src\preprocessors\componentPreprocessor.js:356:52
    at Array.map (<anonymous>)
    at preProcessComponent (C:\repos\markbind\markbind\packages\core\src\preprocessors\componentPreprocessor.js:356:43)
    at C:\repos\markbind\markbind\packages\core\src\preprocessors\componentPreprocessor.js:298:50
    at Array.map (<anonymous>)
    at _preprocessInclude (C:\repos\markbind\markbind\packages\core\src\preprocessors\componentPreprocessor.js:298:41)
    at preProcessComponent (C:\repos\markbind\markbind\packages\core\src\preprocessors\componentPreprocessor.js:349:12)
    at C:\repos\markbind\markbind\packages\core\src\preprocessors\componentPreprocessor.js:356:52
2020-07-20T14:03:05.830Z - info: Pages rebuilt
2020-07-20T14:03:05.883Z - info: Website regeneration complete! Total build time: 1.416s
2020-07-20T14:03:05.956Z - info: Site data built
2020-07-20T14:06:30.833Z - info: [10:06:30 PM] Reload for file change: C:\repos\nus-cs2103-AY2021S1\cs2103-website\admin\index-tic2002.mbdf
2020-07-20T14:06:30.877Z - info: [10:06:30 PM] Reload for file change: C:\repos\nus-cs2103-AY2021S1\cs2103-website\_markbind\variables.md
2020-07-20T14:06:32.051Z - warn: Rebuilding all pages as variables file was changed, or the --force-reload flag was set
2020-07-20T14:06:32.056Z - info: Rebuilding 1 pages
2020-07-20T14:06:32.143Z - error:  Error: No such segment 'prof-email' in file: C:\repos\nus-cs2103-AY2021S1\cs2103-website\admin\index-tic2002.mbdf
Missing reference in C:\repos\nus-cs2103-AY2021S1\cs2103-website\admin\index-tic2002.mbdf
    at _preprocessInclude (C:\repos\markbind\markbind\packages\core\src\preprocessors\componentPreprocessor.js:264:21)
    at preProcessComponent (C:\repos\markbind\markbind\packages\core\src\preprocessors\componentPreprocessor.js:349:12)
    at C:\repos\markbind\markbind\packages\core\src\preprocessors\componentPreprocessor.js:356:52
    at Array.map (<anonymous>)
    at preProcessComponent (C:\repos\markbind\markbind\packages\core\src\preprocessors\componentPreprocessor.js:356:43)
    at C:\repos\markbind\markbind\packages\core\src\preprocessors\componentPreprocessor.js:356:52
    at Array.map (<anonymous>)
    at preProcessComponent (C:\repos\markbind\markbind\packages\core\src\preprocessors\componentPreprocessor.js:356:43)
    at C:\repos\markbind\markbind\packages\core\src\preprocessors\componentPreprocessor.js:356:52
    at Array.map (<anonymous>)
    at preProcessComponent (C:\repos\markbind\markbind\packages\core\src\preprocessors\componentPreprocessor.js:356:43)
    at C:\repos\markbind\markbind\packages\core\src\preprocessors\componentPreprocessor.js:298:50
    at Array.map (<anonymous>)
    at _preprocessInclude (C:\repos\markbind\markbind\packages\core\src\preprocessors\componentPreprocessor.js:298:41)
    at preProcessComponent (C:\repos\markbind\markbind\packages\core\src\preprocessors\componentPreprocessor.js:349:12)
    at C:\repos\markbind\markbind\packages\core\src\preprocessors\componentPreprocessor.js:356:52
2020-07-20T14:06:32.798Z - info: Pages rebuilt
2020-07-20T14:06:32.798Z - info: Website regeneration complete! Total build time: 0.952s
2020-07-20T14:06:32.813Z - info: Site data built
2020-07-20T14:16:24.162Z - info: [10:16:24 PM] Reload for file change: C:\repos\nus-cs2103-AY2021S1\cs2103-website\admin\index-tic2002.mbdf
2020-07-20T14:16:25.182Z - info: Rebuilding 1 pages
2020-07-20T14:16:26.066Z - info: Pages rebuilt
2020-07-20T14:16:26.066Z - info: Website regeneration complete! Total build time: 0.89s
2020-07-20T14:16:26.084Z - info: Site data built
2020-07-20T14:17:38.680Z - info: [10:17:38 PM] Reload for file change: C:\repos\nus-cs2103-AY2021S1\cs2103-website\admin\index-tic2002.mbdf
2020-07-20T14:17:39.705Z - info: Rebuilding 1 pages
2020-07-20T14:17:40.544Z - info: Pages rebuilt
2020-07-20T14:17:40.545Z - info: Website regeneration complete! Total build time: 0.849s
2020-07-20T14:17:40.554Z - info: Site data built
2020-07-20T14:18:23.950Z - info: [10:18:23 PM] Reload for file change: C:\repos\nus-cs2103-AY2021S1\cs2103-website\admin\index-tic2002.mbdf
2020-07-20T14:18:24.988Z - info: Rebuilding 1 pages
2020-07-20T14:18:25.875Z - info: Pages rebuilt
2020-07-20T14:18:25.875Z - info: Website regeneration complete! Total build time: 0.889s
2020-07-20T14:18:25.891Z - info: Site data built
2020-07-20T14:19:06.954Z - info: [10:19:06 PM] Reload for file change: C:\repos\nus-cs2103-AY2021S1\cs2103-website\_markbind\variables.md
2020-07-20T14:19:08.087Z - warn: Rebuilding all pages as variables file was changed, or the --force-reload flag was set
2020-07-20T14:19:08.094Z - info: Rebuilding 1 pages
2020-07-20T14:19:08.673Z - info: Pages rebuilt
2020-07-20T14:19:08.673Z - info: Website regeneration complete! Total build time: 0.717s
2020-07-20T14:19:08.706Z - info: Site data built
2020-07-20T14:20:07.447Z - info: [10:20:07 PM] Reload for file change: C:\repos\nus-cs2103-AY2021S1\cs2103-website\admin\index-tic2002.mbdf
2020-07-20T14:20:08.466Z - info: Rebuilding 1 pages
2020-07-20T14:20:09.410Z - info: Pages rebuilt
2020-07-20T14:20:09.411Z - info: Website regeneration complete! Total build time: 0.948s
2020-07-20T14:20:09.421Z - info: Site data built
2020-07-20T14:20:41.593Z - info: [10:20:41 PM] Reload for file change: C:\repos\nus-cs2103-AY2021S1\cs2103-website\admin\index-tic2002.mbdf
2020-07-20T14:20:42.609Z - info: Rebuilding 1 pages
2020-07-20T14:20:43.277Z - info: Pages rebuilt
2020-07-20T14:20:43.277Z - info: Website regeneration complete! Total build time: 0.67s
2020-07-20T14:20:43.296Z - info: Site data built
2020-07-20T14:21:12.961Z - info: [10:21:12 PM] Reload for file change: C:\repos\nus-cs2103-AY2021S1\cs2103-website\admin\index-tic2002.mbdf
2020-07-20T14:21:13.983Z - info: Rebuilding 1 pages
2020-07-20T14:21:14.845Z - info: Pages rebuilt
2020-07-20T14:21:14.845Z - info: Website regeneration complete! Total build time: 0.865s
2020-07-20T14:21:14.858Z - info: Site data built
2020-07-20T14:21:36.883Z - info: [10:21:36 PM] Reload for file change: C:\repos\nus-cs2103-AY2021S1\cs2103-website\_markbind\variables.md
2020-07-20T14:21:38.015Z - warn: Rebuilding all pages as variables file was changed, or the --force-reload flag was set
2020-07-20T14:21:38.021Z - info: Rebuilding 1 pages
2020-07-20T14:21:38.538Z - info: Pages rebuilt
2020-07-20T14:21:38.538Z - info: Website regeneration complete! Total build time: 0.653s
2020-07-20T14:21:38.546Z - info: Site data built
2020-07-20T14:22:30.127Z - info: [10:22:30 PM] Reload for file change: C:\repos\nus-cs2103-AY2021S1\cs2103-website\admin\index-tic2002.mbdf
2020-07-20T14:22:30.166Z - info: [10:22:30 PM] Reload for file change: C:\repos\nus-cs2103-AY2021S1\cs2103-website\_markbind\variables.md
2020-07-20T14:22:31.367Z - warn: Rebuilding all pages as variables file was changed, or the --force-reload flag was set
2020-07-20T14:22:31.372Z - info: Rebuilding 1 pages
2020-07-20T14:22:32.055Z - info: Pages rebuilt
2020-07-20T14:22:32.055Z - info: Website regeneration complete! Total build time: 0.91s
2020-07-20T14:22:32.067Z - info: Site data built
2020-07-20T14:22:46.600Z - info: [10:22:46 PM] Reload for file change: C:\repos\nus-cs2103-AY2021S1\cs2103-website\_markbind\variables.md
2020-07-20T14:22:47.709Z - warn: Rebuilding all pages as variables file was changed, or the --force-reload flag was set
2020-07-20T14:22:47.714Z - info: Rebuilding 1 pages
2020-07-20T14:22:48.237Z - info: Pages rebuilt
2020-07-20T14:22:48.238Z - info: Website regeneration complete! Total build time: 0.624s
2020-07-20T14:22:48.247Z - info: Site data built
2020-07-20T14:23:37.860Z - info: [10:23:37 PM] Reload for file change: C:\repos\nus-cs2103-AY2021S1\cs2103-website\admin\index-tic2002.mbdf
2020-07-20T14:23:38.871Z - info: Rebuilding 1 pages
2020-07-20T14:23:39.650Z - info: Pages rebuilt
2020-07-20T14:23:39.651Z - info: Website regeneration complete! Total build time: 0.782s
2020-07-20T14:23:39.664Z - info: Site data built
2020-07-20T14:25:30.564Z - info: [10:25:30 PM] Reload for file change: C:\repos\nus-cs2103-AY2021S1\cs2103-website\admin\index-tic2002.mbdf
2020-07-20T14:25:31.573Z - info: Rebuilding 1 pages
2020-07-20T14:25:32.301Z - info: Pages rebuilt
2020-07-20T14:25:32.301Z - info: Website regeneration complete! Total build time: 0.729s
2020-07-20T14:25:32.316Z - info: Site data built
2020-07-20T14:25:55.091Z - info: [10:25:55 PM] Reload for file change: C:\repos\nus-cs2103-AY2021S1\cs2103-website\admin\index-tic2002.mbdf
2020-07-20T14:25:56.113Z - info: Rebuilding 1 pages
2020-07-20T14:25:56.995Z - info: Pages rebuilt
2020-07-20T14:25:56.996Z - info: Website regeneration complete! Total build time: 0.886s
2020-07-20T14:25:57.026Z - info: Site data built
2020-07-20T14:26:05.795Z - info: [10:26:05 PM] Reload for file change: C:\repos\nus-cs2103-AY2021S1\cs2103-website\admin\index-tic2002.mbdf
2020-07-20T14:26:06.801Z - info: Rebuilding 1 pages
2020-07-20T14:26:07.488Z - info: Pages rebuilt
2020-07-20T14:26:07.489Z - info: Website regeneration complete! Total build time: 0.69s
2020-07-20T14:26:07.498Z - info: Site data built
2020-07-20T14:27:28.000Z - info: [10:27:27 PM] Reload for file change: C:\repos\nus-cs2103-AY2021S1\cs2103-website\admin\index-te3201.mbdf
2020-07-20T14:27:29.010Z - info: No pages needed to be rebuilt
2020-07-20T14:27:51.243Z - info: [10:27:51 PM] Reload for file change: C:\repos\nus-cs2103-AY2021S1\cs2103-website\admin\exams.md
2020-07-20T14:27:52.255Z - info: Rebuilding 1 pages
2020-07-20T14:27:53.091Z - info: Pages rebuilt
2020-07-20T14:27:53.092Z - info: Website regeneration complete! Total build time: 0.841s
2020-07-20T14:27:53.104Z - info: Site data built
2020-07-20T14:28:06.452Z - info: Building C:\repos\nus-cs2103-AY2021S1\cs2103-website\admin\index as some of its dependencies were changed since the last visit
2020-07-20T14:28:07.636Z - info: Site data built
2020-07-20T14:28:07.637Z - info: Lazy website regeneration complete! Total build time: 1.186s
2020-07-20T14:28:13.397Z - info: Building C:\repos\nus-cs2103-AY2021S1\cs2103-website\se-book-adapted\index as some of its dependencies were changed since the last visit
2020-07-20T14:28:13.768Z - info: Site data built
2020-07-20T14:28:13.768Z - info: Lazy website regeneration complete! Total build time: 0.371s
2020-07-20T14:28:39.657Z - info: Building C:\repos\nus-cs2103-AY2021S1\cs2103-website\schedule\timeline as some of its dependencies were changed since the last visit
2020-07-20T14:28:43.505Z - info: Site data built
2020-07-20T14:28:43.505Z - info: Lazy website regeneration complete! Total build time: 3.848s
2020-07-20T15:07:07.423Z - info: [11:07:07 PM] Reload for file change: C:\repos\nus-cs2103-AY2021S1\cs2103-website\schedule\timeline.md
2020-07-20T15:07:08.466Z - info: Rebuilding 1 pages
2020-07-20T15:07:12.100Z - info: Pages rebuilt
2020-07-20T15:07:12.100Z - info: Website regeneration complete! Total build time: 3.659s
2020-07-20T15:07:12.153Z - info: Site data built
2020-07-20T15:07:36.019Z - info: Building C:\repos\nus-cs2103-AY2021S1\cs2103-website\schedule\week1\index as some of its dependencies were changed since the last visit
2020-07-20T15:07:36.555Z - info: Site data built
2020-07-20T15:07:36.556Z - info: Lazy website regeneration complete! Total build time: 0.538s
2020-07-20T15:07:47.038Z - info: Building C:\repos\nus-cs2103-AY2021S1\cs2103-website\schedule\week1\topics as some of its dependencies were changed since the last visit
2020-07-20T15:07:48.666Z - info: Site data built
2020-07-20T15:07:48.666Z - info: Lazy website regeneration complete! Total build time: 1.628s
2020-07-20T15:07:53.438Z - info: Building C:\repos\nus-cs2103-AY2021S1\cs2103-website\schedule\week1\admin as some of its dependencies were changed since the last visit
2020-07-20T15:07:54.033Z - info: Site data built
2020-07-20T15:07:54.035Z - info: Lazy website regeneration complete! Total build time: 0.598s
2020-07-20T15:09:01.912Z - info: Building C:\repos\nus-cs2103-AY2021S1\cs2103-website\schedule\week5\admin as some of its dependencies were changed since the last visit
2020-07-20T15:09:02.236Z - info: Site data built
2020-07-20T15:09:02.237Z - info: Lazy website regeneration complete! Total build time: 0.326s
2020-07-20T15:15:55.985Z - info: Building C:\repos\nus-cs2103-AY2021S1\cs2103-website\schedule\week5\topics as some of its dependencies were changed since the last visit
2020-07-20T15:15:57.492Z - info: Site data built
2020-07-20T15:15:57.495Z - info: Lazy website regeneration complete! Total build time: 1.511s
2020-07-20T15:16:14.084Z - info: Building C:\repos\nus-cs2103-AY2021S1\cs2103-website\se-book-adapted\projectDuke\index as some of its dependencies were changed since the last visit
2020-07-20T15:16:15.082Z - info: Site data built
2020-07-20T15:16:15.083Z - info: Lazy website regeneration complete! Total build time: 1s
2020-07-20T15:19:24.835Z - info: [11:19:24 PM] Reload for file change: C:\repos\nus-cs2103-AY2021S1\cs2103-website\se-book-adapted\index.md
2020-07-20T15:19:25.840Z - info: Rebuilding 1 pages
2020-07-20T15:19:26.308Z - info: Pages rebuilt
2020-07-20T15:19:26.308Z - info: Website regeneration complete! Total build time: 0.47s
2020-07-20T15:19:26.311Z - info: Site data built
2020-07-20T15:19:40.319Z - info: [11:19:40 PM] Reload for file change: C:\repos\nus-cs2103-AY2021S1\cs2103-website\se-book-adapted\index.md
2020-07-20T15:19:41.329Z - info: Rebuilding 1 pages
2020-07-20T15:19:41.589Z - info: Pages rebuilt
2020-07-20T15:19:41.589Z - info: Website regeneration complete! Total build time: 0.263s
2020-07-20T15:19:41.592Z - info: Site data built
2020-07-20T15:19:46.775Z - info: [11:19:46 PM] Reload for file change: C:\repos\nus-cs2103-AY2021S1\cs2103-website\se-book-adapted\index.md
2020-07-20T15:19:47.793Z - info: Rebuilding 1 pages
2020-07-20T15:19:48.050Z - info: Pages rebuilt
2020-07-20T15:19:48.051Z - info: Website regeneration complete! Total build time: 0.261s
2020-07-20T15:19:48.053Z - info: Site data built
2020-07-20T15:32:34.805Z - info: [11:32:34 PM] Reload for file change: C:\repos\nus-cs2103-AY2021S1\cs2103-website\schedule\week1\notices-tic2002.mbdf
2020-07-20T15:32:35.813Z - info: Rebuilding 1 pages
2020-07-20T15:32:36.522Z - info: Pages rebuilt
2020-07-20T15:32:36.522Z - info: Website regeneration complete! Total build time: 0.713s
2020-07-20T15:32:36.527Z - info: Site data built
2020-07-20T15:34:36.122Z - info: [11:34:36 PM] Reload for file change: C:\repos\nus-cs2103-AY2021S1\cs2103-website\schedule\week1\notices-tic2002.mbdf
2020-07-20T15:34:37.136Z - info: Rebuilding 1 pages
2020-07-20T15:34:37.556Z - info: Pages rebuilt
2020-07-20T15:34:37.556Z - info: Website regeneration complete! Total build time: 0.421s
2020-07-20T15:34:37.561Z - info: Site data built
2020-07-20T15:34:52.569Z - info: [11:34:52 PM] Reload for file change: C:\repos\nus-cs2103-AY2021S1\cs2103-website\schedule\week1\notices-tic2002.mbdf
2020-07-20T15:34:53.573Z - info: Rebuilding 1 pages
2020-07-20T15:34:53.949Z - info: Pages rebuilt
2020-07-20T15:34:53.950Z - info: Website regeneration complete! Total build time: 0.379s
2020-07-20T15:34:53.952Z - info: Site data built
2020-07-20T15:35:14.896Z - info: [11:35:14 PM] Reload for file change: C:\repos\nus-cs2103-AY2021S1\cs2103-website\schedule\week1\notices-tic2002.mbdf
2020-07-20T15:35:15.912Z - info: Rebuilding 1 pages
2020-07-20T15:35:16.319Z - info: Pages rebuilt
2020-07-20T15:35:16.319Z - info: Website regeneration complete! Total build time: 0.41s
2020-07-20T15:35:16.322Z - info: Site data built
2020-07-20T15:35:40.844Z - info: [11:35:40 PM] Reload for file change: C:\repos\nus-cs2103-AY2021S1\cs2103-website\schedule\week1\notices-tic2002.mbdf
2020-07-20T15:35:41.849Z - info: Rebuilding 1 pages
2020-07-20T15:35:42.271Z - info: Pages rebuilt
2020-07-20T15:35:42.271Z - info: Website regeneration complete! Total build time: 0.425s
2020-07-20T15:35:42.274Z - info: Site data built
2020-07-20T15:35:50.409Z - info: [11:35:50 PM] Reload for file change: C:\repos\nus-cs2103-AY2021S1\cs2103-website\schedule\week1\notices-tic2002.mbdf
2020-07-20T15:35:51.415Z - info: Rebuilding 1 pages
2020-07-20T15:35:51.889Z - info: Pages rebuilt
2020-07-20T15:35:51.889Z - info: Website regeneration complete! Total build time: 0.477s
2020-07-20T15:35:51.893Z - info: Site data built
2020-07-20T15:38:10.697Z - info: [11:38:10 PM] Reload for file change: C:\repos\nus-cs2103-AY2021S1\cs2103-website\schedule\week1\admin-tic2002.mbdf
2020-07-20T15:38:11.705Z - info: Rebuilding 1 pages
2020-07-20T15:38:12.492Z - info: Pages rebuilt
2020-07-20T15:38:12.492Z - info: Website regeneration complete! Total build time: 0.791s
2020-07-20T15:38:12.536Z - info: Site data built
2020-07-20T15:43:22.594Z - info: Building C:\repos\nus-cs2103-AY2021S1\cs2103-website\schedule\week2\index as some of its dependencies were changed since the last visit
2020-07-20T15:43:23.128Z - info: Site data built
2020-07-20T15:43:23.129Z - info: Lazy website regeneration complete! Total build time: 0.535s
2020-07-20T15:43:30.955Z - info: Building C:\repos\nus-cs2103-AY2021S1\cs2103-website\schedule\timeline as some of its dependencies were changed since the last visit
2020-07-20T15:43:34.478Z - info: Site data built
2020-07-20T15:43:34.479Z - info: Lazy website regeneration complete! Total build time: 3.524s
2020-07-20T15:44:26.167Z - info: [11:44:26 PM] Reload for file change: C:\repos\nus-cs2103-AY2021S1\cs2103-website\schedule\timeline.md
2020-07-20T15:44:27.185Z - info: Rebuilding 1 pages
2020-07-20T15:44:27.343Z - error:  Error: No such file: C:\repos\nus-cs2103-AY2021S1\admin\index-tic2002.mbdf
Missing reference in C:\repos\nus-cs2103-AY2021S1\cs2103-website\schedule\timeline.md
    at _getFileExistsNode (C:\repos\markbind\markbind\packages\core\src\preprocessors\componentPreprocessor.js:60:19)
    at _preprocessInclude (C:\repos\markbind\markbind\packages\core\src\preprocessors\componentPreprocessor.js:217:26)
    at preProcessComponent (C:\repos\markbind\markbind\packages\core\src\preprocessors\componentPreprocessor.js:349:12)
    at C:\repos\markbind\markbind\packages\core\src\preprocessors\componentPreprocessor.js:124:46
    at Array.map (<anonymous>)
    at _preProcessPanel (C:\repos\markbind\markbind\packages\core\src\preprocessors\componentPreprocessor.js:124:37)
    at preProcessComponent (C:\repos\markbind\markbind\packages\core\src\preprocessors\componentPreprocessor.js:343:12)
    at C:\repos\markbind\markbind\packages\core\src\preprocessors\componentPreprocessor.js:356:52
    at Array.map (<anonymous>)
    at preProcessComponent (C:\repos\markbind\markbind\packages\core\src\preprocessors\componentPreprocessor.js:356:43)
    at C:\repos\markbind\markbind\packages\core\src\preprocessors\componentPreprocessor.js:356:52
    at Array.map (<anonymous>)
    at Object.preProcessComponent (C:\repos\markbind\markbind\packages\core\src\preprocessors\componentPreprocessor.js:356:43)
    at C:\repos\markbind\markbind\packages\core\src\Parser.js:187:47
    at Array.map (<anonymous>)
    at DomHandler._callback (C:\repos\markbind\markbind\packages\core\src\Parser.js:184:27)
2020-07-20T15:44:30.821Z - info: Pages rebuilt
2020-07-20T15:44:30.821Z - info: Website regeneration complete! Total build time: 3.64s
2020-07-20T15:44:30.829Z - info: Site data built
2020-07-20T15:44:36.724Z - info: [11:44:36 PM] Reload for file change: C:\repos\nus-cs2103-AY2021S1\cs2103-website\schedule\timeline.md
2020-07-20T15:44:37.728Z - info: Rebuilding 1 pages
2020-07-20T15:44:37.800Z - error:  Error: No such file: C:\repos\nus-cs2103-AY2021S1\admin\index-tic2002.mbdf
Missing reference in C:\repos\nus-cs2103-AY2021S1\cs2103-website\schedule\timeline.md
    at _getFileExistsNode (C:\repos\markbind\markbind\packages\core\src\preprocessors\componentPreprocessor.js:60:19)
    at _preprocessInclude (C:\repos\markbind\markbind\packages\core\src\preprocessors\componentPreprocessor.js:217:26)
    at preProcessComponent (C:\repos\markbind\markbind\packages\core\src\preprocessors\componentPreprocessor.js:349:12)
    at C:\repos\markbind\markbind\packages\core\src\preprocessors\componentPreprocessor.js:124:46
    at Array.map (<anonymous>)
    at _preProcessPanel (C:\repos\markbind\markbind\packages\core\src\preprocessors\componentPreprocessor.js:124:37)
    at preProcessComponent (C:\repos\markbind\markbind\packages\core\src\preprocessors\componentPreprocessor.js:343:12)
    at C:\repos\markbind\markbind\packages\core\src\preprocessors\componentPreprocessor.js:356:52
    at Array.map (<anonymous>)
    at preProcessComponent (C:\repos\markbind\markbind\packages\core\src\preprocessors\componentPreprocessor.js:356:43)
    at C:\repos\markbind\markbind\packages\core\src\preprocessors\componentPreprocessor.js:356:52
    at Array.map (<anonymous>)
    at Object.preProcessComponent (C:\repos\markbind\markbind\packages\core\src\preprocessors\componentPreprocessor.js:356:43)
    at C:\repos\markbind\markbind\packages\core\src\Parser.js:187:47
    at Array.map (<anonymous>)
    at DomHandler._callback (C:\repos\markbind\markbind\packages\core\src\Parser.js:184:27)
2020-07-20T15:44:40.694Z - info: Pages rebuilt
2020-07-20T15:44:40.694Z - info: Website regeneration complete! Total build time: 2.969s
2020-07-20T15:44:40.698Z - info: Site data built
2020-07-20T15:44:52.732Z - info: [11:44:52 PM] Reload for file change: C:\repos\nus-cs2103-AY2021S1\cs2103-website\schedule\timeline.md
2020-07-20T15:44:53.735Z - info: Rebuilding 1 pages
2020-07-20T15:44:53.766Z - error:  Error: No such file: C:\repos\nus-cs2103-AY2021S1\cs2103-website\schedule\index-tic2002.mbdf
Missing reference in C:\repos\nus-cs2103-AY2021S1\cs2103-website\schedule\timeline.md
    at _getFileExistsNode (C:\repos\markbind\markbind\packages\core\src\preprocessors\componentPreprocessor.js:60:19)
    at _preprocessInclude (C:\repos\markbind\markbind\packages\core\src\preprocessors\componentPreprocessor.js:217:26)
    at preProcessComponent (C:\repos\markbind\markbind\packages\core\src\preprocessors\componentPreprocessor.js:349:12)
    at C:\repos\markbind\markbind\packages\core\src\preprocessors\componentPreprocessor.js:124:46
    at Array.map (<anonymous>)
    at _preProcessPanel (C:\repos\markbind\markbind\packages\core\src\preprocessors\componentPreprocessor.js:124:37)
    at preProcessComponent (C:\repos\markbind\markbind\packages\core\src\preprocessors\componentPreprocessor.js:343:12)
    at C:\repos\markbind\markbind\packages\core\src\preprocessors\componentPreprocessor.js:356:52
    at Array.map (<anonymous>)
    at preProcessComponent (C:\repos\markbind\markbind\packages\core\src\preprocessors\componentPreprocessor.js:356:43)
    at C:\repos\markbind\markbind\packages\core\src\preprocessors\componentPreprocessor.js:356:52
    at Array.map (<anonymous>)
    at Object.preProcessComponent (C:\repos\markbind\markbind\packages\core\src\preprocessors\componentPreprocessor.js:356:43)
    at C:\repos\markbind\markbind\packages\core\src\Parser.js:187:47
    at Array.map (<anonymous>)
    at DomHandler._callback (C:\repos\markbind\markbind\packages\core\src\Parser.js:184:27)
2020-07-20T15:44:56.247Z - info: Pages rebuilt
2020-07-20T15:44:56.248Z - info: Website regeneration complete! Total build time: 2.513s
2020-07-20T15:44:56.253Z - info: Site data built
2020-07-20T15:45:10.787Z - info: [11:45:10 PM] Reload for file change: C:\repos\nus-cs2103-AY2021S1\cs2103-website\schedule\timeline.md
2020-07-20T15:45:11.800Z - info: Rebuilding 1 pages
2020-07-20T15:45:14.144Z - info: Pages rebuilt
2020-07-20T15:45:14.144Z - info: Website regeneration complete! Total build time: 2.345s
2020-07-20T15:45:14.148Z - info: Site data built
2020-07-20T15:48:40.599Z - info: [11:48:40 PM] Reload for file change: C:\repos\nus-cs2103-AY2021S1\cs2103-website\schedule\index.md
2020-07-20T15:48:41.614Z - info: No pages needed to be rebuilt
2020-07-20T15:48:50.938Z - info: Website generation (lazy) started at 11:48:48 PM
2020-07-20T15:49:01.078Z - info: Building assets...
2020-07-20T15:49:07.250Z - info: Assets built
2020-07-20T15:49:07.251Z - info: Generating landing page...
2020-07-20T15:49:08.623Z - info: Landing page built, other pages will be built as you navigate to them!
2020-07-20T15:49:08.727Z - info: Website generation (lazy) complete! Total build time: 20.589s
2020-07-20T15:49:09.833Z - info: Serving "C:\repos\nus-cs2103-AY2021S1\cs2103-website\_site" at http://127.0.0.1:8080
2020-07-20T15:49:09.833Z - info: Press CTRL+C to stop ...
2020-07-20T15:49:09.911Z - info: Site data built
2020-07-20T15:55:29.177Z - info: Building C:\repos\nus-cs2103-AY2021S1\cs2103-website\schedule\week1\index as some of its dependencies were changed since the last visit
2020-07-20T15:55:29.964Z - info: Site data built
2020-07-20T15:55:29.964Z - info: Lazy website regeneration complete! Total build time: 0.79s
2020-07-20T15:56:00.277Z - info: [11:56:00 PM] Reload for file change: C:\repos\nus-cs2103-AY2021S1\cs2103-website\schedule\week1\notices-tic2002.mbdf
2020-07-20T15:56:01.290Z - info: Rebuilding 1 pages
2020-07-20T15:56:01.367Z - error:  Error: No such file: C:\repos\nus-cs2103-AY2021S1\cs2103-website\schedule\week1\common-notices.mbdf
Missing reference in C:\repos\nus-cs2103-AY2021S1\cs2103-website\schedule\week1\notices-tic2002.mbdf
    at _getFileExistsNode (C:\repos\markbind\markbind\packages\core\src\preprocessors\componentPreprocessor.js:60:19)
    at _preprocessInclude (C:\repos\markbind\markbind\packages\core\src\preprocessors\componentPreprocessor.js:217:26)
    at preProcessComponent (C:\repos\markbind\markbind\packages\core\src\preprocessors\componentPreprocessor.js:349:12)
    at C:\repos\markbind\markbind\packages\core\src\preprocessors\componentPreprocessor.js:356:52
    at Array.map (<anonymous>)
    at preProcessComponent (C:\repos\markbind\markbind\packages\core\src\preprocessors\componentPreprocessor.js:356:43)
    at C:\repos\markbind\markbind\packages\core\src\preprocessors\componentPreprocessor.js:298:50
    at Array.map (<anonymous>)
    at _preprocessInclude (C:\repos\markbind\markbind\packages\core\src\preprocessors\componentPreprocessor.js:298:41)
    at preProcessComponent (C:\repos\markbind\markbind\packages\core\src\preprocessors\componentPreprocessor.js:349:12)
    at C:\repos\markbind\markbind\packages\core\src\preprocessors\componentPreprocessor.js:356:52
    at Array.map (<anonymous>)
    at Object.preProcessComponent (C:\repos\markbind\markbind\packages\core\src\preprocessors\componentPreprocessor.js:356:43)
    at C:\repos\markbind\markbind\packages\core\src\Parser.js:187:47
    at Array.map (<anonymous>)
    at DomHandler._callback (C:\repos\markbind\markbind\packages\core\src\Parser.js:184:27)
2020-07-20T15:56:01.711Z - info: Pages rebuilt
2020-07-20T15:56:01.712Z - info: Website regeneration complete! Total build time: 0.425s
2020-07-20T15:56:01.740Z - info: Site data built
2020-07-20T15:56:10.964Z - info: [11:56:10 PM] Reload for file change: C:\repos\nus-cs2103-AY2021S1\cs2103-website\schedule\week1\notices-tic2002.mbdf
2020-07-20T15:56:11.971Z - info: Rebuilding 1 pages
2020-07-20T15:56:12.505Z - info: Pages rebuilt
2020-07-20T15:56:12.506Z - info: Website regeneration complete! Total build time: 0.538s
2020-07-20T15:56:12.514Z - info: Site data built
2020-07-20T15:56:52.328Z - info: Building C:\repos\nus-cs2103-AY2021S1\cs2103-website\schedule\week2\index as some of its dependencies were changed since the last visit
2020-07-20T15:56:52.828Z - info: Site data built
2020-07-20T15:56:52.829Z - info: Lazy website regeneration complete! Total build time: 0.502s
2020-07-20T15:57:02.234Z - info: Building C:\repos\nus-cs2103-AY2021S1\cs2103-website\schedule\timeline as some of its dependencies were changed since the last visit
2020-07-20T15:57:05.247Z - info: Site data built
2020-07-20T15:57:05.249Z - info: Lazy website regeneration complete! Total build time: 3.016s
2020-07-20T15:57:46.212Z - info: Building C:\repos\nus-cs2103-AY2021S1\cs2103-website\schedule\week2\admin as some of its dependencies were changed since the last visit
2020-07-20T15:57:46.504Z - info: Site data built
2020-07-20T15:57:46.505Z - info: Lazy website regeneration complete! Total build time: 0.293s
2020-07-20T15:57:57.337Z - info: Building C:\repos\nus-cs2103-AY2021S1\cs2103-website\schedule\week3\admin as some of its dependencies were changed since the last visit
2020-07-20T15:57:57.739Z - info: Site data built
2020-07-20T15:57:57.740Z - info: Lazy website regeneration complete! Total build time: 0.403s
