2020-10-22T06:35:05.526Z - info: Website generation (lazy) started at 2:35:00 PM
2020-10-22T06:35:14.720Z - info: Building assets...
2020-10-22T06:35:20.120Z - info: Assets built
2020-10-22T06:35:20.121Z - info: Generating landing page...
2020-10-22T06:35:22.060Z - info: Landing page built, other pages will be built as you navigate to them!
2020-10-22T06:35:22.147Z - info: Website generation (lazy) complete! Total build time: 21.788s
2020-10-22T06:35:22.953Z - info: Serving "C:\repos\nus-cs2103-AY2021S1\cs2103-website\_site" at http://127.0.0.1:8080
2020-10-22T06:35:22.953Z - info: Press CTRL+C to stop ...
2020-10-22T06:35:23.017Z - info: Site data built
2020-10-22T06:38:08.591Z - info: Building C:\repos\nus-cs2103-AY2021S1\cs2103-website\schedule\week11\index as some of its dependencies were changed since the last visit
2020-10-22T06:38:10.048Z - info: Site data built
2020-10-22T06:38:10.049Z - info: Lazy website regeneration complete! Total build time: 1.468s
2020-10-22T06:38:12.997Z - info: Building C:\repos\nus-cs2103-AY2021S1\cs2103-website\schedule\week11\tutorial as some of its dependencies were changed since the last visit
2020-10-22T06:38:13.348Z - info: Site data built
2020-10-22T06:38:13.349Z - info: Lazy website regeneration complete! Total build time: 0.353s
2020-10-22T06:43:00.295Z - info: [2:43:00 PM] Reload for file change: C:\repos\nus-cs2103-AY2021S1\cs2103-website\schedule\week11\tutorial-cs2103.mbdf
2020-10-22T06:43:01.305Z - info: Rebuilding 1 pages
2020-10-22T06:43:01.788Z - info: Pages rebuilt
2020-10-22T06:43:01.789Z - info: Website regeneration complete! Total build time: 0.489s
2020-10-22T06:43:01.794Z - info: Site data built
2020-10-22T06:44:03.494Z - info: [2:44:03 PM] Reload for file change: C:\repos\nus-cs2103-AY2021S1\cs2103-website\schedule\week11\tutorial-cs2103.mbdf
2020-10-22T06:44:04.497Z - info: Rebuilding 1 pages
2020-10-22T06:44:04.815Z - info: Pages rebuilt
2020-10-22T06:44:04.816Z - info: Website regeneration complete! Total build time: 0.32s
2020-10-22T06:44:04.819Z - info: Site data built
2020-10-22T06:44:29.711Z - info: [2:44:29 PM] Reload for file change: C:\repos\nus-cs2103-AY2021S1\cs2103-website\schedule\week11\tutorial-cs2103.mbdf
2020-10-22T06:44:30.728Z - info: Rebuilding 1 pages
2020-10-22T06:44:31.088Z - info: Pages rebuilt
2020-10-22T06:44:31.088Z - info: Website regeneration complete! Total build time: 0.365s
2020-10-22T06:44:31.091Z - info: Site data built
2020-10-22T06:46:34.367Z - info: [2:46:34 PM] Reload for file change: C:\repos\nus-cs2103-AY2021S1\cs2103-website\book\designPatterns\observer\what\q-tick-trueFalse.md
2020-10-22T06:46:35.370Z - info: No pages needed to be rebuilt
2020-10-22T06:52:55.560Z - info: [2:52:55 PM] Reload for file change: C:\repos\nus-cs2103-AY2021S1\cs2103-website\book\testCaseDesign\summary\exercises\q-essay-dayParameter.md
2020-10-22T06:52:56.565Z - info: Rebuilding 1 pages
2020-10-22T06:52:56.994Z - info: Pages rebuilt
2020-10-22T06:52:56.995Z - info: Website regeneration complete! Total build time: 0.431s
2020-10-22T06:52:56.998Z - info: Site data built
2020-10-22T07:01:13.240Z - info: [3:01:13 PM] Reload for file change: C:\repos\nus-cs2103-AY2021S1\cs2103-website\book\testCaseDesign\summary\exercises\q-essay-dayParameter.md
2020-10-22T07:01:14.247Z - info: Rebuilding 1 pages
2020-10-22T07:01:14.599Z - info: Pages rebuilt
2020-10-22T07:01:14.600Z - info: Website regeneration complete! Total build time: 0.353s
2020-10-22T07:01:14.602Z - info: Site data built
2020-10-22T07:18:29.948Z - info: [3:18:29 PM] Reload for file change: C:\repos\nus-cs2103-AY2021S1\cs2103-website\debug.log
2020-10-22T07:18:30.984Z - info: Assets built
2020-10-22T07:18:48.173Z - info: [3:18:48 PM] Reload for file change: C:\repos\nus-cs2103-AY2021S1\cs2103-website\schedule\week11\tutorial-cs2103.mbdf
2020-10-22T07:18:49.182Z - info: Rebuilding 1 pages
2020-10-22T07:18:49.635Z - info: Pages rebuilt
2020-10-22T07:18:49.635Z - info: Website regeneration complete! Total build time: 0.46s
2020-10-22T07:18:49.653Z - info: Site data built
2020-10-22T07:22:53.461Z - info: [3:22:53 PM] Reload for file change: C:\repos\nus-cs2103-AY2021S1\cs2103-website\schedule\week11\tutorial-cs2103.mbdf
2020-10-22T07:22:54.469Z - info: Rebuilding 1 pages
2020-10-22T07:22:54.755Z - info: Pages rebuilt
2020-10-22T07:22:54.755Z - info: Website regeneration complete! Total build time: 0.293s
2020-10-22T07:22:54.759Z - info: Site data built
2020-10-22T07:31:34.574Z - info: [3:31:34 PM] Reload for file add: C:\repos\nus-cs2103-AY2021S1\cs2103-website\book\diagrams\designPatterns\more\combiningDesignPatterns\withObserver - Copy.pptx
2020-10-22T07:31:35.585Z - info: Assets built
2020-10-22T07:31:54.561Z - info: [3:31:54 PM] Reload for file add: C:\repos\nus-cs2103-AY2021S1\cs2103-website\book\diagrams\designPatterns\more\combiningDesignPatterns\exercise-getNotified.pptx
2020-10-22T07:31:54.655Z - info: [3:31:54 PM] Reload for file deletion: C:\repos\nus-cs2103-AY2021S1\cs2103-website\book\diagrams\designPatterns\more\combiningDesignPatterns\withObserver - Copy.pptx
2020-10-22T07:31:55.567Z - info: Assets built
2020-10-22T07:31:55.673Z - info: Assets removed
2020-10-22T07:31:55.731Z - info: [3:31:55 PM] Reload for file add: C:\repos\nus-cs2103-AY2021S1\cs2103-website\book\diagrams\designPatterns\more\combiningDesignPatterns\~$exercise-getNotified.pptx
2020-10-22T07:31:56.733Z - info: Assets built
2020-10-22T07:40:57.747Z - info: [3:40:57 PM] Reload for file add: C:\repos\nus-cs2103-AY2021S1\cs2103-website\book\diagrams\designPatterns\more\combiningDesignPatterns\pptC31A.tmp
2020-10-22T07:40:57.795Z - info: [3:40:57 PM] Reload for file change: C:\repos\nus-cs2103-AY2021S1\cs2103-website\book\diagrams\designPatterns\more\combiningDesignPatterns\pptC31A.tmp
2020-10-22T07:40:57.803Z - info: [3:40:57 PM] Reload for file change: C:\repos\nus-cs2103-AY2021S1\cs2103-website\book\diagrams\designPatterns\more\combiningDesignPatterns\exercise-getNotified.pptx
2020-10-22T07:40:57.918Z - info: [3:40:57 PM] Reload for file deletion: C:\repos\nus-cs2103-AY2021S1\cs2103-website\book\diagrams\designPatterns\more\combiningDesignPatterns\pptC31A.tmp
2020-10-22T07:40:58.753Z - info: Assets built
2020-10-22T07:40:58.921Z - info: Assets removed
2020-10-22T07:42:07.673Z - info: [3:42:07 PM] Reload for file add: C:\repos\nus-cs2103-AY2021S1\cs2103-website\book\designPatterns\more\combiningDesignPatterns\images\exercise-getNotified.png
2020-10-22T07:42:07.728Z - info: [3:42:07 PM] Reload for file change: C:\repos\nus-cs2103-AY2021S1\cs2103-website\book\designPatterns\more\combiningDesignPatterns\images\exercise-getNotified.png
2020-10-22T07:42:08.735Z - info: Assets built
2020-10-22T07:42:53.236Z - info: [3:42:53 PM] Reload for file add: C:\repos\nus-cs2103-AY2021S1\cs2103-website\book\designPatterns\more\combiningDesignPatterns\exercises.md
2020-10-22T07:42:53.255Z - info: [3:42:53 PM] Reload for file add: C:\repos\nus-cs2103-AY2021S1\cs2103-website\book\designPatterns\more\combiningDesignPatterns\q-essay-patterns.md
2020-10-22T07:42:54.237Z - info: File added or removed, updating list of site's pages...
2020-10-22T07:42:59.428Z - info: Assets removed
2020-10-22T07:43:00.538Z - info: Building C:\repos\nus-cs2103-AY2021S1\cs2103-website\schedule\week11\tutorial as some of its dependencies were changed since the last visit
2020-10-22T07:43:01.099Z - info: Site data built
2020-10-22T07:43:01.100Z - info: Lazy website regeneration complete! Total build time: 0.563s
2020-10-22T07:43:11.254Z - info: [3:43:11 PM] Reload for file add: C:\repos\nus-cs2103-AY2021S1\cs2103-website\book\designPatterns\more\combiningDesignPatterns\q-essay-getNotified.md
2020-10-22T07:43:11.351Z - info: [3:43:11 PM] Reload for file deletion: C:\repos\nus-cs2103-AY2021S1\cs2103-website\book\designPatterns\more\combiningDesignPatterns\q-essay-patterns.md
2020-10-22T07:43:12.255Z - info: File added or removed, updating list of site's pages...
2020-10-22T07:43:16.395Z - info: Assets removed
2020-10-22T07:43:17.519Z - info: Building C:\repos\nus-cs2103-AY2021S1\cs2103-website\schedule\week11\tutorial as some of its dependencies were changed since the last visit
2020-10-22T07:43:17.802Z - info: Site data built
2020-10-22T07:43:17.802Z - info: Lazy website regeneration complete! Total build time: 0.284s
2020-10-22T07:45:15.424Z - info: [3:45:15 PM] Reload for file change: C:\repos\nus-cs2103-AY2021S1\cs2103-website\schedule\week11\tutorial-cs2103.mbdf
2020-10-22T07:45:15.443Z - info: [3:45:15 PM] Reload for file change: C:\repos\nus-cs2103-AY2021S1\cs2103-website\book\designPatterns\more\combiningDesignPatterns\exercises.md
2020-10-22T07:45:16.431Z - info: Rebuilding 1 pages
2020-10-22T07:45:16.966Z - info: Pages rebuilt
2020-10-22T07:45:16.967Z - info: Website regeneration complete! Total build time: 0.537s
2020-10-22T07:45:16.972Z - info: Site data built
2020-10-22T07:47:56.523Z - info: [3:47:56 PM] Reload for file change: C:\repos\nus-cs2103-AY2021S1\cs2103-website\book\designPatterns\more\combiningDesignPatterns\q-essay-getNotified.md
2020-10-22T07:47:57.525Z - info: Rebuilding 1 pages
2020-10-22T07:47:57.858Z - info: Pages rebuilt
2020-10-22T07:47:57.858Z - info: Website regeneration complete! Total build time: 0.334s
2020-10-22T07:47:57.861Z - info: Site data built
2020-10-22T07:48:15.129Z - info: [3:48:15 PM] Reload for file change: C:\repos\nus-cs2103-AY2021S1\cs2103-website\book\designPatterns\more\combiningDesignPatterns\q-essay-getNotified.md
2020-10-22T07:48:16.133Z - info: Rebuilding 1 pages
2020-10-22T07:48:16.446Z - info: Pages rebuilt
2020-10-22T07:48:16.446Z - info: Website regeneration complete! Total build time: 0.316s
2020-10-22T07:48:16.451Z - info: Site data built
2020-10-22T07:48:38.334Z - info: [3:48:38 PM] Reload for file change: C:\repos\nus-cs2103-AY2021S1\cs2103-website\book\designPatterns\more\combiningDesignPatterns\q-essay-getNotified.md
2020-10-22T07:48:39.337Z - info: Rebuilding 1 pages
2020-10-22T07:48:39.617Z - info: Pages rebuilt
2020-10-22T07:48:39.618Z - info: Website regeneration complete! Total build time: 0.282s
2020-10-22T07:48:39.621Z - info: Site data built
2020-10-22T07:48:48.246Z - info: [3:48:48 PM] Reload for file change: C:\repos\nus-cs2103-AY2021S1\cs2103-website\book\designPatterns\more\combiningDesignPatterns\q-essay-getNotified.md
2020-10-22T07:48:49.250Z - info: Rebuilding 1 pages
2020-10-22T07:48:49.543Z - info: Pages rebuilt
2020-10-22T07:48:49.544Z - info: Website regeneration complete! Total build time: 0.297s
2020-10-22T07:48:49.547Z - info: Site data built
2020-10-22T07:49:20.827Z - info: [3:49:20 PM] Reload for file change: C:\repos\nus-cs2103-AY2021S1\cs2103-website\book\designPatterns\more\combiningDesignPatterns\q-essay-getNotified.md
2020-10-22T07:49:21.838Z - info: Rebuilding 1 pages
2020-10-22T07:49:22.177Z - info: Pages rebuilt
2020-10-22T07:49:22.178Z - info: Website regeneration complete! Total build time: 0.346s
2020-10-22T07:49:22.182Z - info: Site data built
2020-10-22T07:49:43.585Z - info: [3:49:43 PM] Reload for file change: C:\repos\nus-cs2103-AY2021S1\cs2103-website\book\designPatterns\more\combiningDesignPatterns\q-essay-getNotified.md
2020-10-22T07:49:44.589Z - info: Rebuilding 1 pages
2020-10-22T07:49:44.899Z - info: Pages rebuilt
2020-10-22T07:49:44.899Z - info: Website regeneration complete! Total build time: 0.314s
2020-10-22T07:49:44.903Z - info: Site data built
2020-10-22T07:49:53.504Z - info: [3:49:53 PM] Reload for file change: C:\repos\nus-cs2103-AY2021S1\cs2103-website\book\designPatterns\more\combiningDesignPatterns\q-essay-getNotified.md
2020-10-22T07:49:54.508Z - info: Rebuilding 1 pages
2020-10-22T07:49:54.860Z - info: Pages rebuilt
2020-10-22T07:49:54.860Z - info: Website regeneration complete! Total build time: 0.355s
2020-10-22T07:49:54.863Z - info: Site data built
2020-10-22T07:50:19.170Z - info: [3:50:19 PM] Reload for file change: C:\repos\nus-cs2103-AY2021S1\cs2103-website\book\designPatterns\more\combiningDesignPatterns\q-essay-getNotified.md
2020-10-22T07:50:20.174Z - info: Rebuilding 1 pages
2020-10-22T07:50:20.471Z - info: Pages rebuilt
2020-10-22T07:50:20.471Z - info: Website regeneration complete! Total build time: 0.299s
2020-10-22T07:50:20.473Z - info: Site data built
2020-10-22T07:52:20.829Z - info: [3:52:20 PM] Reload for file change: C:\repos\nus-cs2103-AY2021S1\cs2103-website\book\designPatterns\more\combiningDesignPatterns\q-essay-getNotified.md
2020-10-22T07:52:21.835Z - info: Rebuilding 1 pages
2020-10-22T07:52:22.130Z - info: Pages rebuilt
2020-10-22T07:52:22.130Z - info: Website regeneration complete! Total build time: 0.301s
2020-10-22T07:52:22.133Z - info: Site data built
2020-10-22T07:53:38.589Z - info: [3:53:38 PM] Reload for file change: C:\repos\nus-cs2103-AY2021S1\cs2103-website\book\designPatterns\more\combiningDesignPatterns\q-essay-getNotified.md
2020-10-22T07:53:39.595Z - info: Rebuilding 1 pages
2020-10-22T07:53:39.919Z - info: Pages rebuilt
2020-10-22T07:53:39.919Z - info: Website regeneration complete! Total build time: 0.328s
2020-10-22T07:53:39.922Z - info: Site data built
2020-10-22T07:53:42.626Z - info: [3:53:42 PM] Reload for file add: C:\repos\nus-cs2103-AY2021S1\cs2103-website\book\diagrams\designPatterns\more\combiningDesignPatterns\ppt6EF6.tmp
2020-10-22T07:53:42.643Z - info: [3:53:42 PM] Reload for file change: C:\repos\nus-cs2103-AY2021S1\cs2103-website\book\diagrams\designPatterns\more\combiningDesignPatterns\ppt6EF6.tmp
2020-10-22T07:53:42.669Z - info: [3:53:42 PM] Reload for file change: C:\repos\nus-cs2103-AY2021S1\cs2103-website\book\diagrams\designPatterns\more\combiningDesignPatterns\exercise-getNotified.pptx
2020-10-22T07:53:42.761Z - info: [3:53:42 PM] Reload for file deletion: C:\repos\nus-cs2103-AY2021S1\cs2103-website\book\diagrams\designPatterns\more\combiningDesignPatterns\ppt6EF6.tmp
2020-10-22T07:53:43.634Z - info: Assets built
2020-10-22T07:53:43.770Z - info: Assets removed
2020-10-22T08:09:58.923Z - info: [4:09:58 PM] Reload for file change: C:\repos\nus-cs2103-AY2021S1\cs2103-website\book\designPatterns\more\combiningDesignPatterns\q-essay-getNotified.md
2020-10-22T08:09:59.963Z - info: Rebuilding 1 pages
2020-10-22T08:10:00.650Z - info: Pages rebuilt
2020-10-22T08:10:00.650Z - info: Website regeneration complete! Total build time: 0.711s
2020-10-22T08:10:00.671Z - info: Site data built
