2020-11-07T16:11:53.725Z - info: Website generation (lazy) started at 12:11:43 AM
2020-11-07T16:12:07.096Z - info: Building assets...
2020-11-07T16:12:14.585Z - info: Assets built
2020-11-07T16:12:14.587Z - info: Generating landing page...
2020-11-07T16:12:15.875Z - info: Landing page built, other pages will be built as you navigate to them!
2020-11-07T16:12:16.017Z - info: Website generation (lazy) complete! Total build time: 32.204s
2020-11-07T16:12:16.113Z - info: Site data built
2020-11-07T16:12:18.328Z - info: Serving "C:\repos\nus-cs2103-AY2021S1\cs2103-website\_site" at http://127.0.0.1:63281
2020-11-07T16:12:18.329Z - info: Press CTRL+C to stop ...
2020-11-07T16:14:16.503Z - info: [12:14:16 AM] Reload for file change: C:\repos\nus-cs2103-AY2021S1\cs2103-website\_module-TIC4001\weeklyAdminTasks.mbdf
2020-11-07T16:14:17.510Z - info: No pages needed to be rebuilt
2020-11-07T16:14:36.565Z - info: Website generation (lazy) started at 12:14:33 AM
2020-11-07T16:14:47.218Z - info: Building assets...
2020-11-07T16:14:54.581Z - info: Assets built
2020-11-07T16:14:54.583Z - info: Generating landing page...
2020-11-07T16:14:55.661Z - info: Landing page built, other pages will be built as you navigate to them!
2020-11-07T16:14:55.791Z - info: Website generation (lazy) complete! Total build time: 22.664s
2020-11-07T16:14:55.868Z - info: Site data built
2020-11-07T16:14:57.684Z - info: Serving "C:\repos\nus-cs2103-AY2021S1\cs2103-website\_site" at http://127.0.0.1:63353
2020-11-07T16:14:57.685Z - info: Press CTRL+C to stop ...
2020-11-07T16:21:45.637Z - info: Website generation started at 12:21:40 AM
2020-11-07T16:21:58.149Z - info: Building assets...
2020-11-07T16:22:05.756Z - info: Assets built
2020-11-07T16:22:05.757Z - info: Generating pages...
2020-11-07T16:22:21.936Z - debug:  
2020-11-07T16:22:27.534Z - debug:  
2020-11-07T16:22:27.535Z - debug:  
2020-11-07T16:22:27.537Z - debug:  
2020-11-07T16:22:27.541Z - debug:  
2020-11-07T16:22:29.977Z - debug: The process cannot access the file because it is being used by another process.

2020-11-07T16:22:30.414Z - debug: The process cannot access the file because it is being used by another process.

2020-11-07T16:22:32.479Z - debug: The process cannot access the file because it is being used by another process.

2020-11-07T16:22:32.480Z - debug: The process cannot access the file because it is being used by another process.

2020-11-07T16:22:32.480Z - debug: The process cannot access the file because it is being used by another process.

2020-11-07T16:22:32.480Z - debug: The process cannot access the file because it is being used by another process.

2020-11-07T16:22:32.480Z - debug:  
2020-11-07T16:22:32.481Z - debug:  
2020-11-07T16:22:32.481Z - debug:  
2020-11-07T16:22:32.481Z - debug:  
2020-11-07T16:22:32.481Z - debug:  
2020-11-07T16:22:35.744Z - debug: The process cannot access the file because it is being used by another process.

2020-11-07T16:22:35.749Z - debug: The process cannot access the file because it is being used by another process.

2020-11-07T16:22:35.749Z - debug: The process cannot access the file because it is being used by another process.

2020-11-07T16:22:35.750Z - debug: The process cannot access the file because it is being used by another process.

2020-11-07T16:22:38.743Z - debug:  
2020-11-07T16:22:38.743Z - debug:  
2020-11-07T16:22:58.147Z - debug: The process cannot access the file because it is being used by another process.

2020-11-07T16:22:58.148Z - debug: The process cannot access the file because it is being used by another process.

2020-11-07T16:22:59.264Z - debug: The process cannot access the file because it is being used by another process.

2020-11-07T16:22:59.264Z - debug:  
2020-11-07T16:23:01.506Z - debug: The process cannot access the file because it is being used by another process.

2020-11-07T16:23:02.074Z - debug: The process cannot access the file because it is being used by another process.

2020-11-07T16:23:03.705Z - debug:  
2020-11-07T16:23:06.057Z - debug:  
2020-11-07T16:23:08.706Z - debug: The process cannot access the file because it is being used by another process.

2020-11-07T16:23:08.706Z - debug: The process cannot access the file because it is being used by another process.

2020-11-07T16:23:10.311Z - debug: The process cannot access the file because it is being used by another process.

2020-11-07T16:23:10.311Z - debug: The process cannot access the file because it is being used by another process.

2020-11-07T16:23:10.658Z - debug:  
2020-11-07T16:23:13.037Z - debug:  
2020-11-07T16:23:15.186Z - debug:  
2020-11-07T16:23:15.321Z - debug:  
2020-11-07T16:23:22.427Z - debug: The process cannot access the file because it is being used by another process.

2020-11-07T16:23:24.690Z - debug: The process cannot access the file because it is being used by another process.

2020-11-07T16:23:24.904Z - debug:  
2020-11-07T16:23:51.606Z - debug:  
2020-11-07T16:23:52.336Z - debug:  
2020-11-07T16:23:52.336Z - debug:  
2020-11-07T16:23:52.336Z - debug:  
2020-11-07T16:23:59.842Z - debug:  
2020-11-07T16:23:59.843Z - debug:  
2020-11-07T16:23:59.843Z - debug:  
2020-11-07T16:24:09.743Z - debug:  
2020-11-07T16:24:10.449Z - debug:  
2020-11-07T16:24:10.449Z - debug:  
2020-11-07T16:24:10.449Z - debug:  
2020-11-07T16:24:10.449Z - debug:  
2020-11-07T16:24:18.733Z - debug:  
2020-11-07T16:24:19.103Z - debug:  
2020-11-07T16:24:19.104Z - debug:  
2020-11-07T16:24:25.927Z - debug:  
2020-11-07T16:24:33.525Z - debug:  
2020-11-07T16:24:51.377Z - debug:  
2020-11-07T16:24:57.564Z - debug:  
2020-11-07T16:24:57.565Z - debug:  
2020-11-07T16:25:31.732Z - debug:  
2020-11-07T16:25:43.907Z - debug:  
2020-11-07T16:25:43.908Z - debug:  
2020-11-07T16:25:54.592Z - info: Pages built
2020-11-07T16:26:30.270Z - info: Website generation complete! Total build time: 289.489s
2020-11-07T16:26:30.271Z - info: Build success!
2020-11-07T16:26:30.275Z - debug:  
2020-11-07T16:26:30.279Z - info: Site data built
2020-11-07T16:27:16.140Z - info: Deployed!
2020-11-08T05:36:08.493Z - info: Website generation (lazy) started at 1:36:02 PM
2020-11-08T05:36:17.190Z - info: Building assets...
2020-11-08T05:36:22.725Z - info: Assets built
2020-11-08T05:36:22.726Z - info: Generating landing page...
2020-11-08T05:36:23.827Z - info: Landing page built, other pages will be built as you navigate to them!
2020-11-08T05:36:23.925Z - info: Website generation (lazy) complete! Total build time: 21.092s
2020-11-08T05:36:24.777Z - info: Serving "C:\repos\nus-cs2103-AY2021S1\cs2103-website\_site" at http://127.0.0.1:8080
2020-11-08T05:36:24.777Z - info: Press CTRL+C to stop ...
2020-11-08T05:36:24.838Z - info: Site data built
2020-11-08T05:40:10.772Z - info: Building C:\repos\nus-cs2103-AY2021S1\cs2103-website\admin\index as some of its dependencies were changed since the last visit
2020-11-08T05:40:11.700Z - info: Site data built
2020-11-08T05:40:11.702Z - info: Lazy website regeneration complete! Total build time: 0.931s
2020-11-08T05:40:23.403Z - info: Building C:\repos\nus-cs2103-AY2021S1\cs2103-website\admin\tp-pe as some of its dependencies were changed since the last visit
2020-11-08T05:40:24.919Z - info: Site data built
2020-11-08T05:40:24.921Z - info: Lazy website regeneration complete! Total build time: 1.517s
2020-11-08T05:43:11.196Z - info: [1:43:11 PM] Reload for file change: C:\repos\nus-cs2103-AY2021S1\cs2103-website\admin\tp-grading-bugs.mbdf
2020-11-08T05:43:12.220Z - info: Rebuilding 1 pages
2020-11-08T05:43:13.934Z - info: Pages rebuilt
2020-11-08T05:43:13.934Z - info: Website regeneration complete! Total build time: 1.719s
2020-11-08T05:43:13.950Z - info: Site data built
2020-11-08T06:34:54.260Z - info: [2:34:54 PM] Reload for file change: C:\repos\nus-cs2103-AY2021S1\cs2103-website\admin\tp-pe.mbdf
2020-11-08T06:34:55.288Z - info: Rebuilding 1 pages
2020-11-08T06:34:56.910Z - info: Pages rebuilt
2020-11-08T06:34:56.910Z - info: Website regeneration complete! Total build time: 1.636s
2020-11-08T06:34:56.919Z - info: Site data built
2020-11-08T06:37:26.022Z - info: [2:37:26 PM] Reload for file change: C:\repos\nus-cs2103-AY2021S1\cs2103-website\admin\tp-pe.mbdf
2020-11-08T06:37:27.029Z - info: Rebuilding 1 pages
2020-11-08T06:37:28.677Z - info: Pages rebuilt
2020-11-08T06:37:28.677Z - info: Website regeneration complete! Total build time: 1.65s
2020-11-08T06:37:28.729Z - info: Site data built
2020-11-08T06:38:58.731Z - info: [2:38:58 PM] Reload for file change: C:\repos\nus-cs2103-AY2021S1\cs2103-website\admin\tp-pe.mbdf
2020-11-08T06:38:59.737Z - info: Rebuilding 1 pages
2020-11-08T06:39:01.256Z - info: Pages rebuilt
2020-11-08T06:39:01.256Z - info: Website regeneration complete! Total build time: 1.521s
2020-11-08T06:39:01.272Z - info: Site data built
2020-11-08T06:40:17.787Z - info: [2:40:17 PM] Reload for file change: C:\repos\nus-cs2103-AY2021S1\cs2103-website\admin\tp-pe.mbdf
2020-11-08T06:40:18.792Z - info: Rebuilding 1 pages
2020-11-08T06:40:20.443Z - info: Pages rebuilt
2020-11-08T06:40:20.443Z - info: Website regeneration complete! Total build time: 1.653s
2020-11-08T06:40:20.451Z - info: Site data built
2020-11-08T06:42:14.441Z - info: [2:42:14 PM] Reload for file change: C:\repos\nus-cs2103-AY2021S1\cs2103-website\admin\tp-pe.mbdf
2020-11-08T06:42:15.453Z - info: Rebuilding 1 pages
2020-11-08T06:42:17.159Z - info: Pages rebuilt
2020-11-08T06:42:17.159Z - info: Website regeneration complete! Total build time: 1.712s
2020-11-08T06:42:17.180Z - info: Site data built
2020-11-08T06:43:10.328Z - info: [2:43:10 PM] Reload for file change: C:\repos\nus-cs2103-AY2021S1\cs2103-website\admin\tp-pe.mbdf
2020-11-08T06:43:11.341Z - info: Rebuilding 1 pages
2020-11-08T06:43:12.887Z - info: Pages rebuilt
2020-11-08T06:43:12.887Z - info: Website regeneration complete! Total build time: 1.55s
2020-11-08T06:43:12.895Z - info: Site data built
2020-11-08T06:43:53.320Z - info: [2:43:53 PM] Reload for file change: C:\repos\nus-cs2103-AY2021S1\cs2103-website\admin\tp-pe.mbdf
2020-11-08T06:43:54.362Z - info: Rebuilding 1 pages
2020-11-08T06:43:56.135Z - info: Pages rebuilt
2020-11-08T06:43:56.135Z - info: Website regeneration complete! Total build time: 1.78s
2020-11-08T06:43:56.150Z - info: Site data built
2020-11-08T06:44:08.646Z - info: [2:44:08 PM] Reload for file change: C:\repos\nus-cs2103-AY2021S1\cs2103-website\admin\tp-pe.mbdf
2020-11-08T06:44:09.656Z - info: Rebuilding 1 pages
2020-11-08T06:44:10.929Z - info: Pages rebuilt
2020-11-08T06:44:10.929Z - info: Website regeneration complete! Total build time: 1.277s
2020-11-08T06:44:10.934Z - info: Site data built
2020-11-08T06:44:43.444Z - info: [2:44:43 PM] Reload for file change: C:\repos\nus-cs2103-AY2021S1\cs2103-website\admin\tp-pe.mbdf
2020-11-08T06:44:44.459Z - info: Rebuilding 1 pages
2020-11-08T06:44:46.120Z - info: Pages rebuilt
2020-11-08T06:44:46.120Z - info: Website regeneration complete! Total build time: 1.667s
2020-11-08T06:44:46.129Z - info: Site data built
2020-11-08T06:45:04.208Z - info: [2:45:04 PM] Reload for file change: C:\repos\nus-cs2103-AY2021S1\cs2103-website\admin\tp-pe.mbdf
2020-11-08T06:45:05.212Z - info: Rebuilding 1 pages
2020-11-08T06:45:06.415Z - info: Pages rebuilt
2020-11-08T06:45:06.416Z - info: Website regeneration complete! Total build time: 1.206s
2020-11-08T06:45:06.421Z - info: Site data built
2020-11-08T06:49:26.115Z - info: [2:49:26 PM] Reload for file change: C:\repos\nus-cs2103-AY2021S1\cs2103-website\admin\policies.mbdf
2020-11-08T06:49:27.131Z - info: No pages needed to be rebuilt
2020-11-08T06:51:15.899Z - info: [2:51:15 PM] Reload for file change: C:\repos\nus-cs2103-AY2021S1\cs2103-website\admin\tp-pe.mbdf
2020-11-08T06:51:16.914Z - info: Rebuilding 1 pages
2020-11-08T06:51:18.752Z - info: Pages rebuilt
2020-11-08T06:51:18.752Z - info: Website regeneration complete! Total build time: 1.844s
2020-11-08T06:51:18.758Z - info: Site data built
2020-11-08T06:53:04.505Z - info: [2:53:04 PM] Reload for file change: C:\repos\nus-cs2103-AY2021S1\cs2103-website\admin\tp-ped.mbdf
2020-11-08T06:53:05.518Z - info: Rebuilding 1 pages
2020-11-08T06:53:07.147Z - info: Pages rebuilt
2020-11-08T06:53:07.148Z - info: Website regeneration complete! Total build time: 1.637s
2020-11-08T06:53:07.165Z - info: Site data built
2020-11-08T06:54:44.069Z - info: [2:54:44 PM] Reload for file change: C:\repos\nus-cs2103-AY2021S1\cs2103-website\admin\tp-ped.mbdf
2020-11-08T06:54:45.081Z - info: Rebuilding 1 pages
2020-11-08T06:54:46.652Z - info: Pages rebuilt
2020-11-08T06:54:46.652Z - info: Website regeneration complete! Total build time: 1.578s
2020-11-08T06:54:46.674Z - info: Site data built
2020-11-08T07:18:31.653Z - info: Website generation started at 3:18:27 PM
2020-11-08T07:18:45.239Z - info: Building assets...
2020-11-08T07:18:52.751Z - info: Assets built
2020-11-08T07:18:52.752Z - info: Generating pages...
2020-11-08T07:19:09.127Z - debug: The process cannot access the file because it is being used by another process.

2020-11-08T07:19:09.137Z - debug: The process cannot access the file because it is being used by another process.

2020-11-08T07:19:13.890Z - debug:  
2020-11-08T07:19:13.891Z - debug:  
2020-11-08T07:19:13.891Z - debug:  
2020-11-08T07:19:13.891Z - debug:  
2020-11-08T07:19:13.891Z - debug:  
2020-11-08T07:19:19.371Z - debug:  
2020-11-08T07:19:19.371Z - debug: The process cannot access the file because it is being used by another process.

2020-11-08T07:19:19.371Z - debug: The process cannot access the file because it is being used by another process.

2020-11-08T07:19:19.372Z - debug: The process cannot access the file because it is being used by another process.

2020-11-08T07:19:19.372Z - debug: The process cannot access the file because it is being used by another process.

2020-11-08T07:19:19.372Z - debug:  
2020-11-08T07:19:19.372Z - debug:  
2020-11-08T07:19:19.489Z - debug:  
2020-11-08T07:19:19.490Z - debug:  
2020-11-08T07:19:22.170Z - debug: The process cannot access the file because it is being used by another process.

2020-11-08T07:19:22.171Z - debug: The process cannot access the file because it is being used by another process.

2020-11-08T07:19:22.171Z - debug: The process cannot access the file because it is being used by another process.

2020-11-08T07:19:22.172Z - debug: The process cannot access the file because it is being used by another process.

2020-11-08T07:19:23.469Z - debug:  
2020-11-08T07:19:23.508Z - debug:  
2020-11-08T07:19:40.434Z - debug: The process cannot access the file because it is being used by another process.

2020-11-08T07:19:41.163Z - debug: The process cannot access the file because it is being used by another process.

2020-11-08T07:19:42.012Z - debug: The process cannot access the file because it is being used by another process.

2020-11-08T07:19:42.047Z - debug:  
2020-11-08T07:19:44.291Z - debug: The process cannot access the file because it is being used by another process.

2020-11-08T07:19:44.997Z - debug: The process cannot access the file because it is being used by another process.

2020-11-08T07:19:46.255Z - debug:  
2020-11-08T07:19:48.144Z - debug:  
2020-11-08T07:19:50.065Z - debug: The process cannot access the file because it is being used by another process.

2020-11-08T07:19:50.066Z - debug: The process cannot access the file because it is being used by another process.

2020-11-08T07:19:51.990Z - debug: The process cannot access the file because it is being used by another process.

2020-11-08T07:19:51.991Z - debug: The process cannot access the file because it is being used by another process.

2020-11-08T07:19:52.167Z - debug:  
2020-11-08T07:19:54.332Z - debug:  
2020-11-08T07:19:55.771Z - debug:  
2020-11-08T07:19:55.829Z - debug:  
2020-11-08T07:20:03.426Z - debug: The process cannot access the file because it is being used by another process.

2020-11-08T07:20:05.384Z - debug: The process cannot access the file because it is being used by another process.

2020-11-08T07:20:05.656Z - debug:  
2020-11-08T07:20:31.824Z - debug:  
2020-11-08T07:20:32.048Z - debug:  
2020-11-08T07:20:32.049Z - debug:  
2020-11-08T07:20:32.051Z - debug:  
2020-11-08T07:20:33.560Z - debug: The process cannot access the file because it is being used by another process.

2020-11-08T07:20:36.956Z - debug:  
2020-11-08T07:20:37.401Z - debug:  
2020-11-08T07:20:37.402Z - debug:  
2020-11-08T07:20:44.515Z - debug:  
2020-11-08T07:20:47.659Z - debug:  
2020-11-08T07:20:47.660Z - debug:  
2020-11-08T07:20:47.660Z - debug:  
2020-11-08T07:20:47.660Z - debug:  
2020-11-08T07:20:53.282Z - debug: The process cannot access the file because it is being used by another process.

2020-11-08T07:20:55.445Z - debug:  
2020-11-08T07:20:57.272Z - debug:  
2020-11-08T07:20:57.273Z - debug:  
2020-11-08T07:21:03.217Z - debug:  
2020-11-08T07:21:16.478Z - debug:  
2020-11-08T07:21:17.770Z - debug:  
2020-11-08T07:21:17.770Z - debug:  
2020-11-08T07:21:22.701Z - debug:  
2020-11-08T07:21:22.701Z - debug:  
2020-11-08T07:21:40.693Z - debug:  
2020-11-08T07:21:41.889Z - debug:  
2020-11-08T07:22:14.163Z - debug:  
2020-11-08T07:22:29.036Z - debug:  
2020-11-08T07:22:29.036Z - debug:  
2020-11-08T07:22:40.865Z - info: Pages built
2020-11-08T07:23:09.967Z - info: Website generation complete! Total build time: 282.179s
2020-11-08T07:23:09.970Z - info: Build success!
2020-11-08T07:23:09.971Z - debug:  
2020-11-08T07:23:09.973Z - info: Site data built
2020-11-08T07:23:57.997Z - info: Deployed!
2020-11-08T09:08:12.267Z - info: Website generation started at 5:08:06 PM
2020-11-08T09:08:21.524Z - info: Building assets...
2020-11-08T09:08:27.152Z - info: Assets built
2020-11-08T09:08:27.153Z - info: Generating pages...
2020-11-08T09:08:41.004Z - debug: The process cannot access the file because it is being used by another process.

2020-11-08T09:08:41.005Z - debug: The process cannot access the file because it is being used by another process.

2020-11-08T09:08:44.435Z - debug:  
2020-11-08T09:08:44.435Z - debug:  
2020-11-08T09:08:44.435Z - debug:  
2020-11-08T09:08:44.435Z - debug:  
2020-11-08T09:08:44.435Z - debug:  
2020-11-08T09:08:45.832Z - debug:  
2020-11-08T09:08:45.896Z - debug:  
2020-11-08T09:08:45.896Z - debug:  
2020-11-08T09:08:50.370Z - debug: The process cannot access the file because it is being used by another process.

2020-11-08T09:08:50.371Z - debug:  
2020-11-08T09:08:50.371Z - debug: The process cannot access the file because it is being used by another process.

2020-11-08T09:08:50.371Z - debug:  
2020-11-08T09:08:51.916Z - debug: The process cannot access the file because it is being used by another process.

2020-11-08T09:08:51.916Z - debug: The process cannot access the file because it is being used by another process.

2020-11-08T09:08:52.247Z - debug:  
2020-11-08T09:08:52.247Z - debug:  
2020-11-08T09:08:52.570Z - debug: The process cannot access the file because it is being used by another process.

2020-11-08T09:08:52.571Z - debug: The process cannot access the file because it is being used by another process.

2020-11-08T09:08:55.604Z - debug:  
2020-11-08T09:08:55.755Z - debug:  
2020-11-08T09:09:10.032Z - debug: The process cannot access the file because it is being used by another process.

2020-11-08T09:09:10.032Z - debug: The process cannot access the file because it is being used by another process.

2020-11-08T09:09:10.035Z - debug:  
2020-11-08T09:09:11.251Z - debug: The process cannot access the file because it is being used by another process.

2020-11-08T09:09:11.818Z - debug: The process cannot access the file because it is being used by another process.

2020-11-08T09:09:12.275Z - debug:  
2020-11-08T09:09:14.262Z - debug: The process cannot access the file because it is being used by another process.

2020-11-08T09:09:14.537Z - debug:  
2020-11-08T09:09:17.814Z - debug: The process cannot access the file because it is being used by another process.

2020-11-08T09:09:17.815Z - debug: The process cannot access the file because it is being used by another process.

2020-11-08T09:09:19.082Z - debug: The process cannot access the file because it is being used by another process.

2020-11-08T09:09:19.082Z - debug: The process cannot access the file because it is being used by another process.

2020-11-08T09:09:19.084Z - debug:  
2020-11-08T09:09:21.557Z - debug:  
2020-11-08T09:09:23.084Z - debug:  
2020-11-08T09:09:23.231Z - debug:  
2020-11-08T09:09:28.910Z - debug: The process cannot access the file because it is being used by another process.

2020-11-08T09:09:30.982Z - debug: The process cannot access the file because it is being used by another process.

2020-11-08T09:09:31.433Z - debug:  
2020-11-08T09:09:52.198Z - debug:  
2020-11-08T09:09:52.202Z - debug:  
2020-11-08T09:09:52.202Z - debug:  
2020-11-08T09:09:52.203Z - debug:  
2020-11-08T09:09:54.085Z - debug: The process cannot access the file because it is being used by another process.

2020-11-08T09:09:58.671Z - debug:  
2020-11-08T09:09:58.672Z - debug:  
2020-11-08T09:09:58.821Z - debug:  
2020-11-08T09:10:09.004Z - debug:  
2020-11-08T09:10:09.004Z - debug:  
2020-11-08T09:10:09.006Z - debug:  
2020-11-08T09:10:09.006Z - debug:  
2020-11-08T09:10:09.006Z - debug:  
2020-11-08T09:10:13.384Z - debug: The process cannot access the file because it is being used by another process.

2020-11-08T09:10:15.922Z - debug:  
2020-11-08T09:10:17.650Z - debug:  
2020-11-08T09:10:17.650Z - debug:  
2020-11-08T09:10:22.134Z - debug:  
2020-11-08T09:10:35.499Z - debug:  
2020-11-08T09:10:35.500Z - debug:  
2020-11-08T09:10:35.500Z - debug:  
2020-11-08T09:10:42.753Z - debug:  
2020-11-08T09:10:42.753Z - debug:  
2020-11-08T09:10:56.448Z - debug:  
2020-11-08T09:10:56.448Z - debug:  
2020-11-08T09:11:23.194Z - debug:  
2020-11-08T09:11:37.995Z - debug:  
2020-11-08T09:11:37.996Z - debug:  
2020-11-08T09:11:49.663Z - info: Pages built
2020-11-08T09:12:14.334Z - info: Website generation complete! Total build time: 247.757s
2020-11-08T09:12:14.338Z - info: Build success!
2020-11-08T09:12:14.338Z - debug:  
2020-11-08T09:12:14.341Z - info: Site data built
2020-11-08T09:12:52.590Z - info: Deployed!
