2020-11-05T03:11:03.335Z - info: Website generation (lazy) started at 11:10:57 AM
2020-11-05T03:11:16.889Z - info: Building assets...
2020-11-05T03:11:24.677Z - info: Assets built
2020-11-05T03:11:24.679Z - info: Generating landing page...
2020-11-05T03:11:25.642Z - info: Landing page built, other pages will be built as you navigate to them!
2020-11-05T03:11:25.740Z - info: Website generation (lazy) complete! Total build time: 28.301s
2020-11-05T03:11:26.725Z - info: Serving "C:\repos\nus-cs2103-AY2021S1\cs2103-website\_site" at http://127.0.0.1:8080
2020-11-05T03:11:26.726Z - info: Press CTRL+C to stop ...
2020-11-05T03:11:26.802Z - info: Site data built
2020-11-05T03:11:27.277Z - info: [11:11:27 AM] Reload for file change: C:\repos\nus-cs2103-AY2021S1\cs2103-website\admin\tp-tasks.mbdf
2020-11-05T03:11:28.540Z - info: Rebuilding 1 pages
2020-11-05T03:11:30.326Z - info: Pages rebuilt
2020-11-05T03:11:30.326Z - info: Website regeneration complete! Total build time: 1.787s
2020-11-05T03:11:30.690Z - info: Site data built
2020-11-05T03:11:40.278Z - info: Building C:\repos\nus-cs2103-AY2021S1\cs2103-website\schedule\week13\index as some of its dependencies were changed since the last visit
2020-11-05T03:11:40.782Z - info: Site data built
2020-11-05T03:11:40.782Z - info: Lazy website regeneration complete! Total build time: 0.505s
2020-11-05T03:11:44.245Z - info: Building C:\repos\nus-cs2103-AY2021S1\cs2103-website\schedule\week13\project as some of its dependencies were changed since the last visit
2020-11-05T03:11:46.586Z - info: Site data built
2020-11-05T03:11:46.588Z - info: Lazy website regeneration complete! Total build time: 2.343s
2020-11-05T03:12:56.789Z - info: [11:12:56 AM] Reload for file change: C:\repos\nus-cs2103-AY2021S1\cs2103-website\admin\tp-tasks.mbdf
2020-11-05T03:12:57.828Z - info: Rebuilding 1 pages
2020-11-05T03:12:59.973Z - info: Pages rebuilt
2020-11-05T03:12:59.974Z - info: Website regeneration complete! Total build time: 2.149s
2020-11-05T03:12:59.981Z - info: Site data built
2020-11-05T03:13:11.785Z - info: [11:13:11 AM] Reload for file change: C:\repos\nus-cs2103-AY2021S1\cs2103-website\admin\tp-tasks.mbdf
2020-11-05T03:13:12.791Z - info: Rebuilding 1 pages
2020-11-05T03:13:14.411Z - info: Pages rebuilt
2020-11-05T03:13:14.411Z - info: Website regeneration complete! Total build time: 1.621s
2020-11-05T03:13:14.416Z - info: Site data built
2020-11-05T03:13:43.885Z - info: [11:13:43 AM] Reload for file change: C:\repos\nus-cs2103-AY2021S1\cs2103-website\admin\tp-tasks.mbdf
2020-11-05T03:13:44.905Z - info: Rebuilding 1 pages
2020-11-05T03:13:47.180Z - info: Pages rebuilt
2020-11-05T03:13:47.180Z - info: Website regeneration complete! Total build time: 2.284s
2020-11-05T03:13:47.187Z - info: Site data built
2020-11-05T03:14:10.447Z - info: [11:14:10 AM] Reload for file change: C:\repos\nus-cs2103-AY2021S1\cs2103-website\admin\tp-tasks.mbdf
2020-11-05T03:14:11.456Z - info: Rebuilding 1 pages
2020-11-05T03:14:13.458Z - info: Pages rebuilt
2020-11-05T03:14:13.458Z - info: Website regeneration complete! Total build time: 2.007s
2020-11-05T03:14:13.463Z - info: Site data built
2020-11-05T03:15:22.137Z - info: [11:15:22 AM] Reload for file change: C:\repos\nus-cs2103-AY2021S1\cs2103-website\admin\tp-tasks.mbdf
2020-11-05T03:15:23.153Z - info: Rebuilding 1 pages
2020-11-05T03:15:25.181Z - info: Pages rebuilt
2020-11-05T03:15:25.181Z - info: Website regeneration complete! Total build time: 2.03s
2020-11-05T03:15:25.190Z - info: Site data built
2020-11-05T03:16:57.081Z - info: Building C:\repos\nus-cs2103-AY2021S1\cs2103-website\schedule\week12\project as some of its dependencies were changed since the last visit
2020-11-05T03:16:59.945Z - info: Site data built
2020-11-05T03:16:59.949Z - info: Lazy website regeneration complete! Total build time: 2.868s
2020-11-05T03:23:55.683Z - info: [11:23:55 AM] Reload for file change: C:\repos\nus-cs2103-AY2021S1\cs2103-website\admin\tp-tasks.mbdf
2020-11-05T03:23:56.708Z - info: Rebuilding 1 pages
2020-11-05T03:23:59.684Z - info: Pages rebuilt
2020-11-05T03:23:59.685Z - info: Website regeneration complete! Total build time: 2.989s
2020-11-05T03:23:59.694Z - info: Site data built
2020-11-05T03:24:14.705Z - info: Website generation started at 11:24:11 AM
2020-11-05T03:24:28.136Z - info: Building assets...
