2020-07-11T16:29:29.284Z - info: Website generation (lazy) started at 12:29:26 AM
2020-07-11T16:29:40.510Z - info: Building assets...
2020-07-11T16:29:46.970Z - info: Assets built
2020-07-11T16:29:46.971Z - info: Generating landing page...
2020-07-11T16:29:48.030Z - info: Landing page built, other pages will be built as you navigate to them!
2020-07-11T16:29:48.157Z - info: Website generation (lazy) complete! Total build time: 22.103s
2020-07-11T16:29:49.079Z - info: Serving "C:\repos\nus-cs2103-AY2021S1\cs2103-website\_site" at http://127.0.0.1:8080
2020-07-11T16:29:49.080Z - info: Press CTRL+C to stop ...
2020-07-11T16:29:49.143Z - info: Site data built
2020-07-11T16:30:18.265Z - info: Building C:\repos\nus-cs2103-AY2021S1\cs2103-website\se-book-adapted\index as some of its dependencies were changed since the last visit
2020-07-11T16:30:18.651Z - info: Site data built
2020-07-11T16:30:18.652Z - info: Lazy website regeneration complete! Total build time: 0.387s
2020-07-11T16:30:24.594Z - info: Building C:\repos\nus-cs2103-AY2021S1\cs2103-website\se-book-adapted\chapters\uml as some of its dependencies were changed since the last visit
2020-07-11T16:30:37.505Z - info: Site data built
2020-07-11T16:30:37.506Z - info: Lazy website regeneration complete! Total build time: 12.912s
2020-07-11T16:30:38.123Z - debug:  
2020-07-11T16:30:38.459Z - debug:  
2020-07-11T16:30:38.466Z - debug:  
2020-07-11T16:30:38.467Z - debug:  
2020-07-11T16:37:53.913Z - info: Website generation (lazy) started at 12:37:50 AM
2020-07-11T16:38:04.602Z - info: Building assets...
2020-07-11T16:38:10.814Z - info: Assets built
2020-07-11T16:38:10.815Z - info: Generating landing page...
2020-07-11T16:38:11.572Z - info: Landing page built, other pages will be built as you navigate to them!
2020-07-11T16:38:11.706Z - info: Website generation (lazy) complete! Total build time: 20.846s
2020-07-11T16:38:12.556Z - info: Serving "C:\repos\nus-cs2103-AY2021S1\cs2103-website\_site" at http://127.0.0.1:8080
2020-07-11T16:38:12.556Z - info: Press CTRL+C to stop ...
2020-07-11T16:38:12.608Z - info: Site data built
2020-07-11T16:39:57.460Z - info: Building C:\repos\nus-cs2103-AY2021S1\cs2103-website\schedule\timeline as some of its dependencies were changed since the last visit
2020-07-11T16:40:03.434Z - info: Site data built
2020-07-11T16:40:03.435Z - info: Lazy website regeneration complete! Total build time: 5.986s
2020-07-11T16:47:01.219Z - info: Building C:\repos\nus-cs2103-AY2021S1\cs2103-website\admin\index as some of its dependencies were changed since the last visit
2020-07-11T16:47:01.962Z - info: Site data built
2020-07-11T16:47:01.962Z - info: Lazy website regeneration complete! Total build time: 0.744s
2020-07-11T16:48:23.490Z - info: Website generation (lazy) started at 12:48:18 AM
2020-07-11T16:48:32.548Z - info: Building assets...
2020-07-11T16:48:38.880Z - info: Assets built
2020-07-11T16:48:38.886Z - info: Generating landing page...
2020-07-11T16:48:39.898Z - info: Landing page built, other pages will be built as you navigate to them!
2020-07-11T16:48:40.001Z - info: Website generation (lazy) complete! Total build time: 21.269s
2020-07-11T16:48:40.954Z - info: Serving "C:\repos\nus-cs2103-AY2021S1\cs2103-website\_site" at http://127.0.0.1:8080
2020-07-11T16:48:40.954Z - info: Press CTRL+C to stop ...
2020-07-11T16:48:41.019Z - info: Site data built
2020-07-11T16:48:58.122Z - info: [12:48:58 AM] Reload for file change: C:\repos\nus-cs2103-AY2021S1\cs2103-website\admin\moduleOverview.md
2020-07-11T16:48:59.126Z - info: Rebuilding 1 pages
2020-07-11T16:48:59.409Z - info: Pages rebuilt
2020-07-11T16:48:59.409Z - info: Website regeneration complete! Total build time: 0.285s
2020-07-11T16:48:59.413Z - info: Site data built
2020-07-11T16:49:08.655Z - info: Building C:\repos\nus-cs2103-AY2021S1\cs2103-website\admin\usingThisWebsite as some of its dependencies were changed since the last visit
2020-07-11T16:49:09.329Z - info: Site data built
2020-07-11T16:49:09.331Z - info: Lazy website regeneration complete! Total build time: 0.676s
2020-07-11T16:49:28.506Z - info: Building C:\repos\nus-cs2103-AY2021S1\cs2103-website\admin\moduleExpectations as some of its dependencies were changed since the last visit
2020-07-11T16:49:28.928Z - info: Site data built
2020-07-11T16:49:28.929Z - info: Lazy website regeneration complete! Total build time: 0.423s
2020-07-11T16:51:20.626Z - info: [12:51:20 AM] Reload for file change: C:\repos\nus-cs2103-AY2021S1\cs2103-website\admin\moduleExpectations.md
2020-07-11T16:51:21.629Z - info: Rebuilding 1 pages
2020-07-11T16:51:21.959Z - info: Pages rebuilt
2020-07-11T16:51:21.959Z - info: Website regeneration complete! Total build time: 0.332s
2020-07-11T16:51:21.996Z - info: Site data built
2020-07-11T16:51:30.337Z - info: Building C:\repos\nus-cs2103-AY2021S1\cs2103-website\admin\weeklySchedule as some of its dependencies were changed since the last visit
2020-07-11T16:51:30.838Z - info: Site data built
2020-07-11T16:51:30.839Z - info: Lazy website regeneration complete! Total build time: 0.502s
2020-07-11T16:52:22.471Z - info: [12:52:22 AM] Reload for file change: C:\repos\nus-cs2103-AY2021S1\cs2103-website\admin\weeklySchedule.md
2020-07-11T16:52:23.476Z - info: Rebuilding 1 pages
2020-07-11T16:52:23.938Z - info: Pages rebuilt
2020-07-11T16:52:23.938Z - info: Website regeneration complete! Total build time: 0.465s
2020-07-11T16:52:23.946Z - info: Site data built
2020-07-11T16:54:57.014Z - info: [12:54:57 AM] Reload for file change: C:\repos\nus-cs2103-AY2021S1\cs2103-website\admin\weeklySchedule.md
2020-07-11T16:54:58.044Z - info: Rebuilding 1 pages
2020-07-11T16:54:58.748Z - info: Pages rebuilt
2020-07-11T16:54:58.748Z - info: Website regeneration complete! Total build time: 0.728s
2020-07-11T16:54:58.754Z - info: Site data built
2020-07-11T16:55:08.883Z - info: [12:55:08 AM] Reload for file change: C:\repos\nus-cs2103-AY2021S1\cs2103-website\admin\weeklySchedule.md
2020-07-11T16:55:09.885Z - info: Rebuilding 1 pages
2020-07-11T16:55:10.473Z - info: Pages rebuilt
2020-07-11T16:55:10.473Z - info: Website regeneration complete! Total build time: 0.59s
2020-07-11T16:55:10.508Z - info: Site data built
2020-07-11T16:56:59.665Z - info: [12:56:59 AM] Reload for file change: C:\repos\nus-cs2103-AY2021S1\cs2103-website\admin\weeklySchedule.md
2020-07-11T16:57:00.672Z - info: Rebuilding 1 pages
2020-07-11T16:57:00.999Z - info: Pages rebuilt
2020-07-11T16:57:01.000Z - info: Website regeneration complete! Total build time: 0.331s
2020-07-11T16:57:01.002Z - info: Site data built
2020-07-11T16:57:05.031Z - info: Building C:\repos\nus-cs2103-AY2021S1\cs2103-website\admin\lectures as some of its dependencies were changed since the last visit
2020-07-11T16:57:05.300Z - info: Site data built
2020-07-11T16:57:05.301Z - info: Lazy website regeneration complete! Total build time: 0.27s
2020-07-11T17:01:33.895Z - info: [1:01:33 AM] Reload for file change: C:\repos\nus-cs2103-AY2021S1\cs2103-website\_module-CS2103\timetables.mbdf
2020-07-11T17:01:33.896Z - info: [1:01:33 AM] Reload for file change: C:\repos\nus-cs2103-AY2021S1\cs2103-website\admin\lectures.md
2020-07-11T17:01:33.902Z - info: [1:01:33 AM] Reload for file change: C:\repos\nus-cs2103-AY2021S1\cs2103-website\_module-CS2113\timetables.mbdf
2020-07-11T17:01:33.911Z - info: [1:01:33 AM] Reload for file change: C:\repos\nus-cs2103-AY2021S1\cs2103-website\_module-TIC4001\timetables.mbdf
2020-07-11T17:01:34.905Z - info: Rebuilding 1 pages
2020-07-11T17:01:35.136Z - info: Pages rebuilt
2020-07-11T17:01:35.137Z - info: Website regeneration complete! Total build time: 0.238s
2020-07-11T17:01:35.141Z - info: Site data built
2020-07-11T17:01:52.618Z - info: [1:01:52 AM] Reload for file change: C:\repos\nus-cs2103-AY2021S1\cs2103-website\_module-TIC4001\timetables.mbdf
2020-07-11T17:01:53.623Z - info: No pages needed to be rebuilt
2020-07-11T17:09:06.762Z - info: [1:09:06 AM] Reload for file change: C:\repos\nus-cs2103-AY2021S1\cs2103-website\admin\lectures.md
2020-07-11T17:09:07.767Z - info: Rebuilding 1 pages
2020-07-11T17:09:08.051Z - info: Pages rebuilt
2020-07-11T17:09:08.052Z - info: Website regeneration complete! Total build time: 0.289s
2020-07-11T17:09:08.058Z - info: Site data built
2020-07-11T17:09:19.660Z - info: [1:09:19 AM] Reload for file change: C:\repos\nus-cs2103-AY2021S1\cs2103-website\_module-TIC4001\timetables.mbdf
2020-07-11T17:09:20.666Z - info: No pages needed to be rebuilt
2020-07-11T17:09:31.358Z - info: [1:09:31 AM] Reload for file change: C:\repos\nus-cs2103-AY2021S1\cs2103-website\_module-TIC4001\timetables.mbdf
2020-07-11T17:09:32.360Z - info: No pages needed to be rebuilt
2020-07-11T17:09:51.207Z - info: [1:09:51 AM] Reload for file change: C:\repos\nus-cs2103-AY2021S1\cs2103-website\admin\lectures.md
2020-07-11T17:09:52.220Z - info: Rebuilding 1 pages
2020-07-11T17:09:52.642Z - info: Pages rebuilt
2020-07-11T17:09:52.643Z - info: Website regeneration complete! Total build time: 0.43s
2020-07-11T17:09:52.677Z - info: Site data built
2020-07-11T17:10:36.887Z - info: [1:10:36 AM] Reload for file change: C:\repos\nus-cs2103-AY2021S1\cs2103-website\_module-TIC4001\timetables.mbdf
2020-07-11T17:10:37.890Z - info: No pages needed to be rebuilt
2020-07-11T17:11:04.018Z - info: [1:11:04 AM] Reload for file change: C:\repos\nus-cs2103-AY2021S1\cs2103-website\admin\lectures.md
2020-07-11T17:11:04.023Z - info: [1:11:04 AM] Reload for file change: C:\repos\nus-cs2103-AY2021S1\cs2103-website\_module-TIC4001\timetables.mbdf
2020-07-11T17:11:05.026Z - info: Rebuilding 1 pages
2020-07-11T17:11:05.343Z - info: Pages rebuilt
2020-07-11T17:11:05.343Z - info: Website regeneration complete! Total build time: 0.321s
2020-07-11T17:11:05.356Z - info: Site data built
2020-07-11T17:12:00.972Z - info: [1:12:00 AM] Reload for file change: C:\repos\nus-cs2103-AY2021S1\cs2103-website\admin\lectures.md
2020-07-11T17:12:01.981Z - info: Rebuilding 1 pages
2020-07-11T17:12:02.255Z - info: Pages rebuilt
2020-07-11T17:12:02.255Z - info: Website regeneration complete! Total build time: 0.282s
2020-07-11T17:12:02.258Z - info: Site data built
2020-07-11T17:12:13.356Z - info: Building C:\repos\nus-cs2103-AY2021S1\cs2103-website\admin\tutorials as some of its dependencies were changed since the last visit
2020-07-11T17:12:13.422Z - error:  Error: No such segment 'tutorials-s1' in file: C:\repos\nus-cs2103-AY2021S1\cs2103-website\_module-tic4001\timetables.mbdf
Missing reference in C:\repos\nus-cs2103-AY2021S1\cs2103-website\admin\tutorials.md
    at _preprocessInclude (C:\repos\markbind\markbind\packages\core\src\preprocessors\componentPreprocessor.js:264:21)
    at preProcessComponent (C:\repos\markbind\markbind\packages\core\src\preprocessors\componentPreprocessor.js:349:12)
    at C:\repos\markbind\markbind\packages\core\src\preprocessors\componentPreprocessor.js:356:52
    at Array.map (<anonymous>)
    at preProcessComponent (C:\repos\markbind\markbind\packages\core\src\preprocessors\componentPreprocessor.js:356:43)
    at C:\repos\markbind\markbind\packages\core\src\preprocessors\componentPreprocessor.js:124:46
    at Array.map (<anonymous>)
    at _preProcessPanel (C:\repos\markbind\markbind\packages\core\src\preprocessors\componentPreprocessor.js:124:37)
    at preProcessComponent (C:\repos\markbind\markbind\packages\core\src\preprocessors\componentPreprocessor.js:343:12)
    at C:\repos\markbind\markbind\packages\core\src\preprocessors\componentPreprocessor.js:356:52
    at Array.map (<anonymous>)
    at preProcessComponent (C:\repos\markbind\markbind\packages\core\src\preprocessors\componentPreprocessor.js:356:43)
    at C:\repos\markbind\markbind\packages\core\src\preprocessors\componentPreprocessor.js:356:52
    at Array.map (<anonymous>)
    at Object.preProcessComponent (C:\repos\markbind\markbind\packages\core\src\preprocessors\componentPreprocessor.js:356:43)
    at C:\repos\markbind\markbind\packages\core\src\Parser.js:187:47
2020-07-11T17:12:13.784Z - info: Site data built
2020-07-11T17:12:13.784Z - info: Lazy website regeneration complete! Total build time: 0.428s
2020-07-11T17:14:31.867Z - info: [1:14:31 AM] Reload for file change: C:\repos\nus-cs2103-AY2021S1\cs2103-website\common\admin.njk
2020-07-11T17:14:32.926Z - info: Assets built
2020-07-11T17:14:48.385Z - info: Website generation (lazy) started at 1:14:45 AM
2020-07-11T17:14:58.413Z - info: Building assets...
