2020-11-11T04:23:05.077Z - info: Website generation started at 12:22:55 PM
2020-11-11T04:23:16.062Z - info: Building assets...
2020-11-11T04:23:22.059Z - info: Assets built
2020-11-11T04:23:22.060Z - info: Generating pages...
2020-11-11T04:23:44.347Z - debug: The process cannot access the file because it is being used by another process.

2020-11-11T04:23:44.348Z - debug: The process cannot access the file because it is being used by another process.

2020-11-11T04:23:48.834Z - debug:  
2020-11-11T04:23:48.837Z - debug:  
2020-11-11T04:23:48.837Z - debug:  
2020-11-11T04:23:48.837Z - debug:  
2020-11-11T04:23:48.838Z - debug:  
2020-11-11T04:23:50.320Z - debug:  
2020-11-11T04:23:50.651Z - debug:  
2020-11-11T04:23:50.671Z - debug:  
2020-11-11T04:23:55.212Z - debug: The process cannot access the file because it is being used by another process.

2020-11-11T04:23:55.213Z - debug: The process cannot access the file because it is being used by another process.

2020-11-11T04:23:55.213Z - debug:  
2020-11-11T04:23:55.213Z - debug:  
2020-11-11T04:23:56.633Z - debug: The process cannot access the file because it is being used by another process.

2020-11-11T04:23:56.633Z - debug: The process cannot access the file because it is being used by another process.

2020-11-11T04:23:56.856Z - debug:  
2020-11-11T04:23:56.856Z - debug:  
2020-11-11T04:23:57.188Z - debug: The process cannot access the file because it is being used by another process.

2020-11-11T04:23:57.189Z - debug: The process cannot access the file because it is being used by another process.

2020-11-11T04:24:00.900Z - debug:  
2020-11-11T04:24:00.901Z - debug:  
2020-11-11T04:24:18.254Z - debug: The process cannot access the file because it is being used by another process.

2020-11-11T04:24:18.968Z - debug: The process cannot access the file because it is being used by another process.

2020-11-11T04:24:19.682Z - debug: The process cannot access the file because it is being used by another process.

2020-11-11T04:24:19.682Z - debug:  
2020-11-11T04:24:21.496Z - debug: The process cannot access the file because it is being used by another process.

2020-11-11T04:24:22.060Z - debug: The process cannot access the file because it is being used by another process.

2020-11-11T04:24:23.537Z - debug:  
2020-11-11T04:24:25.454Z - debug:  
2020-11-11T04:24:27.359Z - debug: The process cannot access the file because it is being used by another process.

2020-11-11T04:24:27.360Z - debug: The process cannot access the file because it is being used by another process.

2020-11-11T04:24:29.464Z - debug: The process cannot access the file because it is being used by another process.

2020-11-11T04:24:29.513Z - debug: The process cannot access the file because it is being used by another process.

2020-11-11T04:24:29.661Z - debug:  
2020-11-11T04:24:32.020Z - debug:  
2020-11-11T04:24:33.619Z - debug:  
2020-11-11T04:24:33.757Z - debug:  
2020-11-11T04:24:40.470Z - debug: The process cannot access the file because it is being used by another process.

2020-11-11T04:24:42.318Z - debug: The process cannot access the file because it is being used by another process.

2020-11-11T04:24:42.623Z - debug:  
2020-11-11T04:25:09.966Z - debug:  
2020-11-11T04:25:09.966Z - debug:  
2020-11-11T04:25:09.966Z - debug:  
2020-11-11T04:25:09.966Z - debug:  
2020-11-11T04:25:11.824Z - debug: The process cannot access the file because it is being used by another process.

2020-11-11T04:25:15.983Z - debug:  
2020-11-11T04:25:15.985Z - debug:  
2020-11-11T04:25:16.198Z - debug:  
2020-11-11T04:25:22.139Z - debug:  
2020-11-11T04:25:25.625Z - debug:  
2020-11-11T04:25:25.625Z - debug:  
2020-11-11T04:25:25.625Z - debug:  
2020-11-11T04:25:25.625Z - debug:  
2020-11-11T04:25:30.443Z - debug: The process cannot access the file because it is being used by another process.

2020-11-11T04:25:32.631Z - debug:  
2020-11-11T04:25:34.507Z - debug:  
2020-11-11T04:25:34.508Z - debug:  
2020-11-11T04:25:39.469Z - debug:  
2020-11-11T04:25:54.138Z - debug:  
2020-11-11T04:25:54.139Z - debug:  
2020-11-11T04:25:54.140Z - debug:  
2020-11-11T04:26:05.557Z - debug:  
2020-11-11T04:26:05.558Z - debug:  
2020-11-11T04:26:21.007Z - debug:  
2020-11-11T04:26:25.667Z - debug:  
2020-11-11T04:26:55.601Z - debug:  
2020-11-11T04:27:11.232Z - debug:  
2020-11-11T04:27:11.535Z - debug:  
2020-11-11T04:27:26.658Z - info: Pages built
2020-11-11T04:27:59.796Z - info: Website generation complete! Total build time: 304.249s
2020-11-11T04:27:59.797Z - info: Build success!
2020-11-11T04:27:59.797Z - debug:  
2020-11-11T04:27:59.803Z - info: Site data built
2020-11-11T04:28:46.250Z - info: Deployed!
