2020-11-14T06:41:05.166Z - info: Website generation (lazy) started at 2:40:59 PM
2020-11-14T06:41:20.621Z - info: Building assets...
2020-11-14T06:41:31.929Z - info: Assets built
2020-11-14T06:41:31.930Z - info: Generating landing page...
2020-11-14T06:41:34.302Z - info: Landing page built, other pages will be built as you navigate to them!
2020-11-14T06:41:34.405Z - info: Website generation (lazy) complete! Total build time: 35.108s
2020-11-14T06:41:35.649Z - info: Serving "C:\repos\nus-cs2103-AY2021S1\cs2103-website\_site" at http://127.0.0.1:8080
2020-11-14T06:41:35.650Z - info: Press CTRL+C to stop ...
2020-11-14T06:41:35.724Z - info: Site data built
2020-11-14T06:54:28.403Z - info: Building C:\repos\nus-cs2103-AY2021S1\cs2103-website\admin\index as some of its dependencies were changed since the last visit
2020-11-14T06:54:29.348Z - info: Site data built
2020-11-14T06:54:29.349Z - info: Lazy website regeneration complete! Total build time: 0.957s
2020-11-14T06:55:28.354Z - info: Building C:\repos\nus-cs2103-AY2021S1\cs2103-website\admin\tp-pe as some of its dependencies were changed since the last visit
2020-11-14T06:55:29.848Z - info: Site data built
2020-11-14T06:55:29.849Z - info: Lazy website regeneration complete! Total build time: 1.496s
2020-11-14T06:57:01.574Z - info: [2:57:01 PM] Reload for file change: C:\repos\nus-cs2103-AY2021S1\cs2103-website\admin\tp-pe.mbdf
2020-11-14T06:57:02.589Z - info: Rebuilding 1 pages
2020-11-14T06:57:02.702Z - error:  Template render error: (unknown path) [Line 168, Column 21]
  Template render error: (unknown path)
  Template render error: (unknown path)
  Template render error: (unknown path)
  Error: Unable to call `get_date`, which is undefined or falsey
Error while preprocessing 'C:\repos\nus-cs2103-AY2021S1\cs2103-website\admin\tp-pe.md'
    at Object._prettifyError (C:\Users\damithch\AppData\Roaming\npm\node_modules\markbind-cli\node_modules\nunjucks\src\lib.js:36:11)
    at C:\Users\damithch\AppData\Roaming\npm\node_modules\markbind-cli\node_modules\nunjucks\src\environment.js:561:19
    at Template.root [as rootRenderFunc] (eval at _compile (C:\Users\damithch\AppData\Roaming\npm\node_modules\markbind-cli\node_modules\nunjucks\src\environment.js:631:18), <anonymous>:67:3)
    at Template.render (C:\Users\damithch\AppData\Roaming\npm\node_modules\markbind-cli\node_modules\nunjucks\src\environment.js:550:10)
    at Environment.renderString (C:\Users\damithch\AppData\Roaming\npm\node_modules\markbind-cli\node_modules\nunjucks\src\environment.js:378:17)
    at VariableRenderer.render (C:\Users\damithch\AppData\Roaming\npm\node_modules\markbind-cli\node_modules\@markbind\core\src\variables\VariableRenderer.js:79:17)
    at VariableProcessor.renderSiteVariables (C:\Users\damithch\AppData\Roaming\npm\node_modules\markbind-cli\node_modules\@markbind\core\src\variables\VariableProcessor.js:151:53)
    at VariableProcessor.renderIncludeFile (C:\Users\damithch\AppData\Roaming\npm\node_modules\markbind-cli\node_modules\@markbind\core\src\variables\VariableProcessor.js:390:34)
    at _preprocessInclude (C:\Users\damithch\AppData\Roaming\npm\node_modules\markbind-cli\node_modules\@markbind\core\src\preprocessors\componentPreprocessor.js:242:25)
    at preProcessComponent (C:\Users\damithch\AppData\Roaming\npm\node_modules\markbind-cli\node_modules\@markbind\core\src\preprocessors\componentPreprocessor.js:349:12)
    at C:\Users\damithch\AppData\Roaming\npm\node_modules\markbind-cli\node_modules\@markbind\core\src\preprocessors\componentPreprocessor.js:356:52
    at Array.map (<anonymous>)
    at preProcessComponent (C:\Users\damithch\AppData\Roaming\npm\node_modules\markbind-cli\node_modules\@markbind\core\src\preprocessors\componentPreprocessor.js:356:43)
    at C:\Users\damithch\AppData\Roaming\npm\node_modules\markbind-cli\node_modules\@markbind\core\src\preprocessors\componentPreprocessor.js:298:50
    at Array.map (<anonymous>)
    at _preprocessInclude (C:\Users\damithch\AppData\Roaming\npm\node_modules\markbind-cli\node_modules\@markbind\core\src\preprocessors\componentPreprocessor.js:298:41)
2020-11-14T06:57:03.039Z - info: Pages rebuilt
2020-11-14T06:57:03.040Z - info: Website regeneration complete! Total build time: 0.454s
2020-11-14T06:57:03.072Z - info: Site data built
2020-11-14T06:57:53.200Z - info: [2:57:53 PM] Reload for file change: C:\repos\nus-cs2103-AY2021S1\cs2103-website\admin\tp-pe.mbdf
2020-11-14T06:57:54.211Z - info: Rebuilding 1 pages
2020-11-14T06:57:55.597Z - info: Pages rebuilt
2020-11-14T06:57:55.597Z - info: Website regeneration complete! Total build time: 1.392s
2020-11-14T06:57:55.606Z - info: Site data built
2020-11-14T06:58:16.243Z - info: [2:58:16 PM] Reload for file change: C:\repos\nus-cs2103-AY2021S1\cs2103-website\admin\tp-pe.mbdf
2020-11-14T06:58:17.252Z - info: Rebuilding 1 pages
2020-11-14T06:58:18.813Z - info: Pages rebuilt
2020-11-14T06:58:18.813Z - info: Website regeneration complete! Total build time: 1.562s
2020-11-14T06:58:18.821Z - info: Site data built
2020-11-14T06:58:34.401Z - info: [2:58:34 PM] Reload for file change: C:\repos\nus-cs2103-AY2021S1\cs2103-website\admin\tp-pe.mbdf
2020-11-14T06:58:35.410Z - info: Rebuilding 1 pages
2020-11-14T06:58:36.841Z - info: Pages rebuilt
2020-11-14T06:58:36.842Z - info: Website regeneration complete! Total build time: 1.433s
2020-11-14T06:58:36.846Z - info: Site data built
2020-11-14T06:58:48.507Z - info: [2:58:48 PM] Reload for file change: C:\repos\nus-cs2103-AY2021S1\cs2103-website\admin\tp-pe.mbdf
2020-11-14T06:58:49.516Z - info: Rebuilding 1 pages
2020-11-14T06:58:50.888Z - info: Pages rebuilt
2020-11-14T06:58:50.888Z - info: Website regeneration complete! Total build time: 1.374s
2020-11-14T06:58:50.893Z - info: Site data built
2020-11-14T07:00:05.370Z - info: [3:00:05 PM] Reload for file change: C:\repos\nus-cs2103-AY2021S1\cs2103-website\admin\tp-pe.mbdf
2020-11-14T07:00:06.375Z - info: Rebuilding 1 pages
2020-11-14T07:00:07.913Z - info: Pages rebuilt
2020-11-14T07:00:07.913Z - info: Website regeneration complete! Total build time: 1.542s
2020-11-14T07:00:07.932Z - info: Site data built
2020-11-14T07:01:03.224Z - info: Website generation started at 3:01:00 PM
2020-11-14T07:01:14.479Z - info: Building assets...
