2020-08-16T16:00:32.987Z - info: [12:00:32 AM] Reload for file change: C:\repos\nus-cs2103-AY2021S1\cs2103-website\admin\index-tic2002.mbdf
2020-08-16T16:00:34.018Z - info: Rebuilding 1 pages
2020-08-16T16:00:36.010Z - info: Pages rebuilt
2020-08-16T16:00:36.010Z - info: Website regeneration complete! Total build time: 1.994s
2020-08-16T16:00:36.019Z - info: Site data built
2020-08-16T16:03:05.358Z - info: [12:03:05 AM] Reload for file change: C:\repos\nus-cs2103-AY2021S1\cs2103-website\admin\index-tic2002.mbdf
2020-08-16T16:03:06.364Z - info: Rebuilding 1 pages
2020-08-16T16:03:08.309Z - info: Pages rebuilt
2020-08-16T16:03:08.310Z - info: Website regeneration complete! Total build time: 1.948s
2020-08-16T16:03:08.318Z - info: Site data built
2020-08-16T16:04:28.220Z - info: [12:04:28 AM] Reload for file change: C:\repos\nus-cs2103-AY2021S1\cs2103-website\admin\index-tic2002.mbdf
2020-08-16T16:04:29.227Z - info: Rebuilding 1 pages
2020-08-16T16:04:31.286Z - info: Pages rebuilt
2020-08-16T16:04:31.287Z - info: Website regeneration complete! Total build time: 2.061s
2020-08-16T16:04:31.293Z - info: Site data built
2020-08-16T16:05:09.719Z - info: [12:05:09 AM] Reload for file change: C:\repos\nus-cs2103-AY2021S1\cs2103-website\admin\index-tic2002.mbdf
2020-08-16T16:05:10.740Z - info: Rebuilding 1 pages
2020-08-16T16:05:12.559Z - info: Pages rebuilt
2020-08-16T16:05:12.560Z - info: Website regeneration complete! Total build time: 1.822s
2020-08-16T16:05:12.571Z - info: Site data built
2020-08-16T16:08:26.901Z - info: [12:08:26 AM] Reload for file change: C:\repos\nus-cs2103-AY2021S1\cs2103-website\admin\index-tic2002.mbdf
2020-08-16T16:08:27.907Z - info: Rebuilding 1 pages
2020-08-16T16:08:29.763Z - info: Pages rebuilt
2020-08-16T16:08:29.763Z - info: Website regeneration complete! Total build time: 1.859s
2020-08-16T16:08:29.768Z - info: Site data built
2020-08-16T16:14:21.189Z - info: Website generation started at 12:14:14 AM
2020-08-16T16:14:30.630Z - info: Building assets...
2020-08-16T16:14:38.842Z - info: Assets built
2020-08-16T16:14:38.843Z - info: Generating pages...
2020-08-16T16:14:55.003Z - debug: The process cannot access the file because it is being used by another process.

2020-08-16T16:14:55.004Z - debug: The process cannot access the file because it is being used by another process.

2020-08-16T16:14:56.141Z - debug: The process cannot access the file because it is being used by another process.

2020-08-16T16:14:56.142Z - debug: The process cannot access the file because it is being used by another process.

2020-08-16T16:14:56.142Z - debug:  
2020-08-16T16:14:56.143Z - debug:  
2020-08-16T16:14:56.143Z - debug:  
2020-08-16T16:14:56.143Z - debug:  
2020-08-16T16:15:01.512Z - debug: The process cannot access the file because it is being used by another process.

2020-08-16T16:15:01.513Z - debug: The process cannot access the file because it is being used by another process.

2020-08-16T16:15:01.513Z - debug:  
2020-08-16T16:15:01.514Z - debug:  
2020-08-16T16:15:04.124Z - debug: The process cannot access the file because it is being used by another process.

2020-08-16T16:15:04.125Z - debug: The process cannot access the file because it is being used by another process.

2020-08-16T16:15:04.461Z - debug:  
2020-08-16T16:15:04.461Z - debug:  
2020-08-16T16:15:04.801Z - debug: The process cannot access the file because it is being used by another process.

2020-08-16T16:15:04.801Z - debug: The process cannot access the file because it is being used by another process.

2020-08-16T16:15:08.649Z - debug:  
2020-08-16T16:15:08.938Z - debug:  
2020-08-16T16:15:30.805Z - debug: The process cannot access the file because it is being used by another process.

2020-08-16T16:15:30.816Z - debug: The process cannot access the file because it is being used by another process.

2020-08-16T16:15:34.325Z - debug: The process cannot access the file because it is being used by another process.

2020-08-16T16:15:34.325Z - debug: The process cannot access the file because it is being used by another process.

2020-08-16T16:15:34.326Z - debug:  
2020-08-16T16:15:34.518Z - debug:  
2020-08-16T16:15:39.235Z - debug:  
2020-08-16T16:15:39.236Z - debug:  
2020-08-16T16:15:47.892Z - debug: The process cannot access the file because it is being used by another process.

2020-08-16T16:15:53.289Z - debug: The process cannot access the file because it is being used by another process.

2020-08-16T16:15:53.505Z - debug:  
2020-08-16T16:16:18.012Z - debug:  
2020-08-16T16:16:18.135Z - debug:  
2020-08-16T16:16:18.136Z - debug:  
2020-08-16T16:16:18.136Z - debug:  
2020-08-16T16:16:23.531Z - debug:  
2020-08-16T16:16:23.659Z - debug:  
2020-08-16T16:16:33.933Z - debug:  
2020-08-16T16:16:33.934Z - debug:  
2020-08-16T16:16:33.934Z - debug:  
2020-08-16T16:16:33.934Z - debug:  
2020-08-16T16:16:33.934Z - debug:  
2020-08-16T16:16:41.599Z - debug:  
2020-08-16T16:16:41.600Z - debug:  
2020-08-16T16:16:46.883Z - debug:  
2020-08-16T16:17:05.351Z - debug:  
2020-08-16T16:17:05.352Z - debug:  
2020-08-16T16:17:08.858Z - info: Pages built
2020-08-16T16:17:30.961Z - info: Website generation complete! Total build time: 196.14s
2020-08-16T16:17:30.964Z - info: Build success!
2020-08-16T16:17:30.966Z - info: Site data built
2020-08-16T16:18:16.682Z - info: Deployed!
2020-08-17T15:26:46.811Z - info: Website generation (lazy) started at 11:26:39 PM
2020-08-17T15:27:01.508Z - info: Building assets...
2020-08-17T15:27:08.336Z - info: Assets built
2020-08-17T15:27:08.337Z - info: Generating landing page...
2020-08-17T15:27:09.273Z - info: Landing page built, other pages will be built as you navigate to them!
2020-08-17T15:27:09.363Z - info: Website generation (lazy) complete! Total build time: 30s
2020-08-17T15:27:10.293Z - info: Serving "C:\repos\nus-cs2103-AY2021S1\cs2103-website\_site" at http://127.0.0.1:8080
2020-08-17T15:27:10.293Z - info: Press CTRL+C to stop ...
2020-08-17T15:27:10.412Z - info: Site data built
2020-08-17T15:27:30.142Z - info: Building C:\repos\nus-cs2103-AY2021S1\cs2103-website\schedule\week2\index as some of its dependencies were changed since the last visit
2020-08-17T15:27:31.101Z - info: Site data built
2020-08-17T15:27:31.101Z - info: Lazy website regeneration complete! Total build time: 0.96s
2020-08-17T15:27:34.650Z - info: Building C:\repos\nus-cs2103-AY2021S1\cs2103-website\schedule\week2\topics as some of its dependencies were changed since the last visit
2020-08-17T15:27:38.552Z - info: Site data built
2020-08-17T15:27:38.554Z - info: Lazy website regeneration complete! Total build time: 3.905s
2020-08-17T15:35:26.875Z - info: Website generation started at 11:35:23 PM
2020-08-17T15:35:36.732Z - info: Building assets...
2020-08-17T15:35:42.861Z - info: Assets built
2020-08-17T15:35:42.868Z - info: Generating pages...
2020-08-17T15:35:58.063Z - debug: The process cannot access the file because it is being used by another process.

2020-08-17T15:35:58.063Z - debug: The process cannot access the file because it is being used by another process.

2020-08-17T15:36:00.873Z - debug:  
2020-08-17T15:36:00.875Z - debug:  
2020-08-17T15:36:00.876Z - debug:  
2020-08-17T15:36:00.877Z - debug:  
2020-08-17T15:36:06.582Z - debug: The process cannot access the file because it is being used by another process.

2020-08-17T15:36:06.582Z - debug: The process cannot access the file because it is being used by another process.

2020-08-17T15:36:06.583Z - debug: The process cannot access the file because it is being used by another process.

2020-08-17T15:36:06.583Z - debug: The process cannot access the file because it is being used by another process.

2020-08-17T15:36:06.583Z - debug:  
2020-08-17T15:36:06.584Z - debug:  
2020-08-17T15:36:06.584Z - debug:  
2020-08-17T15:36:06.584Z - debug:  
2020-08-17T15:36:10.363Z - debug: The process cannot access the file because it is being used by another process.

2020-08-17T15:36:10.363Z - debug: The process cannot access the file because it is being used by another process.

2020-08-17T15:36:10.365Z - debug: The process cannot access the file because it is being used by another process.

2020-08-17T15:36:10.365Z - debug: The process cannot access the file because it is being used by another process.

2020-08-17T15:36:12.137Z - debug:  
2020-08-17T15:36:12.137Z - debug:  
2020-08-17T15:36:42.759Z - debug: The process cannot access the file because it is being used by another process.

2020-08-17T15:36:42.761Z - debug: The process cannot access the file because it is being used by another process.

2020-08-17T15:36:45.311Z - debug: The process cannot access the file because it is being used by another process.

2020-08-17T15:36:45.312Z - debug: The process cannot access the file because it is being used by another process.

2020-08-17T15:36:48.495Z - debug:  
2020-08-17T15:36:48.496Z - debug:  
2020-08-17T15:36:51.541Z - debug:  
2020-08-17T15:36:51.996Z - debug:  
2020-08-17T15:37:00.288Z - debug: The process cannot access the file because it is being used by another process.

2020-08-17T15:37:03.342Z - debug: The process cannot access the file because it is being used by another process.

2020-08-17T15:37:03.584Z - debug:  
2020-08-17T15:37:29.008Z - debug:  
2020-08-17T15:37:29.235Z - debug:  
2020-08-17T15:37:29.236Z - debug:  
2020-08-17T15:37:29.236Z - debug:  
2020-08-17T15:37:33.425Z - debug:  
2020-08-17T15:37:33.546Z - debug:  
2020-08-17T15:37:35.711Z - debug:  
2020-08-17T15:37:43.723Z - debug:  
2020-08-17T15:37:43.724Z - debug:  
2020-08-17T15:37:43.724Z - debug:  
2020-08-17T15:37:43.724Z - debug:  
2020-08-17T15:37:51.352Z - debug:  
2020-08-17T15:37:51.353Z - debug:  
2020-08-17T15:37:56.098Z - debug:  
2020-08-17T15:38:11.159Z - debug:  
2020-08-17T15:38:11.159Z - debug:  
2020-08-17T15:38:16.281Z - info: Pages built
2020-08-17T15:38:38.208Z - info: Website generation complete! Total build time: 194.344s
2020-08-17T15:38:38.209Z - info: Build success!
2020-08-17T15:38:38.214Z - info: Site data built
2020-08-17T15:39:20.488Z - info: Deployed!
