2020-08-31T16:00:00.557Z - debug: The process cannot access the file because it is being used by another process.

2020-08-31T16:00:00.864Z - debug:  
2020-08-31T16:00:26.609Z - debug:  
2020-08-31T16:00:26.611Z - debug:  
2020-08-31T16:00:26.612Z - debug:  
2020-08-31T16:00:26.612Z - debug:  
2020-08-31T16:00:31.596Z - debug:  
2020-08-31T16:00:31.597Z - debug:  
2020-08-31T16:00:33.946Z - debug:  
2020-08-31T16:00:41.916Z - debug:  
2020-08-31T16:00:41.917Z - debug:  
2020-08-31T16:00:41.917Z - debug:  
2020-08-31T16:00:41.917Z - debug:  
2020-08-31T16:00:51.277Z - debug:  
2020-08-31T16:00:51.278Z - debug:  
2020-08-31T16:00:56.156Z - debug:  
2020-08-31T16:01:09.150Z - debug:  
2020-08-31T16:01:09.150Z - debug:  
2020-08-31T16:01:17.334Z - debug:  
2020-08-31T16:01:17.335Z - debug:  
2020-08-31T16:01:31.803Z - debug:  
2020-08-31T16:02:00.415Z - debug:  
2020-08-31T16:02:16.920Z - debug:  
2020-08-31T16:02:16.921Z - debug:  
2020-08-31T16:02:27.032Z - info: Pages built
2020-08-31T16:02:57.013Z - info: Website generation complete! Total build time: 268.267s
2020-08-31T16:02:57.015Z - info: Build success!
2020-08-31T16:02:57.016Z - debug:  
2020-08-31T16:02:57.019Z - info: Site data built
2020-08-31T16:03:44.582Z - info: Deployed!
2020-08-31T16:20:56.380Z - info: Website generation (lazy) started at 12:20:53 AM
2020-08-31T16:21:04.647Z - info: Building assets...
2020-08-31T16:21:10.303Z - info: Assets built
2020-08-31T16:21:10.303Z - info: Generating landing page...
2020-08-31T16:21:11.225Z - info: Landing page built, other pages will be built as you navigate to them!
2020-08-31T16:21:11.329Z - info: Website generation (lazy) complete! Total build time: 18.219s
2020-08-31T16:21:12.140Z - info: Serving "C:\repos\nus-cs2103-AY2021S1\cs2103-website\_site" at http://127.0.0.1:8080
2020-08-31T16:21:12.141Z - info: Press CTRL+C to stop ...
2020-08-31T16:21:12.204Z - info: Site data built
2020-08-31T16:25:30.023Z - info: Building C:\repos\nus-cs2103-AY2021S1\cs2103-website\schedule\week4\index as some of its dependencies were changed since the last visit
2020-08-31T16:25:30.756Z - info: Site data built
2020-08-31T16:25:30.757Z - info: Lazy website regeneration complete! Total build time: 0.745s
2020-08-31T16:25:35.735Z - info: Building C:\repos\nus-cs2103-AY2021S1\cs2103-website\schedule\week4\topics as some of its dependencies were changed since the last visit
2020-08-31T16:25:38.085Z - info: Site data built
2020-08-31T16:25:38.086Z - info: Lazy website regeneration complete! Total build time: 2.351s
2020-08-31T16:28:26.858Z - info: [12:28:26 AM] Reload for file change: C:\repos\nus-cs2103-AY2021S1\cs2103-website\book\oop\inheritance\substitutability\text.md
2020-08-31T16:28:27.867Z - info: Rebuilding 1 pages
2020-08-31T16:28:30.384Z - info: Pages rebuilt
2020-08-31T16:28:30.385Z - info: Website regeneration complete! Total build time: 2.524s
2020-08-31T16:28:30.418Z - info: Site data built
2020-08-31T16:30:46.621Z - info: [12:30:46 AM] Reload for file change: C:\repos\nus-cs2103-AY2021S1\cs2103-website\_module-TIC2002\textbookTopics.mbdf
2020-08-31T16:30:47.632Z - info: No pages needed to be rebuilt
2020-08-31T16:32:29.642Z - info: [12:32:29 AM] Reload for file change: C:\repos\nus-cs2103-AY2021S1\cs2103-website\book\oop\inheritance\substitutability\text.md
2020-08-31T16:32:30.648Z - info: Rebuilding 1 pages
2020-08-31T16:32:33.801Z - debug: The process cannot access the file because it is being used by another process.

2020-08-31T16:32:34.284Z - info: Pages rebuilt
2020-08-31T16:32:34.284Z - info: Website regeneration complete! Total build time: 3.638s
2020-08-31T16:32:34.332Z - debug:  
2020-08-31T16:32:34.353Z - info: Site data built
2020-08-31T16:33:40.810Z - info: [12:33:40 AM] Reload for file change: C:\repos\nus-cs2103-AY2021S1\cs2103-website\book\oop\inheritance\substitutability\text.md
2020-08-31T16:33:41.818Z - info: Rebuilding 1 pages
2020-08-31T16:33:45.034Z - debug: The process cannot access the file because it is being used by another process.

2020-08-31T16:33:45.148Z - debug:  
2020-08-31T16:33:45.846Z - info: Pages rebuilt
2020-08-31T16:33:45.846Z - info: Website regeneration complete! Total build time: 4.03s
2020-08-31T16:33:45.875Z - info: Site data built
2020-08-31T16:34:03.169Z - info: [12:34:03 AM] Reload for file change: C:\repos\nus-cs2103-AY2021S1\cs2103-website\book\oop\inheritance\substitutability\text.md
2020-08-31T16:34:04.176Z - info: Rebuilding 1 pages
2020-08-31T16:34:06.845Z - debug: The process cannot access the file because it is being used by another process.

2020-08-31T16:34:07.659Z - info: Pages rebuilt
2020-08-31T16:34:07.659Z - info: Website regeneration complete! Total build time: 3.487s
2020-08-31T16:34:07.675Z - debug:  
2020-08-31T16:34:07.691Z - info: Site data built
2020-08-31T16:36:02.168Z - info: [12:36:02 AM] Reload for file change: C:\repos\nus-cs2103-AY2021S1\cs2103-website\book\oop\inheritance\substitutability\text.md
2020-08-31T16:36:03.173Z - info: Rebuilding 1 pages
2020-08-31T16:36:05.981Z - debug: The process cannot access the file because it is being used by another process.

2020-08-31T16:36:06.553Z - info: Pages rebuilt
2020-08-31T16:36:06.553Z - info: Website regeneration complete! Total build time: 3.382s
2020-08-31T16:36:06.561Z - debug:  
2020-08-31T16:36:06.581Z - info: Site data built
2020-08-31T16:36:46.263Z - info: [12:36:46 AM] Reload for file change: C:\repos\nus-cs2103-AY2021S1\cs2103-website\book\oop\inheritance\substitutability\text.md
2020-08-31T16:36:47.276Z - info: Rebuilding 1 pages
2020-08-31T16:36:50.113Z - debug: The process cannot access the file because it is being used by another process.

2020-08-31T16:36:50.654Z - info: Pages rebuilt
2020-08-31T16:36:50.655Z - info: Website regeneration complete! Total build time: 3.383s
2020-08-31T16:36:50.673Z - debug:  
2020-08-31T16:36:50.685Z - info: Site data built
2020-08-31T16:38:16.240Z - info: [12:38:16 AM] Reload for file deletion: C:\repos\nus-cs2103-AY2021S1\cs2103-website\book\oop\inheritance\substitutability\images\staff.png
2020-08-31T16:38:17.260Z - info: Assets removed
2020-08-31T16:40:14.861Z - info: Website generation started at 12:40:11 AM
2020-08-31T16:40:23.002Z - info: Building assets...
2020-08-31T16:40:28.835Z - info: Assets built
2020-08-31T16:40:28.836Z - info: Generating pages...
2020-08-31T16:40:44.371Z - debug: The process cannot access the file because it is being used by another process.

2020-08-31T16:40:44.371Z - debug: The process cannot access the file because it is being used by another process.

2020-08-31T16:40:45.439Z - debug: The process cannot access the file because it is being used by another process.

2020-08-31T16:40:45.439Z - debug: The process cannot access the file because it is being used by another process.

2020-08-31T16:40:45.440Z - debug:  
2020-08-31T16:40:45.440Z - debug:  
2020-08-31T16:40:45.441Z - debug:  
2020-08-31T16:40:45.441Z - debug:  
2020-08-31T16:40:45.441Z - debug:  
2020-08-31T16:40:50.365Z - debug: The process cannot access the file because it is being used by another process.

2020-08-31T16:40:50.366Z - debug: The process cannot access the file because it is being used by another process.

2020-08-31T16:40:50.366Z - debug:  
2020-08-31T16:40:50.367Z - debug:  
2020-08-31T16:40:51.754Z - debug: The process cannot access the file because it is being used by another process.

2020-08-31T16:40:51.755Z - debug: The process cannot access the file because it is being used by another process.

2020-08-31T16:40:51.849Z - debug:  
2020-08-31T16:40:51.849Z - debug:  
2020-08-31T16:40:52.502Z - debug: The process cannot access the file because it is being used by another process.

2020-08-31T16:40:52.503Z - debug: The process cannot access the file because it is being used by another process.

2020-08-31T16:40:55.837Z - debug:  
2020-08-31T16:40:55.838Z - debug:  
2020-08-31T16:41:09.359Z - debug: The process cannot access the file because it is being used by another process.

2020-08-31T16:41:09.875Z - debug: The process cannot access the file because it is being used by another process.

2020-08-31T16:41:10.755Z - debug: The process cannot access the file because it is being used by another process.

2020-08-31T16:41:10.756Z - debug:  
2020-08-31T16:41:12.172Z - debug: The process cannot access the file because it is being used by another process.

2020-08-31T16:41:12.986Z - debug: The process cannot access the file because it is being used by another process.

2020-08-31T16:41:14.442Z - debug:  
2020-08-31T16:41:16.041Z - debug:  
2020-08-31T16:41:18.861Z - debug: The process cannot access the file because it is being used by another process.

2020-08-31T16:41:18.863Z - debug: The process cannot access the file because it is being used by another process.

2020-08-31T16:41:19.993Z - debug:  
2020-08-31T16:41:20.218Z - debug:  
2020-08-31T16:41:23.197Z - debug: The process cannot access the file because it is being used by another process.

2020-08-31T16:41:23.198Z - debug: The process cannot access the file because it is being used by another process.

2020-08-31T16:41:23.198Z - debug:  
2020-08-31T16:41:23.233Z - debug:  
2020-08-31T16:41:29.573Z - debug: The process cannot access the file because it is being used by another process.

2020-08-31T16:41:31.488Z - debug: The process cannot access the file because it is being used by another process.

2020-08-31T16:41:31.906Z - debug:  
2020-08-31T16:41:52.208Z - debug:  
2020-08-31T16:41:52.209Z - debug:  
2020-08-31T16:41:52.317Z - debug:  
2020-08-31T16:41:52.317Z - debug:  
2020-08-31T16:41:57.272Z - debug:  
2020-08-31T16:41:57.272Z - debug:  
2020-08-31T16:41:57.274Z - debug:  
2020-08-31T16:42:06.448Z - debug:  
2020-08-31T16:42:06.449Z - debug:  
2020-08-31T16:42:06.449Z - debug:  
2020-08-31T16:42:06.449Z - debug:  
2020-08-31T16:42:06.449Z - debug:  
2020-08-31T16:42:12.385Z - debug: The process cannot access the file because it is being used by another process.

2020-08-31T16:42:12.681Z - debug:  
2020-08-31T16:42:14.141Z - debug:  
2020-08-31T16:42:14.142Z - debug:  
2020-08-31T16:42:18.471Z - debug:  
2020-08-31T16:42:24.429Z - debug:  
2020-08-31T16:42:30.097Z - debug:  
2020-08-31T16:42:35.083Z - debug:  
2020-08-31T16:42:35.083Z - debug:  
2020-08-31T16:42:38.763Z - info: Pages built
2020-08-31T16:42:59.575Z - info: Website generation complete! Total build time: 167.659s
2020-08-31T16:42:59.576Z - info: Build success!
2020-08-31T16:42:59.581Z - info: Site data built
2020-08-31T16:43:38.182Z - info: Deployed!
2020-08-31T17:28:06.306Z - info: Website generation (lazy) started at 1:27:58 AM
2020-08-31T17:28:15.071Z - info: Building assets...
2020-08-31T17:28:20.613Z - info: Assets built
2020-08-31T17:28:20.614Z - info: Generating landing page...
2020-08-31T17:28:21.425Z - info: Landing page built, other pages will be built as you navigate to them!
2020-08-31T17:28:21.520Z - info: Website generation (lazy) complete! Total build time: 22.715s
2020-08-31T17:28:22.333Z - info: Serving "C:\repos\nus-cs2103-AY2021S1\cs2103-website\_site" at http://127.0.0.1:8080
2020-08-31T17:28:22.334Z - info: Press CTRL+C to stop ...
2020-08-31T17:28:22.400Z - info: Site data built
2020-08-31T17:28:44.028Z - info: [1:28:44 AM] Reload for file add: C:\repos\nus-cs2103-AY2021S1\cs2103-website\schedule\week4\commentary-tic2002.mbdf
2020-08-31T17:28:45.031Z - info: File added or removed, updating list of site's pages...
2020-08-31T17:28:49.500Z - info: Assets removed
2020-08-31T17:28:50.620Z - info: Building C:\repos\nus-cs2103-AY2021S1\cs2103-website\index as some of its dependencies were changed since the last visit
2020-08-31T17:28:51.039Z - info: Site data built
2020-08-31T17:28:51.040Z - info: Lazy website regeneration complete! Total build time: 0.42s
2020-08-31T17:28:54.795Z - info: Building C:\repos\nus-cs2103-AY2021S1\cs2103-website\schedule\week3\topics as some of its dependencies were changed since the last visit
2020-08-31T17:28:57.266Z - info: Site data built
2020-08-31T17:28:57.267Z - info: Lazy website regeneration complete! Total build time: 2.472s
2020-08-31T17:30:09.091Z - info: Building C:\repos\nus-cs2103-AY2021S1\cs2103-website\schedule\week4\topics as some of its dependencies were changed since the last visit
2020-08-31T17:30:12.483Z - debug: The process cannot access the file because it is being used by another process.

2020-08-31T17:30:12.994Z - debug:  
2020-08-31T17:30:13.002Z - info: Site data built
2020-08-31T17:30:13.006Z - info: Lazy website regeneration complete! Total build time: 3.915s
2020-08-31T17:32:07.615Z - info: [1:32:07 AM] Reload for file change: C:\repos\nus-cs2103-AY2021S1\cs2103-website\schedule\week4\commentary-tic2002.mbdf
2020-08-31T17:32:07.635Z - info: [1:32:07 AM] Reload for file change: C:\repos\nus-cs2103-AY2021S1\cs2103-website\_module-TIC2002\weeklyTextbookTopics.mbdf
2020-08-31T17:32:08.623Z - info: Rebuilding 1 pages
2020-08-31T17:32:16.696Z - info: Website generation (lazy) started at 1:32:14 AM
2020-08-31T17:32:24.318Z - info: Building assets...
2020-08-31T17:32:29.783Z - info: Assets built
2020-08-31T17:32:29.784Z - info: Generating landing page...
2020-08-31T17:32:30.589Z - info: Landing page built, other pages will be built as you navigate to them!
2020-08-31T17:32:30.690Z - info: Website generation (lazy) complete! Total build time: 16.657s
2020-08-31T17:32:31.467Z - info: Serving "C:\repos\nus-cs2103-AY2021S1\cs2103-website\_site" at http://127.0.0.1:8080
2020-08-31T17:32:31.467Z - info: Press CTRL+C to stop ...
2020-08-31T17:32:31.522Z - info: Site data built
2020-08-31T17:32:38.898Z - info: Building C:\repos\nus-cs2103-AY2021S1\cs2103-website\schedule\week4\topics as some of its dependencies were changed since the last visit
2020-08-31T17:32:44.321Z - debug:  
2020-08-31T17:32:45.412Z - debug:  
2020-08-31T17:32:45.444Z - info: Site data built
2020-08-31T17:32:45.450Z - info: Lazy website regeneration complete! Total build time: 6.552s
2020-08-31T17:34:49.746Z - info: [1:34:49 AM] Reload for file change: C:\repos\nus-cs2103-AY2021S1\cs2103-website\_module-TIC2002\weeklyTextbookTopics.mbdf
2020-08-31T17:34:49.761Z - info: [1:34:49 AM] Reload for file change: C:\repos\nus-cs2103-AY2021S1\cs2103-website\admin\common-commentary.mbdf
2020-08-31T17:34:50.755Z - info: Rebuilding 1 pages
2020-08-31T17:34:58.080Z - info: Website generation (lazy) started at 1:34:55 AM
2020-08-31T17:35:06.135Z - info: Building assets...
2020-08-31T17:35:12.041Z - info: Assets built
2020-08-31T17:35:12.042Z - info: Generating landing page...
2020-08-31T17:35:12.869Z - info: Landing page built, other pages will be built as you navigate to them!
2020-08-31T17:35:12.966Z - info: Website generation (lazy) complete! Total build time: 17.401s
2020-08-31T17:35:13.941Z - info: Serving "C:\repos\nus-cs2103-AY2021S1\cs2103-website\_site" at http://127.0.0.1:8080
2020-08-31T17:35:13.942Z - info: Press CTRL+C to stop ...
2020-08-31T17:35:13.994Z - info: Site data built
2020-08-31T17:35:28.918Z - info: Building C:\repos\nus-cs2103-AY2021S1\cs2103-website\schedule\week4\topics as some of its dependencies were changed since the last visit
2020-08-31T17:35:32.265Z - debug: The process cannot access the file because it is being used by another process.

2020-08-31T17:35:32.268Z - debug:  
2020-08-31T17:35:32.779Z - info: Site data built
2020-08-31T17:35:32.781Z - info: Lazy website regeneration complete! Total build time: 3.865s
2020-08-31T17:37:53.392Z - info: [1:37:53 AM] Reload for file change: C:\repos\nus-cs2103-AY2021S1\cs2103-website\schedule\week4\commentary-tic2002.mbdf
2020-08-31T17:37:53.407Z - info: [1:37:53 AM] Reload for file change: C:\repos\nus-cs2103-AY2021S1\cs2103-website\admin\common-commentary.mbdf
2020-08-31T17:37:53.410Z - info: [1:37:53 AM] Reload for file change: C:\repos\nus-cs2103-AY2021S1\cs2103-website\_module-TIC2002\weeklyTextbookTopics.mbdf
2020-08-31T17:37:54.402Z - info: Rebuilding 1 pages
2020-08-31T17:37:57.815Z - debug: The process cannot access the file because it is being used by another process.

2020-08-31T17:37:58.310Z - info: Pages rebuilt
2020-08-31T17:37:58.310Z - info: Website regeneration complete! Total build time: 3.913s
2020-08-31T17:37:58.315Z - debug:  
2020-08-31T17:37:58.325Z - info: Site data built
2020-08-31T17:38:15.787Z - info: Website generation (lazy) started at 1:38:13 AM
2020-08-31T17:38:23.533Z - info: Building assets...
2020-08-31T17:38:29.221Z - info: Assets built
2020-08-31T17:38:29.222Z - info: Generating landing page...
2020-08-31T17:38:30.113Z - info: Landing page built, other pages will be built as you navigate to them!
2020-08-31T17:38:30.226Z - info: Website generation (lazy) complete! Total build time: 17.138s
2020-08-31T17:38:31.040Z - info: Serving "C:\repos\nus-cs2103-AY2021S1\cs2103-website\_site" at http://127.0.0.1:8080
2020-08-31T17:38:31.040Z - info: Press CTRL+C to stop ...
2020-08-31T17:38:31.094Z - info: Site data built
2020-08-31T17:38:41.142Z - info: Building C:\repos\nus-cs2103-AY2021S1\cs2103-website\schedule\week4\topics as some of its dependencies were changed since the last visit
2020-08-31T17:38:49.187Z - debug:  
2020-08-31T17:38:52.654Z - debug:  
2020-08-31T17:38:52.716Z - info: Site data built
2020-08-31T17:38:52.750Z - info: Lazy website regeneration complete! Total build time: 11.607s
2020-08-31T17:44:27.618Z - info: Website generation started at 1:44:24 AM
2020-08-31T17:44:37.785Z - info: Building assets...
2020-08-31T17:44:46.672Z - info: Assets built
2020-08-31T17:44:46.673Z - info: Generating pages...
2020-08-31T17:45:04.285Z - debug: The process cannot access the file because it is being used by another process.

2020-08-31T17:45:04.285Z - debug: The process cannot access the file because it is being used by another process.

2020-08-31T17:45:05.382Z - debug: The process cannot access the file because it is being used by another process.

2020-08-31T17:45:05.382Z - debug: The process cannot access the file because it is being used by another process.

2020-08-31T17:45:05.383Z - debug:  
2020-08-31T17:45:05.384Z - debug:  
2020-08-31T17:45:05.385Z - debug:  
2020-08-31T17:45:05.385Z - debug:  
2020-08-31T17:45:05.385Z - debug:  
2020-08-31T17:45:10.457Z - debug: The process cannot access the file because it is being used by another process.

2020-08-31T17:45:10.457Z - debug: The process cannot access the file because it is being used by another process.

2020-08-31T17:45:10.463Z - debug:  
2020-08-31T17:45:10.463Z - debug:  
2020-08-31T17:45:12.447Z - debug: The process cannot access the file because it is being used by another process.

2020-08-31T17:45:12.447Z - debug: The process cannot access the file because it is being used by another process.

2020-08-31T17:45:12.757Z - debug:  
2020-08-31T17:45:12.757Z - debug:  
2020-08-31T17:45:13.076Z - debug: The process cannot access the file because it is being used by another process.

2020-08-31T17:45:13.077Z - debug: The process cannot access the file because it is being used by another process.

2020-08-31T17:45:16.449Z - debug:  
2020-08-31T17:45:16.450Z - debug:  
2020-08-31T17:45:33.434Z - debug: The process cannot access the file because it is being used by another process.

2020-08-31T17:45:34.116Z - debug: The process cannot access the file because it is being used by another process.

2020-08-31T17:45:34.793Z - debug: The process cannot access the file because it is being used by another process.

2020-08-31T17:45:34.793Z - debug:  
2020-08-31T17:45:36.605Z - debug: The process cannot access the file because it is being used by another process.

2020-08-31T17:45:37.158Z - debug: The process cannot access the file because it is being used by another process.

2020-08-31T17:45:37.338Z - debug:  
2020-08-31T17:45:40.741Z - debug:  
2020-08-31T17:45:42.689Z - debug: The process cannot access the file because it is being used by another process.

2020-08-31T17:45:42.690Z - debug: The process cannot access the file because it is being used by another process.

2020-08-31T17:45:45.070Z - debug: The process cannot access the file because it is being used by another process.

2020-08-31T17:45:45.071Z - debug: The process cannot access the file because it is being used by another process.

2020-08-31T17:45:45.384Z - debug:  
2020-08-31T17:45:45.384Z - debug:  
2020-08-31T17:45:49.248Z - debug:  
2020-08-31T17:45:49.354Z - debug:  
2020-08-31T17:45:56.434Z - debug: The process cannot access the file because it is being used by another process.

2020-08-31T17:45:58.464Z - debug: The process cannot access the file because it is being used by another process.

2020-08-31T17:45:58.694Z - debug:  
2020-08-31T17:46:24.531Z - debug:  
2020-08-31T17:46:24.636Z - debug:  
2020-08-31T17:46:24.636Z - debug:  
2020-08-31T17:46:24.637Z - debug:  
2020-08-31T17:46:33.856Z - debug:  
2020-08-31T17:46:33.856Z - debug:  
2020-08-31T17:46:33.857Z - debug:  
2020-08-31T17:46:33.857Z - debug:  
2020-08-31T17:46:41.424Z - debug:  
2020-08-31T17:46:41.605Z - debug:  
2020-08-31T17:46:41.606Z - debug:  
2020-08-31T17:46:41.606Z - debug:  
2020-08-31T17:46:49.451Z - debug: The process cannot access the file because it is being used by another process.

2020-08-31T17:46:50.145Z - debug:  
2020-08-31T17:46:50.909Z - debug:  
2020-08-31T17:46:50.910Z - debug:  
2020-08-31T17:46:56.040Z - debug:  
2020-08-31T17:47:07.136Z - debug:  
2020-08-31T17:47:08.691Z - debug:  
2020-08-31T17:47:18.843Z - debug:  
2020-08-31T17:47:18.844Z - debug:  
2020-08-31T17:47:23.504Z - info: Pages built
2020-08-31T17:47:48.896Z - info: Website generation complete! Total build time: 204.294s
2020-08-31T17:47:48.900Z - info: Build success!
2020-08-31T17:47:48.902Z - info: Site data built
2020-08-31T17:48:39.573Z - info: Deployed!
2020-09-01T04:18:45.774Z - info: Website generation (lazy) started at 12:18:39 PM
2020-09-01T04:18:58.533Z - info: Building assets...
2020-09-01T04:19:04.408Z - info: Assets built
2020-09-01T04:19:04.409Z - info: Generating landing page...
2020-09-01T04:19:07.976Z - info: Landing page built, other pages will be built as you navigate to them!
2020-09-01T04:19:08.097Z - info: Website generation (lazy) complete! Total build time: 28.457s
2020-09-01T04:19:08.985Z - info: Serving "C:\repos\nus-cs2103-AY2021S1\cs2103-website\_site" at http://127.0.0.1:8080
2020-09-01T04:19:08.985Z - info: Press CTRL+C to stop ...
2020-09-01T04:19:09.049Z - info: Site data built
2020-09-01T04:19:22.142Z - info: Building C:\repos\nus-cs2103-AY2021S1\cs2103-website\schedule\week4\project as some of its dependencies were changed since the last visit
2020-09-01T04:19:25.237Z - info: Site data built
2020-09-01T04:19:25.238Z - info: Lazy website regeneration complete! Total build time: 3.095s
2020-09-01T04:20:38.458Z - info: Website generation started at 12:20:35 PM
2020-09-01T04:20:46.869Z - info: Building assets...
2020-09-01T04:20:52.305Z - info: Assets built
2020-09-01T04:20:52.306Z - info: Generating pages...
2020-09-01T04:21:07.344Z - debug: The process cannot access the file because it is being used by another process.

2020-09-01T04:21:07.345Z - debug: The process cannot access the file because it is being used by another process.

2020-09-01T04:21:10.809Z - debug:  
2020-09-01T04:21:10.809Z - debug:  
2020-09-01T04:21:10.809Z - debug:  
2020-09-01T04:21:10.809Z - debug:  
2020-09-01T04:21:10.810Z - debug:  
2020-09-01T04:21:12.285Z - debug:  
2020-09-01T04:21:16.037Z - debug:  
2020-09-01T04:21:16.038Z - debug: The process cannot access the file because it is being used by another process.

2020-09-01T04:21:16.038Z - debug: The process cannot access the file because it is being used by another process.

2020-09-01T04:21:16.039Z - debug: The process cannot access the file because it is being used by another process.

2020-09-01T04:21:16.039Z - debug:  
2020-09-01T04:21:16.039Z - debug:  
2020-09-01T04:21:16.039Z - debug:  
2020-09-01T04:21:17.303Z - debug: The process cannot access the file because it is being used by another process.

2020-09-01T04:21:17.482Z - debug:  
2020-09-01T04:21:18.343Z - debug: The process cannot access the file because it is being used by another process.

2020-09-01T04:21:18.344Z - debug: The process cannot access the file because it is being used by another process.

2020-09-01T04:21:18.344Z - debug: The process cannot access the file because it is being used by another process.

2020-09-01T04:21:20.492Z - debug:  
2020-09-01T04:21:20.968Z - debug:  
2020-09-01T04:21:38.542Z - debug: The process cannot access the file because it is being used by another process.

2020-09-01T04:21:39.223Z - debug: The process cannot access the file because it is being used by another process.

2020-09-01T04:21:40.120Z - debug: The process cannot access the file because it is being used by another process.

2020-09-01T04:21:40.121Z - debug:  
2020-09-01T04:21:41.653Z - debug: The process cannot access the file because it is being used by another process.

2020-09-01T04:21:42.279Z - debug: The process cannot access the file because it is being used by another process.

2020-09-01T04:21:43.772Z - debug:  
2020-09-01T04:21:45.643Z - debug:  
2020-09-01T04:21:47.973Z - debug: The process cannot access the file because it is being used by another process.

2020-09-01T04:21:47.973Z - debug: The process cannot access the file because it is being used by another process.

2020-09-01T04:21:49.371Z - debug:  
2020-09-01T04:21:49.372Z - debug: The process cannot access the file because it is being used by another process.

2020-09-01T04:21:49.629Z - debug:  
2020-09-01T04:21:51.611Z - debug: The process cannot access the file because it is being used by another process.

2020-09-01T04:21:52.048Z - debug:  
2020-09-01T04:21:53.115Z - debug:  
2020-09-01T04:21:59.868Z - debug: The process cannot access the file because it is being used by another process.

2020-09-01T04:22:01.940Z - debug: The process cannot access the file because it is being used by another process.

2020-09-01T04:22:02.222Z - debug:  
2020-09-01T04:22:24.098Z - debug:  
2020-09-01T04:22:24.100Z - debug:  
2020-09-01T04:22:24.100Z - debug:  
2020-09-01T04:22:24.102Z - debug:  
2020-09-01T04:22:26.009Z - debug: The process cannot access the file because it is being used by another process.

2020-09-01T04:22:29.831Z - debug:  
2020-09-01T04:22:30.032Z - debug:  
2020-09-01T04:22:30.033Z - debug:  
2020-09-01T04:22:38.105Z - debug:  
2020-09-01T04:22:41.743Z - debug:  
2020-09-01T04:22:41.743Z - debug:  
2020-09-01T04:22:41.743Z - debug:  
2020-09-01T04:22:41.743Z - debug:  
2020-09-01T04:22:48.359Z - debug: The process cannot access the file because it is being used by another process.

2020-09-01T04:22:50.743Z - debug:  
2020-09-01T04:22:52.608Z - debug:  
2020-09-01T04:22:52.608Z - debug:  
2020-09-01T04:22:59.453Z - debug:  
2020-09-01T04:23:15.403Z - debug:  
2020-09-01T04:23:17.072Z - debug:  
2020-09-01T04:23:17.072Z - debug:  
2020-09-01T04:23:23.631Z - debug:  
2020-09-01T04:23:23.632Z - debug:  
2020-09-01T04:23:36.421Z - debug:  
2020-09-01T04:23:38.817Z - debug:  
2020-09-01T04:24:12.956Z - debug:  
2020-09-01T04:24:28.606Z - debug:  
2020-09-01T04:24:28.606Z - debug:  
2020-09-01T04:24:40.993Z - info: Pages built
2020-09-01T04:25:11.857Z - info: Website generation complete! Total build time: 276.436s
2020-09-01T04:25:11.858Z - info: Build success!
2020-09-01T04:25:11.858Z - debug:  
2020-09-01T04:25:11.863Z - info: Site data built
2020-09-01T04:25:52.760Z - info: Deployed!
