2020-09-14T15:06:31.190Z - info: Website generation (lazy) started at 11:06:20 PM
2020-09-14T15:06:42.282Z - info: Building assets...
2020-09-14T15:06:48.289Z - info: Assets built
2020-09-14T15:06:48.290Z - info: Generating landing page...
2020-09-14T15:06:49.892Z - info: Landing page built, other pages will be built as you navigate to them!
2020-09-14T15:06:49.988Z - info: Website generation (lazy) complete! Total build time: 29.685s
2020-09-14T15:06:50.928Z - info: Serving "C:\repos\nus-cs2103-AY2021S1\cs2103-website\_site" at http://127.0.0.1:8080
2020-09-14T15:06:50.928Z - info: Press CTRL+C to stop ...
2020-09-14T15:06:50.999Z - info: Site data built
2020-09-14T15:07:50.052Z - info: Building C:\repos\nus-cs2103-AY2021S1\cs2103-website\schedule\week6\index as some of its dependencies were changed since the last visit
2020-09-14T15:07:50.730Z - info: Site data built
2020-09-14T15:07:50.731Z - info: Lazy website regeneration complete! Total build time: 0.693s
2020-09-14T15:08:03.080Z - info: Building C:\repos\nus-cs2103-AY2021S1\cs2103-website\schedule\week6\topics as some of its dependencies were changed since the last visit
2020-09-14T15:08:09.253Z - info: Site data built
2020-09-14T15:08:09.261Z - info: Lazy website regeneration complete! Total build time: 6.182s
2020-09-14T15:08:11.540Z - debug:  
2020-09-14T15:08:11.544Z - debug:  
2020-09-14T15:09:29.635Z - info: [11:09:29 PM] Reload for file add: C:\repos\nus-cs2103-AY2021S1\cs2103-website\schedule\week6\commentary-tic2002.mbdf
2020-09-14T15:09:30.637Z - info: File added or removed, updating list of site's pages...
2020-09-14T15:09:37.570Z - info: Assets removed
2020-09-14T15:09:38.811Z - info: Building C:\repos\nus-cs2103-AY2021S1\cs2103-website\schedule\week6\topics as some of its dependencies were changed since the last visit
2020-09-14T15:09:44.568Z - info: Site data built
2020-09-14T15:09:44.576Z - info: Lazy website regeneration complete! Total build time: 5.766s
2020-09-14T15:09:46.302Z - debug:  
2020-09-14T15:09:46.303Z - debug:  
2020-09-14T15:09:47.501Z - info: Building C:\repos\nus-cs2103-AY2021S1\cs2103-website\schedule\week6\index as some of its dependencies were changed since the last visit
2020-09-14T15:09:47.915Z - info: Site data built
2020-09-14T15:09:47.915Z - info: Lazy website regeneration complete! Total build time: 0.414s
2020-09-14T15:10:37.700Z - info: [11:10:37 PM] Reload for file change: C:\repos\nus-cs2103-AY2021S1\cs2103-website\schedule\week6\commentary-tic2002.mbdf
2020-09-14T15:10:38.704Z - info: Rebuilding 1 pages
2020-09-14T15:10:43.408Z - info: Pages rebuilt
2020-09-14T15:10:43.409Z - info: Website regeneration complete! Total build time: 4.707s
2020-09-14T15:10:43.522Z - info: Site data built
2020-09-14T15:10:46.454Z - debug:  
2020-09-14T15:10:46.454Z - debug:  
2020-09-14T15:11:41.397Z - info: [11:11:41 PM] Reload for file change: C:\repos\nus-cs2103-AY2021S1\cs2103-website\schedule\week6\commentary-tic2002.mbdf
2020-09-14T15:11:42.408Z - info: Rebuilding 1 pages
2020-09-14T15:11:47.021Z - info: Pages rebuilt
2020-09-14T15:11:47.022Z - info: Website regeneration complete! Total build time: 4.62s
2020-09-14T15:11:47.159Z - info: Site data built
2020-09-14T15:11:49.267Z - debug:  
2020-09-14T15:11:49.267Z - debug:  
2020-09-14T15:13:19.764Z - info: [11:13:19 PM] Reload for file change: C:\repos\nus-cs2103-AY2021S1\cs2103-website\schedule\week6\commentary-tic2002.mbdf
2020-09-14T15:13:20.779Z - info: Rebuilding 1 pages
2020-09-14T15:13:25.801Z - info: Pages rebuilt
2020-09-14T15:13:25.801Z - info: Website regeneration complete! Total build time: 5.029s
2020-09-14T15:13:25.926Z - info: Site data built
2020-09-14T15:13:26.998Z - debug:  
2020-09-14T15:13:27.009Z - debug:  
2020-09-14T15:13:52.313Z - info: [11:13:52 PM] Reload for file change: C:\repos\nus-cs2103-AY2021S1\cs2103-website\admin\common-commentary.mbdf
2020-09-14T15:13:53.329Z - info: Rebuilding 1 pages
2020-09-14T15:13:57.503Z - info: Pages rebuilt
2020-09-14T15:13:57.505Z - info: Website regeneration complete! Total build time: 4.177s
2020-09-14T15:13:57.614Z - info: Site data built
2020-09-14T15:13:59.202Z - debug:  
2020-09-14T15:13:59.202Z - debug:  
2020-09-14T15:14:49.914Z - info: [11:14:49 PM] Reload for file change: C:\repos\nus-cs2103-AY2021S1\cs2103-website\_module-TIC2002\weeklyTextbookTopics.mbdf
2020-09-14T15:14:49.970Z - info: [11:14:49 PM] Reload for file change: C:\repos\nus-cs2103-AY2021S1\cs2103-website\admin\common-commentary.mbdf
2020-09-14T15:14:50.924Z - info: Rebuilding 1 pages
2020-09-14T15:15:00.001Z - info: Website generation (lazy) started at 11:14:56 PM
2020-09-14T15:15:10.805Z - info: Building assets...
2020-09-14T15:15:20.046Z - info: Assets built
2020-09-14T15:15:20.047Z - info: Generating landing page...
2020-09-14T15:15:20.877Z - info: Landing page built, other pages will be built as you navigate to them!
2020-09-14T15:15:20.964Z - info: Website generation (lazy) complete! Total build time: 24.054s
2020-09-14T15:15:21.812Z - info: Serving "C:\repos\nus-cs2103-AY2021S1\cs2103-website\_site" at http://127.0.0.1:8080
2020-09-14T15:15:21.812Z - info: Press CTRL+C to stop ...
2020-09-14T15:15:21.868Z - info: Site data built
2020-09-14T15:19:43.318Z - info: Building C:\repos\nus-cs2103-AY2021S1\cs2103-website\schedule\week6\topics as some of its dependencies were changed since the last visit
2020-09-14T15:19:49.110Z - info: Site data built
2020-09-14T15:19:49.113Z - info: Lazy website regeneration complete! Total build time: 5.805s
2020-09-14T15:19:49.277Z - debug:  
2020-09-14T15:19:49.318Z - debug:  
2020-09-14T15:29:17.666Z - info: [11:29:17 PM] Reload for file change: C:\repos\nus-cs2103-AY2021S1\cs2103-website\_module-TIC2002\weeklyTextbookTopics.mbdf
2020-09-14T15:29:18.681Z - info: No pages needed to be rebuilt
2020-09-14T15:33:24.827Z - info: Website generation (lazy) started at 11:33:21 PM
2020-09-14T15:33:39.813Z - info: Building assets...
2020-09-14T15:33:49.050Z - info: Assets built
2020-09-14T15:33:49.051Z - info: Generating landing page...
2020-09-14T15:33:50.144Z - info: Landing page built, other pages will be built as you navigate to them!
2020-09-14T15:33:50.226Z - info: Website generation (lazy) complete! Total build time: 28.245s
2020-09-14T15:33:51.136Z - info: Serving "C:\repos\nus-cs2103-AY2021S1\cs2103-website\_site" at http://127.0.0.1:8080
2020-09-14T15:33:51.137Z - info: Press CTRL+C to stop ...
2020-09-14T15:33:51.211Z - info: Site data built
2020-09-14T15:33:51.640Z - info: [11:33:51 PM] Reload for file change: C:\repos\nus-cs2103-AY2021S1\cs2103-website\_module-TIC2002\weeklyTextbookTopics.mbdf
2020-09-14T15:33:52.658Z - info: No pages needed to be rebuilt
2020-09-14T15:34:03.942Z - info: Building C:\repos\nus-cs2103-AY2021S1\cs2103-website\schedule\week6\topics as some of its dependencies were changed since the last visit
2020-09-14T15:34:09.169Z - info: Site data built
2020-09-14T15:34:09.172Z - info: Lazy website regeneration complete! Total build time: 5.23s
2020-09-14T15:34:09.303Z - debug:  
2020-09-14T15:34:09.306Z - debug:  
2020-09-14T15:34:39.939Z - info: [11:34:39 PM] Reload for file change: C:\repos\nus-cs2103-AY2021S1\cs2103-website\_module-TIC2002\textbookTopics.mbdf
2020-09-14T15:34:40.945Z - info: No pages needed to be rebuilt
2020-09-14T15:34:52.171Z - info: Website generation (lazy) started at 11:34:47 PM
2020-09-14T15:35:04.122Z - info: Building assets...
2020-09-14T15:35:11.521Z - info: Assets built
2020-09-14T15:35:11.525Z - info: Generating landing page...
2020-09-14T15:35:12.408Z - info: Landing page built, other pages will be built as you navigate to them!
2020-09-14T15:35:12.510Z - info: Website generation (lazy) complete! Total build time: 24.731s
2020-09-14T15:35:13.499Z - info: Serving "C:\repos\nus-cs2103-AY2021S1\cs2103-website\_site" at http://127.0.0.1:8080
2020-09-14T15:35:13.500Z - info: Press CTRL+C to stop ...
2020-09-14T15:35:13.624Z - info: Site data built
2020-09-14T15:35:25.108Z - info: Building C:\repos\nus-cs2103-AY2021S1\cs2103-website\schedule\week6\index as some of its dependencies were changed since the last visit
2020-09-14T15:35:25.805Z - info: Site data built
2020-09-14T15:35:25.806Z - info: Lazy website regeneration complete! Total build time: 0.699s
2020-09-14T15:35:29.964Z - info: Building C:\repos\nus-cs2103-AY2021S1\cs2103-website\schedule\week6\topics as some of its dependencies were changed since the last visit
2020-09-14T15:35:35.154Z - info: Site data built
2020-09-14T15:35:35.156Z - info: Lazy website regeneration complete! Total build time: 5.193s
2020-09-14T15:35:36.276Z - debug:  
2020-09-14T15:35:36.277Z - debug:  
2020-09-14T15:36:01.596Z - info: Building C:\repos\nus-cs2103-AY2021S1\cs2103-website\schedule\week6\admin as some of its dependencies were changed since the last visit
2020-09-14T15:36:01.997Z - info: Site data built
2020-09-14T15:36:01.997Z - info: Lazy website regeneration complete! Total build time: 0.402s
2020-09-14T15:36:39.567Z - info: [11:36:39 PM] Reload for file change: C:\repos\nus-cs2103-AY2021S1\cs2103-website\schedule\week6\admin-tic2002.mbdf
2020-09-14T15:36:40.574Z - info: Rebuilding 1 pages
2020-09-14T15:36:40.964Z - info: Pages rebuilt
2020-09-14T15:36:40.965Z - info: Website regeneration complete! Total build time: 0.393s
2020-09-14T15:36:40.997Z - info: Site data built
2020-09-14T15:36:47.584Z - info: [11:36:47 PM] Reload for file change: C:\repos\nus-cs2103-AY2021S1\cs2103-website\schedule\week6\admin-tic2002.mbdf
2020-09-14T15:36:48.597Z - info: Rebuilding 1 pages
2020-09-14T15:36:48.846Z - info: Pages rebuilt
2020-09-14T15:36:48.846Z - info: Website regeneration complete! Total build time: 0.253s
2020-09-14T15:36:48.850Z - info: Site data built
2020-09-14T15:37:17.664Z - info: Building C:\repos\nus-cs2103-AY2021S1\cs2103-website\schedule\week7\index as some of its dependencies were changed since the last visit
2020-09-14T15:37:18.232Z - info: Site data built
2020-09-14T15:37:18.232Z - info: Lazy website regeneration complete! Total build time: 0.569s
2020-09-14T15:37:21.410Z - info: Building C:\repos\nus-cs2103-AY2021S1\cs2103-website\schedule\week7\admin as some of its dependencies were changed since the last visit
2020-09-14T15:37:21.666Z - info: Site data built
2020-09-14T15:37:21.666Z - info: Lazy website regeneration complete! Total build time: 0.256s
2020-09-14T15:37:30.303Z - info: Building C:\repos\nus-cs2103-AY2021S1\cs2103-website\schedule\week7\topics as some of its dependencies were changed since the last visit
2020-09-14T15:37:34.577Z - info: Site data built
2020-09-14T15:37:34.578Z - info: Lazy website regeneration complete! Total build time: 4.274s
2020-09-14T15:37:35.816Z - debug:  
2020-09-14T15:37:35.897Z - debug:  
2020-09-14T15:37:51.857Z - info: Building C:\repos\nus-cs2103-AY2021S1\cs2103-website\schedule\week5\admin as some of its dependencies were changed since the last visit
2020-09-14T15:37:52.140Z - info: Site data built
2020-09-14T15:37:52.140Z - info: Lazy website regeneration complete! Total build time: 0.284s
2020-09-14T15:37:55.292Z - info: Building C:\repos\nus-cs2103-AY2021S1\cs2103-website\schedule\week5\topics as some of its dependencies were changed since the last visit
2020-09-14T15:37:57.092Z - info: Site data built
2020-09-14T15:37:57.092Z - info: Lazy website regeneration complete! Total build time: 1.8s
2020-09-14T15:38:39.229Z - info: Building C:\repos\nus-cs2103-AY2021S1\cs2103-website\schedule\week6\index as some of its dependencies were changed since the last visit
2020-09-14T15:38:39.953Z - info: Site data built
2020-09-14T15:38:39.954Z - info: Lazy website regeneration complete! Total build time: 0.725s
2020-09-14T15:41:15.195Z - info: Website generation started at 11:41:12 PM
2020-09-14T15:41:26.006Z - info: Building assets...
2020-09-14T15:41:34.301Z - info: Assets built
2020-09-14T15:41:34.302Z - info: Generating pages...
2020-09-14T15:41:51.183Z - debug: The process cannot access the file because it is being used by another process.

2020-09-14T15:41:51.184Z - debug: The process cannot access the file because it is being used by another process.

2020-09-14T15:41:53.968Z - debug:  
2020-09-14T15:41:53.968Z - debug:  
2020-09-14T15:41:53.968Z - debug:  
2020-09-14T15:41:53.968Z - debug:  
2020-09-14T15:41:53.968Z - debug:  
2020-09-14T15:41:59.623Z - debug: The process cannot access the file because it is being used by another process.

2020-09-14T15:41:59.624Z - debug: The process cannot access the file because it is being used by another process.

2020-09-14T15:41:59.624Z - debug: The process cannot access the file because it is being used by another process.

2020-09-14T15:41:59.624Z - debug: The process cannot access the file because it is being used by another process.

2020-09-14T15:41:59.624Z - debug:  
2020-09-14T15:41:59.625Z - debug:  
2020-09-14T15:41:59.626Z - debug:  
2020-09-14T15:41:59.626Z - debug:  
2020-09-14T15:42:02.323Z - debug: The process cannot access the file because it is being used by another process.

2020-09-14T15:42:02.323Z - debug: The process cannot access the file because it is being used by another process.

2020-09-14T15:42:02.323Z - debug: The process cannot access the file because it is being used by another process.

2020-09-14T15:42:02.324Z - debug: The process cannot access the file because it is being used by another process.

2020-09-14T15:42:03.803Z - debug:  
2020-09-14T15:42:03.803Z - debug:  
2020-09-14T15:42:20.301Z - debug: The process cannot access the file because it is being used by another process.

2020-09-14T15:42:20.798Z - debug: The process cannot access the file because it is being used by another process.

2020-09-14T15:42:21.842Z - debug: The process cannot access the file because it is being used by another process.

2020-09-14T15:42:21.842Z - debug:  
2020-09-14T15:42:23.619Z - debug: The process cannot access the file because it is being used by another process.

2020-09-14T15:42:24.190Z - debug: The process cannot access the file because it is being used by another process.

2020-09-14T15:42:25.862Z - debug:  
2020-09-14T15:42:27.563Z - debug:  
2020-09-14T15:42:29.949Z - debug: The process cannot access the file because it is being used by another process.

2020-09-14T15:42:29.950Z - debug: The process cannot access the file because it is being used by another process.

2020-09-14T15:42:31.072Z - debug:  
2020-09-14T15:42:31.314Z - debug: The process cannot access the file because it is being used by another process.

2020-09-14T15:42:31.315Z - debug:  
2020-09-14T15:42:33.825Z - debug: The process cannot access the file because it is being used by another process.

2020-09-14T15:42:33.825Z - debug:  
2020-09-14T15:42:35.101Z - debug:  
2020-09-14T15:42:41.898Z - debug: The process cannot access the file because it is being used by another process.

2020-09-14T15:42:44.107Z - debug: The process cannot access the file because it is being used by another process.

2020-09-14T15:42:44.328Z - debug:  
2020-09-14T15:43:10.417Z - debug:  
2020-09-14T15:43:10.594Z - debug:  
2020-09-14T15:43:10.594Z - debug:  
2020-09-14T15:43:10.595Z - debug:  
2020-09-14T15:43:16.572Z - debug:  
2020-09-14T15:43:16.572Z - debug:  
2020-09-14T15:43:16.718Z - debug:  
2020-09-14T15:43:27.019Z - debug:  
2020-09-14T15:43:27.952Z - debug:  
2020-09-14T15:43:27.952Z - debug:  
2020-09-14T15:43:27.952Z - debug:  
2020-09-14T15:43:27.953Z - debug:  
2020-09-14T15:43:34.430Z - debug: The process cannot access the file because it is being used by another process.

2020-09-14T15:43:35.122Z - debug:  
2020-09-14T15:43:36.454Z - debug:  
2020-09-14T15:43:36.455Z - debug:  
2020-09-14T15:43:40.383Z - debug:  
2020-09-14T15:43:47.991Z - debug:  
2020-09-14T15:43:57.486Z - debug:  
2020-09-14T15:44:03.245Z - debug:  
2020-09-14T15:44:03.245Z - debug:  
2020-09-14T15:44:07.832Z - info: Pages built
2020-09-14T15:44:33.422Z - info: Website generation complete! Total build time: 201.187s
2020-09-14T15:44:33.423Z - info: Build success!
2020-09-14T15:44:33.428Z - info: Site data built
2020-09-14T15:45:29.605Z - info: Deployed!
