2020-10-03T06:55:32.582Z - info: Website generation (lazy) started at 2:55:25 PM
2020-10-03T06:55:43.644Z - info: Building assets...
2020-10-03T06:55:49.920Z - info: Assets built
2020-10-03T06:55:49.921Z - info: Generating landing page...
2020-10-03T06:55:52.502Z - info: Landing page built, other pages will be built as you navigate to them!
2020-10-03T06:55:52.612Z - info: Website generation (lazy) complete! Total build time: 27.318s
2020-10-03T06:55:53.451Z - info: Serving "C:\repos\nus-cs2103-AY2021S1\cs2103-website\_site" at http://127.0.0.1:8080
2020-10-03T06:55:53.451Z - info: Press CTRL+C to stop ...
2020-10-03T06:55:53.510Z - info: Site data built
2020-10-03T06:56:29.071Z - info: Building C:\repos\nus-cs2103-AY2021S1\cs2103-website\admin\teamList as some of its dependencies were changed since the last visit
2020-10-03T06:56:29.402Z - info: Site data built
2020-10-03T06:56:29.403Z - info: Lazy website regeneration complete! Total build time: 0.334s
2020-10-03T07:14:16.757Z - info: [3:14:16 PM] Reload for file change: C:\repos\nus-cs2103-AY2021S1\cs2103-website\_module-TIC4001\studentData.mbdf
2020-10-03T07:14:17.784Z - info: No pages needed to be rebuilt
2020-10-03T07:16:13.300Z - info: [3:16:13 PM] Reload for file change: C:\repos\nus-cs2103-AY2021S1\cs2103-website\_module-TIC4001\studentData.mbdf
2020-10-03T07:16:14.307Z - info: No pages needed to be rebuilt
2020-10-03T07:18:33.036Z - info: [3:18:33 PM] Reload for file change: C:\repos\nus-cs2103-AY2021S1\cs2103-website\_module-TIC4001\studentData.mbdf
2020-10-03T07:18:34.059Z - info: No pages needed to be rebuilt
2020-10-03T07:18:45.484Z - info: Website generation (lazy) started at 3:18:42 PM
2020-10-03T07:18:59.204Z - info: Building assets...
2020-10-03T07:19:07.230Z - info: Assets built
2020-10-03T07:19:07.231Z - info: Generating landing page...
2020-10-03T07:19:08.580Z - info: Landing page built, other pages will be built as you navigate to them!
2020-10-03T07:19:08.694Z - info: Website generation (lazy) complete! Total build time: 26.49s
2020-10-03T07:19:09.691Z - info: Serving "C:\repos\nus-cs2103-AY2021S1\cs2103-website\_site" at http://127.0.0.1:8080
2020-10-03T07:19:09.691Z - info: Press CTRL+C to stop ...
2020-10-03T07:19:09.764Z - info: Site data built
2020-10-03T07:19:36.694Z - info: Building C:\repos\nus-cs2103-AY2021S1\cs2103-website\admin\teamList as some of its dependencies were changed since the last visit
2020-10-03T07:19:37.127Z - info: Site data built
2020-10-03T07:19:37.128Z - info: Lazy website regeneration complete! Total build time: 0.435s
2020-10-03T07:21:31.453Z - info: [3:21:31 PM] Reload for file change: C:\repos\nus-cs2103-AY2021S1\cs2103-website\admin\teamList.md
2020-10-03T07:21:32.465Z - info: Rebuilding 1 pages
2020-10-03T07:21:32.793Z - info: Pages rebuilt
2020-10-03T07:21:32.794Z - info: Website regeneration complete! Total build time: 0.334s
2020-10-03T07:21:32.798Z - info: Site data built
2020-10-03T07:25:16.195Z - info: [3:25:16 PM] Reload for file change: C:\repos\nus-cs2103-AY2021S1\cs2103-website\admin\teamList.md
2020-10-03T07:25:17.208Z - info: Rebuilding 1 pages
2020-10-03T07:25:17.565Z - info: Pages rebuilt
2020-10-03T07:25:17.566Z - info: Website regeneration complete! Total build time: 0.36s
2020-10-03T07:25:17.572Z - info: Site data built
2020-10-03T07:26:41.486Z - info: [3:26:41 PM] Reload for file change: C:\repos\nus-cs2103-AY2021S1\cs2103-website\admin\teamList.md
2020-10-03T07:26:42.498Z - info: Rebuilding 1 pages
2020-10-03T07:26:42.846Z - info: Pages rebuilt
2020-10-03T07:26:42.846Z - info: Website regeneration complete! Total build time: 0.353s
2020-10-03T07:26:42.857Z - info: Site data built
2020-10-03T07:28:08.006Z - info: [3:28:08 PM] Reload for file change: C:\repos\nus-cs2103-AY2021S1\cs2103-website\admin\teamList.md
2020-10-03T07:28:09.016Z - info: Rebuilding 1 pages
2020-10-03T07:28:09.287Z - info: Pages rebuilt
2020-10-03T07:28:09.288Z - info: Website regeneration complete! Total build time: 0.277s
2020-10-03T07:28:09.291Z - info: Site data built
2020-10-03T07:28:34.417Z - info: Building C:\repos\nus-cs2103-AY2021S1\cs2103-website\admin\ip-showcase as some of its dependencies were changed since the last visit
2020-10-03T07:28:34.549Z - info: Site data built
2020-10-03T07:28:34.549Z - info: Lazy website regeneration complete! Total build time: 0.133s
2020-10-03T07:29:32.951Z - info: [3:29:32 PM] Reload for file change: C:\repos\nus-cs2103-AY2021S1\cs2103-website\admin\ip-showcase.md
2020-10-03T07:29:33.959Z - info: Rebuilding 1 pages
2020-10-03T07:29:34.125Z - info: Pages rebuilt
2020-10-03T07:29:34.125Z - info: Website regeneration complete! Total build time: 0.17s
2020-10-03T07:29:34.129Z - info: Site data built
2020-10-03T07:30:16.844Z - info: [3:30:16 PM] Reload for file change: C:\repos\nus-cs2103-AY2021S1\cs2103-website\admin\ip-showcase.md
2020-10-03T07:30:17.870Z - info: Rebuilding 1 pages
2020-10-03T07:30:18.067Z - info: Pages rebuilt
2020-10-03T07:30:18.067Z - info: Website regeneration complete! Total build time: 0.198s
2020-10-03T07:30:18.071Z - info: Site data built
2020-10-03T07:31:08.386Z - info: [3:31:08 PM] Reload for file change: C:\repos\nus-cs2103-AY2021S1\cs2103-website\admin\ip-showcase.md
2020-10-03T07:31:09.398Z - info: Rebuilding 1 pages
2020-10-03T07:31:09.707Z - info: Pages rebuilt
2020-10-03T07:31:09.708Z - info: Website regeneration complete! Total build time: 0.314s
2020-10-03T07:31:09.711Z - info: Site data built
2020-10-03T07:31:25.949Z - info: [3:31:25 PM] Reload for file change: C:\repos\nus-cs2103-AY2021S1\cs2103-website\admin\ip-showcase.md
2020-10-03T07:31:26.972Z - info: Rebuilding 1 pages
2020-10-03T07:31:27.317Z - info: Pages rebuilt
2020-10-03T07:31:27.318Z - info: Website regeneration complete! Total build time: 0.35s
2020-10-03T07:31:27.321Z - info: Site data built
2020-10-03T07:37:33.847Z - info: Website generation (lazy) started at 3:37:27 PM
2020-10-03T07:37:46.521Z - info: Building assets...
2020-10-03T07:37:56.771Z - info: Assets built
2020-10-03T07:37:56.772Z - info: Generating landing page...
2020-10-03T07:37:58.128Z - info: Landing page built, other pages will be built as you navigate to them!
2020-10-03T07:37:58.235Z - info: Website generation (lazy) complete! Total build time: 30.798s
2020-10-03T07:37:59.391Z - info: Serving "C:\repos\nus-cs2103-AY2021S1\cs2103-website\_site" at http://127.0.0.1:8080
2020-10-03T07:37:59.391Z - info: Press CTRL+C to stop ...
2020-10-03T07:37:59.480Z - info: Site data built
2020-10-03T07:39:24.913Z - info: [3:39:24 PM] Reload for file change: C:\repos\nus-cs2103-AY2021S1\cs2103-website\_markbind\headers\header.md
2020-10-03T07:39:25.935Z - info: Rebuilding 1 pages
2020-10-03T07:39:26.909Z - info: Pages rebuilt
2020-10-03T07:39:26.910Z - info: Website regeneration complete! Total build time: 0.98s
2020-10-03T07:39:26.915Z - info: Site data built
2020-10-03T07:41:06.126Z - info: [3:41:06 PM] Reload for file change: C:\repos\nus-cs2103-AY2021S1\cs2103-website\_markbind\headers\header.md
2020-10-03T07:41:07.135Z - info: Rebuilding 1 pages
2020-10-03T07:41:07.780Z - info: Pages rebuilt
2020-10-03T07:41:07.781Z - info: Website regeneration complete! Total build time: 0.648s
2020-10-03T07:41:07.785Z - info: Site data built
2020-10-03T07:41:21.096Z - info: Building C:\repos\nus-cs2103-AY2021S1\cs2103-website\admin\ip-showcase as some of its dependencies were changed since the last visit
2020-10-03T07:41:21.610Z - info: Site data built
2020-10-03T07:41:21.612Z - info: Lazy website regeneration complete! Total build time: 0.516s
2020-10-03T07:42:22.213Z - info: Website generation started at 3:42:19 PM
2020-10-03T07:42:35.341Z - info: Building assets...
2020-10-03T07:42:43.152Z - info: Assets built
2020-10-03T07:42:43.153Z - info: Generating pages...
2020-10-03T07:42:59.087Z - debug: The process cannot access the file because it is being used by another process.

2020-10-03T07:42:59.088Z - debug: The process cannot access the file because it is being used by another process.

2020-10-03T07:43:03.458Z - debug:  
2020-10-03T07:43:03.458Z - debug:  
2020-10-03T07:43:03.458Z - debug:  
2020-10-03T07:43:03.459Z - debug:  
2020-10-03T07:43:03.459Z - debug:  
2020-10-03T07:43:08.924Z - debug: The process cannot access the file because it is being used by another process.

2020-10-03T07:43:08.924Z - debug: The process cannot access the file because it is being used by another process.

2020-10-03T07:43:08.925Z - debug: The process cannot access the file because it is being used by another process.

2020-10-03T07:43:08.925Z - debug: The process cannot access the file because it is being used by another process.

2020-10-03T07:43:08.925Z - debug:  
2020-10-03T07:43:08.925Z - debug:  
2020-10-03T07:43:08.925Z - debug:  
2020-10-03T07:43:08.925Z - debug:  
2020-10-03T07:43:08.926Z - debug:  
2020-10-03T07:43:11.433Z - debug: The process cannot access the file because it is being used by another process.

2020-10-03T07:43:11.435Z - debug: The process cannot access the file because it is being used by another process.

2020-10-03T07:43:12.006Z - debug: The process cannot access the file because it is being used by another process.

2020-10-03T07:43:12.006Z - debug: The process cannot access the file because it is being used by another process.

2020-10-03T07:43:12.841Z - debug:  
2020-10-03T07:43:12.841Z - debug:  
2020-10-03T07:43:29.221Z - debug: The process cannot access the file because it is being used by another process.

2020-10-03T07:43:29.538Z - debug: The process cannot access the file because it is being used by another process.

2020-10-03T07:43:30.802Z - debug: The process cannot access the file because it is being used by another process.

2020-10-03T07:43:30.803Z - debug:  
2020-10-03T07:43:32.777Z - debug: The process cannot access the file because it is being used by another process.

2020-10-03T07:43:33.449Z - debug: The process cannot access the file because it is being used by another process.

2020-10-03T07:43:34.972Z - debug:  
2020-10-03T07:43:42.628Z - debug:  
2020-10-03T07:43:45.604Z - debug: The process cannot access the file because it is being used by another process.

2020-10-03T07:43:45.730Z - debug: The process cannot access the file because it is being used by another process.

2020-10-03T07:43:47.050Z - debug: The process cannot access the file because it is being used by another process.

2020-10-03T07:43:47.051Z - debug: The process cannot access the file because it is being used by another process.

2020-10-03T07:43:47.107Z - debug:  
2020-10-03T07:43:47.323Z - debug:  
2020-10-03T07:43:52.979Z - debug:  
2020-10-03T07:43:52.980Z - debug:  
2020-10-03T07:44:00.562Z - debug: The process cannot access the file because it is being used by another process.

2020-10-03T07:44:02.964Z - debug: The process cannot access the file because it is being used by another process.

2020-10-03T07:44:03.112Z - debug:  
2020-10-03T07:44:25.452Z - debug:  
2020-10-03T07:44:25.687Z - debug:  
2020-10-03T07:44:25.689Z - debug:  
2020-10-03T07:44:25.689Z - debug:  
2020-10-03T07:44:31.503Z - debug:  
2020-10-03T07:44:32.575Z - debug:  
2020-10-03T07:44:32.575Z - debug:  
2020-10-03T07:44:37.293Z - debug:  
2020-10-03T07:44:40.860Z - debug:  
2020-10-03T07:44:40.861Z - debug:  
2020-10-03T07:44:40.861Z - debug:  
2020-10-03T07:44:40.861Z - debug:  
2020-10-03T07:44:49.045Z - debug:  
2020-10-03T07:44:49.045Z - debug:  
2020-10-03T07:44:49.045Z - debug:  
2020-10-03T07:44:53.925Z - debug:  
2020-10-03T07:45:00.516Z - debug:  
2020-10-03T07:45:13.283Z - debug:  
2020-10-03T07:45:17.224Z - debug:  
2020-10-03T07:45:17.225Z - debug:  
2020-10-03T07:45:40.457Z - debug:  
2020-10-03T07:45:51.708Z - debug:  
2020-10-03T07:45:51.709Z - debug:  
2020-10-03T07:45:59.396Z - info: Pages built
2020-10-03T07:46:28.168Z - info: Website generation complete! Total build time: 249.085s
2020-10-03T07:46:28.172Z - info: Build success!
2020-10-03T07:46:28.172Z - debug:  
2020-10-03T07:46:28.175Z - info: Site data built
2020-10-03T07:47:16.612Z - info: Deployed!
2020-10-03T08:01:23.749Z - info: Website generation started at 4:01:17 PM
2020-10-03T08:01:38.857Z - info: Building assets...
2020-10-03T08:01:49.609Z - info: Assets built
2020-10-03T08:01:49.610Z - info: Generating pages...
2020-10-03T08:02:05.362Z - debug: The process cannot access the file because it is being used by another process.

2020-10-03T08:02:05.363Z - debug: The process cannot access the file because it is being used by another process.

2020-10-03T08:02:09.153Z - debug:  
2020-10-03T08:02:09.154Z - debug:  
2020-10-03T08:02:09.154Z - debug:  
2020-10-03T08:02:09.154Z - debug:  
2020-10-03T08:02:09.155Z - debug:  
2020-10-03T08:02:10.161Z - debug:  
2020-10-03T08:02:10.226Z - debug:  
2020-10-03T08:02:10.227Z - debug:  
2020-10-03T08:02:15.668Z - debug:  
2020-10-03T08:02:15.669Z - debug: The process cannot access the file because it is being used by another process.

2020-10-03T08:02:15.669Z - debug:  
2020-10-03T08:02:17.415Z - debug: The process cannot access the file because it is being used by another process.

2020-10-03T08:02:17.415Z - debug: The process cannot access the file because it is being used by another process.

2020-10-03T08:02:17.621Z - debug:  
2020-10-03T08:02:17.779Z - debug:  
2020-10-03T08:02:17.780Z - debug:  
2020-10-03T08:02:18.170Z - debug: The process cannot access the file because it is being used by another process.

2020-10-03T08:02:18.171Z - debug: The process cannot access the file because it is being used by another process.

2020-10-03T08:02:21.248Z - debug:  
2020-10-03T08:02:21.249Z - debug:  
2020-10-03T08:02:37.662Z - debug: The process cannot access the file because it is being used by another process.

2020-10-03T08:02:38.617Z - debug: The process cannot access the file because it is being used by another process.

2020-10-03T08:02:39.689Z - debug: The process cannot access the file because it is being used by another process.

2020-10-03T08:02:39.689Z - debug:  
2020-10-03T08:02:41.469Z - debug: The process cannot access the file because it is being used by another process.

2020-10-03T08:02:42.171Z - debug: The process cannot access the file because it is being used by another process.

2020-10-03T08:02:43.651Z - debug:  
2020-10-03T08:02:45.358Z - debug:  
2020-10-03T08:02:48.065Z - debug: The process cannot access the file because it is being used by another process.

2020-10-03T08:02:48.065Z - debug: The process cannot access the file because it is being used by another process.

2020-10-03T08:02:49.367Z - debug: The process cannot access the file because it is being used by another process.

2020-10-03T08:02:49.367Z - debug: The process cannot access the file because it is being used by another process.

2020-10-03T08:02:49.609Z - debug:  
2020-10-03T08:02:49.610Z - debug:  
2020-10-03T08:02:53.877Z - debug:  
2020-10-03T08:02:54.027Z - debug:  
2020-10-03T08:03:02.631Z - debug: The process cannot access the file because it is being used by another process.

2020-10-03T08:03:04.518Z - debug: The process cannot access the file because it is being used by another process.

2020-10-03T08:03:04.723Z - debug:  
2020-10-03T08:03:30.795Z - debug:  
2020-10-03T08:03:31.000Z - debug:  
2020-10-03T08:03:31.001Z - debug:  
2020-10-03T08:03:31.213Z - debug:  
2020-10-03T08:03:32.822Z - debug: The process cannot access the file because it is being used by another process.

2020-10-03T08:03:36.585Z - debug:  
2020-10-03T08:03:36.984Z - debug:  
2020-10-03T08:03:37.165Z - debug:  
2020-10-03T08:03:39.852Z - debug:  
2020-10-03T08:03:46.734Z - debug:  
2020-10-03T08:03:47.377Z - debug:  
2020-10-03T08:03:47.378Z - debug:  
2020-10-03T08:03:47.378Z - debug:  
2020-10-03T08:03:52.065Z - debug: The process cannot access the file because it is being used by another process.

2020-10-03T08:03:54.348Z - debug:  
2020-10-03T08:03:56.227Z - debug:  
2020-10-03T08:03:56.228Z - debug:  
2020-10-03T08:04:01.199Z - debug:  
2020-10-03T08:04:12.287Z - debug:  
2020-10-03T08:04:15.641Z - debug:  
2020-10-03T08:04:15.641Z - debug:  
2020-10-03T08:04:20.072Z - debug:  
2020-10-03T08:04:20.073Z - debug:  
2020-10-03T08:04:36.591Z - debug:  
2020-10-03T08:04:39.264Z - debug:  
2020-10-03T08:05:09.389Z - debug:  
2020-10-03T08:05:25.194Z - debug:  
2020-10-03T08:05:25.195Z - debug:  
2020-10-03T08:05:39.051Z - info: Pages built
2020-10-03T08:06:09.911Z - info: Website generation complete! Total build time: 291.987s
2020-10-03T08:06:09.912Z - info: Build success!
2020-10-03T08:06:09.912Z - debug:  
2020-10-03T08:06:09.919Z - info: Site data built
2020-10-03T08:06:57.744Z - info: Deployed!
