2020-07-20T16:05:07.293Z - info: Building C:\repos\nus-cs2103-AY2021S1\cs2103-website\schedule\week4\admin as some of its dependencies were changed since the last visit
2020-07-20T16:05:07.615Z - info: Site data built
2020-07-20T16:05:07.616Z - info: Lazy website regeneration complete! Total build time: 0.324s
2020-07-20T16:28:48.241Z - info: [12:28:48 AM] Reload for file change: C:\repos\nus-cs2103-AY2021S1\cs2103-website\schedule\week3\admin-tic2002.mbdf
2020-07-20T16:28:49.264Z - info: Rebuilding 1 pages
2020-07-20T16:28:49.737Z - info: Pages rebuilt
2020-07-20T16:28:49.737Z - info: Website regeneration complete! Total build time: 0.481s
2020-07-20T16:28:49.744Z - info: Site data built
2020-07-20T16:30:37.599Z - info: [12:30:37 AM] Reload for file change: C:\repos\nus-cs2103-AY2021S1\cs2103-website\schedule\week3\admin-tic2002.mbdf
2020-07-20T16:30:38.614Z - info: Rebuilding 1 pages
2020-07-20T16:30:39.100Z - info: Pages rebuilt
2020-07-20T16:30:39.101Z - info: Website regeneration complete! Total build time: 0.491s
2020-07-20T16:30:39.107Z - info: Site data built
2020-07-20T16:30:52.214Z - info: Building C:\repos\nus-cs2103-AY2021S1\cs2103-website\schedule\timeline as some of its dependencies were changed since the last visit
2020-07-20T16:30:54.906Z - info: Site data built
2020-07-20T16:30:54.907Z - info: Lazy website regeneration complete! Total build time: 2.693s
2020-07-20T16:31:27.071Z - info: [12:31:27 AM] Reload for file change: C:\repos\nus-cs2103-AY2021S1\cs2103-website\schedule\week3\admin-tic2002.mbdf
2020-07-20T16:31:28.090Z - info: Rebuilding 1 pages
2020-07-20T16:31:28.897Z - info: Pages rebuilt
2020-07-20T16:31:28.897Z - info: Website regeneration complete! Total build time: 0.809s
2020-07-20T16:31:28.920Z - info: Site data built
2020-07-20T16:31:29.921Z - info: Building C:\repos\nus-cs2103-AY2021S1\cs2103-website\schedule\timeline as some of its dependencies were changed since the last visit
2020-07-20T16:31:33.534Z - info: Site data built
2020-07-20T16:31:33.535Z - info: Lazy website regeneration complete! Total build time: 3.615s
2020-07-20T16:31:47.618Z - info: Building C:\repos\nus-cs2103-AY2021S1\cs2103-website\schedule\week3\index as some of its dependencies were changed since the last visit
2020-07-20T16:31:47.988Z - info: Site data built
2020-07-20T16:31:47.989Z - info: Lazy website regeneration complete! Total build time: 0.372s
2020-07-20T16:32:37.311Z - info: [12:32:37 AM] Reload for file change: C:\repos\nus-cs2103-AY2021S1\cs2103-website\common\admin.njk
2020-07-20T16:32:38.393Z - info: Assets built
2020-07-20T16:32:51.808Z - info: Website generation (lazy) started at 12:32:48 AM
2020-07-20T16:33:10.629Z - info: Building assets...
2020-07-20T16:33:22.458Z - info: Assets built
2020-07-20T16:33:22.458Z - info: Generating landing page...
2020-07-20T16:33:23.490Z - info: Landing page built, other pages will be built as you navigate to them!
2020-07-20T16:33:23.599Z - info: Website generation (lazy) complete! Total build time: 35.156s
2020-07-20T16:33:24.908Z - info: Serving "C:\repos\nus-cs2103-AY2021S1\cs2103-website\_site" at http://127.0.0.1:8080
2020-07-20T16:33:24.908Z - info: Press CTRL+C to stop ...
2020-07-20T16:33:24.968Z - info: Site data built
2020-07-20T16:33:32.622Z - info: Building C:\repos\nus-cs2103-AY2021S1\cs2103-website\schedule\week3\admin as some of its dependencies were changed since the last visit
2020-07-20T16:33:34.790Z - info: Site data built
2020-07-20T16:33:35.083Z - info: Lazy website regeneration complete! Total build time: 2.461s
2020-07-20T16:34:07.415Z - info: [12:34:07 AM] Reload for file change: C:\repos\nus-cs2103-AY2021S1\cs2103-website\common\admin.njk
2020-07-20T16:34:08.465Z - info: Assets built
2020-07-20T16:34:28.205Z - info: [12:34:28 AM] Reload for file change: C:\repos\nus-cs2103-AY2021S1\cs2103-website\common\admin.njk
2020-07-20T16:34:29.250Z - info: Assets built
2020-07-20T16:34:43.333Z - info: Website generation (lazy) started at 12:34:39 AM
2020-07-20T16:34:54.803Z - info: Building assets...
2020-07-20T16:35:04.024Z - info: Assets built
2020-07-20T16:35:04.025Z - info: Generating landing page...
2020-07-20T16:35:05.084Z - info: Landing page built, other pages will be built as you navigate to them!
2020-07-20T16:35:05.181Z - info: Website generation (lazy) complete! Total build time: 25.344s
2020-07-20T16:35:06.111Z - info: Serving "C:\repos\nus-cs2103-AY2021S1\cs2103-website\_site" at http://127.0.0.1:8080
2020-07-20T16:35:06.111Z - info: Press CTRL+C to stop ...
2020-07-20T16:35:06.167Z - info: Site data built
2020-07-20T16:41:18.509Z - info: Building C:\repos\nus-cs2103-AY2021S1\cs2103-website\schedule\week3\admin as some of its dependencies were changed since the last visit
2020-07-20T16:41:19.471Z - info: Site data built
2020-07-20T16:41:19.472Z - info: Lazy website regeneration complete! Total build time: 0.964s
2020-07-20T16:42:14.464Z - info: [12:42:14 AM] Reload for file change: C:\repos\nus-cs2103-AY2021S1\cs2103-website\schedule\week3\admin-tic2002.mbdf
2020-07-20T16:42:15.475Z - info: Rebuilding 1 pages
2020-07-20T16:42:15.833Z - info: Pages rebuilt
2020-07-20T16:42:15.834Z - info: Website regeneration complete! Total build time: 0.363s
2020-07-20T16:42:15.838Z - info: Site data built
2020-07-20T16:42:28.070Z - info: [12:42:28 AM] Reload for file change: C:\repos\nus-cs2103-AY2021S1\cs2103-website\schedule\week3\admin-tic2002.mbdf
2020-07-20T16:42:29.082Z - info: Rebuilding 1 pages
2020-07-20T16:42:29.506Z - info: Pages rebuilt
2020-07-20T16:42:29.506Z - info: Website regeneration complete! Total build time: 0.427s
2020-07-20T16:42:29.511Z - info: Site data built
2020-07-20T16:43:30.931Z - info: [12:43:30 AM] Reload for file change: C:\repos\nus-cs2103-AY2021S1\cs2103-website\schedule\week3\admin-tic2002.mbdf
2020-07-20T16:43:31.941Z - info: Rebuilding 1 pages
2020-07-20T16:43:32.309Z - info: Pages rebuilt
2020-07-20T16:43:32.309Z - info: Website regeneration complete! Total build time: 0.372s
2020-07-20T16:43:32.312Z - info: Site data built
2020-07-20T16:43:58.300Z - info: [12:43:58 AM] Reload for file change: C:\repos\nus-cs2103-AY2021S1\cs2103-website\schedule\week3\admin-tic2002.mbdf
2020-07-20T16:43:59.310Z - info: Rebuilding 1 pages
2020-07-20T16:43:59.658Z - info: Pages rebuilt
2020-07-20T16:43:59.658Z - info: Website regeneration complete! Total build time: 0.349s
2020-07-20T16:43:59.675Z - info: Site data built
2020-07-20T16:44:13.179Z - info: [12:44:13 AM] Reload for file change: C:\repos\nus-cs2103-AY2021S1\cs2103-website\schedule\week3\admin-tic2002.mbdf
2020-07-20T16:44:14.196Z - info: Rebuilding 1 pages
2020-07-20T16:44:14.432Z - info: Pages rebuilt
2020-07-20T16:44:14.432Z - info: Website regeneration complete! Total build time: 0.238s
2020-07-20T16:44:14.436Z - info: Site data built
2020-07-20T16:44:26.793Z - info: [12:44:26 AM] Reload for file change: C:\repos\nus-cs2103-AY2021S1\cs2103-website\schedule\week3\admin-tic2002.mbdf
2020-07-20T16:44:27.821Z - info: Rebuilding 1 pages
2020-07-20T16:44:28.271Z - info: Pages rebuilt
2020-07-20T16:44:28.271Z - info: Website regeneration complete! Total build time: 0.455s
2020-07-20T16:44:28.274Z - info: Site data built
2020-07-20T16:44:45.028Z - info: [12:44:45 AM] Reload for file change: C:\repos\nus-cs2103-AY2021S1\cs2103-website\schedule\week3\admin-tic2002.mbdf
2020-07-20T16:44:46.050Z - info: Rebuilding 1 pages
2020-07-20T16:44:46.424Z - info: Pages rebuilt
2020-07-20T16:44:46.425Z - info: Website regeneration complete! Total build time: 0.378s
2020-07-20T16:44:46.428Z - info: Site data built
2020-07-20T16:48:59.794Z - info: [12:48:59 AM] Reload for file change: C:\repos\nus-cs2103-AY2021S1\cs2103-website\schedule\week3\admin-tic2002.mbdf
2020-07-20T16:48:59.836Z - info: [12:48:59 AM] Reload for file change: C:\repos\nus-cs2103-AY2021S1\cs2103-website\admin\index-tic2002.mbdf
2020-07-20T16:49:00.810Z - info: Rebuilding 1 pages
2020-07-20T16:49:01.260Z - info: Pages rebuilt
2020-07-20T16:49:01.260Z - info: Website regeneration complete! Total build time: 0.455s
2020-07-20T16:49:01.264Z - info: Site data built
2020-07-20T16:49:07.105Z - info: Building C:\repos\nus-cs2103-AY2021S1\cs2103-website\admin\index as some of its dependencies were changed since the last visit
2020-07-20T16:49:07.882Z - info: Site data built
2020-07-20T16:49:07.884Z - info: Lazy website regeneration complete! Total build time: 0.779s
2020-07-20T16:50:38.594Z - info: [12:50:38 AM] Reload for file change: C:\repos\nus-cs2103-AY2021S1\cs2103-website\admin\index-tic2002.mbdf
2020-07-20T16:50:39.620Z - info: Rebuilding 1 pages
2020-07-20T16:50:40.702Z - info: Pages rebuilt
2020-07-20T16:50:40.702Z - info: Website regeneration complete! Total build time: 1.087s
2020-07-20T16:50:40.718Z - info: Site data built
2020-07-20T16:51:04.253Z - info: [12:51:04 AM] Reload for file change: C:\repos\nus-cs2103-AY2021S1\cs2103-website\admin\index-tic2002.mbdf
2020-07-20T16:51:05.279Z - info: Rebuilding 1 pages
2020-07-20T16:51:06.149Z - info: Pages rebuilt
2020-07-20T16:51:06.150Z - info: Website regeneration complete! Total build time: 0.873s
2020-07-20T16:51:06.157Z - info: Site data built
2020-07-20T16:51:21.643Z - info: [12:51:21 AM] Reload for file change: C:\repos\nus-cs2103-AY2021S1\cs2103-website\admin\index-tic2002.mbdf
2020-07-20T16:51:22.657Z - info: Rebuilding 1 pages
2020-07-20T16:51:23.652Z - info: Pages rebuilt
2020-07-20T16:51:23.652Z - info: Website regeneration complete! Total build time: 0.998s
2020-07-20T16:51:23.670Z - info: Site data built
2020-07-20T16:51:56.067Z - info: [12:51:56 AM] Reload for file change: C:\repos\nus-cs2103-AY2021S1\cs2103-website\admin\index-tic2002.mbdf
2020-07-20T16:51:57.086Z - info: Rebuilding 1 pages
2020-07-20T16:51:58.184Z - info: Pages rebuilt
2020-07-20T16:51:58.184Z - info: Website regeneration complete! Total build time: 1.102s
2020-07-20T16:51:58.192Z - info: Site data built
2020-07-20T16:53:13.545Z - info: [12:53:13 AM] Reload for file change: C:\repos\nus-cs2103-AY2021S1\cs2103-website\admin\index-tic2002.mbdf
2020-07-20T16:53:14.560Z - info: Rebuilding 1 pages
2020-07-20T16:53:14.774Z - error:  Error: No such segment 'project' in file: C:\repos\nus-cs2103-AY2021S1\cs2103-website\schedule\week4\admin-tic2002.mbdf
Missing reference in C:\repos\nus-cs2103-AY2021S1\cs2103-website\admin\index-tic2002.mbdf
    at _preprocessInclude (C:\repos\markbind\markbind\packages\core\src\preprocessors\componentPreprocessor.js:264:21)
    at preProcessComponent (C:\repos\markbind\markbind\packages\core\src\preprocessors\componentPreprocessor.js:349:12)
    at C:\repos\markbind\markbind\packages\core\src\preprocessors\componentPreprocessor.js:124:46
    at Array.map (<anonymous>)
    at _preProcessPanel (C:\repos\markbind\markbind\packages\core\src\preprocessors\componentPreprocessor.js:124:37)
    at preProcessComponent (C:\repos\markbind\markbind\packages\core\src\preprocessors\componentPreprocessor.js:343:12)
    at C:\repos\markbind\markbind\packages\core\src\preprocessors\componentPreprocessor.js:356:52
    at Array.map (<anonymous>)
    at preProcessComponent (C:\repos\markbind\markbind\packages\core\src\preprocessors\componentPreprocessor.js:356:43)
    at C:\repos\markbind\markbind\packages\core\src\preprocessors\componentPreprocessor.js:356:52
    at Array.map (<anonymous>)
    at preProcessComponent (C:\repos\markbind\markbind\packages\core\src\preprocessors\componentPreprocessor.js:356:43)
    at C:\repos\markbind\markbind\packages\core\src\preprocessors\componentPreprocessor.js:356:52
    at Array.map (<anonymous>)
    at preProcessComponent (C:\repos\markbind\markbind\packages\core\src\preprocessors\componentPreprocessor.js:356:43)
    at C:\repos\markbind\markbind\packages\core\src\preprocessors\componentPreprocessor.js:356:52
2020-07-20T16:53:15.411Z - info: Pages rebuilt
2020-07-20T16:53:15.412Z - info: Website regeneration complete! Total build time: 0.854s
2020-07-20T16:53:15.425Z - info: Site data built
2020-07-20T17:10:42.830Z - info: [1:10:42 AM] Reload for file change: C:\repos\nus-cs2103-AY2021S1\cs2103-website\schedule\week3\admin-tic2002.mbdf
2020-07-20T17:10:43.864Z - info: Rebuilding 1 pages
2020-07-20T17:10:44.115Z - error:  Error: No such segment 'project' in file: C:\repos\nus-cs2103-AY2021S1\cs2103-website\schedule\week4\admin-tic2002.mbdf
Missing reference in C:\repos\nus-cs2103-AY2021S1\cs2103-website\admin\index-tic2002.mbdf
    at _preprocessInclude (C:\repos\markbind\markbind\packages\core\src\preprocessors\componentPreprocessor.js:264:21)
    at preProcessComponent (C:\repos\markbind\markbind\packages\core\src\preprocessors\componentPreprocessor.js:349:12)
    at C:\repos\markbind\markbind\packages\core\src\preprocessors\componentPreprocessor.js:124:46
    at Array.map (<anonymous>)
    at _preProcessPanel (C:\repos\markbind\markbind\packages\core\src\preprocessors\componentPreprocessor.js:124:37)
    at preProcessComponent (C:\repos\markbind\markbind\packages\core\src\preprocessors\componentPreprocessor.js:343:12)
    at C:\repos\markbind\markbind\packages\core\src\preprocessors\componentPreprocessor.js:356:52
    at Array.map (<anonymous>)
    at preProcessComponent (C:\repos\markbind\markbind\packages\core\src\preprocessors\componentPreprocessor.js:356:43)
    at C:\repos\markbind\markbind\packages\core\src\preprocessors\componentPreprocessor.js:356:52
    at Array.map (<anonymous>)
    at preProcessComponent (C:\repos\markbind\markbind\packages\core\src\preprocessors\componentPreprocessor.js:356:43)
    at C:\repos\markbind\markbind\packages\core\src\preprocessors\componentPreprocessor.js:356:52
    at Array.map (<anonymous>)
    at preProcessComponent (C:\repos\markbind\markbind\packages\core\src\preprocessors\componentPreprocessor.js:356:43)
    at C:\repos\markbind\markbind\packages\core\src\preprocessors\componentPreprocessor.js:356:52
2020-07-20T17:10:45.012Z - info: Pages rebuilt
2020-07-20T17:10:45.013Z - info: Website regeneration complete! Total build time: 1.158s
2020-07-20T17:10:45.044Z - info: Site data built
2020-07-20T17:10:57.543Z - info: Building C:\repos\nus-cs2103-AY2021S1\cs2103-website\schedule\week3\admin as some of its dependencies were changed since the last visit
2020-07-20T17:10:57.872Z - info: Site data built
2020-07-20T17:10:57.873Z - info: Lazy website regeneration complete! Total build time: 0.331s
2020-07-21T09:13:37.675Z - info: Website generation (lazy) started at 5:13:27 PM
2020-07-21T09:13:51.117Z - info: Building assets...
2020-07-21T09:13:56.818Z - info: Assets built
2020-07-21T09:13:56.821Z - info: Generating landing page...
2020-07-21T09:13:57.237Z - error:  Error: No such segment 'project' in file: C:\repos\nus-cs2103-AY2021S1\cs2103-website\schedule\week4\admin-tic2002.mbdf
Missing reference in C:\repos\nus-cs2103-AY2021S1\cs2103-website\admin\index-tic2002.mbdf
    at _preprocessInclude (C:\repos\markbind\markbind\packages\core\src\preprocessors\componentPreprocessor.js:264:21)
    at preProcessComponent (C:\repos\markbind\markbind\packages\core\src\preprocessors\componentPreprocessor.js:349:12)
    at C:\repos\markbind\markbind\packages\core\src\preprocessors\componentPreprocessor.js:124:46
    at Array.map (<anonymous>)
    at _preProcessPanel (C:\repos\markbind\markbind\packages\core\src\preprocessors\componentPreprocessor.js:124:37)
    at preProcessComponent (C:\repos\markbind\markbind\packages\core\src\preprocessors\componentPreprocessor.js:343:12)
    at C:\repos\markbind\markbind\packages\core\src\preprocessors\componentPreprocessor.js:356:52
    at Array.map (<anonymous>)
    at preProcessComponent (C:\repos\markbind\markbind\packages\core\src\preprocessors\componentPreprocessor.js:356:43)
    at C:\repos\markbind\markbind\packages\core\src\preprocessors\componentPreprocessor.js:356:52
    at Array.map (<anonymous>)
    at preProcessComponent (C:\repos\markbind\markbind\packages\core\src\preprocessors\componentPreprocessor.js:356:43)
    at C:\repos\markbind\markbind\packages\core\src\preprocessors\componentPreprocessor.js:356:52
    at Array.map (<anonymous>)
    at preProcessComponent (C:\repos\markbind\markbind\packages\core\src\preprocessors\componentPreprocessor.js:356:43)
    at C:\repos\markbind\markbind\packages\core\src\preprocessors\componentPreprocessor.js:356:52
2020-07-21T09:13:57.968Z - info: Landing page built, other pages will be built as you navigate to them!
2020-07-21T09:13:58.071Z - info: Website generation (lazy) complete! Total build time: 30.639s
2020-07-21T09:13:58.860Z - info: Serving "C:\repos\nus-cs2103-AY2021S1\cs2103-website\_site" at http://127.0.0.1:8080
2020-07-21T09:13:58.861Z - info: Press CTRL+C to stop ...
2020-07-21T09:13:58.936Z - info: Site data built
2020-07-21T09:18:36.651Z - info: [5:18:36 PM] Reload for file change: C:\repos\nus-cs2103-AY2021S1\cs2103-website\schedule\week3\admin-tic2002.mbdf
2020-07-21T09:18:37.661Z - info: Rebuilding 1 pages
2020-07-21T09:18:37.898Z - error:  Error: No such segment 'project' in file: C:\repos\nus-cs2103-AY2021S1\cs2103-website\schedule\week4\admin-tic2002.mbdf
Missing reference in C:\repos\nus-cs2103-AY2021S1\cs2103-website\admin\index-tic2002.mbdf
    at _preprocessInclude (C:\repos\markbind\markbind\packages\core\src\preprocessors\componentPreprocessor.js:264:21)
    at preProcessComponent (C:\repos\markbind\markbind\packages\core\src\preprocessors\componentPreprocessor.js:349:12)
    at C:\repos\markbind\markbind\packages\core\src\preprocessors\componentPreprocessor.js:124:46
    at Array.map (<anonymous>)
    at _preProcessPanel (C:\repos\markbind\markbind\packages\core\src\preprocessors\componentPreprocessor.js:124:37)
    at preProcessComponent (C:\repos\markbind\markbind\packages\core\src\preprocessors\componentPreprocessor.js:343:12)
    at C:\repos\markbind\markbind\packages\core\src\preprocessors\componentPreprocessor.js:356:52
    at Array.map (<anonymous>)
    at preProcessComponent (C:\repos\markbind\markbind\packages\core\src\preprocessors\componentPreprocessor.js:356:43)
    at C:\repos\markbind\markbind\packages\core\src\preprocessors\componentPreprocessor.js:356:52
    at Array.map (<anonymous>)
    at preProcessComponent (C:\repos\markbind\markbind\packages\core\src\preprocessors\componentPreprocessor.js:356:43)
    at C:\repos\markbind\markbind\packages\core\src\preprocessors\componentPreprocessor.js:356:52
    at Array.map (<anonymous>)
    at preProcessComponent (C:\repos\markbind\markbind\packages\core\src\preprocessors\componentPreprocessor.js:356:43)
    at C:\repos\markbind\markbind\packages\core\src\preprocessors\componentPreprocessor.js:356:52
2020-07-21T09:18:38.829Z - info: Pages rebuilt
2020-07-21T09:18:38.829Z - info: Website regeneration complete! Total build time: 1.171s
2020-07-21T09:18:38.857Z - info: Site data built
2020-07-21T09:18:42.980Z - info: [5:18:42 PM] Reload for file change: C:\repos\nus-cs2103-AY2021S1\cs2103-website\schedule\week3\admin-tic2002.mbdf
2020-07-21T09:18:43.987Z - info: Rebuilding 1 pages
2020-07-21T09:18:44.186Z - error:  Error: No such segment 'project' in file: C:\repos\nus-cs2103-AY2021S1\cs2103-website\schedule\week4\admin-tic2002.mbdf
Missing reference in C:\repos\nus-cs2103-AY2021S1\cs2103-website\admin\index-tic2002.mbdf
    at _preprocessInclude (C:\repos\markbind\markbind\packages\core\src\preprocessors\componentPreprocessor.js:264:21)
    at preProcessComponent (C:\repos\markbind\markbind\packages\core\src\preprocessors\componentPreprocessor.js:349:12)
    at C:\repos\markbind\markbind\packages\core\src\preprocessors\componentPreprocessor.js:124:46
    at Array.map (<anonymous>)
    at _preProcessPanel (C:\repos\markbind\markbind\packages\core\src\preprocessors\componentPreprocessor.js:124:37)
    at preProcessComponent (C:\repos\markbind\markbind\packages\core\src\preprocessors\componentPreprocessor.js:343:12)
    at C:\repos\markbind\markbind\packages\core\src\preprocessors\componentPreprocessor.js:356:52
    at Array.map (<anonymous>)
    at preProcessComponent (C:\repos\markbind\markbind\packages\core\src\preprocessors\componentPreprocessor.js:356:43)
    at C:\repos\markbind\markbind\packages\core\src\preprocessors\componentPreprocessor.js:356:52
    at Array.map (<anonymous>)
    at preProcessComponent (C:\repos\markbind\markbind\packages\core\src\preprocessors\componentPreprocessor.js:356:43)
    at C:\repos\markbind\markbind\packages\core\src\preprocessors\componentPreprocessor.js:356:52
    at Array.map (<anonymous>)
    at preProcessComponent (C:\repos\markbind\markbind\packages\core\src\preprocessors\componentPreprocessor.js:356:43)
    at C:\repos\markbind\markbind\packages\core\src\preprocessors\componentPreprocessor.js:356:52
2020-07-21T09:18:44.845Z - info: Pages rebuilt
2020-07-21T09:18:44.845Z - info: Website regeneration complete! Total build time: 0.861s
2020-07-21T09:18:44.867Z - info: Site data built
2020-07-21T09:18:56.837Z - info: Building C:\repos\nus-cs2103-AY2021S1\cs2103-website\schedule\week2\index as some of its dependencies were changed since the last visit
2020-07-21T09:18:57.523Z - info: Site data built
2020-07-21T09:18:57.523Z - info: Lazy website regeneration complete! Total build time: 0.687s
2020-07-21T09:19:00.075Z - info: Building C:\repos\nus-cs2103-AY2021S1\cs2103-website\schedule\week2\topics as some of its dependencies were changed since the last visit
2020-07-21T09:19:02.687Z - info: Site data built
2020-07-21T09:19:02.688Z - info: Lazy website regeneration complete! Total build time: 2.613s
2020-07-21T09:19:07.677Z - info: Building C:\repos\nus-cs2103-AY2021S1\cs2103-website\admin\index as some of its dependencies were changed since the last visit
2020-07-21T09:19:07.865Z - error:  Error: No such segment 'project' in file: C:\repos\nus-cs2103-AY2021S1\cs2103-website\schedule\week4\admin-tic2002.mbdf
Missing reference in C:\repos\nus-cs2103-AY2021S1\cs2103-website\admin\index-tic2002.mbdf
    at _preprocessInclude (C:\repos\markbind\markbind\packages\core\src\preprocessors\componentPreprocessor.js:264:21)
    at preProcessComponent (C:\repos\markbind\markbind\packages\core\src\preprocessors\componentPreprocessor.js:349:12)
    at C:\repos\markbind\markbind\packages\core\src\preprocessors\componentPreprocessor.js:124:46
    at Array.map (<anonymous>)
    at _preProcessPanel (C:\repos\markbind\markbind\packages\core\src\preprocessors\componentPreprocessor.js:124:37)
    at preProcessComponent (C:\repos\markbind\markbind\packages\core\src\preprocessors\componentPreprocessor.js:343:12)
    at C:\repos\markbind\markbind\packages\core\src\preprocessors\componentPreprocessor.js:356:52
    at Array.map (<anonymous>)
    at preProcessComponent (C:\repos\markbind\markbind\packages\core\src\preprocessors\componentPreprocessor.js:356:43)
    at C:\repos\markbind\markbind\packages\core\src\preprocessors\componentPreprocessor.js:356:52
    at Array.map (<anonymous>)
    at preProcessComponent (C:\repos\markbind\markbind\packages\core\src\preprocessors\componentPreprocessor.js:356:43)
    at C:\repos\markbind\markbind\packages\core\src\preprocessors\componentPreprocessor.js:356:52
    at Array.map (<anonymous>)
    at preProcessComponent (C:\repos\markbind\markbind\packages\core\src\preprocessors\componentPreprocessor.js:356:43)
    at C:\repos\markbind\markbind\packages\core\src\preprocessors\componentPreprocessor.js:356:52
2020-07-21T09:19:08.444Z - info: Site data built
2020-07-21T09:19:08.445Z - info: Lazy website regeneration complete! Total build time: 0.769s
2020-07-21T09:19:18.052Z - info: Building C:\repos\nus-cs2103-AY2021S1\cs2103-website\schedule\week2\admin as some of its dependencies were changed since the last visit
2020-07-21T09:19:18.217Z - info: Site data built
2020-07-21T09:19:18.217Z - info: Lazy website regeneration complete! Total build time: 0.165s
2020-07-21T09:19:33.105Z - info: Building C:\repos\nus-cs2103-AY2021S1\cs2103-website\schedule\week3\admin as some of its dependencies were changed since the last visit
2020-07-21T09:19:33.787Z - info: Site data built
2020-07-21T09:19:33.788Z - info: Lazy website regeneration complete! Total build time: 0.684s
2020-07-21T09:21:17.284Z - info: [5:21:17 PM] Reload for file change: C:\repos\nus-cs2103-AY2021S1\cs2103-website\_markbind\boilerplates\dukeFragment.md
2020-07-21T09:21:18.289Z - info: Rebuilding 1 pages
2020-07-21T09:21:18.827Z - info: Pages rebuilt
2020-07-21T09:21:18.827Z - info: Website regeneration complete! Total build time: 0.54s
2020-07-21T09:21:18.835Z - info: Site data built
2020-07-21T09:23:25.590Z - info: [5:23:25 PM] Reload for file change: C:\repos\nus-cs2103-AY2021S1\cs2103-website\schedule\week3\admin-tic2002.mbdf
2020-07-21T09:23:26.602Z - info: Rebuilding 1 pages
2020-07-21T09:23:27.043Z - info: Pages rebuilt
2020-07-21T09:23:27.043Z - info: Website regeneration complete! Total build time: 0.443s
2020-07-21T09:23:27.047Z - info: Site data built
2020-07-21T09:24:44.104Z - info: [5:24:44 PM] Reload for file change: C:\repos\nus-cs2103-AY2021S1\cs2103-website\schedule\week3\admin-tic2002.mbdf
2020-07-21T09:24:45.109Z - info: Rebuilding 1 pages
2020-07-21T09:24:45.744Z - info: Pages rebuilt
2020-07-21T09:24:45.744Z - info: Website regeneration complete! Total build time: 0.638s
2020-07-21T09:24:45.748Z - info: Site data built
2020-07-21T09:28:52.984Z - info: [5:28:52 PM] Reload for file change: C:\repos\nus-cs2103-AY2021S1\cs2103-website\schedule\week3\admin-tic2002.mbdf
2020-07-21T09:28:53.992Z - info: Rebuilding 1 pages
2020-07-21T09:28:54.110Z - error:  Error: No such file: C:\repos\nus-cs2103-AY2021S1\cs2103-website\schedule\book\gitAndGithub\managePRs\text.md
Missing reference in C:\repos\nus-cs2103-AY2021S1\cs2103-website\schedule\week3\admin-tic2002.mbdf
    at _getFileExistsNode (C:\repos\markbind\markbind\packages\core\src\preprocessors\componentPreprocessor.js:60:19)
    at _preprocessInclude (C:\repos\markbind\markbind\packages\core\src\preprocessors\componentPreprocessor.js:217:26)
    at preProcessComponent (C:\repos\markbind\markbind\packages\core\src\preprocessors\componentPreprocessor.js:349:12)
    at C:\repos\markbind\markbind\packages\core\src\preprocessors\componentPreprocessor.js:124:46
    at Array.map (<anonymous>)
    at _preProcessPanel (C:\repos\markbind\markbind\packages\core\src\preprocessors\componentPreprocessor.js:124:37)
    at preProcessComponent (C:\repos\markbind\markbind\packages\core\src\preprocessors\componentPreprocessor.js:343:12)
    at C:\repos\markbind\markbind\packages\core\src\preprocessors\componentPreprocessor.js:356:52
    at Array.map (<anonymous>)
    at preProcessComponent (C:\repos\markbind\markbind\packages\core\src\preprocessors\componentPreprocessor.js:356:43)
    at C:\repos\markbind\markbind\packages\core\src\preprocessors\componentPreprocessor.js:356:52
    at Array.map (<anonymous>)
    at preProcessComponent (C:\repos\markbind\markbind\packages\core\src\preprocessors\componentPreprocessor.js:356:43)
    at C:\repos\markbind\markbind\packages\core\src\preprocessors\componentPreprocessor.js:356:52
    at Array.map (<anonymous>)
    at preProcessComponent (C:\repos\markbind\markbind\packages\core\src\preprocessors\componentPreprocessor.js:356:43)
2020-07-21T09:28:54.540Z - info: Pages rebuilt
2020-07-21T09:28:54.540Z - info: Website regeneration complete! Total build time: 0.553s
2020-07-21T09:28:54.543Z - info: Site data built
2020-07-21T09:29:40.281Z - info: [5:29:40 PM] Reload for file change: C:\repos\nus-cs2103-AY2021S1\cs2103-website\schedule\week3\admin-tic2002.mbdf
2020-07-21T09:29:41.293Z - info: Rebuilding 1 pages
2020-07-21T09:29:41.554Z - error:  Error: No such file: C:\repos\nus-cs2103-AY2021S1\cs2103-website\schedule\book\gitAndGithub\fork\text.md
Missing reference in C:\repos\nus-cs2103-AY2021S1\cs2103-website\schedule\week3\admin-tic2002.mbdf
    at _getFileExistsNode (C:\repos\markbind\markbind\packages\core\src\preprocessors\componentPreprocessor.js:60:19)
    at _preprocessInclude (C:\repos\markbind\markbind\packages\core\src\preprocessors\componentPreprocessor.js:217:26)
    at preProcessComponent (C:\repos\markbind\markbind\packages\core\src\preprocessors\componentPreprocessor.js:349:12)
    at C:\repos\markbind\markbind\packages\core\src\preprocessors\componentPreprocessor.js:124:46
    at Array.map (<anonymous>)
    at _preProcessPanel (C:\repos\markbind\markbind\packages\core\src\preprocessors\componentPreprocessor.js:124:37)
    at preProcessComponent (C:\repos\markbind\markbind\packages\core\src\preprocessors\componentPreprocessor.js:343:12)
    at C:\repos\markbind\markbind\packages\core\src\preprocessors\componentPreprocessor.js:356:52
    at Array.map (<anonymous>)
    at preProcessComponent (C:\repos\markbind\markbind\packages\core\src\preprocessors\componentPreprocessor.js:356:43)
    at C:\repos\markbind\markbind\packages\core\src\preprocessors\componentPreprocessor.js:356:52
    at Array.map (<anonymous>)
    at preProcessComponent (C:\repos\markbind\markbind\packages\core\src\preprocessors\componentPreprocessor.js:356:43)
    at C:\repos\markbind\markbind\packages\core\src\preprocessors\componentPreprocessor.js:356:52
    at Array.map (<anonymous>)
    at preProcessComponent (C:\repos\markbind\markbind\packages\core\src\preprocessors\componentPreprocessor.js:356:43)
2020-07-21T09:29:42.135Z - info: Pages rebuilt
2020-07-21T09:29:42.135Z - info: Website regeneration complete! Total build time: 0.846s
2020-07-21T09:29:42.150Z - info: Site data built
2020-07-21T09:29:51.127Z - info: [5:29:51 PM] Reload for file change: C:\repos\nus-cs2103-AY2021S1\cs2103-website\schedule\week3\admin-tic2002.mbdf
2020-07-21T09:29:52.134Z - info: Rebuilding 1 pages
2020-07-21T09:29:52.722Z - info: Pages rebuilt
2020-07-21T09:29:52.722Z - info: Website regeneration complete! Total build time: 0.591s
2020-07-21T09:29:52.726Z - info: Site data built
2020-07-21T09:30:49.426Z - info: [5:30:49 PM] Reload for file change: C:\repos\nus-cs2103-AY2021S1\cs2103-website\schedule\week3\admin-tic2002.mbdf
2020-07-21T09:30:50.435Z - info: Rebuilding 1 pages
2020-07-21T09:30:50.978Z - info: Pages rebuilt
2020-07-21T09:30:50.978Z - info: Website regeneration complete! Total build time: 0.545s
2020-07-21T09:30:50.983Z - info: Site data built
2020-07-21T09:31:25.984Z - info: [5:31:25 PM] Reload for file change: C:\repos\nus-cs2103-AY2021S1\cs2103-website\schedule\week3\admin-tic2002.mbdf
2020-07-21T09:31:26.999Z - info: Rebuilding 1 pages
2020-07-21T09:31:27.745Z - info: Pages rebuilt
2020-07-21T09:31:27.745Z - info: Website regeneration complete! Total build time: 0.75s
2020-07-21T09:31:27.754Z - info: Site data built
2020-07-21T09:31:47.167Z - info: [5:31:47 PM] Reload for file change: C:\repos\nus-cs2103-AY2021S1\cs2103-website\schedule\week3\admin-tic2002.mbdf
2020-07-21T09:31:48.174Z - info: Rebuilding 1 pages
2020-07-21T09:31:48.728Z - info: Pages rebuilt
2020-07-21T09:31:48.728Z - info: Website regeneration complete! Total build time: 0.555s
2020-07-21T09:31:48.773Z - info: Site data built
2020-07-21T09:34:17.113Z - info: [5:34:17 PM] Reload for file change: C:\repos\nus-cs2103-AY2021S1\cs2103-website\schedule\week3\admin-tic2002.mbdf
2020-07-21T09:34:18.118Z - info: Rebuilding 1 pages
2020-07-21T09:34:18.890Z - info: Pages rebuilt
2020-07-21T09:34:18.890Z - info: Website regeneration complete! Total build time: 0.773s
2020-07-21T09:34:18.895Z - info: Site data built
2020-07-21T09:34:42.522Z - info: [5:34:42 PM] Reload for file change: C:\repos\nus-cs2103-AY2021S1\cs2103-website\schedule\week3\admin-tic2002.mbdf
2020-07-21T09:34:43.544Z - info: Rebuilding 1 pages
2020-07-21T09:34:44.133Z - info: Pages rebuilt
2020-07-21T09:34:44.133Z - info: Website regeneration complete! Total build time: 0.596s
2020-07-21T09:34:44.138Z - info: Site data built
2020-07-21T09:34:58.320Z - info: [5:34:58 PM] Reload for file change: C:\repos\nus-cs2103-AY2021S1\cs2103-website\schedule\week3\admin-tic2002.mbdf
2020-07-21T09:34:59.330Z - info: Rebuilding 1 pages
2020-07-21T09:34:59.950Z - info: Pages rebuilt
2020-07-21T09:34:59.950Z - info: Website regeneration complete! Total build time: 0.622s
2020-07-21T09:34:59.954Z - info: Site data built
2020-07-21T09:36:17.141Z - info: [5:36:17 PM] Reload for file change: C:\repos\nus-cs2103-AY2021S1\cs2103-website\schedule\week3\admin-tic2002.mbdf
2020-07-21T09:36:17.159Z - info: [5:36:17 PM] Reload for file change: C:\repos\nus-cs2103-AY2021S1\cs2103-website\_markbind\variables.md
2020-07-21T09:36:18.396Z - warn: Rebuilding all pages as variables file was changed, or the --force-reload flag was set
2020-07-21T09:36:18.402Z - info: Rebuilding 1 pages
2020-07-21T09:36:19.066Z - info: Pages rebuilt
2020-07-21T09:36:19.066Z - info: Website regeneration complete! Total build time: 0.908s
2020-07-21T09:36:19.071Z - info: Site data built
2020-07-21T09:36:29.005Z - info: [5:36:29 PM] Reload for file change: C:\repos\nus-cs2103-AY2021S1\cs2103-website\_markbind\variables.md
2020-07-21T09:36:30.092Z - warn: Rebuilding all pages as variables file was changed, or the --force-reload flag was set
2020-07-21T09:36:30.098Z - info: Rebuilding 1 pages
2020-07-21T09:36:30.400Z - info: Pages rebuilt
2020-07-21T09:36:30.400Z - info: Website regeneration complete! Total build time: 0.389s
2020-07-21T09:36:30.405Z - info: Site data built
2020-07-21T09:37:33.892Z - info: [5:37:33 PM] Reload for file change: C:\repos\nus-cs2103-AY2021S1\cs2103-website\schedule\week3\admin-tic2002.mbdf
2020-07-21T09:37:34.911Z - info: Rebuilding 1 pages
2020-07-21T09:37:35.632Z - info: Pages rebuilt
2020-07-21T09:37:35.633Z - info: Website regeneration complete! Total build time: 0.728s
2020-07-21T09:37:35.638Z - info: Site data built
2020-07-21T09:37:51.540Z - info: [5:37:51 PM] Reload for file change: C:\repos\nus-cs2103-AY2021S1\cs2103-website\schedule\week3\admin-tic2002.mbdf
2020-07-21T09:37:52.549Z - info: Rebuilding 1 pages
2020-07-21T09:37:53.345Z - info: Pages rebuilt
2020-07-21T09:37:53.346Z - info: Website regeneration complete! Total build time: 0.802s
2020-07-21T09:37:53.350Z - info: Site data built
2020-07-21T09:37:57.105Z - info: [5:37:57 PM] Reload for file change: C:\repos\nus-cs2103-AY2021S1\cs2103-website\schedule\week3\admin-tic2002.mbdf
2020-07-21T09:37:58.110Z - info: Rebuilding 1 pages
2020-07-21T09:37:58.588Z - info: Pages rebuilt
2020-07-21T09:37:58.588Z - info: Website regeneration complete! Total build time: 0.479s
2020-07-21T09:37:58.626Z - info: Site data built
2020-07-21T09:38:22.409Z - info: [5:38:22 PM] Reload for file change: C:\repos\nus-cs2103-AY2021S1\cs2103-website\schedule\week3\admin-tic2002.mbdf
2020-07-21T09:38:23.430Z - info: Rebuilding 1 pages
2020-07-21T09:38:24.297Z - info: Pages rebuilt
2020-07-21T09:38:24.297Z - info: Website regeneration complete! Total build time: 0.871s
2020-07-21T09:38:24.303Z - info: Site data built
2020-07-21T09:39:22.178Z - info: [5:39:22 PM] Reload for file change: C:\repos\nus-cs2103-AY2021S1\cs2103-website\schedule\week3\admin-tic2002.mbdf
2020-07-21T09:39:23.189Z - info: Rebuilding 1 pages
2020-07-21T09:39:24.274Z - info: Pages rebuilt
2020-07-21T09:39:24.275Z - info: Website regeneration complete! Total build time: 1.09s
2020-07-21T09:39:24.334Z - info: Site data built
2020-07-21T09:40:24.277Z - info: [5:40:24 PM] Reload for file change: C:\repos\nus-cs2103-AY2021S1\cs2103-website\schedule\week3\admin-tic2002.mbdf
2020-07-21T09:40:25.293Z - info: Rebuilding 1 pages
2020-07-21T09:40:26.052Z - info: Pages rebuilt
2020-07-21T09:40:26.052Z - info: Website regeneration complete! Total build time: 0.761s
2020-07-21T09:40:26.060Z - info: Site data built
2020-07-21T09:41:49.990Z - info: [5:41:49 PM] Reload for file change: C:\repos\nus-cs2103-AY2021S1\cs2103-website\schedule\week3\admin-tic2002.mbdf
2020-07-21T09:41:51.011Z - info: Rebuilding 1 pages
2020-07-21T09:41:52.093Z - info: Pages rebuilt
2020-07-21T09:41:52.093Z - info: Website regeneration complete! Total build time: 1.089s
2020-07-21T09:41:52.147Z - info: Site data built
2020-07-21T09:42:30.281Z - info: [5:42:30 PM] Reload for file change: C:\repos\nus-cs2103-AY2021S1\cs2103-website\schedule\week3\admin-tic2002.mbdf
2020-07-21T09:42:31.290Z - info: Rebuilding 1 pages
2020-07-21T09:42:32.357Z - info: Pages rebuilt
2020-07-21T09:42:32.358Z - info: Website regeneration complete! Total build time: 1.072s
2020-07-21T09:42:32.362Z - info: Site data built
2020-07-21T09:44:39.206Z - info: [5:44:39 PM] Reload for file change: C:\repos\nus-cs2103-AY2021S1\cs2103-website\book\gitAndGithub\push\text.md
2020-07-21T09:44:40.229Z - info: Rebuilding 1 pages
2020-07-21T09:44:41.307Z - info: Pages rebuilt
2020-07-21T09:44:41.308Z - info: Website regeneration complete! Total build time: 1.084s
2020-07-21T09:44:41.317Z - info: Site data built
2020-07-21T09:44:51.120Z - info: [5:44:51 PM] Reload for file change: C:\repos\nus-cs2103-AY2021S1\cs2103-website\schedule\week3\admin-tic2002.mbdf
2020-07-21T09:44:52.128Z - info: Rebuilding 1 pages
2020-07-21T09:44:52.956Z - info: Pages rebuilt
2020-07-21T09:44:52.956Z - info: Website regeneration complete! Total build time: 0.832s
2020-07-21T09:44:52.961Z - info: Site data built
2020-07-21T09:46:11.523Z - info: [5:46:11 PM] Reload for file change: C:\repos\nus-cs2103-AY2021S1\cs2103-website\_markbind\boilerplates\dukeFragment.md
2020-07-21T09:46:12.531Z - info: Rebuilding 1 pages
2020-07-21T09:46:13.353Z - info: Pages rebuilt
2020-07-21T09:46:13.353Z - info: Website regeneration complete! Total build time: 0.827s
2020-07-21T09:46:13.358Z - info: Site data built
2020-07-21T09:46:34.296Z - info: [5:46:34 PM] Reload for file change: C:\repos\nus-cs2103-AY2021S1\cs2103-website\_markbind\boilerplates\dukeFragment.md
2020-07-21T09:46:35.307Z - info: Rebuilding 1 pages
2020-07-21T09:46:36.258Z - info: Pages rebuilt
2020-07-21T09:46:36.258Z - info: Website regeneration complete! Total build time: 0.957s
2020-07-21T09:46:36.264Z - info: Site data built
2020-07-21T09:46:55.107Z - info: [5:46:55 PM] Reload for file change: C:\repos\nus-cs2103-AY2021S1\cs2103-website\_markbind\boilerplates\dukeFragment.md
2020-07-21T09:46:56.117Z - info: Rebuilding 1 pages
2020-07-21T09:46:57.149Z - info: Pages rebuilt
2020-07-21T09:46:57.149Z - info: Website regeneration complete! Total build time: 1.035s
2020-07-21T09:46:57.153Z - info: Site data built
2020-07-21T09:47:52.089Z - info: [5:47:52 PM] Reload for file change: C:\repos\nus-cs2103-AY2021S1\cs2103-website\_markbind\boilerplates\dukeFragment.md
2020-07-21T09:47:53.096Z - info: Rebuilding 1 pages
2020-07-21T09:47:54.040Z - info: Pages rebuilt
2020-07-21T09:47:54.040Z - info: Website regeneration complete! Total build time: 0.949s
2020-07-21T09:47:54.044Z - info: Site data built
2020-07-21T09:48:23.383Z - info: [5:48:23 PM] Reload for file change: C:\repos\nus-cs2103-AY2021S1\cs2103-website\_markbind\boilerplates\dukeFragment.md
2020-07-21T09:48:24.401Z - info: Rebuilding 1 pages
2020-07-21T09:48:25.291Z - info: Pages rebuilt
2020-07-21T09:48:25.292Z - info: Website regeneration complete! Total build time: 0.894s
2020-07-21T09:48:25.325Z - info: Site data built
2020-07-21T09:49:54.125Z - info: [5:49:54 PM] Reload for file change: C:\repos\nus-cs2103-AY2021S1\cs2103-website\_markbind\boilerplates\dukeFragment.md
2020-07-21T09:49:55.134Z - info: Rebuilding 1 pages
2020-07-21T09:49:55.820Z - info: Pages rebuilt
2020-07-21T09:49:55.820Z - info: Website regeneration complete! Total build time: 0.69s
2020-07-21T09:49:55.824Z - info: Site data built
2020-07-21T09:50:23.932Z - info: [5:50:23 PM] Reload for file change: C:\repos\nus-cs2103-AY2021S1\cs2103-website\_markbind\boilerplates\dukeFragment.md
2020-07-21T09:50:24.946Z - info: Rebuilding 1 pages
2020-07-21T09:50:26.173Z - info: Pages rebuilt
2020-07-21T09:50:26.174Z - info: Website regeneration complete! Total build time: 1.233s
2020-07-21T09:50:26.180Z - info: Site data built
2020-07-21T09:50:56.165Z - info: [5:50:56 PM] Reload for file change: C:\repos\nus-cs2103-AY2021S1\cs2103-website\schedule\week3\admin-tic2002.mbdf
2020-07-21T09:50:57.175Z - info: Rebuilding 1 pages
2020-07-21T09:50:58.005Z - info: Pages rebuilt
2020-07-21T09:50:58.005Z - info: Website regeneration complete! Total build time: 0.832s
2020-07-21T09:50:58.009Z - info: Site data built
2020-07-21T09:53:03.347Z - info: [5:53:03 PM] Reload for file change: C:\repos\nus-cs2103-AY2021S1\cs2103-website\admin\ip-overview.md
2020-07-21T09:53:04.355Z - info: No pages needed to be rebuilt
2020-07-21T09:53:04.472Z - info: Building C:\repos\nus-cs2103-AY2021S1\cs2103-website\schedule\week4\index as some of its dependencies were changed since the last visit
2020-07-21T09:53:04.956Z - info: Site data built
2020-07-21T09:53:04.956Z - info: Lazy website regeneration complete! Total build time: 0.485s
2020-07-21T09:53:41.370Z - info: Building C:\repos\nus-cs2103-AY2021S1\cs2103-website\schedule\week4\admin as some of its dependencies were changed since the last visit
2020-07-21T09:53:41.989Z - info: Site data built
2020-07-21T09:53:41.990Z - info: Lazy website regeneration complete! Total build time: 0.62s
2020-07-21T09:54:49.177Z - info: [5:54:49 PM] Reload for file change: C:\repos\nus-cs2103-AY2021S1\cs2103-website\schedule\week4\admin-tic2002.mbdf
2020-07-21T09:54:50.184Z - info: Rebuilding 1 pages
2020-07-21T09:54:50.789Z - info: Pages rebuilt
2020-07-21T09:54:50.789Z - info: Website regeneration complete! Total build time: 0.607s
2020-07-21T09:54:50.793Z - info: Site data built
2020-07-21T09:57:04.566Z - info: [5:57:04 PM] Reload for file change: C:\repos\nus-cs2103-AY2021S1\cs2103-website\schedule\week4\admin-tic2002.mbdf
2020-07-21T09:57:05.575Z - info: Rebuilding 1 pages
2020-07-21T09:57:06.103Z - info: Pages rebuilt
2020-07-21T09:57:06.103Z - info: Website regeneration complete! Total build time: 0.531s
2020-07-21T09:57:06.121Z - info: Site data built
2020-07-21T09:58:31.506Z - info: [5:58:31 PM] Reload for file change: C:\repos\nus-cs2103-AY2021S1\cs2103-website\schedule\week4\admin-tic2002.mbdf
2020-07-21T09:58:32.513Z - info: Rebuilding 1 pages
2020-07-21T09:58:33.197Z - info: Pages rebuilt
2020-07-21T09:58:33.198Z - info: Website regeneration complete! Total build time: 0.689s
2020-07-21T09:58:33.207Z - info: Site data built
2020-07-21T09:59:58.268Z - info: [5:59:58 PM] Reload for file change: C:\repos\nus-cs2103-AY2021S1\cs2103-website\schedule\week4\admin-tic2002.mbdf
2020-07-21T09:59:59.284Z - info: Rebuilding 1 pages
2020-07-21T09:59:59.834Z - info: Pages rebuilt
2020-07-21T09:59:59.834Z - info: Website regeneration complete! Total build time: 0.555s
2020-07-21T09:59:59.843Z - info: Site data built
2020-07-21T10:00:18.037Z - info: [6:00:18 PM] Reload for file change: C:\repos\nus-cs2103-AY2021S1\cs2103-website\schedule\week4\admin-tic2002.mbdf
2020-07-21T10:00:19.047Z - info: Rebuilding 1 pages
2020-07-21T10:00:19.696Z - info: Pages rebuilt
2020-07-21T10:00:19.697Z - info: Website regeneration complete! Total build time: 0.653s
2020-07-21T10:00:19.700Z - info: Site data built
2020-07-21T10:00:33.254Z - info: Building C:\repos\nus-cs2103-AY2021S1\cs2103-website\index as some of its dependencies were changed since the last visit
2020-07-21T10:00:34.747Z - info: Site data built
2020-07-21T10:00:34.749Z - info: Lazy website regeneration complete! Total build time: 1.496s
2020-07-21T10:02:39.729Z - info: [6:02:39 PM] Reload for file change: C:\repos\nus-cs2103-AY2021S1\cs2103-website\schedule\week4\admin-tic2002.mbdf
2020-07-21T10:02:40.736Z - info: Rebuilding 1 pages
2020-07-21T10:02:42.434Z - info: Pages rebuilt
2020-07-21T10:02:42.434Z - info: Website regeneration complete! Total build time: 1.701s
2020-07-21T10:02:42.457Z - info: Site data built
2020-07-21T10:05:35.829Z - info: Building C:\repos\nus-cs2103-AY2021S1\cs2103-website\schedule\week4\admin as some of its dependencies were changed since the last visit
2020-07-21T10:05:36.604Z - info: Site data built
2020-07-21T10:05:36.605Z - info: Lazy website regeneration complete! Total build time: 0.777s
2020-07-21T10:07:03.330Z - info: [6:07:03 PM] Reload for file change: C:\repos\nus-cs2103-AY2021S1\cs2103-website\schedule\week5\admin-tic2002.mbdf
2020-07-21T10:07:04.345Z - info: No pages needed to be rebuilt
2020-07-21T10:07:10.805Z - info: Building C:\repos\nus-cs2103-AY2021S1\cs2103-website\schedule\week5\admin as some of its dependencies were changed since the last visit
2020-07-21T10:07:11.248Z - info: Site data built
2020-07-21T10:07:11.249Z - info: Lazy website regeneration complete! Total build time: 0.444s
2020-07-21T10:09:12.926Z - info: [6:09:12 PM] Reload for file change: C:\repos\nus-cs2103-AY2021S1\cs2103-website\schedule\week4\admin-tic2002.mbdf
2020-07-21T10:09:13.936Z - info: Rebuilding 1 pages
2020-07-21T10:09:14.804Z - info: Pages rebuilt
2020-07-21T10:09:14.805Z - info: Website regeneration complete! Total build time: 0.874s
2020-07-21T10:09:14.814Z - info: Site data built
2020-07-21T10:09:32.667Z - info: Building C:\repos\nus-cs2103-AY2021S1\cs2103-website\schedule\week6\admin as some of its dependencies were changed since the last visit
2020-07-21T10:09:32.908Z - info: Site data built
2020-07-21T10:09:32.908Z - info: Lazy website regeneration complete! Total build time: 0.241s
2020-07-21T10:10:40.878Z - info: [6:10:40 PM] Reload for file change: C:\repos\nus-cs2103-AY2021S1\cs2103-website\schedule\week6\admin-tic2002.mbdf
2020-07-21T10:10:41.888Z - info: Rebuilding 1 pages
2020-07-21T10:10:42.218Z - info: Pages rebuilt
2020-07-21T10:10:42.218Z - info: Website regeneration complete! Total build time: 0.334s
2020-07-21T10:10:42.221Z - info: Site data built
2020-07-21T10:10:53.941Z - info: Building C:\repos\nus-cs2103-AY2021S1\cs2103-website\schedule\week7\admin as some of its dependencies were changed since the last visit
2020-07-21T10:10:54.230Z - info: Site data built
2020-07-21T10:10:54.230Z - info: Lazy website regeneration complete! Total build time: 0.289s
2020-07-21T13:02:15.517Z - info: Website generation (lazy) started at 9:02:11 PM
2020-07-21T13:02:25.723Z - info: Building assets...
2020-07-21T13:02:32.218Z - info: Assets built
2020-07-21T13:02:32.220Z - info: Generating landing page...
2020-07-21T13:02:33.893Z - info: Landing page built, other pages will be built as you navigate to them!
2020-07-21T13:02:33.989Z - info: Website generation (lazy) complete! Total build time: 22.497s
2020-07-21T13:02:35.072Z - info: Serving "C:\repos\nus-cs2103-AY2021S1\cs2103-website\_site" at http://127.0.0.1:8080
2020-07-21T13:02:35.072Z - info: Press CTRL+C to stop ...
2020-07-21T13:02:35.152Z - info: Site data built
2020-07-21T13:03:27.390Z - info: Building C:\repos\nus-cs2103-AY2021S1\cs2103-website\schedule\week6\index as some of its dependencies were changed since the last visit
2020-07-21T13:03:28.235Z - info: Site data built
2020-07-21T13:03:28.235Z - info: Lazy website regeneration complete! Total build time: 0.847s
2020-07-21T13:03:31.455Z - info: Building C:\repos\nus-cs2103-AY2021S1\cs2103-website\schedule\week6\admin as some of its dependencies were changed since the last visit
2020-07-21T13:03:31.758Z - info: Site data built
2020-07-21T13:03:31.759Z - info: Lazy website regeneration complete! Total build time: 0.304s
2020-07-21T13:03:40.423Z - info: Building C:\repos\nus-cs2103-AY2021S1\cs2103-website\schedule\week7\admin as some of its dependencies were changed since the last visit
2020-07-21T13:03:40.589Z - info: Site data built
2020-07-21T13:03:40.589Z - info: Lazy website regeneration complete! Total build time: 0.167s
2020-07-21T13:04:58.747Z - info: [9:04:58 PM] Reload for file change: C:\repos\nus-cs2103-AY2021S1\cs2103-website\schedule\week8\admin-tic2002.mbdf
2020-07-21T13:04:59.791Z - info: No pages needed to be rebuilt
2020-07-21T13:05:28.306Z - info: [9:05:28 PM] Reload for file change: C:\repos\nus-cs2103-AY2021S1\cs2103-website\schedule\week7\admin-tic2002.mbdf
2020-07-21T13:05:29.314Z - info: Rebuilding 1 pages
2020-07-21T13:05:29.536Z - info: Pages rebuilt
2020-07-21T13:05:29.536Z - info: Website regeneration complete! Total build time: 0.223s
2020-07-21T13:05:29.540Z - info: Site data built
2020-07-21T13:05:33.883Z - info: [9:05:33 PM] Reload for file change: C:\repos\nus-cs2103-AY2021S1\cs2103-website\schedule\week7\admin-tic2002.mbdf
2020-07-21T13:05:34.899Z - info: Rebuilding 1 pages
2020-07-21T13:05:35.158Z - info: Pages rebuilt
2020-07-21T13:05:35.158Z - info: Website regeneration complete! Total build time: 0.262s
2020-07-21T13:05:35.162Z - info: Site data built
2020-07-21T13:05:49.528Z - info: Building C:\repos\nus-cs2103-AY2021S1\cs2103-website\schedule\week8\admin as some of its dependencies were changed since the last visit
2020-07-21T13:05:50.060Z - info: Site data built
2020-07-21T13:05:50.061Z - info: Lazy website regeneration complete! Total build time: 0.533s
2020-07-21T13:06:40.846Z - info: [9:06:40 PM] Reload for file change: C:\repos\nus-cs2103-AY2021S1\cs2103-website\schedule\week9\admin-tic2002.mbdf
2020-07-21T13:06:41.868Z - info: No pages needed to be rebuilt
2020-07-21T13:07:51.034Z - info: [9:07:51 PM] Reload for file change: C:\repos\nus-cs2103-AY2021S1\cs2103-website\schedule\week9\admin-tic2002.mbdf
2020-07-21T13:07:52.053Z - info: No pages needed to be rebuilt
2020-07-21T13:07:58.141Z - info: Building C:\repos\nus-cs2103-AY2021S1\cs2103-website\schedule\week9\admin as some of its dependencies were changed since the last visit
2020-07-21T13:07:58.636Z - info: Site data built
2020-07-21T13:07:58.637Z - info: Lazy website regeneration complete! Total build time: 0.497s
2020-07-21T13:09:02.320Z - info: Building C:\repos\nus-cs2103-AY2021S1\cs2103-website\schedule\week10\admin as some of its dependencies were changed since the last visit
2020-07-21T13:09:02.815Z - info: Site data built
2020-07-21T13:09:02.815Z - info: Lazy website regeneration complete! Total build time: 0.495s
2020-07-21T13:09:38.011Z - info: [9:09:38 PM] Reload for file change: C:\repos\nus-cs2103-AY2021S1\cs2103-website\schedule\week10\admin-tic2002.mbdf
2020-07-21T13:09:39.021Z - info: Rebuilding 1 pages
2020-07-21T13:09:39.325Z - info: Pages rebuilt
2020-07-21T13:09:39.325Z - info: Website regeneration complete! Total build time: 0.308s
2020-07-21T13:09:39.368Z - info: Site data built
2020-07-21T13:10:46.500Z - info: [9:10:46 PM] Reload for file change: C:\repos\nus-cs2103-AY2021S1\cs2103-website\schedule\week10\admin-tic2002.mbdf
2020-07-21T13:10:47.516Z - info: Rebuilding 1 pages
2020-07-21T13:10:47.899Z - info: Pages rebuilt
2020-07-21T13:10:47.899Z - info: Website regeneration complete! Total build time: 0.389s
2020-07-21T13:10:47.902Z - info: Site data built
2020-07-21T13:11:31.150Z - info: Building C:\repos\nus-cs2103-AY2021S1\cs2103-website\schedule\week11\admin as some of its dependencies were changed since the last visit
2020-07-21T13:11:31.646Z - info: Site data built
2020-07-21T13:11:31.647Z - info: Lazy website regeneration complete! Total build time: 0.497s
2020-07-21T13:11:54.268Z - info: [9:11:54 PM] Reload for file change: C:\repos\nus-cs2103-AY2021S1\cs2103-website\schedule\week11\admin-tic2002.mbdf
2020-07-21T13:11:55.275Z - info: Rebuilding 1 pages
2020-07-21T13:11:55.483Z - info: Pages rebuilt
2020-07-21T13:11:55.483Z - info: Website regeneration complete! Total build time: 0.209s
2020-07-21T13:11:55.486Z - info: Site data built
2020-07-21T13:13:10.238Z - info: [9:13:10 PM] Reload for file change: C:\repos\nus-cs2103-AY2021S1\cs2103-website\schedule\week12\admin-tic2002.mbdf
2020-07-21T13:13:11.251Z - info: No pages needed to be rebuilt
2020-07-21T13:13:25.379Z - info: Building C:\repos\nus-cs2103-AY2021S1\cs2103-website\schedule\week12\admin as some of its dependencies were changed since the last visit
2020-07-21T13:13:25.765Z - info: Site data built
2020-07-21T13:13:25.766Z - info: Lazy website regeneration complete! Total build time: 0.388s
2020-07-21T13:14:01.372Z - info: [9:14:01 PM] Reload for file change: C:\repos\nus-cs2103-AY2021S1\cs2103-website\schedule\week13\admin-tic2002.mbdf
2020-07-21T13:14:02.391Z - info: No pages needed to be rebuilt
2020-07-21T13:14:09.055Z - info: Building C:\repos\nus-cs2103-AY2021S1\cs2103-website\schedule\week13\admin as some of its dependencies were changed since the last visit
2020-07-21T13:14:09.310Z - info: Site data built
2020-07-21T13:14:09.311Z - info: Lazy website regeneration complete! Total build time: 0.257s
2020-07-21T13:14:56.982Z - info: [9:14:56 PM] Reload for file change: C:\repos\nus-cs2103-AY2021S1\cs2103-website\schedule\week13\admin-tic2002.mbdf
2020-07-21T13:14:57.995Z - info: Rebuilding 1 pages
2020-07-21T13:14:58.175Z - info: Pages rebuilt
2020-07-21T13:14:58.175Z - info: Website regeneration complete! Total build time: 0.181s
2020-07-21T13:14:58.177Z - info: Site data built
2020-07-21T13:16:35.300Z - info: [9:16:35 PM] Reload for file change: C:\repos\nus-cs2103-AY2021S1\cs2103-website\schedule\week13\admin-tic2002.mbdf
2020-07-21T13:16:36.308Z - info: Rebuilding 1 pages
2020-07-21T13:16:36.480Z - info: Pages rebuilt
2020-07-21T13:16:36.480Z - info: Website regeneration complete! Total build time: 0.176s
2020-07-21T13:16:36.483Z - info: Site data built
2020-07-21T13:18:56.132Z - info: [9:18:56 PM] Reload for file change: C:\repos\nus-cs2103-AY2021S1\cs2103-website\admin\index-te3201.mbdf
2020-07-21T13:18:57.136Z - info: No pages needed to be rebuilt
2020-07-21T13:20:21.798Z - info: [9:20:21 PM] Reload for file change: C:\repos\nus-cs2103-AY2021S1\cs2103-website\admin\index-tic2002.mbdf
2020-07-21T13:20:22.803Z - info: Rebuilding 1 pages
2020-07-21T13:20:23.137Z - info: Pages rebuilt
2020-07-21T13:20:23.138Z - info: Website regeneration complete! Total build time: 0.336s
2020-07-21T13:20:23.179Z - info: Site data built
2020-07-21T13:23:19.834Z - info: [9:23:19 PM] Reload for file change: C:\repos\nus-cs2103-AY2021S1\cs2103-website\admin\index-tic2002.mbdf
2020-07-21T13:23:20.857Z - info: Rebuilding 1 pages
2020-07-21T13:23:21.127Z - info: Pages rebuilt
2020-07-21T13:23:21.127Z - info: Website regeneration complete! Total build time: 0.272s
2020-07-21T13:23:21.161Z - info: Site data built
2020-07-21T13:23:26.051Z - info: Building C:\repos\nus-cs2103-AY2021S1\cs2103-website\admin\index as some of its dependencies were changed since the last visit
2020-07-21T13:23:27.041Z - info: Site data built
2020-07-21T13:23:27.043Z - info: Lazy website regeneration complete! Total build time: 0.992s
2020-07-21T13:25:22.845Z - info: [9:25:22 PM] Reload for file change: C:\repos\nus-cs2103-AY2021S1\cs2103-website\admin\index-tic2002.mbdf
2020-07-21T13:25:23.850Z - info: Rebuilding 1 pages
2020-07-21T13:25:25.253Z - info: Pages rebuilt
2020-07-21T13:25:25.253Z - info: Website regeneration complete! Total build time: 1.405s
2020-07-21T13:25:25.313Z - info: Site data built
2020-07-21T13:26:10.490Z - info: [9:26:10 PM] Reload for file change: C:\repos\nus-cs2103-AY2021S1\cs2103-website\_markbind\variables.md
2020-07-21T13:26:11.597Z - warn: Rebuilding all pages as variables file was changed, or the --force-reload flag was set
2020-07-21T13:26:11.601Z - info: Rebuilding 1 pages
2020-07-21T13:26:12.532Z - info: Pages rebuilt
2020-07-21T13:26:12.533Z - info: Website regeneration complete! Total build time: 1.038s
2020-07-21T13:26:12.553Z - info: Site data built
2020-07-21T13:27:22.192Z - info: [9:27:22 PM] Reload for file change: C:\repos\nus-cs2103-AY2021S1\cs2103-website\admin\index-tic2002.mbdf
2020-07-21T13:27:23.197Z - info: Rebuilding 1 pages
2020-07-21T13:27:24.264Z - info: Pages rebuilt
2020-07-21T13:27:24.264Z - info: Website regeneration complete! Total build time: 1.068s
2020-07-21T13:27:24.316Z - info: Site data built
2020-07-21T13:27:51.187Z - info: [9:27:51 PM] Reload for file change: C:\repos\nus-cs2103-AY2021S1\cs2103-website\admin\index-tic2002.mbdf
2020-07-21T13:27:52.203Z - info: Rebuilding 1 pages
2020-07-21T13:27:53.521Z - info: Pages rebuilt
2020-07-21T13:27:53.521Z - info: Website regeneration complete! Total build time: 1.32s
2020-07-21T13:27:53.562Z - info: Site data built
2020-07-21T13:29:14.773Z - info: [9:29:14 PM] Reload for file change: C:\repos\nus-cs2103-AY2021S1\cs2103-website\admin\index-tic2002.mbdf
2020-07-21T13:29:15.777Z - info: Rebuilding 1 pages
2020-07-21T13:29:17.096Z - info: Pages rebuilt
2020-07-21T13:29:17.096Z - info: Website regeneration complete! Total build time: 1.32s
2020-07-21T13:29:17.110Z - info: Site data built
2020-07-21T13:30:13.794Z - info: [9:30:13 PM] Reload for file change: C:\repos\nus-cs2103-AY2021S1\cs2103-website\admin\index-tic2002.mbdf
2020-07-21T13:30:14.814Z - info: Rebuilding 1 pages
2020-07-21T13:30:15.856Z - info: Pages rebuilt
2020-07-21T13:30:15.856Z - info: Website regeneration complete! Total build time: 1.043s
2020-07-21T13:30:15.915Z - info: Site data built
2020-07-21T13:31:49.389Z - info: [9:31:49 PM] Reload for file change: C:\repos\nus-cs2103-AY2021S1\cs2103-website\admin\index-tic2002.mbdf
2020-07-21T13:31:50.418Z - info: Rebuilding 1 pages
2020-07-21T13:31:52.399Z - info: Pages rebuilt
2020-07-21T13:31:52.399Z - info: Website regeneration complete! Total build time: 1.986s
2020-07-21T13:31:52.448Z - info: Site data built
2020-07-21T13:33:14.189Z - info: Building C:\repos\nus-cs2103-AY2021S1\cs2103-website\index as some of its dependencies were changed since the last visit
2020-07-21T13:33:16.176Z - info: Site data built
2020-07-21T13:33:16.177Z - info: Lazy website regeneration complete! Total build time: 1.989s
2020-07-21T13:33:47.487Z - info: [9:33:47 PM] Reload for file change: C:\repos\nus-cs2103-AY2021S1\cs2103-website\admin\index-tic2002.mbdf
2020-07-21T13:33:48.501Z - info: Rebuilding 1 pages
2020-07-21T13:33:50.518Z - info: Pages rebuilt
2020-07-21T13:33:50.519Z - info: Website regeneration complete! Total build time: 2.019s
2020-07-21T13:33:50.580Z - info: Site data built
2020-07-21T13:34:24.248Z - info: [9:34:24 PM] Reload for file change: C:\repos\nus-cs2103-AY2021S1\cs2103-website\admin\index-tic2002.mbdf
2020-07-21T13:34:25.275Z - info: Rebuilding 1 pages
2020-07-21T13:34:27.345Z - info: Pages rebuilt
2020-07-21T13:34:27.345Z - info: Website regeneration complete! Total build time: 2.074s
2020-07-21T13:34:27.396Z - info: Site data built
2020-07-21T13:35:23.486Z - info: Building C:\repos\nus-cs2103-AY2021S1\cs2103-website\schedule\timeline as some of its dependencies were changed since the last visit
2020-07-21T13:35:27.156Z - info: Site data built
2020-07-21T13:35:27.156Z - info: Lazy website regeneration complete! Total build time: 3.672s
2020-07-21T13:35:48.669Z - info: [9:35:48 PM] Reload for file change: C:\repos\nus-cs2103-AY2021S1\cs2103-website\_markbind\variables.md
2020-07-21T13:35:49.771Z - warn: Rebuilding all pages as variables file was changed, or the --force-reload flag was set
2020-07-21T13:35:49.776Z - info: Rebuilding 1 pages
2020-07-21T13:35:52.066Z - info: Pages rebuilt
2020-07-21T13:35:52.067Z - info: Website regeneration complete! Total build time: 2.395s
2020-07-21T13:35:52.069Z - info: Site data built
2020-07-21T13:36:09.648Z - info: Building C:\repos\nus-cs2103-AY2021S1\cs2103-website\schedule\week1\index as some of its dependencies were changed since the last visit
2020-07-21T13:36:10.032Z - info: Site data built
2020-07-21T13:36:10.033Z - info: Lazy website regeneration complete! Total build time: 0.386s
2020-07-21T14:12:16.726Z - info: [10:12:16 PM] Reload for file change: C:\repos\nus-cs2103-AY2021S1\cs2103-website\schedule\week1\notices-tic2002.mbdf
2020-07-21T14:12:17.737Z - info: Rebuilding 1 pages
2020-07-21T14:12:18.340Z - info: Pages rebuilt
2020-07-21T14:12:18.341Z - info: Website regeneration complete! Total build time: 0.608s
2020-07-21T14:12:18.347Z - info: Site data built
2020-07-21T14:12:40.341Z - info: [10:12:40 PM] Reload for file change: C:\repos\nus-cs2103-AY2021S1\cs2103-website\schedule\week1\notices-tic2002.mbdf
2020-07-21T14:12:41.344Z - info: Rebuilding 1 pages
2020-07-21T14:12:41.741Z - info: Pages rebuilt
2020-07-21T14:12:41.741Z - info: Website regeneration complete! Total build time: 0.398s
2020-07-21T14:12:41.744Z - info: Site data built
2020-07-21T14:13:18.991Z - info: [10:13:18 PM] Reload for file change: C:\repos\nus-cs2103-AY2021S1\cs2103-website\schedule\week1\notices-tic2002.mbdf
2020-07-21T14:13:19.994Z - info: Rebuilding 1 pages
2020-07-21T14:13:20.327Z - info: Pages rebuilt
2020-07-21T14:13:20.327Z - info: Website regeneration complete! Total build time: 0.334s
2020-07-21T14:13:20.330Z - info: Site data built
2020-07-21T14:13:38.710Z - info: Building C:\repos\nus-cs2103-AY2021S1\cs2103-website\index as some of its dependencies were changed since the last visit
2020-07-21T14:13:40.527Z - info: Site data built
2020-07-21T14:13:40.528Z - info: Lazy website regeneration complete! Total build time: 1.819s
2020-07-21T14:15:12.760Z - info: [10:15:12 PM] Reload for file change: C:\repos\nus-cs2103-AY2021S1\cs2103-website\admin\index-tic2002.mbdf
2020-07-21T14:15:13.770Z - info: Rebuilding 1 pages
2020-07-21T14:15:15.979Z - info: Pages rebuilt
2020-07-21T14:15:15.980Z - info: Website regeneration complete! Total build time: 2.21s
2020-07-21T14:15:16.043Z - info: Site data built
2020-07-21T14:30:22.314Z - info: Website generation started at 10:30:19 PM
2020-07-21T14:30:30.007Z - info: Building assets...
2020-07-21T14:30:35.489Z - info: Assets built
2020-07-21T14:30:35.490Z - info: Generating pages...
2020-07-21T14:30:51.415Z - debug:  
2020-07-21T14:30:51.415Z - debug:  
2020-07-21T14:30:51.415Z - debug:  
2020-07-21T14:30:51.416Z - debug:  
2020-07-21T14:30:54.946Z - debug:  
2020-07-21T14:30:56.569Z - debug: The process cannot access the file because it is being used by another process.

2020-07-21T14:30:56.569Z - debug: The process cannot access the file because it is being used by another process.

2020-07-21T14:31:00.592Z - debug:  
2020-07-21T14:31:00.592Z - debug:  
2020-07-21T14:31:00.592Z - debug:  
2020-07-21T14:31:00.593Z - debug:  
2020-07-21T14:31:03.858Z - debug: The process cannot access the file because it is being used by another process.

2020-07-21T14:31:03.858Z - debug: The process cannot access the file because it is being used by another process.

2020-07-21T14:31:04.261Z - debug:  
2020-07-21T14:31:04.261Z - debug:  
2020-07-21T14:31:04.262Z - debug:  
2020-07-21T14:31:04.389Z - debug:  
2020-07-21T14:31:04.564Z - debug: The process cannot access the file because it is being used by another process.

2020-07-21T14:31:04.564Z - debug: The process cannot access the file because it is being used by another process.

2020-07-21T14:31:07.595Z - debug:  
2020-07-21T14:31:07.595Z - debug:  
2020-07-21T14:31:26.572Z - debug: The process cannot access the file because it is being used by another process.

2020-07-21T14:31:26.638Z - debug: The process cannot access the file because it is being used by another process.

2020-07-21T14:31:28.300Z - debug:  
2020-07-21T14:31:28.301Z - debug: The process cannot access the file because it is being used by another process.

2020-07-21T14:31:28.697Z - debug:  
2020-07-21T14:31:31.440Z - debug: The process cannot access the file because it is being used by another process.

2020-07-21T14:31:31.440Z - debug:  
2020-07-21T14:31:32.587Z - debug:  
2020-07-21T14:31:38.070Z - debug: The process cannot access the file because it is being used by another process.

2020-07-21T14:31:39.855Z - debug: The process cannot access the file because it is being used by another process.

2020-07-21T14:31:40.055Z - debug:  
2020-07-21T14:32:00.146Z - debug:  
2020-07-21T14:32:00.245Z - debug:  
2020-07-21T14:32:00.245Z - debug:  
2020-07-21T14:32:00.245Z - debug:  
2020-07-21T14:32:04.254Z - debug:  
2020-07-21T14:32:04.254Z - debug:  
2020-07-21T14:32:12.559Z - debug:  
2020-07-21T14:32:12.559Z - debug:  
2020-07-21T14:32:12.560Z - debug:  
2020-07-21T14:32:12.560Z - debug:  
2020-07-21T14:32:12.560Z - debug:  
2020-07-21T14:32:19.742Z - debug:  
2020-07-21T14:32:19.743Z - debug:  
2020-07-21T14:32:23.924Z - debug:  
2020-07-21T14:32:36.967Z - debug:  
2020-07-21T14:32:36.967Z - debug:  
2020-07-21T14:32:40.311Z - info: Pages built
2020-07-21T14:33:00.572Z - info: Website generation complete! Total build time: 161.212s
2020-07-21T14:33:00.575Z - info: Build success!
2020-07-21T14:33:00.579Z - info: Site data built
2020-07-21T14:36:26.100Z - error: Cloning into '..\..\markbind\markbind\node_modules\gh-pages\.cache\github.com!nus-tic2002-2020!website.git'...
fatal: index-pack failed

2020-07-21T14:37:10.448Z - info: Website generation (lazy) started at 10:37:03 PM
2020-07-21T14:37:17.779Z - info: Building assets...
2020-07-21T14:37:23.145Z - info: Assets built
2020-07-21T14:37:23.146Z - info: Generating landing page...
2020-07-21T14:37:24.172Z - info: Landing page built, other pages will be built as you navigate to them!
2020-07-21T14:37:24.283Z - info: Website generation (lazy) complete! Total build time: 20.555s
2020-07-21T14:37:25.085Z - info: Serving "C:\repos\nus-cs2103-AY2021S1\cs2103-website\_site" at http://127.0.0.1:8080
2020-07-21T14:37:25.085Z - info: Press CTRL+C to stop ...
2020-07-21T14:37:25.144Z - info: Site data built
2020-07-21T14:37:47.663Z - info: Website generation started at 10:37:45 PM
2020-07-21T14:37:54.853Z - info: Building assets...
2020-07-21T14:38:00.042Z - info: Assets built
2020-07-21T14:38:00.043Z - info: Generating pages...
2020-07-21T14:38:15.308Z - debug: The process cannot access the file because it is being used by another process.

2020-07-21T14:38:15.309Z - debug: The process cannot access the file because it is being used by another process.

2020-07-21T14:38:16.951Z - debug: The process cannot access the file because it is being used by another process.

2020-07-21T14:38:16.951Z - debug: The process cannot access the file because it is being used by another process.

2020-07-21T14:38:16.952Z - debug:  
2020-07-21T14:38:16.952Z - debug:  
2020-07-21T14:38:16.952Z - debug:  
2020-07-21T14:38:16.952Z - debug:  
2020-07-21T14:38:17.274Z - debug:  
2020-07-21T14:38:22.352Z - debug: The process cannot access the file because it is being used by another process.

2020-07-21T14:38:22.352Z - debug: The process cannot access the file because it is being used by another process.

2020-07-21T14:38:22.352Z - debug:  
2020-07-21T14:38:22.353Z - debug:  
2020-07-21T14:38:23.984Z - debug: The process cannot access the file because it is being used by another process.

2020-07-21T14:38:23.985Z - debug: The process cannot access the file because it is being used by another process.

2020-07-21T14:38:24.267Z - debug:  
2020-07-21T14:38:24.267Z - debug:  
2020-07-21T14:38:24.756Z - debug: The process cannot access the file because it is being used by another process.

2020-07-21T14:38:24.757Z - debug: The process cannot access the file because it is being used by another process.

2020-07-21T14:38:28.288Z - debug:  
2020-07-21T14:38:28.331Z - debug:  
2020-07-21T14:38:52.317Z - debug: The process cannot access the file because it is being used by another process.

2020-07-21T14:38:52.321Z - debug: The process cannot access the file because it is being used by another process.

2020-07-21T14:38:53.859Z - debug:  
2020-07-21T14:38:53.981Z - debug: The process cannot access the file because it is being used by another process.

2020-07-21T14:38:54.179Z - debug:  
2020-07-21T14:38:55.831Z - debug: The process cannot access the file because it is being used by another process.

2020-07-21T14:38:55.832Z - debug:  
2020-07-21T14:38:57.256Z - debug:  
2020-07-21T14:39:04.297Z - debug: The process cannot access the file because it is being used by another process.

2020-07-21T14:39:06.103Z - debug: The process cannot access the file because it is being used by another process.

2020-07-21T14:39:06.325Z - debug:  
2020-07-21T14:39:31.195Z - debug:  
2020-07-21T14:39:31.196Z - debug:  
2020-07-21T14:39:31.196Z - debug:  
2020-07-21T14:39:31.198Z - debug:  
2020-07-21T14:39:35.375Z - debug:  
2020-07-21T14:39:35.589Z - debug:  
2020-07-21T14:39:43.964Z - debug:  
2020-07-21T14:39:43.964Z - debug:  
2020-07-21T14:39:43.964Z - debug:  
2020-07-21T14:39:43.964Z - debug:  
2020-07-21T14:39:43.965Z - debug:  
2020-07-21T14:39:51.312Z - debug:  
2020-07-21T14:39:51.313Z - debug:  
2020-07-21T14:39:55.963Z - debug:  
2020-07-21T14:40:13.572Z - debug:  
2020-07-21T14:40:13.573Z - debug:  
2020-07-21T14:40:18.712Z - info: Pages built
2020-07-21T14:40:41.406Z - info: Website generation complete! Total build time: 176.287s
2020-07-21T14:40:41.407Z - info: Build success!
2020-07-21T14:40:41.410Z - info: Site data built
2020-07-21T14:42:12.554Z - info: Deployed!
2020-07-21T14:46:42.116Z - info: Website generation (lazy) started at 10:46:32 PM
2020-07-21T14:46:52.049Z - info: Building assets...
2020-07-21T14:46:59.473Z - info: Assets built
2020-07-21T14:46:59.473Z - info: Generating landing page...
2020-07-21T14:47:00.199Z - info: Landing page built, other pages will be built as you navigate to them!
2020-07-21T14:47:00.292Z - info: Website generation (lazy) complete! Total build time: 27.762s
2020-07-21T14:47:01.343Z - info: Serving "C:\repos\nus-cs2103-AY2021S1\cs2103-website\_site" at http://127.0.0.1:8080
2020-07-21T14:47:01.343Z - info: Press CTRL+C to stop ...
2020-07-21T14:47:01.395Z - info: Site data built
2020-07-21T14:48:08.138Z - info: Website generation started at 10:48:03 PM
2020-07-21T14:48:23.416Z - info: Building assets...
2020-07-21T14:48:31.792Z - info: Assets built
2020-07-21T14:48:31.793Z - info: Generating pages...
2020-07-21T14:48:43.023Z - debug: The process cannot access the file because it is being used by another process.

2020-07-21T14:48:43.023Z - debug: The process cannot access the file because it is being used by another process.

2020-07-21T14:48:45.376Z - debug:  
2020-07-21T14:48:45.376Z - debug:  
2020-07-21T14:48:45.376Z - debug:  
2020-07-21T14:48:45.377Z - debug:  
2020-07-21T14:48:47.645Z - debug:  
2020-07-21T14:48:51.394Z - debug:  
2020-07-21T14:48:51.394Z - debug: The process cannot access the file because it is being used by another process.

2020-07-21T14:48:51.395Z - debug: The process cannot access the file because it is being used by another process.

2020-07-21T14:48:51.395Z - debug:  
2020-07-21T14:48:51.755Z - debug:  
2020-07-21T14:48:53.110Z - debug: The process cannot access the file because it is being used by another process.

2020-07-21T14:48:53.110Z - debug: The process cannot access the file because it is being used by another process.

2020-07-21T14:48:53.287Z - debug:  
2020-07-21T14:48:53.440Z - debug:  
2020-07-21T14:48:53.737Z - debug: The process cannot access the file because it is being used by another process.

2020-07-21T14:48:53.737Z - debug: The process cannot access the file because it is being used by another process.

2020-07-21T14:48:56.936Z - debug:  
2020-07-21T14:48:56.936Z - debug:  
2020-07-21T14:49:18.899Z - debug: The process cannot access the file because it is being used by another process.

2020-07-21T14:49:18.903Z - debug: The process cannot access the file because it is being used by another process.

2020-07-21T14:49:20.245Z - debug:  
2020-07-21T14:49:20.376Z - debug: The process cannot access the file because it is being used by another process.

2020-07-21T14:49:22.557Z - debug:  
2020-07-21T14:49:22.559Z - debug: The process cannot access the file because it is being used by another process.

2020-07-21T14:49:23.111Z - debug:  
2020-07-21T14:49:24.385Z - debug:  
2020-07-21T14:49:30.688Z - debug: The process cannot access the file because it is being used by another process.

2020-07-21T14:49:32.863Z - debug: The process cannot access the file because it is being used by another process.

2020-07-21T14:49:33.181Z - debug:  
2020-07-21T14:49:56.610Z - debug:  
2020-07-21T14:49:57.055Z - debug:  
2020-07-21T14:49:57.055Z - debug:  
2020-07-21T14:49:57.055Z - debug:  
2020-07-21T14:50:00.611Z - debug:  
2020-07-21T14:50:00.614Z - debug:  
2020-07-21T14:50:11.217Z - debug:  
2020-07-21T14:50:11.218Z - debug:  
2020-07-21T14:50:11.218Z - debug:  
2020-07-21T14:50:11.218Z - debug:  
2020-07-21T14:50:11.343Z - debug:  
2020-07-21T14:50:18.005Z - debug:  
2020-07-21T14:50:18.005Z - debug:  
2020-07-21T14:50:22.579Z - debug:  
2020-07-21T14:50:31.072Z - debug:  
2020-07-21T14:50:43.376Z - debug:  
2020-07-21T14:50:43.377Z - debug:  
2020-07-21T14:51:08.052Z - debug:  
2020-07-21T14:51:19.059Z - debug:  
2020-07-21T14:51:19.059Z - debug:  
2020-07-21T14:51:27.542Z - info: Pages built
2020-07-21T14:51:57.015Z - info: Website generation complete! Total build time: 233.678s
2020-07-21T14:51:57.016Z - info: Build success!
2020-07-21T14:51:57.016Z - debug:  
2020-07-21T14:51:57.025Z - info: Site data built
2020-07-21T14:52:57.857Z - info: Deployed!
2020-07-21T14:55:29.146Z - info: Website generation (lazy) started at 10:55:21 PM
2020-07-21T14:55:45.316Z - info: Building assets...
2020-07-21T14:55:54.840Z - info: Assets built
2020-07-21T14:55:54.841Z - info: Generating landing page...
2020-07-21T14:55:57.058Z - info: Landing page built, other pages will be built as you navigate to them!
2020-07-21T14:55:57.160Z - info: Website generation (lazy) complete! Total build time: 35.975s
2020-07-21T14:55:58.025Z - info: Serving "C:\repos\nus-cs2103-AY2021S1\cs2103-website\_site" at http://127.0.0.1:8080
2020-07-21T14:55:58.026Z - info: Press CTRL+C to stop ...
2020-07-21T14:55:58.084Z - info: Site data built
2020-07-21T14:59:01.752Z - info: [10:59:01 PM] Reload for file change: C:\repos\nus-cs2103-AY2021S1\cs2103-website\_markbind\headers\header.md
2020-07-21T14:59:02.768Z - info: Rebuilding 1 pages
2020-07-21T14:59:04.830Z - info: Pages rebuilt
2020-07-21T14:59:04.830Z - info: Website regeneration complete! Total build time: 2.065s
2020-07-21T14:59:04.856Z - info: Site data built
2020-07-21T14:59:27.616Z - info: [10:59:27 PM] Reload for file change: C:\repos\nus-cs2103-AY2021S1\cs2103-website\_markbind\headers\header.md
2020-07-21T14:59:28.630Z - info: Rebuilding 1 pages
2020-07-21T14:59:30.530Z - info: Pages rebuilt
2020-07-21T14:59:30.530Z - info: Website regeneration complete! Total build time: 1.906s
2020-07-21T14:59:30.542Z - info: Site data built
2020-07-21T14:59:35.524Z - info: [10:59:35 PM] Reload for file change: C:\repos\nus-cs2103-AY2021S1\cs2103-website\_markbind\headers\header.md
2020-07-21T14:59:36.531Z - info: Rebuilding 1 pages
2020-07-21T14:59:38.295Z - info: Pages rebuilt
2020-07-21T14:59:38.295Z - info: Website regeneration complete! Total build time: 1.767s
2020-07-21T14:59:38.306Z - info: Site data built
2020-07-21T15:02:46.355Z - info: [11:02:46 PM] Reload for file change: C:\repos\nus-cs2103-AY2021S1\cs2103-website\admin\common-notices.mbdf
2020-07-21T15:02:46.364Z - info: [11:02:46 PM] Reload for file change: C:\repos\nus-cs2103-AY2021S1\cs2103-website\schedule\week1\notices-cs2103.mbdf
2020-07-21T15:02:46.381Z - info: [11:02:46 PM] Reload for file change: C:\repos\nus-cs2103-AY2021S1\cs2103-website\schedule\week1\notices-tic2002.mbdf
2020-07-21T15:02:46.385Z - info: [11:02:46 PM] Reload for file change: C:\repos\nus-cs2103-AY2021S1\cs2103-website\admin\weeklySchedule.md
2020-07-21T15:02:46.408Z - info: [11:02:46 PM] Reload for file change: C:\repos\nus-cs2103-AY2021S1\cs2103-website\admin\moduleOverview.md
2020-07-21T15:02:46.413Z - info: [11:02:46 PM] Reload for file change: C:\repos\nus-cs2103-AY2021S1\cs2103-website\admin\index-tic2002.mbdf
2020-07-21T15:02:47.366Z - info: Rebuilding 1 pages
2020-07-21T15:02:49.080Z - info: Pages rebuilt
2020-07-21T15:02:49.080Z - info: Website regeneration complete! Total build time: 1.717s
2020-07-21T15:02:49.093Z - info: Site data built
2020-07-21T15:02:59.358Z - info: Building C:\repos\nus-cs2103-AY2021S1\cs2103-website\se-book-adapted\index as some of its dependencies were changed since the last visit
2020-07-21T15:02:59.903Z - info: Site data built
2020-07-21T15:02:59.904Z - info: Lazy website regeneration complete! Total build time: 0.547s
2020-07-21T15:03:06.961Z - info: Building C:\repos\nus-cs2103-AY2021S1\cs2103-website\schedule\week1\index as some of its dependencies were changed since the last visit
2020-07-21T15:03:07.525Z - info: Site data built
2020-07-21T15:03:07.526Z - info: Lazy website regeneration complete! Total build time: 0.565s
2020-07-21T15:05:33.121Z - info: [11:05:33 PM] Reload for file change: C:\repos\nus-cs2103-AY2021S1\cs2103-website\_markbind\headers\header.md
2020-07-21T15:05:34.134Z - info: Rebuilding 1 pages
2020-07-21T15:05:35.331Z - info: Pages rebuilt
2020-07-21T15:05:35.331Z - info: Website regeneration complete! Total build time: 1.202s
2020-07-21T15:05:35.352Z - info: Site data built
2020-07-21T15:06:03.431Z - info: [11:06:03 PM] Reload for file change: C:\repos\nus-cs2103-AY2021S1\cs2103-website\_markbind\headers\header.md
2020-07-21T15:06:04.434Z - info: Rebuilding 1 pages
2020-07-21T15:06:05.086Z - info: Pages rebuilt
2020-07-21T15:06:05.086Z - info: Website regeneration complete! Total build time: 0.655s
2020-07-21T15:06:05.093Z - info: Site data built
2020-07-21T15:06:10.413Z - info: [11:06:10 PM] Reload for file change: C:\repos\nus-cs2103-AY2021S1\cs2103-website\_markbind\headers\header.md
2020-07-21T15:06:11.423Z - info: Rebuilding 1 pages
2020-07-21T15:06:11.976Z - info: Pages rebuilt
2020-07-21T15:06:11.977Z - info: Website regeneration complete! Total build time: 0.558s
2020-07-21T15:06:11.980Z - info: Site data built
2020-07-21T15:09:49.603Z - info: Website generation (lazy) started at 11:09:46 PM
2020-07-21T15:10:00.479Z - info: Building assets...
2020-07-21T15:10:08.160Z - info: Assets built
2020-07-21T15:10:08.161Z - info: Generating landing page...
2020-07-21T15:10:10.366Z - info: Landing page built, other pages will be built as you navigate to them!
2020-07-21T15:10:10.457Z - info: Website generation (lazy) complete! Total build time: 23.526s
2020-07-21T15:10:11.358Z - info: Serving "C:\repos\nus-cs2103-AY2021S1\cs2103-website\_site" at http://127.0.0.1:8080
2020-07-21T15:10:11.359Z - info: Press CTRL+C to stop ...
2020-07-21T15:10:11.477Z - info: Site data built
2020-07-21T15:11:59.355Z - info: Building C:\repos\nus-cs2103-AY2021S1\cs2103-website\schedule\timeline as some of its dependencies were changed since the last visit
2020-07-21T15:12:02.840Z - info: Site data built
2020-07-21T15:12:02.841Z - info: Lazy website regeneration complete! Total build time: 3.486s
2020-07-21T15:12:50.627Z - info: Building C:\repos\nus-cs2103-AY2021S1\cs2103-website\schedule\week1\index as some of its dependencies were changed since the last visit
2020-07-21T15:12:51.326Z - info: Site data built
2020-07-21T15:12:51.327Z - info: Lazy website regeneration complete! Total build time: 0.701s
2020-07-21T15:37:17.336Z - info: Building C:\repos\nus-cs2103-AY2021S1\cs2103-website\schedule\week1\topics as some of its dependencies were changed since the last visit
2020-07-21T15:37:19.414Z - info: Site data built
2020-07-21T15:37:19.414Z - info: Lazy website regeneration complete! Total build time: 2.081s
2020-07-21T15:39:01.314Z - info: Building C:\repos\nus-cs2103-AY2021S1\cs2103-website\schedule\week1\admin as some of its dependencies were changed since the last visit
2020-07-21T15:39:02.786Z - info: Site data built
2020-07-21T15:39:02.788Z - info: Lazy website regeneration complete! Total build time: 1.475s
2020-07-21T15:40:13.792Z - info: [11:40:13 PM] Reload for file change: C:\repos\nus-cs2103-AY2021S1\cs2103-website\schedule\week1\admin-tic2002.mbdf
2020-07-21T15:40:14.805Z - info: Rebuilding 1 pages
2020-07-21T15:40:15.938Z - info: Pages rebuilt
2020-07-21T15:40:15.938Z - info: Website regeneration complete! Total build time: 1.138s
2020-07-21T15:40:15.992Z - info: Site data built
2020-07-21T15:41:42.438Z - info: [11:41:42 PM] Reload for file change: C:\repos\nus-cs2103-AY2021S1\cs2103-website\schedule\week1\admin-tic2002.mbdf
2020-07-21T15:41:43.458Z - info: Rebuilding 1 pages
2020-07-21T15:41:44.301Z - info: Pages rebuilt
2020-07-21T15:41:44.301Z - info: Website regeneration complete! Total build time: 0.844s
2020-07-21T15:41:44.350Z - info: Site data built
2020-07-21T15:42:33.539Z - info: [11:42:33 PM] Reload for file change: C:\repos\nus-cs2103-AY2021S1\cs2103-website\schedule\week1\admin-tic2002.mbdf
2020-07-21T15:42:34.558Z - info: Rebuilding 1 pages
2020-07-21T15:42:35.414Z - info: Pages rebuilt
2020-07-21T15:42:35.415Z - info: Website regeneration complete! Total build time: 0.861s
2020-07-21T15:42:35.459Z - info: Site data built
2020-07-21T15:42:45.044Z - info: [11:42:45 PM] Reload for file change: C:\repos\nus-cs2103-AY2021S1\cs2103-website\schedule\week1\admin-tic2002.mbdf
2020-07-21T15:42:46.056Z - info: Rebuilding 1 pages
2020-07-21T15:42:46.849Z - info: Pages rebuilt
2020-07-21T15:42:46.849Z - info: Website regeneration complete! Total build time: 0.796s
2020-07-21T15:42:46.890Z - info: Site data built
2020-07-21T15:44:25.603Z - info: [11:44:25 PM] Reload for file change: C:\repos\nus-cs2103-AY2021S1\cs2103-website\_markbind\variables.md
2020-07-21T15:44:25.618Z - info: [11:44:25 PM] Reload for file change: C:\repos\nus-cs2103-AY2021S1\cs2103-website\schedule\week1\admin-tic2002.mbdf
2020-07-21T15:44:26.810Z - warn: Rebuilding all pages as variables file was changed, or the --force-reload flag was set
2020-07-21T15:44:26.813Z - info: Rebuilding 1 pages
2020-07-21T15:44:27.703Z - info: Pages rebuilt
2020-07-21T15:44:27.703Z - info: Website regeneration complete! Total build time: 1.094s
2020-07-21T15:44:27.711Z - info: Site data built
2020-07-21T15:46:29.898Z - info: [11:46:29 PM] Reload for file change: C:\repos\nus-cs2103-AY2021S1\cs2103-website\admin\index-tic2002.mbdf
2020-07-21T15:46:30.911Z - info: Rebuilding 1 pages
2020-07-21T15:46:31.989Z - info: Pages rebuilt
2020-07-21T15:46:31.989Z - info: Website regeneration complete! Total build time: 1.08s
2020-07-21T15:46:32.037Z - info: Site data built
2020-07-21T15:49:20.426Z - info: [11:49:20 PM] Reload for file deletion: C:\repos\nus-cs2103-AY2021S1\cs2103-website\coding-standards\java\basic.mbd
2020-07-21T15:49:20.427Z - info: [11:49:20 PM] Reload for file deletion: C:\repos\nus-cs2103-AY2021S1\cs2103-website\coding-standards\java\intermediate.mbd
2020-07-21T15:49:20.427Z - info: [11:49:20 PM] Reload for file deletion: C:\repos\nus-cs2103-AY2021S1\cs2103-website\coding-standards\java\index.mbd
2020-07-21T15:49:20.427Z - info: [11:49:20 PM] Reload for file deletion: C:\repos\nus-cs2103-AY2021S1\cs2103-website\coding-standards\java\rules.mbdf
2020-07-21T15:49:21.435Z - info: File added or removed, updating list of site's pages...
2020-07-21T15:49:27.846Z - info: Assets removed
2020-07-21T15:49:28.985Z - info: Building C:\repos\nus-cs2103-AY2021S1\cs2103-website\schedule\week1\admin as some of its dependencies were changed since the last visit
2020-07-21T15:49:30.025Z - info: Site data built
2020-07-21T15:49:30.027Z - info: Lazy website regeneration complete! Total build time: 1.042s
2020-07-21T15:50:11.878Z - info: [11:50:11 PM] Reload for file change: C:\repos\nus-cs2103-AY2021S1\cs2103-website\site.json
2020-07-21T15:50:12.930Z - info: Assets built
2020-07-21T15:51:27.852Z - info: [11:51:27 PM] Reload for file change: C:\repos\nus-cs2103-AY2021S1\cs2103-website\_markbind\variables.md
2020-07-21T15:51:28.948Z - warn: Rebuilding all pages as variables file was changed, or the --force-reload flag was set
2020-07-21T15:51:28.952Z - info: Rebuilding 1 pages
2020-07-21T15:51:29.616Z - info: Pages rebuilt
2020-07-21T15:51:29.617Z - info: Website regeneration complete! Total build time: 0.76s
2020-07-21T15:51:29.637Z - info: Site data built
2020-07-21T15:52:03.580Z - info: [11:52:03 PM] Reload for file change: C:\repos\nus-cs2103-AY2021S1\cs2103-website\_markbind\variables.md
2020-07-21T15:52:03.596Z - info: [11:52:03 PM] Reload for file change: C:\repos\nus-cs2103-AY2021S1\cs2103-website\common\macros.njk
2020-07-21T15:52:03.611Z - info: [11:52:03 PM] Reload for file change: C:\repos\nus-cs2103-AY2021S1\cs2103-website\_module-CS2103\weeklyAdminTasks.mbdf
2020-07-21T15:52:04.765Z - warn: Rebuilding all pages as variables file was changed, or the --force-reload flag was set
2020-07-21T15:52:04.769Z - info: Rebuilding 1 pages
2020-07-21T15:52:05.470Z - info: Assets built
2020-07-21T15:52:05.485Z - info: Pages rebuilt
2020-07-21T15:52:05.486Z - info: Website regeneration complete! Total build time: 0.894s
2020-07-21T15:52:05.502Z - info: Site data built
2020-07-21T15:53:24.422Z - info: [11:53:24 PM] Reload for file change: C:\repos\nus-cs2103-AY2021S1\cs2103-website\schedule\week1\admin-tic2002.mbdf
2020-07-21T15:53:25.429Z - info: Rebuilding 1 pages
2020-07-21T15:53:26.046Z - info: Pages rebuilt
2020-07-21T15:53:26.047Z - info: Website regeneration complete! Total build time: 0.62s
2020-07-21T15:53:26.056Z - info: Site data built
2020-07-21T15:54:59.048Z - info: [11:54:59 PM] Reload for file change: C:\repos\nus-cs2103-AY2021S1\cs2103-website\schedule\week1\admin-tic2002.mbdf
2020-07-21T15:55:00.061Z - info: Rebuilding 1 pages
2020-07-21T15:55:00.951Z - info: Pages rebuilt
2020-07-21T15:55:00.952Z - info: Website regeneration complete! Total build time: 0.895s
2020-07-21T15:55:00.961Z - info: Site data built
2020-07-21T15:55:13.447Z - info: Building C:\repos\nus-cs2103-AY2021S1\cs2103-website\schedule\week2\index as some of its dependencies were changed since the last visit
2020-07-21T15:55:14.390Z - info: Site data built
2020-07-21T15:55:14.390Z - info: Lazy website regeneration complete! Total build time: 0.944s
2020-07-21T15:55:22.739Z - info: Building C:\repos\nus-cs2103-AY2021S1\cs2103-website\schedule\week2\topics as some of its dependencies were changed since the last visit
2020-07-21T15:55:25.372Z - info: Site data built
2020-07-21T15:55:25.372Z - info: Lazy website regeneration complete! Total build time: 2.634s
