2020-07-29T16:00:00.252Z - info: Building C:\repos\nus-cs2103-AY2021S1\cs2103-website\schedule\week1\topics as some of its dependencies were changed since the last visit
2020-07-29T16:00:02.223Z - info: Site data built
2020-07-29T16:00:02.224Z - info: Lazy website regeneration complete! Total build time: 1.973s
2020-07-30T04:15:21.566Z - info: Website generation (lazy) started at 12:15:17 PM
2020-07-30T04:15:32.656Z - info: Building assets...
2020-07-30T04:15:39.955Z - info: Assets built
2020-07-30T04:15:39.956Z - info: Generating landing page...
2020-07-30T04:15:41.390Z - info: Landing page built, other pages will be built as you navigate to them!
2020-07-30T04:15:41.492Z - info: Website generation (lazy) complete! Total build time: 24.383s
2020-07-30T04:15:42.438Z - info: Serving "C:\repos\nus-cs2103-AY2021S1\cs2103-website\_site" at http://127.0.0.1:8080
2020-07-30T04:15:42.438Z - info: Press CTRL+C to stop ...
2020-07-30T04:15:42.525Z - info: Site data built
2020-07-30T04:17:17.849Z - info: Building C:\repos\nus-cs2103-AY2021S1\cs2103-website\schedule\week1\index as some of its dependencies were changed since the last visit
2020-07-30T04:17:19.229Z - info: Site data built
2020-07-30T04:17:19.230Z - info: Lazy website regeneration complete! Total build time: 1.385s
2020-07-30T04:17:35.381Z - info: Building C:\repos\nus-cs2103-AY2021S1\cs2103-website\schedule\week2\index as some of its dependencies were changed since the last visit
2020-07-30T04:17:36.361Z - info: Site data built
2020-07-30T04:17:36.362Z - info: Lazy website regeneration complete! Total build time: 0.983s
2020-07-30T04:17:39.584Z - info: Building C:\repos\nus-cs2103-AY2021S1\cs2103-website\schedule\week2\topics as some of its dependencies were changed since the last visit
2020-07-30T04:17:42.881Z - info: Site data built
2020-07-30T04:17:42.883Z - info: Lazy website regeneration complete! Total build time: 3.299s
2020-07-30T04:19:41.601Z - info: [12:19:41 PM] Reload for file change: C:\repos\nus-cs2103-AY2021S1\cs2103-website\book\processModels\introduction\iterativeModels\text.md
2020-07-30T04:19:42.605Z - info: Rebuilding 1 pages
2020-07-30T04:19:46.477Z - info: Pages rebuilt
2020-07-30T04:19:46.477Z - info: Website regeneration complete! Total build time: 3.874s
2020-07-30T04:19:46.509Z - info: Site data built
2020-07-30T04:20:25.296Z - info: [12:20:25 PM] Reload for file change: C:\repos\nus-cs2103-AY2021S1\cs2103-website\book\processModels\introduction\iterativeModels\text.md
2020-07-30T04:20:26.303Z - info: Rebuilding 1 pages
2020-07-30T04:20:30.187Z - info: Pages rebuilt
2020-07-30T04:20:30.187Z - info: Website regeneration complete! Total build time: 3.888s
2020-07-30T04:20:30.218Z - info: Site data built
2020-07-30T04:21:24.701Z - info: [12:21:24 PM] Reload for file change: C:\repos\nus-cs2103-AY2021S1\cs2103-website\book\processModels\introduction\iterativeModels\text.md
2020-07-30T04:21:25.706Z - info: Rebuilding 1 pages
2020-07-30T04:21:29.051Z - info: Pages rebuilt
2020-07-30T04:21:29.052Z - info: Website regeneration complete! Total build time: 3.348s
2020-07-30T04:21:29.076Z - info: Site data built
2020-07-30T04:39:28.512Z - info: [12:39:28 PM] Reload for file change: C:\repos\nus-cs2103-AY2021S1\cs2103-website\admin\common-commentary.mbdf
2020-07-30T04:39:29.550Z - info: Rebuilding 1 pages
2020-07-30T04:39:32.865Z - info: Pages rebuilt
2020-07-30T04:39:32.865Z - info: Website regeneration complete! Total build time: 3.338s
2020-07-30T04:39:32.884Z - info: Site data built
2020-07-30T09:14:56.459Z - info: Building C:\repos\nus-cs2103-AY2021S1\cs2103-website\admin\index as some of its dependencies were changed since the last visit
2020-07-30T09:14:57.357Z - info: Site data built
2020-07-30T09:14:57.359Z - info: Lazy website regeneration complete! Total build time: 0.921s
2020-07-30T09:15:07.044Z - info: Building C:\repos\nus-cs2103-AY2021S1\cs2103-website\admin\tp-deliverables as some of its dependencies were changed since the last visit
2020-07-30T09:15:07.814Z - info: Site data built
2020-07-30T09:15:07.815Z - info: Lazy website regeneration complete! Total build time: 0.771s
2020-07-30T12:36:38.081Z - info: Website generation (lazy) started at 8:36:34 PM
2020-07-30T12:36:47.494Z - info: Building assets...
2020-07-30T12:36:53.405Z - info: Assets built
2020-07-30T12:36:53.407Z - info: Generating landing page...
2020-07-30T12:36:54.392Z - info: Landing page built, other pages will be built as you navigate to them!
2020-07-30T12:36:54.510Z - info: Website generation (lazy) complete! Total build time: 20.11s
2020-07-30T12:36:55.441Z - info: Serving "C:\repos\nus-cs2103-AY2021S1\cs2103-website\_site" at http://127.0.0.1:8080
2020-07-30T12:36:55.441Z - info: Press CTRL+C to stop ...
2020-07-30T12:36:55.522Z - info: Site data built
2020-07-30T12:37:11.128Z - info: Building C:\repos\nus-cs2103-AY2021S1\cs2103-website\schedule\week2\index as some of its dependencies were changed since the last visit
2020-07-30T12:37:12.259Z - info: Site data built
2020-07-30T12:37:12.260Z - info: Lazy website regeneration complete! Total build time: 1.133s
2020-07-30T12:37:18.011Z - info: Building C:\repos\nus-cs2103-AY2021S1\cs2103-website\schedule\week2\topics as some of its dependencies were changed since the last visit
2020-07-30T12:37:21.184Z - info: Site data built
2020-07-30T12:37:21.186Z - info: Lazy website regeneration complete! Total build time: 3.176s
2020-07-30T12:38:39.384Z - info: [8:38:39 PM] Reload for file change: C:\repos\nus-cs2103-AY2021S1\cs2103-website\book\gitAndGithub\commit\text.md
2020-07-30T12:38:40.390Z - info: Rebuilding 1 pages
2020-07-30T12:38:45.248Z - info: Pages rebuilt
2020-07-30T12:38:45.248Z - info: Website regeneration complete! Total build time: 4.861s
2020-07-30T12:38:45.278Z - info: Site data built
2020-07-30T15:02:07.264Z - info: Website generation (lazy) started at 11:02:04 PM
2020-07-30T15:02:17.278Z - info: Building assets...
2020-07-30T15:02:23.444Z - info: Assets built
2020-07-30T15:02:23.444Z - info: Generating landing page...
2020-07-30T15:02:24.294Z - info: Landing page built, other pages will be built as you navigate to them!
2020-07-30T15:02:24.411Z - info: Website generation (lazy) complete! Total build time: 20.175s
2020-07-30T15:02:25.306Z - info: Serving "C:\repos\nus-cs2103-AY2021S1\cs2103-website\_site" at http://127.0.0.1:8080
2020-07-30T15:02:25.306Z - info: Press CTRL+C to stop ...
2020-07-30T15:02:25.365Z - info: Site data built
2020-07-30T15:19:44.334Z - info: Building C:\repos\nus-cs2103-AY2021S1\cs2103-website\schedule\week2\index as some of its dependencies were changed since the last visit
2020-07-30T15:19:45.680Z - info: Site data built
2020-07-30T15:19:45.680Z - info: Lazy website regeneration complete! Total build time: 1.354s
2020-07-30T15:19:48.574Z - info: Building C:\repos\nus-cs2103-AY2021S1\cs2103-website\schedule\week2\topics as some of its dependencies were changed since the last visit
2020-07-30T15:19:51.865Z - info: Site data built
2020-07-30T15:19:51.866Z - info: Lazy website regeneration complete! Total build time: 3.292s
