2020-08-22T02:51:37.169Z - info: Website generation started at 10:51:30 AM
2020-08-22T02:51:49.772Z - info: Building assets...
2020-08-22T02:51:56.265Z - info: Assets built
2020-08-22T02:51:56.266Z - info: Generating pages...
2020-08-22T02:52:10.006Z - debug: The process cannot access the file because it is being used by another process.

2020-08-22T02:52:10.007Z - debug: The process cannot access the file because it is being used by another process.

2020-08-22T02:52:13.784Z - debug:  
2020-08-22T02:52:13.784Z - debug:  
2020-08-22T02:52:13.785Z - debug:  
2020-08-22T02:52:13.785Z - debug:  
2020-08-22T02:52:15.029Z - debug:  
2020-08-22T02:52:18.788Z - debug: The process cannot access the file because it is being used by another process.

2020-08-22T02:52:18.788Z - debug: The process cannot access the file because it is being used by another process.

2020-08-22T02:52:18.788Z - debug: The process cannot access the file because it is being used by another process.

2020-08-22T02:52:18.789Z - debug: The process cannot access the file because it is being used by another process.

2020-08-22T02:52:18.789Z - debug:  
2020-08-22T02:52:18.789Z - debug:  
2020-08-22T02:52:18.789Z - debug:  
2020-08-22T02:52:18.789Z - debug:  
2020-08-22T02:52:22.028Z - debug: The process cannot access the file because it is being used by another process.

2020-08-22T02:52:22.028Z - debug: The process cannot access the file because it is being used by another process.

2020-08-22T02:52:22.030Z - debug: The process cannot access the file because it is being used by another process.

2020-08-22T02:52:22.030Z - debug: The process cannot access the file because it is being used by another process.

2020-08-22T02:52:23.035Z - debug:  
2020-08-22T02:52:23.035Z - debug:  
2020-08-22T02:52:47.019Z - debug: The process cannot access the file because it is being used by another process.

2020-08-22T02:52:47.022Z - debug: The process cannot access the file because it is being used by another process.

2020-08-22T02:52:48.469Z - debug:  
2020-08-22T02:52:48.470Z - debug: The process cannot access the file because it is being used by another process.

2020-08-22T02:52:50.750Z - debug:  
2020-08-22T02:52:50.751Z - debug: The process cannot access the file because it is being used by another process.

2020-08-22T02:52:51.321Z - debug:  
2020-08-22T02:52:52.420Z - debug:  
2020-08-22T02:52:59.584Z - debug: The process cannot access the file because it is being used by another process.

2020-08-22T02:53:01.431Z - debug: The process cannot access the file because it is being used by another process.

2020-08-22T02:53:01.907Z - debug:  
2020-08-22T02:53:26.070Z - debug:  
2020-08-22T02:53:26.072Z - debug:  
2020-08-22T02:53:26.195Z - debug:  
2020-08-22T02:53:26.354Z - debug:  
2020-08-22T02:53:31.096Z - debug:  
2020-08-22T02:53:31.280Z - debug:  
2020-08-22T02:53:40.678Z - debug:  
2020-08-22T02:53:41.620Z - debug:  
2020-08-22T02:53:41.621Z - debug:  
2020-08-22T02:53:41.621Z - debug:  
2020-08-22T02:53:41.621Z - debug:  
2020-08-22T02:53:49.315Z - debug:  
2020-08-22T02:53:49.316Z - debug:  
2020-08-22T02:53:54.011Z - debug:  
2020-08-22T02:54:04.277Z - debug:  
2020-08-22T02:54:04.277Z - debug:  
2020-08-22T02:54:10.745Z - debug:  
2020-08-22T02:54:10.746Z - debug:  
2020-08-22T02:54:21.172Z - debug:  
2020-08-22T02:54:45.236Z - debug:  
2020-08-22T02:54:57.566Z - debug:  
2020-08-22T02:54:57.567Z - debug:  
2020-08-22T02:55:06.221Z - info: Pages built
2020-08-22T02:55:31.280Z - info: Website generation complete! Total build time: 240.284s
2020-08-22T02:55:31.282Z - info: Build success!
2020-08-22T02:55:31.282Z - debug:  
2020-08-22T02:55:31.285Z - info: Site data built
2020-08-22T02:56:09.921Z - info: Deployed!
2020-08-22T03:05:26.672Z - info: Website generation started at 11:05:21 AM
2020-08-22T03:05:34.237Z - info: Building assets...
2020-08-22T03:05:39.215Z - info: Assets built
2020-08-22T03:05:39.220Z - info: Generating pages...
2020-08-22T03:05:51.971Z - debug: The process cannot access the file because it is being used by another process.

2020-08-22T03:05:51.973Z - debug: The process cannot access the file because it is being used by another process.

2020-08-22T03:05:54.894Z - debug:  
2020-08-22T03:05:54.894Z - debug:  
2020-08-22T03:05:54.895Z - debug:  
2020-08-22T03:05:54.895Z - debug:  
2020-08-22T03:05:56.958Z - debug:  
2020-08-22T03:06:01.069Z - debug:  
2020-08-22T03:06:01.070Z - debug: The process cannot access the file because it is being used by another process.

2020-08-22T03:06:01.070Z - debug:  
2020-08-22T03:06:01.071Z - debug: The process cannot access the file because it is being used by another process.

2020-08-22T03:06:01.071Z - debug: The process cannot access the file because it is being used by another process.

2020-08-22T03:06:01.071Z - debug:  
2020-08-22T03:06:01.072Z - debug:  
2020-08-22T03:06:02.375Z - debug: The process cannot access the file because it is being used by another process.

2020-08-22T03:06:02.521Z - debug:  
2020-08-22T03:06:03.418Z - debug: The process cannot access the file because it is being used by another process.

2020-08-22T03:06:03.620Z - debug: The process cannot access the file because it is being used by another process.

2020-08-22T03:06:03.710Z - debug: The process cannot access the file because it is being used by another process.

2020-08-22T03:06:05.774Z - debug:  
2020-08-22T03:06:06.078Z - debug:  
2020-08-22T03:06:26.271Z - debug: The process cannot access the file because it is being used by another process.

2020-08-22T03:06:26.274Z - debug: The process cannot access the file because it is being used by another process.

2020-08-22T03:06:27.330Z - debug:  
2020-08-22T03:06:27.516Z - debug:  
2020-08-22T03:06:30.789Z - debug: The process cannot access the file because it is being used by another process.

2020-08-22T03:06:30.790Z - debug: The process cannot access the file because it is being used by another process.

2020-08-22T03:06:30.790Z - debug:  
2020-08-22T03:06:30.790Z - debug:  
2020-08-22T03:06:37.828Z - debug: The process cannot access the file because it is being used by another process.

2020-08-22T03:06:39.953Z - debug: The process cannot access the file because it is being used by another process.

2020-08-22T03:06:40.195Z - debug:  
2020-08-22T03:07:02.286Z - debug:  
2020-08-22T03:07:02.535Z - debug:  
2020-08-22T03:07:02.536Z - debug:  
2020-08-22T03:07:02.536Z - debug:  
2020-08-22T03:07:07.225Z - debug:  
2020-08-22T03:07:07.407Z - debug:  
2020-08-22T03:07:19.327Z - debug:  
2020-08-22T03:07:19.327Z - debug:  
2020-08-22T03:07:19.328Z - debug:  
2020-08-22T03:07:19.328Z - debug:  
2020-08-22T03:07:19.328Z - debug:  
2020-08-22T03:07:26.389Z - debug:  
2020-08-22T03:07:26.390Z - debug:  
2020-08-22T03:07:31.256Z - debug:  
2020-08-22T03:07:36.099Z - debug:  
2020-08-22T03:07:48.690Z - debug:  
2020-08-22T03:07:48.691Z - debug:  
2020-08-22T03:08:09.608Z - debug:  
2020-08-22T03:08:20.209Z - debug:  
2020-08-22T03:08:20.209Z - debug:  
2020-08-22T03:08:28.344Z - info: Pages built
2020-08-22T03:08:55.535Z - info: Website generation complete! Total build time: 213.725s
2020-08-22T03:08:55.538Z - info: Build success!
2020-08-22T03:08:55.538Z - debug:  
2020-08-22T03:08:55.541Z - info: Site data built
2020-08-22T03:09:39.079Z - info: Deployed!
