2020-08-04T16:08:20.501Z - info: Website generation (lazy) started at 12:08:17 AM
2020-08-04T16:08:30.328Z - info: Building assets...
2020-08-04T16:08:36.612Z - info: Assets built
2020-08-04T16:08:36.614Z - info: Generating landing page...
2020-08-04T16:08:38.793Z - info: Landing page built, other pages will be built as you navigate to them!
2020-08-04T16:08:38.900Z - info: Website generation (lazy) complete! Total build time: 21.283s
2020-08-04T16:08:39.774Z - info: Serving "C:\repos\nus-cs2103-AY2021S1\cs2103-website\_site" at http://127.0.0.1:8080
2020-08-04T16:08:39.775Z - info: Press CTRL+C to stop ...
2020-08-04T16:08:39.838Z - info: Site data built
2020-08-04T16:11:52.740Z - info: Building C:\repos\nus-cs2103-AY2021S1\cs2103-website\se-book-adapted\index as some of its dependencies were changed since the last visit
2020-08-04T16:11:53.128Z - info: Site data built
2020-08-04T16:11:53.129Z - info: Lazy website regeneration complete! Total build time: 0.39s
2020-08-04T16:11:56.998Z - info: Building C:\repos\nus-cs2103-AY2021S1\cs2103-website\schedule\week1\index as some of its dependencies were changed since the last visit
2020-08-04T16:11:57.639Z - info: Site data built
2020-08-04T16:11:57.640Z - info: Lazy website regeneration complete! Total build time: 0.642s
2020-08-04T16:12:02.036Z - info: Building C:\repos\nus-cs2103-AY2021S1\cs2103-website\schedule\week1\topics as some of its dependencies were changed since the last visit
2020-08-04T16:12:04.187Z - info: Site data built
2020-08-04T16:12:04.192Z - info: Lazy website regeneration complete! Total build time: 2.156s
2020-08-04T16:13:35.481Z - info: [12:13:35 AM] Reload for file change: C:\repos\nus-cs2103-AY2021S1\cs2103-website\admin\common-commentary.mbdf
2020-08-04T16:13:36.485Z - info: Rebuilding 1 pages
2020-08-04T16:13:38.918Z - info: Pages rebuilt
2020-08-04T16:13:38.918Z - info: Website regeneration complete! Total build time: 2.434s
2020-08-04T16:13:38.960Z - info: Site data built
2020-08-04T16:14:32.698Z - info: [12:14:32 AM] Reload for file change: C:\repos\nus-cs2103-AY2021S1\cs2103-website\admin\common-commentary.mbdf
2020-08-04T16:14:33.702Z - info: Rebuilding 1 pages
2020-08-04T16:14:36.274Z - info: Pages rebuilt
2020-08-04T16:14:36.274Z - info: Website regeneration complete! Total build time: 2.574s
2020-08-04T16:14:36.328Z - info: Site data built
2020-08-04T16:17:05.650Z - info: Building C:\repos\nus-cs2103-AY2021S1\cs2103-website\schedule\week1\admin as some of its dependencies were changed since the last visit
2020-08-04T16:17:06.536Z - info: Site data built
2020-08-04T16:17:06.536Z - info: Lazy website regeneration complete! Total build time: 0.886s
2020-08-04T16:32:20.518Z - info: [12:32:20 AM] Reload for file change: C:\repos\nus-cs2103-AY2021S1\cs2103-website\schedule\week1\admin-tic2002.mbdf
2020-08-04T16:32:21.573Z - info: Rebuilding 1 pages
2020-08-04T16:32:22.331Z - info: Pages rebuilt
2020-08-04T16:32:22.332Z - info: Website regeneration complete! Total build time: 0.79s
2020-08-04T16:32:22.335Z - info: Site data built
2020-08-04T16:39:32.484Z - info: Website generation started at 12:39:29 AM
2020-08-04T16:39:41.944Z - info: Building assets...
2020-08-04T16:39:47.862Z - info: Assets built
2020-08-04T16:39:47.863Z - info: Generating pages...
2020-08-04T16:40:05.619Z - debug: The process cannot access the file because it is being used by another process.

2020-08-04T16:40:05.620Z - debug: The process cannot access the file because it is being used by another process.

2020-08-04T16:40:08.080Z - debug: The process cannot access the file because it is being used by another process.

2020-08-04T16:40:08.080Z - debug:  
2020-08-04T16:40:08.081Z - debug:  
2020-08-04T16:40:08.081Z - debug:  
2020-08-04T16:40:08.081Z - debug:  
2020-08-04T16:40:09.212Z - debug:  
2020-08-04T16:40:14.333Z - debug:  
2020-08-04T16:40:14.334Z - debug: The process cannot access the file because it is being used by another process.

2020-08-04T16:40:14.334Z - debug: The process cannot access the file because it is being used by another process.

2020-08-04T16:40:14.335Z - debug:  
2020-08-04T16:40:14.335Z - debug:  
2020-08-04T16:40:16.076Z - debug: The process cannot access the file because it is being used by another process.

2020-08-04T16:40:16.077Z - debug: The process cannot access the file because it is being used by another process.

2020-08-04T16:40:16.298Z - debug:  
2020-08-04T16:40:16.531Z - debug:  
2020-08-04T16:40:16.878Z - debug: The process cannot access the file because it is being used by another process.

2020-08-04T16:40:16.878Z - debug: The process cannot access the file because it is being used by another process.

2020-08-04T16:40:20.533Z - debug:  
2020-08-04T16:40:20.631Z - debug:  
2020-08-04T16:40:39.211Z - debug: The process cannot access the file because it is being used by another process.

2020-08-04T16:40:39.214Z - debug: The process cannot access the file because it is being used by another process.

2020-08-04T16:40:41.314Z - debug: The process cannot access the file because it is being used by another process.

2020-08-04T16:40:41.314Z - debug: The process cannot access the file because it is being used by another process.

2020-08-04T16:40:41.487Z - debug:  
2020-08-04T16:40:44.079Z - debug:  
2020-08-04T16:40:45.911Z - debug:  
2020-08-04T16:40:46.212Z - debug:  
2020-08-04T16:40:51.929Z - debug: The process cannot access the file because it is being used by another process.

2020-08-04T16:40:54.187Z - debug: The process cannot access the file because it is being used by another process.

2020-08-04T16:40:54.341Z - debug:  
2020-08-04T16:41:17.428Z - debug:  
2020-08-04T16:41:17.431Z - debug:  
2020-08-04T16:41:17.431Z - debug:  
2020-08-04T16:41:17.432Z - debug:  
2020-08-04T16:41:21.402Z - debug:  
2020-08-04T16:41:21.820Z - debug:  
2020-08-04T16:41:31.512Z - debug:  
2020-08-04T16:41:31.513Z - debug:  
2020-08-04T16:41:31.513Z - debug:  
2020-08-04T16:41:31.513Z - debug:  
2020-08-04T16:41:31.514Z - debug:  
2020-08-04T16:41:39.047Z - debug:  
2020-08-04T16:41:39.048Z - debug:  
2020-08-04T16:41:43.611Z - debug:  
2020-08-04T16:41:58.987Z - debug:  
2020-08-04T16:41:58.987Z - debug:  
2020-08-04T16:42:03.896Z - info: Pages built
2020-08-04T16:42:25.276Z - info: Website generation complete! Total build time: 175.477s
2020-08-04T16:42:25.277Z - info: Build success!
2020-08-04T16:42:25.281Z - info: Site data built
2020-08-04T16:43:00.659Z - info: Deployed!
