2020-11-26T07:31:28.277Z - info: Website generation (lazy) started at 3:31:25 PM
2020-11-26T07:31:36.986Z - info: Building assets...
2020-11-26T07:31:43.571Z - info: Assets built
2020-11-26T07:31:43.572Z - info: Generating landing page...
2020-11-26T07:31:46.206Z - info: Landing page built, other pages will be built as you navigate to them!
2020-11-26T07:31:46.394Z - info: Website generation (lazy) complete! Total build time: 21.265s
2020-11-26T07:31:47.558Z - info: Serving "C:\repos\nus-cs2103-AY2021S1\cs2103-website\_site" at http://127.0.0.1:8080
2020-11-26T07:31:47.558Z - info: Press CTRL+C to stop ...
2020-11-26T07:31:47.639Z - info: Site data built
2020-11-26T07:33:19.832Z - info: [3:33:19 PM] Reload for file change: C:\repos\nus-cs2103-AY2021S1\cs2103-website\admin\tp-grading-bugs.mbdf
2020-11-26T07:33:20.836Z - info: No pages needed to be rebuilt
2020-11-26T07:33:20.907Z - info: Building C:\repos\nus-cs2103-AY2021S1\cs2103-website\admin\index as some of its dependencies were changed since the last visit
2020-11-26T07:33:21.722Z - info: Site data built
2020-11-26T07:33:21.724Z - info: Lazy website regeneration complete! Total build time: 0.817s
2020-11-26T07:33:29.122Z - info: Building C:\repos\nus-cs2103-AY2021S1\cs2103-website\admin\tp-pe as some of its dependencies were changed since the last visit
2020-11-26T07:33:30.972Z - info: Site data built
2020-11-26T07:33:30.972Z - info: Lazy website regeneration complete! Total build time: 1.85s
2020-11-26T08:57:57.899Z - info: [4:57:57 PM] Reload for file change: C:\repos\nus-cs2103-AY2021S1\cs2103-website\admin\tp-pe.mbdf
2020-11-26T08:57:57.929Z - info: [4:57:57 PM] Reload for file change: C:\repos\nus-cs2103-AY2021S1\cs2103-website\admin\tp-pe.mbdf
2020-11-26T08:57:58.959Z - info: Rebuilding 1 pages
2020-11-26T08:58:01.206Z - info: Pages rebuilt
2020-11-26T08:58:01.206Z - info: Website regeneration complete! Total build time: 2.274s
2020-11-26T08:58:01.216Z - info: Site data built
2020-11-26T08:58:19.790Z - info: [4:58:19 PM] Reload for file change: C:\repos\nus-cs2103-AY2021S1\cs2103-website\admin\tp-pe.mbdf
2020-11-26T08:58:20.794Z - info: Rebuilding 1 pages
2020-11-26T08:58:22.410Z - info: Pages rebuilt
2020-11-26T08:58:22.410Z - info: Website regeneration complete! Total build time: 1.618s
2020-11-26T08:58:22.415Z - info: Site data built
