2020-10-08T05:10:01.945Z - info: Website generation (lazy) started at 1:09:50 PM
2020-10-08T05:10:13.259Z - info: Building assets...
2020-10-08T05:10:20.168Z - info: Assets built
2020-10-08T05:10:20.170Z - info: Generating landing page...
2020-10-08T05:10:23.915Z - info: Landing page built, other pages will be built as you navigate to them!
2020-10-08T05:10:24.065Z - info: Website generation (lazy) complete! Total build time: 33.347s
2020-10-08T05:10:25.047Z - info: Serving "C:\repos\nus-cs2103-AY2021S1\cs2103-website\_site" at http://127.0.0.1:8080
2020-10-08T05:10:25.048Z - info: Press CTRL+C to stop ...
2020-10-08T05:10:25.134Z - info: Site data built
2020-10-08T05:16:13.651Z - info: [1:16:13 PM] Reload for file change: C:\repos\nus-cs2103-AY2021S1\cs2103-website\admin\common-commentary.mbdf
2020-10-08T05:16:13.676Z - info: [1:16:13 PM] Reload for file change: C:\repos\nus-cs2103-AY2021S1\cs2103-website\schedule\week9\commentary-cs2103.mbdf
2020-10-08T05:16:14.663Z - info: No pages needed to be rebuilt
2020-10-08T05:16:20.927Z - info: Building C:\repos\nus-cs2103-AY2021S1\cs2103-website\schedule\week8\topics as some of its dependencies were changed since the last visit
2020-10-08T05:16:29.922Z - debug:  
2020-10-08T05:16:29.922Z - debug:  
2020-10-08T05:16:30.323Z - debug:  
2020-10-08T05:16:31.102Z - debug:  
2020-10-08T05:16:31.129Z - info: Site data built
2020-10-08T05:16:31.134Z - info: Lazy website regeneration complete! Total build time: 10.208s
2020-10-08T05:16:43.106Z - info: Building C:\repos\nus-cs2103-AY2021S1\cs2103-website\schedule\week9\topics as some of its dependencies were changed since the last visit
2020-10-08T05:16:48.346Z - debug:  
2020-10-08T05:16:56.045Z - debug:  
2020-10-08T05:16:56.046Z - debug:  
2020-10-08T05:16:56.048Z - debug:  
2020-10-08T05:16:56.048Z - debug:  
2020-10-08T05:16:56.080Z - info: Site data built
2020-10-08T05:16:56.081Z - info: Lazy website regeneration complete! Total build time: 12.976s
2020-10-08T05:18:29.578Z - info: [1:18:29 PM] Reload for file change: C:\repos\nus-cs2103-AY2021S1\cs2103-website\schedule\week9\commentary-cs2103.mbdf
2020-10-08T05:18:30.590Z - info: Rebuilding 1 pages
2020-10-08T05:18:35.322Z - debug:  
2020-10-08T05:18:42.198Z - info: Pages rebuilt
2020-10-08T05:18:42.198Z - info: Website regeneration complete! Total build time: 11.614s
2020-10-08T05:18:42.213Z - debug:  
2020-10-08T05:18:42.213Z - debug:  
2020-10-08T05:18:42.215Z - debug:  
2020-10-08T05:18:42.215Z - debug:  
2020-10-08T05:18:42.235Z - info: Site data built
2020-10-08T05:19:36.287Z - info: [1:19:36 PM] Reload for file change: C:\repos\nus-cs2103-AY2021S1\cs2103-website\admin\common-commentary.mbdf
2020-10-08T05:19:36.311Z - info: [1:19:36 PM] Reload for file change: C:\repos\nus-cs2103-AY2021S1\cs2103-website\schedule\week9\commentary-cs2103.mbdf
2020-10-08T05:19:37.312Z - info: Rebuilding 1 pages
2020-10-08T05:19:42.043Z - debug:  
2020-10-08T05:19:49.339Z - info: Pages rebuilt
2020-10-08T05:19:49.340Z - info: Website regeneration complete! Total build time: 12.032s
2020-10-08T05:19:49.345Z - debug:  
2020-10-08T05:19:49.346Z - debug:  
2020-10-08T05:19:49.347Z - debug:  
2020-10-08T05:19:49.348Z - debug:  
2020-10-08T05:19:49.367Z - info: Site data built
2020-10-08T05:21:53.964Z - info: [1:21:53 PM] Reload for file change: C:\repos\nus-cs2103-AY2021S1\cs2103-website\admin\common-commentary.mbdf
2020-10-08T05:21:53.968Z - info: [1:21:53 PM] Reload for file change: C:\repos\nus-cs2103-AY2021S1\cs2103-website\schedule\week9\commentary-cs2103.mbdf
2020-10-08T05:21:54.981Z - info: Rebuilding 1 pages
2020-10-08T05:21:59.612Z - debug:  
2020-10-08T05:22:06.758Z - info: Pages rebuilt
2020-10-08T05:22:06.759Z - info: Website regeneration complete! Total build time: 11.78s
2020-10-08T05:22:06.772Z - debug:  
2020-10-08T05:22:06.772Z - debug:  
2020-10-08T05:22:06.774Z - debug:  
2020-10-08T05:22:06.774Z - debug:  
2020-10-08T05:22:06.790Z - info: Site data built
2020-10-08T05:25:30.399Z - info: [1:25:30 PM] Reload for file change: C:\repos\nus-cs2103-AY2021S1\cs2103-website\admin\common-commentary.mbdf
2020-10-08T05:25:30.416Z - info: [1:25:30 PM] Reload for file change: C:\repos\nus-cs2103-AY2021S1\cs2103-website\schedule\week9\commentary-cs2103.mbdf
2020-10-08T05:25:30.419Z - info: [1:25:30 PM] Reload for file change: C:\repos\nus-cs2103-AY2021S1\cs2103-website\_module-CS2103\weeklyTextbookTopics.mbdf
2020-10-08T05:25:31.426Z - info: Rebuilding 1 pages
2020-10-08T05:25:41.001Z - info: Website generation (lazy) started at 1:25:37 PM
2020-10-08T05:25:51.322Z - info: Building assets...
2020-10-08T05:25:58.547Z - info: Assets built
2020-10-08T05:25:58.548Z - info: Generating landing page...
2020-10-08T05:26:00.107Z - info: Landing page built, other pages will be built as you navigate to them!
2020-10-08T05:26:00.203Z - info: Website generation (lazy) complete! Total build time: 22.206s
2020-10-08T05:26:01.077Z - info: Serving "C:\repos\nus-cs2103-AY2021S1\cs2103-website\_site" at http://127.0.0.1:8080
2020-10-08T05:26:01.077Z - info: Press CTRL+C to stop ...
2020-10-08T05:26:01.138Z - info: Site data built
2020-10-08T05:27:29.566Z - info: [1:27:29 PM] Reload for file change: C:\repos\nus-cs2103-AY2021S1\cs2103-website\admin\common-commentary.mbdf
2020-10-08T05:27:29.586Z - info: [1:27:29 PM] Reload for file change: C:\repos\nus-cs2103-AY2021S1\cs2103-website\schedule\week9\commentary-cs2103.mbdf
2020-10-08T05:27:29.589Z - info: [1:27:29 PM] Reload for file change: C:\repos\nus-cs2103-AY2021S1\cs2103-website\_module-CS2103\weeklyTextbookTopics.mbdf
2020-10-08T05:27:39.527Z - info: Website generation (lazy) started at 1:27:36 PM
2020-10-08T05:27:52.511Z - info: Building assets...
2020-10-08T05:28:02.337Z - info: Assets built
2020-10-08T05:28:02.338Z - info: Generating landing page...
2020-10-08T05:28:03.919Z - info: Landing page built, other pages will be built as you navigate to them!
2020-10-08T05:28:04.061Z - info: Website generation (lazy) complete! Total build time: 27.786s
2020-10-08T05:28:05.154Z - info: Serving "C:\repos\nus-cs2103-AY2021S1\cs2103-website\_site" at http://127.0.0.1:8080
2020-10-08T05:28:05.154Z - info: Press CTRL+C to stop ...
2020-10-08T05:28:05.216Z - info: Site data built
2020-10-08T05:28:39.454Z - info: Building C:\repos\nus-cs2103-AY2021S1\cs2103-website\schedule\week9\topics as some of its dependencies were changed since the last visit
2020-10-08T05:28:45.574Z - debug:  
2020-10-08T05:28:53.289Z - debug:  
2020-10-08T05:28:53.291Z - debug:  
2020-10-08T05:28:53.293Z - debug:  
2020-10-08T05:28:53.293Z - debug:  
2020-10-08T05:28:53.317Z - info: Site data built
2020-10-08T05:28:53.330Z - info: Lazy website regeneration complete! Total build time: 13.877s
2020-10-08T05:32:23.549Z - info: [1:32:23 PM] Reload for file change: C:\repos\nus-cs2103-AY2021S1\cs2103-website\admin\common-commentary.mbdf
2020-10-08T05:32:23.564Z - info: [1:32:23 PM] Reload for file change: C:\repos\nus-cs2103-AY2021S1\cs2103-website\schedule\week9\commentary-cs2103.mbdf
2020-10-08T05:32:24.562Z - info: Rebuilding 1 pages
2020-10-08T05:32:29.332Z - debug:  
2020-10-08T05:32:36.140Z - info: Pages rebuilt
2020-10-08T05:32:36.141Z - info: Website regeneration complete! Total build time: 11.582s
2020-10-08T05:32:36.153Z - debug:  
2020-10-08T05:32:36.153Z - debug:  
2020-10-08T05:32:36.156Z - debug:  
2020-10-08T05:32:36.156Z - debug:  
2020-10-08T05:32:36.172Z - info: Site data built
2020-10-08T05:33:47.449Z - info: [1:33:47 PM] Reload for file change: C:\repos\nus-cs2103-AY2021S1\cs2103-website\admin\common-commentary.mbdf
2020-10-08T05:33:48.457Z - info: Rebuilding 1 pages
2020-10-08T05:33:53.311Z - debug:  
2020-10-08T05:34:01.554Z - info: Pages rebuilt
2020-10-08T05:34:01.555Z - info: Website regeneration complete! Total build time: 13.101s
2020-10-08T05:34:01.619Z - info: Site data built
2020-10-08T05:34:02.117Z - debug:  
2020-10-08T05:34:02.178Z - debug:  
2020-10-08T05:34:02.266Z - debug:  
2020-10-08T05:34:02.266Z - debug:  
2020-10-08T06:06:07.618Z - info: [2:06:07 PM] Reload for file change: C:\repos\nus-cs2103-AY2021S1\cs2103-website\admin\common-commentary.mbdf
2020-10-08T06:06:07.624Z - info: [2:06:07 PM] Reload for file change: C:\repos\nus-cs2103-AY2021S1\cs2103-website\schedule\week9\commentary-cs2103.mbdf
2020-10-08T06:06:08.634Z - info: Rebuilding 1 pages
2020-10-08T06:06:13.368Z - debug:  
2020-10-08T06:06:20.201Z - info: Pages rebuilt
2020-10-08T06:06:20.201Z - info: Website regeneration complete! Total build time: 11.577s
2020-10-08T06:06:20.212Z - debug:  
2020-10-08T06:06:20.212Z - debug:  
2020-10-08T06:06:20.217Z - debug:  
2020-10-08T06:06:20.217Z - debug:  
2020-10-08T06:06:20.240Z - info: Site data built
2020-10-08T06:07:53.978Z - info: [2:07:53 PM] Reload for file change: C:\repos\nus-cs2103-AY2021S1\cs2103-website\admin\common-commentary.mbdf
2020-10-08T06:07:53.998Z - info: [2:07:53 PM] Reload for file change: C:\repos\nus-cs2103-AY2021S1\cs2103-website\schedule\week9\commentary-cs2103.mbdf
2020-10-08T06:07:54.993Z - info: Rebuilding 1 pages
2020-10-08T06:07:59.949Z - debug:  
2020-10-08T06:08:08.191Z - info: Pages rebuilt
2020-10-08T06:08:08.191Z - info: Website regeneration complete! Total build time: 13.199s
2020-10-08T06:08:08.207Z - debug:  
2020-10-08T06:08:08.207Z - debug:  
2020-10-08T06:08:08.209Z - debug:  
2020-10-08T06:08:08.210Z - debug:  
2020-10-08T06:08:08.225Z - info: Site data built
2020-10-08T06:09:19.791Z - info: [2:09:19 PM] Reload for file change: C:\repos\nus-cs2103-AY2021S1\cs2103-website\admin\common-commentary.mbdf
2020-10-08T06:09:20.798Z - info: Rebuilding 1 pages
2020-10-08T06:09:26.112Z - debug:  
2020-10-08T06:09:33.592Z - info: Pages rebuilt
2020-10-08T06:09:33.593Z - info: Website regeneration complete! Total build time: 12.797s
2020-10-08T06:09:33.604Z - debug:  
2020-10-08T06:09:33.604Z - debug:  
2020-10-08T06:09:33.607Z - debug:  
2020-10-08T06:09:33.607Z - debug:  
2020-10-08T06:09:33.639Z - info: Site data built
2020-10-08T06:10:55.555Z - info: [2:10:55 PM] Reload for file change: C:\repos\nus-cs2103-AY2021S1\cs2103-website\admin\common-commentary.mbdf
2020-10-08T06:10:56.569Z - info: Rebuilding 1 pages
2020-10-08T06:11:01.578Z - debug:  
2020-10-08T06:11:08.157Z - info: Pages rebuilt
2020-10-08T06:11:08.157Z - info: Website regeneration complete! Total build time: 11.592s
2020-10-08T06:11:08.191Z - debug:  
2020-10-08T06:11:08.191Z - debug:  
2020-10-08T06:11:08.208Z - info: Site data built
2020-10-08T06:11:08.217Z - debug:  
2020-10-08T06:11:08.217Z - debug:  
2020-10-08T06:12:12.309Z - info: [2:12:12 PM] Reload for file change: C:\repos\nus-cs2103-AY2021S1\cs2103-website\admin\common-commentary.mbdf
2020-10-08T06:12:13.319Z - info: Rebuilding 1 pages
2020-10-08T06:12:18.345Z - debug:  
2020-10-08T06:12:25.807Z - info: Pages rebuilt
2020-10-08T06:12:25.807Z - info: Website regeneration complete! Total build time: 12.489s
2020-10-08T06:12:25.823Z - debug:  
2020-10-08T06:12:25.823Z - debug:  
2020-10-08T06:12:25.826Z - debug:  
2020-10-08T06:12:25.826Z - debug:  
2020-10-08T06:12:25.844Z - info: Site data built
2020-10-08T06:12:52.794Z - info: [2:12:52 PM] Reload for file change: C:\repos\nus-cs2103-AY2021S1\cs2103-website\admin\common-commentary.mbdf
2020-10-08T06:12:53.801Z - info: Rebuilding 1 pages
2020-10-08T06:12:58.018Z - debug:  
2020-10-08T06:13:05.615Z - info: Pages rebuilt
2020-10-08T06:13:05.616Z - info: Website regeneration complete! Total build time: 11.816s
2020-10-08T06:13:05.668Z - info: Site data built
2020-10-08T06:13:07.853Z - debug:  
2020-10-08T06:13:08.568Z - debug:  
2020-10-08T06:13:08.776Z - debug:  
2020-10-08T06:13:08.777Z - debug:  
2020-10-08T06:13:12.172Z - info: [2:13:12 PM] Reload for file change: C:\repos\nus-cs2103-AY2021S1\cs2103-website\schedule\week9\commentary-cs2103.mbdf
2020-10-08T06:13:13.174Z - info: Rebuilding 1 pages
2020-10-08T06:13:13.518Z - error:  Error: No such segment 'followup-oo-domain-models' in file: C:\repos\nus-cs2103-AY2021S1\cs2103-website\admin\common-commentary.mbdf
Missing reference in C:\repos\nus-cs2103-AY2021S1\cs2103-website\schedule\week9\followup-box.md
    at _preprocessInclude (C:\Users\damithch\AppData\Roaming\npm\node_modules\markbind-cli\node_modules\@markbind\core\src\preprocessors\componentPreprocessor.js:264:21)
    at preProcessComponent (C:\Users\damithch\AppData\Roaming\npm\node_modules\markbind-cli\node_modules\@markbind\core\src\preprocessors\componentPreprocessor.js:349:12)
    at C:\Users\damithch\AppData\Roaming\npm\node_modules\markbind-cli\node_modules\@markbind\core\src\preprocessors\componentPreprocessor.js:356:52
    at Array.map (<anonymous>)
    at preProcessComponent (C:\Users\damithch\AppData\Roaming\npm\node_modules\markbind-cli\node_modules\@markbind\core\src\preprocessors\componentPreprocessor.js:356:43)
    at C:\Users\damithch\AppData\Roaming\npm\node_modules\markbind-cli\node_modules\@markbind\core\src\preprocessors\componentPreprocessor.js:356:52
    at Array.map (<anonymous>)
    at preProcessComponent (C:\Users\damithch\AppData\Roaming\npm\node_modules\markbind-cli\node_modules\@markbind\core\src\preprocessors\componentPreprocessor.js:356:43)
    at C:\Users\damithch\AppData\Roaming\npm\node_modules\markbind-cli\node_modules\@markbind\core\src\preprocessors\componentPreprocessor.js:356:52
    at Array.map (<anonymous>)
    at preProcessComponent (C:\Users\damithch\AppData\Roaming\npm\node_modules\markbind-cli\node_modules\@markbind\core\src\preprocessors\componentPreprocessor.js:356:43)
    at C:\Users\damithch\AppData\Roaming\npm\node_modules\markbind-cli\node_modules\@markbind\core\src\preprocessors\componentPreprocessor.js:298:50
    at Array.map (<anonymous>)
    at _preprocessInclude (C:\Users\damithch\AppData\Roaming\npm\node_modules\markbind-cli\node_modules\@markbind\core\src\preprocessors\componentPreprocessor.js:298:41)
    at preProcessComponent (C:\Users\damithch\AppData\Roaming\npm\node_modules\markbind-cli\node_modules\@markbind\core\src\preprocessors\componentPreprocessor.js:349:12)
    at C:\Users\damithch\AppData\Roaming\npm\node_modules\markbind-cli\node_modules\@markbind\core\src\preprocessors\componentPreprocessor.js:356:52
2020-10-08T06:13:17.106Z - debug:  
2020-10-08T06:13:23.435Z - info: Pages rebuilt
2020-10-08T06:13:23.436Z - info: Website regeneration complete! Total build time: 10.264s
2020-10-08T06:13:23.481Z - info: Site data built
2020-10-08T06:13:23.603Z - debug:  
2020-10-08T06:13:23.630Z - debug:  
2020-10-08T06:13:23.898Z - debug:  
2020-10-08T06:13:23.952Z - debug:  
2020-10-08T06:13:43.405Z - info: [2:13:43 PM] Reload for file change: C:\repos\nus-cs2103-AY2021S1\cs2103-website\admin\common-commentary.mbdf
2020-10-08T06:13:44.414Z - info: Rebuilding 1 pages
2020-10-08T06:13:52.461Z - debug:  
2020-10-08T06:13:57.010Z - info: Pages rebuilt
2020-10-08T06:13:57.011Z - info: Website regeneration complete! Total build time: 12.598s
2020-10-08T06:13:57.027Z - info: Site data built
2020-10-08T06:13:57.103Z - debug:  
2020-10-08T06:13:57.248Z - debug:  
2020-10-08T06:13:57.299Z - debug:  
2020-10-08T06:13:57.524Z - debug:  
2020-10-08T06:16:13.215Z - info: Website generation started at 2:16:10 PM
2020-10-08T06:16:21.992Z - info: Building assets...
2020-10-08T06:16:28.099Z - info: Assets built
2020-10-08T06:16:28.101Z - info: Generating pages...
2020-10-08T06:16:43.486Z - debug: The process cannot access the file because it is being used by another process.

2020-10-08T06:16:43.487Z - debug: The process cannot access the file because it is being used by another process.

2020-10-08T06:16:47.527Z - debug:  
2020-10-08T06:16:47.528Z - debug:  
2020-10-08T06:16:47.528Z - debug:  
2020-10-08T06:16:47.528Z - debug:  
2020-10-08T06:16:47.528Z - debug:  
2020-10-08T06:16:48.865Z - debug:  
2020-10-08T06:16:48.868Z - debug:  
2020-10-08T06:16:48.868Z - debug:  
2020-10-08T06:16:54.426Z - debug:  
2020-10-08T06:16:54.427Z - debug: The process cannot access the file because it is being used by another process.

2020-10-08T06:16:54.427Z - debug:  
2020-10-08T06:16:56.292Z - debug: The process cannot access the file because it is being used by another process.

2020-10-08T06:16:56.293Z - debug: The process cannot access the file because it is being used by another process.

2020-10-08T06:16:56.468Z - debug:  
2020-10-08T06:16:56.589Z - debug:  
2020-10-08T06:16:56.654Z - debug:  
2020-10-08T06:16:57.063Z - debug: The process cannot access the file because it is being used by another process.

2020-10-08T06:16:57.063Z - debug: The process cannot access the file because it is being used by another process.

2020-10-08T06:17:00.469Z - debug:  
2020-10-08T06:17:00.469Z - debug:  
2020-10-08T06:17:14.378Z - debug: The process cannot access the file because it is being used by another process.

2020-10-08T06:17:14.542Z - debug: The process cannot access the file because it is being used by another process.

2020-10-08T06:17:15.265Z - debug: The process cannot access the file because it is being used by another process.

2020-10-08T06:17:15.265Z - debug:  
2020-10-08T06:17:17.162Z - debug: The process cannot access the file because it is being used by another process.

2020-10-08T06:17:17.653Z - debug: The process cannot access the file because it is being used by another process.

2020-10-08T06:17:18.948Z - debug:  
2020-10-08T06:17:20.681Z - debug:  
2020-10-08T06:17:23.324Z - debug: The process cannot access the file because it is being used by another process.

2020-10-08T06:17:23.324Z - debug: The process cannot access the file because it is being used by another process.

2020-10-08T06:17:24.557Z - debug:  
2020-10-08T06:17:24.755Z - debug: The process cannot access the file because it is being used by another process.

2020-10-08T06:17:25.052Z - debug:  
2020-10-08T06:17:27.931Z - debug: The process cannot access the file because it is being used by another process.

2020-10-08T06:17:27.932Z - debug:  
2020-10-08T06:17:29.146Z - debug:  
2020-10-08T06:17:35.199Z - debug: The process cannot access the file because it is being used by another process.

2020-10-08T06:17:37.593Z - debug: The process cannot access the file because it is being used by another process.

2020-10-08T06:17:37.801Z - debug:  
2020-10-08T06:18:02.523Z - debug:  
2020-10-08T06:18:02.872Z - debug:  
2020-10-08T06:18:02.872Z - debug:  
2020-10-08T06:18:02.873Z - debug:  
2020-10-08T06:18:05.247Z - debug: The process cannot access the file because it is being used by another process.

2020-10-08T06:18:08.656Z - debug:  
2020-10-08T06:18:08.970Z - debug:  
2020-10-08T06:18:08.970Z - debug:  
2020-10-08T06:18:11.446Z - debug:  
2020-10-08T06:18:19.599Z - debug:  
2020-10-08T06:18:19.599Z - debug:  
2020-10-08T06:18:19.599Z - debug:  
2020-10-08T06:18:19.600Z - debug:  
2020-10-08T06:18:28.573Z - debug: The process cannot access the file because it is being used by another process.

2020-10-08T06:18:28.574Z - debug:  
2020-10-08T06:18:29.213Z - debug:  
2020-10-08T06:18:29.214Z - debug:  
2020-10-08T06:18:37.663Z - debug:  
2020-10-08T06:18:55.737Z - debug:  
2020-10-08T06:18:57.628Z - debug:  
2020-10-08T06:18:57.629Z - debug:  
2020-10-08T06:19:04.132Z - debug:  
2020-10-08T06:19:04.132Z - debug:  
2020-10-08T06:19:25.855Z - debug:  
2020-10-08T06:19:25.856Z - debug:  
2020-10-08T06:20:04.837Z - debug:  
2020-10-08T06:20:18.617Z - debug:  
2020-10-08T06:20:18.618Z - debug:  
2020-10-08T06:20:30.427Z - info: Pages built
2020-10-08T06:20:57.544Z - info: Website generation complete! Total build time: 287.233s
2020-10-08T06:20:57.552Z - info: Build success!
2020-10-08T06:20:57.552Z - debug:  
2020-10-08T06:20:57.559Z - info: Site data built
2020-10-08T06:25:38.541Z - info: Deployed!
2020-10-08T06:48:12.171Z - info: Website generation (lazy) started at 2:48:06 PM
2020-10-08T06:48:21.481Z - info: Building assets...
2020-10-08T06:48:27.160Z - info: Assets built
2020-10-08T06:48:27.162Z - info: Generating landing page...
2020-10-08T06:48:28.726Z - info: Landing page built, other pages will be built as you navigate to them!
2020-10-08T06:48:28.820Z - info: Website generation (lazy) complete! Total build time: 22.027s
2020-10-08T06:48:29.684Z - info: Serving "C:\repos\nus-cs2103-AY2021S1\cs2103-website\_site" at http://127.0.0.1:8080
2020-10-08T06:48:29.684Z - info: Press CTRL+C to stop ...
2020-10-08T06:48:29.750Z - info: Site data built
2020-10-08T06:48:56.518Z - info: Building C:\repos\nus-cs2103-AY2021S1\cs2103-website\schedule\week8\tutorial as some of its dependencies were changed since the last visit
2020-10-08T06:48:57.096Z - info: Site data built
2020-10-08T06:48:57.097Z - info: Lazy website regeneration complete! Total build time: 0.58s
2020-10-08T06:49:26.816Z - info: Building C:\repos\nus-cs2103-AY2021S1\cs2103-website\schedule\week9\tutorial as some of its dependencies were changed since the last visit
2020-10-08T06:49:27.384Z - info: Site data built
2020-10-08T06:49:27.384Z - info: Lazy website regeneration complete! Total build time: 0.568s
2020-10-08T06:50:36.634Z - info: [2:50:36 PM] Reload for file change: C:\repos\nus-cs2103-AY2021S1\cs2103-website\schedule\week9\tutorial-cs2103.mbdf
2020-10-08T06:50:37.641Z - info: Rebuilding 1 pages
2020-10-08T06:50:38.009Z - info: Pages rebuilt
2020-10-08T06:50:38.009Z - info: Website regeneration complete! Total build time: 0.372s
2020-10-08T06:50:38.013Z - info: Site data built
2020-10-08T06:51:39.997Z - info: [2:51:39 PM] Reload for file change: C:\repos\nus-cs2103-AY2021S1\cs2103-website\schedule\week9\tutorial-cs2103.mbdf
2020-10-08T06:51:41.002Z - info: Rebuilding 1 pages
2020-10-08T06:51:41.348Z - info: Pages rebuilt
2020-10-08T06:51:41.349Z - info: Website regeneration complete! Total build time: 0.351s
2020-10-08T06:51:41.353Z - info: Site data built
2020-10-08T06:52:47.892Z - info: [2:52:47 PM] Reload for file change: C:\repos\nus-cs2103-AY2021S1\cs2103-website\schedule\week9\tutorial-cs2103.mbdf
2020-10-08T06:52:48.901Z - info: Rebuilding 1 pages
2020-10-08T06:52:49.216Z - info: Pages rebuilt
2020-10-08T06:52:49.216Z - info: Website regeneration complete! Total build time: 0.318s
2020-10-08T06:52:49.221Z - info: Site data built
2020-10-08T06:53:01.201Z - info: [2:53:01 PM] Reload for file change: C:\repos\nus-cs2103-AY2021S1\cs2103-website\schedule\week9\tutorial-cs2103.mbdf
2020-10-08T06:53:02.205Z - info: Rebuilding 1 pages
2020-10-08T06:53:02.483Z - info: Pages rebuilt
2020-10-08T06:53:02.484Z - info: Website regeneration complete! Total build time: 0.279s
2020-10-08T06:53:02.488Z - info: Site data built
2020-10-08T06:53:23.191Z - info: [2:53:23 PM] Reload for file change: C:\repos\nus-cs2103-AY2021S1\cs2103-website\schedule\week9\tutorial-cs2103.mbdf
2020-10-08T06:53:24.197Z - info: Rebuilding 1 pages
2020-10-08T06:53:24.562Z - info: Pages rebuilt
2020-10-08T06:53:24.563Z - info: Website regeneration complete! Total build time: 0.371s
2020-10-08T06:53:24.568Z - info: Site data built
2020-10-08T06:53:49.509Z - info: [2:53:49 PM] Reload for file change: C:\repos\nus-cs2103-AY2021S1\cs2103-website\schedule\week9\tutorial-cs2103.mbdf
2020-10-08T06:53:50.519Z - info: Rebuilding 1 pages
2020-10-08T06:53:50.817Z - info: Pages rebuilt
2020-10-08T06:53:50.817Z - info: Website regeneration complete! Total build time: 0.299s
2020-10-08T06:53:50.822Z - info: Site data built
2020-10-08T06:57:08.438Z - info: [2:57:08 PM] Reload for file change: C:\repos\nus-cs2103-AY2021S1\cs2103-website\admin\common-tutorials.mbdf
2020-10-08T06:57:09.461Z - info: Rebuilding 1 pages
2020-10-08T06:57:09.841Z - info: Pages rebuilt
2020-10-08T06:57:09.841Z - info: Website regeneration complete! Total build time: 0.382s
2020-10-08T06:57:09.844Z - info: Site data built
2020-10-08T06:57:29.046Z - info: [2:57:29 PM] Reload for file change: C:\repos\nus-cs2103-AY2021S1\cs2103-website\admin\common-tutorials.mbdf
2020-10-08T06:57:30.055Z - info: Rebuilding 1 pages
2020-10-08T06:57:30.494Z - info: Pages rebuilt
2020-10-08T06:57:30.495Z - info: Website regeneration complete! Total build time: 0.444s
2020-10-08T06:57:30.497Z - info: Site data built
2020-10-08T07:04:40.124Z - info: Website generation started at 3:04:35 PM
2020-10-08T07:04:50.492Z - info: Building assets...
