2020-10-01T02:34:51.198Z - info: Website generation (lazy) started at 10:34:42 AM
2020-10-01T02:35:02.011Z - info: Building assets...
2020-10-01T02:35:08.203Z - info: Assets built
2020-10-01T02:35:08.204Z - info: Generating landing page...
2020-10-01T02:35:10.395Z - info: Landing page built, other pages will be built as you navigate to them!
2020-10-01T02:35:10.484Z - info: Website generation (lazy) complete! Total build time: 27.628s
2020-10-01T02:35:11.368Z - info: Serving "C:\repos\nus-cs2103-AY2021S1\cs2103-website\_site" at http://127.0.0.1:8080
2020-10-01T02:35:11.368Z - info: Press CTRL+C to stop ...
2020-10-01T02:35:11.449Z - info: Site data built
2020-10-01T02:35:27.544Z - info: Building C:\repos\nus-cs2103-AY2021S1\cs2103-website\schedule\week8\index as some of its dependencies were changed since the last visit
2020-10-01T02:35:28.456Z - info: Site data built
2020-10-01T02:35:28.457Z - info: Lazy website regeneration complete! Total build time: 0.914s
2020-10-01T02:35:31.454Z - info: Building C:\repos\nus-cs2103-AY2021S1\cs2103-website\schedule\week8\tutorial as some of its dependencies were changed since the last visit
2020-10-01T02:35:31.702Z - info: Site data built
2020-10-01T02:35:31.702Z - info: Lazy website regeneration complete! Total build time: 0.248s
2020-10-01T02:36:46.333Z - info: [10:36:46 AM] Reload for file change: C:\repos\nus-cs2103-AY2021S1\cs2103-website\admin\common-tutorials.mbdf
2020-10-01T02:36:47.339Z - info: Rebuilding 1 pages
2020-10-01T02:36:47.910Z - info: Pages rebuilt
2020-10-01T02:36:47.910Z - info: Website regeneration complete! Total build time: 0.576s
2020-10-01T02:36:47.920Z - info: Site data built
2020-10-01T02:36:53.980Z - info: [10:36:53 AM] Reload for file change: C:\repos\nus-cs2103-AY2021S1\cs2103-website\admin\common-tutorials.mbdf
2020-10-01T02:36:54.986Z - info: Rebuilding 1 pages
2020-10-01T02:36:55.295Z - info: Pages rebuilt
2020-10-01T02:36:55.295Z - info: Website regeneration complete! Total build time: 0.312s
2020-10-01T02:36:55.299Z - info: Site data built
2020-10-01T02:37:07.674Z - info: [10:37:07 AM] Reload for file change: C:\repos\nus-cs2103-AY2021S1\cs2103-website\admin\common-tutorials.mbdf
2020-10-01T02:37:08.685Z - info: Rebuilding 1 pages
2020-10-01T02:37:09.067Z - info: Pages rebuilt
2020-10-01T02:37:09.068Z - info: Website regeneration complete! Total build time: 0.384s
2020-10-01T02:37:09.071Z - info: Site data built
2020-10-01T02:38:22.981Z - info: [10:38:22 AM] Reload for file change: C:\repos\nus-cs2103-AY2021S1\cs2103-website\admin\common-tutorials.mbdf
2020-10-01T02:38:23.985Z - info: Rebuilding 1 pages
2020-10-01T02:38:24.380Z - info: Pages rebuilt
2020-10-01T02:38:24.380Z - info: Website regeneration complete! Total build time: 0.398s
2020-10-01T02:38:24.385Z - info: Site data built
2020-10-01T02:39:49.668Z - info: [10:39:49 AM] Reload for file change: C:\repos\nus-cs2103-AY2021S1\cs2103-website\admin\common-tutorials.mbdf
2020-10-01T02:39:50.672Z - info: Rebuilding 1 pages
2020-10-01T02:39:51.078Z - info: Pages rebuilt
2020-10-01T02:39:51.078Z - info: Website regeneration complete! Total build time: 0.408s
2020-10-01T02:39:51.082Z - info: Site data built
2020-10-01T02:41:50.192Z - info: [10:41:50 AM] Reload for file change: C:\repos\nus-cs2103-AY2021S1\cs2103-website\schedule\week8\tutorial-cs2103.mbdf
2020-10-01T02:41:51.198Z - info: Rebuilding 1 pages
2020-10-01T02:41:51.660Z - info: Pages rebuilt
2020-10-01T02:41:51.661Z - info: Website regeneration complete! Total build time: 0.468s
2020-10-01T02:41:51.666Z - info: Site data built
2020-10-01T02:42:56.550Z - info: [10:42:56 AM] Reload for file change: C:\repos\nus-cs2103-AY2021S1\cs2103-website\schedule\week8\tutorial-cs2103.mbdf
2020-10-01T02:42:57.555Z - info: Rebuilding 1 pages
2020-10-01T02:42:57.895Z - info: Pages rebuilt
2020-10-01T02:42:57.895Z - info: Website regeneration complete! Total build time: 0.344s
2020-10-01T02:42:57.898Z - info: Site data built
2020-10-01T02:43:29.997Z - info: [10:43:29 AM] Reload for file change: C:\repos\nus-cs2103-AY2021S1\cs2103-website\admin\common-tutorials.mbdf
2020-10-01T02:43:31.003Z - info: Rebuilding 1 pages
2020-10-01T02:43:31.326Z - info: Pages rebuilt
2020-10-01T02:43:31.326Z - info: Website regeneration complete! Total build time: 0.327s
2020-10-01T02:43:31.329Z - info: Site data built
2020-10-01T02:43:46.793Z - info: [10:43:46 AM] Reload for file change: C:\repos\nus-cs2103-AY2021S1\cs2103-website\admin\common-tutorials.mbdf
2020-10-01T02:43:47.798Z - info: Rebuilding 1 pages
2020-10-01T02:43:48.119Z - info: Pages rebuilt
2020-10-01T02:43:48.119Z - info: Website regeneration complete! Total build time: 0.324s
2020-10-01T02:43:48.122Z - info: Site data built
2020-10-01T02:46:21.245Z - info: [10:46:21 AM] Reload for file change: C:\repos\nus-cs2103-AY2021S1\cs2103-website\schedule\week8\tutorial-cs2103.mbdf
2020-10-01T02:46:22.250Z - info: Rebuilding 1 pages
2020-10-01T02:46:22.625Z - info: Pages rebuilt
2020-10-01T02:46:22.626Z - info: Website regeneration complete! Total build time: 0.38s
2020-10-01T02:46:22.628Z - info: Site data built
2020-10-01T02:46:28.291Z - info: [10:46:28 AM] Reload for file change: C:\repos\nus-cs2103-AY2021S1\cs2103-website\schedule\week8\tutorial-cs2103.mbdf
2020-10-01T02:46:29.297Z - info: Rebuilding 1 pages
2020-10-01T02:46:29.572Z - info: Pages rebuilt
2020-10-01T02:46:29.572Z - info: Website regeneration complete! Total build time: 0.28s
2020-10-01T02:46:29.575Z - info: Site data built
2020-10-01T02:47:08.153Z - info: [10:47:08 AM] Reload for file change: C:\repos\nus-cs2103-AY2021S1\cs2103-website\schedule\week8\tutorial-cs2103.mbdf
2020-10-01T02:47:09.159Z - info: Rebuilding 1 pages
2020-10-01T02:47:09.494Z - info: Pages rebuilt
2020-10-01T02:47:09.495Z - info: Website regeneration complete! Total build time: 0.34s
2020-10-01T02:47:09.498Z - info: Site data built
2020-10-01T02:48:07.657Z - info: [10:48:07 AM] Reload for file change: C:\repos\nus-cs2103-AY2021S1\cs2103-website\admin\common-tutorials.mbdf
2020-10-01T02:48:08.661Z - info: Rebuilding 1 pages
2020-10-01T02:48:09.210Z - info: Pages rebuilt
2020-10-01T02:48:09.210Z - info: Website regeneration complete! Total build time: 0.552s
2020-10-01T02:48:09.214Z - info: Site data built
2020-10-01T02:49:28.520Z - info: [10:49:28 AM] Reload for file change: C:\repos\nus-cs2103-AY2021S1\cs2103-website\schedule\week8\tutorial-cs2103.mbdf
2020-10-01T02:49:28.520Z - info: [10:49:28 AM] Reload for file change: C:\repos\nus-cs2103-AY2021S1\cs2103-website\admin\common-tutorials.mbdf
2020-10-01T02:49:29.525Z - info: Rebuilding 1 pages
2020-10-01T02:49:29.611Z - error:  Error: No such file: C:\repos\nus-cs2103-AY2021S1\cs2103-website\schedule\week8\common-tutorials.mbdf
Missing reference in C:\repos\nus-cs2103-AY2021S1\cs2103-website\schedule\week8\tutorial-cs2103.mbdf
    at _getFileExistsNode (C:\Users\damithch\AppData\Roaming\npm\node_modules\markbind-cli\node_modules\@markbind\core\src\preprocessors\componentPreprocessor.js:60:19)
    at _preprocessInclude (C:\Users\damithch\AppData\Roaming\npm\node_modules\markbind-cli\node_modules\@markbind\core\src\preprocessors\componentPreprocessor.js:217:26)
    at preProcessComponent (C:\Users\damithch\AppData\Roaming\npm\node_modules\markbind-cli\node_modules\@markbind\core\src\preprocessors\componentPreprocessor.js:349:12)
    at C:\Users\damithch\AppData\Roaming\npm\node_modules\markbind-cli\node_modules\@markbind\core\src\preprocessors\componentPreprocessor.js:356:52
    at Array.map (<anonymous>)
    at preProcessComponent (C:\Users\damithch\AppData\Roaming\npm\node_modules\markbind-cli\node_modules\@markbind\core\src\preprocessors\componentPreprocessor.js:356:43)
    at C:\Users\damithch\AppData\Roaming\npm\node_modules\markbind-cli\node_modules\@markbind\core\src\preprocessors\componentPreprocessor.js:298:50
    at Array.map (<anonymous>)
    at _preprocessInclude (C:\Users\damithch\AppData\Roaming\npm\node_modules\markbind-cli\node_modules\@markbind\core\src\preprocessors\componentPreprocessor.js:298:41)
    at preProcessComponent (C:\Users\damithch\AppData\Roaming\npm\node_modules\markbind-cli\node_modules\@markbind\core\src\preprocessors\componentPreprocessor.js:349:12)
    at C:\Users\damithch\AppData\Roaming\npm\node_modules\markbind-cli\node_modules\@markbind\core\src\preprocessors\componentPreprocessor.js:356:52
    at Array.map (<anonymous>)
    at Object.preProcessComponent (C:\Users\damithch\AppData\Roaming\npm\node_modules\markbind-cli\node_modules\@markbind\core\src\preprocessors\componentPreprocessor.js:356:43)
    at C:\Users\damithch\AppData\Roaming\npm\node_modules\markbind-cli\node_modules\@markbind\core\src\Parser.js:187:47
    at Array.map (<anonymous>)
    at DomHandler._callback (C:\Users\damithch\AppData\Roaming\npm\node_modules\markbind-cli\node_modules\@markbind\core\src\Parser.js:184:27)
2020-10-01T02:49:29.947Z - info: Pages rebuilt
2020-10-01T02:49:29.947Z - info: Website regeneration complete! Total build time: 0.426s
2020-10-01T02:49:29.950Z - info: Site data built
2020-10-01T02:49:41.402Z - info: [10:49:41 AM] Reload for file change: C:\repos\nus-cs2103-AY2021S1\cs2103-website\schedule\week8\tutorial-cs2103.mbdf
2020-10-01T02:49:42.406Z - info: Rebuilding 1 pages
2020-10-01T02:49:42.731Z - info: Pages rebuilt
2020-10-01T02:49:42.732Z - info: Website regeneration complete! Total build time: 0.329s
2020-10-01T02:49:42.736Z - info: Site data built
2020-10-01T02:49:54.561Z - info: [10:49:54 AM] Reload for file change: C:\repos\nus-cs2103-AY2021S1\cs2103-website\admin\common-tutorials.mbdf
2020-10-01T02:49:55.566Z - info: Rebuilding 1 pages
2020-10-01T02:49:55.876Z - info: Pages rebuilt
2020-10-01T02:49:55.876Z - info: Website regeneration complete! Total build time: 0.311s
2020-10-01T02:49:55.879Z - info: Site data built
2020-10-01T02:52:05.483Z - info: [10:52:05 AM] Reload for file change: C:\repos\nus-cs2103-AY2021S1\cs2103-website\schedule\week8\tutorial-cs2103.mbdf
2020-10-01T02:52:05.505Z - info: [10:52:05 AM] Reload for file change: C:\repos\nus-cs2103-AY2021S1\cs2103-website\admin\common-tutorials.mbdf
2020-10-01T02:52:06.488Z - info: Rebuilding 1 pages
2020-10-01T02:52:07.042Z - info: Pages rebuilt
2020-10-01T02:52:07.043Z - info: Website regeneration complete! Total build time: 0.557s
2020-10-01T02:52:07.049Z - info: Site data built
2020-10-01T02:52:29.076Z - info: Building C:\repos\nus-cs2103-AY2021S1\cs2103-website\schedule\week8\topics as some of its dependencies were changed since the last visit
2020-10-01T02:52:38.465Z - debug:  
2020-10-01T02:52:38.465Z - debug:  
2020-10-01T02:52:38.894Z - debug:  
2020-10-01T02:52:38.895Z - debug:  
2020-10-01T02:52:39.688Z - info: Site data built
2020-10-01T02:52:39.693Z - info: Lazy website regeneration complete! Total build time: 10.618s
2020-10-01T02:54:08.745Z - info: [10:54:08 AM] Reload for file change: C:\repos\nus-cs2103-AY2021S1\cs2103-website\schedule\week8\commentary-cs2103.mbdf
2020-10-01T02:54:09.755Z - info: Rebuilding 1 pages
2020-10-01T02:54:19.451Z - debug:  
2020-10-01T02:54:19.451Z - debug:  
2020-10-01T02:54:20.418Z - info: Pages rebuilt
2020-10-01T02:54:20.418Z - info: Website regeneration complete! Total build time: 10.668s
2020-10-01T02:54:20.424Z - debug:  
2020-10-01T02:54:20.425Z - debug:  
2020-10-01T02:54:20.439Z - info: Site data built
2020-10-01T02:54:50.659Z - info: [10:54:50 AM] Reload for file change: C:\repos\nus-cs2103-AY2021S1\cs2103-website\schedule\week8\commentary-cs2103.mbdf
2020-10-01T02:54:51.670Z - info: Rebuilding 1 pages
2020-10-01T02:55:00.768Z - debug:  
2020-10-01T02:55:00.768Z - debug:  
2020-10-01T02:55:01.660Z - info: Pages rebuilt
2020-10-01T02:55:01.660Z - info: Website regeneration complete! Total build time: 9.997s
2020-10-01T02:55:01.667Z - debug:  
2020-10-01T02:55:01.667Z - debug:  
2020-10-01T02:55:01.686Z - info: Site data built
2020-10-01T03:00:08.418Z - info: [11:00:08 AM] Reload for file change: C:\repos\nus-cs2103-AY2021S1\cs2103-website\admin\common-commentary.mbdf
2020-10-01T03:00:08.422Z - info: [11:00:08 AM] Reload for file change: C:\repos\nus-cs2103-AY2021S1\cs2103-website\schedule\week8\commentary-cs2103.mbdf
2020-10-01T03:00:09.438Z - info: Rebuilding 1 pages
2020-10-01T03:00:18.766Z - debug:  
2020-10-01T03:00:18.767Z - debug:  
2020-10-01T03:00:19.792Z - info: Pages rebuilt
2020-10-01T03:00:19.792Z - info: Website regeneration complete! Total build time: 10.364s
2020-10-01T03:00:19.816Z - debug:  
2020-10-01T03:00:19.817Z - debug:  
2020-10-01T03:00:19.845Z - info: Site data built
2020-10-01T03:02:02.725Z - info: Building C:\repos\nus-cs2103-AY2021S1\cs2103-website\book\testing\dependencyInjection\how\index as some of its dependencies were changed since the last visit
2020-10-01T03:02:03.353Z - info: Site data built
2020-10-01T03:02:03.353Z - info: Lazy website regeneration complete! Total build time: 0.628s
2020-10-01T03:05:44.207Z - info: Website generation started at 11:05:39 AM
2020-10-01T03:05:54.687Z - info: Building assets...
