2020-11-18T06:18:58.928Z - info: Website generation (lazy) started at 2:18:49 PM
2020-11-18T06:19:11.357Z - info: Building assets...
2020-11-18T06:19:19.241Z - info: Assets built
2020-11-18T06:19:19.242Z - info: Generating landing page...
2020-11-18T06:19:21.213Z - info: Landing page built, other pages will be built as you navigate to them!
2020-11-18T06:19:21.517Z - info: Website generation (lazy) complete! Total build time: 31.69s
2020-11-18T06:19:22.815Z - info: Serving "C:\repos\nus-cs2103-AY2021S1\cs2103-website\_site" at http://127.0.0.1:8080
2020-11-18T06:19:22.815Z - info: Press CTRL+C to stop ...
2020-11-18T06:19:22.920Z - info: Site data built
2020-11-18T06:22:37.045Z - info: [2:22:37 PM] Reload for file change: C:\repos\nus-cs2103-AY2021S1\cs2103-website\admin\tp-pe.mbdf
2020-11-18T06:22:38.049Z - info: No pages needed to be rebuilt
2020-11-18T06:22:40.952Z - info: Building C:\repos\nus-cs2103-AY2021S1\cs2103-website\admin\index as some of its dependencies were changed since the last visit
2020-11-18T06:22:41.915Z - info: Site data built
2020-11-18T06:22:41.916Z - info: Lazy website regeneration complete! Total build time: 0.964s
2020-11-18T06:22:52.943Z - info: Building C:\repos\nus-cs2103-AY2021S1\cs2103-website\admin\tp-pe as some of its dependencies were changed since the last visit
2020-11-18T06:22:54.993Z - info: Site data built
2020-11-18T06:22:54.994Z - info: Lazy website regeneration complete! Total build time: 2.052s
2020-11-18T06:23:46.667Z - info: [2:23:46 PM] Reload for file change: C:\repos\nus-cs2103-AY2021S1\cs2103-website\admin\tp-pe.mbdf
2020-11-18T06:23:47.691Z - info: Rebuilding 1 pages
2020-11-18T06:23:49.587Z - info: Pages rebuilt
2020-11-18T06:23:49.587Z - info: Website regeneration complete! Total build time: 1.897s
2020-11-18T06:23:49.608Z - info: Site data built
2020-11-18T06:24:35.992Z - info: [2:24:35 PM] Reload for file change: C:\repos\nus-cs2103-AY2021S1\cs2103-website\admin\tp-pe.mbdf
2020-11-18T06:24:36.998Z - info: Rebuilding 1 pages
2020-11-18T06:24:38.852Z - info: Pages rebuilt
2020-11-18T06:24:38.852Z - info: Website regeneration complete! Total build time: 1.856s
2020-11-18T06:24:38.860Z - info: Site data built
2020-11-18T06:24:57.656Z - info: [2:24:57 PM] Reload for file change: C:\repos\nus-cs2103-AY2021S1\cs2103-website\admin\tp-pe.mbdf
2020-11-18T06:24:58.661Z - info: Rebuilding 1 pages
2020-11-18T06:25:00.468Z - info: Pages rebuilt
2020-11-18T06:25:00.468Z - info: Website regeneration complete! Total build time: 1.808s
2020-11-18T06:25:00.490Z - info: Site data built
2020-11-18T06:26:00.509Z - info: [2:26:00 PM] Reload for file change: C:\repos\nus-cs2103-AY2021S1\cs2103-website\admin\tp-pe.mbdf
2020-11-18T06:26:01.515Z - info: Rebuilding 1 pages
2020-11-18T06:26:03.374Z - info: Pages rebuilt
2020-11-18T06:26:03.375Z - info: Website regeneration complete! Total build time: 1.862s
2020-11-18T06:26:03.386Z - info: Site data built
2020-11-18T06:26:32.362Z - info: [2:26:32 PM] Reload for file change: C:\repos\nus-cs2103-AY2021S1\cs2103-website\admin\tp-pe.mbdf
2020-11-18T06:26:33.368Z - info: Rebuilding 1 pages
2020-11-18T06:26:35.110Z - info: Pages rebuilt
2020-11-18T06:26:35.110Z - info: Website regeneration complete! Total build time: 1.744s
2020-11-18T06:26:35.125Z - info: Site data built
2020-11-18T06:27:12.460Z - info: [2:27:12 PM] Reload for file change: C:\repos\nus-cs2103-AY2021S1\cs2103-website\admin\tp-pe.mbdf
2020-11-18T06:27:13.467Z - info: Rebuilding 1 pages
2020-11-18T06:27:15.237Z - info: Pages rebuilt
2020-11-18T06:27:15.237Z - info: Website regeneration complete! Total build time: 1.771s
2020-11-18T06:27:15.246Z - info: Site data built
2020-11-18T06:28:29.691Z - info: Website generation started at 2:28:26 PM
2020-11-18T06:28:39.880Z - info: Building assets...
