2020-07-15T16:10:34.977Z - info: [12:10:34 AM] Reload for file change: C:\repos\nus-cs2103-AY2021S1\cs2103-website\schedule\week2\commentary-cs2113.mbdf
2020-07-15T16:10:35.022Z - info: [12:10:35 AM] Reload for file change: C:\repos\nus-cs2103-AY2021S1\cs2103-website\schedule\week2\commentary-cs2113.mbdf
2020-07-15T16:10:35.026Z - info: [12:10:35 AM] Reload for file change: C:\repos\nus-cs2103-AY2021S1\cs2103-website\admin\common-commentary.mbdf
2020-07-15T16:10:36.032Z - info: Rebuilding 1 pages
2020-07-15T16:10:39.796Z - info: Pages rebuilt
2020-07-15T16:10:39.796Z - info: Website regeneration complete! Total build time: 3.773s
2020-07-15T16:10:39.825Z - info: Site data built
2020-07-15T16:11:26.206Z - info: [12:11:26 AM] Reload for file change: C:\repos\nus-cs2103-AY2021S1\cs2103-website\schedule\week2\commentary-cs2103.mbdf
2020-07-15T16:11:27.228Z - info: No pages needed to be rebuilt
2020-07-15T16:14:40.607Z - info: [12:14:40 AM] Reload for file change: C:\repos\nus-cs2103-AY2021S1\cs2103-website\schedule\week2\commentary-cs2103.mbdf
2020-07-15T16:14:40.625Z - info: [12:14:40 AM] Reload for file change: C:\repos\nus-cs2103-AY2021S1\cs2103-website\admin\common-commentary.mbdf
2020-07-15T16:14:40.646Z - info: [12:14:40 AM] Reload for file change: C:\repos\nus-cs2103-AY2021S1\cs2103-website\schedule\week2\commentary-cs2113.mbdf
2020-07-15T16:14:41.621Z - info: Rebuilding 1 pages
2020-07-15T16:14:44.939Z - info: Pages rebuilt
2020-07-15T16:14:44.939Z - info: Website regeneration complete! Total build time: 3.324s
2020-07-15T16:14:44.961Z - info: Site data built
2020-07-15T16:16:22.478Z - info: [12:16:22 AM] Reload for file change: C:\repos\nus-cs2103-AY2021S1\cs2103-website\schedule\week2\commentary-cs2113.mbdf
2020-07-15T16:16:23.497Z - info: Rebuilding 1 pages
2020-07-15T16:16:26.836Z - info: Pages rebuilt
2020-07-15T16:16:26.836Z - info: Website regeneration complete! Total build time: 3.342s
2020-07-15T16:16:26.861Z - info: Site data built
2020-07-15T16:17:18.472Z - info: [12:17:18 AM] Reload for file change: C:\repos\nus-cs2103-AY2021S1\cs2103-website\schedule\week2\commentary-cs2113.mbdf
2020-07-15T16:17:19.475Z - info: Rebuilding 1 pages
2020-07-15T16:17:20.874Z - error:  Error: No such file: C:\repos\nus-cs2103-AY2021S1\admin\moduleOverview.md
Missing reference in C:\repos\nus-cs2103-AY2021S1\cs2103-website\admin\common-commentary.mbdf
    at _getFileExistsNode (C:\repos\markbind\markbind\packages\core\src\preprocessors\componentPreprocessor.js:60:19)
    at _preprocessInclude (C:\repos\markbind\markbind\packages\core\src\preprocessors\componentPreprocessor.js:217:26)
    at preProcessComponent (C:\repos\markbind\markbind\packages\core\src\preprocessors\componentPreprocessor.js:349:12)
    at C:\repos\markbind\markbind\packages\core\src\preprocessors\componentPreprocessor.js:124:46
    at Array.map (<anonymous>)
    at _preProcessPanel (C:\repos\markbind\markbind\packages\core\src\preprocessors\componentPreprocessor.js:124:37)
    at preProcessComponent (C:\repos\markbind\markbind\packages\core\src\preprocessors\componentPreprocessor.js:343:12)
    at C:\repos\markbind\markbind\packages\core\src\preprocessors\componentPreprocessor.js:356:52
    at Array.map (<anonymous>)
    at preProcessComponent (C:\repos\markbind\markbind\packages\core\src\preprocessors\componentPreprocessor.js:356:43)
    at C:\repos\markbind\markbind\packages\core\src\preprocessors\componentPreprocessor.js:298:50
    at Array.map (<anonymous>)
    at _preprocessInclude (C:\repos\markbind\markbind\packages\core\src\preprocessors\componentPreprocessor.js:298:41)
    at preProcessComponent (C:\repos\markbind\markbind\packages\core\src\preprocessors\componentPreprocessor.js:349:12)
    at C:\repos\markbind\markbind\packages\core\src\preprocessors\componentPreprocessor.js:356:52
    at Array.map (<anonymous>)
2020-07-15T16:17:22.799Z - info: Pages rebuilt
2020-07-15T16:17:22.799Z - info: Website regeneration complete! Total build time: 3.325s
2020-07-15T16:17:22.829Z - info: Site data built
2020-07-15T16:17:44.202Z - info: [12:17:44 AM] Reload for file change: C:\repos\nus-cs2103-AY2021S1\cs2103-website\schedule\week2\commentary-cs2103.mbdf
2020-07-15T16:17:45.213Z - info: No pages needed to be rebuilt
2020-07-15T16:19:10.331Z - info: [12:19:10 AM] Reload for file change: C:\repos\nus-cs2103-AY2021S1\cs2103-website\admin\common-commentary.mbdf
2020-07-15T16:19:11.342Z - info: Rebuilding 1 pages
2020-07-15T16:19:12.781Z - error:  Error: No such file: C:\repos\nus-cs2103-AY2021S1\admin\moduleOverview.md
Missing reference in C:\repos\nus-cs2103-AY2021S1\cs2103-website\admin\common-commentary.mbdf
    at _getFileExistsNode (C:\repos\markbind\markbind\packages\core\src\preprocessors\componentPreprocessor.js:60:19)
    at _preprocessInclude (C:\repos\markbind\markbind\packages\core\src\preprocessors\componentPreprocessor.js:217:26)
    at preProcessComponent (C:\repos\markbind\markbind\packages\core\src\preprocessors\componentPreprocessor.js:349:12)
    at C:\repos\markbind\markbind\packages\core\src\preprocessors\componentPreprocessor.js:124:46
    at Array.map (<anonymous>)
    at _preProcessPanel (C:\repos\markbind\markbind\packages\core\src\preprocessors\componentPreprocessor.js:124:37)
    at preProcessComponent (C:\repos\markbind\markbind\packages\core\src\preprocessors\componentPreprocessor.js:343:12)
    at C:\repos\markbind\markbind\packages\core\src\preprocessors\componentPreprocessor.js:356:52
    at Array.map (<anonymous>)
    at preProcessComponent (C:\repos\markbind\markbind\packages\core\src\preprocessors\componentPreprocessor.js:356:43)
    at C:\repos\markbind\markbind\packages\core\src\preprocessors\componentPreprocessor.js:298:50
    at Array.map (<anonymous>)
    at _preprocessInclude (C:\repos\markbind\markbind\packages\core\src\preprocessors\componentPreprocessor.js:298:41)
    at preProcessComponent (C:\repos\markbind\markbind\packages\core\src\preprocessors\componentPreprocessor.js:349:12)
    at C:\repos\markbind\markbind\packages\core\src\preprocessors\componentPreprocessor.js:356:52
    at Array.map (<anonymous>)
2020-07-15T16:19:15.119Z - info: Pages rebuilt
2020-07-15T16:19:15.119Z - info: Website regeneration complete! Total build time: 3.778s
2020-07-15T16:19:15.135Z - info: Site data built
2020-07-15T16:28:32.010Z - info: [12:28:32 AM] Reload for file change: C:\repos\nus-cs2103-AY2021S1\cs2103-website\admin\common-commentary.mbdf
2020-07-15T16:28:33.028Z - info: Rebuilding 1 pages
2020-07-15T16:28:34.436Z - error:  Error: No such file: C:\repos\nus-cs2103-AY2021S1\admin\moduleOverview.md
Missing reference in C:\repos\nus-cs2103-AY2021S1\cs2103-website\admin\common-commentary.mbdf
    at _getFileExistsNode (C:\repos\markbind\markbind\packages\core\src\preprocessors\componentPreprocessor.js:60:19)
    at _preprocessInclude (C:\repos\markbind\markbind\packages\core\src\preprocessors\componentPreprocessor.js:217:26)
    at preProcessComponent (C:\repos\markbind\markbind\packages\core\src\preprocessors\componentPreprocessor.js:349:12)
    at C:\repos\markbind\markbind\packages\core\src\preprocessors\componentPreprocessor.js:124:46
    at Array.map (<anonymous>)
    at _preProcessPanel (C:\repos\markbind\markbind\packages\core\src\preprocessors\componentPreprocessor.js:124:37)
    at preProcessComponent (C:\repos\markbind\markbind\packages\core\src\preprocessors\componentPreprocessor.js:343:12)
    at C:\repos\markbind\markbind\packages\core\src\preprocessors\componentPreprocessor.js:356:52
    at Array.map (<anonymous>)
    at preProcessComponent (C:\repos\markbind\markbind\packages\core\src\preprocessors\componentPreprocessor.js:356:43)
    at C:\repos\markbind\markbind\packages\core\src\preprocessors\componentPreprocessor.js:298:50
    at Array.map (<anonymous>)
    at _preprocessInclude (C:\repos\markbind\markbind\packages\core\src\preprocessors\componentPreprocessor.js:298:41)
    at preProcessComponent (C:\repos\markbind\markbind\packages\core\src\preprocessors\componentPreprocessor.js:349:12)
    at C:\repos\markbind\markbind\packages\core\src\preprocessors\componentPreprocessor.js:356:52
    at Array.map (<anonymous>)
2020-07-15T16:28:36.370Z - info: Pages rebuilt
2020-07-15T16:28:36.371Z - info: Website regeneration complete! Total build time: 3.353s
2020-07-15T16:28:36.394Z - info: Site data built
2020-07-15T16:29:16.457Z - info: [12:29:16 AM] Reload for file change: C:\repos\nus-cs2103-AY2021S1\cs2103-website\schedule\week2\commentary-cs2113.mbdf
2020-07-15T16:29:17.463Z - info: Rebuilding 1 pages
2020-07-15T16:29:18.739Z - error:  Error: No such file: C:\repos\nus-cs2103-AY2021S1\admin\moduleOverview.md
Missing reference in C:\repos\nus-cs2103-AY2021S1\cs2103-website\admin\common-commentary.mbdf
    at _getFileExistsNode (C:\repos\markbind\markbind\packages\core\src\preprocessors\componentPreprocessor.js:60:19)
    at _preprocessInclude (C:\repos\markbind\markbind\packages\core\src\preprocessors\componentPreprocessor.js:217:26)
    at preProcessComponent (C:\repos\markbind\markbind\packages\core\src\preprocessors\componentPreprocessor.js:349:12)
    at C:\repos\markbind\markbind\packages\core\src\preprocessors\componentPreprocessor.js:124:46
    at Array.map (<anonymous>)
    at _preProcessPanel (C:\repos\markbind\markbind\packages\core\src\preprocessors\componentPreprocessor.js:124:37)
    at preProcessComponent (C:\repos\markbind\markbind\packages\core\src\preprocessors\componentPreprocessor.js:343:12)
    at C:\repos\markbind\markbind\packages\core\src\preprocessors\componentPreprocessor.js:356:52
    at Array.map (<anonymous>)
    at preProcessComponent (C:\repos\markbind\markbind\packages\core\src\preprocessors\componentPreprocessor.js:356:43)
    at C:\repos\markbind\markbind\packages\core\src\preprocessors\componentPreprocessor.js:298:50
    at Array.map (<anonymous>)
    at _preprocessInclude (C:\repos\markbind\markbind\packages\core\src\preprocessors\componentPreprocessor.js:298:41)
    at preProcessComponent (C:\repos\markbind\markbind\packages\core\src\preprocessors\componentPreprocessor.js:349:12)
    at C:\repos\markbind\markbind\packages\core\src\preprocessors\componentPreprocessor.js:356:52
    at Array.map (<anonymous>)
2020-07-15T16:29:20.715Z - info: Pages rebuilt
2020-07-15T16:29:20.715Z - info: Website regeneration complete! Total build time: 3.254s
2020-07-15T16:29:20.741Z - info: Site data built
2020-07-15T16:31:49.460Z - info: [12:31:49 AM] Reload for file change: C:\repos\nus-cs2103-AY2021S1\cs2103-website\schedule\week3\commentary-cs2103.mbdf
2020-07-15T16:31:49.464Z - info: [12:31:49 AM] Reload for file change: C:\repos\nus-cs2103-AY2021S1\cs2103-website\schedule\week2\commentary-cs2113.mbdf
2020-07-15T16:31:49.470Z - info: [12:31:49 AM] Reload for file change: C:\repos\nus-cs2103-AY2021S1\cs2103-website\_module-CS2103\weeklyTextbookTopics.mbdf
2020-07-15T16:31:49.494Z - info: [12:31:49 AM] Reload for file change: C:\repos\nus-cs2103-AY2021S1\cs2103-website\admin\common-commentary.mbdf
2020-07-15T16:31:50.489Z - info: Rebuilding 1 pages
2020-07-15T16:31:51.918Z - error:  Error: No such file: C:\repos\nus-cs2103-AY2021S1\admin\moduleOverview.md
Missing reference in C:\repos\nus-cs2103-AY2021S1\cs2103-website\admin\common-commentary.mbdf
    at _getFileExistsNode (C:\repos\markbind\markbind\packages\core\src\preprocessors\componentPreprocessor.js:60:19)
    at _preprocessInclude (C:\repos\markbind\markbind\packages\core\src\preprocessors\componentPreprocessor.js:217:26)
    at preProcessComponent (C:\repos\markbind\markbind\packages\core\src\preprocessors\componentPreprocessor.js:349:12)
    at C:\repos\markbind\markbind\packages\core\src\preprocessors\componentPreprocessor.js:124:46
    at Array.map (<anonymous>)
    at _preProcessPanel (C:\repos\markbind\markbind\packages\core\src\preprocessors\componentPreprocessor.js:124:37)
    at preProcessComponent (C:\repos\markbind\markbind\packages\core\src\preprocessors\componentPreprocessor.js:343:12)
    at C:\repos\markbind\markbind\packages\core\src\preprocessors\componentPreprocessor.js:356:52
    at Array.map (<anonymous>)
    at preProcessComponent (C:\repos\markbind\markbind\packages\core\src\preprocessors\componentPreprocessor.js:356:43)
    at C:\repos\markbind\markbind\packages\core\src\preprocessors\componentPreprocessor.js:298:50
    at Array.map (<anonymous>)
    at _preprocessInclude (C:\repos\markbind\markbind\packages\core\src\preprocessors\componentPreprocessor.js:298:41)
    at preProcessComponent (C:\repos\markbind\markbind\packages\core\src\preprocessors\componentPreprocessor.js:349:12)
    at C:\repos\markbind\markbind\packages\core\src\preprocessors\componentPreprocessor.js:356:52
    at Array.map (<anonymous>)
2020-07-15T16:31:54.669Z - info: Pages rebuilt
2020-07-15T16:31:54.670Z - info: Website regeneration complete! Total build time: 4.185s
2020-07-15T16:31:54.699Z - info: Site data built
2020-07-15T16:36:38.209Z - info: [12:36:38 AM] Reload for file change: C:\repos\nus-cs2103-AY2021S1\cs2103-website\schedule\week2\commentary-cs2103.mbdf
2020-07-15T16:36:38.220Z - info: [12:36:38 AM] Reload for file change: C:\repos\nus-cs2103-AY2021S1\cs2103-website\admin\common-commentary.mbdf
2020-07-15T16:36:38.222Z - info: [12:36:38 AM] Reload for file change: C:\repos\nus-cs2103-AY2021S1\cs2103-website\schedule\week2\commentary-cs2113.mbdf
2020-07-15T16:36:39.231Z - info: Rebuilding 1 pages
2020-07-15T16:36:40.718Z - error:  Error: No such file: C:\repos\nus-cs2103-AY2021S1\admin\moduleOverview.md
Missing reference in C:\repos\nus-cs2103-AY2021S1\cs2103-website\admin\common-commentary.mbdf
    at _getFileExistsNode (C:\repos\markbind\markbind\packages\core\src\preprocessors\componentPreprocessor.js:60:19)
    at _preprocessInclude (C:\repos\markbind\markbind\packages\core\src\preprocessors\componentPreprocessor.js:217:26)
    at preProcessComponent (C:\repos\markbind\markbind\packages\core\src\preprocessors\componentPreprocessor.js:349:12)
    at C:\repos\markbind\markbind\packages\core\src\preprocessors\componentPreprocessor.js:124:46
    at Array.map (<anonymous>)
    at _preProcessPanel (C:\repos\markbind\markbind\packages\core\src\preprocessors\componentPreprocessor.js:124:37)
    at preProcessComponent (C:\repos\markbind\markbind\packages\core\src\preprocessors\componentPreprocessor.js:343:12)
    at C:\repos\markbind\markbind\packages\core\src\preprocessors\componentPreprocessor.js:356:52
    at Array.map (<anonymous>)
    at preProcessComponent (C:\repos\markbind\markbind\packages\core\src\preprocessors\componentPreprocessor.js:356:43)
    at C:\repos\markbind\markbind\packages\core\src\preprocessors\componentPreprocessor.js:298:50
    at Array.map (<anonymous>)
    at _preprocessInclude (C:\repos\markbind\markbind\packages\core\src\preprocessors\componentPreprocessor.js:298:41)
    at preProcessComponent (C:\repos\markbind\markbind\packages\core\src\preprocessors\componentPreprocessor.js:349:12)
    at C:\repos\markbind\markbind\packages\core\src\preprocessors\componentPreprocessor.js:356:52
    at Array.map (<anonymous>)
2020-07-15T16:36:43.514Z - info: Pages rebuilt
2020-07-15T16:36:43.514Z - info: Website regeneration complete! Total build time: 4.289s
2020-07-15T16:36:43.532Z - info: Site data built
2020-07-15T16:37:00.016Z - info: Building C:\repos\nus-cs2103-AY2021S1\cs2103-website\schedule\week2\project as some of its dependencies were changed since the last visit
2020-07-15T16:37:00.909Z - info: Site data built
2020-07-15T16:37:00.911Z - info: Lazy website regeneration complete! Total build time: 0.895s
2020-07-15T16:37:54.016Z - info: Building C:\repos\nus-cs2103-AY2021S1\cs2103-website\schedule\week2\tutorial as some of its dependencies were changed since the last visit
2020-07-15T16:37:54.474Z - info: Site data built
2020-07-15T16:37:54.475Z - info: Lazy website regeneration complete! Total build time: 0.459s
2020-07-15T16:38:58.421Z - info: [12:38:58 AM] Reload for file change: C:\repos\nus-cs2103-AY2021S1\cs2103-website\schedule\week2\tutorial-cs2103.mbdf
2020-07-15T16:38:58.441Z - info: [12:38:58 AM] Reload for file change: C:\repos\nus-cs2103-AY2021S1\cs2103-website\schedule\week2\tutorial-cs2113.mbdf
2020-07-15T16:38:59.449Z - info: Rebuilding 1 pages
2020-07-15T16:38:59.740Z - info: Pages rebuilt
2020-07-15T16:38:59.741Z - info: Website regeneration complete! Total build time: 0.297s
2020-07-15T16:38:59.745Z - info: Site data built
2020-07-15T16:39:03.550Z - info: Building C:\repos\nus-cs2103-AY2021S1\cs2103-website\schedule\week3\index as some of its dependencies were changed since the last visit
2020-07-15T16:39:04.535Z - info: Site data built
2020-07-15T16:39:04.536Z - info: Lazy website regeneration complete! Total build time: 0.986s
2020-07-15T16:39:35.948Z - info: [12:39:35 AM] Reload for file change: C:\repos\nus-cs2103-AY2021S1\cs2103-website\schedule\week3\notices-cs2113.mbdf
2020-07-15T16:39:36.957Z - info: Rebuilding 1 pages
2020-07-15T16:39:37.723Z - info: Pages rebuilt
2020-07-15T16:39:37.724Z - info: Website regeneration complete! Total build time: 0.77s
2020-07-15T16:39:37.726Z - info: Site data built
2020-07-15T16:40:09.091Z - info: [12:40:09 AM] Reload for file change: C:\repos\nus-cs2103-AY2021S1\cs2103-website\schedule\week3\notices-cs2113.mbdf
2020-07-15T16:40:10.108Z - info: Rebuilding 1 pages
2020-07-15T16:40:11.246Z - info: Pages rebuilt
2020-07-15T16:40:11.246Z - info: Website regeneration complete! Total build time: 1.144s
2020-07-15T16:40:11.250Z - info: Site data built
2020-07-15T16:42:02.723Z - info: [12:42:02 AM] Reload for file change: C:\repos\nus-cs2103-AY2021S1\cs2103-website\schedule\week3\notices-cs2113.mbdf
2020-07-15T16:42:02.730Z - info: [12:42:02 AM] Reload for file change: C:\repos\nus-cs2103-AY2021S1\cs2103-website\admin\common-notices.mbdf
2020-07-15T16:42:03.735Z - info: Rebuilding 1 pages
2020-07-15T16:42:04.555Z - info: Pages rebuilt
2020-07-15T16:42:04.555Z - info: Website regeneration complete! Total build time: 0.826s
2020-07-15T16:42:04.561Z - info: Site data built
2020-07-15T16:42:13.714Z - info: [12:42:13 AM] Reload for file change: C:\repos\nus-cs2103-AY2021S1\cs2103-website\admin\common-notices.mbdf
2020-07-15T16:42:14.732Z - info: Rebuilding 1 pages
2020-07-15T16:42:15.318Z - info: Pages rebuilt
2020-07-15T16:42:15.319Z - info: Website regeneration complete! Total build time: 0.588s
2020-07-15T16:42:15.321Z - info: Site data built
2020-07-15T16:43:03.684Z - info: [12:43:03 AM] Reload for file change: C:\repos\nus-cs2103-AY2021S1\cs2103-website\schedule\week3\notices-cs2103.mbdf
2020-07-15T16:43:04.701Z - info: No pages needed to be rebuilt
2020-07-15T16:43:17.070Z - info: [12:43:17 AM] Reload for file change: C:\repos\nus-cs2103-AY2021S1\cs2103-website\schedule\week3\notices-cs2113.mbdf
2020-07-15T16:43:18.086Z - info: Rebuilding 1 pages
2020-07-15T16:43:19.018Z - info: Pages rebuilt
2020-07-15T16:43:19.019Z - info: Website regeneration complete! Total build time: 0.938s
2020-07-15T16:43:19.022Z - info: Site data built
2020-07-15T16:49:43.171Z - info: Building C:\repos\nus-cs2103-AY2021S1\cs2103-website\schedule\week3\admin as some of its dependencies were changed since the last visit
2020-07-15T16:49:44.071Z - info: Site data built
2020-07-15T16:49:44.072Z - info: Lazy website regeneration complete! Total build time: 0.902s
2020-07-15T16:50:16.571Z - info: Building C:\repos\nus-cs2103-AY2021S1\cs2103-website\schedule\week3\topics as some of its dependencies were changed since the last visit
2020-07-15T16:50:20.100Z - info: Site data built
2020-07-15T16:50:20.103Z - info: Lazy website regeneration complete! Total build time: 3.533s
2020-07-15T16:54:28.025Z - info: [12:54:28 AM] Reload for file change: C:\repos\nus-cs2103-AY2021S1\cs2103-website\admin\common-commentary.mbdf
2020-07-15T16:54:29.036Z - info: No pages needed to be rebuilt
2020-07-15T16:55:11.815Z - info: [12:55:11 AM] Reload for file add: C:\repos\nus-cs2103-AY2021S1\cs2103-website\schedule\week3\commentary-cs2113.mbdf
2020-07-15T16:55:12.819Z - info: File added or removed, updating list of site's pages...
2020-07-15T16:55:18.055Z - info: Assets removed
2020-07-15T16:55:19.172Z - info: Building C:\repos\nus-cs2103-AY2021S1\cs2103-website\schedule\week3\topics as some of its dependencies were changed since the last visit
2020-07-15T16:55:22.830Z - info: Site data built
2020-07-15T16:55:22.831Z - info: Lazy website regeneration complete! Total build time: 3.659s
2020-07-15T16:55:46.674Z - info: [12:55:46 AM] Reload for file change: C:\repos\nus-cs2103-AY2021S1\cs2103-website\schedule\week3\commentary-cs2113.mbdf
2020-07-15T16:55:46.678Z - info: [12:55:46 AM] Reload for file change: C:\repos\nus-cs2103-AY2021S1\cs2103-website\admin\common-commentary.mbdf
2020-07-15T16:55:47.686Z - info: Rebuilding 1 pages
2020-07-15T16:55:50.844Z - info: Pages rebuilt
2020-07-15T16:55:50.844Z - info: Website regeneration complete! Total build time: 3.16s
2020-07-15T16:55:50.900Z - info: Site data built
2020-07-15T16:56:13.257Z - info: [12:56:13 AM] Reload for file change: C:\repos\nus-cs2103-AY2021S1\cs2103-website\schedule\week3\commentary-cs2113.mbdf
2020-07-15T16:56:14.261Z - info: Rebuilding 1 pages
2020-07-15T16:56:17.100Z - info: Pages rebuilt
2020-07-15T16:56:17.101Z - info: Website regeneration complete! Total build time: 2.841s
2020-07-15T16:56:17.158Z - info: Site data built
2020-07-15T16:58:28.211Z - info: [12:58:28 AM] Reload for file change: C:\repos\nus-cs2103-AY2021S1\cs2103-website\admin\common-commentary.mbdf
2020-07-15T16:58:29.221Z - info: Rebuilding 1 pages
2020-07-15T16:58:32.095Z - info: Pages rebuilt
2020-07-15T16:58:32.096Z - info: Website regeneration complete! Total build time: 2.878s
2020-07-15T16:58:32.144Z - info: Site data built
2020-07-15T16:59:33.760Z - info: [12:59:33 AM] Reload for file change: C:\repos\nus-cs2103-AY2021S1\cs2103-website\admin\common-commentary.mbdf
2020-07-15T16:59:33.791Z - info: [12:59:33 AM] Reload for file change: C:\repos\nus-cs2103-AY2021S1\cs2103-website\schedule\week3\commentary-cs2113.mbdf
2020-07-15T16:59:34.777Z - info: Rebuilding 1 pages
2020-07-15T16:59:37.590Z - info: Pages rebuilt
2020-07-15T16:59:37.590Z - info: Website regeneration complete! Total build time: 2.815s
2020-07-15T16:59:37.642Z - info: Site data built
2020-07-15T17:00:20.452Z - info: [1:00:20 AM] Reload for file change: C:\repos\nus-cs2103-AY2021S1\cs2103-website\admin\common-commentary.mbdf
2020-07-15T17:00:21.468Z - info: Rebuilding 1 pages
2020-07-15T17:00:24.355Z - info: Pages rebuilt
2020-07-15T17:00:24.356Z - info: Website regeneration complete! Total build time: 2.896s
2020-07-15T17:00:24.412Z - info: Site data built
2020-07-15T17:02:40.055Z - info: [1:02:40 AM] Reload for file change: C:\repos\nus-cs2103-AY2021S1\cs2103-website\admin\common-commentary.mbdf
2020-07-15T17:02:40.074Z - info: [1:02:40 AM] Reload for file change: C:\repos\nus-cs2103-AY2021S1\cs2103-website\schedule\week3\commentary-cs2113.mbdf
2020-07-15T17:02:41.074Z - info: Rebuilding 1 pages
2020-07-15T17:02:44.031Z - info: Pages rebuilt
2020-07-15T17:02:44.031Z - info: Website regeneration complete! Total build time: 2.962s
2020-07-15T17:02:44.082Z - info: Site data built
2020-07-15T17:05:43.524Z - info: [1:05:43 AM] Reload for file change: C:\repos\nus-cs2103-AY2021S1\cs2103-website\schedule\week2\commentary-cs2103.mbdf
2020-07-15T17:05:43.532Z - info: [1:05:43 AM] Reload for file change: C:\repos\nus-cs2103-AY2021S1\cs2103-website\schedule\week3\commentary-cs2103.mbdf
2020-07-15T17:05:43.547Z - info: [1:05:43 AM] Reload for file change: C:\repos\nus-cs2103-AY2021S1\cs2103-website\schedule\week2\commentary-cs2113.mbdf
2020-07-15T17:05:43.547Z - info: [1:05:43 AM] Reload for file change: C:\repos\nus-cs2103-AY2021S1\cs2103-website\common\topics.njk
2020-07-15T17:05:43.552Z - info: [1:05:43 AM] Reload for file change: C:\repos\nus-cs2103-AY2021S1\cs2103-website\schedule\week3\commentary-cs2113.mbdf
2020-07-15T17:05:44.537Z - info: Rebuilding 1 pages
2020-07-15T17:05:44.833Z - error:  Template render error: (unknown path)
  Error: Unable to call `caller`, which is undefined or falsey
    at Object._prettifyError (C:\repos\markbind\markbind\node_modules\nunjucks\src\lib.js:36:11)
    at C:\repos\markbind\markbind\node_modules\nunjucks\src\environment.js:561:19
    at eval (eval at _compile (C:\repos\markbind\markbind\node_modules\nunjucks\src\environment.js:631:18), <anonymous>:10:11)
    at C:\repos\markbind\markbind\node_modules\nunjucks\src\environment.js:611:9
    at eval (eval at _compile (C:\repos\markbind\markbind\node_modules\nunjucks\src\environment.js:631:18), <anonymous>:33:12)
    at C:\repos\markbind\markbind\node_modules\nunjucks\src\environment.js:611:9
    at Template.root [as rootRenderFunc] (eval at _compile (C:\repos\markbind\markbind\node_modules\nunjucks\src\environment.js:631:18), <anonymous>:34:3)
    at Template.getExported (C:\repos\markbind\markbind\node_modules\nunjucks\src\environment.js:609:10)
    at eval (eval at _compile (C:\repos\markbind\markbind\node_modules\nunjucks\src\environment.js:631:18), <anonymous>:32:5)
    at Environment.getTemplate (C:\repos\markbind\markbind\node_modules\nunjucks\src\environment.js:277:9)
    at eval (eval at _compile (C:\repos\markbind\markbind\node_modules\nunjucks\src\environment.js:631:18), <anonymous>:30:5)
    at C:\repos\markbind\markbind\node_modules\nunjucks\src\environment.js:613:9
    at eval (eval at _compile (C:\repos\markbind\markbind\node_modules\nunjucks\src\environment.js:631:18), <anonymous>:744:1)
    at C:\repos\markbind\markbind\node_modules\nunjucks\src\environment.js:613:9
    at eval (eval at _compile (C:\repos\markbind\markbind\node_modules\nunjucks\src\environment.js:631:18), <anonymous>:254:1)
    at C:\repos\markbind\markbind\node_modules\nunjucks\src\environment.js:613:9
2020-07-15T17:05:44.853Z - info: Pages rebuilt
2020-07-15T17:05:44.853Z - info: Website regeneration complete! Total build time: 0.322s
2020-07-15T17:05:44.862Z - info: Site data built
2020-07-15T17:05:44.864Z - info: Assets built
2020-07-15T17:05:59.752Z - info: Website generation (lazy) started at 1:05:57 AM
2020-07-15T17:06:07.512Z - info: Building assets...
2020-07-15T17:06:12.877Z - info: Assets built
2020-07-15T17:06:12.878Z - info: Generating landing page...
2020-07-15T17:06:13.725Z - info: Landing page built, other pages will be built as you navigate to them!
2020-07-15T17:06:13.822Z - info: Website generation (lazy) complete! Total build time: 16.673s
2020-07-15T17:06:14.645Z - info: Serving "C:\repos\nus-cs2103-AY2021S1\cs2103-website\_site" at http://127.0.0.1:8080
2020-07-15T17:06:14.645Z - info: Press CTRL+C to stop ...
2020-07-15T17:06:14.709Z - info: Site data built
2020-07-15T17:07:26.567Z - info: Building C:\repos\nus-cs2103-AY2021S1\cs2103-website\schedule\week3\topics as some of its dependencies were changed since the last visit
2020-07-15T17:07:31.035Z - info: Site data built
2020-07-15T17:07:31.040Z - info: Lazy website regeneration complete! Total build time: 4.475s
2020-07-15T17:08:31.532Z - info: Building C:\repos\nus-cs2103-AY2021S1\cs2103-website\schedule\week2\topics as some of its dependencies were changed since the last visit
2020-07-15T17:08:32.902Z - error:  Error: No such file: C:\repos\nus-cs2103-AY2021S1\admin\moduleOverview.md
Missing reference in C:\repos\nus-cs2103-AY2021S1\cs2103-website\admin\common-commentary.mbdf
    at _getFileExistsNode (C:\repos\markbind\markbind\packages\core\src\preprocessors\componentPreprocessor.js:60:19)
    at _preprocessInclude (C:\repos\markbind\markbind\packages\core\src\preprocessors\componentPreprocessor.js:217:26)
    at preProcessComponent (C:\repos\markbind\markbind\packages\core\src\preprocessors\componentPreprocessor.js:349:12)
    at C:\repos\markbind\markbind\packages\core\src\preprocessors\componentPreprocessor.js:124:46
    at Array.map (<anonymous>)
    at _preProcessPanel (C:\repos\markbind\markbind\packages\core\src\preprocessors\componentPreprocessor.js:124:37)
    at preProcessComponent (C:\repos\markbind\markbind\packages\core\src\preprocessors\componentPreprocessor.js:343:12)
    at C:\repos\markbind\markbind\packages\core\src\preprocessors\componentPreprocessor.js:356:52
    at Array.map (<anonymous>)
    at preProcessComponent (C:\repos\markbind\markbind\packages\core\src\preprocessors\componentPreprocessor.js:356:43)
    at C:\repos\markbind\markbind\packages\core\src\preprocessors\componentPreprocessor.js:298:50
    at Array.map (<anonymous>)
    at _preprocessInclude (C:\repos\markbind\markbind\packages\core\src\preprocessors\componentPreprocessor.js:298:41)
    at preProcessComponent (C:\repos\markbind\markbind\packages\core\src\preprocessors\componentPreprocessor.js:349:12)
    at C:\repos\markbind\markbind\packages\core\src\preprocessors\componentPreprocessor.js:356:52
    at Array.map (<anonymous>)
2020-07-15T17:08:35.272Z - info: Site data built
2020-07-15T17:08:35.277Z - info: Lazy website regeneration complete! Total build time: 3.748s
2020-07-15T17:12:19.918Z - info: [1:12:19 AM] Reload for file change: C:\repos\nus-cs2103-AY2021S1\cs2103-website\common\topics.njk
2020-07-15T17:12:20.949Z - info: Assets built
2020-07-15T17:14:20.466Z - info: [1:14:20 AM] Reload for file change: C:\repos\nus-cs2103-AY2021S1\cs2103-website\common\topics.njk
2020-07-15T17:14:21.481Z - info: Assets built
2020-07-15T17:21:14.156Z - info: [1:21:14 AM] Reload for file change: C:\repos\nus-cs2103-AY2021S1\cs2103-website\admin\common-commentary.mbdf
2020-07-15T17:21:14.188Z - info: [1:21:14 AM] Reload for file change: C:\repos\nus-cs2103-AY2021S1\cs2103-website\schedule\week3\commentary-cs2113.mbdf
2020-07-15T17:21:15.191Z - info: Rebuilding 1 pages
2020-07-15T17:21:16.435Z - error:  Error: No such file: C:\repos\nus-cs2103-AY2021S1\admin\moduleOverview.md
Missing reference in C:\repos\nus-cs2103-AY2021S1\cs2103-website\admin\common-commentary.mbdf
    at _getFileExistsNode (C:\repos\markbind\markbind\packages\core\src\preprocessors\componentPreprocessor.js:60:19)
    at _preprocessInclude (C:\repos\markbind\markbind\packages\core\src\preprocessors\componentPreprocessor.js:217:26)
    at preProcessComponent (C:\repos\markbind\markbind\packages\core\src\preprocessors\componentPreprocessor.js:349:12)
    at C:\repos\markbind\markbind\packages\core\src\preprocessors\componentPreprocessor.js:124:46
    at Array.map (<anonymous>)
    at _preProcessPanel (C:\repos\markbind\markbind\packages\core\src\preprocessors\componentPreprocessor.js:124:37)
    at preProcessComponent (C:\repos\markbind\markbind\packages\core\src\preprocessors\componentPreprocessor.js:343:12)
    at C:\repos\markbind\markbind\packages\core\src\preprocessors\componentPreprocessor.js:356:52
    at Array.map (<anonymous>)
    at preProcessComponent (C:\repos\markbind\markbind\packages\core\src\preprocessors\componentPreprocessor.js:356:43)
    at C:\repos\markbind\markbind\packages\core\src\preprocessors\componentPreprocessor.js:298:50
    at Array.map (<anonymous>)
    at _preprocessInclude (C:\repos\markbind\markbind\packages\core\src\preprocessors\componentPreprocessor.js:298:41)
    at preProcessComponent (C:\repos\markbind\markbind\packages\core\src\preprocessors\componentPreprocessor.js:349:12)
    at C:\repos\markbind\markbind\packages\core\src\preprocessors\componentPreprocessor.js:356:52
    at Array.map (<anonymous>)
2020-07-15T17:21:19.091Z - info: Pages rebuilt
2020-07-15T17:21:19.092Z - info: Website regeneration complete! Total build time: 3.902s
2020-07-15T17:21:19.093Z - info: Building C:\repos\nus-cs2103-AY2021S1\cs2103-website\schedule\week3\topics as some of its dependencies were changed since the last visit
2020-07-15T17:21:21.528Z - info: Site data built
2020-07-15T17:21:22.350Z - info: Site data built
2020-07-15T17:21:22.350Z - info: Lazy website regeneration complete! Total build time: 3.257s
2020-07-15T17:22:43.591Z - info: [1:22:43 AM] Reload for file change: C:\repos\nus-cs2103-AY2021S1\cs2103-website\admin\common-commentary.mbdf
2020-07-15T17:22:44.593Z - info: Rebuilding 1 pages
2020-07-15T17:22:48.656Z - info: Pages rebuilt
2020-07-15T17:22:48.657Z - info: Website regeneration complete! Total build time: 4.065s
2020-07-15T17:22:48.677Z - info: Site data built
2020-07-15T17:24:51.979Z - info: [1:24:51 AM] Reload for file change: C:\repos\nus-cs2103-AY2021S1\cs2103-website\admin\common-commentary.mbdf
2020-07-15T17:24:52.007Z - info: [1:24:52 AM] Reload for file change: C:\repos\nus-cs2103-AY2021S1\cs2103-website\schedule\week3\commentary-cs2113.mbdf
2020-07-15T17:24:52.988Z - info: Rebuilding 1 pages
2020-07-15T17:24:56.988Z - info: Pages rebuilt
2020-07-15T17:24:56.989Z - info: Website regeneration complete! Total build time: 4.004s
2020-07-15T17:24:57.009Z - info: Site data built
2020-07-15T17:30:21.077Z - info: [1:30:21 AM] Reload for file change: C:\repos\nus-cs2103-AY2021S1\cs2103-website\admin\common-commentary.mbdf
2020-07-15T17:30:21.081Z - info: [1:30:21 AM] Reload for file change: C:\repos\nus-cs2103-AY2021S1\cs2103-website\schedule\week3\commentary-cs2113.mbdf
2020-07-15T17:30:22.087Z - info: Rebuilding 1 pages
2020-07-15T17:30:26.070Z - info: Pages rebuilt
2020-07-15T17:30:26.070Z - info: Website regeneration complete! Total build time: 3.986s
2020-07-15T17:30:26.087Z - info: Site data built
2020-07-15T17:36:39.839Z - info: Building C:\repos\nus-cs2103-AY2021S1\cs2103-website\schedule\week3\project as some of its dependencies were changed since the last visit
2020-07-15T17:36:41.048Z - info: Site data built
2020-07-15T17:36:41.048Z - info: Lazy website regeneration complete! Total build time: 1.21s
2020-07-15T17:36:55.061Z - info: Building C:\repos\nus-cs2103-AY2021S1\cs2103-website\schedule\week4\project as some of its dependencies were changed since the last visit
2020-07-15T17:36:56.792Z - info: Site data built
2020-07-15T17:36:56.793Z - info: Lazy website regeneration complete! Total build time: 1.732s
2020-07-15T17:39:25.668Z - info: [1:39:25 AM] Reload for file change: C:\repos\nus-cs2103-AY2021S1\cs2103-website\schedule\week3\commentary-cs2113.mbdf
2020-07-15T17:39:26.690Z - info: No pages needed to be rebuilt
2020-07-15T17:39:56.460Z - info: Building C:\repos\nus-cs2103-AY2021S1\cs2103-website\schedule\week2\topics as some of its dependencies were changed since the last visit
2020-07-15T17:39:57.649Z - error:  Error: No such file: C:\repos\nus-cs2103-AY2021S1\admin\moduleOverview.md
Missing reference in C:\repos\nus-cs2103-AY2021S1\cs2103-website\admin\common-commentary.mbdf
    at _getFileExistsNode (C:\repos\markbind\markbind\packages\core\src\preprocessors\componentPreprocessor.js:60:19)
    at _preprocessInclude (C:\repos\markbind\markbind\packages\core\src\preprocessors\componentPreprocessor.js:217:26)
    at preProcessComponent (C:\repos\markbind\markbind\packages\core\src\preprocessors\componentPreprocessor.js:349:12)
    at C:\repos\markbind\markbind\packages\core\src\preprocessors\componentPreprocessor.js:124:46
    at Array.map (<anonymous>)
    at _preProcessPanel (C:\repos\markbind\markbind\packages\core\src\preprocessors\componentPreprocessor.js:124:37)
    at preProcessComponent (C:\repos\markbind\markbind\packages\core\src\preprocessors\componentPreprocessor.js:343:12)
    at C:\repos\markbind\markbind\packages\core\src\preprocessors\componentPreprocessor.js:356:52
    at Array.map (<anonymous>)
    at preProcessComponent (C:\repos\markbind\markbind\packages\core\src\preprocessors\componentPreprocessor.js:356:43)
    at C:\repos\markbind\markbind\packages\core\src\preprocessors\componentPreprocessor.js:298:50
    at Array.map (<anonymous>)
    at _preprocessInclude (C:\repos\markbind\markbind\packages\core\src\preprocessors\componentPreprocessor.js:298:41)
    at preProcessComponent (C:\repos\markbind\markbind\packages\core\src\preprocessors\componentPreprocessor.js:349:12)
    at C:\repos\markbind\markbind\packages\core\src\preprocessors\componentPreprocessor.js:356:52
    at Array.map (<anonymous>)
2020-07-15T17:39:59.581Z - info: Site data built
2020-07-15T17:39:59.585Z - info: Lazy website regeneration complete! Total build time: 3.125s
2020-07-15T17:44:04.287Z - info: [1:44:04 AM] Reload for file change: C:\repos\nus-cs2103-AY2021S1\cs2103-website\admin\common-commentary.mbdf
2020-07-15T17:44:04.315Z - info: [1:44:04 AM] Reload for file change: C:\repos\nus-cs2103-AY2021S1\cs2103-website\schedule\week3\commentary-cs2113.mbdf
2020-07-15T17:44:05.303Z - info: Rebuilding 1 pages
2020-07-15T17:44:06.474Z - error:  Error: No such file: C:\repos\nus-cs2103-AY2021S1\admin\moduleOverview.md
Missing reference in C:\repos\nus-cs2103-AY2021S1\cs2103-website\admin\common-commentary.mbdf
    at _getFileExistsNode (C:\repos\markbind\markbind\packages\core\src\preprocessors\componentPreprocessor.js:60:19)
    at _preprocessInclude (C:\repos\markbind\markbind\packages\core\src\preprocessors\componentPreprocessor.js:217:26)
    at preProcessComponent (C:\repos\markbind\markbind\packages\core\src\preprocessors\componentPreprocessor.js:349:12)
    at C:\repos\markbind\markbind\packages\core\src\preprocessors\componentPreprocessor.js:124:46
    at Array.map (<anonymous>)
    at _preProcessPanel (C:\repos\markbind\markbind\packages\core\src\preprocessors\componentPreprocessor.js:124:37)
    at preProcessComponent (C:\repos\markbind\markbind\packages\core\src\preprocessors\componentPreprocessor.js:343:12)
    at C:\repos\markbind\markbind\packages\core\src\preprocessors\componentPreprocessor.js:356:52
    at Array.map (<anonymous>)
    at preProcessComponent (C:\repos\markbind\markbind\packages\core\src\preprocessors\componentPreprocessor.js:356:43)
    at C:\repos\markbind\markbind\packages\core\src\preprocessors\componentPreprocessor.js:298:50
    at Array.map (<anonymous>)
    at _preprocessInclude (C:\repos\markbind\markbind\packages\core\src\preprocessors\componentPreprocessor.js:298:41)
    at preProcessComponent (C:\repos\markbind\markbind\packages\core\src\preprocessors\componentPreprocessor.js:349:12)
    at C:\repos\markbind\markbind\packages\core\src\preprocessors\componentPreprocessor.js:356:52
    at Array.map (<anonymous>)
2020-07-15T17:44:08.958Z - info: Pages rebuilt
2020-07-15T17:44:08.958Z - info: Website regeneration complete! Total build time: 3.664s
2020-07-15T17:44:08.959Z - info: Building C:\repos\nus-cs2103-AY2021S1\cs2103-website\schedule\week3\topics as some of its dependencies were changed since the last visit
2020-07-15T17:44:08.980Z - info: Site data built
2020-07-15T17:44:12.039Z - info: Site data built
2020-07-15T17:44:12.041Z - info: Lazy website regeneration complete! Total build time: 3.082s
2020-07-15T17:46:26.787Z - info: [1:46:26 AM] Reload for file change: C:\repos\nus-cs2103-AY2021S1\cs2103-website\admin\common-commentary.mbdf
2020-07-15T17:46:26.808Z - info: [1:46:26 AM] Reload for file change: C:\repos\nus-cs2103-AY2021S1\cs2103-website\schedule\week3\commentary-cs2113.mbdf
2020-07-15T17:46:27.800Z - info: Rebuilding 1 pages
2020-07-15T17:46:28.995Z - error:  Error: No such segment 'rcs-pull-push' in file: C:\repos\nus-cs2103-AY2021S1\cs2103-website\admin\common-commentary.mbdf
Missing reference in C:\repos\nus-cs2103-AY2021S1\cs2103-website\schedule\week3\commentary-box.md
    at _preprocessInclude (C:\repos\markbind\markbind\packages\core\src\preprocessors\componentPreprocessor.js:264:21)
    at preProcessComponent (C:\repos\markbind\markbind\packages\core\src\preprocessors\componentPreprocessor.js:349:12)
    at C:\repos\markbind\markbind\packages\core\src\preprocessors\componentPreprocessor.js:356:52
    at Array.map (<anonymous>)
    at preProcessComponent (C:\repos\markbind\markbind\packages\core\src\preprocessors\componentPreprocessor.js:356:43)
    at C:\repos\markbind\markbind\packages\core\src\preprocessors\componentPreprocessor.js:356:52
    at Array.map (<anonymous>)
    at preProcessComponent (C:\repos\markbind\markbind\packages\core\src\preprocessors\componentPreprocessor.js:356:43)
    at C:\repos\markbind\markbind\packages\core\src\preprocessors\componentPreprocessor.js:356:52
    at Array.map (<anonymous>)
    at preProcessComponent (C:\repos\markbind\markbind\packages\core\src\preprocessors\componentPreprocessor.js:356:43)
    at C:\repos\markbind\markbind\packages\core\src\preprocessors\componentPreprocessor.js:298:50
    at Array.map (<anonymous>)
    at _preprocessInclude (C:\repos\markbind\markbind\packages\core\src\preprocessors\componentPreprocessor.js:298:41)
    at preProcessComponent (C:\repos\markbind\markbind\packages\core\src\preprocessors\componentPreprocessor.js:349:12)
    at C:\repos\markbind\markbind\packages\core\src\preprocessors\componentPreprocessor.js:356:52
2020-07-15T17:46:31.594Z - info: Pages rebuilt
2020-07-15T17:46:31.595Z - info: Website regeneration complete! Total build time: 3.799s
2020-07-15T17:46:31.617Z - info: Site data built
2020-07-15T17:47:00.476Z - info: [1:47:00 AM] Reload for file change: C:\repos\nus-cs2103-AY2021S1\cs2103-website\admin\common-commentary.mbdf
2020-07-15T17:47:01.491Z - info: Rebuilding 1 pages
2020-07-15T17:47:05.734Z - info: Pages rebuilt
2020-07-15T17:47:05.734Z - info: Website regeneration complete! Total build time: 4.247s
2020-07-15T17:47:05.757Z - info: Site data built
2020-07-15T17:47:38.715Z - info: [1:47:38 AM] Reload for file change: C:\repos\nus-cs2103-AY2021S1\cs2103-website\admin\common-commentary.mbdf
2020-07-15T17:47:39.727Z - info: Rebuilding 1 pages
2020-07-15T17:47:43.698Z - info: Pages rebuilt
2020-07-15T17:47:43.699Z - info: Website regeneration complete! Total build time: 3.976s
2020-07-15T17:47:43.714Z - info: Site data built
2020-07-15T17:49:02.132Z - info: Building C:\repos\nus-cs2103-AY2021S1\cs2103-website\schedule\week2\project as some of its dependencies were changed since the last visit
2020-07-15T17:49:03.188Z - info: Site data built
2020-07-15T17:49:03.189Z - info: Lazy website regeneration complete! Total build time: 1.059s
2020-07-15T17:49:54.037Z - info: Building C:\repos\nus-cs2103-AY2021S1\cs2103-website\schedule\week3\tutorial as some of its dependencies were changed since the last visit
2020-07-15T17:49:54.366Z - info: Site data built
2020-07-15T17:49:54.367Z - info: Lazy website regeneration complete! Total build time: 0.33s
2020-07-16T07:03:56.822Z - info: Website generation (lazy) started at 3:03:49 PM
2020-07-16T07:04:09.837Z - info: Building assets...
2020-07-16T07:04:15.747Z - info: Assets built
2020-07-16T07:04:15.748Z - info: Generating landing page...
2020-07-16T07:04:16.638Z - info: Landing page built, other pages will be built as you navigate to them!
2020-07-16T07:04:16.742Z - info: Website generation (lazy) complete! Total build time: 27.501s
2020-07-16T07:04:17.564Z - info: Serving "C:\repos\nus-cs2103-AY2021S1\cs2103-website\_site" at http://127.0.0.1:8080
2020-07-16T07:04:17.564Z - info: Press CTRL+C to stop ...
2020-07-16T07:04:17.634Z - info: Site data built
2020-07-16T07:04:33.796Z - info: [3:04:33 PM] Reload for file add: C:\repos\nus-cs2103-AY2021S1\cs2103-website\admin\common-tutorial.mbdf
2020-07-16T07:04:34.797Z - info: File added or removed, updating list of site's pages...
2020-07-16T07:04:40.374Z - info: Assets removed
2020-07-16T07:04:41.490Z - info: Building C:\repos\nus-cs2103-AY2021S1\cs2103-website\index as some of its dependencies were changed since the last visit
2020-07-16T07:04:42.022Z - info: Site data built
2020-07-16T07:04:42.023Z - info: Lazy website regeneration complete! Total build time: 0.534s
2020-07-16T07:05:14.186Z - info: Building C:\repos\nus-cs2103-AY2021S1\cs2103-website\schedule\week3\index as some of its dependencies were changed since the last visit
2020-07-16T07:05:15.278Z - info: Site data built
2020-07-16T07:05:15.279Z - info: Lazy website regeneration complete! Total build time: 1.095s
2020-07-16T07:05:18.053Z - info: Building C:\repos\nus-cs2103-AY2021S1\cs2103-website\schedule\week3\tutorial as some of its dependencies were changed since the last visit
2020-07-16T07:05:18.288Z - info: Site data built
2020-07-16T07:05:18.289Z - info: Lazy website regeneration complete! Total build time: 0.236s
2020-07-16T07:07:18.948Z - info: [3:07:18 PM] Reload for file change: C:\repos\nus-cs2103-AY2021S1\cs2103-website\admin\common-tutorial.mbdf
2020-07-16T07:07:19.954Z - info: No pages needed to be rebuilt
2020-07-16T07:08:24.672Z - info: [3:08:24 PM] Reload for file change: C:\repos\nus-cs2103-AY2021S1\cs2103-website\schedule\week3\tutorial-cs2113.mbdf
2020-07-16T07:08:24.680Z - info: [3:08:24 PM] Reload for file change: C:\repos\nus-cs2103-AY2021S1\cs2103-website\admin\common-tutorial.mbdf
2020-07-16T07:08:25.676Z - info: Rebuilding 1 pages
2020-07-16T07:08:26.157Z - info: Pages rebuilt
2020-07-16T07:08:26.158Z - info: Website regeneration complete! Total build time: 0.484s
2020-07-16T07:08:26.166Z - info: Site data built
2020-07-16T07:10:33.118Z - info: [3:10:33 PM] Reload for file change: C:\repos\nus-cs2103-AY2021S1\cs2103-website\schedule\week3\tutorial-cs2103.mbdf
2020-07-16T07:10:33.135Z - info: [3:10:33 PM] Reload for file change: C:\repos\nus-cs2103-AY2021S1\cs2103-website\schedule\week3\tutorial-cs2113.mbdf
2020-07-16T07:10:33.152Z - info: [3:10:33 PM] Reload for file change: C:\repos\nus-cs2103-AY2021S1\cs2103-website\admin\common-tutorial.mbdf
2020-07-16T07:10:34.123Z - info: Rebuilding 1 pages
2020-07-16T07:10:34.446Z - info: Pages rebuilt
2020-07-16T07:10:34.446Z - info: Website regeneration complete! Total build time: 0.325s
2020-07-16T07:10:34.450Z - info: Site data built
2020-07-16T07:12:15.873Z - info: [3:12:15 PM] Reload for file change: C:\repos\nus-cs2103-AY2021S1\cs2103-website\schedule\week3\tutorial-cs2103.mbdf
2020-07-16T07:12:15.888Z - info: [3:12:15 PM] Reload for file change: C:\repos\nus-cs2103-AY2021S1\cs2103-website\schedule\week3\tutorial-cs2113.mbdf
2020-07-16T07:12:15.888Z - info: [3:12:15 PM] Reload for file change: C:\repos\nus-cs2103-AY2021S1\cs2103-website\admin\common-tutorial.mbdf
2020-07-16T07:12:16.882Z - info: Rebuilding 1 pages
2020-07-16T07:12:17.217Z - info: Pages rebuilt
2020-07-16T07:12:17.218Z - info: Website regeneration complete! Total build time: 0.338s
2020-07-16T07:12:17.220Z - info: Site data built
2020-07-16T07:12:39.126Z - info: [3:12:39 PM] Reload for file change: C:\repos\nus-cs2103-AY2021S1\cs2103-website\schedule\week3\tutorial-cs2113.mbdf
2020-07-16T07:12:39.135Z - info: [3:12:39 PM] Reload for file change: C:\repos\nus-cs2103-AY2021S1\cs2103-website\admin\common-tutorial.mbdf
2020-07-16T07:12:40.137Z - info: Rebuilding 1 pages
2020-07-16T07:12:40.440Z - info: Pages rebuilt
2020-07-16T07:12:40.440Z - info: Website regeneration complete! Total build time: 0.307s
2020-07-16T07:12:40.443Z - info: Site data built
2020-07-16T07:14:16.518Z - info: [3:14:16 PM] Reload for file change: C:\repos\nus-cs2103-AY2021S1\cs2103-website\schedule\week3\tutorial-cs2103.mbdf
2020-07-16T07:14:16.526Z - info: [3:14:16 PM] Reload for file change: C:\repos\nus-cs2103-AY2021S1\cs2103-website\schedule\week3\tutorial-cs2113.mbdf
2020-07-16T07:14:16.535Z - info: [3:14:16 PM] Reload for file change: C:\repos\nus-cs2103-AY2021S1\cs2103-website\admin\common-tutorial.mbdf
2020-07-16T07:14:17.524Z - info: Rebuilding 1 pages
2020-07-16T07:14:17.840Z - info: Pages rebuilt
2020-07-16T07:14:17.840Z - info: Website regeneration complete! Total build time: 0.32s
2020-07-16T07:14:17.843Z - info: Site data built
2020-07-16T07:16:13.921Z - info: [3:16:13 PM] Reload for file change: C:\repos\nus-cs2103-AY2021S1\cs2103-website\schedule\week3\tutorial-cs2103.mbdf
2020-07-16T07:16:13.923Z - info: [3:16:13 PM] Reload for file change: C:\repos\nus-cs2103-AY2021S1\cs2103-website\admin\common-tutorial.mbdf
2020-07-16T07:16:13.926Z - info: [3:16:13 PM] Reload for file change: C:\repos\nus-cs2103-AY2021S1\cs2103-website\schedule\week3\tutorial-cs2113.mbdf
2020-07-16T07:16:14.933Z - info: Rebuilding 1 pages
2020-07-16T07:16:15.304Z - info: Pages rebuilt
2020-07-16T07:16:15.304Z - info: Website regeneration complete! Total build time: 0.377s
2020-07-16T07:16:15.309Z - info: Site data built
2020-07-16T07:16:36.000Z - info: [3:16:35 PM] Reload for file deletion: C:\repos\nus-cs2103-AY2021S1\cs2103-website\schedule\week3\images\findViloations.png
2020-07-16T07:16:37.009Z - info: Assets removed
2020-07-16T07:21:31.854Z - info: [3:21:31 PM] Reload for file change: C:\repos\nus-cs2103-AY2021S1\cs2103-website\schedule\week3\tutorial-cs2113.mbdf
2020-07-16T07:21:31.901Z - info: [3:21:31 PM] Reload for file change: C:\repos\nus-cs2103-AY2021S1\cs2103-website\admin\common-tutorial.mbdf
2020-07-16T07:21:32.862Z - info: Rebuilding 1 pages
2020-07-16T07:21:33.298Z - info: Pages rebuilt
2020-07-16T07:21:33.299Z - info: Website regeneration complete! Total build time: 0.443s
2020-07-16T07:21:33.302Z - info: Site data built
2020-07-16T07:21:59.114Z - info: [3:21:59 PM] Reload for file change: C:\repos\nus-cs2103-AY2021S1\cs2103-website\admin\common-tutorial.mbdf
2020-07-16T07:22:00.121Z - info: Rebuilding 1 pages
2020-07-16T07:22:00.392Z - info: Pages rebuilt
2020-07-16T07:22:00.392Z - info: Website regeneration complete! Total build time: 0.274s
2020-07-16T07:22:00.395Z - info: Site data built
2020-07-16T07:24:06.961Z - info: [3:24:06 PM] Reload for file change: C:\repos\nus-cs2103-AY2021S1\cs2103-website\schedule\week3\tutorial-cs2113.mbdf
2020-07-16T07:24:06.962Z - info: [3:24:06 PM] Reload for file change: C:\repos\nus-cs2103-AY2021S1\cs2103-website\admin\common-tutorial.mbdf
2020-07-16T07:24:07.964Z - info: Rebuilding 1 pages
2020-07-16T07:24:08.702Z - info: Pages rebuilt
2020-07-16T07:24:08.703Z - info: Website regeneration complete! Total build time: 0.74s
2020-07-16T07:24:08.709Z - info: Site data built
2020-07-16T07:25:17.651Z - info: [3:25:17 PM] Reload for file change: C:\repos\nus-cs2103-AY2021S1\cs2103-website\admin\common-tutorial.mbdf
2020-07-16T07:25:18.656Z - info: Rebuilding 1 pages
2020-07-16T07:25:19.019Z - info: Pages rebuilt
2020-07-16T07:25:19.019Z - info: Website regeneration complete! Total build time: 0.365s
2020-07-16T07:25:19.022Z - info: Site data built
2020-07-16T07:26:06.516Z - info: [3:26:06 PM] Reload for file change: C:\repos\nus-cs2103-AY2021S1\cs2103-website\admin\common-tutorial.mbdf
2020-07-16T07:26:07.523Z - info: Rebuilding 1 pages
2020-07-16T07:26:07.907Z - info: Pages rebuilt
2020-07-16T07:26:07.907Z - info: Website regeneration complete! Total build time: 0.389s
2020-07-16T07:26:07.910Z - info: Site data built
2020-07-16T07:29:05.484Z - info: [3:29:05 PM] Reload for file change: C:\repos\nus-cs2103-AY2021S1\cs2103-website\schedule\week3\tutorial-cs2103.mbdf
2020-07-16T07:29:05.513Z - info: [3:29:05 PM] Reload for file change: C:\repos\nus-cs2103-AY2021S1\cs2103-website\schedule\week3\tutorial-cs2113.mbdf
2020-07-16T07:29:06.496Z - info: Rebuilding 1 pages
2020-07-16T07:29:06.875Z - info: Pages rebuilt
2020-07-16T07:29:06.876Z - info: Website regeneration complete! Total build time: 0.386s
2020-07-16T07:29:06.879Z - info: Site data built
2020-07-16T07:33:55.900Z - info: [3:33:55 PM] Reload for file change: C:\repos\nus-cs2103-AY2021S1\cs2103-website\schedule\week3\tutorial-cs2103.mbdf
2020-07-16T07:33:56.905Z - info: Rebuilding 1 pages
2020-07-16T07:33:57.280Z - info: Pages rebuilt
2020-07-16T07:33:57.280Z - info: Website regeneration complete! Total build time: 0.379s
2020-07-16T07:33:57.284Z - info: Site data built
2020-07-16T07:35:21.711Z - info: Building C:\repos\nus-cs2103-AY2021S1\cs2103-website\schedule\week3\project as some of its dependencies were changed since the last visit
2020-07-16T07:35:22.489Z - info: Site data built
2020-07-16T07:35:22.490Z - info: Lazy website regeneration complete! Total build time: 0.779s
2020-07-16T07:37:54.234Z - info: [3:37:54 PM] Reload for file change: C:\repos\nus-cs2103-AY2021S1\cs2103-website\admin\common-tutorial.mbdf
2020-07-16T07:37:55.251Z - info: Rebuilding 1 pages
2020-07-16T07:37:55.421Z - error:  Error: No such file: C:\repos\nus-cs2103-AY2021S1\cs2103-website\admin\tp-tasks.md
Missing reference in C:\repos\nus-cs2103-AY2021S1\cs2103-website\admin\common-tutorial.mbdf
    at _getFileExistsNode (C:\repos\markbind\markbind\packages\core\src\preprocessors\componentPreprocessor.js:60:19)
    at _preprocessInclude (C:\repos\markbind\markbind\packages\core\src\preprocessors\componentPreprocessor.js:217:26)
    at preProcessComponent (C:\repos\markbind\markbind\packages\core\src\preprocessors\componentPreprocessor.js:349:12)
    at C:\repos\markbind\markbind\packages\core\src\preprocessors\componentPreprocessor.js:124:46
    at Array.map (<anonymous>)
    at _preProcessPanel (C:\repos\markbind\markbind\packages\core\src\preprocessors\componentPreprocessor.js:124:37)
    at preProcessComponent (C:\repos\markbind\markbind\packages\core\src\preprocessors\componentPreprocessor.js:343:12)
    at C:\repos\markbind\markbind\packages\core\src\preprocessors\componentPreprocessor.js:356:52
    at Array.map (<anonymous>)
    at preProcessComponent (C:\repos\markbind\markbind\packages\core\src\preprocessors\componentPreprocessor.js:356:43)
    at C:\repos\markbind\markbind\packages\core\src\preprocessors\componentPreprocessor.js:356:52
    at Array.map (<anonymous>)
    at preProcessComponent (C:\repos\markbind\markbind\packages\core\src\preprocessors\componentPreprocessor.js:356:43)
    at C:\repos\markbind\markbind\packages\core\src\preprocessors\componentPreprocessor.js:298:50
    at Array.map (<anonymous>)
    at _preprocessInclude (C:\repos\markbind\markbind\packages\core\src\preprocessors\componentPreprocessor.js:298:41)
2020-07-16T07:37:55.785Z - info: Pages rebuilt
2020-07-16T07:37:55.785Z - info: Website regeneration complete! Total build time: 0.54s
2020-07-16T07:37:55.793Z - info: Site data built
2020-07-16T07:38:09.370Z - info: [3:38:09 PM] Reload for file change: C:\repos\nus-cs2103-AY2021S1\cs2103-website\admin\common-tutorial.mbdf
2020-07-16T07:38:10.388Z - info: Rebuilding 1 pages
2020-07-16T07:38:10.977Z - info: Pages rebuilt
2020-07-16T07:38:10.978Z - info: Website regeneration complete! Total build time: 0.593s
2020-07-16T07:38:10.983Z - info: Site data built
2020-07-16T07:38:22.378Z - info: [3:38:22 PM] Reload for file change: C:\repos\nus-cs2103-AY2021S1\cs2103-website\admin\common-tutorial.mbdf
2020-07-16T07:38:23.386Z - info: Rebuilding 1 pages
2020-07-16T07:38:23.745Z - info: Pages rebuilt
2020-07-16T07:38:23.745Z - info: Website regeneration complete! Total build time: 0.362s
2020-07-16T07:38:23.748Z - info: Site data built
2020-07-16T07:40:37.266Z - info: [3:40:37 PM] Reload for file change: C:\repos\nus-cs2103-AY2021S1\cs2103-website\admin\common-tutorial.mbdf
2020-07-16T07:40:38.276Z - info: Rebuilding 1 pages
2020-07-16T07:40:38.652Z - info: Pages rebuilt
2020-07-16T07:40:38.652Z - info: Website regeneration complete! Total build time: 0.385s
2020-07-16T07:40:38.655Z - info: Site data built
2020-07-16T07:46:49.138Z - info: Building C:\repos\nus-cs2103-AY2021S1\cs2103-website\schedule\week4\index as some of its dependencies were changed since the last visit
2020-07-16T07:46:50.818Z - info: Site data built
2020-07-16T07:46:50.820Z - info: Lazy website regeneration complete! Total build time: 1.683s
2020-07-16T08:02:10.560Z - info: [4:02:10 PM] Reload for file change: C:\repos\nus-cs2103-AY2021S1\cs2103-website\_module-CS2113\weeklyAdminTasks.mbdf
2020-07-16T08:02:10.593Z - info: [4:02:10 PM] Reload for file change: C:\repos\nus-cs2103-AY2021S1\cs2103-website\admin\admin-tasks.mbdf
2020-07-16T08:02:10.595Z - info: [4:02:10 PM] Reload for file change: C:\repos\nus-cs2103-AY2021S1\cs2103-website\_module-CS2103\weeklyAdminTasks.mbdf
2020-07-16T08:02:11.635Z - info: Rebuilding 1 pages
2020-07-16T08:02:21.209Z - info: Website generation (lazy) started at 4:02:18 PM
2020-07-16T08:02:32.203Z - info: Building assets...
2020-07-16T08:02:39.040Z - info: Assets built
2020-07-16T08:02:39.041Z - info: Generating landing page...
2020-07-16T08:02:39.940Z - info: Landing page built, other pages will be built as you navigate to them!
2020-07-16T08:02:40.063Z - info: Website generation (lazy) complete! Total build time: 21.973s
2020-07-16T08:02:40.897Z - info: Serving "C:\repos\nus-cs2103-AY2021S1\cs2103-website\_site" at http://127.0.0.1:8080
2020-07-16T08:02:40.897Z - info: Press CTRL+C to stop ...
2020-07-16T08:02:40.972Z - info: Site data built
2020-07-16T08:02:52.157Z - info: Building C:\repos\nus-cs2103-AY2021S1\cs2103-website\schedule\week4\index as some of its dependencies were changed since the last visit
2020-07-16T08:02:53.874Z - info: Site data built
2020-07-16T08:02:53.874Z - info: Lazy website regeneration complete! Total build time: 1.717s
2020-07-16T08:05:11.774Z - info: Building C:\repos\nus-cs2103-AY2021S1\cs2103-website\schedule\week4\admin as some of its dependencies were changed since the last visit
2020-07-16T08:05:12.487Z - info: Site data built
2020-07-16T08:05:12.487Z - info: Lazy website regeneration complete! Total build time: 0.717s
2020-07-16T08:05:16.751Z - info: Building C:\repos\nus-cs2103-AY2021S1\cs2103-website\schedule\timeline as some of its dependencies were changed since the last visit
2020-07-16T08:05:23.882Z - info: Site data built
2020-07-16T08:05:23.884Z - info: Lazy website regeneration complete! Total build time: 7.134s
2020-07-16T08:07:29.269Z - info: [4:07:29 PM] Reload for file change: C:\repos\nus-cs2103-AY2021S1\cs2103-website\_module-CS2103\weeklyTpTasks.mbdf
2020-07-16T08:07:29.293Z - info: [4:07:29 PM] Reload for file change: C:\repos\nus-cs2103-AY2021S1\cs2103-website\_module-CS2113\weeklyTpTasks.mbdf
2020-07-16T08:07:30.286Z - info: No pages needed to be rebuilt
2020-07-16T08:08:10.812Z - info: Building C:\repos\nus-cs2103-AY2021S1\cs2103-website\schedule\week4\topics as some of its dependencies were changed since the last visit
2020-07-16T08:08:15.410Z - info: Site data built
2020-07-16T08:08:15.411Z - info: Lazy website regeneration complete! Total build time: 4.6s
2020-07-16T08:13:57.228Z - info: [4:13:57 PM] Reload for file add: C:\repos\nus-cs2103-AY2021S1\cs2103-website\schedule\week4\commentary-cs2113.mbdf
2020-07-16T08:13:58.238Z - info: File added or removed, updating list of site's pages...
2020-07-16T08:14:04.365Z - info: Assets removed
2020-07-16T08:14:05.475Z - info: Building C:\repos\nus-cs2103-AY2021S1\cs2103-website\schedule\week4\topics as some of its dependencies were changed since the last visit
2020-07-16T08:14:09.146Z - info: Site data built
2020-07-16T08:14:09.146Z - info: Lazy website regeneration complete! Total build time: 3.671s
2020-07-16T08:14:20.454Z - info: [4:14:20 PM] Reload for file change: C:\repos\nus-cs2103-AY2021S1\cs2103-website\admin\common-commentary.mbdf
2020-07-16T08:14:20.488Z - info: [4:14:20 PM] Reload for file change: C:\repos\nus-cs2103-AY2021S1\cs2103-website\schedule\week4\commentary-cs2113.mbdf
2020-07-16T08:14:21.473Z - info: Rebuilding 1 pages
2020-07-16T08:14:24.756Z - info: Pages rebuilt
2020-07-16T08:14:24.756Z - info: Website regeneration complete! Total build time: 3.285s
2020-07-16T08:14:24.764Z - info: Site data built
2020-07-16T08:15:29.109Z - info: [4:15:29 PM] Reload for file change: C:\repos\nus-cs2103-AY2021S1\cs2103-website\schedule\week4\commentary-cs2113.mbdf
2020-07-16T08:15:30.125Z - info: Rebuilding 1 pages
2020-07-16T08:15:33.541Z - info: Pages rebuilt
2020-07-16T08:15:33.542Z - info: Website regeneration complete! Total build time: 3.417s
2020-07-16T08:15:33.557Z - info: Site data built
2020-07-16T08:16:52.134Z - info: [4:16:52 PM] Reload for file change: C:\repos\nus-cs2103-AY2021S1\cs2103-website\schedule\week4\commentary-cs2113.mbdf
2020-07-16T08:16:53.142Z - info: Rebuilding 1 pages
2020-07-16T08:16:53.529Z - error:  Error: No such segment 'oop-inheritance-what' in file: C:\repos\nus-cs2103-AY2021S1\cs2103-website\admin\common-commentary.mbdf
Missing reference in C:\repos\nus-cs2103-AY2021S1\cs2103-website\schedule\week4\commentary-box.md
    at _preprocessInclude (C:\repos\markbind\markbind\packages\core\src\preprocessors\componentPreprocessor.js:264:21)
    at preProcessComponent (C:\repos\markbind\markbind\packages\core\src\preprocessors\componentPreprocessor.js:349:12)
    at C:\repos\markbind\markbind\packages\core\src\preprocessors\componentPreprocessor.js:356:52
    at Array.map (<anonymous>)
    at preProcessComponent (C:\repos\markbind\markbind\packages\core\src\preprocessors\componentPreprocessor.js:356:43)
    at C:\repos\markbind\markbind\packages\core\src\preprocessors\componentPreprocessor.js:356:52
    at Array.map (<anonymous>)
    at preProcessComponent (C:\repos\markbind\markbind\packages\core\src\preprocessors\componentPreprocessor.js:356:43)
    at C:\repos\markbind\markbind\packages\core\src\preprocessors\componentPreprocessor.js:356:52
    at Array.map (<anonymous>)
    at preProcessComponent (C:\repos\markbind\markbind\packages\core\src\preprocessors\componentPreprocessor.js:356:43)
    at C:\repos\markbind\markbind\packages\core\src\preprocessors\componentPreprocessor.js:298:50
    at Array.map (<anonymous>)
    at _preprocessInclude (C:\repos\markbind\markbind\packages\core\src\preprocessors\componentPreprocessor.js:298:41)
    at preProcessComponent (C:\repos\markbind\markbind\packages\core\src\preprocessors\componentPreprocessor.js:349:12)
    at C:\repos\markbind\markbind\packages\core\src\preprocessors\componentPreprocessor.js:356:52
2020-07-16T08:16:56.780Z - info: Pages rebuilt
2020-07-16T08:16:56.781Z - info: Website regeneration complete! Total build time: 3.641s
2020-07-16T08:16:56.796Z - info: Site data built
2020-07-16T08:17:35.771Z - info: [4:17:35 PM] Reload for file change: C:\repos\nus-cs2103-AY2021S1\cs2103-website\schedule\week4\commentary-cs2113.mbdf
2020-07-16T08:17:36.788Z - info: Rebuilding 1 pages
2020-07-16T08:17:37.179Z - error:  Error: No such segment 'oop-inheritance-what' in file: C:\repos\nus-cs2103-AY2021S1\cs2103-website\admin\common-commentary.mbdf
Missing reference in C:\repos\nus-cs2103-AY2021S1\cs2103-website\schedule\week4\commentary-box.md
    at _preprocessInclude (C:\repos\markbind\markbind\packages\core\src\preprocessors\componentPreprocessor.js:264:21)
    at preProcessComponent (C:\repos\markbind\markbind\packages\core\src\preprocessors\componentPreprocessor.js:349:12)
    at C:\repos\markbind\markbind\packages\core\src\preprocessors\componentPreprocessor.js:356:52
    at Array.map (<anonymous>)
    at preProcessComponent (C:\repos\markbind\markbind\packages\core\src\preprocessors\componentPreprocessor.js:356:43)
    at C:\repos\markbind\markbind\packages\core\src\preprocessors\componentPreprocessor.js:356:52
    at Array.map (<anonymous>)
    at preProcessComponent (C:\repos\markbind\markbind\packages\core\src\preprocessors\componentPreprocessor.js:356:43)
    at C:\repos\markbind\markbind\packages\core\src\preprocessors\componentPreprocessor.js:356:52
    at Array.map (<anonymous>)
    at preProcessComponent (C:\repos\markbind\markbind\packages\core\src\preprocessors\componentPreprocessor.js:356:43)
    at C:\repos\markbind\markbind\packages\core\src\preprocessors\componentPreprocessor.js:298:50
    at Array.map (<anonymous>)
    at _preprocessInclude (C:\repos\markbind\markbind\packages\core\src\preprocessors\componentPreprocessor.js:298:41)
    at preProcessComponent (C:\repos\markbind\markbind\packages\core\src\preprocessors\componentPreprocessor.js:349:12)
    at C:\repos\markbind\markbind\packages\core\src\preprocessors\componentPreprocessor.js:356:52
2020-07-16T08:17:40.235Z - info: Pages rebuilt
2020-07-16T08:17:40.235Z - info: Website regeneration complete! Total build time: 3.449s
2020-07-16T08:17:40.243Z - info: Site data built
2020-07-16T08:17:50.883Z - info: [4:17:50 PM] Reload for file change: C:\repos\nus-cs2103-AY2021S1\cs2103-website\schedule\week4\commentary-cs2113.mbdf
2020-07-16T08:17:51.890Z - info: Rebuilding 1 pages
2020-07-16T08:17:54.595Z - info: Pages rebuilt
2020-07-16T08:17:54.595Z - info: Website regeneration complete! Total build time: 2.709s
2020-07-16T08:17:54.608Z - info: Site data built
2020-07-16T08:18:11.450Z - info: [4:18:11 PM] Reload for file change: C:\repos\nus-cs2103-AY2021S1\cs2103-website\admin\common-commentary.mbdf
2020-07-16T08:18:12.473Z - info: No pages needed to be rebuilt
2020-07-16T08:20:55.380Z - info: [4:20:55 PM] Reload for file change: C:\repos\nus-cs2103-AY2021S1\cs2103-website\common\topics.njk
2020-07-16T08:20:55.385Z - info: [4:20:55 PM] Reload for file change: C:\repos\nus-cs2103-AY2021S1\cs2103-website\admin\common-commentary.mbdf
2020-07-16T08:20:55.400Z - info: [4:20:55 PM] Reload for file change: C:\repos\nus-cs2103-AY2021S1\cs2103-website\schedule\week4\commentary-cs2113.mbdf
2020-07-16T08:20:56.396Z - info: Rebuilding 1 pages
2020-07-16T08:21:05.987Z - info: Website generation (lazy) started at 4:21:02 PM
2020-07-16T08:21:21.136Z - info: Building assets...
2020-07-16T08:21:30.833Z - info: Assets built
2020-07-16T08:21:30.834Z - info: Generating landing page...
2020-07-16T08:21:31.680Z - info: Landing page built, other pages will be built as you navigate to them!
2020-07-16T08:21:31.780Z - info: Website generation (lazy) complete! Total build time: 28.924s
2020-07-16T08:21:33.179Z - info: Serving "C:\repos\nus-cs2103-AY2021S1\cs2103-website\_site" at http://127.0.0.1:8080
2020-07-16T08:21:33.180Z - info: Press CTRL+C to stop ...
2020-07-16T08:21:33.263Z - info: Site data built
2020-07-16T08:21:53.198Z - info: Building C:\repos\nus-cs2103-AY2021S1\cs2103-website\schedule\week4\topics as some of its dependencies were changed since the last visit
2020-07-16T08:21:56.803Z - info: Site data built
2020-07-16T08:21:56.805Z - info: Lazy website regeneration complete! Total build time: 3.608s
2020-07-16T08:22:21.101Z - info: [4:22:21 PM] Reload for file change: C:\repos\nus-cs2103-AY2021S1\cs2103-website\admin\common-commentary.mbdf
2020-07-16T08:22:22.127Z - info: Rebuilding 1 pages
2020-07-16T08:22:26.708Z - info: Pages rebuilt
2020-07-16T08:22:26.708Z - info: Website regeneration complete! Total build time: 4.59s
2020-07-16T08:22:26.725Z - info: Site data built
2020-07-16T08:24:27.678Z - info: [4:24:27 PM] Reload for file change: C:\repos\nus-cs2103-AY2021S1\cs2103-website\admin\common-commentary.mbdf
2020-07-16T08:24:27.678Z - info: [4:24:27 PM] Reload for file change: C:\repos\nus-cs2103-AY2021S1\cs2103-website\schedule\week4\commentary-cs2113.mbdf
2020-07-16T08:24:28.685Z - info: Rebuilding 1 pages
2020-07-16T08:24:33.918Z - info: Pages rebuilt
2020-07-16T08:24:33.919Z - info: Website regeneration complete! Total build time: 5.237s
2020-07-16T08:24:33.937Z - info: Site data built
2020-07-16T08:25:30.645Z - info: Building C:\repos\nus-cs2103-AY2021S1\cs2103-website\schedule\week3\topics as some of its dependencies were changed since the last visit
2020-07-16T08:25:34.748Z - info: Site data built
2020-07-16T08:25:34.749Z - info: Lazy website regeneration complete! Total build time: 4.105s
2020-07-16T08:28:40.153Z - info: [4:28:40 PM] Reload for file change: C:\repos\nus-cs2103-AY2021S1\cs2103-website\admin\common-commentary.mbdf
2020-07-16T08:28:41.180Z - info: Rebuilding 1 pages
2020-07-16T08:28:45.752Z - info: Pages rebuilt
2020-07-16T08:28:45.752Z - info: Website regeneration complete! Total build time: 4.577s
2020-07-16T08:28:45.768Z - info: Site data built
2020-07-16T08:29:14.775Z - info: [4:29:14 PM] Reload for file change: C:\repos\nus-cs2103-AY2021S1\cs2103-website\schedule\week3\commentary-cs2113.mbdf
2020-07-16T08:29:15.791Z - info: Rebuilding 1 pages
2020-07-16T08:29:20.900Z - info: Pages rebuilt
2020-07-16T08:29:20.901Z - info: Website regeneration complete! Total build time: 5.114s
2020-07-16T08:29:20.915Z - info: Site data built
2020-07-16T08:29:39.437Z - info: [4:29:39 PM] Reload for file change: C:\repos\nus-cs2103-AY2021S1\cs2103-website\admin\common-commentary.mbdf
2020-07-16T08:29:40.454Z - info: Rebuilding 1 pages
2020-07-16T08:29:43.958Z - info: Pages rebuilt
2020-07-16T08:29:43.958Z - info: Website regeneration complete! Total build time: 3.506s
2020-07-16T08:29:43.969Z - info: Site data built
2020-07-16T08:30:29.350Z - info: [4:30:29 PM] Reload for file change: C:\repos\nus-cs2103-AY2021S1\cs2103-website\admin\common-commentary.mbdf
2020-07-16T08:30:30.361Z - info: Rebuilding 1 pages
2020-07-16T08:30:34.731Z - info: Pages rebuilt
2020-07-16T08:30:34.732Z - info: Website regeneration complete! Total build time: 4.373s
2020-07-16T08:30:34.754Z - info: Site data built
2020-07-16T08:31:42.101Z - info: [4:31:42 PM] Reload for file change: C:\repos\nus-cs2103-AY2021S1\cs2103-website\admin\common-commentary.mbdf
2020-07-16T08:31:43.106Z - info: Rebuilding 1 pages
2020-07-16T08:31:46.705Z - info: Pages rebuilt
2020-07-16T08:31:46.706Z - info: Website regeneration complete! Total build time: 3.602s
2020-07-16T08:31:46.730Z - info: Site data built
2020-07-16T08:31:54.452Z - info: Building C:\repos\nus-cs2103-AY2021S1\cs2103-website\schedule\week4\topics as some of its dependencies were changed since the last visit
2020-07-16T08:31:58.054Z - info: Site data built
2020-07-16T08:31:58.055Z - info: Lazy website regeneration complete! Total build time: 3.603s
2020-07-16T08:32:44.429Z - info: [4:32:44 PM] Reload for file change: C:\repos\nus-cs2103-AY2021S1\cs2103-website\admin\common-commentary.mbdf
2020-07-16T08:32:45.442Z - info: Rebuilding 1 pages
2020-07-16T08:32:49.001Z - info: Pages rebuilt
2020-07-16T08:32:49.002Z - info: Website regeneration complete! Total build time: 3.565s
2020-07-16T08:32:49.017Z - info: Site data built
2020-07-16T08:33:46.979Z - info: [4:33:46 PM] Reload for file change: C:\repos\nus-cs2103-AY2021S1\cs2103-website\admin\common-commentary.mbdf
2020-07-16T08:33:47.997Z - info: Rebuilding 1 pages
2020-07-16T08:33:51.864Z - info: Pages rebuilt
2020-07-16T08:33:51.865Z - info: Website regeneration complete! Total build time: 3.873s
2020-07-16T08:33:51.876Z - info: Site data built
2020-07-16T08:34:18.296Z - info: [4:34:18 PM] Reload for file change: C:\repos\nus-cs2103-AY2021S1\cs2103-website\admin\common-commentary.mbdf
2020-07-16T08:34:19.312Z - info: Rebuilding 1 pages
2020-07-16T08:34:22.890Z - info: Pages rebuilt
2020-07-16T08:34:22.891Z - info: Website regeneration complete! Total build time: 3.584s
2020-07-16T08:34:22.906Z - info: Site data built
2020-07-16T08:35:29.503Z - info: [4:35:29 PM] Reload for file change: C:\repos\nus-cs2103-AY2021S1\cs2103-website\admin\common-commentary.mbdf
2020-07-16T08:35:30.523Z - info: Rebuilding 1 pages
2020-07-16T08:35:33.957Z - info: Pages rebuilt
2020-07-16T08:35:33.958Z - info: Website regeneration complete! Total build time: 3.437s
2020-07-16T08:35:33.979Z - info: Site data built
2020-07-16T08:36:02.148Z - info: [4:36:02 PM] Reload for file change: C:\repos\nus-cs2103-AY2021S1\cs2103-website\admin\common-commentary.mbdf
2020-07-16T08:36:03.155Z - info: Rebuilding 1 pages
2020-07-16T08:36:07.217Z - info: Pages rebuilt
2020-07-16T08:36:07.218Z - info: Website regeneration complete! Total build time: 4.064s
2020-07-16T08:36:07.235Z - info: Site data built
2020-07-16T08:38:22.674Z - info: [4:38:22 PM] Reload for file change: C:\repos\nus-cs2103-AY2021S1\cs2103-website\admin\common-commentary.mbdf
2020-07-16T08:38:22.728Z - info: [4:38:22 PM] Reload for file change: C:\repos\nus-cs2103-AY2021S1\cs2103-website\schedule\week4\commentary-cs2113.mbdf
2020-07-16T08:38:23.730Z - info: Rebuilding 1 pages
2020-07-16T08:38:27.362Z - info: Pages rebuilt
2020-07-16T08:38:27.363Z - info: Website regeneration complete! Total build time: 3.635s
2020-07-16T08:38:27.384Z - info: Site data built
2020-07-16T08:41:20.777Z - info: [4:41:20 PM] Reload for file change: C:\repos\nus-cs2103-AY2021S1\cs2103-website\admin\common-commentary.mbdf
2020-07-16T08:41:20.787Z - info: [4:41:20 PM] Reload for file change: C:\repos\nus-cs2103-AY2021S1\cs2103-website\schedule\week4\commentary-cs2113.mbdf
2020-07-16T08:41:21.793Z - info: Rebuilding 1 pages
2020-07-16T08:41:25.973Z - info: Pages rebuilt
2020-07-16T08:41:25.974Z - info: Website regeneration complete! Total build time: 4.183s
2020-07-16T08:41:25.989Z - info: Site data built
2020-07-16T08:43:56.451Z - info: [4:43:56 PM] Reload for file change: C:\repos\nus-cs2103-AY2021S1\cs2103-website\admin\common-commentary.mbdf
2020-07-16T08:43:57.458Z - info: Rebuilding 1 pages
2020-07-16T08:44:00.997Z - info: Pages rebuilt
2020-07-16T08:44:00.997Z - info: Website regeneration complete! Total build time: 3.542s
2020-07-16T08:44:01.007Z - info: Site data built
2020-07-16T08:44:10.637Z - info: [4:44:10 PM] Reload for file change: C:\repos\nus-cs2103-AY2021S1\cs2103-website\schedule\week4\commentary-cs2113.mbdf
2020-07-16T08:44:11.647Z - info: Rebuilding 1 pages
2020-07-16T08:44:14.575Z - info: Pages rebuilt
2020-07-16T08:44:14.576Z - info: Website regeneration complete! Total build time: 2.931s
2020-07-16T08:44:14.620Z - info: Site data built
2020-07-16T08:46:47.657Z - info: [4:46:47 PM] Reload for file change: C:\repos\nus-cs2103-AY2021S1\cs2103-website\admin\common-commentary.mbdf
2020-07-16T08:46:47.719Z - info: [4:46:47 PM] Reload for file change: C:\repos\nus-cs2103-AY2021S1\cs2103-website\admin\common-commentary.mbdf
2020-07-16T08:46:47.726Z - info: [4:46:47 PM] Reload for file change: C:\repos\nus-cs2103-AY2021S1\cs2103-website\schedule\week4\commentary-cs2113.mbdf
2020-07-16T08:46:48.724Z - info: Rebuilding 1 pages
2020-07-16T08:46:52.200Z - info: Pages rebuilt
2020-07-16T08:46:52.201Z - info: Website regeneration complete! Total build time: 3.483s
2020-07-16T08:46:52.217Z - info: Site data built
2020-07-16T08:49:53.220Z - info: [4:49:53 PM] Reload for file change: C:\repos\nus-cs2103-AY2021S1\cs2103-website\_module-CS2113\weeklyTextbookTopics.mbdf
2020-07-16T08:49:53.258Z - info: [4:49:53 PM] Reload for file change: C:\repos\nus-cs2103-AY2021S1\cs2103-website\schedule\week4\commentary-cs2113.mbdf
2020-07-16T08:49:54.260Z - info: Rebuilding 1 pages
2020-07-16T08:49:57.393Z - info: Pages rebuilt
2020-07-16T08:49:57.394Z - info: Website regeneration complete! Total build time: 3.135s
2020-07-16T08:49:57.445Z - info: Site data built
2020-07-16T08:51:14.874Z - info: [4:51:14 PM] Reload for file change: C:\repos\nus-cs2103-AY2021S1\cs2103-website\schedule\week2\commentary-cs2103.mbdf
2020-07-16T08:51:15.893Z - info: No pages needed to be rebuilt
2020-07-16T08:51:20.263Z - info: [4:51:20 PM] Reload for file change: C:\repos\nus-cs2103-AY2021S1\cs2103-website\schedule\week4\commentary-cs2113.mbdf
2020-07-16T08:51:21.272Z - info: Rebuilding 1 pages
2020-07-16T08:51:24.680Z - info: Pages rebuilt
2020-07-16T08:51:24.680Z - info: Website regeneration complete! Total build time: 3.409s
2020-07-16T08:51:24.756Z - info: Site data built
2020-07-16T08:52:34.501Z - info: [4:52:34 PM] Reload for file change: C:\repos\nus-cs2103-AY2021S1\cs2103-website\admin\common-commentary.mbdf
2020-07-16T08:52:35.513Z - info: Rebuilding 1 pages
2020-07-16T08:52:38.948Z - info: Pages rebuilt
2020-07-16T08:52:38.949Z - info: Website regeneration complete! Total build time: 3.438s
2020-07-16T08:52:38.959Z - info: Site data built
2020-07-16T08:53:14.531Z - info: [4:53:14 PM] Reload for file change: C:\repos\nus-cs2103-AY2021S1\cs2103-website\admin\common-commentary.mbdf
2020-07-16T08:53:15.542Z - info: Rebuilding 1 pages
2020-07-16T08:53:18.738Z - info: Pages rebuilt
2020-07-16T08:53:18.739Z - info: Website regeneration complete! Total build time: 3.198s
2020-07-16T08:53:18.754Z - info: Site data built
2020-07-16T08:53:40.689Z - info: [4:53:40 PM] Reload for file change: C:\repos\nus-cs2103-AY2021S1\cs2103-website\admin\common-commentary.mbdf
2020-07-16T08:53:41.707Z - info: Rebuilding 1 pages
2020-07-16T08:53:45.211Z - info: Pages rebuilt
2020-07-16T08:53:45.212Z - info: Website regeneration complete! Total build time: 3.507s
2020-07-16T08:53:45.238Z - info: Site data built
2020-07-16T08:54:46.423Z - info: Website generation (lazy) started at 4:54:43 PM
2020-07-16T08:55:01.557Z - info: Building assets...
2020-07-16T08:55:12.557Z - info: Assets built
2020-07-16T08:55:12.558Z - info: Generating landing page...
2020-07-16T08:55:13.611Z - info: Landing page built, other pages will be built as you navigate to them!
2020-07-16T08:55:13.697Z - info: Website generation (lazy) complete! Total build time: 30.563s
2020-07-16T08:55:15.190Z - info: Serving "C:\repos\nus-cs2103-AY2021S1\cs2103-website\_site" at http://127.0.0.1:8080
2020-07-16T08:55:15.191Z - info: Press CTRL+C to stop ...
2020-07-16T08:55:15.254Z - info: Site data built
2020-07-16T08:56:04.131Z - info: [4:56:04 PM] Reload for file change: C:\repos\nus-cs2103-AY2021S1\cs2103-website\admin\moduleOverview.md
2020-07-16T08:56:05.151Z - info: Rebuilding 1 pages
2020-07-16T08:56:05.905Z - info: Pages rebuilt
2020-07-16T08:56:05.905Z - info: Website regeneration complete! Total build time: 0.756s
2020-07-16T08:56:05.916Z - info: Site data built
2020-07-16T08:58:23.434Z - info: Building C:\repos\nus-cs2103-AY2021S1\cs2103-website\schedule\week2\index as some of its dependencies were changed since the last visit
2020-07-16T08:58:24.400Z - info: Site data built
2020-07-16T08:58:24.400Z - info: Lazy website regeneration complete! Total build time: 0.967s
2020-07-16T08:58:27.817Z - info: Building C:\repos\nus-cs2103-AY2021S1\cs2103-website\schedule\week2\topics as some of its dependencies were changed since the last visit
2020-07-16T08:58:29.300Z - error:  Error: No such file: C:\repos\nus-cs2103-AY2021S1\admin\moduleOverview.md
Missing reference in C:\repos\nus-cs2103-AY2021S1\cs2103-website\admin\common-commentary.mbdf
    at _getFileExistsNode (C:\repos\markbind\markbind\packages\core\src\preprocessors\componentPreprocessor.js:60:19)
    at _preprocessInclude (C:\repos\markbind\markbind\packages\core\src\preprocessors\componentPreprocessor.js:217:26)
    at preProcessComponent (C:\repos\markbind\markbind\packages\core\src\preprocessors\componentPreprocessor.js:349:12)
    at C:\repos\markbind\markbind\packages\core\src\preprocessors\componentPreprocessor.js:124:46
    at Array.map (<anonymous>)
    at _preProcessPanel (C:\repos\markbind\markbind\packages\core\src\preprocessors\componentPreprocessor.js:124:37)
    at preProcessComponent (C:\repos\markbind\markbind\packages\core\src\preprocessors\componentPreprocessor.js:343:12)
    at C:\repos\markbind\markbind\packages\core\src\preprocessors\componentPreprocessor.js:356:52
    at Array.map (<anonymous>)
    at preProcessComponent (C:\repos\markbind\markbind\packages\core\src\preprocessors\componentPreprocessor.js:356:43)
    at C:\repos\markbind\markbind\packages\core\src\preprocessors\componentPreprocessor.js:298:50
    at Array.map (<anonymous>)
    at _preprocessInclude (C:\repos\markbind\markbind\packages\core\src\preprocessors\componentPreprocessor.js:298:41)
    at preProcessComponent (C:\repos\markbind\markbind\packages\core\src\preprocessors\componentPreprocessor.js:349:12)
    at C:\repos\markbind\markbind\packages\core\src\preprocessors\componentPreprocessor.js:356:52
    at Array.map (<anonymous>)
2020-07-16T08:58:31.200Z - info: Site data built
2020-07-16T08:58:31.201Z - info: Lazy website regeneration complete! Total build time: 3.384s
2020-07-16T09:00:19.123Z - info: [5:00:19 PM] Reload for file change: C:\repos\nus-cs2103-AY2021S1\cs2103-website\admin\common-commentary.mbdf
2020-07-16T09:00:20.135Z - info: Rebuilding 1 pages
2020-07-16T09:00:21.596Z - error:  Error: No such file: C:\repos\nus-cs2103-AY2021S1\admin\moduleOverview.md
Missing reference in C:\repos\nus-cs2103-AY2021S1\cs2103-website\admin\common-commentary.mbdf
    at _getFileExistsNode (C:\repos\markbind\markbind\packages\core\src\preprocessors\componentPreprocessor.js:60:19)
    at _preprocessInclude (C:\repos\markbind\markbind\packages\core\src\preprocessors\componentPreprocessor.js:217:26)
    at preProcessComponent (C:\repos\markbind\markbind\packages\core\src\preprocessors\componentPreprocessor.js:349:12)
    at C:\repos\markbind\markbind\packages\core\src\preprocessors\componentPreprocessor.js:124:46
    at Array.map (<anonymous>)
    at _preProcessPanel (C:\repos\markbind\markbind\packages\core\src\preprocessors\componentPreprocessor.js:124:37)
    at preProcessComponent (C:\repos\markbind\markbind\packages\core\src\preprocessors\componentPreprocessor.js:343:12)
    at C:\repos\markbind\markbind\packages\core\src\preprocessors\componentPreprocessor.js:356:52
    at Array.map (<anonymous>)
    at preProcessComponent (C:\repos\markbind\markbind\packages\core\src\preprocessors\componentPreprocessor.js:356:43)
    at C:\repos\markbind\markbind\packages\core\src\preprocessors\componentPreprocessor.js:298:50
    at Array.map (<anonymous>)
    at _preprocessInclude (C:\repos\markbind\markbind\packages\core\src\preprocessors\componentPreprocessor.js:298:41)
    at preProcessComponent (C:\repos\markbind\markbind\packages\core\src\preprocessors\componentPreprocessor.js:349:12)
    at C:\repos\markbind\markbind\packages\core\src\preprocessors\componentPreprocessor.js:356:52
    at Array.map (<anonymous>)
2020-07-16T09:00:23.951Z - info: Pages rebuilt
2020-07-16T09:00:23.952Z - info: Website regeneration complete! Total build time: 3.82s
2020-07-16T09:00:23.976Z - info: Site data built
2020-07-16T09:01:37.764Z - info: [5:01:37 PM] Reload for file change: C:\repos\nus-cs2103-AY2021S1\cs2103-website\admin\common-commentary.mbdf
2020-07-16T09:01:38.773Z - info: Rebuilding 1 pages
2020-07-16T09:01:40.239Z - error:  Error: No such file: C:\repos\nus-cs2103-AY2021S1\admin\moduleOverview.md
Missing reference in C:\repos\nus-cs2103-AY2021S1\cs2103-website\admin\common-commentary.mbdf
    at _getFileExistsNode (C:\repos\markbind\markbind\packages\core\src\preprocessors\componentPreprocessor.js:60:19)
    at _preprocessInclude (C:\repos\markbind\markbind\packages\core\src\preprocessors\componentPreprocessor.js:217:26)
    at preProcessComponent (C:\repos\markbind\markbind\packages\core\src\preprocessors\componentPreprocessor.js:349:12)
    at C:\repos\markbind\markbind\packages\core\src\preprocessors\componentPreprocessor.js:124:46
    at Array.map (<anonymous>)
    at _preProcessPanel (C:\repos\markbind\markbind\packages\core\src\preprocessors\componentPreprocessor.js:124:37)
    at preProcessComponent (C:\repos\markbind\markbind\packages\core\src\preprocessors\componentPreprocessor.js:343:12)
    at C:\repos\markbind\markbind\packages\core\src\preprocessors\componentPreprocessor.js:356:52
    at Array.map (<anonymous>)
    at preProcessComponent (C:\repos\markbind\markbind\packages\core\src\preprocessors\componentPreprocessor.js:356:43)
    at C:\repos\markbind\markbind\packages\core\src\preprocessors\componentPreprocessor.js:298:50
    at Array.map (<anonymous>)
    at _preprocessInclude (C:\repos\markbind\markbind\packages\core\src\preprocessors\componentPreprocessor.js:298:41)
    at preProcessComponent (C:\repos\markbind\markbind\packages\core\src\preprocessors\componentPreprocessor.js:349:12)
    at C:\repos\markbind\markbind\packages\core\src\preprocessors\componentPreprocessor.js:356:52
    at Array.map (<anonymous>)
2020-07-16T09:01:42.216Z - info: Pages rebuilt
2020-07-16T09:01:42.217Z - info: Website regeneration complete! Total build time: 3.448s
2020-07-16T09:01:42.252Z - info: Site data built
2020-07-16T09:02:56.624Z - info: [5:02:56 PM] Reload for file change: C:\repos\nus-cs2103-AY2021S1\cs2103-website\admin\common-commentary.mbdf
2020-07-16T09:02:57.643Z - info: Rebuilding 1 pages
2020-07-16T09:02:59.037Z - error:  Error: No such file: C:\repos\nus-cs2103-AY2021S1\admin\moduleOverview.md
Missing reference in C:\repos\nus-cs2103-AY2021S1\cs2103-website\admin\common-commentary.mbdf
    at _getFileExistsNode (C:\repos\markbind\markbind\packages\core\src\preprocessors\componentPreprocessor.js:60:19)
    at _preprocessInclude (C:\repos\markbind\markbind\packages\core\src\preprocessors\componentPreprocessor.js:217:26)
    at preProcessComponent (C:\repos\markbind\markbind\packages\core\src\preprocessors\componentPreprocessor.js:349:12)
    at C:\repos\markbind\markbind\packages\core\src\preprocessors\componentPreprocessor.js:124:46
    at Array.map (<anonymous>)
    at _preProcessPanel (C:\repos\markbind\markbind\packages\core\src\preprocessors\componentPreprocessor.js:124:37)
    at preProcessComponent (C:\repos\markbind\markbind\packages\core\src\preprocessors\componentPreprocessor.js:343:12)
    at C:\repos\markbind\markbind\packages\core\src\preprocessors\componentPreprocessor.js:356:52
    at Array.map (<anonymous>)
    at preProcessComponent (C:\repos\markbind\markbind\packages\core\src\preprocessors\componentPreprocessor.js:356:43)
    at C:\repos\markbind\markbind\packages\core\src\preprocessors\componentPreprocessor.js:298:50
    at Array.map (<anonymous>)
    at _preprocessInclude (C:\repos\markbind\markbind\packages\core\src\preprocessors\componentPreprocessor.js:298:41)
    at preProcessComponent (C:\repos\markbind\markbind\packages\core\src\preprocessors\componentPreprocessor.js:349:12)
    at C:\repos\markbind\markbind\packages\core\src\preprocessors\componentPreprocessor.js:356:52
    at Array.map (<anonymous>)
2020-07-16T09:03:01.288Z - info: Pages rebuilt
2020-07-16T09:03:01.288Z - info: Website regeneration complete! Total build time: 3.652s
2020-07-16T09:03:01.304Z - info: Site data built
2020-07-16T09:24:05.673Z - info: Building C:\repos\nus-cs2103-AY2021S1\cs2103-website\schedule\week2\project as some of its dependencies were changed since the last visit
2020-07-16T09:24:06.940Z - info: Site data built
2020-07-16T09:24:06.942Z - info: Lazy website regeneration complete! Total build time: 1.271s
2020-07-16T09:29:21.055Z - info: Building C:\repos\nus-cs2103-AY2021S1\cs2103-website\schedule\week4\project as some of its dependencies were changed since the last visit
2020-07-16T09:29:23.127Z - info: Site data built
2020-07-16T09:29:23.127Z - info: Lazy website regeneration complete! Total build time: 2.073s
2020-07-16T09:29:52.636Z - info: Building C:\repos\nus-cs2103-AY2021S1\cs2103-website\schedule\week4\topics as some of its dependencies were changed since the last visit
2020-07-16T09:29:56.571Z - info: Site data built
2020-07-16T09:29:56.573Z - info: Lazy website regeneration complete! Total build time: 3.939s
2020-07-16T09:34:32.157Z - info: [5:34:32 PM] Reload for file change: C:\repos\nus-cs2103-AY2021S1\cs2103-website\_module-CS2113\weeklyTextbookTopics.mbdf
2020-07-16T09:34:33.181Z - info: No pages needed to be rebuilt
2020-07-16T09:34:42.682Z - info: Website generation (lazy) started at 5:34:39 PM
2020-07-16T09:34:54.841Z - info: Building assets...
2020-07-16T09:35:01.862Z - info: Assets built
2020-07-16T09:35:01.863Z - info: Generating landing page...
2020-07-16T09:35:02.777Z - info: Landing page built, other pages will be built as you navigate to them!
2020-07-16T09:35:02.937Z - info: Website generation (lazy) complete! Total build time: 23.438s
2020-07-16T09:35:04.034Z - info: Serving "C:\repos\nus-cs2103-AY2021S1\cs2103-website\_site" at http://127.0.0.1:8080
2020-07-16T09:35:04.034Z - info: Press CTRL+C to stop ...
2020-07-16T09:35:04.107Z - info: Site data built
2020-07-16T09:35:24.892Z - info: Building C:\repos\nus-cs2103-AY2021S1\cs2103-website\schedule\week4\project as some of its dependencies were changed since the last visit
2020-07-16T09:35:26.994Z - info: Site data built
2020-07-16T09:35:26.995Z - info: Lazy website regeneration complete! Total build time: 2.103s
2020-07-16T09:35:32.658Z - info: Building C:\repos\nus-cs2103-AY2021S1\cs2103-website\schedule\week4\topics as some of its dependencies were changed since the last visit
2020-07-16T09:35:36.691Z - info: Site data built
2020-07-16T09:35:36.692Z - info: Lazy website regeneration complete! Total build time: 4.035s
2020-07-16T09:38:15.899Z - info: [5:38:15 PM] Reload for file change: C:\repos\nus-cs2103-AY2021S1\cs2103-website\schedule\week3\commentary-cs2103.mbdf
2020-07-16T09:38:16.910Z - info: No pages needed to be rebuilt
2020-07-16T09:42:32.097Z - info: [5:42:32 PM] Reload for file change: C:\repos\nus-cs2103-AY2021S1\cs2103-website\admin\common-commentary.mbdf
2020-07-16T09:42:33.118Z - info: Rebuilding 1 pages
2020-07-16T09:42:36.983Z - info: Pages rebuilt
2020-07-16T09:42:36.983Z - info: Website regeneration complete! Total build time: 3.866s
2020-07-16T09:42:37.003Z - info: Site data built
2020-07-16T09:42:56.783Z - info: [5:42:56 PM] Reload for file change: C:\repos\nus-cs2103-AY2021S1\cs2103-website\_module-CS2113\weeklyTextbookTopics.mbdf
2020-07-16T09:42:57.787Z - info: No pages needed to be rebuilt
2020-07-16T09:43:05.692Z - info: Website generation (lazy) started at 5:43:03 PM
2020-07-16T09:43:18.011Z - info: Building assets...
2020-07-16T09:43:27.612Z - info: Assets built
2020-07-16T09:43:27.613Z - info: Generating landing page...
2020-07-16T09:43:28.636Z - info: Landing page built, other pages will be built as you navigate to them!
2020-07-16T09:43:28.760Z - info: Website generation (lazy) complete! Total build time: 25.733s
2020-07-16T09:43:29.793Z - info: Serving "C:\repos\nus-cs2103-AY2021S1\cs2103-website\_site" at http://127.0.0.1:8080
2020-07-16T09:43:29.793Z - info: Press CTRL+C to stop ...
2020-07-16T09:43:29.865Z - info: Site data built
2020-07-16T09:43:37.061Z - info: Building C:\repos\nus-cs2103-AY2021S1\cs2103-website\schedule\week4\topics as some of its dependencies were changed since the last visit
2020-07-16T09:43:43.715Z - info: Site data built
2020-07-16T09:43:43.718Z - info: Lazy website regeneration complete! Total build time: 6.657s
2020-07-16T09:44:17.215Z - info: Building C:\repos\nus-cs2103-AY2021S1\cs2103-website\schedule\week4\project as some of its dependencies were changed since the last visit
2020-07-16T09:44:19.380Z - info: Site data built
2020-07-16T09:44:19.382Z - info: Lazy website regeneration complete! Total build time: 2.168s
2020-07-16T09:46:47.065Z - info: [5:46:47 PM] Reload for file change: C:\repos\nus-cs2103-AY2021S1\cs2103-website\admin\ip-tasks.mbdf
2020-07-16T09:46:48.072Z - info: Rebuilding 1 pages
2020-07-16T09:46:50.164Z - info: Pages rebuilt
2020-07-16T09:46:50.164Z - info: Website regeneration complete! Total build time: 2.095s
2020-07-16T09:46:50.172Z - info: Site data built
2020-07-16T09:47:06.075Z - info: [5:47:06 PM] Reload for file change: C:\repos\nus-cs2103-AY2021S1\cs2103-website\admin\ip-tasks.mbdf
2020-07-16T09:47:07.103Z - info: Rebuilding 1 pages
2020-07-16T09:47:08.527Z - info: Pages rebuilt
2020-07-16T09:47:08.528Z - info: Website regeneration complete! Total build time: 1.426s
2020-07-16T09:47:08.534Z - info: Site data built
2020-07-16T09:49:30.032Z - info: [5:49:30 PM] Reload for file change: C:\repos\nus-cs2103-AY2021S1\cs2103-website\admin\ip-tasks.mbdf
2020-07-16T09:49:31.047Z - info: Rebuilding 1 pages
2020-07-16T09:49:33.202Z - info: Pages rebuilt
2020-07-16T09:49:33.203Z - info: Website regeneration complete! Total build time: 2.162s
2020-07-16T09:49:33.237Z - info: Site data built
2020-07-16T09:52:10.256Z - info: Building C:\repos\nus-cs2103-AY2021S1\cs2103-website\schedule\week4\tutorial as some of its dependencies were changed since the last visit
2020-07-16T09:52:11.019Z - info: Site data built
2020-07-16T09:52:11.020Z - info: Lazy website regeneration complete! Total build time: 0.765s
2020-07-16T12:13:31.930Z - info: Website generation (lazy) started at 8:13:28 PM
2020-07-16T12:13:44.056Z - info: Building assets...
2020-07-16T12:13:51.070Z - info: Assets built
2020-07-16T12:13:51.071Z - info: Generating landing page...
2020-07-16T12:13:52.061Z - info: Landing page built, other pages will be built as you navigate to them!
2020-07-16T12:13:52.160Z - info: Website generation (lazy) complete! Total build time: 24.156s
2020-07-16T12:13:53.431Z - info: Serving "C:\repos\nus-cs2103-AY2021S1\cs2103-website\_site" at http://127.0.0.1:8080
2020-07-16T12:13:53.432Z - info: Press CTRL+C to stop ...
2020-07-16T12:13:53.495Z - info: Site data built
2020-07-16T12:17:01.468Z - info: Building C:\repos\nus-cs2103-AY2021S1\cs2103-website\schedule\week4\index as some of its dependencies were changed since the last visit
2020-07-16T12:17:03.514Z - info: Site data built
2020-07-16T12:17:03.515Z - info: Lazy website regeneration complete! Total build time: 2.057s
2020-07-16T12:17:43.277Z - info: Building C:\repos\nus-cs2103-AY2021S1\cs2103-website\schedule\week4\tutorial as some of its dependencies were changed since the last visit
2020-07-16T12:17:44.142Z - info: Site data built
2020-07-16T12:17:44.143Z - info: Lazy website regeneration complete! Total build time: 0.868s
2020-07-16T12:21:53.020Z - info: [8:21:53 PM] Reload for file change: C:\repos\nus-cs2103-AY2021S1\cs2103-website\schedule\week4\tutorial-cs2113.mbdf
2020-07-16T12:21:53.033Z - info: [8:21:53 PM] Reload for file change: C:\repos\nus-cs2103-AY2021S1\cs2103-website\admin\common-tutorial.mbdf
2020-07-16T12:21:54.033Z - info: Rebuilding 1 pages
2020-07-16T12:21:54.486Z - info: Pages rebuilt
2020-07-16T12:21:54.487Z - info: Website regeneration complete! Total build time: 0.46s
2020-07-16T12:21:54.491Z - info: Site data built
2020-07-16T12:22:10.340Z - info: [8:22:10 PM] Reload for file change: C:\repos\nus-cs2103-AY2021S1\cs2103-website\schedule\week4\tutorial-cs2103.mbdf
2020-07-16T12:22:11.346Z - info: No pages needed to be rebuilt
2020-07-16T15:05:25.915Z - info: [11:05:25 PM] Reload for file change: C:\repos\nus-cs2103-AY2021S1\cs2103-website\schedule\week4\tutorial-cs2103.mbdf
2020-07-16T15:05:26.952Z - info: No pages needed to be rebuilt
2020-07-16T15:05:47.817Z - info: [11:05:47 PM] Reload for file change: C:\repos\nus-cs2103-AY2021S1\cs2103-website\schedule\week4\tutorial-cs2113.mbdf
2020-07-16T15:05:47.833Z - info: [11:05:47 PM] Reload for file change: C:\repos\nus-cs2103-AY2021S1\cs2103-website\schedule\week4\tutorial-cs2103.mbdf
2020-07-16T15:05:48.827Z - info: Rebuilding 1 pages
2020-07-16T15:05:49.565Z - info: Pages rebuilt
2020-07-16T15:05:49.565Z - info: Website regeneration complete! Total build time: 0.741s
2020-07-16T15:05:49.570Z - info: Site data built
2020-07-16T15:06:31.240Z - info: [11:06:31 PM] Reload for file change: C:\repos\nus-cs2103-AY2021S1\cs2103-website\schedule\week4\tutorial-cs2113.mbdf
2020-07-16T15:06:32.244Z - info: Rebuilding 1 pages
2020-07-16T15:06:32.581Z - info: Pages rebuilt
2020-07-16T15:06:32.582Z - info: Website regeneration complete! Total build time: 0.339s
2020-07-16T15:06:32.585Z - info: Site data built
2020-07-16T15:07:38.515Z - info: Building C:\repos\nus-cs2103-AY2021S1\cs2103-website\schedule\week4\project as some of its dependencies were changed since the last visit
2020-07-16T15:07:40.356Z - info: Site data built
2020-07-16T15:07:40.357Z - info: Lazy website regeneration complete! Total build time: 1.842s
2020-07-16T15:11:49.605Z - info: [11:11:49 PM] Reload for file change: C:\repos\nus-cs2103-AY2021S1\cs2103-website\schedule\week4\tutorial-cs2113.mbdf
2020-07-16T15:11:50.612Z - info: Rebuilding 1 pages
2020-07-16T15:11:51.487Z - info: Pages rebuilt
2020-07-16T15:11:51.488Z - info: Website regeneration complete! Total build time: 0.878s
2020-07-16T15:11:51.522Z - info: Site data built
2020-07-16T15:13:17.224Z - info: [11:13:17 PM] Reload for file change: C:\repos\nus-cs2103-AY2021S1\cs2103-website\schedule\week4\tutorial-cs2113.mbdf
2020-07-16T15:13:18.241Z - info: Rebuilding 1 pages
2020-07-16T15:13:18.920Z - info: Pages rebuilt
2020-07-16T15:13:18.920Z - info: Website regeneration complete! Total build time: 0.684s
2020-07-16T15:13:18.924Z - info: Site data built
2020-07-16T15:23:11.757Z - info: [11:23:11 PM] Reload for file change: C:\repos\nus-cs2103-AY2021S1\cs2103-website\schedule\week4\tutorial-cs2113.mbdf
2020-07-16T15:23:11.761Z - info: [11:23:11 PM] Reload for file change: C:\repos\nus-cs2103-AY2021S1\cs2103-website\_module-CS2113\studentData.mbdf
2020-07-16T15:23:12.762Z - info: Rebuilding 1 pages
2020-07-16T15:23:13.727Z - info: Pages rebuilt
2020-07-16T15:23:13.727Z - info: Website regeneration complete! Total build time: 0.967s
2020-07-16T15:23:13.730Z - info: Site data built
2020-07-16T15:25:41.131Z - info: [11:25:41 PM] Reload for file change: C:\repos\nus-cs2103-AY2021S1\cs2103-website\schedule\week4\tutorial-cs2113.mbdf
2020-07-16T15:25:42.143Z - info: Rebuilding 1 pages
2020-07-16T15:25:42.848Z - info: Pages rebuilt
2020-07-16T15:25:42.848Z - info: Website regeneration complete! Total build time: 0.708s
2020-07-16T15:25:42.851Z - info: Site data built
2020-07-16T15:29:04.544Z - info: [11:29:04 PM] Reload for file change: C:\repos\nus-cs2103-AY2021S1\cs2103-website\schedule\week4\tutorial-cs2113.mbdf
2020-07-16T15:29:04.554Z - info: [11:29:04 PM] Reload for file change: C:\repos\nus-cs2103-AY2021S1\cs2103-website\_module-CS2113\studentData.mbdf
2020-07-16T15:29:05.553Z - info: Rebuilding 1 pages
2020-07-16T15:29:06.550Z - info: Pages rebuilt
2020-07-16T15:29:06.551Z - info: Website regeneration complete! Total build time: 1.001s
2020-07-16T15:29:06.554Z - info: Site data built
2020-07-16T15:30:09.171Z - info: [11:30:09 PM] Reload for file change: C:\repos\nus-cs2103-AY2021S1\cs2103-website\schedule\week4\tutorial-cs2113.mbdf
2020-07-16T15:30:10.178Z - info: Rebuilding 1 pages
2020-07-16T15:30:10.937Z - info: Pages rebuilt
2020-07-16T15:30:10.938Z - info: Website regeneration complete! Total build time: 0.765s
2020-07-16T15:30:10.941Z - info: Site data built
2020-07-16T15:30:44.252Z - info: [11:30:44 PM] Reload for file change: C:\repos\nus-cs2103-AY2021S1\cs2103-website\schedule\week4\tutorial-cs2113.mbdf
2020-07-16T15:30:45.263Z - info: Rebuilding 1 pages
2020-07-16T15:30:46.529Z - info: Pages rebuilt
2020-07-16T15:30:46.529Z - info: Website regeneration complete! Total build time: 1.272s
2020-07-16T15:30:46.532Z - info: Site data built
2020-07-16T15:33:55.162Z - info: [11:33:55 PM] Reload for file change: C:\repos\nus-cs2103-AY2021S1\cs2103-website\schedule\week4\tutorial-cs2113.mbdf
2020-07-16T15:33:56.169Z - info: Rebuilding 1 pages
2020-07-16T15:33:56.918Z - info: Pages rebuilt
2020-07-16T15:33:56.918Z - info: Website regeneration complete! Total build time: 0.752s
2020-07-16T15:33:56.921Z - info: Site data built
2020-07-16T15:34:15.196Z - info: [11:34:15 PM] Reload for file change: C:\repos\nus-cs2103-AY2021S1\cs2103-website\schedule\week4\tutorial-cs2113.mbdf
2020-07-16T15:34:16.211Z - info: Rebuilding 1 pages
2020-07-16T15:34:17.313Z - info: Pages rebuilt
2020-07-16T15:34:17.314Z - info: Website regeneration complete! Total build time: 1.106s
2020-07-16T15:34:17.318Z - info: Site data built
2020-07-16T15:51:30.960Z - info: [11:51:30 PM] Reload for file change: C:\repos\nus-cs2103-AY2021S1\cs2103-website\schedule\week4\tutorial-cs2113.mbdf
2020-07-16T15:51:31.968Z - info: Rebuilding 1 pages
2020-07-16T15:51:32.883Z - info: Pages rebuilt
2020-07-16T15:51:32.883Z - info: Website regeneration complete! Total build time: 0.917s
2020-07-16T15:51:32.886Z - info: Site data built
2020-07-16T15:54:12.020Z - info: [11:54:12 PM] Reload for file change: C:\repos\nus-cs2103-AY2021S1\cs2103-website\schedule\week4\tutorial-cs2113.mbdf
2020-07-16T15:54:13.040Z - info: Rebuilding 1 pages
2020-07-16T15:54:14.127Z - info: Pages rebuilt
2020-07-16T15:54:14.127Z - info: Website regeneration complete! Total build time: 1.093s
2020-07-16T15:54:14.134Z - info: Site data built
