2020-11-09T16:00:30.823Z - info: [12:00:30 AM] Reload for file change: C:\repos\nus-cs2103-AY2021S1\cs2103-website\admin\exams.md
2020-11-09T16:00:31.851Z - info: Rebuilding 1 pages
2020-11-09T16:00:34.005Z - info: Pages rebuilt
2020-11-09T16:00:34.005Z - info: Website regeneration complete! Total build time: 2.156s
2020-11-09T16:00:34.017Z - info: Site data built
2020-11-09T16:01:11.440Z - info: [12:01:11 AM] Reload for file change: C:\repos\nus-cs2103-AY2021S1\cs2103-website\admin\exams.md
2020-11-09T16:01:12.447Z - info: Rebuilding 1 pages
2020-11-09T16:01:14.532Z - info: Pages rebuilt
2020-11-09T16:01:14.532Z - info: Website regeneration complete! Total build time: 2.087s
2020-11-09T16:01:14.552Z - info: Site data built
2020-11-09T16:02:01.805Z - info: Building C:\repos\nus-cs2103-AY2021S1\cs2103-website\schedule\week12\admin as some of its dependencies were changed since the last visit
2020-11-09T16:02:02.206Z - info: Site data built
2020-11-09T16:02:02.207Z - info: Lazy website regeneration complete! Total build time: 0.403s
2020-11-09T16:02:28.087Z - info: Building C:\repos\nus-cs2103-AY2021S1\cs2103-website\schedule\week13\index as some of its dependencies were changed since the last visit
2020-11-09T16:02:28.223Z - info: Site data built
2020-11-09T16:02:28.223Z - info: Lazy website regeneration complete! Total build time: 0.136s
2020-11-09T16:02:38.209Z - info: Building C:\repos\nus-cs2103-AY2021S1\cs2103-website\schedule\week13\admin as some of its dependencies were changed since the last visit
2020-11-09T16:02:38.390Z - info: Site data built
2020-11-09T16:02:38.391Z - info: Lazy website regeneration complete! Total build time: 0.182s
2020-11-09T16:03:10.679Z - info: Website generation started at 12:03:07 AM
2020-11-09T16:03:20.640Z - info: Building assets...
2020-11-09T16:03:27.110Z - info: Assets built
2020-11-09T16:03:27.111Z - info: Generating pages...
2020-11-09T16:03:45.160Z - debug: The process cannot access the file because it is being used by another process.

2020-11-09T16:03:45.253Z - debug: The process cannot access the file because it is being used by another process.

2020-11-09T16:03:46.618Z - debug: The process cannot access the file because it is being used by another process.

2020-11-09T16:03:46.618Z - debug: The process cannot access the file because it is being used by another process.

2020-11-09T16:03:46.749Z - debug:  
2020-11-09T16:03:47.359Z - debug:  
2020-11-09T16:03:47.360Z - debug:  
2020-11-09T16:03:47.360Z - debug:  
2020-11-09T16:03:47.360Z - debug:  
2020-11-09T16:03:52.230Z - debug: The process cannot access the file because it is being used by another process.

2020-11-09T16:03:52.230Z - debug: The process cannot access the file because it is being used by another process.

2020-11-09T16:03:52.231Z - debug:  
2020-11-09T16:03:53.970Z - debug:  
2020-11-09T16:03:53.971Z - debug: The process cannot access the file because it is being used by another process.

2020-11-09T16:03:53.971Z - debug: The process cannot access the file because it is being used by another process.

2020-11-09T16:03:54.141Z - debug:  
2020-11-09T16:03:54.141Z - debug:  
2020-11-09T16:03:54.594Z - debug: The process cannot access the file because it is being used by another process.

2020-11-09T16:03:54.595Z - debug: The process cannot access the file because it is being used by another process.

2020-11-09T16:03:58.474Z - debug:  
2020-11-09T16:03:58.474Z - debug:  
2020-11-09T16:04:13.667Z - debug: The process cannot access the file because it is being used by another process.

2020-11-09T16:04:14.267Z - debug: The process cannot access the file because it is being used by another process.

2020-11-09T16:04:15.400Z - debug: The process cannot access the file because it is being used by another process.

2020-11-09T16:04:15.466Z - debug:  
2020-11-09T16:04:17.259Z - debug: The process cannot access the file because it is being used by another process.

2020-11-09T16:04:17.982Z - debug: The process cannot access the file because it is being used by another process.

2020-11-09T16:04:19.472Z - debug:  
2020-11-09T16:04:21.496Z - debug:  
2020-11-09T16:04:23.894Z - debug: The process cannot access the file because it is being used by another process.

2020-11-09T16:04:23.894Z - debug: The process cannot access the file because it is being used by another process.

2020-11-09T16:04:25.853Z - debug: The process cannot access the file because it is being used by another process.

2020-11-09T16:04:25.853Z - debug: The process cannot access the file because it is being used by another process.

2020-11-09T16:04:26.143Z - debug:  
2020-11-09T16:04:28.594Z - debug:  
2020-11-09T16:04:30.306Z - debug:  
2020-11-09T16:04:30.419Z - debug:  
2020-11-09T16:04:36.931Z - debug: The process cannot access the file because it is being used by another process.

2020-11-09T16:04:38.980Z - debug: The process cannot access the file because it is being used by another process.

2020-11-09T16:04:39.280Z - debug:  
2020-11-09T16:05:02.833Z - debug:  
2020-11-09T16:05:03.121Z - debug:  
2020-11-09T16:05:03.121Z - debug:  
2020-11-09T16:05:03.300Z - debug:  
2020-11-09T16:05:10.131Z - debug:  
2020-11-09T16:05:10.132Z - debug:  
2020-11-09T16:05:10.132Z - debug:  
2020-11-09T16:05:18.987Z - debug:  
2020-11-09T16:05:19.740Z - debug:  
2020-11-09T16:05:19.741Z - debug:  
2020-11-09T16:05:19.741Z - debug:  
2020-11-09T16:05:19.741Z - debug:  
2020-11-09T16:05:26.512Z - debug: The process cannot access the file because it is being used by another process.

2020-11-09T16:05:27.730Z - debug:  
2020-11-09T16:05:29.256Z - debug:  
2020-11-09T16:05:29.257Z - debug:  
2020-11-09T16:05:36.117Z - debug:  
2020-11-09T16:05:42.339Z - debug:  
2020-11-09T16:05:48.720Z - debug:  
2020-11-09T16:06:00.150Z - debug:  
2020-11-09T16:06:00.150Z - debug:  
2020-11-09T16:06:04.358Z - info: Pages built
2020-11-09T16:06:31.819Z - info: Website generation complete! Total build time: 204.796s
2020-11-09T16:06:31.822Z - info: Build success!
2020-11-09T16:06:31.840Z - info: Site data built
2020-11-09T16:07:16.651Z - info: Deployed!
2020-11-10T10:03:32.873Z - info: Website generation (lazy) started at 6:03:25 PM
2020-11-10T10:03:43.972Z - info: Building assets...
2020-11-10T10:03:51.186Z - info: Assets built
2020-11-10T10:03:51.187Z - info: Generating landing page...
2020-11-10T10:03:53.137Z - info: Landing page built, other pages will be built as you navigate to them!
2020-11-10T10:03:53.287Z - info: Website generation (lazy) complete! Total build time: 27.354s
2020-11-10T10:03:54.238Z - info: Serving "C:\repos\nus-cs2103-AY2021S1\cs2103-website\_site" at http://127.0.0.1:8080
2020-11-10T10:03:54.239Z - info: Press CTRL+C to stop ...
2020-11-10T10:03:54.313Z - info: Site data built
2020-11-10T10:04:21.950Z - info: Building C:\repos\nus-cs2103-AY2021S1\cs2103-website\admin\index as some of its dependencies were changed since the last visit
2020-11-10T10:04:24.633Z - info: Site data built
2020-11-10T10:04:24.634Z - info: Lazy website regeneration complete! Total build time: 2.685s
2020-11-10T10:06:29.104Z - info: [6:06:29 PM] Reload for file change: C:\repos\nus-cs2103-AY2021S1\cs2103-website\admin\exams.md
2020-11-10T10:06:30.113Z - info: Rebuilding 1 pages
2020-11-10T10:06:32.069Z - info: Pages rebuilt
2020-11-10T10:06:32.069Z - info: Website regeneration complete! Total build time: 1.958s
2020-11-10T10:06:32.084Z - info: Site data built
2020-11-10T10:08:03.070Z - info: Website generation started at 6:08:00 PM
2020-11-10T10:08:16.888Z - info: Building assets...
2020-11-10T10:08:25.702Z - info: Assets built
2020-11-10T10:08:25.703Z - info: Generating pages...
2020-11-10T10:08:42.829Z - debug: The process cannot access the file because it is being used by another process.

2020-11-10T10:08:42.830Z - debug: The process cannot access the file because it is being used by another process.

2020-11-10T10:08:43.929Z - debug: The process cannot access the file because it is being used by another process.

2020-11-10T10:08:43.933Z - debug: The process cannot access the file because it is being used by another process.

2020-11-10T10:08:43.935Z - debug:  
2020-11-10T10:08:43.936Z - debug:  
2020-11-10T10:08:43.938Z - debug:  
2020-11-10T10:08:43.938Z - debug:  
2020-11-10T10:08:43.939Z - debug:  
2020-11-10T10:08:49.550Z - debug: The process cannot access the file because it is being used by another process.

2020-11-10T10:08:49.551Z - debug: The process cannot access the file because it is being used by another process.

2020-11-10T10:08:49.551Z - debug:  
2020-11-10T10:08:51.418Z - debug:  
2020-11-10T10:08:51.418Z - debug: The process cannot access the file because it is being used by another process.

2020-11-10T10:08:51.418Z - debug: The process cannot access the file because it is being used by another process.

2020-11-10T10:08:51.692Z - debug:  
2020-11-10T10:08:51.889Z - debug:  
2020-11-10T10:08:52.196Z - debug: The process cannot access the file because it is being used by another process.

2020-11-10T10:08:52.390Z - debug: The process cannot access the file because it is being used by another process.

2020-11-10T10:08:55.854Z - debug:  
2020-11-10T10:08:56.036Z - debug:  
2020-11-10T10:09:12.375Z - debug: The process cannot access the file because it is being used by another process.

2020-11-10T10:09:13.013Z - debug: The process cannot access the file because it is being used by another process.

2020-11-10T10:09:13.888Z - debug: The process cannot access the file because it is being used by another process.

2020-11-10T10:09:14.027Z - debug:  
2020-11-10T10:09:15.541Z - debug: The process cannot access the file because it is being used by another process.

2020-11-10T10:09:16.134Z - debug: The process cannot access the file because it is being used by another process.

2020-11-10T10:09:17.711Z - debug:  
2020-11-10T10:09:19.436Z - debug:  
2020-11-10T10:09:21.651Z - debug: The process cannot access the file because it is being used by another process.

2020-11-10T10:09:21.651Z - debug: The process cannot access the file because it is being used by another process.

2020-11-10T10:09:23.144Z - debug:  
2020-11-10T10:09:23.269Z - debug: The process cannot access the file because it is being used by another process.

2020-11-10T10:09:23.563Z - debug:  
2020-11-10T10:09:25.744Z - debug: The process cannot access the file because it is being used by another process.

2020-11-10T10:09:26.304Z - debug:  
2020-11-10T10:09:27.111Z - debug:  
2020-11-10T10:09:36.684Z - debug: The process cannot access the file because it is being used by another process.

2020-11-10T10:09:38.548Z - debug: The process cannot access the file because it is being used by another process.

2020-11-10T10:09:38.969Z - debug:  
2020-11-10T10:10:05.158Z - debug:  
2020-11-10T10:10:05.162Z - debug:  
2020-11-10T10:10:05.163Z - debug:  
2020-11-10T10:10:05.163Z - debug:  
2020-11-10T10:10:09.445Z - debug:  
2020-11-10T10:10:09.445Z - debug:  
2020-11-10T10:10:09.530Z - debug:  
2020-11-10T10:10:20.078Z - debug:  
2020-11-10T10:10:20.079Z - debug:  
2020-11-10T10:10:20.081Z - debug:  
2020-11-10T10:10:20.081Z - debug:  
2020-11-10T10:10:20.081Z - debug:  
2020-11-10T10:10:25.365Z - debug: The process cannot access the file because it is being used by another process.

2020-11-10T10:10:27.852Z - debug:  
2020-11-10T10:10:29.737Z - debug:  
2020-11-10T10:10:29.737Z - debug:  
2020-11-10T10:10:35.695Z - debug:  
2020-11-10T10:10:43.397Z - debug:  
2020-11-10T10:10:49.310Z - debug:  
2020-11-10T10:10:58.021Z - debug:  
2020-11-10T10:10:59.646Z - debug:  
2020-11-10T10:11:04.039Z - info: Pages built
2020-11-10T10:11:30.599Z - info: Website generation complete! Total build time: 210.452s
2020-11-10T10:11:30.602Z - info: Build success!
2020-11-10T10:11:30.605Z - info: Site data built
2020-11-10T10:12:12.870Z - info: Deployed!
2020-11-10T12:58:09.699Z - info: Website generation (lazy) started at 8:57:58 PM
2020-11-10T12:58:26.313Z - info: Building assets...
2020-11-10T12:58:32.506Z - info: Assets built
2020-11-10T12:58:32.507Z - info: Generating landing page...
2020-11-10T12:58:33.650Z - info: Landing page built, other pages will be built as you navigate to them!
2020-11-10T12:58:33.748Z - info: Website generation (lazy) complete! Total build time: 35.139s
2020-11-10T12:58:34.608Z - info: Serving "C:\repos\nus-cs2103-AY2021S1\cs2103-website\_site" at http://127.0.0.1:8080
2020-11-10T12:58:34.608Z - info: Press CTRL+C to stop ...
2020-11-10T12:58:34.673Z - info: Site data built
2020-11-10T12:59:15.431Z - info: Building C:\repos\nus-cs2103-AY2021S1\cs2103-website\admin\index as some of its dependencies were changed since the last visit
2020-11-10T12:59:16.217Z - info: Site data built
2020-11-10T12:59:16.220Z - info: Lazy website regeneration complete! Total build time: 0.79s
2020-11-10T12:59:24.269Z - info: Building C:\repos\nus-cs2103-AY2021S1\cs2103-website\admin\tp-pe as some of its dependencies were changed since the last visit
2020-11-10T12:59:25.980Z - info: Site data built
2020-11-10T12:59:25.980Z - info: Lazy website regeneration complete! Total build time: 1.711s
2020-11-10T13:09:56.915Z - info: [9:09:56 PM] Reload for file change: C:\repos\nus-cs2103-AY2021S1\cs2103-website\admin\tp-pe.mbdf
2020-11-10T13:09:57.928Z - info: Rebuilding 1 pages
2020-11-10T13:09:59.653Z - info: Pages rebuilt
2020-11-10T13:09:59.654Z - info: Website regeneration complete! Total build time: 1.73s
2020-11-10T13:09:59.669Z - info: Site data built
2020-11-10T13:11:02.084Z - info: [9:11:02 PM] Reload for file change: C:\repos\nus-cs2103-AY2021S1\cs2103-website\admin\tp-pe.mbdf
2020-11-10T13:11:03.101Z - info: Rebuilding 1 pages
2020-11-10T13:11:04.880Z - info: Pages rebuilt
2020-11-10T13:11:04.880Z - info: Website regeneration complete! Total build time: 1.782s
2020-11-10T13:11:04.890Z - info: Site data built
2020-11-10T14:36:28.694Z - info: [10:36:28 PM] Reload for file change: C:\repos\nus-cs2103-AY2021S1\cs2103-website\admin\tp-pe.mbdf
2020-11-10T14:36:29.708Z - info: Rebuilding 1 pages
2020-11-10T14:36:31.710Z - info: Pages rebuilt
2020-11-10T14:36:31.711Z - info: Website regeneration complete! Total build time: 2.006s
2020-11-10T14:36:31.718Z - info: Site data built
2020-11-10T14:38:41.118Z - info: [10:38:41 PM] Reload for file change: C:\repos\nus-cs2103-AY2021S1\cs2103-website\admin\tp-pe.mbdf
2020-11-10T14:38:42.140Z - info: Rebuilding 1 pages
2020-11-10T14:38:43.656Z - info: Pages rebuilt
2020-11-10T14:38:43.656Z - info: Website regeneration complete! Total build time: 1.522s
2020-11-10T14:38:43.661Z - info: Site data built
2020-11-10T14:39:06.649Z - info: [10:39:06 PM] Reload for file change: C:\repos\nus-cs2103-AY2021S1\cs2103-website\admin\tp-pe.mbdf
2020-11-10T14:39:07.681Z - info: Rebuilding 1 pages
2020-11-10T14:39:09.007Z - info: Pages rebuilt
2020-11-10T14:39:09.007Z - info: Website regeneration complete! Total build time: 1.328s
2020-11-10T14:39:09.011Z - info: Site data built
2020-11-10T14:39:16.193Z - info: [10:39:16 PM] Reload for file change: C:\repos\nus-cs2103-AY2021S1\cs2103-website\admin\tp-pe.mbdf
2020-11-10T14:39:17.198Z - info: Rebuilding 1 pages
2020-11-10T14:39:18.260Z - info: Pages rebuilt
2020-11-10T14:39:18.260Z - info: Website regeneration complete! Total build time: 1.066s
2020-11-10T14:39:18.264Z - info: Site data built
2020-11-10T14:40:34.130Z - info: [10:40:34 PM] Reload for file change: C:\repos\nus-cs2103-AY2021S1\cs2103-website\admin\tp-pe.mbdf
2020-11-10T14:40:35.143Z - info: Rebuilding 1 pages
2020-11-10T14:40:36.524Z - info: Pages rebuilt
2020-11-10T14:40:36.524Z - info: Website regeneration complete! Total build time: 1.385s
2020-11-10T14:40:36.533Z - info: Site data built
2020-11-10T14:47:44.782Z - info: [10:47:44 PM] Reload for file change: C:\repos\nus-cs2103-AY2021S1\cs2103-website\admin\tp-pe.mbdf
2020-11-10T14:47:45.825Z - info: Rebuilding 1 pages
2020-11-10T14:47:47.143Z - info: Pages rebuilt
2020-11-10T14:47:47.143Z - info: Website regeneration complete! Total build time: 1.351s
2020-11-10T14:47:47.147Z - info: Site data built
2020-11-10T14:57:28.858Z - info: [10:57:28 PM] Reload for file change: C:\repos\nus-cs2103-AY2021S1\cs2103-website\admin\tp-pe.mbdf
2020-11-10T14:57:29.863Z - info: Rebuilding 1 pages
2020-11-10T14:57:31.129Z - info: Pages rebuilt
2020-11-10T14:57:31.129Z - info: Website regeneration complete! Total build time: 1.268s
2020-11-10T14:57:31.133Z - info: Site data built
2020-11-10T15:03:48.371Z - info: Website generation started at 11:03:45 PM
2020-11-10T15:03:57.654Z - info: Building assets...
2020-11-10T15:04:03.355Z - info: Assets built
2020-11-10T15:04:03.356Z - info: Generating pages...
2020-11-10T15:04:19.298Z - debug: The process cannot access the file because it is being used by another process.

2020-11-10T15:04:19.299Z - debug: The process cannot access the file because it is being used by another process.

2020-11-10T15:04:22.977Z - debug:  
2020-11-10T15:04:22.978Z - debug:  
2020-11-10T15:04:22.979Z - debug:  
2020-11-10T15:04:22.980Z - debug:  
2020-11-10T15:04:22.980Z - debug:  
2020-11-10T15:04:24.402Z - debug:  
2020-11-10T15:04:24.473Z - debug:  
2020-11-10T15:04:24.534Z - debug:  
2020-11-10T15:04:29.105Z - debug: The process cannot access the file because it is being used by another process.

2020-11-10T15:04:29.105Z - debug: The process cannot access the file because it is being used by another process.

2020-11-10T15:04:29.106Z - debug:  
2020-11-10T15:04:30.625Z - debug:  
2020-11-10T15:04:30.626Z - debug: The process cannot access the file because it is being used by another process.

2020-11-10T15:04:30.626Z - debug: The process cannot access the file because it is being used by another process.

2020-11-10T15:04:31.546Z - debug: The process cannot access the file because it is being used by another process.

2020-11-10T15:04:31.547Z - debug: The process cannot access the file because it is being used by another process.

2020-11-10T15:04:31.548Z - debug:  
2020-11-10T15:04:31.787Z - debug: The process cannot access the file because it is being used by another process.

2020-11-10T15:04:31.947Z - debug:  
2020-11-10T15:04:34.196Z - debug:  
2020-11-10T15:04:47.434Z - debug: The process cannot access the file because it is being used by another process.

2020-11-10T15:04:47.981Z - debug: The process cannot access the file because it is being used by another process.

2020-11-10T15:04:49.199Z - debug: The process cannot access the file because it is being used by another process.

2020-11-10T15:04:49.200Z - debug:  
2020-11-10T15:04:51.242Z - debug: The process cannot access the file because it is being used by another process.

2020-11-10T15:04:51.941Z - debug: The process cannot access the file because it is being used by another process.

2020-11-10T15:04:52.855Z - debug:  
2020-11-10T15:04:54.780Z - debug:  
2020-11-10T15:04:56.147Z - debug: The process cannot access the file because it is being used by another process.

2020-11-10T15:04:56.148Z - debug: The process cannot access the file because it is being used by another process.

2020-11-10T15:04:58.738Z - debug: The process cannot access the file because it is being used by another process.

2020-11-10T15:04:58.739Z - debug: The process cannot access the file because it is being used by another process.

2020-11-10T15:05:01.567Z - debug:  
2020-11-10T15:05:01.567Z - debug:  
2020-11-10T15:05:03.530Z - debug:  
2020-11-10T15:05:03.657Z - debug:  
2020-11-10T15:05:09.294Z - debug: The process cannot access the file because it is being used by another process.

2020-11-10T15:05:11.472Z - debug: The process cannot access the file because it is being used by another process.

2020-11-10T15:05:12.023Z - debug:  
2020-11-10T15:05:32.539Z - debug:  
2020-11-10T15:05:32.541Z - debug:  
2020-11-10T15:05:32.638Z - debug:  
2020-11-10T15:05:32.638Z - debug:  
2020-11-10T15:05:35.083Z - debug: The process cannot access the file because it is being used by another process.

2020-11-10T15:05:39.279Z - debug:  
2020-11-10T15:05:40.785Z - debug:  
2020-11-10T15:05:40.786Z - debug:  
2020-11-10T15:05:48.148Z - debug:  
2020-11-10T15:05:53.086Z - debug:  
2020-11-10T15:05:53.451Z - debug:  
2020-11-10T15:05:53.451Z - debug:  
2020-11-10T15:05:53.452Z - debug:  
2020-11-10T15:05:57.635Z - debug: The process cannot access the file because it is being used by another process.

2020-11-10T15:06:00.106Z - debug:  
2020-11-10T15:06:02.571Z - debug:  
2020-11-10T15:06:02.572Z - debug:  
2020-11-10T15:06:08.219Z - debug:  
2020-11-10T15:06:23.580Z - debug:  
2020-11-10T15:06:23.581Z - debug:  
2020-11-10T15:06:23.582Z - debug:  
2020-11-10T15:06:32.377Z - debug:  
2020-11-10T15:06:32.377Z - debug:  
2020-11-10T15:06:50.443Z - debug:  
2020-11-10T15:06:50.443Z - debug:  
2020-11-10T15:07:17.514Z - debug:  
2020-11-10T15:07:30.930Z - debug:  
2020-11-10T15:07:30.931Z - debug:  
2020-11-10T15:07:42.079Z - info: Pages built
2020-11-10T15:08:07.812Z - info: Website generation complete! Total build time: 262.53s
2020-11-10T15:08:07.812Z - info: Build success!
2020-11-10T15:08:07.812Z - debug:  
2020-11-10T15:08:07.818Z - info: Site data built
2020-11-10T15:08:46.335Z - info: Deployed!
