2020-10-19T16:01:14.669Z - info: Building C:\repos\nus-cs2103-AY2021S1\cs2103-website\schedule\week10\topics as some of its dependencies were changed since the last visit
2020-10-19T16:01:23.871Z - info: Site data built
2020-10-19T16:01:23.874Z - info: Lazy website regeneration complete! Total build time: 9.21s
2020-10-19T16:02:43.244Z - info: [12:02:43 AM] Reload for file change: C:\repos\nus-cs2103-AY2021S1\cs2103-website\admin\common-commentary.mbdf
2020-10-19T16:02:43.293Z - info: [12:02:43 AM] Reload for file change: C:\repos\nus-cs2103-AY2021S1\cs2103-website\schedule\week10\commentary-tic2002.mbdf
2020-10-19T16:02:44.258Z - info: No pages needed to be rebuilt
2020-10-19T16:03:04.450Z - info: Building C:\repos\nus-cs2103-AY2021S1\cs2103-website\schedule\week10\topics as some of its dependencies were changed since the last visit
2020-10-19T16:03:10.226Z - info: Site data built
2020-10-19T16:03:10.227Z - info: Lazy website regeneration complete! Total build time: 5.778s
2020-10-19T16:04:57.854Z - info: [12:04:57 AM] Reload for file change: C:\repos\nus-cs2103-AY2021S1\cs2103-website\admin\common-commentary.mbdf
2020-10-19T16:04:58.884Z - info: Rebuilding 1 pages
2020-10-19T16:05:03.299Z - info: Pages rebuilt
2020-10-19T16:05:03.300Z - info: Website regeneration complete! Total build time: 4.423s
2020-10-19T16:05:03.332Z - info: Site data built
2020-10-19T16:05:35.463Z - info: Building C:\repos\nus-cs2103-AY2021S1\cs2103-website\schedule\week10\admin as some of its dependencies were changed since the last visit
2020-10-19T16:05:36.030Z - info: Site data built
2020-10-19T16:05:36.030Z - info: Lazy website regeneration complete! Total build time: 0.567s
2020-10-19T16:06:38.997Z - info: Building C:\repos\nus-cs2103-AY2021S1\cs2103-website\se-book-adapted\chapters\codeQuality as some of its dependencies were changed since the last visit
2020-10-19T16:06:40.565Z - info: Site data built
2020-10-19T16:06:40.565Z - info: Lazy website regeneration complete! Total build time: 1.569s
2020-10-19T16:08:28.680Z - info: [12:08:28 AM] Reload for file change: C:\repos\nus-cs2103-AY2021S1\cs2103-website\schedule\week10\admin-tic2002.mbdf
2020-10-19T16:08:29.690Z - info: Rebuilding 1 pages
2020-10-19T16:08:30.246Z - info: Pages rebuilt
2020-10-19T16:08:30.246Z - info: Website regeneration complete! Total build time: 0.561s
2020-10-19T16:08:30.253Z - info: Site data built
2020-10-19T16:08:59.595Z - info: [12:08:59 AM] Reload for file change: C:\repos\nus-cs2103-AY2021S1\cs2103-website\schedule\week10\admin-tic2002.mbdf
2020-10-19T16:09:00.600Z - info: No pages needed to be rebuilt
2020-10-19T16:09:15.406Z - info: Building C:\repos\nus-cs2103-AY2021S1\cs2103-website\schedule\week11\index as some of its dependencies were changed since the last visit
2020-10-19T16:09:15.844Z - info: Site data built
2020-10-19T16:09:15.844Z - info: Lazy website regeneration complete! Total build time: 0.438s
2020-10-19T16:09:19.935Z - info: Building C:\repos\nus-cs2103-AY2021S1\cs2103-website\schedule\week10\index as some of its dependencies were changed since the last visit
2020-10-19T16:09:20.580Z - info: Site data built
2020-10-19T16:09:20.580Z - info: Lazy website regeneration complete! Total build time: 0.645s
2020-10-19T16:09:27.418Z - info: [12:09:27 AM] Reload for file change: C:\repos\nus-cs2103-AY2021S1\cs2103-website\schedule\week10\admin-tic2002.mbdf
2020-10-19T16:09:28.424Z - info: Rebuilding 1 pages
2020-10-19T16:09:28.967Z - info: Pages rebuilt
2020-10-19T16:09:28.967Z - info: Website regeneration complete! Total build time: 0.546s
2020-10-19T16:09:28.970Z - info: Site data built
2020-10-19T16:09:56.195Z - info: Building C:\repos\nus-cs2103-AY2021S1\cs2103-website\schedule\week12\index as some of its dependencies were changed since the last visit
2020-10-19T16:09:56.735Z - info: Site data built
2020-10-19T16:09:56.735Z - info: Lazy website regeneration complete! Total build time: 0.541s
2020-10-19T16:10:38.096Z - info: Website generation started at 12:10:35 AM
2020-10-19T16:10:46.854Z - info: Building assets...
2020-10-19T16:10:52.527Z - info: Assets built
2020-10-19T16:10:52.528Z - info: Generating pages...
2020-10-19T16:11:09.414Z - debug: The process cannot access the file because it is being used by another process.

2020-10-19T16:11:09.414Z - debug: The process cannot access the file because it is being used by another process.

2020-10-19T16:11:10.384Z - debug: The process cannot access the file because it is being used by another process.

2020-10-19T16:11:10.384Z - debug: The process cannot access the file because it is being used by another process.

2020-10-19T16:11:10.385Z - debug:  
2020-10-19T16:11:10.386Z - debug:  
2020-10-19T16:11:10.387Z - debug:  
2020-10-19T16:11:10.388Z - debug:  
2020-10-19T16:11:10.388Z - debug:  
2020-10-19T16:11:17.036Z - debug:  
2020-10-19T16:11:17.037Z - debug: The process cannot access the file because it is being used by another process.

2020-10-19T16:11:19.734Z - debug:  
2020-10-19T16:11:19.735Z - debug: The process cannot access the file because it is being used by another process.

2020-10-19T16:11:19.736Z - debug: The process cannot access the file because it is being used by another process.

2020-10-19T16:11:20.899Z - debug: The process cannot access the file because it is being used by another process.

2020-10-19T16:11:20.926Z - debug: The process cannot access the file because it is being used by another process.

2020-10-19T16:11:21.266Z - debug: The process cannot access the file because it is being used by another process.

2020-10-19T16:11:21.271Z - debug: The process cannot access the file because it is being used by another process.

2020-10-19T16:11:22.085Z - debug:  
2020-10-19T16:11:22.373Z - debug:  
2020-10-19T16:11:22.374Z - debug:  
2020-10-19T16:11:39.440Z - debug: The process cannot access the file because it is being used by another process.

2020-10-19T16:11:40.297Z - debug: The process cannot access the file because it is being used by another process.

2020-10-19T16:11:41.064Z - debug: The process cannot access the file because it is being used by another process.

2020-10-19T16:11:41.064Z - debug:  
2020-10-19T16:11:42.653Z - debug: The process cannot access the file because it is being used by another process.

2020-10-19T16:11:43.619Z - debug: The process cannot access the file because it is being used by another process.

2020-10-19T16:11:45.897Z - debug:  
2020-10-19T16:11:47.073Z - debug:  
2020-10-19T16:11:50.608Z - debug: The process cannot access the file because it is being used by another process.

2020-10-19T16:11:50.609Z - debug: The process cannot access the file because it is being used by another process.

2020-10-19T16:11:52.437Z - debug:  
2020-10-19T16:11:52.437Z - debug: The process cannot access the file because it is being used by another process.

2020-10-19T16:11:52.438Z - debug:  
2020-10-19T16:11:55.130Z - debug: The process cannot access the file because it is being used by another process.

2020-10-19T16:11:55.131Z - debug:  
2020-10-19T16:11:56.550Z - debug:  
2020-10-19T16:12:02.549Z - debug: The process cannot access the file because it is being used by another process.

2020-10-19T16:12:04.751Z - debug: The process cannot access the file because it is being used by another process.

2020-10-19T16:12:05.018Z - debug:  
2020-10-19T16:12:30.092Z - debug:  
2020-10-19T16:12:30.094Z - debug:  
2020-10-19T16:12:30.094Z - debug:  
2020-10-19T16:12:30.094Z - debug:  
2020-10-19T16:12:35.588Z - debug:  
2020-10-19T16:12:35.593Z - debug:  
2020-10-19T16:12:35.594Z - debug:  
2020-10-19T16:12:38.192Z - debug:  
2020-10-19T16:12:46.420Z - debug:  
2020-10-19T16:12:46.420Z - debug:  
2020-10-19T16:12:46.420Z - debug:  
2020-10-19T16:12:46.420Z - debug:  
2020-10-19T16:12:50.684Z - debug: The process cannot access the file because it is being used by another process.

2020-10-19T16:12:52.887Z - debug:  
2020-10-19T16:12:55.049Z - debug:  
2020-10-19T16:12:55.049Z - debug:  
2020-10-19T16:13:00.035Z - debug:  
2020-10-19T16:13:06.748Z - debug:  
2020-10-19T16:13:12.730Z - debug:  
2020-10-19T16:13:20.385Z - debug:  
2020-10-19T16:13:20.386Z - debug:  
2020-10-19T16:13:25.703Z - info: Pages built
2020-10-19T16:13:48.419Z - info: Website generation complete! Total build time: 193.05s
2020-10-19T16:13:48.421Z - info: Build success!
2020-10-19T16:13:48.425Z - info: Site data built
2020-10-19T16:14:20.863Z - info: Deployed!
2020-10-19T17:03:03.692Z - info: Website generation (lazy) started at 1:02:57 AM
2020-10-19T17:03:14.521Z - info: Building assets...
2020-10-19T17:03:23.030Z - info: Assets built
2020-10-19T17:03:23.032Z - info: Generating landing page...
2020-10-19T17:03:25.152Z - info: Landing page built, other pages will be built as you navigate to them!
2020-10-19T17:03:25.288Z - info: Website generation (lazy) complete! Total build time: 27.887s
2020-10-19T17:03:26.816Z - info: Serving "C:\repos\nus-cs2103-AY2021S1\cs2103-website\_site" at http://127.0.0.1:8080
2020-10-19T17:03:26.817Z - info: Press CTRL+C to stop ...
2020-10-19T17:03:26.893Z - info: Site data built
2020-10-19T17:06:05.626Z - info: Building C:\repos\nus-cs2103-AY2021S1\cs2103-website\schedule\week11\index as some of its dependencies were changed since the last visit
2020-10-19T17:06:07.121Z - info: Site data built
2020-10-19T17:06:07.122Z - info: Lazy website regeneration complete! Total build time: 1.497s
2020-10-19T17:06:15.132Z - info: Building C:\repos\nus-cs2103-AY2021S1\cs2103-website\schedule\week11\topics as some of its dependencies were changed since the last visit
2020-10-19T17:06:19.298Z - info: Site data built
2020-10-19T17:06:19.300Z - info: Lazy website regeneration complete! Total build time: 4.169s
2020-10-19T17:07:28.999Z - info: [1:07:28 AM] Reload for file change: C:\repos\nus-cs2103-AY2021S1\cs2103-website\schedule\week11\commentary-cs2103.mbdf
2020-10-19T17:07:30.006Z - info: Rebuilding 1 pages
2020-10-19T17:07:33.535Z - info: Pages rebuilt
2020-10-19T17:07:33.536Z - info: Website regeneration complete! Total build time: 3.534s
2020-10-19T17:07:33.566Z - info: Site data built
2020-10-19T17:08:27.958Z - info: Building C:\repos\nus-cs2103-AY2021S1\cs2103-website\schedule\week12\index as some of its dependencies were changed since the last visit
2020-10-19T17:08:29.025Z - info: Site data built
2020-10-19T17:08:29.026Z - info: Lazy website regeneration complete! Total build time: 1.069s
2020-10-20T14:18:18.361Z - info: Website generation (lazy) started at 10:18:15 PM
2020-10-20T14:18:29.333Z - info: Building assets...
2020-10-20T14:18:36.485Z - info: Assets built
2020-10-20T14:18:36.486Z - info: Generating landing page...
2020-10-20T14:18:38.502Z - info: Landing page built, other pages will be built as you navigate to them!
2020-10-20T14:18:38.634Z - info: Website generation (lazy) complete! Total build time: 23.588s
2020-10-20T14:18:39.549Z - info: Serving "C:\repos\nus-cs2103-AY2021S1\cs2103-website\_site" at http://127.0.0.1:8080
2020-10-20T14:18:39.549Z - info: Press CTRL+C to stop ...
2020-10-20T14:18:39.605Z - info: Site data built
2020-10-20T14:20:12.832Z - info: [10:20:12 PM] Reload for file change: C:\repos\nus-cs2103-AY2021S1\cs2103-website\schedule\week8\commentary-cs2103.mbdf
2020-10-20T14:20:13.839Z - info: No pages needed to be rebuilt
2020-10-20T14:21:09.491Z - info: [10:21:09 PM] Reload for file change: C:\repos\nus-cs2103-AY2021S1\cs2103-website\schedule\week8\commentary-cs2103.mbdf
2020-10-20T14:21:10.503Z - info: No pages needed to be rebuilt
2020-10-20T14:21:18.536Z - info: Building C:\repos\nus-cs2103-AY2021S1\cs2103-website\schedule\week8\index as some of its dependencies were changed since the last visit
2020-10-20T14:21:20.042Z - info: Site data built
2020-10-20T14:21:20.042Z - info: Lazy website regeneration complete! Total build time: 1.507s
2020-10-20T14:21:23.881Z - info: Building C:\repos\nus-cs2103-AY2021S1\cs2103-website\schedule\week8\topics as some of its dependencies were changed since the last visit
2020-10-20T14:21:32.447Z - debug:  
2020-10-20T14:21:32.449Z - debug:  
2020-10-20T14:21:32.889Z - debug:  
2020-10-20T14:21:32.889Z - debug:  
2020-10-20T14:21:33.684Z - info: Site data built
2020-10-20T14:21:33.705Z - info: Lazy website regeneration complete! Total build time: 9.824s
2020-10-20T14:22:11.943Z - info: [10:22:11 PM] Reload for file change: C:\repos\nus-cs2103-AY2021S1\cs2103-website\schedule\week8\commentary-cs2103.mbdf
2020-10-20T14:22:12.973Z - info: Rebuilding 1 pages
2020-10-20T14:22:21.192Z - debug:  
2020-10-20T14:22:21.192Z - debug:  
2020-10-20T14:22:22.279Z - info: Pages rebuilt
2020-10-20T14:22:22.279Z - info: Website regeneration complete! Total build time: 9.311s
2020-10-20T14:22:22.287Z - debug:  
2020-10-20T14:22:22.287Z - debug:  
2020-10-20T14:22:22.315Z - info: Site data built
2020-10-20T14:22:40.769Z - info: Building C:\repos\nus-cs2103-AY2021S1\cs2103-website\schedule\week11\index as some of its dependencies were changed since the last visit
2020-10-20T14:22:41.905Z - info: Site data built
2020-10-20T14:22:41.906Z - info: Lazy website regeneration complete! Total build time: 1.138s
2020-10-20T14:22:50.260Z - info: Building C:\repos\nus-cs2103-AY2021S1\cs2103-website\schedule\week11\admin as some of its dependencies were changed since the last visit
2020-10-20T14:22:50.582Z - info: Site data built
2020-10-20T14:22:50.582Z - info: Lazy website regeneration complete! Total build time: 0.323s
2020-10-20T14:23:08.598Z - info: Building C:\repos\nus-cs2103-AY2021S1\cs2103-website\schedule\week11\topics as some of its dependencies were changed since the last visit
2020-10-20T14:23:11.723Z - info: Site data built
2020-10-20T14:23:11.724Z - info: Lazy website regeneration complete! Total build time: 3.126s
2020-10-20T14:24:27.689Z - info: [10:24:27 PM] Reload for file change: C:\repos\nus-cs2103-AY2021S1\cs2103-website\schedule\week11\commentary-cs2103.mbdf
2020-10-20T14:24:28.700Z - info: Rebuilding 1 pages
2020-10-20T14:24:32.255Z - info: Pages rebuilt
2020-10-20T14:24:32.255Z - info: Website regeneration complete! Total build time: 3.558s
2020-10-20T14:24:32.279Z - info: Site data built
2020-10-20T14:26:28.601Z - info: [10:26:28 PM] Reload for file change: C:\repos\nus-cs2103-AY2021S1\cs2103-website\schedule\week11\commentary-cs2103.mbdf
2020-10-20T14:26:29.615Z - info: Rebuilding 1 pages
2020-10-20T14:26:33.249Z - info: Pages rebuilt
2020-10-20T14:26:33.250Z - info: Website regeneration complete! Total build time: 3.641s
2020-10-20T14:26:33.294Z - info: Site data built
2020-10-20T14:27:17.307Z - info: Building C:\repos\nus-cs2103-AY2021S1\cs2103-website\schedule\week11\project as some of its dependencies were changed since the last visit
2020-10-20T14:27:18.861Z - info: Site data built
2020-10-20T14:27:18.861Z - info: Lazy website regeneration complete! Total build time: 1.555s
2020-10-20T14:29:07.313Z - info: Building C:\repos\nus-cs2103-AY2021S1\cs2103-website\schedule\week11\tutorial as some of its dependencies were changed since the last visit
2020-10-20T14:29:07.798Z - info: Site data built
2020-10-20T14:29:07.799Z - info: Lazy website regeneration complete! Total build time: 0.487s
2020-10-20T14:29:58.228Z - info: Building C:\repos\nus-cs2103-AY2021S1\cs2103-website\schedule\week12\index as some of its dependencies were changed since the last visit
2020-10-20T14:29:59.093Z - info: Site data built
2020-10-20T14:29:59.094Z - info: Lazy website regeneration complete! Total build time: 0.866s
2020-10-20T14:30:11.066Z - info: Building C:\repos\nus-cs2103-AY2021S1\cs2103-website\schedule\week12\admin as some of its dependencies were changed since the last visit
2020-10-20T14:30:11.219Z - info: Site data built
2020-10-20T14:30:11.219Z - info: Lazy website regeneration complete! Total build time: 0.154s
2020-10-20T14:30:14.783Z - info: Building C:\repos\nus-cs2103-AY2021S1\cs2103-website\schedule\week12\topics as some of its dependencies were changed since the last visit
2020-10-20T14:30:15.067Z - info: Site data built
2020-10-20T14:30:15.067Z - info: Lazy website regeneration complete! Total build time: 0.285s
2020-10-20T14:30:24.843Z - info: Building C:\repos\nus-cs2103-AY2021S1\cs2103-website\schedule\week12\project as some of its dependencies were changed since the last visit
2020-10-20T14:30:27.094Z - info: Site data built
2020-10-20T14:30:27.095Z - info: Lazy website regeneration complete! Total build time: 2.254s
2020-10-20T14:31:02.286Z - info: Building C:\repos\nus-cs2103-AY2021S1\cs2103-website\schedule\week12\tutorial as some of its dependencies were changed since the last visit
2020-10-20T14:31:02.755Z - info: Site data built
2020-10-20T14:31:02.757Z - info: Lazy website regeneration complete! Total build time: 0.474s
2020-10-20T14:32:35.534Z - info: [10:32:35 PM] Reload for file change: C:\repos\nus-cs2103-AY2021S1\cs2103-website\schedule\week12\tutorial-cs2103.mbdf
2020-10-20T14:32:36.540Z - info: Rebuilding 1 pages
2020-10-20T14:32:36.735Z - info: Pages rebuilt
2020-10-20T14:32:36.735Z - info: Website regeneration complete! Total build time: 0.197s
2020-10-20T14:32:36.738Z - info: Site data built
2020-10-20T14:34:10.770Z - info: [10:34:10 PM] Reload for file change: C:\repos\nus-cs2103-AY2021S1\cs2103-website\schedule\week12\tutorial-cs2103.mbdf
2020-10-20T14:34:11.775Z - info: No pages needed to be rebuilt
2020-10-20T14:34:31.502Z - info: Building C:\repos\nus-cs2103-AY2021S1\cs2103-website\schedule\week12\tutorial as some of its dependencies were changed since the last visit
2020-10-20T14:34:31.964Z - info: Site data built
2020-10-20T14:34:31.964Z - info: Lazy website regeneration complete! Total build time: 0.462s
2020-10-20T14:34:36.544Z - info: Building C:\repos\nus-cs2103-AY2021S1\cs2103-website\schedule\week13\tutorial as some of its dependencies were changed since the last visit
2020-10-20T14:34:36.872Z - info: Site data built
2020-10-20T14:34:36.872Z - info: Lazy website regeneration complete! Total build time: 0.328s
2020-10-20T14:38:39.258Z - info: [10:38:39 PM] Reload for file change: C:\repos\nus-cs2103-AY2021S1\cs2103-website\schedule\week12\tutorial-cs2103.mbdf
2020-10-20T14:38:40.267Z - info: No pages needed to be rebuilt
2020-10-20T14:38:43.387Z - info: Building C:\repos\nus-cs2103-AY2021S1\cs2103-website\schedule\week12\tutorial as some of its dependencies were changed since the last visit
2020-10-20T14:38:43.616Z - info: Site data built
2020-10-20T14:38:43.616Z - info: Lazy website regeneration complete! Total build time: 0.229s
2020-10-20T14:39:04.346Z - info: [10:39:04 PM] Reload for file change: C:\repos\nus-cs2103-AY2021S1\cs2103-website\schedule\week12\tutorial-cs2103.mbdf
2020-10-20T14:39:05.359Z - info: Rebuilding 1 pages
2020-10-20T14:39:05.521Z - info: Pages rebuilt
2020-10-20T14:39:05.521Z - info: Website regeneration complete! Total build time: 0.164s
2020-10-20T14:39:05.532Z - info: Site data built
2020-10-20T14:39:18.886Z - info: [10:39:18 PM] Reload for file change: C:\repos\nus-cs2103-AY2021S1\cs2103-website\schedule\week12\tutorial-cs2103.mbdf
2020-10-20T14:39:19.898Z - info: Rebuilding 1 pages
2020-10-20T14:39:20.178Z - info: Pages rebuilt
2020-10-20T14:39:20.178Z - info: Website regeneration complete! Total build time: 0.284s
2020-10-20T14:39:20.181Z - info: Site data built
2020-10-20T14:40:45.423Z - info: Building C:\repos\nus-cs2103-AY2021S1\cs2103-website\schedule\week13\index as some of its dependencies were changed since the last visit
2020-10-20T14:40:46.344Z - info: Site data built
2020-10-20T14:40:46.345Z - info: Lazy website regeneration complete! Total build time: 0.923s
2020-10-20T14:40:51.087Z - info: Building C:\repos\nus-cs2103-AY2021S1\cs2103-website\schedule\week13\admin as some of its dependencies were changed since the last visit
2020-10-20T14:40:51.515Z - info: Site data built
2020-10-20T14:40:51.515Z - info: Lazy website regeneration complete! Total build time: 0.429s
2020-10-20T14:40:56.680Z - info: Building C:\repos\nus-cs2103-AY2021S1\cs2103-website\schedule\week13\topics as some of its dependencies were changed since the last visit
2020-10-20T14:40:57.216Z - info: Site data built
2020-10-20T14:40:57.216Z - info: Lazy website regeneration complete! Total build time: 0.536s
2020-10-20T14:41:00.763Z - info: Building C:\repos\nus-cs2103-AY2021S1\cs2103-website\schedule\week13\project as some of its dependencies were changed since the last visit
2020-10-20T14:41:02.664Z - info: Site data built
2020-10-20T14:41:02.664Z - info: Lazy website regeneration complete! Total build time: 1.901s
2020-10-20T14:41:41.408Z - info: Website generation started at 10:41:38 PM
2020-10-20T14:41:51.892Z - info: Building assets...
