2020-10-05T15:25:41.695Z - info: Website generation started at 11:25:34 PM
2020-10-05T15:25:49.979Z - info: Building assets...
2020-10-05T15:25:55.474Z - info: Assets built
2020-10-05T15:25:55.475Z - info: Generating pages...
2020-10-05T15:26:09.074Z - debug: The process cannot access the file because it is being used by another process.

2020-10-05T15:26:09.075Z - debug: The process cannot access the file because it is being used by another process.

2020-10-05T15:26:11.545Z - debug:  
2020-10-05T15:26:11.546Z - debug:  
2020-10-05T15:26:11.546Z - debug:  
2020-10-05T15:26:11.546Z - debug:  
2020-10-05T15:26:11.546Z - debug:  
2020-10-05T15:26:13.801Z - debug:  
2020-10-05T15:26:17.559Z - debug: The process cannot access the file because it is being used by another process.

2020-10-05T15:26:17.560Z - debug: The process cannot access the file because it is being used by another process.

2020-10-05T15:26:17.560Z - debug: The process cannot access the file because it is being used by another process.

2020-10-05T15:26:17.560Z - debug: The process cannot access the file because it is being used by another process.

2020-10-05T15:26:17.560Z - debug:  
2020-10-05T15:26:17.560Z - debug:  
2020-10-05T15:26:17.561Z - debug:  
2020-10-05T15:26:17.579Z - debug:  
2020-10-05T15:26:20.471Z - debug: The process cannot access the file because it is being used by another process.

2020-10-05T15:26:20.472Z - debug: The process cannot access the file because it is being used by another process.

2020-10-05T15:26:20.472Z - debug: The process cannot access the file because it is being used by another process.

2020-10-05T15:26:20.613Z - debug: The process cannot access the file because it is being used by another process.

2020-10-05T15:26:21.597Z - debug:  
2020-10-05T15:26:21.649Z - debug:  
2020-10-05T15:26:36.419Z - debug: The process cannot access the file because it is being used by another process.

2020-10-05T15:26:36.616Z - debug: The process cannot access the file because it is being used by another process.

2020-10-05T15:26:37.634Z - debug: The process cannot access the file because it is being used by another process.

2020-10-05T15:26:37.672Z - debug:  
2020-10-05T15:26:39.727Z - debug: The process cannot access the file because it is being used by another process.

2020-10-05T15:26:40.199Z - debug: The process cannot access the file because it is being used by another process.

2020-10-05T15:26:40.357Z - debug:  
2020-10-05T15:26:43.013Z - debug:  
2020-10-05T15:26:45.547Z - debug: The process cannot access the file because it is being used by another process.

2020-10-05T15:26:45.547Z - debug: The process cannot access the file because it is being used by another process.

2020-10-05T15:26:47.008Z - debug:  
2020-10-05T15:26:47.161Z - debug: The process cannot access the file because it is being used by another process.

2020-10-05T15:26:47.482Z - debug:  
2020-10-05T15:26:49.588Z - debug: The process cannot access the file because it is being used by another process.

2020-10-05T15:26:49.993Z - debug:  
2020-10-05T15:26:50.753Z - debug:  
2020-10-05T15:26:56.723Z - debug: The process cannot access the file because it is being used by another process.

2020-10-05T15:26:58.706Z - debug: The process cannot access the file because it is being used by another process.

2020-10-05T15:26:58.929Z - debug:  
2020-10-05T15:27:20.483Z - debug:  
2020-10-05T15:27:20.483Z - debug:  
2020-10-05T15:27:20.483Z - debug:  
2020-10-05T15:27:20.484Z - debug:  
2020-10-05T15:27:25.700Z - debug:  
2020-10-05T15:27:25.861Z - debug:  
2020-10-05T15:27:26.067Z - debug:  
2020-10-05T15:27:37.769Z - debug:  
2020-10-05T15:27:37.769Z - debug:  
2020-10-05T15:27:37.918Z - debug:  
2020-10-05T15:27:37.918Z - debug:  
2020-10-05T15:27:38.587Z - debug:  
2020-10-05T15:27:46.458Z - debug:  
2020-10-05T15:27:46.458Z - debug:  
2020-10-05T15:27:46.458Z - debug:  
2020-10-05T15:27:50.493Z - debug:  
2020-10-05T15:27:57.261Z - debug:  
2020-10-05T15:28:07.103Z - debug:  
2020-10-05T15:28:11.505Z - debug:  
2020-10-05T15:28:11.505Z - debug:  
2020-10-05T15:28:31.839Z - debug:  
2020-10-05T15:28:42.942Z - debug:  
2020-10-05T15:28:42.942Z - debug:  
2020-10-05T15:28:49.391Z - info: Pages built
2020-10-05T15:29:11.634Z - info: Website generation complete! Total build time: 217.187s
2020-10-05T15:29:11.635Z - info: Build success!
2020-10-05T15:29:11.635Z - debug:  
2020-10-05T15:29:11.639Z - info: Site data built
2020-10-05T15:29:47.736Z - info: Deployed!
2020-10-05T15:46:19.628Z - info: Website generation (lazy) started at 11:46:13 PM
2020-10-05T15:46:28.811Z - info: Building assets...
2020-10-05T15:46:34.922Z - info: Assets built
2020-10-05T15:46:34.923Z - info: Generating landing page...
2020-10-05T15:46:36.415Z - info: Landing page built, other pages will be built as you navigate to them!
2020-10-05T15:46:36.544Z - info: Website generation (lazy) complete! Total build time: 23.425s
2020-10-05T15:46:37.373Z - info: Serving "C:\repos\nus-cs2103-AY2021S1\cs2103-website\_site" at http://127.0.0.1:8080
2020-10-05T15:46:37.374Z - info: Press CTRL+C to stop ...
2020-10-05T15:46:37.446Z - info: Site data built
2020-10-05T15:46:51.329Z - info: Building C:\repos\nus-cs2103-AY2021S1\cs2103-website\schedule\week9\index as some of its dependencies were changed since the last visit
2020-10-05T15:46:52.197Z - info: Site data built
2020-10-05T15:46:52.197Z - info: Lazy website regeneration complete! Total build time: 0.869s
2020-10-05T15:46:56.140Z - info: Building C:\repos\nus-cs2103-AY2021S1\cs2103-website\schedule\week9\topics as some of its dependencies were changed since the last visit
2020-10-05T15:47:00.851Z - debug:  
2020-10-05T15:47:04.444Z - debug:  
2020-10-05T15:47:07.887Z - debug:  
2020-10-05T15:47:07.904Z - info: Site data built
2020-10-05T15:47:07.906Z - info: Lazy website regeneration complete! Total build time: 11.766s
2020-10-05T15:47:08.225Z - debug:  
2020-10-05T15:47:08.640Z - debug:  
2020-10-05T15:52:01.241Z - info: Website generation (lazy) started at 11:51:58 PM
2020-10-05T15:52:09.091Z - info: Building assets...
2020-10-05T15:52:14.818Z - info: Assets built
2020-10-05T15:52:14.819Z - info: Generating landing page...
2020-10-05T15:52:15.661Z - info: Landing page built, other pages will be built as you navigate to them!
2020-10-05T15:52:15.760Z - info: Website generation (lazy) complete! Total build time: 17.668s
2020-10-05T15:52:16.554Z - info: Serving "C:\repos\nus-cs2103-AY2021S1\cs2103-website\_site" at http://127.0.0.1:8080
2020-10-05T15:52:16.554Z - info: Press CTRL+C to stop ...
2020-10-05T15:52:16.611Z - info: Site data built
2020-10-05T15:54:17.799Z - info: Building C:\repos\nus-cs2103-AY2021S1\cs2103-website\schedule\week7\topics as some of its dependencies were changed since the last visit
2020-10-05T15:54:24.378Z - info: Site data built
2020-10-05T15:54:24.379Z - info: Lazy website regeneration complete! Total build time: 6.582s
2020-10-05T15:54:25.164Z - debug:  
2020-10-05T15:54:25.165Z - debug:  
2020-10-05T15:54:25.328Z - info: Building C:\repos\nus-cs2103-AY2021S1\cs2103-website\schedule\week8\topics as some of its dependencies were changed since the last visit
2020-10-05T15:54:28.452Z - info: Site data built
2020-10-05T15:54:28.453Z - info: Lazy website regeneration complete! Total build time: 3.124s
2020-10-05T15:54:30.053Z - debug:  
2020-10-05T15:56:29.337Z - info: [11:56:29 PM] Reload for file add: C:\repos\nus-cs2103-AY2021S1\cs2103-website\schedule\week8\commentary-tic2002.mbdf
2020-10-05T15:56:30.342Z - info: File added or removed, updating list of site's pages...
2020-10-05T15:56:37.615Z - info: Assets removed
2020-10-05T15:56:38.752Z - info: Building C:\repos\nus-cs2103-AY2021S1\cs2103-website\schedule\week8\topics as some of its dependencies were changed since the last visit
2020-10-05T15:56:42.416Z - debug:  
2020-10-05T15:56:42.428Z - info: Site data built
2020-10-05T15:56:42.429Z - info: Lazy website regeneration complete! Total build time: 3.677s
2020-10-05T15:56:55.379Z - info: [11:56:55 PM] Reload for file change: C:\repos\nus-cs2103-AY2021S1\cs2103-website\schedule\week8\commentary-tic2002.mbdf
2020-10-05T15:56:56.393Z - info: Rebuilding 1 pages
2020-10-05T15:57:01.277Z - info: Pages rebuilt
2020-10-05T15:57:01.278Z - info: Website regeneration complete! Total build time: 4.887s
2020-10-05T15:57:01.311Z - info: Site data built
2020-10-05T15:57:01.923Z - debug:  
