2020-09-03T03:53:25.708Z - info: Website generation (lazy) started at 11:53:20 AM
2020-09-03T03:53:34.940Z - info: Building assets...
2020-09-03T03:53:40.831Z - info: Assets built
2020-09-03T03:53:40.832Z - info: Generating landing page...
2020-09-03T03:53:42.483Z - info: Landing page built, other pages will be built as you navigate to them!
2020-09-03T03:53:42.580Z - info: Website generation (lazy) complete! Total build time: 22.51s
2020-09-03T03:53:43.412Z - info: Serving "C:\repos\nus-cs2103-AY2021S1\cs2103-website\_site" at http://127.0.0.1:8080
2020-09-03T03:53:43.412Z - info: Press CTRL+C to stop ...
2020-09-03T03:53:43.479Z - info: Site data built
2020-09-03T03:54:20.733Z - info: Building C:\repos\nus-cs2103-AY2021S1\cs2103-website\admin\tp-expectations as some of its dependencies were changed since the last visit
2020-09-03T03:54:21.408Z - info: Site data built
2020-09-03T03:54:21.409Z - info: Lazy website regeneration complete! Total build time: 0.677s
2020-09-03T03:56:49.131Z - info: [11:56:49 AM] Reload for file change: C:\repos\nus-cs2103-AY2021S1\cs2103-website\admin\tp-expectations.md
2020-09-03T03:56:50.150Z - info: Rebuilding 1 pages
2020-09-03T03:56:51.007Z - info: Pages rebuilt
2020-09-03T03:56:51.008Z - info: Website regeneration complete! Total build time: 0.863s
2020-09-03T03:56:51.013Z - info: Site data built
2020-09-03T03:58:57.359Z - info: [11:58:57 AM] Reload for file change: C:\repos\nus-cs2103-AY2021S1\cs2103-website\admin\tp-expectations.md
2020-09-03T03:58:58.363Z - info: Rebuilding 1 pages
2020-09-03T03:58:58.863Z - info: Pages rebuilt
2020-09-03T03:58:58.863Z - info: Website regeneration complete! Total build time: 0.501s
2020-09-03T03:58:58.867Z - info: Site data built
2020-09-03T04:01:43.172Z - info: [12:01:43 PM] Reload for file change: C:\repos\nus-cs2103-AY2021S1\cs2103-website\admin\tp-expectations.md
2020-09-03T04:01:44.177Z - info: Rebuilding 1 pages
2020-09-03T04:01:44.853Z - info: Pages rebuilt
2020-09-03T04:01:44.853Z - info: Website regeneration complete! Total build time: 0.677s
2020-09-03T04:01:44.859Z - info: Site data built
2020-09-03T04:01:54.182Z - info: [12:01:54 PM] Reload for file change: C:\repos\nus-cs2103-AY2021S1\cs2103-website\admin\tp-expectations.md
2020-09-03T04:01:55.191Z - info: Rebuilding 1 pages
2020-09-03T04:01:55.668Z - info: Pages rebuilt
2020-09-03T04:01:55.668Z - info: Website regeneration complete! Total build time: 0.481s
2020-09-03T04:01:55.701Z - info: Site data built
2020-09-03T04:02:37.050Z - info: [12:02:37 PM] Reload for file change: C:\repos\nus-cs2103-AY2021S1\cs2103-website\admin\tp-expectations.md
2020-09-03T04:02:38.053Z - info: Rebuilding 1 pages
2020-09-03T04:02:38.761Z - info: Pages rebuilt
2020-09-03T04:02:38.761Z - info: Website regeneration complete! Total build time: 0.709s
2020-09-03T04:02:38.764Z - info: Site data built
2020-09-03T04:04:12.189Z - info: Website generation started at 12:04:09 PM
2020-09-03T04:04:20.708Z - info: Building assets...
