2020-08-20T16:00:09.487Z - info: Website generation started at 12:00:05 AM
2020-08-20T16:00:22.907Z - info: Building assets...
2020-08-20T16:00:30.080Z - info: Assets built
2020-08-20T16:00:30.081Z - info: Generating pages...
2020-08-20T16:00:43.901Z - debug: The process cannot access the file because it is being used by another process.

2020-08-20T16:00:43.902Z - debug: The process cannot access the file because it is being used by another process.

2020-08-20T16:00:47.224Z - debug:  
2020-08-20T16:00:47.224Z - debug:  
2020-08-20T16:00:47.225Z - debug:  
2020-08-20T16:00:47.225Z - debug:  
2020-08-20T16:00:50.510Z - debug:  
2020-08-20T16:00:52.548Z - debug: The process cannot access the file because it is being used by another process.

2020-08-20T16:00:52.548Z - debug: The process cannot access the file because it is being used by another process.

2020-08-20T16:00:52.548Z - debug: The process cannot access the file because it is being used by another process.

2020-08-20T16:00:52.548Z - debug: The process cannot access the file because it is being used by another process.

2020-08-20T16:00:52.549Z - debug:  
2020-08-20T16:00:52.549Z - debug:  
2020-08-20T16:00:52.549Z - debug:  
2020-08-20T16:00:52.549Z - debug:  
2020-08-20T16:00:55.329Z - debug: The process cannot access the file because it is being used by another process.

2020-08-20T16:00:55.331Z - debug: The process cannot access the file because it is being used by another process.

2020-08-20T16:00:55.840Z - debug: The process cannot access the file because it is being used by another process.

2020-08-20T16:00:55.843Z - debug: The process cannot access the file because it is being used by another process.

2020-08-20T16:00:56.676Z - debug:  
2020-08-20T16:00:56.713Z - debug:  
2020-08-20T16:01:24.229Z - debug: The process cannot access the file because it is being used by another process.

2020-08-20T16:01:24.232Z - debug: The process cannot access the file because it is being used by another process.

2020-08-20T16:01:25.631Z - debug:  
2020-08-20T16:01:25.756Z - debug:  
2020-08-20T16:01:28.809Z - debug: The process cannot access the file because it is being used by another process.

2020-08-20T16:01:28.811Z - debug: The process cannot access the file because it is being used by another process.

2020-08-20T16:01:29.002Z - debug:  
2020-08-20T16:01:29.002Z - debug:  
2020-08-20T16:01:37.897Z - debug: The process cannot access the file because it is being used by another process.

2020-08-20T16:01:39.982Z - debug: The process cannot access the file because it is being used by another process.

2020-08-20T16:01:40.155Z - debug:  
2020-08-20T16:02:08.721Z - debug:  
2020-08-20T16:02:08.721Z - debug:  
2020-08-20T16:02:08.722Z - debug:  
2020-08-20T16:02:08.722Z - debug:  
2020-08-20T16:02:12.913Z - debug:  
2020-08-20T16:02:13.133Z - debug:  
2020-08-20T16:02:19.142Z - debug:  
2020-08-20T16:02:22.705Z - debug:  
2020-08-20T16:02:22.705Z - debug:  
2020-08-20T16:02:22.706Z - debug:  
2020-08-20T16:02:22.706Z - debug:  
2020-08-20T16:02:30.344Z - debug:  
2020-08-20T16:02:30.345Z - debug:  
2020-08-20T16:02:34.763Z - debug:  
2020-08-20T16:02:41.820Z - debug:  
2020-08-20T16:03:00.159Z - debug:  
2020-08-20T16:03:00.160Z - debug:  
2020-08-20T16:03:23.970Z - debug:  
2020-08-20T16:03:35.206Z - debug:  
2020-08-20T16:03:35.206Z - debug:  
2020-08-20T16:03:43.856Z - info: Pages built
2020-08-20T16:04:11.341Z - info: Website generation complete! Total build time: 245.426s
2020-08-20T16:04:11.345Z - info: Build success!
2020-08-20T16:04:11.346Z - debug:  
2020-08-20T16:04:11.350Z - info: Site data built
2020-08-20T16:05:00.395Z - info: Deployed!
