2020-11-30T13:31:12.912Z - info: Website generation (lazy) started at 9:31:05 PM
2020-11-30T13:31:21.797Z - info: Building assets...
2020-11-30T13:31:28.262Z - info: Assets built
2020-11-30T13:31:28.264Z - info: Generating landing page...
2020-11-30T13:31:29.673Z - info: Landing page built, other pages will be built as you navigate to them!
2020-11-30T13:31:29.792Z - info: Website generation (lazy) complete! Total build time: 24.748s
2020-11-30T13:31:30.590Z - info: Serving "C:\repos\nus-cs2103-AY2021S1\cs2103-website\_site" at http://127.0.0.1:8080
2020-11-30T13:31:30.590Z - info: Press CTRL+C to stop ...
2020-11-30T13:31:30.652Z - info: Site data built
2020-11-30T13:34:32.718Z - info: [9:34:32 PM] Reload for file change: C:\repos\nus-cs2103-AY2021S1\cs2103-website\admin\exams.md
2020-11-30T13:34:33.724Z - info: No pages needed to be rebuilt
2020-11-30T13:34:35.835Z - info: Building C:\repos\nus-cs2103-AY2021S1\cs2103-website\admin\index as some of its dependencies were changed since the last visit
2020-11-30T13:34:36.586Z - info: Site data built
2020-11-30T13:34:36.586Z - info: Lazy website regeneration complete! Total build time: 0.751s
2020-11-30T13:34:39.925Z - info: Building C:\repos\nus-cs2103-AY2021S1\cs2103-website\admin\exams as some of its dependencies were changed since the last visit
2020-11-30T13:34:40.140Z - info: Site data built
2020-11-30T13:34:40.141Z - info: Lazy website regeneration complete! Total build time: 0.216s
2020-11-30T13:35:25.156Z - info: [9:35:25 PM] Reload for file change: C:\repos\nus-cs2103-AY2021S1\cs2103-website\admin\exams.md
2020-11-30T13:35:26.162Z - info: Rebuilding 1 pages
2020-11-30T13:35:26.372Z - info: Pages rebuilt
2020-11-30T13:35:26.372Z - info: Website regeneration complete! Total build time: 0.215s
2020-11-30T13:35:26.415Z - info: Site data built
2020-11-30T13:40:02.736Z - info: [9:40:02 PM] Reload for file change: C:\repos\nus-cs2103-AY2021S1\cs2103-website\admin\exams.md
2020-11-30T13:40:03.780Z - info: Rebuilding 1 pages
2020-11-30T13:40:04.235Z - info: Pages rebuilt
2020-11-30T13:40:04.236Z - info: Website regeneration complete! Total build time: 0.487s
2020-11-30T13:40:04.242Z - info: Site data built
2020-11-30T13:41:47.955Z - info: [9:41:47 PM] Reload for file change: C:\repos\nus-cs2103-AY2021S1\cs2103-website\admin\exams.md
2020-11-30T13:41:48.968Z - info: Rebuilding 1 pages
2020-11-30T13:41:49.227Z - info: Pages rebuilt
2020-11-30T13:41:49.227Z - info: Website regeneration complete! Total build time: 0.267s
2020-11-30T13:41:49.232Z - info: Site data built
2020-11-30T13:42:07.628Z - info: [9:42:07 PM] Reload for file change: C:\repos\nus-cs2103-AY2021S1\cs2103-website\admin\exams.md
2020-11-30T13:42:08.633Z - info: Rebuilding 1 pages
2020-11-30T13:42:08.829Z - info: Pages rebuilt
2020-11-30T13:42:08.829Z - info: Website regeneration complete! Total build time: 0.197s
2020-11-30T13:42:08.861Z - info: Site data built
2020-11-30T13:44:44.169Z - info: [9:44:44 PM] Reload for file change: C:\repos\nus-cs2103-AY2021S1\cs2103-website\admin\exams.md
2020-11-30T13:44:45.183Z - info: Rebuilding 1 pages
2020-11-30T13:44:45.377Z - info: Pages rebuilt
2020-11-30T13:44:45.377Z - info: Website regeneration complete! Total build time: 0.195s
2020-11-30T13:44:45.380Z - info: Site data built
2020-11-30T13:48:21.809Z - info: [9:48:21 PM] Reload for file change: C:\repos\nus-cs2103-AY2021S1\cs2103-website\admin\exams.md
2020-11-30T13:48:22.818Z - info: Rebuilding 1 pages
2020-11-30T13:48:23.100Z - info: Pages rebuilt
2020-11-30T13:48:23.101Z - info: Website regeneration complete! Total build time: 0.284s
2020-11-30T13:48:23.103Z - info: Site data built
2020-11-30T13:48:44.180Z - info: Website generation started at 9:48:41 PM
2020-11-30T13:48:52.946Z - info: Building assets...
