2020-09-18T16:22:53.918Z - info: Website generation started at 12:22:45 AM
2020-09-18T16:23:05.841Z - info: Building assets...
2020-09-18T16:23:15.251Z - info: Assets built
2020-09-18T16:23:15.252Z - info: Generating pages...
2020-09-18T16:23:33.078Z - debug: The process cannot access the file because it is being used by another process.

2020-09-18T16:23:33.079Z - debug: The process cannot access the file because it is being used by another process.

2020-09-18T16:23:37.653Z - debug:  
2020-09-18T16:23:37.653Z - debug:  
2020-09-18T16:23:37.653Z - debug:  
2020-09-18T16:23:37.654Z - debug:  
2020-09-18T16:23:37.654Z - debug:  
2020-09-18T16:23:38.838Z - debug:  
2020-09-18T16:23:38.839Z - debug:  
2020-09-18T16:23:38.839Z - debug:  
2020-09-18T16:23:43.534Z - debug: The process cannot access the file because it is being used by another process.

2020-09-18T16:23:43.535Z - debug: The process cannot access the file because it is being used by another process.

2020-09-18T16:23:43.535Z - debug:  
2020-09-18T16:23:43.535Z - debug:  
2020-09-18T16:23:45.245Z - debug: The process cannot access the file because it is being used by another process.

2020-09-18T16:23:45.246Z - debug: The process cannot access the file because it is being used by another process.

2020-09-18T16:23:45.300Z - debug:  
2020-09-18T16:23:45.301Z - debug:  
2020-09-18T16:23:45.882Z - debug: The process cannot access the file because it is being used by another process.

2020-09-18T16:23:45.883Z - debug: The process cannot access the file because it is being used by another process.

2020-09-18T16:23:49.242Z - debug:  
2020-09-18T16:23:49.388Z - debug:  
2020-09-18T16:24:10.942Z - debug: The process cannot access the file because it is being used by another process.

2020-09-18T16:24:10.961Z - debug: The process cannot access the file because it is being used by another process.

2020-09-18T16:24:12.034Z - debug: The process cannot access the file because it is being used by another process.

2020-09-18T16:24:12.034Z - debug:  
2020-09-18T16:24:13.739Z - debug: The process cannot access the file because it is being used by another process.

2020-09-18T16:24:14.593Z - debug: The process cannot access the file because it is being used by another process.

2020-09-18T16:24:15.896Z - debug:  
2020-09-18T16:24:17.723Z - debug:  
2020-09-18T16:24:20.473Z - debug: The process cannot access the file because it is being used by another process.

2020-09-18T16:24:20.902Z - debug: The process cannot access the file because it is being used by another process.

2020-09-18T16:24:21.998Z - debug: The process cannot access the file because it is being used by another process.

2020-09-18T16:24:21.998Z - debug: The process cannot access the file because it is being used by another process.

2020-09-18T16:24:24.517Z - debug:  
2020-09-18T16:24:24.517Z - debug:  
2020-09-18T16:24:25.926Z - debug:  
2020-09-18T16:24:25.980Z - debug:  
2020-09-18T16:24:32.983Z - debug: The process cannot access the file because it is being used by another process.

2020-09-18T16:24:34.906Z - debug: The process cannot access the file because it is being used by another process.

2020-09-18T16:24:35.115Z - debug:  
2020-09-18T16:25:01.886Z - debug:  
2020-09-18T16:25:02.900Z - debug:  
2020-09-18T16:25:02.900Z - debug:  
2020-09-18T16:25:02.900Z - debug:  
2020-09-18T16:25:04.396Z - debug: The process cannot access the file because it is being used by another process.

2020-09-18T16:25:07.767Z - debug:  
2020-09-18T16:25:08.196Z - debug:  
2020-09-18T16:25:08.551Z - debug:  
2020-09-18T16:25:18.225Z - debug:  
2020-09-18T16:25:19.190Z - debug:  
2020-09-18T16:25:19.191Z - debug:  
2020-09-18T16:25:19.191Z - debug:  
2020-09-18T16:25:19.191Z - debug:  
2020-09-18T16:25:24.218Z - debug: The process cannot access the file because it is being used by another process.

2020-09-18T16:25:26.966Z - debug:  
2020-09-18T16:25:28.582Z - debug:  
2020-09-18T16:25:28.582Z - debug:  
2020-09-18T16:25:33.777Z - debug:  
2020-09-18T16:25:46.391Z - debug:  
2020-09-18T16:25:46.391Z - debug:  
2020-09-18T16:25:46.391Z - debug:  
2020-09-18T16:25:54.586Z - debug:  
2020-09-18T16:25:54.586Z - debug:  
2020-09-18T16:26:10.134Z - debug:  
2020-09-18T16:26:12.268Z - debug:  
2020-09-18T16:26:46.934Z - debug:  
2020-09-18T16:27:05.289Z - debug:  
2020-09-18T16:27:05.620Z - debug:  
2020-09-18T16:27:18.508Z - info: Pages built
2020-09-18T16:27:50.721Z - info: Website generation complete! Total build time: 304.737s
2020-09-18T16:27:50.723Z - info: Build success!
2020-09-18T16:27:50.724Z - debug:  
2020-09-18T16:27:50.727Z - info: Site data built
2020-09-18T16:28:31.618Z - info: Deployed!
2020-09-18T16:29:57.430Z - info: Website generation (lazy) started at 12:29:52 AM
2020-09-18T16:30:06.240Z - info: Building assets...
2020-09-18T16:30:11.880Z - info: Assets built
2020-09-18T16:30:11.881Z - info: Generating landing page...
2020-09-18T16:30:13.184Z - info: Landing page built, other pages will be built as you navigate to them!
2020-09-18T16:30:13.285Z - info: Website generation (lazy) complete! Total build time: 21.21s
2020-09-18T16:30:14.098Z - info: Serving "C:\repos\nus-cs2103-AY2021S1\cs2103-website\_site" at http://127.0.0.1:8080
2020-09-18T16:30:14.098Z - info: Press CTRL+C to stop ...
2020-09-18T16:30:14.159Z - info: Site data built
2020-09-18T16:30:32.754Z - info: Building C:\repos\nus-cs2103-AY2021S1\cs2103-website\schedule\week7\index as some of its dependencies were changed since the last visit
2020-09-18T16:30:33.488Z - info: Site data built
2020-09-18T16:30:33.488Z - info: Lazy website regeneration complete! Total build time: 0.735s
2020-09-18T16:30:36.887Z - info: Building C:\repos\nus-cs2103-AY2021S1\cs2103-website\schedule\week7\project as some of its dependencies were changed since the last visit
2020-09-18T16:30:37.886Z - info: Site data built
2020-09-18T16:30:37.886Z - info: Lazy website regeneration complete! Total build time: 0.999s
2020-09-18T16:31:41.788Z - info: [12:31:41 AM] Reload for file change: C:\repos\nus-cs2103-AY2021S1\cs2103-website\_markbind\variables.md
2020-09-18T16:31:42.943Z - warn: Rebuilding all pages as variables file was changed, or the --force-reload flag was set
2020-09-18T16:31:42.954Z - info: Rebuilding 1 pages
2020-09-18T16:31:44.625Z - info: Pages rebuilt
2020-09-18T16:31:44.625Z - info: Website regeneration complete! Total build time: 1.834s
2020-09-18T16:31:44.640Z - info: Site data built
2020-09-18T16:32:06.661Z - info: Website generation started at 12:32:03 AM
2020-09-18T16:32:15.026Z - info: Building assets...
2020-09-18T16:32:21.524Z - info: Assets built
2020-09-18T16:32:21.525Z - info: Generating pages...
2020-09-18T16:32:37.104Z - debug: The process cannot access the file because it is being used by another process.

2020-09-18T16:32:37.107Z - debug: The process cannot access the file because it is being used by another process.

2020-09-18T16:32:40.435Z - debug:  
2020-09-18T16:32:40.436Z - debug:  
2020-09-18T16:32:40.436Z - debug:  
2020-09-18T16:32:40.436Z - debug:  
2020-09-18T16:32:40.436Z - debug:  
2020-09-18T16:32:47.091Z - debug: The process cannot access the file because it is being used by another process.

2020-09-18T16:32:47.092Z - debug: The process cannot access the file because it is being used by another process.

2020-09-18T16:32:47.092Z - debug: The process cannot access the file because it is being used by another process.

2020-09-18T16:32:47.092Z - debug: The process cannot access the file because it is being used by another process.

2020-09-18T16:32:47.093Z - debug:  
2020-09-18T16:32:47.094Z - debug:  
2020-09-18T16:32:47.094Z - debug:  
2020-09-18T16:32:47.107Z - debug:  
2020-09-18T16:32:47.107Z - debug:  
2020-09-18T16:32:50.242Z - debug: The process cannot access the file because it is being used by another process.

2020-09-18T16:32:50.243Z - debug: The process cannot access the file because it is being used by another process.

2020-09-18T16:32:50.243Z - debug: The process cannot access the file because it is being used by another process.

2020-09-18T16:32:50.244Z - debug: The process cannot access the file because it is being used by another process.

2020-09-18T16:32:51.486Z - debug:  
2020-09-18T16:32:51.486Z - debug:  
2020-09-18T16:33:05.545Z - debug: The process cannot access the file because it is being used by another process.

2020-09-18T16:33:06.352Z - debug: The process cannot access the file because it is being used by another process.

2020-09-18T16:33:07.262Z - debug: The process cannot access the file because it is being used by another process.

2020-09-18T16:33:07.263Z - debug:  
2020-09-18T16:33:10.150Z - debug: The process cannot access the file because it is being used by another process.

2020-09-18T16:33:10.154Z - debug: The process cannot access the file because it is being used by another process.

2020-09-18T16:33:11.612Z - debug:  
2020-09-18T16:33:12.971Z - debug:  
2020-09-18T16:33:15.318Z - debug: The process cannot access the file because it is being used by another process.

2020-09-18T16:33:15.322Z - debug: The process cannot access the file because it is being used by another process.

2020-09-18T16:33:16.911Z - debug: The process cannot access the file because it is being used by another process.

2020-09-18T16:33:16.912Z - debug: The process cannot access the file because it is being used by another process.

2020-09-18T16:33:17.266Z - debug:  
2020-09-18T16:33:17.273Z - debug:  
2020-09-18T16:33:21.286Z - debug:  
2020-09-18T16:33:21.407Z - debug:  
2020-09-18T16:33:27.382Z - debug: The process cannot access the file because it is being used by another process.

2020-09-18T16:33:29.577Z - debug: The process cannot access the file because it is being used by another process.

2020-09-18T16:33:29.671Z - debug:  
2020-09-18T16:33:51.173Z - debug:  
2020-09-18T16:33:51.174Z - debug:  
2020-09-18T16:33:51.174Z - debug:  
2020-09-18T16:33:51.261Z - debug:  
2020-09-18T16:33:56.247Z - debug:  
2020-09-18T16:33:56.248Z - debug:  
2020-09-18T16:33:56.456Z - debug:  
2020-09-18T16:34:03.466Z - debug:  
2020-09-18T16:34:05.959Z - debug:  
2020-09-18T16:34:05.959Z - debug:  
2020-09-18T16:34:05.959Z - debug:  
2020-09-18T16:34:05.960Z - debug:  
2020-09-18T16:34:12.854Z - debug:  
2020-09-18T16:34:13.031Z - debug:  
2020-09-18T16:34:13.032Z - debug:  
2020-09-18T16:34:17.436Z - debug:  
2020-09-18T16:34:24.482Z - debug:  
2020-09-18T16:34:32.810Z - debug:  
2020-09-18T16:34:37.030Z - debug:  
2020-09-18T16:34:37.030Z - debug:  
2020-09-18T16:34:59.776Z - debug:  
2020-09-18T16:35:11.105Z - debug:  
2020-09-18T16:35:11.105Z - debug:  
2020-09-18T16:35:18.404Z - info: Pages built
2020-09-18T16:35:41.634Z - info: Website generation complete! Total build time: 218.328s
2020-09-18T16:35:41.634Z - info: Build success!
2020-09-18T16:35:41.637Z - debug:  
2020-09-18T16:35:41.641Z - info: Site data built
2020-09-18T16:36:21.769Z - info: Deployed!
