2020-09-09T09:27:22.399Z - info: Website generation (lazy) started at 5:27:15 PM
2020-09-09T09:27:32.264Z - info: Building assets...
2020-09-09T09:27:38.422Z - info: Assets built
2020-09-09T09:27:38.423Z - info: Generating landing page...
2020-09-09T09:27:40.305Z - info: Landing page built, other pages will be built as you navigate to them!
2020-09-09T09:27:40.406Z - info: Website generation (lazy) complete! Total build time: 24.769s
2020-09-09T09:27:41.352Z - info: Serving "C:\repos\nus-cs2103-AY2021S1\cs2103-website\_site" at http://127.0.0.1:8080
2020-09-09T09:27:41.352Z - info: Press CTRL+C to stop ...
2020-09-09T09:27:41.425Z - info: Site data built
2020-09-09T09:28:08.029Z - info: Building C:\repos\nus-cs2103-AY2021S1\cs2103-website\schedule\week6\index as some of its dependencies were changed since the last visit
2020-09-09T09:28:08.850Z - info: Site data built
2020-09-09T09:28:08.851Z - info: Lazy website regeneration complete! Total build time: 0.822s
2020-09-09T09:28:13.825Z - info: Building C:\repos\nus-cs2103-AY2021S1\cs2103-website\schedule\week6\topics as some of its dependencies were changed since the last visit
2020-09-09T09:28:18.074Z - info: Site data built
2020-09-09T09:28:18.077Z - info: Lazy website regeneration complete! Total build time: 4.251s
2020-09-09T09:28:19.502Z - debug:  
2020-09-09T09:28:19.591Z - debug:  
2020-09-09T09:31:55.774Z - info: Building C:\repos\nus-cs2103-AY2021S1\cs2103-website\schedule\week6\project as some of its dependencies were changed since the last visit
2020-09-09T09:31:58.607Z - info: Site data built
2020-09-09T09:31:58.608Z - info: Lazy website regeneration complete! Total build time: 2.834s
2020-09-09T09:32:06.467Z - info: Building C:\repos\nus-cs2103-AY2021S1\cs2103-website\admin\index as some of its dependencies were changed since the last visit
2020-09-09T09:32:07.038Z - info: Site data built
2020-09-09T09:32:07.038Z - info: Lazy website regeneration complete! Total build time: 0.571s
2020-09-09T09:32:21.604Z - info: Building C:\repos\nus-cs2103-AY2021S1\cs2103-website\admin\tp-w4 as some of its dependencies were changed since the last visit
2020-09-09T09:32:22.715Z - info: Site data built
2020-09-09T09:32:22.716Z - info: Lazy website regeneration complete! Total build time: 1.112s
2020-09-09T09:33:31.776Z - info: [5:33:31 PM] Reload for file change: C:\repos\nus-cs2103-AY2021S1\cs2103-website\admin\tp-tasks.mbdf
2020-09-09T09:33:32.785Z - info: No pages needed to be rebuilt
2020-09-09T09:33:49.239Z - info: Building C:\repos\nus-cs2103-AY2021S1\cs2103-website\admin\tp-w4 as some of its dependencies were changed since the last visit
2020-09-09T09:33:50.962Z - info: Site data built
2020-09-09T09:33:50.963Z - info: Lazy website regeneration complete! Total build time: 1.724s
2020-09-09T09:36:16.410Z - info: [5:36:16 PM] Reload for file change: C:\repos\nus-cs2103-AY2021S1\cs2103-website\admin\tp-tasks.mbdf
2020-09-09T09:36:17.414Z - info: No pages needed to be rebuilt
2020-09-09T09:36:45.684Z - info: [5:36:45 PM] Reload for file change: C:\repos\nus-cs2103-AY2021S1\cs2103-website\admin\tp-tasks.mbdf
2020-09-09T09:36:46.689Z - info: No pages needed to be rebuilt
2020-09-09T09:36:55.603Z - info: Building C:\repos\nus-cs2103-AY2021S1\cs2103-website\admin\tp-w4 as some of its dependencies were changed since the last visit
2020-09-09T09:36:57.130Z - info: Site data built
2020-09-09T09:36:57.132Z - info: Lazy website regeneration complete! Total build time: 1.529s
2020-09-09T09:37:29.128Z - info: [5:37:29 PM] Reload for file change: C:\repos\nus-cs2103-AY2021S1\cs2103-website\admin\tp-tasks.mbdf
2020-09-09T09:37:30.131Z - info: Rebuilding 1 pages
2020-09-09T09:37:31.851Z - info: Pages rebuilt
2020-09-09T09:37:31.851Z - info: Website regeneration complete! Total build time: 1.721s
2020-09-09T09:37:31.891Z - info: Site data built
2020-09-09T09:38:08.926Z - info: Building C:\repos\nus-cs2103-AY2021S1\cs2103-website\se-book-adapted\index as some of its dependencies were changed since the last visit
2020-09-09T09:38:09.168Z - info: Site data built
2020-09-09T09:38:09.169Z - info: Lazy website regeneration complete! Total build time: 0.243s
2020-09-09T09:38:30.563Z - info: Building C:\repos\nus-cs2103-AY2021S1\cs2103-website\admin\ip-w4 as some of its dependencies were changed since the last visit
2020-09-09T09:38:32.545Z - info: Site data built
2020-09-09T09:38:32.545Z - info: Lazy website regeneration complete! Total build time: 1.982s
2020-09-09T09:38:59.353Z - info: Building C:\repos\nus-cs2103-AY2021S1\cs2103-website\admin\ip-w3 as some of its dependencies were changed since the last visit
2020-09-09T09:39:00.881Z - info: Site data built
2020-09-09T09:39:00.881Z - info: Lazy website regeneration complete! Total build time: 1.528s
2020-09-09T09:44:54.194Z - info: [5:44:54 PM] Reload for file change: C:\repos\nus-cs2103-AY2021S1\cs2103-website\admin\ip-tasks.mbdf
2020-09-09T09:44:55.201Z - info: No pages needed to be rebuilt
2020-09-09T09:46:36.661Z - info: Building C:\repos\nus-cs2103-AY2021S1\cs2103-website\admin\ip-w3 as some of its dependencies were changed since the last visit
2020-09-09T09:46:38.212Z - info: Site data built
2020-09-09T09:46:38.212Z - info: Lazy website regeneration complete! Total build time: 1.553s
2020-09-09T09:47:29.296Z - info: [5:47:29 PM] Reload for file change: C:\repos\nus-cs2103-AY2021S1\cs2103-website\admin\ip-tasks.mbdf
2020-09-09T09:47:30.302Z - info: Rebuilding 1 pages
2020-09-09T09:47:31.935Z - info: Pages rebuilt
2020-09-09T09:47:31.935Z - info: Website regeneration complete! Total build time: 1.635s
2020-09-09T09:47:31.997Z - info: Site data built
2020-09-09T09:48:12.329Z - info: [5:48:12 PM] Reload for file change: C:\repos\nus-cs2103-AY2021S1\cs2103-website\admin\ip-tasks.mbdf
2020-09-09T09:48:13.332Z - info: No pages needed to be rebuilt
2020-09-09T09:53:00.111Z - info: Building C:\repos\nus-cs2103-AY2021S1\cs2103-website\admin\ip-w3 as some of its dependencies were changed since the last visit
2020-09-09T09:53:02.005Z - info: Site data built
2020-09-09T09:53:02.006Z - info: Lazy website regeneration complete! Total build time: 1.896s
2020-09-09T09:53:46.428Z - info: [5:53:46 PM] Reload for file change: C:\repos\nus-cs2103-AY2021S1\cs2103-website\admin\ip-tasks.mbdf
2020-09-09T09:53:47.434Z - info: No pages needed to be rebuilt
2020-09-09T09:53:49.565Z - info: Building C:\repos\nus-cs2103-AY2021S1\cs2103-website\admin\ip-w3 as some of its dependencies were changed since the last visit
2020-09-09T09:53:51.125Z - info: Site data built
2020-09-09T09:53:51.126Z - info: Lazy website regeneration complete! Total build time: 1.561s
2020-09-09T09:55:48.926Z - info: [5:55:48 PM] Reload for file change: C:\repos\nus-cs2103-AY2021S1\cs2103-website\admin\ip-tasks.mbdf
2020-09-09T09:55:49.930Z - info: No pages needed to be rebuilt
2020-09-09T09:57:27.615Z - info: Website generation started at 5:57:24 PM
2020-09-09T09:57:38.079Z - info: Building assets...
