2020-08-14T16:14:45.056Z - info: Website generation (lazy) started at 12:14:35 AM
2020-08-14T16:14:53.948Z - info: Building assets...
2020-08-14T16:15:00.597Z - info: Assets built
2020-08-14T16:15:00.598Z - info: Generating landing page...
2020-08-14T16:15:01.492Z - info: Landing page built, other pages will be built as you navigate to them!
2020-08-14T16:15:01.600Z - info: Website generation (lazy) complete! Total build time: 25.653s
2020-08-14T16:15:02.708Z - info: Serving "C:\repos\nus-cs2103-AY2021S1\cs2103-website\_site" at http://127.0.0.1:8080
2020-08-14T16:15:02.710Z - info: Press CTRL+C to stop ...
2020-08-14T16:15:02.826Z - info: Site data built
2020-08-14T16:15:47.632Z - info: [12:15:47 AM] Reload for file change: C:\repos\nus-cs2103-AY2021S1\cs2103-website\_markbind\variables.md
2020-08-14T16:15:48.980Z - warn: Rebuilding all pages as variables file was changed, or the --force-reload flag was set
2020-08-14T16:15:48.997Z - info: Rebuilding 1 pages
2020-08-14T16:15:50.172Z - info: Pages rebuilt
2020-08-14T16:15:50.173Z - info: Website regeneration complete! Total build time: 1.519s
2020-08-14T16:15:50.197Z - info: Site data built
2020-08-14T16:15:52.874Z - info: [12:15:52 AM] Reload for file change: C:\repos\nus-cs2103-AY2021S1\cs2103-website\_markbind\variables.md
2020-08-14T16:15:54.021Z - warn: Rebuilding all pages as variables file was changed, or the --force-reload flag was set
2020-08-14T16:15:54.025Z - info: Rebuilding 1 pages
2020-08-14T16:15:55.193Z - info: Pages rebuilt
2020-08-14T16:15:55.194Z - info: Website regeneration complete! Total build time: 1.312s
2020-08-14T16:15:55.199Z - info: Site data built
2020-08-14T16:17:16.859Z - info: Website generation started at 12:17:13 AM
2020-08-14T16:17:26.751Z - info: Building assets...
