2020-08-23T16:00:09.845Z - info: Assets built
2020-08-23T16:00:09.853Z - info: Generating landing page...
2020-08-23T16:00:12.403Z - info: Landing page built, other pages will be built as you navigate to them!
2020-08-23T16:00:12.496Z - info: Website generation (lazy) complete! Total build time: 29.452s
2020-08-23T16:00:13.478Z - info: Serving "C:\repos\nus-cs2103-AY2021S1\cs2103-website\_site" at http://127.0.0.1:8080
2020-08-23T16:00:13.479Z - info: Press CTRL+C to stop ...
2020-08-23T16:00:13.547Z - info: Site data built
2020-08-23T16:00:15.950Z - info: [12:00:15 AM] Reload for file change: C:\repos\nus-cs2103-AY2021S1\cs2103-website\schedule\week3\tutorial-cs2103.mbdf
2020-08-23T16:00:17.268Z - info: No pages needed to be rebuilt
2020-08-23T16:00:36.782Z - info: [12:00:36 AM] Reload for file change: C:\repos\nus-cs2103-AY2021S1\cs2103-website\schedule\week3\tutorial-cs2103.mbdf
2020-08-23T16:00:37.784Z - info: No pages needed to be rebuilt
2020-08-23T16:00:41.457Z - info: Building C:\repos\nus-cs2103-AY2021S1\cs2103-website\schedule\week3\tutorial as some of its dependencies were changed since the last visit
2020-08-23T16:00:42.087Z - info: Site data built
2020-08-23T16:00:42.087Z - info: Lazy website regeneration complete! Total build time: 0.631s
2020-08-23T16:50:53.773Z - info: [12:50:53 AM] Reload for file change: C:\repos\nus-cs2103-AY2021S1\cs2103-website\book\oop\introduction\what\text.md
2020-08-23T16:50:53.806Z - info: [12:50:53 AM] Reload for file change: C:\repos\nus-cs2103-AY2021S1\cs2103-website\book\oop\introduction\what\text.md
2020-08-23T16:50:54.847Z - info: No pages needed to be rebuilt
2020-08-23T16:52:05.610Z - info: Website generation started at 12:52:01 AM
2020-08-23T16:52:19.145Z - info: Building assets...
2020-08-23T16:52:24.969Z - info: Assets built
2020-08-23T16:52:24.970Z - info: Generating pages...
2020-08-23T16:52:49.369Z - debug:  
2020-08-23T16:52:49.369Z - debug:  
2020-08-23T16:52:49.369Z - debug:  
2020-08-23T16:52:49.370Z - debug:  
2020-08-23T16:52:56.851Z - debug: The process cannot access the file because it is being used by another process.

2020-08-23T16:52:56.852Z - debug: The process cannot access the file because it is being used by another process.

2020-08-23T16:52:57.615Z - debug:  
2020-08-23T16:52:57.621Z - debug:  
2020-08-23T16:53:02.536Z - debug:  
2020-08-23T16:53:02.549Z - debug:  
2020-08-23T16:53:02.549Z - debug:  
2020-08-23T16:53:05.450Z - debug: The process cannot access the file because it is being used by another process.

2020-08-23T16:53:05.451Z - debug: The process cannot access the file because it is being used by another process.

2020-08-23T16:53:05.979Z - debug: The process cannot access the file because it is being used by another process.

2020-08-23T16:53:05.980Z - debug: The process cannot access the file because it is being used by another process.

2020-08-23T16:53:06.132Z - debug:  
2020-08-23T16:53:06.132Z - debug: The process cannot access the file because it is being used by another process.

2020-08-23T16:53:06.133Z - debug: The process cannot access the file because it is being used by another process.

2020-08-23T16:53:06.290Z - debug:  
2020-08-23T16:53:06.290Z - debug:  
2020-08-23T16:53:06.291Z - debug:  
2020-08-23T16:53:28.265Z - debug: The process cannot access the file because it is being used by another process.

2020-08-23T16:53:28.268Z - debug: The process cannot access the file because it is being used by another process.

2020-08-23T16:53:29.823Z - debug: The process cannot access the file because it is being used by another process.

2020-08-23T16:53:29.824Z - debug: The process cannot access the file because it is being used by another process.

2020-08-23T16:53:30.106Z - debug:  
2020-08-23T16:53:33.378Z - debug:  
2020-08-23T16:53:35.519Z - debug:  
2020-08-23T16:53:35.731Z - debug:  
2020-08-23T16:53:42.551Z - debug: The process cannot access the file because it is being used by another process.

2020-08-23T16:53:44.894Z - debug: The process cannot access the file because it is being used by another process.

2020-08-23T16:53:45.212Z - debug:  
2020-08-23T16:54:08.271Z - debug:  
2020-08-23T16:54:08.509Z - debug:  
2020-08-23T16:54:08.509Z - debug:  
2020-08-23T16:54:08.509Z - debug:  
2020-08-23T16:54:12.737Z - debug:  
2020-08-23T16:54:12.956Z - debug:  
2020-08-23T16:54:23.422Z - debug:  
2020-08-23T16:54:24.187Z - debug:  
2020-08-23T16:54:24.187Z - debug:  
2020-08-23T16:54:24.188Z - debug:  
2020-08-23T16:54:24.188Z - debug:  
2020-08-23T16:54:31.064Z - debug:  
2020-08-23T16:54:31.065Z - debug:  
2020-08-23T16:54:37.624Z - debug:  
2020-08-23T16:54:48.867Z - debug: The process cannot access the file because it is being used by another process.

2020-08-23T16:54:48.868Z - debug: The process cannot access the file because it is being used by another process.

2020-08-23T16:54:51.450Z - debug:  
2020-08-23T16:54:51.450Z - debug:  
2020-08-23T16:55:04.913Z - debug:  
2020-08-23T16:55:31.135Z - debug:  
2020-08-23T16:55:47.702Z - debug:  
2020-08-23T16:55:47.702Z - debug:  
2020-08-23T16:56:00.917Z - info: Pages built
2020-08-23T16:56:38.857Z - info: Website generation complete! Total build time: 277.156s
2020-08-23T16:56:38.857Z - info: Build success!
2020-08-23T16:56:38.858Z - debug:  
2020-08-23T16:56:38.864Z - info: Site data built
2020-08-23T16:57:46.397Z - info: Deployed!
