2020-09-29T14:33:57.834Z - info: Website generation (lazy) started at 10:33:49 PM
2020-09-29T14:34:12.029Z - info: Building assets...
2020-09-29T14:34:21.457Z - info: Assets built
2020-09-29T14:34:21.458Z - info: Generating landing page...
2020-09-29T14:34:23.782Z - info: Landing page built, other pages will be built as you navigate to them!
2020-09-29T14:34:23.932Z - info: Website generation (lazy) complete! Total build time: 34.783s
2020-09-29T14:34:25.189Z - info: Serving "C:\repos\nus-cs2103-AY2021S1\cs2103-website\_site" at http://127.0.0.1:8080
2020-09-29T14:34:25.190Z - info: Press CTRL+C to stop ...
2020-09-29T14:34:25.420Z - info: Site data built
2020-09-29T14:34:59.271Z - info: [10:34:59 PM] Reload for file change: C:\repos\nus-cs2103-AY2021S1\cs2103-website\admin\tp-tasks.mbdf
2020-09-29T14:35:00.284Z - info: Rebuilding 1 pages
2020-09-29T14:35:01.277Z - info: Pages rebuilt
2020-09-29T14:35:01.278Z - info: Website regeneration complete! Total build time: 0.998s
2020-09-29T14:35:01.282Z - info: Site data built
2020-09-29T14:35:03.651Z - info: Building C:\repos\nus-cs2103-AY2021S1\cs2103-website\schedule\week7\project as some of its dependencies were changed since the last visit
2020-09-29T14:35:06.146Z - info: Site data built
2020-09-29T14:35:06.147Z - info: Lazy website regeneration complete! Total build time: 2.496s
2020-09-29T14:36:56.982Z - info: [10:36:56 PM] Reload for file change: C:\repos\nus-cs2103-AY2021S1\cs2103-website\admin\tp-tasks.mbdf
2020-09-29T14:36:57.993Z - info: Rebuilding 1 pages
2020-09-29T14:37:00.587Z - info: Pages rebuilt
2020-09-29T14:37:00.587Z - info: Website regeneration complete! Total build time: 2.596s
2020-09-29T14:37:00.606Z - info: Site data built
2020-09-29T14:37:26.504Z - info: [10:37:26 PM] Reload for file change: C:\repos\nus-cs2103-AY2021S1\cs2103-website\admin\tp-tasks.mbdf
2020-09-29T14:37:27.527Z - info: Rebuilding 1 pages
2020-09-29T14:37:29.903Z - info: Pages rebuilt
2020-09-29T14:37:29.903Z - info: Website regeneration complete! Total build time: 2.38s
2020-09-29T14:37:29.909Z - info: Site data built
2020-09-29T14:38:03.399Z - info: [10:38:03 PM] Reload for file change: C:\repos\nus-cs2103-AY2021S1\cs2103-website\admin\tp-tasks.mbdf
2020-09-29T14:38:04.433Z - info: Rebuilding 1 pages
2020-09-29T14:38:06.834Z - info: Pages rebuilt
2020-09-29T14:38:06.835Z - info: Website regeneration complete! Total build time: 2.407s
2020-09-29T14:38:06.844Z - info: Site data built
2020-09-29T14:59:52.868Z - info: [10:59:52 PM] Reload for file change: C:\repos\nus-cs2103-AY2021S1\cs2103-website\_module-CS2103\weeklyTextbookTopics.mbdf
2020-09-29T14:59:53.953Z - info: No pages needed to be rebuilt
2020-09-29T15:00:05.423Z - info: Website generation (lazy) started at 11:00:02 PM
2020-09-29T15:00:16.623Z - info: Building assets...
2020-09-29T15:00:23.961Z - info: Assets built
2020-09-29T15:00:23.962Z - info: Generating landing page...
2020-09-29T15:00:26.000Z - info: Landing page built, other pages will be built as you navigate to them!
2020-09-29T15:00:26.100Z - info: Website generation (lazy) complete! Total build time: 24.097s
2020-09-29T15:00:26.968Z - info: Serving "C:\repos\nus-cs2103-AY2021S1\cs2103-website\_site" at http://127.0.0.1:8080
2020-09-29T15:00:26.969Z - info: Press CTRL+C to stop ...
2020-09-29T15:00:27.043Z - info: Site data built
2020-09-29T15:00:46.671Z - info: Building C:\repos\nus-cs2103-AY2021S1\cs2103-website\schedule\week8\index as some of its dependencies were changed since the last visit
2020-09-29T15:00:47.559Z - info: Site data built
2020-09-29T15:00:47.560Z - info: Lazy website regeneration complete! Total build time: 0.889s
2020-09-29T15:00:52.106Z - info: Building C:\repos\nus-cs2103-AY2021S1\cs2103-website\schedule\week8\topics as some of its dependencies were changed since the last visit
2020-09-29T15:01:00.660Z - debug:  
2020-09-29T15:01:00.663Z - debug:  
2020-09-29T15:01:02.102Z - debug:  
2020-09-29T15:01:02.102Z - debug:  
2020-09-29T15:01:02.128Z - info: Site data built
2020-09-29T15:01:02.132Z - info: Lazy website regeneration complete! Total build time: 10.027s
2020-09-29T15:04:12.627Z - info: [11:04:12 PM] Reload for file change: C:\repos\nus-cs2103-AY2021S1\cs2103-website\_module-CS2103\weeklyTextbookTopics.mbdf
2020-09-29T15:04:13.643Z - info: No pages needed to be rebuilt
2020-09-29T15:04:31.843Z - info: [11:04:31 PM] Reload for file change: C:\repos\nus-cs2103-AY2021S1\cs2103-website\_module-CS2103\weeklyTextbookTopics.mbdf
2020-09-29T15:04:32.855Z - info: No pages needed to be rebuilt
2020-09-29T15:04:47.972Z - info: [11:04:47 PM] Reload for file change: C:\repos\nus-cs2103-AY2021S1\cs2103-website\_module-CS2103\weeklyTextbookTopics.mbdf
2020-09-29T15:04:48.976Z - info: No pages needed to be rebuilt
2020-09-29T15:05:06.505Z - info: [11:05:06 PM] Reload for file change: C:\repos\nus-cs2103-AY2021S1\cs2103-website\_module-CS2103\weeklyTextbookTopics.mbdf
2020-09-29T15:05:07.512Z - info: No pages needed to be rebuilt
2020-09-29T15:05:27.243Z - info: [11:05:27 PM] Reload for file change: C:\repos\nus-cs2103-AY2021S1\cs2103-website\_module-CS2103\weeklyTextbookTopics.mbdf
2020-09-29T15:05:28.255Z - info: No pages needed to be rebuilt
2020-09-29T15:05:56.052Z - info: [11:05:56 PM] Reload for file change: C:\repos\nus-cs2103-AY2021S1\cs2103-website\_module-CS2103\weeklyTextbookTopics.mbdf
2020-09-29T15:05:57.064Z - info: No pages needed to be rebuilt
2020-09-29T15:06:30.409Z - info: [11:06:30 PM] Reload for file change: C:\repos\nus-cs2103-AY2021S1\cs2103-website\_module-CS2103\weeklyTextbookTopics.mbdf
2020-09-29T15:06:31.422Z - info: No pages needed to be rebuilt
2020-09-29T15:07:29.746Z - info: [11:07:29 PM] Reload for file change: C:\repos\nus-cs2103-AY2021S1\cs2103-website\_module-CS2103\weeklyTextbookTopics.mbdf
2020-09-29T15:07:30.751Z - info: No pages needed to be rebuilt
2020-09-29T15:08:00.413Z - info: Website generation (lazy) started at 11:07:57 PM
2020-09-29T15:08:09.546Z - info: Building assets...
2020-09-29T15:08:16.990Z - info: Assets built
2020-09-29T15:08:16.991Z - info: Generating landing page...
2020-09-29T15:08:18.765Z - info: Landing page built, other pages will be built as you navigate to them!
2020-09-29T15:08:18.870Z - info: Website generation (lazy) complete! Total build time: 21.38s
2020-09-29T15:08:19.787Z - info: Serving "C:\repos\nus-cs2103-AY2021S1\cs2103-website\_site" at http://127.0.0.1:8080
2020-09-29T15:08:19.788Z - info: Press CTRL+C to stop ...
2020-09-29T15:08:19.861Z - info: Site data built
2020-09-29T15:12:01.601Z - info: Building C:\repos\nus-cs2103-AY2021S1\cs2103-website\schedule\week8\topics as some of its dependencies were changed since the last visit
2020-09-29T15:12:09.873Z - debug:  
2020-09-29T15:12:09.874Z - debug:  
2020-09-29T15:12:10.315Z - debug:  
2020-09-29T15:12:10.316Z - debug:  
2020-09-29T15:12:11.088Z - info: Site data built
2020-09-29T15:12:11.096Z - info: Lazy website regeneration complete! Total build time: 9.497s
2020-09-29T15:13:59.463Z - info: [11:13:59 PM] Reload for file change: C:\repos\nus-cs2103-AY2021S1\cs2103-website\schedule\week8\commentary-cs2103.mbdf
2020-09-29T15:14:00.473Z - info: No pages needed to be rebuilt
2020-09-29T15:14:12.445Z - info: Building C:\repos\nus-cs2103-AY2021S1\cs2103-website\schedule\week8\topics as some of its dependencies were changed since the last visit
2020-09-29T15:14:20.667Z - debug:  
2020-09-29T15:14:20.668Z - debug:  
2020-09-29T15:14:21.219Z - debug:  
2020-09-29T15:14:22.322Z - debug:  
2020-09-29T15:14:22.351Z - info: Site data built
2020-09-29T15:14:22.354Z - info: Lazy website regeneration complete! Total build time: 9.912s
2020-09-29T15:15:56.613Z - info: [11:15:56 PM] Reload for file change: C:\repos\nus-cs2103-AY2021S1\cs2103-website\schedule\week8\commentary-cs2103.mbdf
2020-09-29T15:15:57.626Z - info: Rebuilding 1 pages
2020-09-29T15:16:05.938Z - debug:  
2020-09-29T15:16:05.938Z - debug:  
2020-09-29T15:16:07.039Z - info: Pages rebuilt
2020-09-29T15:16:07.040Z - info: Website regeneration complete! Total build time: 9.42s
2020-09-29T15:16:07.056Z - debug:  
2020-09-29T15:16:07.056Z - debug:  
2020-09-29T15:16:07.080Z - info: Site data built
2020-09-29T15:16:54.067Z - info: [11:16:54 PM] Reload for file change: C:\repos\nus-cs2103-AY2021S1\cs2103-website\schedule\week8\commentary-cs2103.mbdf
2020-09-29T15:16:55.072Z - info: Rebuilding 1 pages
2020-09-29T15:17:02.933Z - debug:  
2020-09-29T15:17:02.933Z - debug:  
2020-09-29T15:17:04.198Z - info: Pages rebuilt
2020-09-29T15:17:04.199Z - info: Website regeneration complete! Total build time: 9.129s
2020-09-29T15:17:04.221Z - debug:  
2020-09-29T15:17:04.221Z - debug:  
2020-09-29T15:17:04.245Z - info: Site data built
2020-09-29T15:17:36.021Z - info: [11:17:36 PM] Reload for file change: C:\repos\nus-cs2103-AY2021S1\cs2103-website\schedule\week8\commentary-cs2103.mbdf
2020-09-29T15:17:37.026Z - info: Rebuilding 1 pages
2020-09-29T15:17:44.962Z - debug:  
2020-09-29T15:17:44.962Z - debug:  
2020-09-29T15:17:46.461Z - info: Pages rebuilt
2020-09-29T15:17:46.462Z - info: Website regeneration complete! Total build time: 9.439s
2020-09-29T15:17:46.481Z - debug:  
2020-09-29T15:17:46.481Z - debug:  
2020-09-29T15:17:46.516Z - info: Site data built
2020-09-29T15:18:01.972Z - info: [11:18:01 PM] Reload for file change: C:\repos\nus-cs2103-AY2021S1\cs2103-website\schedule\week8\commentary-cs2103.mbdf
2020-09-29T15:18:02.979Z - info: No pages needed to be rebuilt
2020-09-29T15:18:16.131Z - info: [11:18:16 PM] Reload for file change: C:\repos\nus-cs2103-AY2021S1\cs2103-website\schedule\week8\commentary-cs2103.mbdf
2020-09-29T15:18:17.148Z - info: No pages needed to be rebuilt
2020-09-29T15:19:11.587Z - info: [11:19:11 PM] Reload for file change: C:\repos\nus-cs2103-AY2021S1\cs2103-website\schedule\week8\commentary-cs2103.mbdf
2020-09-29T15:19:12.598Z - info: No pages needed to be rebuilt
2020-09-29T15:19:25.371Z - info: Building C:\repos\nus-cs2103-AY2021S1\cs2103-website\schedule\week8\topics as some of its dependencies were changed since the last visit
2020-09-29T15:19:25.767Z - error:  Template render error: (unknown path) [Line 18, Column 11]
  expected variable end
Error while preprocessing 'C:\repos\nus-cs2103-AY2021S1\cs2103-website\schedule\week8\topics.md'
    at Object._prettifyError (C:\Users\damithch\AppData\Roaming\npm\node_modules\markbind-cli\node_modules\nunjucks\src\lib.js:36:11)
    at Template.render (C:\Users\damithch\AppData\Roaming\npm\node_modules\markbind-cli\node_modules\nunjucks\src\environment.js:536:21)
    at Environment.renderString (C:\Users\damithch\AppData\Roaming\npm\node_modules\markbind-cli\node_modules\nunjucks\src\environment.js:378:17)
    at VariableRenderer.render (C:\Users\damithch\AppData\Roaming\npm\node_modules\markbind-cli\node_modules\@markbind\core\src\variables\VariableRenderer.js:79:17)
    at VariableProcessor.renderSiteVariables (C:\Users\damithch\AppData\Roaming\npm\node_modules\markbind-cli\node_modules\@markbind\core\src\variables\VariableProcessor.js:151:53)
    at VariableProcessor.renderIncludeFile (C:\Users\damithch\AppData\Roaming\npm\node_modules\markbind-cli\node_modules\@markbind\core\src\variables\VariableProcessor.js:390:34)
    at _preprocessInclude (C:\Users\damithch\AppData\Roaming\npm\node_modules\markbind-cli\node_modules\@markbind\core\src\preprocessors\componentPreprocessor.js:242:25)
    at preProcessComponent (C:\Users\damithch\AppData\Roaming\npm\node_modules\markbind-cli\node_modules\@markbind\core\src\preprocessors\componentPreprocessor.js:349:12)
    at C:\Users\damithch\AppData\Roaming\npm\node_modules\markbind-cli\node_modules\@markbind\core\src\preprocessors\componentPreprocessor.js:356:52
    at Array.map (<anonymous>)
    at Object.preProcessComponent (C:\Users\damithch\AppData\Roaming\npm\node_modules\markbind-cli\node_modules\@markbind\core\src\preprocessors\componentPreprocessor.js:356:43)
    at C:\Users\damithch\AppData\Roaming\npm\node_modules\markbind-cli\node_modules\@markbind\core\src\Parser.js:187:47
    at Array.map (<anonymous>)
    at DomHandler._callback (C:\Users\damithch\AppData\Roaming\npm\node_modules\markbind-cli\node_modules\@markbind\core\src\Parser.js:184:27)
    at DomHandler._handleCallback.DomHandler.onerror (C:\Users\damithch\AppData\Roaming\npm\node_modules\markbind-cli\node_modules\domhandler\index.js:52:8)
    at DomHandler.onend (C:\Users\damithch\AppData\Roaming\npm\node_modules\markbind-cli\node_modules\domhandler\index.js:46:7)
2020-09-29T15:19:25.853Z - info: Site data built
2020-09-29T15:19:25.853Z - info: Lazy website regeneration complete! Total build time: 0.483s
2020-09-29T15:20:00.331Z - info: [11:20:00 PM] Reload for file change: C:\repos\nus-cs2103-AY2021S1\cs2103-website\schedule\week8\commentary-cs2103.mbdf
2020-09-29T15:20:01.340Z - info: No pages needed to be rebuilt
2020-09-29T15:20:14.191Z - info: Building C:\repos\nus-cs2103-AY2021S1\cs2103-website\schedule\week8\topics as some of its dependencies were changed since the last visit
2020-09-29T15:20:24.468Z - debug:  
2020-09-29T15:20:24.468Z - debug:  
2020-09-29T15:20:26.283Z - debug:  
2020-09-29T15:20:26.283Z - debug:  
2020-09-29T15:20:26.331Z - info: Site data built
2020-09-29T15:20:26.332Z - info: Lazy website regeneration complete! Total build time: 12.142s
2020-09-29T15:22:04.404Z - info: [11:22:04 PM] Reload for file change: C:\repos\nus-cs2103-AY2021S1\cs2103-website\schedule\week8\commentary-cs2103.mbdf
2020-09-29T15:22:05.421Z - info: Rebuilding 1 pages
2020-09-29T15:22:14.160Z - debug:  
2020-09-29T15:22:14.164Z - debug:  
2020-09-29T15:22:14.541Z - debug:  
2020-09-29T15:22:15.357Z - info: Pages rebuilt
2020-09-29T15:22:15.358Z - info: Website regeneration complete! Total build time: 9.94s
2020-09-29T15:22:15.378Z - debug:  
2020-09-29T15:22:16.230Z - info: Site data built
2020-09-29T15:23:13.681Z - info: [11:23:13 PM] Reload for file change: C:\repos\nus-cs2103-AY2021S1\cs2103-website\schedule\week8\commentary-cs2103.mbdf
2020-09-29T15:23:14.683Z - info: No pages needed to be rebuilt
2020-09-29T15:23:46.754Z - info: [11:23:46 PM] Reload for file change: C:\repos\nus-cs2103-AY2021S1\cs2103-website\schedule\week8\commentary-cs2103.mbdf
2020-09-29T15:23:47.757Z - info: No pages needed to be rebuilt
2020-09-29T15:24:15.250Z - info: [11:24:15 PM] Reload for file change: C:\repos\nus-cs2103-AY2021S1\cs2103-website\schedule\week8\commentary-cs2103.mbdf
2020-09-29T15:24:16.256Z - info: No pages needed to be rebuilt
2020-09-29T15:24:21.862Z - info: Building C:\repos\nus-cs2103-AY2021S1\cs2103-website\schedule\week8\topics as some of its dependencies were changed since the last visit
2020-09-29T15:24:30.679Z - debug:  
2020-09-29T15:24:30.680Z - debug:  
2020-09-29T15:24:31.724Z - debug:  
2020-09-29T15:24:31.724Z - debug:  
2020-09-29T15:24:31.746Z - info: Site data built
2020-09-29T15:24:31.750Z - info: Lazy website regeneration complete! Total build time: 9.888s
2020-09-29T15:24:32.508Z - info: [11:24:32 PM] Reload for file change: C:\repos\nus-cs2103-AY2021S1\cs2103-website\schedule\week8\commentary-cs2103.mbdf
2020-09-29T15:24:33.510Z - info: Rebuilding 1 pages
2020-09-29T15:24:44.642Z - info: Pages rebuilt
2020-09-29T15:24:44.642Z - info: Website regeneration complete! Total build time: 11.133s
2020-09-29T15:24:44.663Z - debug:  
2020-09-29T15:24:44.663Z - debug:  
2020-09-29T15:24:44.665Z - debug:  
2020-09-29T15:24:44.665Z - debug:  
2020-09-29T15:24:44.694Z - info: Site data built
2020-09-29T15:24:58.894Z - info: [11:24:58 PM] Reload for file change: C:\repos\nus-cs2103-AY2021S1\cs2103-website\schedule\week8\commentary-cs2103.mbdf
2020-09-29T15:24:59.896Z - info: Rebuilding 1 pages
2020-09-29T15:25:06.226Z - debug:  
2020-09-29T15:25:06.692Z - debug:  
2020-09-29T15:25:07.932Z - info: Pages rebuilt
2020-09-29T15:25:07.933Z - info: Website regeneration complete! Total build time: 8.038s
2020-09-29T15:25:07.959Z - debug:  
2020-09-29T15:25:07.960Z - debug:  
2020-09-29T15:25:07.977Z - info: Site data built
2020-09-29T15:28:22.070Z - info: Building C:\repos\nus-cs2103-AY2021S1\cs2103-website\schedule\week8\project as some of its dependencies were changed since the last visit
2020-09-29T15:28:23.803Z - info: Site data built
2020-09-29T15:28:23.804Z - info: Lazy website regeneration complete! Total build time: 1.738s
2020-09-29T15:29:37.120Z - info: [11:29:37 PM] Reload for file change: C:\repos\nus-cs2103-AY2021S1\cs2103-website\admin\tp-supervision.md
2020-09-29T15:29:38.140Z - info: No pages needed to be rebuilt
2020-09-29T15:32:36.410Z - info: [11:32:36 PM] Reload for file change: C:\repos\nus-cs2103-AY2021S1\cs2103-website\admin\tp-supervision.md
2020-09-29T15:32:37.416Z - info: No pages needed to be rebuilt
2020-09-29T15:32:42.642Z - info: Building C:\repos\nus-cs2103-AY2021S1\cs2103-website\schedule\week8\tutorial as some of its dependencies were changed since the last visit
2020-09-29T15:32:43.295Z - info: Site data built
2020-09-29T15:32:43.296Z - info: Lazy website regeneration complete! Total build time: 0.654s
2020-09-29T15:36:35.533Z - info: Building C:\repos\nus-cs2103-AY2021S1\cs2103-website\schedule\week8\index as some of its dependencies were changed since the last visit
2020-09-29T15:36:36.338Z - info: Site data built
2020-09-29T15:36:36.339Z - info: Lazy website regeneration complete! Total build time: 0.806s
2020-09-29T15:40:03.158Z - info: [11:40:03 PM] Reload for file change: C:\repos\nus-cs2103-AY2021S1\cs2103-website\schedule\week7\notices-cs2103.mbdf
2020-09-29T15:40:03.172Z - info: [11:40:03 PM] Reload for file change: C:\repos\nus-cs2103-AY2021S1\cs2103-website\admin\common-notices.mbdf
2020-09-29T15:40:04.174Z - info: Rebuilding 1 pages
2020-09-29T15:40:05.372Z - info: Pages rebuilt
2020-09-29T15:40:05.373Z - info: Website regeneration complete! Total build time: 1.207s
2020-09-29T15:40:05.385Z - info: Site data built
2020-09-29T15:40:11.340Z - info: Building C:\repos\nus-cs2103-AY2021S1\cs2103-website\schedule\week7\index as some of its dependencies were changed since the last visit
2020-09-29T15:40:12.177Z - info: Site data built
2020-09-29T15:40:12.178Z - info: Lazy website regeneration complete! Total build time: 0.839s
2020-09-29T15:40:38.354Z - info: [11:40:38 PM] Reload for file change: C:\repos\nus-cs2103-AY2021S1\cs2103-website\schedule\week8\notices-cs2103.mbdf
2020-09-29T15:40:39.363Z - info: No pages needed to be rebuilt
2020-09-29T15:40:49.835Z - info: Building C:\repos\nus-cs2103-AY2021S1\cs2103-website\schedule\week7\project as some of its dependencies were changed since the last visit
2020-09-29T15:40:52.013Z - info: Site data built
2020-09-29T15:40:52.013Z - info: Lazy website regeneration complete! Total build time: 2.179s
2020-09-29T15:41:04.774Z - info: Building C:\repos\nus-cs2103-AY2021S1\cs2103-website\schedule\week8\index as some of its dependencies were changed since the last visit
2020-09-29T15:41:05.504Z - info: Site data built
2020-09-29T15:41:05.505Z - info: Lazy website regeneration complete! Total build time: 0.731s
2020-09-29T15:41:44.129Z - info: Building C:\repos\nus-cs2103-AY2021S1\cs2103-website\schedule\week8\project as some of its dependencies were changed since the last visit
2020-09-29T15:41:45.857Z - info: Site data built
2020-09-29T15:41:45.858Z - info: Lazy website regeneration complete! Total build time: 1.729s
2020-09-29T15:44:44.118Z - info: [11:44:44 PM] Reload for file change: C:\repos\nus-cs2103-AY2021S1\cs2103-website\schedule\week8\commentary-cs2103.mbdf
2020-09-29T15:44:45.133Z - info: Rebuilding 1 pages
2020-09-29T15:44:54.217Z - debug:  
2020-09-29T15:44:54.218Z - debug:  
2020-09-29T15:44:56.001Z - info: Pages rebuilt
2020-09-29T15:44:56.001Z - info: Website regeneration complete! Total build time: 10.877s
2020-09-29T15:44:56.030Z - debug:  
2020-09-29T15:44:56.030Z - debug:  
2020-09-29T15:44:56.069Z - info: Site data built
2020-09-29T15:48:16.746Z - info: [11:48:16 PM] Reload for file change: C:\repos\nus-cs2103-AY2021S1\cs2103-website\admin\common-commentary.mbdf
2020-09-29T15:48:16.756Z - info: [11:48:16 PM] Reload for file change: C:\repos\nus-cs2103-AY2021S1\cs2103-website\schedule\week8\commentary-cs2103.mbdf
2020-09-29T15:48:17.754Z - info: No pages needed to be rebuilt
2020-09-29T15:48:40.059Z - info: Building C:\repos\nus-cs2103-AY2021S1\cs2103-website\schedule\week8\topics as some of its dependencies were changed since the last visit
2020-09-29T15:48:48.572Z - debug:  
2020-09-29T15:48:48.573Z - debug:  
2020-09-29T15:48:50.359Z - debug:  
2020-09-29T15:48:50.359Z - debug:  
2020-09-29T15:48:50.381Z - info: Site data built
2020-09-29T15:48:50.384Z - info: Lazy website regeneration complete! Total build time: 10.325s
2020-09-29T15:50:20.792Z - info: [11:50:20 PM] Reload for file change: C:\repos\nus-cs2103-AY2021S1\cs2103-website\schedule\week8\commentary-cs2103.mbdf
2020-09-29T15:50:20.794Z - info: [11:50:20 PM] Reload for file change: C:\repos\nus-cs2103-AY2021S1\cs2103-website\admin\common-commentary.mbdf
2020-09-29T15:50:21.808Z - info: Rebuilding 1 pages
2020-09-29T15:50:29.971Z - debug:  
2020-09-29T15:50:29.974Z - debug:  
2020-09-29T15:50:31.256Z - info: Pages rebuilt
2020-09-29T15:50:31.256Z - info: Website regeneration complete! Total build time: 9.453s
2020-09-29T15:50:31.276Z - debug:  
2020-09-29T15:50:31.276Z - debug:  
2020-09-29T15:50:31.293Z - info: Site data built
2020-09-29T15:51:22.160Z - info: [11:51:22 PM] Reload for file change: C:\repos\nus-cs2103-AY2021S1\cs2103-website\schedule\week8\commentary-cs2103.mbdf
2020-09-29T15:51:23.168Z - info: Rebuilding 1 pages
2020-09-29T15:51:31.152Z - debug:  
2020-09-29T15:51:31.153Z - debug:  
2020-09-29T15:51:32.330Z - info: Pages rebuilt
2020-09-29T15:51:32.330Z - info: Website regeneration complete! Total build time: 9.164s
2020-09-29T15:51:32.348Z - debug:  
2020-09-29T15:51:32.348Z - debug:  
2020-09-29T15:51:32.376Z - info: Site data built
2020-09-29T15:55:08.905Z - info: [11:55:08 PM] Reload for file change: C:\repos\nus-cs2103-AY2021S1\cs2103-website\admin\common-commentary.mbdf
2020-09-29T15:55:08.912Z - info: [11:55:08 PM] Reload for file change: C:\repos\nus-cs2103-AY2021S1\cs2103-website\schedule\week7\commentary-cs2103.mbdf
2020-09-29T15:55:09.918Z - info: No pages needed to be rebuilt
2020-09-29T15:55:24.555Z - info: Building C:\repos\nus-cs2103-AY2021S1\cs2103-website\schedule\week7\topics as some of its dependencies were changed since the last visit
2020-09-29T15:55:27.778Z - info: Site data built
2020-09-29T15:55:27.784Z - info: Lazy website regeneration complete! Total build time: 3.228s
2020-09-29T15:56:56.192Z - info: [11:56:56 PM] Reload for file change: C:\repos\nus-cs2103-AY2021S1\cs2103-website\admin\common-commentary.mbdf
2020-09-29T15:56:56.196Z - info: [11:56:56 PM] Reload for file change: C:\repos\nus-cs2103-AY2021S1\cs2103-website\schedule\week7\commentary-cs2103.mbdf
2020-09-29T15:56:57.208Z - info: No pages needed to be rebuilt
2020-09-29T15:58:23.188Z - info: [11:58:23 PM] Reload for file change: C:\repos\nus-cs2103-AY2021S1\cs2103-website\admin\common-commentary.mbdf
2020-09-29T15:58:23.206Z - info: [11:58:23 PM] Reload for file change: C:\repos\nus-cs2103-AY2021S1\cs2103-website\schedule\week7\commentary-cs2103.mbdf
2020-09-29T15:58:24.205Z - info: No pages needed to be rebuilt
