2020-09-12T07:20:10.725Z - info: Website generation (lazy) started at 3:20:05 PM
2020-09-12T07:20:18.764Z - info: Building assets...
2020-09-12T07:20:24.221Z - info: Assets built
2020-09-12T07:20:24.222Z - info: Generating landing page...
2020-09-12T07:20:25.791Z - info: Landing page built, other pages will be built as you navigate to them!
2020-09-12T07:20:25.883Z - info: Website generation (lazy) complete! Total build time: 20.72s
2020-09-12T07:20:26.759Z - info: Serving "C:\repos\nus-cs2103-AY2021S1\cs2103-website\_site" at http://127.0.0.1:8080
2020-09-12T07:20:26.760Z - info: Press CTRL+C to stop ...
2020-09-12T07:20:26.821Z - info: Site data built
2020-09-12T07:20:37.751Z - info: Building C:\repos\nus-cs2103-AY2021S1\cs2103-website\schedule\week6\project as some of its dependencies were changed since the last visit
2020-09-12T07:20:40.885Z - info: Site data built
2020-09-12T07:20:40.888Z - info: Lazy website regeneration complete! Total build time: 3.137s
2020-09-12T07:22:21.787Z - info: [3:22:21 PM] Reload for file change: C:\repos\nus-cs2103-AY2021S1\cs2103-website\admin\tp-tasks.mbdf
2020-09-12T07:22:22.790Z - info: Rebuilding 1 pages
2020-09-12T07:22:25.363Z - info: Pages rebuilt
2020-09-12T07:22:25.363Z - info: Website regeneration complete! Total build time: 2.575s
2020-09-12T07:22:25.377Z - info: Site data built
2020-09-12T07:22:37.722Z - info: Building C:\repos\nus-cs2103-AY2021S1\cs2103-website\schedule\timeline as some of its dependencies were changed since the last visit
2020-09-12T07:22:45.668Z - info: Site data built
2020-09-12T07:22:45.669Z - info: Lazy website regeneration complete! Total build time: 7.947s
2020-09-12T07:23:11.442Z - info: Building C:\repos\nus-cs2103-AY2021S1\cs2103-website\schedule\week4\project as some of its dependencies were changed since the last visit
2020-09-12T07:23:14.967Z - info: Site data built
2020-09-12T07:23:14.968Z - info: Lazy website regeneration complete! Total build time: 3.526s
2020-09-12T07:25:24.303Z - info: [3:25:24 PM] Reload for file change: C:\repos\nus-cs2103-AY2021S1\cs2103-website\admin\tp-tasks.mbdf
2020-09-12T07:25:25.308Z - info: Rebuilding 1 pages
2020-09-12T07:25:28.858Z - info: Pages rebuilt
2020-09-12T07:25:28.859Z - info: Website regeneration complete! Total build time: 3.552s
2020-09-12T07:25:28.882Z - info: Site data built
2020-09-12T07:25:37.257Z - info: [3:25:37 PM] Reload for file change: C:\repos\nus-cs2103-AY2021S1\cs2103-website\admin\tp-tasks.mbdf
2020-09-12T07:25:38.270Z - info: Rebuilding 1 pages
2020-09-12T07:25:40.984Z - info: Pages rebuilt
2020-09-12T07:25:40.984Z - info: Website regeneration complete! Total build time: 2.716s
2020-09-12T07:25:40.989Z - info: Site data built
2020-09-12T07:26:18.044Z - info: [3:26:18 PM] Reload for file change: C:\repos\nus-cs2103-AY2021S1\cs2103-website\admin\tp-tasks.mbdf
2020-09-12T07:26:19.047Z - info: Rebuilding 1 pages
2020-09-12T07:26:22.333Z - info: Pages rebuilt
2020-09-12T07:26:22.334Z - info: Website regeneration complete! Total build time: 3.288s
2020-09-12T07:26:22.340Z - info: Site data built
2020-09-12T07:29:06.916Z - info: [3:29:06 PM] Reload for file change: C:\repos\nus-cs2103-AY2021S1\cs2103-website\admin\tp-tasks.mbdf
2020-09-12T07:29:07.920Z - info: Rebuilding 1 pages
2020-09-12T07:29:11.234Z - info: Pages rebuilt
2020-09-12T07:29:11.235Z - info: Website regeneration complete! Total build time: 3.316s
2020-09-12T07:29:11.240Z - info: Site data built
2020-09-12T07:30:38.286Z - info: Website generation started at 3:30:34 PM
2020-09-12T07:30:46.907Z - info: Building assets...
