2020-11-07T06:13:08.161Z - info: Website generation (lazy) started at 2:13:02 PM
2020-11-07T06:13:16.840Z - info: Building assets...
2020-11-07T06:13:22.549Z - info: Assets built
2020-11-07T06:13:22.550Z - info: Generating landing page...
2020-11-07T06:13:23.848Z - info: Landing page built, other pages will be built as you navigate to them!
2020-11-07T06:13:23.966Z - info: Website generation (lazy) complete! Total build time: 21.694s
2020-11-07T06:13:24.875Z - info: Serving "C:\repos\nus-cs2103-AY2021S1\cs2103-website\_site" at http://127.0.0.1:8080
2020-11-07T06:13:24.875Z - info: Press CTRL+C to stop ...
2020-11-07T06:13:24.934Z - info: Site data built
2020-11-07T06:14:24.612Z - info: Building C:\repos\nus-cs2103-AY2021S1\cs2103-website\admin\index as some of its dependencies were changed since the last visit
2020-11-07T06:14:25.324Z - info: Site data built
2020-11-07T06:14:25.325Z - info: Lazy website regeneration complete! Total build time: 0.714s
2020-11-07T06:14:30.525Z - info: Building C:\repos\nus-cs2103-AY2021S1\cs2103-website\admin\appendixB-policies as some of its dependencies were changed since the last visit
2020-11-07T06:14:31.289Z - info: Site data built
2020-11-07T06:14:31.290Z - info: Lazy website regeneration complete! Total build time: 0.766s
2020-11-07T06:15:34.876Z - info: [2:15:34 PM] Reload for file change: C:\repos\nus-cs2103-AY2021S1\cs2103-website\admin\policies.mbdf
2020-11-07T06:15:35.892Z - info: Rebuilding 1 pages
2020-11-07T06:15:36.621Z - info: Pages rebuilt
2020-11-07T06:15:36.621Z - info: Website regeneration complete! Total build time: 0.73s
2020-11-07T06:15:36.626Z - info: Site data built
2020-11-07T06:15:48.342Z - info: [2:15:48 PM] Reload for file change: C:\repos\nus-cs2103-AY2021S1\cs2103-website\admin\policies.mbdf
2020-11-07T06:15:49.357Z - info: Rebuilding 1 pages
2020-11-07T06:15:50.082Z - info: Pages rebuilt
2020-11-07T06:15:50.082Z - info: Website regeneration complete! Total build time: 0.731s
2020-11-07T06:15:50.088Z - info: Site data built
2020-11-07T06:16:02.826Z - info: [2:16:02 PM] Reload for file change: C:\repos\nus-cs2103-AY2021S1\cs2103-website\admin\policies.mbdf
2020-11-07T06:16:03.838Z - info: Rebuilding 1 pages
2020-11-07T06:16:04.603Z - info: Pages rebuilt
2020-11-07T06:16:04.603Z - info: Website regeneration complete! Total build time: 0.766s
2020-11-07T06:16:04.607Z - info: Site data built
2020-11-07T06:17:58.219Z - info: [2:17:58 PM] Reload for file change: C:\repos\nus-cs2103-AY2021S1\cs2103-website\admin\policies.mbdf
2020-11-07T06:17:59.221Z - info: Rebuilding 1 pages
2020-11-07T06:17:59.762Z - info: Pages rebuilt
2020-11-07T06:17:59.762Z - info: Website regeneration complete! Total build time: 0.542s
2020-11-07T06:17:59.766Z - info: Site data built
2020-11-07T06:18:53.167Z - info: [2:18:53 PM] Reload for file change: C:\repos\nus-cs2103-AY2021S1\cs2103-website\admin\policies.mbdf
2020-11-07T06:18:54.175Z - info: Rebuilding 1 pages
2020-11-07T06:18:55.020Z - info: Pages rebuilt
2020-11-07T06:18:55.021Z - info: Website regeneration complete! Total build time: 0.847s
2020-11-07T06:18:55.048Z - info: Site data built
2020-11-07T06:21:40.582Z - info: [2:21:40 PM] Reload for file change: C:\repos\nus-cs2103-AY2021S1\cs2103-website\admin\policies.mbdf
2020-11-07T06:21:41.599Z - info: Rebuilding 1 pages
2020-11-07T06:21:42.235Z - info: Pages rebuilt
2020-11-07T06:21:42.235Z - info: Website regeneration complete! Total build time: 0.638s
2020-11-07T06:21:42.240Z - info: Site data built
2020-11-07T06:22:51.579Z - info: Website generation started at 2:22:48 PM
2020-11-07T06:23:01.219Z - info: Building assets...
