2020-09-15T14:53:31.859Z - info: Website generation (lazy) started at 10:53:25 PM
2020-09-15T14:53:47.886Z - info: Building assets...
2020-09-15T14:53:55.286Z - info: Assets built
2020-09-15T14:53:55.287Z - info: Generating landing page...
2020-09-15T14:53:58.351Z - info: Landing page built, other pages will be built as you navigate to them!
2020-09-15T14:53:58.483Z - info: Website generation (lazy) complete! Total build time: 32.684s
2020-09-15T14:53:59.711Z - info: Serving "C:\repos\nus-cs2103-AY2021S1\cs2103-website\_site" at http://127.0.0.1:8080
2020-09-15T14:53:59.712Z - info: Press CTRL+C to stop ...
2020-09-15T14:53:59.784Z - info: Site data built
2020-09-15T14:54:54.689Z - info: Building C:\repos\nus-cs2103-AY2021S1\cs2103-website\schedule\week4\index as some of its dependencies were changed since the last visit
2020-09-15T14:54:56.336Z - info: Site data built
2020-09-15T14:54:56.339Z - info: Lazy website regeneration complete! Total build time: 1.651s
2020-09-15T14:55:01.781Z - info: Building C:\repos\nus-cs2103-AY2021S1\cs2103-website\schedule\week4\topics as some of its dependencies were changed since the last visit
2020-09-15T14:55:06.287Z - debug: The process cannot access the file because it is being used by another process.

2020-09-15T14:55:06.290Z - debug:  
2020-09-15T14:55:06.856Z - info: Site data built
2020-09-15T14:55:06.857Z - info: Lazy website regeneration complete! Total build time: 5.077s
2020-09-15T14:56:20.550Z - info: [10:56:20 PM] Reload for file change: C:\repos\nus-cs2103-AY2021S1\cs2103-website\css\main.css
2020-09-15T14:56:21.626Z - info: Assets built
2020-09-15T14:59:30.292Z - info: Website generation started at 10:59:26 PM
2020-09-15T14:59:42.375Z - info: Building assets...
2020-09-15T14:59:50.081Z - info: Assets built
2020-09-15T14:59:50.082Z - info: Generating pages...
2020-09-15T15:00:26.389Z - debug: The process cannot access the file because it is being used by another process.

2020-09-15T15:00:26.423Z - debug: The process cannot access the file because it is being used by another process.

2020-09-15T15:00:29.569Z - debug:  
2020-09-15T15:00:29.569Z - debug:  
2020-09-15T15:00:29.571Z - debug:  
2020-09-15T15:00:29.571Z - debug:  
2020-09-15T15:00:29.571Z - debug:  
2020-09-15T15:00:30.956Z - debug:  
2020-09-15T15:00:31.215Z - debug:  
2020-09-15T15:00:36.715Z - debug:  
2020-09-15T15:00:36.716Z - debug: The process cannot access the file because it is being used by another process.

2020-09-15T15:00:36.716Z - debug:  
2020-09-15T15:00:39.291Z - debug: The process cannot access the file because it is being used by another process.

2020-09-15T15:00:39.291Z - debug: The process cannot access the file because it is being used by another process.

2020-09-15T15:00:39.997Z - debug: The process cannot access the file because it is being used by another process.

2020-09-15T15:00:39.999Z - debug: The process cannot access the file because it is being used by another process.

2020-09-15T15:00:39.999Z - debug:  
2020-09-15T15:00:40.303Z - debug:  
2020-09-15T15:00:40.305Z - debug:  
2020-09-15T15:00:44.605Z - debug:  
2020-09-15T15:00:44.607Z - debug:  
2020-09-15T15:01:08.846Z - debug: The process cannot access the file because it is being used by another process.

2020-09-15T15:01:13.212Z - debug: The process cannot access the file because it is being used by another process.

2020-09-15T15:01:13.213Z - debug: The process cannot access the file because it is being used by another process.

2020-09-15T15:01:15.307Z - debug:  
2020-09-15T15:01:17.730Z - debug: The process cannot access the file because it is being used by another process.

2020-09-15T15:01:25.686Z - debug: The process cannot access the file because it is being used by another process.

2020-09-15T15:01:28.588Z - debug:  
2020-09-15T15:01:32.444Z - debug:  
2020-09-15T15:01:40.638Z - debug: The process cannot access the file because it is being used by another process.

2020-09-15T15:01:41.496Z - debug: The process cannot access the file because it is being used by another process.

2020-09-15T15:01:43.260Z - debug: The process cannot access the file because it is being used by another process.

2020-09-15T15:01:43.261Z - debug: The process cannot access the file because it is being used by another process.

2020-09-15T15:01:45.408Z - debug:  
2020-09-15T15:01:45.408Z - debug: The process cannot access the file because it is being used by another process.

2020-09-15T15:01:45.408Z - debug:  
2020-09-15T15:01:48.288Z - debug:  
2020-09-15T15:02:03.015Z - debug: The process cannot access the file because it is being used by another process.

2020-09-15T15:02:06.470Z - debug: The process cannot access the file because it is being used by another process.

2020-09-15T15:02:10.828Z - debug:  
2020-09-15T15:02:44.264Z - debug:  
2020-09-15T15:02:44.265Z - debug:  
2020-09-15T15:02:44.265Z - debug:  
2020-09-15T15:02:44.387Z - debug:  
2020-09-15T15:02:52.693Z - debug:  
2020-09-15T15:02:52.694Z - debug:  
2020-09-15T15:02:52.695Z - debug:  
2020-09-15T15:03:00.990Z - debug:  
2020-09-15T15:03:01.775Z - debug:  
2020-09-15T15:03:01.775Z - debug:  
2020-09-15T15:03:01.775Z - debug:  
2020-09-15T15:03:01.776Z - debug:  
2020-09-15T15:03:05.904Z - debug: The process cannot access the file because it is being used by another process.

2020-09-15T15:03:08.665Z - debug:  
2020-09-15T15:03:10.666Z - debug:  
2020-09-15T15:03:10.667Z - debug:  
2020-09-15T15:03:16.363Z - debug:  
2020-09-15T15:03:22.916Z - debug:  
2020-09-15T15:03:29.514Z - debug:  
2020-09-15T15:03:34.574Z - debug:  
2020-09-15T15:03:34.575Z - debug:  
2020-09-15T15:03:40.670Z - info: Pages built
2020-09-15T15:04:06.113Z - info: Website generation complete! Total build time: 279.286s
2020-09-15T15:04:06.116Z - info: Build success!
2020-09-15T15:04:06.118Z - info: Site data built
2020-09-15T15:04:57.589Z - info: Deployed!
