2020-07-13T06:44:37.810Z - info: Website generation (lazy) started at 2:44:34 PM
2020-07-13T06:44:54.614Z - info: Building assets...
2020-07-13T06:45:00.721Z - info: Assets built
2020-07-13T06:45:00.722Z - info: Generating landing page...
2020-07-13T06:45:03.428Z - info: Landing page built, other pages will be built as you navigate to them!
2020-07-13T06:45:03.517Z - info: Website generation (lazy) complete! Total build time: 28.836s
2020-07-13T06:45:04.314Z - info: Serving "C:\repos\nus-cs2103-AY2021S1\cs2103-website\_site" at http://127.0.0.1:8080
2020-07-13T06:45:04.315Z - info: Press CTRL+C to stop ...
2020-07-13T06:45:04.379Z - info: Site data built
2020-07-13T06:46:11.936Z - info: Building C:\repos\nus-cs2103-AY2021S1\cs2103-website\admin\ip-overview as some of its dependencies were changed since the last visit
2020-07-13T06:46:12.418Z - info: Site data built
2020-07-13T06:46:12.418Z - info: Lazy website regeneration complete! Total build time: 0.485s
2020-07-13T06:52:03.070Z - info: [2:52:03 PM] Reload for file change: C:\repos\nus-cs2103-AY2021S1\cs2103-website\admin\ip-overview.md
2020-07-13T06:52:04.075Z - info: Rebuilding 1 pages
2020-07-13T06:52:04.483Z - info: Pages rebuilt
2020-07-13T06:52:04.486Z - info: Website regeneration complete! Total build time: 0.411s
2020-07-13T06:52:04.493Z - info: Site data built
2020-07-13T06:52:11.877Z - info: [2:52:11 PM] Reload for file change: C:\repos\nus-cs2103-AY2021S1\cs2103-website\admin\ip-overview.md
2020-07-13T06:52:12.886Z - info: Rebuilding 1 pages
2020-07-13T06:52:13.201Z - info: Pages rebuilt
2020-07-13T06:52:13.202Z - info: Website regeneration complete! Total build time: 0.319s
2020-07-13T06:52:13.206Z - info: Site data built
2020-07-13T06:52:45.726Z - info: [2:52:45 PM] Reload for file change: C:\repos\nus-cs2103-AY2021S1\cs2103-website\admin\ip-overview.md
2020-07-13T06:52:46.735Z - info: Rebuilding 1 pages
2020-07-13T06:52:47.065Z - info: Pages rebuilt
2020-07-13T06:52:47.065Z - info: Website regeneration complete! Total build time: 0.336s
2020-07-13T06:52:47.069Z - info: Site data built
2020-07-13T06:52:57.670Z - info: [2:52:57 PM] Reload for file change: C:\repos\nus-cs2103-AY2021S1\cs2103-website\admin\ip-overview.md
2020-07-13T06:52:58.678Z - info: Rebuilding 1 pages
2020-07-13T06:52:59.011Z - info: Pages rebuilt
2020-07-13T06:52:59.011Z - info: Website regeneration complete! Total build time: 0.337s
2020-07-13T06:52:59.015Z - info: Site data built
2020-07-13T06:53:33.169Z - info: [2:53:33 PM] Reload for file change: C:\repos\nus-cs2103-AY2021S1\cs2103-website\admin\ip-overview.md
2020-07-13T06:53:34.187Z - info: Rebuilding 1 pages
2020-07-13T06:53:34.492Z - info: Pages rebuilt
2020-07-13T06:53:34.492Z - info: Website regeneration complete! Total build time: 0.313s
2020-07-13T06:53:34.495Z - info: Site data built
2020-07-13T06:57:14.274Z - info: [2:57:14 PM] Reload for file change: C:\repos\nus-cs2103-AY2021S1\cs2103-website\admin\ip-overview.md
2020-07-13T06:57:15.281Z - info: Rebuilding 1 pages
2020-07-13T06:57:15.561Z - info: Pages rebuilt
2020-07-13T06:57:15.561Z - info: Website regeneration complete! Total build time: 0.287s
2020-07-13T06:57:15.565Z - info: Site data built
2020-07-13T06:57:42.679Z - info: [2:57:42 PM] Reload for file change: C:\repos\nus-cs2103-AY2021S1\cs2103-website\admin\ip-overview.md
2020-07-13T06:57:43.683Z - info: Rebuilding 1 pages
2020-07-13T06:57:43.958Z - info: Pages rebuilt
2020-07-13T06:57:43.959Z - info: Website regeneration complete! Total build time: 0.278s
2020-07-13T06:57:43.964Z - info: Site data built
2020-07-13T06:58:10.559Z - info: [2:58:10 PM] Reload for file change: C:\repos\nus-cs2103-AY2021S1\cs2103-website\admin\ip-overview.md
2020-07-13T06:58:11.575Z - info: Rebuilding 1 pages
2020-07-13T06:58:11.873Z - info: Pages rebuilt
2020-07-13T06:58:11.873Z - info: Website regeneration complete! Total build time: 0.303s
2020-07-13T06:58:11.877Z - info: Site data built
2020-07-13T06:58:34.989Z - info: [2:58:34 PM] Reload for file change: C:\repos\nus-cs2103-AY2021S1\cs2103-website\admin\ip-overview.md
2020-07-13T06:58:35.993Z - info: Rebuilding 1 pages
2020-07-13T06:58:36.324Z - info: Pages rebuilt
2020-07-13T06:58:36.324Z - info: Website regeneration complete! Total build time: 0.333s
2020-07-13T06:58:36.332Z - info: Site data built
2020-07-13T06:58:40.929Z - info: [2:58:40 PM] Reload for file change: C:\repos\nus-cs2103-AY2021S1\cs2103-website\admin\ip-overview.md
2020-07-13T06:58:41.937Z - info: Rebuilding 1 pages
2020-07-13T06:58:42.165Z - info: Pages rebuilt
2020-07-13T06:58:42.165Z - info: Website regeneration complete! Total build time: 0.233s
2020-07-13T06:58:42.168Z - info: Site data built
2020-07-13T06:59:03.404Z - info: [2:59:03 PM] Reload for file change: C:\repos\nus-cs2103-AY2021S1\cs2103-website\admin\ip-overview.md
2020-07-13T06:59:04.414Z - info: Rebuilding 1 pages
2020-07-13T06:59:04.679Z - info: Pages rebuilt
2020-07-13T06:59:04.679Z - info: Website regeneration complete! Total build time: 0.273s
2020-07-13T06:59:04.683Z - info: Site data built
2020-07-13T07:00:35.037Z - info: [3:00:35 PM] Reload for file change: C:\repos\nus-cs2103-AY2021S1\cs2103-website\admin\ip-overview.md
2020-07-13T07:00:36.044Z - info: Rebuilding 1 pages
2020-07-13T07:00:36.465Z - info: Pages rebuilt
2020-07-13T07:00:36.466Z - info: Website regeneration complete! Total build time: 0.426s
2020-07-13T07:00:36.469Z - info: Site data built
2020-07-13T07:01:27.595Z - info: Building C:\repos\nus-cs2103-AY2021S1\cs2103-website\admin\ip-w2 as some of its dependencies were changed since the last visit
2020-07-13T07:01:28.571Z - info: Site data built
2020-07-13T07:01:28.571Z - info: Lazy website regeneration complete! Total build time: 0.976s
2020-07-13T07:02:54.194Z - info: Building C:\repos\nus-cs2103-AY2021S1\cs2103-website\admin\ip-w3 as some of its dependencies were changed since the last visit
2020-07-13T07:02:55.263Z - info: Site data built
2020-07-13T07:02:55.264Z - info: Lazy website regeneration complete! Total build time: 1.069s
2020-07-13T07:04:41.541Z - info: Building C:\repos\nus-cs2103-AY2021S1\cs2103-website\admin\ip-w4 as some of its dependencies were changed since the last visit
2020-07-13T07:04:42.348Z - info: Site data built
2020-07-13T07:04:42.349Z - info: Lazy website regeneration complete! Total build time: 0.809s
2020-07-13T07:10:58.086Z - info: [3:10:58 PM] Reload for file change: C:\repos\nus-cs2103-AY2021S1\cs2103-website\_module-TIC4001\weeklyIpTasks.mbdf
2020-07-13T07:10:59.151Z - info: No pages needed to be rebuilt
2020-07-13T07:13:16.513Z - info: [3:13:16 PM] Reload for file change: C:\repos\nus-cs2103-AY2021S1\cs2103-website\admin\ip-tasks.mbdf
2020-07-13T07:13:17.523Z - info: Rebuilding 1 pages
2020-07-13T07:13:18.658Z - info: Pages rebuilt
2020-07-13T07:13:18.658Z - info: Website regeneration complete! Total build time: 1.143s
2020-07-13T07:13:18.664Z - info: Site data built
2020-07-13T07:13:29.745Z - info: Website generation (lazy) started at 3:13:27 PM
2020-07-13T07:13:39.969Z - info: Building assets...
2020-07-13T07:13:46.066Z - info: Assets built
2020-07-13T07:13:46.067Z - info: Generating landing page...
2020-07-13T07:13:46.837Z - info: Landing page built, other pages will be built as you navigate to them!
2020-07-13T07:13:46.952Z - info: Website generation (lazy) complete! Total build time: 19.759s
2020-07-13T07:13:47.803Z - info: Serving "C:\repos\nus-cs2103-AY2021S1\cs2103-website\_site" at http://127.0.0.1:8080
2020-07-13T07:13:47.803Z - info: Press CTRL+C to stop ...
2020-07-13T07:13:47.875Z - info: Site data built
2020-07-13T07:15:25.028Z - info: Building C:\repos\nus-cs2103-AY2021S1\cs2103-website\admin\ip-w4 as some of its dependencies were changed since the last visit
2020-07-13T07:15:26.145Z - info: Site data built
2020-07-13T07:15:26.146Z - info: Lazy website regeneration complete! Total build time: 1.121s
2020-07-13T07:15:48.545Z - info: [3:15:48 PM] Reload for file change: C:\repos\nus-cs2103-AY2021S1\cs2103-website\admin\ip-tasks.mbdf
2020-07-13T07:15:49.552Z - info: Rebuilding 1 pages
2020-07-13T07:15:50.309Z - info: Pages rebuilt
2020-07-13T07:15:50.310Z - info: Website regeneration complete! Total build time: 0.763s
2020-07-13T07:15:50.315Z - info: Site data built
2020-07-13T07:16:28.137Z - info: Building C:\repos\nus-cs2103-AY2021S1\cs2103-website\schedule\week4\index as some of its dependencies were changed since the last visit
2020-07-13T07:16:29.418Z - info: Site data built
2020-07-13T07:16:29.419Z - info: Lazy website regeneration complete! Total build time: 1.284s
2020-07-13T07:16:59.891Z - info: Building C:\repos\nus-cs2103-AY2021S1\cs2103-website\admin\ip-w5 as some of its dependencies were changed since the last visit
2020-07-13T07:17:00.681Z - info: Site data built
2020-07-13T07:17:00.681Z - info: Lazy website regeneration complete! Total build time: 0.791s
2020-07-13T07:18:49.284Z - info: [3:18:49 PM] Reload for file change: C:\repos\nus-cs2103-AY2021S1\cs2103-website\admin\ip-tasks.mbdf
2020-07-13T07:18:50.293Z - info: Rebuilding 1 pages
2020-07-13T07:18:51.272Z - info: Pages rebuilt
2020-07-13T07:18:51.272Z - info: Website regeneration complete! Total build time: 0.984s
2020-07-13T07:18:51.276Z - info: Site data built
2020-07-13T07:18:52.400Z - info: Building C:\repos\nus-cs2103-AY2021S1\cs2103-website\admin\ip-w5 as some of its dependencies were changed since the last visit
2020-07-13T07:18:53.033Z - info: Site data built
2020-07-13T07:18:53.034Z - info: Lazy website regeneration complete! Total build time: 0.633s
2020-07-13T07:19:04.660Z - info: [3:19:04 PM] Reload for file change: C:\repos\nus-cs2103-AY2021S1\cs2103-website\admin\ip-tasks.mbdf
2020-07-13T07:19:05.669Z - info: Rebuilding 1 pages
2020-07-13T07:19:06.513Z - info: Pages rebuilt
2020-07-13T07:19:06.514Z - info: Website regeneration complete! Total build time: 0.851s
2020-07-13T07:19:06.519Z - info: Site data built
2020-07-13T07:19:07.529Z - info: Building C:\repos\nus-cs2103-AY2021S1\cs2103-website\admin\ip-w5 as some of its dependencies were changed since the last visit
2020-07-13T07:19:08.074Z - info: Site data built
2020-07-13T07:19:08.075Z - info: Lazy website regeneration complete! Total build time: 0.546s
2020-07-13T07:19:29.850Z - info: [3:19:29 PM] Reload for file change: C:\repos\nus-cs2103-AY2021S1\cs2103-website\admin\ip-tasks.mbdf
2020-07-13T07:19:30.859Z - info: Rebuilding 1 pages
2020-07-13T07:19:31.655Z - info: Pages rebuilt
2020-07-13T07:19:31.655Z - info: Website regeneration complete! Total build time: 0.8s
2020-07-13T07:19:31.662Z - info: Site data built
2020-07-13T07:19:32.668Z - info: Building C:\repos\nus-cs2103-AY2021S1\cs2103-website\admin\ip-w5 as some of its dependencies were changed since the last visit
2020-07-13T07:19:33.090Z - info: Site data built
2020-07-13T07:19:33.090Z - info: Lazy website regeneration complete! Total build time: 0.422s
2020-07-13T07:20:24.979Z - info: [3:20:24 PM] Reload for file change: C:\repos\nus-cs2103-AY2021S1\cs2103-website\admin\ip-tasks.mbdf
2020-07-13T07:20:25.997Z - info: Rebuilding 1 pages
2020-07-13T07:20:27.226Z - info: Pages rebuilt
2020-07-13T07:20:27.226Z - info: Website regeneration complete! Total build time: 1.236s
2020-07-13T07:20:27.274Z - info: Site data built
2020-07-13T07:20:28.269Z - info: Building C:\repos\nus-cs2103-AY2021S1\cs2103-website\admin\ip-w5 as some of its dependencies were changed since the last visit
2020-07-13T07:20:28.866Z - info: Site data built
2020-07-13T07:20:28.866Z - info: Lazy website regeneration complete! Total build time: 0.597s
2020-07-13T07:22:16.845Z - info: [3:22:16 PM] Reload for file change: C:\repos\nus-cs2103-AY2021S1\cs2103-website\book\gitAndGithub\createPRs\text.md
2020-07-13T07:22:17.850Z - info: No pages needed to be rebuilt
2020-07-13T07:22:28.028Z - info: Building C:\repos\nus-cs2103-AY2021S1\cs2103-website\admin\ip-w5 as some of its dependencies were changed since the last visit
2020-07-13T07:22:28.720Z - info: Site data built
2020-07-13T07:22:28.721Z - info: Lazy website regeneration complete! Total build time: 0.694s
2020-07-13T07:23:49.326Z - info: Building C:\repos\nus-cs2103-AY2021S1\cs2103-website\admin\ip-w6 as some of its dependencies were changed since the last visit
2020-07-13T07:23:50.229Z - info: Site data built
2020-07-13T07:23:50.230Z - info: Lazy website regeneration complete! Total build time: 0.905s
2020-07-13T07:33:50.638Z - info: [3:33:50 PM] Reload for file change: C:\repos\nus-cs2103-AY2021S1\cs2103-website\admin\ip-tasks.mbdf
2020-07-13T07:33:51.660Z - info: Rebuilding 1 pages
2020-07-13T07:33:52.920Z - info: Pages rebuilt
2020-07-13T07:33:52.921Z - info: Website regeneration complete! Total build time: 1.273s
2020-07-13T07:33:52.925Z - info: Site data built
2020-07-13T07:33:53.940Z - info: Building C:\repos\nus-cs2103-AY2021S1\cs2103-website\admin\ip-w6 as some of its dependencies were changed since the last visit
2020-07-13T07:33:54.451Z - info: Site data built
2020-07-13T07:33:54.451Z - info: Lazy website regeneration complete! Total build time: 0.512s
2020-07-13T07:35:14.704Z - info: [3:35:14 PM] Reload for file change: C:\repos\nus-cs2103-AY2021S1\cs2103-website\admin\ip-tasks.mbdf
2020-07-13T07:35:15.719Z - info: Rebuilding 1 pages
2020-07-13T07:35:16.742Z - info: Pages rebuilt
2020-07-13T07:35:16.742Z - info: Website regeneration complete! Total build time: 1.032s
2020-07-13T07:35:16.747Z - info: Site data built
2020-07-13T07:35:17.761Z - info: Building C:\repos\nus-cs2103-AY2021S1\cs2103-website\schedule\week4\index as some of its dependencies were changed since the last visit
2020-07-13T07:35:18.634Z - info: Site data built
2020-07-13T07:35:18.635Z - info: Lazy website regeneration complete! Total build time: 0.875s
2020-07-13T07:37:58.699Z - info: Building C:\repos\nus-cs2103-AY2021S1\cs2103-website\admin\ip-w7 as some of its dependencies were changed since the last visit
2020-07-13T07:37:59.481Z - info: Site data built
2020-07-13T07:37:59.482Z - info: Lazy website regeneration complete! Total build time: 0.785s
2020-07-13T07:39:41.567Z - info: Building C:\repos\nus-cs2103-AY2021S1\cs2103-website\schedule\week7\index as some of its dependencies were changed since the last visit
2020-07-13T07:39:42.163Z - info: Site data built
2020-07-13T07:39:42.164Z - info: Lazy website regeneration complete! Total build time: 0.597s
2020-07-13T07:42:52.857Z - info: [3:42:52 PM] Reload for file change: C:\repos\nus-cs2103-AY2021S1\cs2103-website\_markbind\variables.md
2020-07-13T07:42:54.059Z - warn: Rebuilding all pages as variables file was changed, or the --force-reload flag was set
2020-07-13T07:42:54.075Z - info: Rebuilding 1 pages
2020-07-13T07:42:54.760Z - info: Pages rebuilt
2020-07-13T07:42:54.760Z - info: Website regeneration complete! Total build time: 0.898s
2020-07-13T07:42:54.763Z - info: Site data built
2020-07-13T07:42:55.889Z - info: Building C:\repos\nus-cs2103-AY2021S1\cs2103-website\schedule\week7\index as some of its dependencies were changed since the last visit
2020-07-13T07:42:56.408Z - info: Site data built
2020-07-13T07:42:56.409Z - info: Lazy website regeneration complete! Total build time: 0.521s
2020-07-13T07:44:43.456Z - info: [3:44:43 PM] Reload for file change: C:\repos\nus-cs2103-AY2021S1\cs2103-website\_module-TIC4001\weeklyIpTasks.mbdf
2020-07-13T07:44:44.477Z - info: No pages needed to be rebuilt
2020-07-13T07:44:56.769Z - info: Website generation (lazy) started at 3:44:53 PM
2020-07-13T07:45:06.123Z - info: Building assets...
2020-07-13T07:45:12.189Z - info: Assets built
2020-07-13T07:45:12.190Z - info: Generating landing page...
2020-07-13T07:45:12.970Z - info: Landing page built, other pages will be built as you navigate to them!
2020-07-13T07:45:13.070Z - info: Website generation (lazy) complete! Total build time: 19.232s
2020-07-13T07:45:13.896Z - info: Serving "C:\repos\nus-cs2103-AY2021S1\cs2103-website\_site" at http://127.0.0.1:8080
2020-07-13T07:45:13.896Z - info: Press CTRL+C to stop ...
2020-07-13T07:45:13.962Z - info: Site data built
2020-07-13T07:45:46.536Z - info: Building C:\repos\nus-cs2103-AY2021S1\cs2103-website\schedule\week7\index as some of its dependencies were changed since the last visit
2020-07-13T07:45:47.283Z - info: Site data built
2020-07-13T07:45:47.284Z - info: Lazy website regeneration complete! Total build time: 0.75s
2020-07-13T07:53:11.876Z - info: [3:53:11 PM] Reload for file change: C:\repos\nus-cs2103-AY2021S1\cs2103-website\_markbind\variables.md
2020-07-13T07:53:11.886Z - info: [3:53:11 PM] Reload for file change: C:\repos\nus-cs2103-AY2021S1\cs2103-website\common\macros.njk
2020-07-13T07:53:13.121Z - warn: Rebuilding all pages as variables file was changed, or the --force-reload flag was set
2020-07-13T07:53:13.159Z - info: Rebuilding 1 pages
2020-07-13T07:53:21.235Z - info: Website generation (lazy) started at 3:53:18 PM
2020-07-13T07:53:30.317Z - info: Building assets...
2020-07-13T07:53:36.449Z - info: Assets built
2020-07-13T07:53:36.450Z - info: Generating landing page...
2020-07-13T07:53:37.355Z - info: Landing page built, other pages will be built as you navigate to them!
2020-07-13T07:53:37.493Z - info: Website generation (lazy) complete! Total build time: 19.203s
2020-07-13T07:53:38.415Z - info: Serving "C:\repos\nus-cs2103-AY2021S1\cs2103-website\_site" at http://127.0.0.1:8080
2020-07-13T07:53:38.415Z - info: Press CTRL+C to stop ...
2020-07-13T07:53:38.481Z - info: Site data built
2020-07-13T07:54:03.748Z - info: Building C:\repos\nus-cs2103-AY2021S1\cs2103-website\schedule\week7\index as some of its dependencies were changed since the last visit
2020-07-13T07:54:04.404Z - info: Site data built
2020-07-13T07:54:04.404Z - info: Lazy website regeneration complete! Total build time: 0.657s
2020-07-13T07:54:05.576Z - info: Building C:\repos\nus-cs2103-AY2021S1\cs2103-website\admin\ip-w7 as some of its dependencies were changed since the last visit
2020-07-13T07:54:06.085Z - info: Site data built
2020-07-13T07:54:06.086Z - info: Lazy website regeneration complete! Total build time: 0.511s
2020-07-13T07:54:19.749Z - info: Building C:\repos\nus-cs2103-AY2021S1\cs2103-website\schedule\timeline as some of its dependencies were changed since the last visit
2020-07-13T07:54:24.890Z - info: Site data built
2020-07-13T07:54:24.891Z - info: Lazy website regeneration complete! Total build time: 5.143s
2020-07-13T07:55:41.264Z - info: [3:55:41 PM] Reload for file change: C:\repos\nus-cs2103-AY2021S1\cs2103-website\_module-TIC4001\weeklyIpTasks.mbdf
2020-07-13T07:55:42.272Z - info: No pages needed to be rebuilt
2020-07-13T07:55:49.889Z - info: Website generation (lazy) started at 3:55:47 PM
2020-07-13T07:55:58.669Z - info: Building assets...
2020-07-13T07:56:04.596Z - info: Assets built
2020-07-13T07:56:04.597Z - info: Generating landing page...
2020-07-13T07:56:05.404Z - info: Landing page built, other pages will be built as you navigate to them!
2020-07-13T07:56:05.495Z - info: Website generation (lazy) complete! Total build time: 18.037s
2020-07-13T07:56:06.374Z - info: Serving "C:\repos\nus-cs2103-AY2021S1\cs2103-website\_site" at http://127.0.0.1:8080
2020-07-13T07:56:06.374Z - info: Press CTRL+C to stop ...
2020-07-13T07:56:06.440Z - info: Site data built
2020-07-13T07:57:04.070Z - info: Building C:\repos\nus-cs2103-AY2021S1\cs2103-website\schedule\timeline as some of its dependencies were changed since the last visit
2020-07-13T07:57:09.526Z - info: Site data built
2020-07-13T07:57:09.527Z - info: Lazy website regeneration complete! Total build time: 5.467s
2020-07-13T07:57:10.254Z - info: Building C:\repos\nus-cs2103-AY2021S1\cs2103-website\admin\ip-w7 as some of its dependencies were changed since the last visit
2020-07-13T07:57:10.666Z - info: Site data built
2020-07-13T07:57:10.666Z - info: Lazy website regeneration complete! Total build time: 0.412s
2020-07-13T07:59:05.342Z - info: [3:59:05 PM] Reload for file change: C:\repos\nus-cs2103-AY2021S1\cs2103-website\admin\ip-tasks.mbdf
2020-07-13T07:59:06.356Z - info: Rebuilding 1 pages
2020-07-13T07:59:11.565Z - info: Pages rebuilt
2020-07-13T07:59:11.566Z - info: Website regeneration complete! Total build time: 5.217s
2020-07-13T07:59:11.573Z - info: Site data built
2020-07-13T07:59:12.586Z - info: Building C:\repos\nus-cs2103-AY2021S1\cs2103-website\admin\ip-w7 as some of its dependencies were changed since the last visit
2020-07-13T07:59:12.990Z - info: Site data built
2020-07-13T07:59:12.991Z - info: Lazy website regeneration complete! Total build time: 0.405s
2020-07-13T07:59:54.808Z - info: Building C:\repos\nus-cs2103-AY2021S1\cs2103-website\admin\ip-w8 as some of its dependencies were changed since the last visit
2020-07-13T07:59:55.320Z - info: Site data built
2020-07-13T07:59:55.321Z - info: Lazy website regeneration complete! Total build time: 0.514s
2020-07-13T08:00:35.929Z - info: [4:00:35 PM] Reload for file change: C:\repos\nus-cs2103-AY2021S1\cs2103-website\common\admin.njk
2020-07-13T08:00:36.983Z - info: Assets built
2020-07-13T08:00:42.499Z - info: Building C:\repos\nus-cs2103-AY2021S1\cs2103-website\admin\ip-grading as some of its dependencies were changed since the last visit
2020-07-13T08:00:42.852Z - info: Site data built
2020-07-13T08:00:42.852Z - info: Lazy website regeneration complete! Total build time: 0.353s
2020-07-13T08:08:29.521Z - info: [4:08:29 PM] Reload for file change: C:\repos\nus-cs2103-AY2021S1\cs2103-website\_markbind\variables.md
2020-07-13T08:08:30.668Z - warn: Rebuilding all pages as variables file was changed, or the --force-reload flag was set
2020-07-13T08:08:30.693Z - info: Rebuilding 1 pages
2020-07-13T08:08:35.951Z - info: Pages rebuilt
2020-07-13T08:08:35.951Z - info: Website regeneration complete! Total build time: 5.427s
2020-07-13T08:08:35.955Z - info: Site data built
2020-07-13T08:08:37.081Z - info: Building C:\repos\nus-cs2103-AY2021S1\cs2103-website\admin\ip-grading as some of its dependencies were changed since the last visit
2020-07-13T08:08:37.312Z - info: Site data built
2020-07-13T08:08:37.312Z - info: Lazy website regeneration complete! Total build time: 0.232s
2020-07-13T08:09:32.735Z - info: [4:09:32 PM] Reload for file change: C:\repos\nus-cs2103-AY2021S1\cs2103-website\admin\ip-grading.md
2020-07-13T08:09:33.745Z - info: No pages needed to be rebuilt
2020-07-13T08:09:58.667Z - info: Building C:\repos\nus-cs2103-AY2021S1\cs2103-website\admin\ip-grading as some of its dependencies were changed since the last visit
2020-07-13T08:09:59.231Z - info: Site data built
2020-07-13T08:09:59.231Z - info: Lazy website regeneration complete! Total build time: 0.564s
2020-07-13T08:10:07.141Z - info: [4:10:07 PM] Reload for file change: C:\repos\nus-cs2103-AY2021S1\cs2103-website\admin\ip-grading.md
2020-07-13T08:10:08.148Z - info: No pages needed to be rebuilt
2020-07-13T08:10:52.474Z - info: [4:10:52 PM] Reload for file change: C:\repos\nus-cs2103-AY2021S1\cs2103-website\_markbind\variables.md
2020-07-13T08:10:53.607Z - warn: Rebuilding all pages as variables file was changed, or the --force-reload flag was set
2020-07-13T08:10:53.614Z - info: Rebuilding 1 pages
2020-07-13T08:10:58.620Z - info: Pages rebuilt
2020-07-13T08:10:58.621Z - info: Website regeneration complete! Total build time: 5.146s
2020-07-13T08:10:58.623Z - info: Site data built
2020-07-13T08:10:59.743Z - info: Building C:\repos\nus-cs2103-AY2021S1\cs2103-website\admin\ip-grading as some of its dependencies were changed since the last visit
2020-07-13T08:11:00.000Z - info: Site data built
2020-07-13T08:11:00.001Z - info: Lazy website regeneration complete! Total build time: 0.258s
2020-07-13T08:12:24.196Z - info: [4:12:24 PM] Reload for file change: C:\repos\nus-cs2103-AY2021S1\cs2103-website\admin\ip-grading.md
2020-07-13T08:12:25.206Z - info: No pages needed to be rebuilt
2020-07-13T08:12:35.254Z - info: [4:12:35 PM] Reload for file change: C:\repos\nus-cs2103-AY2021S1\cs2103-website\admin\ip-grading.md
2020-07-13T08:12:36.266Z - info: No pages needed to be rebuilt
2020-07-13T08:12:50.299Z - info: Building C:\repos\nus-cs2103-AY2021S1\cs2103-website\admin\ip-grading as some of its dependencies were changed since the last visit
2020-07-13T08:12:50.738Z - info: Site data built
2020-07-13T08:12:50.738Z - info: Lazy website regeneration complete! Total build time: 0.44s
2020-07-13T08:13:40.246Z - info: [4:13:40 PM] Reload for file change: C:\repos\nus-cs2103-AY2021S1\cs2103-website\admin\ip-grading.md
2020-07-13T08:13:41.253Z - info: No pages needed to be rebuilt
2020-07-13T08:13:57.297Z - info: Building C:\repos\nus-cs2103-AY2021S1\cs2103-website\admin\ip-grading as some of its dependencies were changed since the last visit
2020-07-13T08:13:57.606Z - info: Site data built
2020-07-13T08:13:57.607Z - info: Lazy website regeneration complete! Total build time: 0.309s
2020-07-13T08:15:14.611Z - info: Building C:\repos\nus-cs2103-AY2021S1\cs2103-website\admin\tp-expectations as some of its dependencies were changed since the last visit
2020-07-13T08:15:15.283Z - info: Site data built
2020-07-13T08:15:15.284Z - info: Lazy website regeneration complete! Total build time: 0.673s
2020-07-13T08:17:58.429Z - info: [4:17:58 PM] Reload for file change: C:\repos\nus-cs2103-AY2021S1\cs2103-website\admin\tp-expectations.md
2020-07-13T08:17:59.436Z - info: No pages needed to be rebuilt
2020-07-13T08:20:08.281Z - info: [4:20:08 PM] Reload for file change: C:\repos\nus-cs2103-AY2021S1\cs2103-website\admin\tp-expectations.md
2020-07-13T08:20:09.289Z - info: No pages needed to be rebuilt
2020-07-13T08:20:17.464Z - info: Building C:\repos\nus-cs2103-AY2021S1\cs2103-website\admin\tp-expectations as some of its dependencies were changed since the last visit
2020-07-13T08:20:18.216Z - info: Site data built
2020-07-13T08:20:18.217Z - info: Lazy website regeneration complete! Total build time: 0.754s
2020-07-13T08:33:26.398Z - info: [4:33:26 PM] Reload for file change: C:\repos\nus-cs2103-AY2021S1\cs2103-website\admin\tp-expectations.md
2020-07-13T08:33:27.431Z - info: No pages needed to be rebuilt
2020-07-13T08:33:34.521Z - info: Building C:\repos\nus-cs2103-AY2021S1\cs2103-website\admin\tp-expectations as some of its dependencies were changed since the last visit
2020-07-13T08:33:35.524Z - info: Site data built
2020-07-13T08:33:35.524Z - info: Lazy website regeneration complete! Total build time: 1.003s
2020-07-13T08:38:23.507Z - info: [4:38:23 PM] Reload for file change: C:\repos\nus-cs2103-AY2021S1\cs2103-website\admin\tp-expectations.md
2020-07-13T08:38:24.525Z - info: No pages needed to be rebuilt
2020-07-13T08:38:33.210Z - info: Building C:\repos\nus-cs2103-AY2021S1\cs2103-website\admin\tp-expectations as some of its dependencies were changed since the last visit
2020-07-13T08:38:33.967Z - info: Site data built
2020-07-13T08:38:33.967Z - info: Lazy website regeneration complete! Total build time: 0.759s
2020-07-13T08:38:40.898Z - info: Building C:\repos\nus-cs2103-AY2021S1\cs2103-website\admin\tp-timeline as some of its dependencies were changed since the last visit
2020-07-13T08:38:42.033Z - info: Site data built
2020-07-13T08:38:42.033Z - info: Lazy website regeneration complete! Total build time: 1.135s
2020-07-13T08:38:44.934Z - debug:  
2020-07-13T08:38:44.934Z - debug:  
2020-07-13T08:40:41.280Z - info: Building C:\repos\nus-cs2103-AY2021S1\cs2103-website\admin\tp-constraints as some of its dependencies were changed since the last visit
2020-07-13T08:40:41.919Z - info: Site data built
2020-07-13T08:40:41.920Z - info: Lazy website regeneration complete! Total build time: 0.641s
2020-07-13T08:41:03.734Z - info: Building C:\repos\nus-cs2103-AY2021S1\cs2103-website\admin\tp-teams as some of its dependencies were changed since the last visit
2020-07-13T08:41:04.314Z - info: Site data built
2020-07-13T08:41:04.314Z - info: Lazy website regeneration complete! Total build time: 0.581s
2020-07-13T08:43:30.684Z - info: [4:43:30 PM] Reload for file change: C:\repos\nus-cs2103-AY2021S1\cs2103-website\admin\tp-teams.md
2020-07-13T08:43:31.697Z - info: No pages needed to be rebuilt
2020-07-13T08:43:46.147Z - info: Building C:\repos\nus-cs2103-AY2021S1\cs2103-website\admin\tp-teams as some of its dependencies were changed since the last visit
2020-07-13T08:43:46.785Z - info: Site data built
2020-07-13T08:43:46.785Z - info: Lazy website regeneration complete! Total build time: 0.638s
2020-07-13T08:44:19.498Z - info: [4:44:19 PM] Reload for file change: C:\repos\nus-cs2103-AY2021S1\cs2103-website\admin\tp-teams.md
2020-07-13T08:44:20.519Z - info: No pages needed to be rebuilt
2020-07-13T08:44:32.481Z - info: Building C:\repos\nus-cs2103-AY2021S1\cs2103-website\admin\tp-teams as some of its dependencies were changed since the last visit
2020-07-13T08:44:32.978Z - info: Site data built
2020-07-13T08:44:32.979Z - info: Lazy website regeneration complete! Total build time: 0.499s
2020-07-13T08:46:22.478Z - info: [4:46:22 PM] Reload for file change: C:\repos\nus-cs2103-AY2021S1\cs2103-website\admin\tp-teams.md
2020-07-13T08:46:23.486Z - info: No pages needed to be rebuilt
2020-07-13T08:46:37.797Z - info: Building C:\repos\nus-cs2103-AY2021S1\cs2103-website\admin\tp-teams as some of its dependencies were changed since the last visit
2020-07-13T08:46:38.332Z - info: Site data built
2020-07-13T08:46:38.333Z - info: Lazy website regeneration complete! Total build time: 0.537s
2020-07-13T08:46:48.997Z - info: [4:46:48 PM] Reload for file change: C:\repos\nus-cs2103-AY2021S1\cs2103-website\admin\tp-teams.md
2020-07-13T08:46:50.012Z - info: Rebuilding 1 pages
2020-07-13T08:46:50.506Z - info: Pages rebuilt
2020-07-13T08:46:50.506Z - info: Website regeneration complete! Total build time: 0.5s
2020-07-13T08:46:50.519Z - info: Site data built
2020-07-13T08:47:45.546Z - info: [4:47:45 PM] Reload for file change: C:\repos\nus-cs2103-AY2021S1\cs2103-website\admin\tp-teams.md
2020-07-13T08:47:46.563Z - info: No pages needed to be rebuilt
2020-07-13T08:49:21.223Z - info: [4:49:21 PM] Reload for file change: C:\repos\nus-cs2103-AY2021S1\cs2103-website\admin\tp-teams.md
2020-07-13T08:49:22.231Z - info: No pages needed to be rebuilt
2020-07-13T08:50:21.762Z - info: [4:50:21 PM] Reload for file change: C:\repos\nus-cs2103-AY2021S1\cs2103-website\admin\tp-teams.md
2020-07-13T08:50:22.768Z - info: No pages needed to be rebuilt
2020-07-13T08:50:30.301Z - info: Building C:\repos\nus-cs2103-AY2021S1\cs2103-website\admin\tp-teams as some of its dependencies were changed since the last visit
2020-07-13T08:50:30.823Z - info: Site data built
2020-07-13T08:50:30.823Z - info: Lazy website regeneration complete! Total build time: 0.523s
2020-07-13T09:40:12.000Z - info: [5:40:11 PM] Reload for file change: C:\repos\nus-cs2103-AY2021S1\cs2103-website\admin\tp-teams.md
2020-07-13T09:40:13.050Z - info: No pages needed to be rebuilt
2020-07-13T09:40:40.200Z - info: [5:40:40 PM] Reload for file change: C:\repos\nus-cs2103-AY2021S1\cs2103-website\admin\tp-teams.md
2020-07-13T09:40:41.222Z - info: No pages needed to be rebuilt
2020-07-13T09:40:55.038Z - info: Building C:\repos\nus-cs2103-AY2021S1\cs2103-website\admin\tp-teams as some of its dependencies were changed since the last visit
2020-07-13T09:40:55.547Z - info: Site data built
2020-07-13T09:40:55.548Z - info: Lazy website regeneration complete! Total build time: 0.514s
2020-07-13T09:42:15.252Z - info: [5:42:15 PM] Reload for file change: C:\repos\nus-cs2103-AY2021S1\cs2103-website\admin\tp-teams.md
2020-07-13T09:42:16.269Z - info: No pages needed to be rebuilt
2020-07-13T09:43:24.793Z - info: [5:43:24 PM] Reload for file change: C:\repos\nus-cs2103-AY2021S1\cs2103-website\admin\tp-teams.md
2020-07-13T09:43:25.816Z - info: No pages needed to be rebuilt
2020-07-13T09:43:32.289Z - info: Building C:\repos\nus-cs2103-AY2021S1\cs2103-website\admin\tp-teams as some of its dependencies were changed since the last visit
2020-07-13T09:43:32.744Z - info: Site data built
2020-07-13T09:43:32.744Z - info: Lazy website regeneration complete! Total build time: 0.456s
2020-07-13T09:44:58.981Z - info: [5:44:58 PM] Reload for file change: C:\repos\nus-cs2103-AY2021S1\cs2103-website\admin\tp-teams.md
2020-07-13T09:44:59.998Z - info: No pages needed to be rebuilt
2020-07-13T09:45:23.624Z - info: Building C:\repos\nus-cs2103-AY2021S1\cs2103-website\admin\tp-teams as some of its dependencies were changed since the last visit
2020-07-13T09:45:24.061Z - info: Site data built
2020-07-13T09:45:24.061Z - info: Lazy website regeneration complete! Total build time: 0.437s
2020-07-13T09:53:59.611Z - info: Building C:\repos\nus-cs2103-AY2021S1\cs2103-website\admin\tp-w3 as some of its dependencies were changed since the last visit
2020-07-13T09:54:00.288Z - info: Site data built
2020-07-13T09:54:00.289Z - info: Lazy website regeneration complete! Total build time: 0.678s
2020-07-13T09:54:11.485Z - info: Building C:\repos\nus-cs2103-AY2021S1\cs2103-website\admin\tp-w4 as some of its dependencies were changed since the last visit
2020-07-13T09:54:12.788Z - info: Site data built
2020-07-13T09:54:12.789Z - info: Lazy website regeneration complete! Total build time: 1.304s
2020-07-13T09:57:36.179Z - info: Building C:\repos\nus-cs2103-AY2021S1\cs2103-website\admin\gradeBreakdown as some of its dependencies were changed since the last visit
2020-07-13T09:57:38.795Z - info: Site data built
2020-07-13T09:57:38.796Z - info: Lazy website regeneration complete! Total build time: 2.617s
2020-07-13T09:57:39.075Z - debug:  
2020-07-13T09:59:38.427Z - info: [5:59:38 PM] Reload for file change: C:\repos\nus-cs2103-AY2021S1\cs2103-website\admin\gradeBreakdown.md
2020-07-13T09:59:39.452Z - info: Rebuilding 1 pages
2020-07-13T09:59:41.390Z - info: Pages rebuilt
2020-07-13T09:59:41.390Z - info: Website regeneration complete! Total build time: 1.944s
2020-07-13T09:59:41.400Z - info: Site data built
2020-07-13T09:59:41.846Z - debug:  
2020-07-13T10:01:11.356Z - info: [6:01:11 PM] Reload for file change: C:\repos\nus-cs2103-AY2021S1\cs2103-website\admin\gradeBreakdown.md
2020-07-13T10:01:12.371Z - info: No pages needed to be rebuilt
2020-07-13T10:01:21.656Z - info: Building C:\repos\nus-cs2103-AY2021S1\cs2103-website\admin\gradeBreakdown as some of its dependencies were changed since the last visit
2020-07-13T10:01:23.954Z - info: Site data built
2020-07-13T10:01:23.959Z - info: Lazy website regeneration complete! Total build time: 2.304s
2020-07-13T10:01:24.187Z - debug:  
2020-07-13T10:03:11.173Z - info: [6:03:11 PM] Reload for file change: C:\repos\nus-cs2103-AY2021S1\cs2103-website\admin\gradeBreakdown.md
2020-07-13T10:03:12.195Z - info: No pages needed to be rebuilt
2020-07-13T10:03:24.088Z - info: Building C:\repos\nus-cs2103-AY2021S1\cs2103-website\admin\gradeBreakdown as some of its dependencies were changed since the last visit
2020-07-13T10:03:26.398Z - info: Site data built
2020-07-13T10:03:26.400Z - info: Lazy website regeneration complete! Total build time: 2.313s
2020-07-13T10:03:26.544Z - debug:  
2020-07-13T10:09:51.610Z - info: [6:09:51 PM] Reload for file change: C:\repos\nus-cs2103-AY2021S1\cs2103-website\_markbind\variables.md
2020-07-13T10:09:52.746Z - warn: Rebuilding all pages as variables file was changed, or the --force-reload flag was set
2020-07-13T10:09:52.753Z - info: Rebuilding 1 pages
2020-07-13T10:10:10.848Z - info: Website generation (lazy) started at 6:10:05 PM
2020-07-13T10:10:35.264Z - info: Building assets...
2020-07-13T10:10:47.366Z - info: Assets built
2020-07-13T10:10:47.367Z - info: Generating landing page...
2020-07-13T10:10:48.201Z - info: Landing page built, other pages will be built as you navigate to them!
2020-07-13T10:10:48.291Z - info: Website generation (lazy) complete! Total build time: 42.69s
2020-07-13T10:10:49.244Z - info: Serving "C:\repos\nus-cs2103-AY2021S1\cs2103-website\_site" at http://127.0.0.1:8080
2020-07-13T10:10:49.244Z - info: Press CTRL+C to stop ...
2020-07-13T10:10:49.310Z - info: Site data built
2020-07-13T10:11:41.885Z - info: [6:11:41 PM] Reload for file change: C:\repos\nus-cs2103-AY2021S1\cs2103-website\_markbind\variables.md
2020-07-13T10:11:43.049Z - warn: Rebuilding all pages as variables file was changed, or the --force-reload flag was set
2020-07-13T10:11:43.061Z - info: Rebuilding 1 pages
2020-07-13T10:11:43.637Z - info: Pages rebuilt
2020-07-13T10:11:43.637Z - info: Website regeneration complete! Total build time: 0.736s
2020-07-13T10:11:43.670Z - info: Site data built
2020-07-13T10:12:46.786Z - info: [6:12:46 PM] Reload for file change: C:\repos\nus-cs2103-AY2021S1\cs2103-website\admin\moduleOverview.md
2020-07-13T10:12:47.808Z - info: Rebuilding 1 pages
2020-07-13T10:12:48.289Z - info: Pages rebuilt
2020-07-13T10:12:48.289Z - info: Website regeneration complete! Total build time: 0.486s
2020-07-13T10:12:48.294Z - info: Site data built
2020-07-13T10:13:00.831Z - info: [6:13:00 PM] Reload for file change: C:\repos\nus-cs2103-AY2021S1\cs2103-website\admin\moduleOverview.md
2020-07-13T10:13:01.847Z - info: Rebuilding 1 pages
2020-07-13T10:13:02.258Z - info: Pages rebuilt
2020-07-13T10:13:02.259Z - info: Website regeneration complete! Total build time: 0.415s
2020-07-13T10:13:02.263Z - info: Site data built
2020-07-13T10:13:08.223Z - info: [6:13:08 PM] Reload for file change: C:\repos\nus-cs2103-AY2021S1\cs2103-website\admin\moduleOverview.md
2020-07-13T10:13:09.239Z - info: Rebuilding 1 pages
2020-07-13T10:13:09.629Z - info: Pages rebuilt
2020-07-13T10:13:09.629Z - info: Website regeneration complete! Total build time: 0.394s
2020-07-13T10:13:09.634Z - info: Site data built
2020-07-13T10:13:32.685Z - info: [6:13:32 PM] Reload for file change: C:\repos\nus-cs2103-AY2021S1\cs2103-website\_markbind\variables.md
2020-07-13T10:13:33.811Z - warn: Rebuilding all pages as variables file was changed, or the --force-reload flag was set
2020-07-13T10:13:33.819Z - info: Rebuilding 1 pages
2020-07-13T10:13:34.146Z - info: Pages rebuilt
2020-07-13T10:13:34.146Z - info: Website regeneration complete! Total build time: 0.459s
2020-07-13T10:13:34.155Z - info: Site data built
2020-07-13T10:14:36.907Z - info: [6:14:36 PM] Reload for file change: C:\repos\nus-cs2103-AY2021S1\cs2103-website\_markbind\variables.md
2020-07-13T10:14:37.998Z - warn: Rebuilding all pages as variables file was changed, or the --force-reload flag was set
2020-07-13T10:14:38.002Z - info: Rebuilding 1 pages
2020-07-13T10:14:38.309Z - info: Pages rebuilt
2020-07-13T10:14:38.310Z - info: Website regeneration complete! Total build time: 0.4s
2020-07-13T10:14:38.314Z - info: Site data built
2020-07-13T10:15:10.169Z - info: [6:15:10 PM] Reload for file change: C:\repos\nus-cs2103-AY2021S1\cs2103-website\_markbind\variables.md
2020-07-13T10:15:11.295Z - warn: Rebuilding all pages as variables file was changed, or the --force-reload flag was set
2020-07-13T10:15:11.301Z - info: Rebuilding 1 pages
2020-07-13T10:15:11.617Z - info: Pages rebuilt
2020-07-13T10:15:11.617Z - info: Website regeneration complete! Total build time: 0.444s
2020-07-13T10:15:11.621Z - info: Site data built
2020-07-13T10:15:17.656Z - info: [6:15:17 PM] Reload for file change: C:\repos\nus-cs2103-AY2021S1\cs2103-website\_markbind\variables.md
2020-07-13T10:15:18.770Z - warn: Rebuilding all pages as variables file was changed, or the --force-reload flag was set
2020-07-13T10:15:18.777Z - info: Rebuilding 1 pages
2020-07-13T10:15:19.050Z - info: Pages rebuilt
2020-07-13T10:15:19.051Z - info: Website regeneration complete! Total build time: 0.394s
2020-07-13T10:15:19.055Z - info: Site data built
2020-07-13T10:15:27.018Z - info: [6:15:27 PM] Reload for file change: C:\repos\nus-cs2103-AY2021S1\cs2103-website\_markbind\variables.md
2020-07-13T10:15:28.063Z - warn: Rebuilding all pages as variables file was changed, or the --force-reload flag was set
2020-07-13T10:15:28.066Z - info: Rebuilding 1 pages
2020-07-13T10:15:28.318Z - info: Pages rebuilt
2020-07-13T10:15:28.318Z - info: Website regeneration complete! Total build time: 0.297s
2020-07-13T10:15:28.323Z - info: Site data built
2020-07-13T10:15:31.838Z - info: [6:15:31 PM] Reload for file change: C:\repos\nus-cs2103-AY2021S1\cs2103-website\_markbind\variables.md
2020-07-13T10:15:32.878Z - warn: Rebuilding all pages as variables file was changed, or the --force-reload flag was set
2020-07-13T10:15:32.881Z - info: Rebuilding 1 pages
2020-07-13T10:15:33.151Z - info: Pages rebuilt
2020-07-13T10:15:33.151Z - info: Website regeneration complete! Total build time: 0.311s
2020-07-13T10:15:33.155Z - info: Site data built
2020-07-13T10:15:48.767Z - info: [6:15:48 PM] Reload for file change: C:\repos\nus-cs2103-AY2021S1\cs2103-website\admin\moduleOverview.md
2020-07-13T10:15:49.773Z - info: Rebuilding 1 pages
2020-07-13T10:15:50.431Z - info: Pages rebuilt
2020-07-13T10:15:50.431Z - info: Website regeneration complete! Total build time: 0.661s
2020-07-13T10:15:50.435Z - info: Site data built
2020-07-13T12:33:31.762Z - info: Website generation (lazy) started at 8:33:28 PM
2020-07-13T12:33:42.951Z - info: Building assets...
2020-07-13T12:33:50.024Z - info: Assets built
2020-07-13T12:33:50.024Z - info: Generating landing page...
2020-07-13T12:33:50.799Z - info: Landing page built, other pages will be built as you navigate to them!
2020-07-13T12:33:50.899Z - info: Website generation (lazy) complete! Total build time: 22.062s
2020-07-13T12:33:51.693Z - info: Serving "C:\repos\nus-cs2103-AY2021S1\cs2103-website\_site" at http://127.0.0.1:8080
2020-07-13T12:33:51.693Z - info: Press CTRL+C to stop ...
2020-07-13T12:33:51.757Z - info: Site data built
2020-07-13T12:36:20.354Z - info: Building C:\repos\nus-cs2103-AY2021S1\cs2103-website\admin\tp-w3 as some of its dependencies were changed since the last visit
2020-07-13T12:36:21.252Z - info: Site data built
2020-07-13T12:36:21.253Z - info: Lazy website regeneration complete! Total build time: 0.913s
2020-07-13T12:36:32.781Z - info: Building C:\repos\nus-cs2103-AY2021S1\cs2103-website\admin\tp-w4 as some of its dependencies were changed since the last visit
2020-07-13T12:36:33.903Z - info: Site data built
2020-07-13T12:36:33.904Z - info: Lazy website regeneration complete! Total build time: 1.126s
2020-07-13T12:38:19.463Z - info: [8:38:19 PM] Reload for file change: C:\repos\nus-cs2103-AY2021S1\cs2103-website\admin\tp-grading.md
2020-07-13T12:38:20.470Z - info: Rebuilding 1 pages
2020-07-13T12:38:21.747Z - info: Pages rebuilt
2020-07-13T12:38:21.747Z - info: Website regeneration complete! Total build time: 1.279s
2020-07-13T12:38:21.752Z - info: Site data built
2020-07-13T12:38:37.908Z - info: Building C:\repos\nus-cs2103-AY2021S1\cs2103-website\admin\tp-w5 as some of its dependencies were changed since the last visit
2020-07-13T12:38:38.576Z - info: Site data built
2020-07-13T12:38:38.577Z - info: Lazy website regeneration complete! Total build time: 0.668s
2020-07-13T12:39:05.736Z - info: Building C:\repos\nus-cs2103-AY2021S1\cs2103-website\admin\tp-w6 as some of its dependencies were changed since the last visit
2020-07-13T12:39:07.307Z - info: Site data built
2020-07-13T12:39:07.308Z - info: Lazy website regeneration complete! Total build time: 1.573s
2020-07-13T12:47:44.823Z - info: [8:47:44 PM] Reload for file change: C:\repos\nus-cs2103-AY2021S1\cs2103-website\book\site.json
2020-07-13T12:47:45.885Z - info: Assets built
2020-07-13T12:49:38.159Z - info: [8:49:38 PM] Reload for file change: C:\repos\nus-cs2103-AY2021S1\cs2103-website\book\site.json
2020-07-13T12:49:39.176Z - info: Assets built
2020-07-13T12:55:54.992Z - info: [8:55:54 PM] Reload for file change: C:\repos\nus-cs2103-AY2021S1\cs2103-website\_markbind\variables.md
2020-07-13T12:55:56.249Z - warn: Rebuilding all pages as variables file was changed, or the --force-reload flag was set
2020-07-13T12:55:56.274Z - info: Rebuilding 1 pages
2020-07-13T12:55:57.393Z - info: Pages rebuilt
2020-07-13T12:55:57.394Z - info: Website regeneration complete! Total build time: 1.39s
2020-07-13T12:55:57.397Z - info: Site data built
2020-07-13T12:57:09.732Z - info: [8:57:09 PM] Reload for file change: C:\repos\nus-cs2103-AY2021S1\cs2103-website\admin\tp-deliverables-demo.mbdf
2020-07-13T12:57:09.754Z - info: [8:57:09 PM] Reload for file change: C:\repos\nus-cs2103-AY2021S1\cs2103-website\admin\tp-tasks.mbdf
2020-07-13T12:57:10.745Z - info: Rebuilding 1 pages
2020-07-13T12:57:11.811Z - info: Pages rebuilt
2020-07-13T12:57:11.811Z - info: Website regeneration complete! Total build time: 1.078s
2020-07-13T12:57:11.818Z - info: Site data built
2020-07-13T12:59:31.181Z - info: [8:59:31 PM] Reload for file change: C:\repos\nus-cs2103-AY2021S1\cs2103-website\book\site.json
2020-07-13T12:59:32.202Z - info: Assets built
2020-07-13T13:07:44.268Z - info: Website generation (lazy) started at 9:07:41 PM
2020-07-13T13:07:52.577Z - info: Building assets...
2020-07-13T13:07:58.799Z - info: Assets built
2020-07-13T13:07:58.800Z - info: Generating landing page...
2020-07-13T13:08:00.066Z - info: Landing page built, other pages will be built as you navigate to them!
2020-07-13T13:08:00.172Z - info: Website generation (lazy) complete! Total build time: 19.014s
2020-07-13T13:08:01.118Z - info: Serving "C:\repos\nus-cs2103-AY2021S1\cs2103-website\_site" at http://127.0.0.1:8080
2020-07-13T13:08:01.118Z - info: Press CTRL+C to stop ...
2020-07-13T13:08:01.198Z - info: Site data built
2020-07-13T13:08:17.992Z - info: Building C:\repos\nus-cs2103-AY2021S1\cs2103-website\admin\tp-w6 as some of its dependencies were changed since the last visit
2020-07-13T13:08:19.108Z - info: Site data built
2020-07-13T13:08:19.109Z - info: Lazy website regeneration complete! Total build time: 1.122s
2020-07-13T13:08:41.725Z - info: [9:08:41 PM] Reload for file change: C:\repos\nus-cs2103-AY2021S1\cs2103-website\_markbind\variables.md
2020-07-13T13:08:42.823Z - warn: Rebuilding all pages as variables file was changed, or the --force-reload flag was set
2020-07-13T13:08:42.831Z - info: Rebuilding 1 pages
2020-07-13T13:08:43.365Z - info: Pages rebuilt
2020-07-13T13:08:43.365Z - info: Website regeneration complete! Total build time: 0.639s
2020-07-13T13:08:43.369Z - info: Site data built
2020-07-13T13:08:44.477Z - info: Building C:\repos\nus-cs2103-AY2021S1\cs2103-website\admin\tp-w6 as some of its dependencies were changed since the last visit
2020-07-13T13:08:45.632Z - info: Site data built
2020-07-13T13:08:45.633Z - info: Lazy website regeneration complete! Total build time: 1.157s
2020-07-13T13:09:47.078Z - info: Building C:\repos\nus-cs2103-AY2021S1\cs2103-website\admin\tp-w7 as some of its dependencies were changed since the last visit
2020-07-13T13:09:48.010Z - info: Site data built
2020-07-13T13:09:48.011Z - info: Lazy website regeneration complete! Total build time: 0.933s
2020-07-13T13:11:29.645Z - info: [9:11:29 PM] Reload for file change: C:\repos\nus-cs2103-AY2021S1\cs2103-website\admin\appendixE-gitHub.md
2020-07-13T13:11:30.658Z - info: Rebuilding 1 pages
2020-07-13T13:11:31.442Z - info: Pages rebuilt
2020-07-13T13:11:31.442Z - info: Website regeneration complete! Total build time: 0.79s
2020-07-13T13:11:31.446Z - info: Site data built
2020-07-13T13:12:42.461Z - info: [9:12:42 PM] Reload for file change: C:\repos\nus-cs2103-AY2021S1\cs2103-website\admin\appendixE-gitHub.md
2020-07-13T13:12:43.476Z - info: Rebuilding 1 pages
2020-07-13T13:12:44.389Z - info: Pages rebuilt
2020-07-13T13:12:44.390Z - info: Website regeneration complete! Total build time: 0.924s
2020-07-13T13:12:44.422Z - info: Site data built
2020-07-13T13:14:31.568Z - info: [9:14:31 PM] Reload for file change: C:\repos\nus-cs2103-AY2021S1\cs2103-website\admin\tp-tasks.mbdf
2020-07-13T13:14:32.571Z - info: Rebuilding 1 pages
2020-07-13T13:14:33.336Z - info: Pages rebuilt
2020-07-13T13:14:33.336Z - info: Website regeneration complete! Total build time: 0.766s
2020-07-13T13:14:33.340Z - info: Site data built
2020-07-13T13:14:48.456Z - info: Building C:\repos\nus-cs2103-AY2021S1\cs2103-website\admin\tp-w8 as some of its dependencies were changed since the last visit
2020-07-13T13:14:49.821Z - info: Site data built
2020-07-13T13:14:49.823Z - info: Lazy website regeneration complete! Total build time: 1.366s
2020-07-13T13:25:59.098Z - info: [9:25:59 PM] Reload for file change: C:\repos\nus-cs2103-AY2021S1\cs2103-website\book\site.json
2020-07-13T13:26:00.112Z - info: Assets built
2020-07-13T13:26:17.782Z - info: [9:26:17 PM] Reload for file change: C:\repos\nus-cs2103-AY2021S1\cs2103-website\book\site.json
2020-07-13T13:26:18.790Z - info: Assets built
2020-07-13T13:26:26.180Z - info: [9:26:26 PM] Reload for file change: C:\repos\nus-cs2103-AY2021S1\cs2103-website\book\site.json
2020-07-13T13:26:27.227Z - info: Assets built
2020-07-13T13:28:00.030Z - info: Building C:\repos\nus-cs2103-AY2021S1\cs2103-website\admin\tp-w9 as some of its dependencies were changed since the last visit
2020-07-13T13:28:01.037Z - info: Site data built
2020-07-13T13:28:01.037Z - info: Lazy website regeneration complete! Total build time: 1.009s
2020-07-13T13:53:04.634Z - info: [9:53:04 PM] Reload for file change: C:\repos\nus-cs2103-AY2021S1\cs2103-website\book\site.json
2020-07-13T13:53:05.708Z - info: Assets built
2020-07-13T13:54:18.629Z - info: [9:54:18 PM] Reload for file change: C:\repos\nus-cs2103-AY2021S1\cs2103-website\book\site.json
2020-07-13T13:54:19.668Z - info: Assets built
2020-07-13T13:54:32.914Z - info: [9:54:32 PM] Reload for file change: C:\repos\nus-cs2103-AY2021S1\cs2103-website\book\site.json
2020-07-13T13:54:33.966Z - info: Assets built
2020-07-13T13:56:20.699Z - info: Building C:\repos\nus-cs2103-AY2021S1\cs2103-website\admin\tp-w10 as some of its dependencies were changed since the last visit
2020-07-13T13:56:21.618Z - info: Site data built
2020-07-13T13:56:21.619Z - info: Lazy website regeneration complete! Total build time: 0.92s
2020-07-13T14:02:39.493Z - info: [10:02:39 PM] Reload for file change: C:\repos\nus-cs2103-AY2021S1\cs2103-website\book\site.json
2020-07-13T14:02:40.842Z - info: Assets built
2020-07-13T14:04:51.742Z - info: Building C:\repos\nus-cs2103-AY2021S1\cs2103-website\admin\tp-w11 as some of its dependencies were changed since the last visit
2020-07-13T14:04:54.818Z - info: Site data built
2020-07-13T14:04:54.819Z - info: Lazy website regeneration complete! Total build time: 3.078s
2020-07-13T14:06:29.936Z - info: Building C:\repos\nus-cs2103-AY2021S1\cs2103-website\admin\tp-w12 as some of its dependencies were changed since the last visit
2020-07-13T14:06:31.496Z - info: Site data built
2020-07-13T14:06:31.497Z - info: Lazy website regeneration complete! Total build time: 1.563s
2020-07-13T14:07:11.418Z - info: Building C:\repos\nus-cs2103-AY2021S1\cs2103-website\admin\tp-w13 as some of its dependencies were changed since the last visit
2020-07-13T14:07:13.553Z - info: Site data built
2020-07-13T14:07:13.554Z - info: Lazy website regeneration complete! Total build time: 2.138s
2020-07-13T14:17:15.053Z - info: [10:17:15 PM] Reload for file change: C:\repos\nus-cs2103-AY2021S1\cs2103-website\book\site.json
2020-07-13T14:17:16.095Z - info: Assets built
2020-07-13T14:18:33.886Z - info: Building C:\repos\nus-cs2103-AY2021S1\cs2103-website\admin\tp-timeline as some of its dependencies were changed since the last visit
2020-07-13T14:18:35.575Z - info: Site data built
2020-07-13T14:18:35.576Z - info: Lazy website regeneration complete! Total build time: 1.69s
2020-07-13T14:18:37.762Z - debug:  
2020-07-13T14:18:37.820Z - debug:  
2020-07-13T14:31:08.585Z - info: [10:31:08 PM] Reload for file change: C:\repos\nus-cs2103-AY2021S1\cs2103-website\admin\tp-timeline.md
2020-07-13T14:31:09.599Z - info: Rebuilding 1 pages
2020-07-13T14:31:10.516Z - info: Pages rebuilt
2020-07-13T14:31:10.517Z - info: Website regeneration complete! Total build time: 0.927s
2020-07-13T14:31:10.559Z - info: Site data built
2020-07-13T14:31:13.644Z - debug:  
2020-07-13T14:31:13.673Z - debug:  
2020-07-13T14:32:54.720Z - info: [10:32:54 PM] Reload for file change: C:\repos\nus-cs2103-AY2021S1\cs2103-website\admin\tp-timeline.md
2020-07-13T14:32:54.737Z - info: [10:32:54 PM] Reload for file change: C:\repos\nus-cs2103-AY2021S1\cs2103-website\_markbind\variables.md
2020-07-13T14:32:55.841Z - warn: Rebuilding all pages as variables file was changed, or the --force-reload flag was set
2020-07-13T14:32:55.846Z - info: Rebuilding 1 pages
2020-07-13T14:32:56.642Z - info: Pages rebuilt
2020-07-13T14:32:56.650Z - info: Website regeneration complete! Total build time: 0.923s
2020-07-13T14:32:56.719Z - info: Site data built
2020-07-13T14:32:59.291Z - debug:  
2020-07-13T14:32:59.380Z - debug:  
2020-07-13T14:33:19.982Z - info: [10:33:19 PM] Reload for file change: C:\repos\nus-cs2103-AY2021S1\cs2103-website\admin\tp-timeline.md
2020-07-13T14:33:20.997Z - info: Rebuilding 1 pages
2020-07-13T14:33:21.701Z - info: Pages rebuilt
2020-07-13T14:33:21.701Z - info: Website regeneration complete! Total build time: 0.712s
2020-07-13T14:33:21.707Z - info: Site data built
2020-07-13T14:33:24.346Z - debug:  
2020-07-13T14:33:24.376Z - debug:  
2020-07-13T14:34:43.322Z - info: [10:34:43 PM] Reload for file change: C:\repos\nus-cs2103-AY2021S1\cs2103-website\admin\tp-timeline.md
2020-07-13T14:34:44.330Z - info: Rebuilding 1 pages
2020-07-13T14:34:44.876Z - info: Pages rebuilt
2020-07-13T14:34:44.877Z - info: Website regeneration complete! Total build time: 0.553s
2020-07-13T14:34:44.883Z - info: Site data built
2020-07-13T14:34:47.687Z - debug:  
2020-07-13T14:34:47.753Z - debug:  
2020-07-13T14:35:41.206Z - info: [10:35:41 PM] Reload for file change: C:\repos\nus-cs2103-AY2021S1\cs2103-website\admin\tp-timeline.md
2020-07-13T14:35:42.233Z - info: Rebuilding 1 pages
2020-07-13T14:35:43.009Z - info: Pages rebuilt
2020-07-13T14:35:43.010Z - info: Website regeneration complete! Total build time: 0.801s
2020-07-13T14:35:43.014Z - info: Site data built
2020-07-13T14:35:45.608Z - debug:  
2020-07-13T14:35:45.790Z - debug:  
2020-07-13T14:36:01.032Z - info: [10:36:01 PM] Reload for file change: C:\repos\nus-cs2103-AY2021S1\cs2103-website\admin\tp-timeline.md
2020-07-13T14:36:02.040Z - info: Rebuilding 1 pages
2020-07-13T14:36:02.534Z - info: Pages rebuilt
2020-07-13T14:36:02.535Z - info: Website regeneration complete! Total build time: 0.495s
2020-07-13T14:36:02.547Z - info: Site data built
2020-07-13T14:36:05.083Z - debug:  
2020-07-13T14:36:05.110Z - debug:  
2020-07-13T14:36:43.502Z - info: [10:36:43 PM] Reload for file change: C:\repos\nus-cs2103-AY2021S1\cs2103-website\admin\tp-timeline.md
2020-07-13T14:36:44.510Z - info: Rebuilding 1 pages
2020-07-13T14:36:45.108Z - info: Pages rebuilt
2020-07-13T14:36:45.109Z - info: Website regeneration complete! Total build time: 0.602s
2020-07-13T14:36:45.159Z - info: Site data built
2020-07-13T14:36:48.163Z - debug:  
2020-07-13T14:36:48.175Z - debug:  
2020-07-13T14:37:00.663Z - info: [10:37:00 PM] Reload for file change: C:\repos\nus-cs2103-AY2021S1\cs2103-website\admin\tp-timeline.md
2020-07-13T14:37:01.675Z - info: Rebuilding 1 pages
2020-07-13T14:37:02.332Z - info: Pages rebuilt
2020-07-13T14:37:02.333Z - info: Website regeneration complete! Total build time: 0.662s
2020-07-13T14:37:02.337Z - info: Site data built
2020-07-13T14:37:04.937Z - debug:  
2020-07-13T14:37:04.947Z - debug:  
2020-07-13T14:37:44.945Z - info: [10:37:44 PM] Reload for file change: C:\repos\nus-cs2103-AY2021S1\cs2103-website\admin\tp-timeline.md
2020-07-13T14:37:45.952Z - info: Rebuilding 1 pages
2020-07-13T14:37:46.327Z - info: Pages rebuilt
2020-07-13T14:37:46.327Z - info: Website regeneration complete! Total build time: 0.379s
2020-07-13T14:37:46.379Z - info: Site data built
2020-07-13T14:37:49.253Z - debug:  
2020-07-13T14:37:49.288Z - debug:  
2020-07-13T14:39:26.449Z - info: [10:39:26 PM] Reload for file change: C:\repos\nus-cs2103-AY2021S1\cs2103-website\admin\tp-timeline.md
2020-07-13T14:39:26.453Z - info: [10:39:26 PM] Reload for file change: C:\repos\nus-cs2103-AY2021S1\cs2103-website\_markbind\variables.md
2020-07-13T14:39:27.538Z - warn: Rebuilding all pages as variables file was changed, or the --force-reload flag was set
2020-07-13T14:39:27.547Z - info: Rebuilding 1 pages
2020-07-13T14:39:27.552Z - error:  Template render error: (unknown path) [Line 40, Column 57]
  expected variable end
    at Object._prettifyError (C:\repos\markbind\markbind\node_modules\nunjucks\src\lib.js:36:11)
    at Template.render (C:\repos\markbind\markbind\node_modules\nunjucks\src\environment.js:536:21)
    at Environment.renderString (C:\repos\markbind\markbind\node_modules\nunjucks\src\environment.js:378:17)
    at Object.renderRaw (C:\repos\markbind\markbind\packages\core\src\utils\nunjuckUtils.js:8:25)
    at VariablePreprocessor.renderSiteVariables (C:\repos\markbind\markbind\packages\core\src\preprocessors\VariablePreprocessor.js:132:19)
    at VariablePreprocessor.renderPage (C:\repos\markbind\markbind\packages\core\src\preprocessors\VariablePreprocessor.js:406:17)
    at C:\repos\markbind\markbind\packages\core\src\Parser.js:199:57
    at Promise._execute (C:\repos\markbind\markbind\node_modules\bluebird\js\release\debuggability.js:384:9)
    at Promise._resolveFromExecutor (C:\repos\markbind\markbind\node_modules\bluebird\js\release\promise.js:518:18)
    at new Promise (C:\repos\markbind\markbind\node_modules\bluebird\js\release\promise.js:103:10)
    at Parser.includeFile (C:\repos\markbind\markbind\packages\core\src\Parser.js:178:12)
    at C:\repos\markbind\markbind\src\Page.js:966:34
    at tryCatcher (C:\repos\markbind\markbind\node_modules\bluebird\js\release\util.js:16:23)
    at Promise._settlePromiseFromHandler (C:\repos\markbind\markbind\node_modules\bluebird\js\release\promise.js:547:31)
    at Promise._settlePromise (C:\repos\markbind\markbind\node_modules\bluebird\js\release\promise.js:604:18)
    at Promise._settlePromise0 (C:\repos\markbind\markbind\node_modules\bluebird\js\release\promise.js:649:10)
2020-07-13T14:39:27.553Z - warn:  Error: Error while generating C:\repos\nus-cs2103-AY2021S1\cs2103-website\admin\tp-timeline.md
    at C:\repos\markbind\markbind\src\Site.js:1014:18
    at tryCatcher (C:\repos\markbind\markbind\node_modules\bluebird\js\release\util.js:16:23)
    at Promise._settlePromiseFromHandler (C:\repos\markbind\markbind\node_modules\bluebird\js\release\promise.js:547:31)
    at Promise._settlePromise (C:\repos\markbind\markbind\node_modules\bluebird\js\release\promise.js:604:18)
    at Promise._settlePromise0 (C:\repos\markbind\markbind\node_modules\bluebird\js\release\promise.js:649:10)
    at Promise._settlePromises (C:\repos\markbind\markbind\node_modules\bluebird\js\release\promise.js:725:18)
    at _drainQueueStep (C:\repos\markbind\markbind\node_modules\bluebird\js\release\async.js:93:12)
    at _drainQueue (C:\repos\markbind\markbind\node_modules\bluebird\js\release\async.js:86:9)
    at Async._drainQueues (C:\repos\markbind\markbind\node_modules\bluebird\js\release\async.js:102:5)
    at Immediate.Async.drainQueues [as _onImmediate] (C:\repos\markbind\markbind\node_modules\bluebird\js\release\async.js:15:14)
    at processImmediate (internal/timers.js:456:21)
2020-07-13T14:39:29.879Z - error: Error while generating C:\repos\nus-cs2103-AY2021S1\cs2103-website\admin\tp-timeline.md
2020-07-13T14:39:29.879Z - error: Error while generating C:\repos\nus-cs2103-AY2021S1\cs2103-website\admin\tp-timeline.md
2020-07-13T14:39:53.512Z - info: [10:39:53 PM] Reload for file change: C:\repos\nus-cs2103-AY2021S1\cs2103-website\admin\tp-timeline.md
2020-07-13T14:39:53.518Z - info: Rebuilding 1 pages
2020-07-13T14:39:53.539Z - error:  Template render error: (unknown path) [Line 40, Column 59]
  expected variable end
    at Object._prettifyError (C:\repos\markbind\markbind\node_modules\nunjucks\src\lib.js:36:11)
    at Template.render (C:\repos\markbind\markbind\node_modules\nunjucks\src\environment.js:536:21)
    at Environment.renderString (C:\repos\markbind\markbind\node_modules\nunjucks\src\environment.js:378:17)
    at Object.renderRaw (C:\repos\markbind\markbind\packages\core\src\utils\nunjuckUtils.js:8:25)
    at VariablePreprocessor.renderSiteVariables (C:\repos\markbind\markbind\packages\core\src\preprocessors\VariablePreprocessor.js:132:19)
    at VariablePreprocessor.renderPage (C:\repos\markbind\markbind\packages\core\src\preprocessors\VariablePreprocessor.js:406:17)
    at C:\repos\markbind\markbind\packages\core\src\Parser.js:199:57
    at Promise._execute (C:\repos\markbind\markbind\node_modules\bluebird\js\release\debuggability.js:384:9)
    at Promise._resolveFromExecutor (C:\repos\markbind\markbind\node_modules\bluebird\js\release\promise.js:518:18)
    at new Promise (C:\repos\markbind\markbind\node_modules\bluebird\js\release\promise.js:103:10)
    at Parser.includeFile (C:\repos\markbind\markbind\packages\core\src\Parser.js:178:12)
    at C:\repos\markbind\markbind\src\Page.js:966:34
    at tryCatcher (C:\repos\markbind\markbind\node_modules\bluebird\js\release\util.js:16:23)
    at Promise._settlePromiseFromHandler (C:\repos\markbind\markbind\node_modules\bluebird\js\release\promise.js:547:31)
    at Promise._settlePromise (C:\repos\markbind\markbind\node_modules\bluebird\js\release\promise.js:604:18)
    at Promise._settlePromise0 (C:\repos\markbind\markbind\node_modules\bluebird\js\release\promise.js:649:10)
2020-07-13T14:39:53.540Z - warn:  Error: Error while generating C:\repos\nus-cs2103-AY2021S1\cs2103-website\admin\tp-timeline.md
    at C:\repos\markbind\markbind\src\Site.js:1014:18
    at tryCatcher (C:\repos\markbind\markbind\node_modules\bluebird\js\release\util.js:16:23)
    at Promise._settlePromiseFromHandler (C:\repos\markbind\markbind\node_modules\bluebird\js\release\promise.js:547:31)
    at Promise._settlePromise (C:\repos\markbind\markbind\node_modules\bluebird\js\release\promise.js:604:18)
    at Promise._settlePromise0 (C:\repos\markbind\markbind\node_modules\bluebird\js\release\promise.js:649:10)
    at Promise._settlePromises (C:\repos\markbind\markbind\node_modules\bluebird\js\release\promise.js:725:18)
    at _drainQueueStep (C:\repos\markbind\markbind\node_modules\bluebird\js\release\async.js:93:12)
    at _drainQueue (C:\repos\markbind\markbind\node_modules\bluebird\js\release\async.js:86:9)
    at Async._drainQueues (C:\repos\markbind\markbind\node_modules\bluebird\js\release\async.js:102:5)
    at Immediate.Async.drainQueues [as _onImmediate] (C:\repos\markbind\markbind\node_modules\bluebird\js\release\async.js:15:14)
    at processImmediate (internal/timers.js:456:21)
2020-07-13T14:39:53.548Z - error: Error while generating C:\repos\nus-cs2103-AY2021S1\cs2103-website\admin\tp-timeline.md
2020-07-13T14:40:17.227Z - info: [10:40:17 PM] Reload for file change: C:\repos\nus-cs2103-AY2021S1\cs2103-website\admin\tp-timeline.md
2020-07-13T14:40:17.233Z - info: Rebuilding 1 pages
2020-07-13T14:40:17.750Z - info: Pages rebuilt
2020-07-13T14:40:17.750Z - info: Website regeneration complete! Total build time: 0.519s
2020-07-13T14:40:17.760Z - error: Error while generating C:\repos\nus-cs2103-AY2021S1\cs2103-website\admin\tp-timeline.md
2020-07-13T14:40:17.766Z - info: Site data built
2020-07-13T14:40:19.947Z - debug:  
2020-07-13T14:40:20.104Z - debug:  
2020-07-13T14:40:41.915Z - info: Website generation (lazy) started at 10:40:41 PM
2020-07-13T14:40:57.187Z - info: Building assets...
2020-07-13T14:41:08.316Z - info: Assets built
2020-07-13T14:41:08.317Z - info: Generating landing page...
2020-07-13T14:41:09.032Z - info: Landing page built, other pages will be built as you navigate to them!
2020-07-13T14:41:09.131Z - info: Website generation (lazy) complete! Total build time: 27.258s
2020-07-13T14:41:10.553Z - info: Serving "C:\repos\nus-cs2103-AY2021S1\cs2103-website\_site" at http://127.0.0.1:8080
2020-07-13T14:41:10.554Z - info: Press CTRL+C to stop ...
2020-07-13T14:41:10.734Z - info: Site data built
2020-07-13T14:41:18.282Z - info: Building C:\repos\nus-cs2103-AY2021S1\cs2103-website\admin\tp-timeline as some of its dependencies were changed since the last visit
2020-07-13T14:41:22.875Z - info: Site data built
2020-07-13T14:41:22.890Z - info: Lazy website regeneration complete! Total build time: 4.608s
2020-07-13T14:41:24.263Z - debug:  
2020-07-13T14:41:24.305Z - debug:  
2020-07-13T14:42:10.383Z - info: [10:42:10 PM] Reload for file change: C:\repos\nus-cs2103-AY2021S1\cs2103-website\_markbind\variables.md
2020-07-13T14:42:11.616Z - warn: Rebuilding all pages as variables file was changed, or the --force-reload flag was set
2020-07-13T14:42:11.624Z - info: Rebuilding 1 pages
2020-07-13T14:42:12.935Z - info: Pages rebuilt
2020-07-13T14:42:12.936Z - info: Website regeneration complete! Total build time: 1.537s
2020-07-13T14:42:12.952Z - info: Site data built
2020-07-13T14:42:14.773Z - info: Building C:\repos\nus-cs2103-AY2021S1\cs2103-website\index as some of its dependencies were changed since the last visit
2020-07-13T14:42:15.013Z - debug:  
2020-07-13T14:42:15.013Z - debug:  
2020-07-13T14:42:15.123Z - info: Site data built
2020-07-13T14:42:15.124Z - info: Lazy website regeneration complete! Total build time: 0.352s
2020-07-13T14:42:42.731Z - info: [10:42:42 PM] Reload for file change: C:\repos\nus-cs2103-AY2021S1\cs2103-website\admin\tp-timeline.md
2020-07-13T14:42:43.747Z - info: No pages needed to be rebuilt
2020-07-13T14:45:33.613Z - info: [10:45:33 PM] Reload for file change: C:\repos\nus-cs2103-AY2021S1\cs2103-website\admin\tp-timeline.md
2020-07-13T14:45:34.623Z - info: No pages needed to be rebuilt
2020-07-13T14:45:47.039Z - info: Building C:\repos\nus-cs2103-AY2021S1\cs2103-website\admin\tp-timeline as some of its dependencies were changed since the last visit
2020-07-13T14:45:47.662Z - info: Site data built
2020-07-13T14:45:47.662Z - info: Lazy website regeneration complete! Total build time: 0.624s
2020-07-13T14:45:50.155Z - debug:  
2020-07-13T14:45:50.322Z - debug:  
2020-07-13T14:47:24.840Z - info: [10:47:24 PM] Reload for file change: C:\repos\nus-cs2103-AY2021S1\cs2103-website\admin\tp-timeline.md
2020-07-13T14:47:25.850Z - info: No pages needed to be rebuilt
2020-07-13T14:47:46.477Z - info: Building C:\repos\nus-cs2103-AY2021S1\cs2103-website\admin\tp-timeline as some of its dependencies were changed since the last visit
2020-07-13T14:47:48.001Z - info: Site data built
2020-07-13T14:47:48.001Z - info: Lazy website regeneration complete! Total build time: 1.524s
2020-07-13T14:47:50.108Z - debug:  
2020-07-13T14:47:50.276Z - debug:  
2020-07-13T14:49:12.903Z - info: [10:49:12 PM] Reload for file change: C:\repos\nus-cs2103-AY2021S1\cs2103-website\admin\tp-timeline.md
2020-07-13T14:49:13.911Z - info: No pages needed to be rebuilt
2020-07-13T14:49:28.307Z - info: Building C:\repos\nus-cs2103-AY2021S1\cs2103-website\admin\tp-timeline as some of its dependencies were changed since the last visit
2020-07-13T14:49:29.059Z - info: Site data built
2020-07-13T14:49:29.061Z - info: Lazy website regeneration complete! Total build time: 0.754s
2020-07-13T14:49:31.884Z - debug:  
2020-07-13T14:49:32.075Z - debug:  
2020-07-13T14:49:51.235Z - info: Building C:\repos\nus-cs2103-AY2021S1\cs2103-website\admin\tp-w12 as some of its dependencies were changed since the last visit
2020-07-13T14:49:52.385Z - info: Site data built
2020-07-13T14:49:52.386Z - info: Lazy website regeneration complete! Total build time: 1.151s
2020-07-13T14:50:02.305Z - info: Building C:\repos\nus-cs2103-AY2021S1\cs2103-website\admin\tp-w13 as some of its dependencies were changed since the last visit
2020-07-13T14:50:04.189Z - info: Site data built
2020-07-13T14:50:04.190Z - info: Lazy website regeneration complete! Total build time: 1.886s
2020-07-13T14:53:18.457Z - info: [10:53:18 PM] Reload for file change: C:\repos\nus-cs2103-AY2021S1\cs2103-website\_module-TIC4001\weeklyTpTasks.mbdf
2020-07-13T14:53:19.467Z - info: No pages needed to be rebuilt
2020-07-13T14:54:04.634Z - info: Website generation (lazy) started at 10:54:01 PM
2020-07-13T14:54:21.050Z - info: Building assets...
2020-07-13T14:54:28.492Z - info: Assets built
2020-07-13T14:54:28.493Z - info: Generating landing page...
2020-07-13T14:54:29.380Z - info: Landing page built, other pages will be built as you navigate to them!
2020-07-13T14:54:29.493Z - info: Website generation (lazy) complete! Total build time: 27.721s
2020-07-13T14:54:30.346Z - info: Serving "C:\repos\nus-cs2103-AY2021S1\cs2103-website\_site" at http://127.0.0.1:8080
2020-07-13T14:54:30.346Z - info: Press CTRL+C to stop ...
2020-07-13T14:54:30.400Z - info: Site data built
2020-07-13T15:01:44.464Z - info: Building C:\repos\nus-cs2103-AY2021S1\cs2103-website\admin\tp-w13 as some of its dependencies were changed since the last visit
2020-07-13T15:01:45.997Z - info: Site data built
2020-07-13T15:01:45.999Z - info: Lazy website regeneration complete! Total build time: 1.536s
2020-07-13T15:02:11.981Z - info: Building C:\repos\nus-cs2103-AY2021S1\cs2103-website\admin\tp-deliverables as some of its dependencies were changed since the last visit
2020-07-13T15:02:12.706Z - info: Site data built
2020-07-13T15:02:12.707Z - info: Lazy website regeneration complete! Total build time: 0.729s
2020-07-13T15:02:29.999Z - info: Building C:\repos\nus-cs2103-AY2021S1\cs2103-website\admin\tp-grading as some of its dependencies were changed since the last visit
2020-07-13T15:02:30.763Z - info: Site data built
2020-07-13T15:02:30.763Z - info: Lazy website regeneration complete! Total build time: 0.765s
2020-07-13T15:03:45.394Z - info: [11:03:45 PM] Reload for file change: C:\repos\nus-cs2103-AY2021S1\cs2103-website\admin\tp-grading.md
2020-07-13T15:03:46.404Z - info: No pages needed to be rebuilt
2020-07-13T15:06:06.212Z - info: [11:06:06 PM] Reload for file change: C:\repos\nus-cs2103-AY2021S1\cs2103-website\_markbind\variables.md
2020-07-13T15:06:06.220Z - info: [11:06:06 PM] Reload for file change: C:\repos\nus-cs2103-AY2021S1\cs2103-website\admin\tp-grading.md
2020-07-13T15:06:07.426Z - warn: Rebuilding all pages as variables file was changed, or the --force-reload flag was set
2020-07-13T15:06:07.436Z - info: Rebuilding 1 pages
2020-07-13T15:06:07.985Z - info: Pages rebuilt
2020-07-13T15:06:07.985Z - info: Website regeneration complete! Total build time: 0.766s
2020-07-13T15:06:07.992Z - info: Site data built
2020-07-13T15:06:09.129Z - info: Building C:\repos\nus-cs2103-AY2021S1\cs2103-website\admin\tp-grading as some of its dependencies were changed since the last visit
2020-07-13T15:06:10.096Z - info: Site data built
2020-07-13T15:06:10.097Z - info: Lazy website regeneration complete! Total build time: 0.968s
2020-07-13T15:08:16.692Z - info: [11:08:16 PM] Reload for file change: C:\repos\nus-cs2103-AY2021S1\cs2103-website\admin\tp-grading.md
2020-07-13T15:08:17.713Z - info: No pages needed to be rebuilt
2020-07-13T15:08:25.096Z - info: Building C:\repos\nus-cs2103-AY2021S1\cs2103-website\admin\tp-grading as some of its dependencies were changed since the last visit
2020-07-13T15:08:26.109Z - info: Site data built
2020-07-13T15:08:26.110Z - info: Lazy website regeneration complete! Total build time: 1.015s
2020-07-13T15:13:18.692Z - info: [11:13:18 PM] Reload for file change: C:\repos\nus-cs2103-AY2021S1\cs2103-website\_module-TIC4001\weeklyTpTasks.mbdf
2020-07-13T15:13:19.702Z - info: No pages needed to be rebuilt
2020-07-13T15:17:25.357Z - info: [11:17:25 PM] Reload for file change: C:\repos\nus-cs2103-AY2021S1\cs2103-website\admin\tp-grading.md
2020-07-13T15:17:26.364Z - info: Rebuilding 1 pages
2020-07-13T15:17:27.206Z - info: Pages rebuilt
2020-07-13T15:17:27.207Z - info: Website regeneration complete! Total build time: 0.844s
2020-07-13T15:17:27.209Z - info: Site data built
2020-07-13T15:20:44.620Z - info: [11:20:44 PM] Reload for file change: C:\repos\nus-cs2103-AY2021S1\cs2103-website\admin\tp-grading.md
2020-07-13T15:20:45.634Z - info: Rebuilding 1 pages
2020-07-13T15:20:46.524Z - info: Pages rebuilt
2020-07-13T15:20:46.525Z - info: Website regeneration complete! Total build time: 0.892s
2020-07-13T15:20:46.536Z - info: Site data built
2020-07-13T15:21:42.248Z - info: [11:21:42 PM] Reload for file change: C:\repos\nus-cs2103-AY2021S1\cs2103-website\admin\tp-grading.md
2020-07-13T15:21:43.254Z - info: Rebuilding 1 pages
2020-07-13T15:21:44.083Z - info: Pages rebuilt
2020-07-13T15:21:44.084Z - info: Website regeneration complete! Total build time: 0.832s
2020-07-13T15:21:44.086Z - info: Site data built
2020-07-13T15:26:01.131Z - info: [11:26:01 PM] Reload for file change: C:\repos\nus-cs2103-AY2021S1\cs2103-website\admin\tp-grading.md
2020-07-13T15:26:02.139Z - info: Rebuilding 1 pages
2020-07-13T15:26:02.928Z - info: Pages rebuilt
2020-07-13T15:26:02.928Z - info: Website regeneration complete! Total build time: 0.792s
2020-07-13T15:26:02.931Z - info: Site data built
2020-07-13T15:28:13.965Z - info: [11:28:13 PM] Reload for file change: C:\repos\nus-cs2103-AY2021S1\cs2103-website\admin\tp-grading.md
2020-07-13T15:28:14.981Z - info: Rebuilding 1 pages
2020-07-13T15:28:15.620Z - info: Pages rebuilt
2020-07-13T15:28:15.620Z - info: Website regeneration complete! Total build time: 0.646s
2020-07-13T15:28:15.623Z - info: Site data built
2020-07-13T15:28:40.507Z - info: [11:28:40 PM] Reload for file change: C:\repos\nus-cs2103-AY2021S1\cs2103-website\admin\tp-grading.md
2020-07-13T15:28:41.518Z - info: Rebuilding 1 pages
2020-07-13T15:28:42.322Z - info: Pages rebuilt
2020-07-13T15:28:42.322Z - info: Website regeneration complete! Total build time: 0.808s
2020-07-13T15:28:42.325Z - info: Site data built
2020-07-13T15:29:24.156Z - info: [11:29:24 PM] Reload for file change: C:\repos\nus-cs2103-AY2021S1\cs2103-website\admin\tp-grading.md
2020-07-13T15:29:24.211Z - info: [11:29:24 PM] Reload for file change: C:\repos\nus-cs2103-AY2021S1\cs2103-website\admin\tp-grading.md
2020-07-13T15:29:25.209Z - info: Rebuilding 1 pages
2020-07-13T15:29:25.859Z - info: Pages rebuilt
2020-07-13T15:29:25.859Z - info: Website regeneration complete! Total build time: 0.652s
2020-07-13T15:29:25.864Z - info: Site data built
2020-07-13T15:29:47.463Z - info: [11:29:47 PM] Reload for file change: C:\repos\nus-cs2103-AY2021S1\cs2103-website\admin\tp-grading.md
2020-07-13T15:29:48.467Z - info: Rebuilding 1 pages
2020-07-13T15:29:49.093Z - info: Pages rebuilt
2020-07-13T15:29:49.094Z - info: Website regeneration complete! Total build time: 0.628s
2020-07-13T15:29:49.096Z - info: Site data built
2020-07-13T15:30:36.301Z - info: Building C:\repos\nus-cs2103-AY2021S1\cs2103-website\admin\tp-supervision as some of its dependencies were changed since the last visit
2020-07-13T15:30:36.773Z - info: Site data built
2020-07-13T15:30:36.773Z - info: Lazy website regeneration complete! Total build time: 0.473s
2020-07-13T15:32:35.918Z - info: [11:32:35 PM] Reload for file change: C:\repos\nus-cs2103-AY2021S1\cs2103-website\admin\tp-supervision.md
2020-07-13T15:32:36.932Z - info: Rebuilding 1 pages
2020-07-13T15:32:37.264Z - info: Pages rebuilt
2020-07-13T15:32:37.264Z - info: Website regeneration complete! Total build time: 0.337s
2020-07-13T15:32:37.267Z - info: Site data built
2020-07-13T15:34:58.482Z - info: [11:34:58 PM] Reload for file change: C:\repos\nus-cs2103-AY2021S1\cs2103-website\admin\tp-supervision.md
2020-07-13T15:34:59.489Z - info: Rebuilding 1 pages
2020-07-13T15:34:59.833Z - info: Pages rebuilt
2020-07-13T15:34:59.833Z - info: Website regeneration complete! Total build time: 0.35s
2020-07-13T15:34:59.836Z - info: Site data built
2020-07-13T15:36:09.702Z - info: [11:36:09 PM] Reload for file change: C:\repos\nus-cs2103-AY2021S1\cs2103-website\admin\tp-supervision.md
2020-07-13T15:36:10.718Z - info: Rebuilding 1 pages
2020-07-13T15:36:11.035Z - info: Pages rebuilt
2020-07-13T15:36:11.035Z - info: Website regeneration complete! Total build time: 0.32s
2020-07-13T15:36:11.038Z - info: Site data built
2020-07-13T15:37:25.629Z - info: Building C:\repos\nus-cs2103-AY2021S1\cs2103-website\admin\peerEvaluations as some of its dependencies were changed since the last visit
2020-07-13T15:37:26.344Z - info: Site data built
2020-07-13T15:37:26.344Z - info: Lazy website regeneration complete! Total build time: 0.715s
2020-07-13T15:39:34.741Z - info: Building C:\repos\nus-cs2103-AY2021S1\cs2103-website\admin\tools as some of its dependencies were changed since the last visit
2020-07-13T15:39:35.527Z - info: Site data built
2020-07-13T15:39:35.528Z - info: Lazy website regeneration complete! Total build time: 0.789s
2020-07-13T15:40:22.682Z - info: [11:40:22 PM] Reload for file change: C:\repos\nus-cs2103-AY2021S1\cs2103-website\admin\tools.md
2020-07-13T15:40:23.697Z - info: Rebuilding 1 pages
2020-07-13T15:40:24.315Z - info: Pages rebuilt
2020-07-13T15:40:24.315Z - info: Website regeneration complete! Total build time: 0.625s
2020-07-13T15:40:24.318Z - info: Site data built
2020-07-13T15:42:21.181Z - info: [11:42:21 PM] Reload for file change: C:\repos\nus-cs2103-AY2021S1\cs2103-website\admin\tools-reposense.mbdf
2020-07-13T15:42:22.192Z - info: Rebuilding 1 pages
2020-07-13T15:42:22.914Z - info: Pages rebuilt
2020-07-13T15:42:22.914Z - info: Website regeneration complete! Total build time: 0.726s
2020-07-13T15:42:22.917Z - info: Site data built
2020-07-13T15:42:30.107Z - info: Building C:\repos\nus-cs2103-AY2021S1\cs2103-website\admin\participation as some of its dependencies were changed since the last visit
2020-07-13T15:42:30.758Z - info: Site data built
2020-07-13T15:42:30.758Z - info: Lazy website regeneration complete! Total build time: 0.651s
2020-07-13T15:47:36.824Z - info: [11:47:36 PM] Reload for file change: C:\repos\nus-cs2103-AY2021S1\cs2103-website\admin\participation.md
2020-07-13T15:47:37.830Z - info: Rebuilding 1 pages
2020-07-13T15:47:38.390Z - info: Pages rebuilt
2020-07-13T15:47:38.390Z - info: Website regeneration complete! Total build time: 0.562s
2020-07-13T15:47:38.394Z - info: Site data built
2020-07-13T15:52:54.716Z - info: [11:52:54 PM] Reload for file change: C:\repos\nus-cs2103-AY2021S1\cs2103-website\admin\participation.md
2020-07-13T15:52:55.729Z - info: Rebuilding 1 pages
2020-07-13T15:52:56.276Z - info: Pages rebuilt
2020-07-13T15:52:56.276Z - info: Website regeneration complete! Total build time: 0.549s
2020-07-13T15:52:56.281Z - info: Site data built
2020-07-13T15:53:09.412Z - info: Building C:\repos\nus-cs2103-AY2021S1\cs2103-website\admin\gradeBreakdown as some of its dependencies were changed since the last visit
2020-07-13T15:53:11.194Z - info: Site data built
2020-07-13T15:53:11.195Z - info: Lazy website regeneration complete! Total build time: 1.782s
2020-07-13T15:53:12.045Z - debug:  
2020-07-13T15:55:27.506Z - info: [11:55:27 PM] Reload for file change: C:\repos\nus-cs2103-AY2021S1\cs2103-website\_markbind\variables.md
2020-07-13T15:55:28.722Z - warn: Rebuilding all pages as variables file was changed, or the --force-reload flag was set
2020-07-13T15:55:28.726Z - info: Rebuilding 1 pages
2020-07-13T15:55:30.186Z - info: Pages rebuilt
2020-07-13T15:55:30.187Z - info: Website regeneration complete! Total build time: 1.671s
2020-07-13T15:55:30.218Z - info: Site data built
2020-07-13T15:55:31.277Z - debug:  
2020-07-13T15:56:19.347Z - info: [11:56:19 PM] Reload for file change: C:\repos\nus-cs2103-AY2021S1\cs2103-website\_markbind\variables.md
2020-07-13T15:56:20.444Z - warn: Rebuilding all pages as variables file was changed, or the --force-reload flag was set
2020-07-13T15:56:20.449Z - info: Rebuilding 1 pages
2020-07-13T15:56:21.593Z - info: Pages rebuilt
2020-07-13T15:56:21.594Z - info: Website regeneration complete! Total build time: 1.232s
2020-07-13T15:56:21.598Z - info: Site data built
2020-07-13T15:56:22.738Z - debug:  
2020-07-13T15:56:50.509Z - info: [11:56:50 PM] Reload for file change: C:\repos\nus-cs2103-AY2021S1\cs2103-website\_markbind\variables.md
2020-07-13T15:56:51.683Z - warn: Rebuilding all pages as variables file was changed, or the --force-reload flag was set
2020-07-13T15:56:51.690Z - info: Rebuilding 1 pages
2020-07-13T15:56:52.671Z - info: Pages rebuilt
2020-07-13T15:56:52.671Z - info: Website regeneration complete! Total build time: 1.16s
2020-07-13T15:56:52.675Z - info: Site data built
2020-07-13T15:56:53.976Z - debug:  
2020-07-13T15:58:31.455Z - info: [11:58:31 PM] Reload for file change: C:\repos\nus-cs2103-AY2021S1\cs2103-website\admin\gradeBreakdown.md
2020-07-13T15:58:32.468Z - info: Rebuilding 1 pages
2020-07-13T15:58:32.477Z - error:  Template render error: (unknown path) [Line 30, Column 7]
  expected variable end
    at Object._prettifyError (C:\repos\markbind\markbind\node_modules\nunjucks\src\lib.js:36:11)
    at Template.render (C:\repos\markbind\markbind\node_modules\nunjucks\src\environment.js:536:21)
    at Environment.renderString (C:\repos\markbind\markbind\node_modules\nunjucks\src\environment.js:378:17)
    at Object.renderRaw (C:\repos\markbind\markbind\packages\core\src\utils\nunjuckUtils.js:8:25)
    at VariablePreprocessor.renderSiteVariables (C:\repos\markbind\markbind\packages\core\src\preprocessors\VariablePreprocessor.js:132:19)
    at VariablePreprocessor.renderPage (C:\repos\markbind\markbind\packages\core\src\preprocessors\VariablePreprocessor.js:406:17)
    at C:\repos\markbind\markbind\packages\core\src\Parser.js:199:57
    at Promise._execute (C:\repos\markbind\markbind\node_modules\bluebird\js\release\debuggability.js:384:9)
    at Promise._resolveFromExecutor (C:\repos\markbind\markbind\node_modules\bluebird\js\release\promise.js:518:18)
    at new Promise (C:\repos\markbind\markbind\node_modules\bluebird\js\release\promise.js:103:10)
    at Parser.includeFile (C:\repos\markbind\markbind\packages\core\src\Parser.js:178:12)
    at C:\repos\markbind\markbind\src\Page.js:966:34
    at tryCatcher (C:\repos\markbind\markbind\node_modules\bluebird\js\release\util.js:16:23)
    at Promise._settlePromiseFromHandler (C:\repos\markbind\markbind\node_modules\bluebird\js\release\promise.js:547:31)
    at Promise._settlePromise (C:\repos\markbind\markbind\node_modules\bluebird\js\release\promise.js:604:18)
    at Promise._settlePromise0 (C:\repos\markbind\markbind\node_modules\bluebird\js\release\promise.js:649:10)
2020-07-13T15:58:32.478Z - warn:  Error: Error while generating C:\repos\nus-cs2103-AY2021S1\cs2103-website\admin\gradeBreakdown.md
    at C:\repos\markbind\markbind\src\Site.js:1014:18
    at tryCatcher (C:\repos\markbind\markbind\node_modules\bluebird\js\release\util.js:16:23)
    at Promise._settlePromiseFromHandler (C:\repos\markbind\markbind\node_modules\bluebird\js\release\promise.js:547:31)
    at Promise._settlePromise (C:\repos\markbind\markbind\node_modules\bluebird\js\release\promise.js:604:18)
    at Promise._settlePromise0 (C:\repos\markbind\markbind\node_modules\bluebird\js\release\promise.js:649:10)
    at Promise._settlePromises (C:\repos\markbind\markbind\node_modules\bluebird\js\release\promise.js:725:18)
    at _drainQueueStep (C:\repos\markbind\markbind\node_modules\bluebird\js\release\async.js:93:12)
    at _drainQueue (C:\repos\markbind\markbind\node_modules\bluebird\js\release\async.js:86:9)
    at Async._drainQueues (C:\repos\markbind\markbind\node_modules\bluebird\js\release\async.js:102:5)
    at Immediate.Async.drainQueues [as _onImmediate] (C:\repos\markbind\markbind\node_modules\bluebird\js\release\async.js:15:14)
    at processImmediate (internal/timers.js:456:21)
2020-07-13T15:58:35.124Z - error: Error while generating C:\repos\nus-cs2103-AY2021S1\cs2103-website\admin\gradeBreakdown.md
2020-07-13T15:58:41.872Z - info: [11:58:41 PM] Reload for file change: C:\repos\nus-cs2103-AY2021S1\cs2103-website\admin\gradeBreakdown.md
2020-07-13T15:58:41.879Z - info: Rebuilding 1 pages
2020-07-13T15:58:41.897Z - error:  Template render error: (unknown path) [Line 30, Column 7]
  expected variable end
    at Object._prettifyError (C:\repos\markbind\markbind\node_modules\nunjucks\src\lib.js:36:11)
    at Template.render (C:\repos\markbind\markbind\node_modules\nunjucks\src\environment.js:536:21)
    at Environment.renderString (C:\repos\markbind\markbind\node_modules\nunjucks\src\environment.js:378:17)
    at Object.renderRaw (C:\repos\markbind\markbind\packages\core\src\utils\nunjuckUtils.js:8:25)
    at VariablePreprocessor.renderSiteVariables (C:\repos\markbind\markbind\packages\core\src\preprocessors\VariablePreprocessor.js:132:19)
    at VariablePreprocessor.renderPage (C:\repos\markbind\markbind\packages\core\src\preprocessors\VariablePreprocessor.js:406:17)
    at C:\repos\markbind\markbind\packages\core\src\Parser.js:199:57
    at Promise._execute (C:\repos\markbind\markbind\node_modules\bluebird\js\release\debuggability.js:384:9)
    at Promise._resolveFromExecutor (C:\repos\markbind\markbind\node_modules\bluebird\js\release\promise.js:518:18)
    at new Promise (C:\repos\markbind\markbind\node_modules\bluebird\js\release\promise.js:103:10)
    at Parser.includeFile (C:\repos\markbind\markbind\packages\core\src\Parser.js:178:12)
    at C:\repos\markbind\markbind\src\Page.js:966:34
    at tryCatcher (C:\repos\markbind\markbind\node_modules\bluebird\js\release\util.js:16:23)
    at Promise._settlePromiseFromHandler (C:\repos\markbind\markbind\node_modules\bluebird\js\release\promise.js:547:31)
    at Promise._settlePromise (C:\repos\markbind\markbind\node_modules\bluebird\js\release\promise.js:604:18)
    at Promise._settlePromise0 (C:\repos\markbind\markbind\node_modules\bluebird\js\release\promise.js:649:10)
2020-07-13T15:58:41.898Z - warn:  Error: Error while generating C:\repos\nus-cs2103-AY2021S1\cs2103-website\admin\gradeBreakdown.md
    at C:\repos\markbind\markbind\src\Site.js:1014:18
    at tryCatcher (C:\repos\markbind\markbind\node_modules\bluebird\js\release\util.js:16:23)
    at Promise._settlePromiseFromHandler (C:\repos\markbind\markbind\node_modules\bluebird\js\release\promise.js:547:31)
    at Promise._settlePromise (C:\repos\markbind\markbind\node_modules\bluebird\js\release\promise.js:604:18)
    at Promise._settlePromise0 (C:\repos\markbind\markbind\node_modules\bluebird\js\release\promise.js:649:10)
    at Promise._settlePromises (C:\repos\markbind\markbind\node_modules\bluebird\js\release\promise.js:725:18)
    at _drainQueueStep (C:\repos\markbind\markbind\node_modules\bluebird\js\release\async.js:93:12)
    at _drainQueue (C:\repos\markbind\markbind\node_modules\bluebird\js\release\async.js:86:9)
    at Async._drainQueues (C:\repos\markbind\markbind\node_modules\bluebird\js\release\async.js:102:5)
    at Immediate.Async.drainQueues [as _onImmediate] (C:\repos\markbind\markbind\node_modules\bluebird\js\release\async.js:15:14)
    at processImmediate (internal/timers.js:456:21)
2020-07-13T15:58:41.904Z - error: Error while generating C:\repos\nus-cs2103-AY2021S1\cs2103-website\admin\gradeBreakdown.md
2020-07-13T15:59:03.576Z - info: Website generation (lazy) started at 11:59:03 PM
2020-07-13T15:59:11.917Z - info: Building assets...
2020-07-13T15:59:17.332Z - info: Assets built
2020-07-13T15:59:17.333Z - info: Generating landing page...
2020-07-13T15:59:18.221Z - info: Landing page built, other pages will be built as you navigate to them!
2020-07-13T15:59:18.311Z - info: Website generation (lazy) complete! Total build time: 14.756s
2020-07-13T15:59:19.591Z - info: Serving "C:\repos\nus-cs2103-AY2021S1\cs2103-website\_site" at http://127.0.0.1:8080
2020-07-13T15:59:19.592Z - info: Press CTRL+C to stop ...
2020-07-13T15:59:19.694Z - info: Site data built
