2020-11-04T08:00:46.011Z - info: Website generation (lazy) started at 4:00:39 PM
2020-11-04T08:00:56.750Z - info: Building assets...
2020-11-04T08:01:03.106Z - info: Assets built
2020-11-04T08:01:03.109Z - info: Generating landing page...
2020-11-04T08:01:04.638Z - info: Landing page built, other pages will be built as you navigate to them!
2020-11-04T08:01:04.754Z - info: Website generation (lazy) complete! Total build time: 25.425s
2020-11-04T08:01:05.839Z - info: Serving "C:\repos\nus-cs2103-AY2021S1\cs2103-website\_site" at http://127.0.0.1:8080
2020-11-04T08:01:05.839Z - info: Press CTRL+C to stop ...
2020-11-04T08:01:05.916Z - info: Site data built
2020-11-04T08:04:25.851Z - info: Building C:\repos\nus-cs2103-AY2021S1\cs2103-website\schedule\week12\project as some of its dependencies were changed since the last visit
2020-11-04T08:04:28.775Z - info: Site data built
2020-11-04T08:04:28.776Z - info: Lazy website regeneration complete! Total build time: 2.927s
2020-11-04T08:06:52.749Z - info: [4:06:52 PM] Reload for file change: C:\repos\nus-cs2103-AY2021S1\cs2103-website\admin\tp-tasks.mbdf
2020-11-04T08:06:53.823Z - info: Rebuilding 1 pages
2020-11-04T08:06:57.202Z - info: Pages rebuilt
2020-11-04T08:06:57.202Z - info: Website regeneration complete! Total build time: 3.39s
2020-11-04T08:06:57.226Z - info: Site data built
2020-11-04T08:08:50.854Z - info: [4:08:50 PM] Reload for file change: C:\repos\nus-cs2103-AY2021S1\cs2103-website\admin\policies.mbdf
2020-11-04T08:08:51.865Z - info: Rebuilding 1 pages
2020-11-04T08:08:54.715Z - info: Pages rebuilt
2020-11-04T08:08:54.715Z - info: Website regeneration complete! Total build time: 2.853s
2020-11-04T08:08:54.733Z - info: Site data built
2020-11-04T08:09:05.359Z - info: [4:09:05 PM] Reload for file change: C:\repos\nus-cs2103-AY2021S1\cs2103-website\admin\policies.mbdf
2020-11-04T08:09:06.368Z - info: Rebuilding 1 pages
2020-11-04T08:09:08.511Z - info: Pages rebuilt
2020-11-04T08:09:08.511Z - info: Website regeneration complete! Total build time: 2.147s
2020-11-04T08:09:08.524Z - info: Site data built
2020-11-04T08:09:35.484Z - info: [4:09:35 PM] Reload for file change: C:\repos\nus-cs2103-AY2021S1\cs2103-website\admin\tp-tasks.mbdf
2020-11-04T08:09:36.491Z - info: Rebuilding 1 pages
2020-11-04T08:09:39.184Z - info: Pages rebuilt
2020-11-04T08:09:39.184Z - info: Website regeneration complete! Total build time: 2.697s
2020-11-04T08:09:39.195Z - info: Site data built
2020-11-04T08:10:27.609Z - info: [4:10:27 PM] Reload for file change: C:\repos\nus-cs2103-AY2021S1\cs2103-website\admin\tp-tasks.mbdf
2020-11-04T08:10:28.616Z - info: Rebuilding 1 pages
2020-11-04T08:10:31.297Z - info: Pages rebuilt
2020-11-04T08:10:31.297Z - info: Website regeneration complete! Total build time: 2.685s
2020-11-04T08:10:31.313Z - info: Site data built
2020-11-04T08:10:54.924Z - info: [4:10:54 PM] Reload for file change: C:\repos\nus-cs2103-AY2021S1\cs2103-website\admin\tp-tasks.mbdf
2020-11-04T08:10:55.932Z - info: Rebuilding 1 pages
2020-11-04T08:10:58.425Z - info: Pages rebuilt
2020-11-04T08:10:58.426Z - info: Website regeneration complete! Total build time: 2.496s
2020-11-04T08:10:58.434Z - info: Site data built
2020-11-04T08:12:32.276Z - info: Website generation started at 4:12:29 PM
2020-11-04T08:12:41.076Z - info: Building assets...
