2020-07-19T05:15:41.731Z - info: Website generation (lazy) started at 1:15:36 PM
2020-07-19T05:15:53.879Z - info: Building assets...
2020-07-19T05:16:00.443Z - info: Assets built
2020-07-19T05:16:00.444Z - info: Generating landing page...
2020-07-19T05:16:01.853Z - info: Landing page built, other pages will be built as you navigate to them!
2020-07-19T05:16:01.942Z - info: Website generation (lazy) complete! Total build time: 25.606s
2020-07-19T05:16:03.069Z - info: Serving "C:\repos\nus-cs2103-AY2021S1\cs2103-website\_site" at http://127.0.0.1:8080
2020-07-19T05:16:03.070Z - info: Press CTRL+C to stop ...
2020-07-19T05:16:03.137Z - info: Site data built
2020-07-19T05:16:17.477Z - info: Building C:\repos\nus-cs2103-AY2021S1\cs2103-website\schedule\week12\index as some of its dependencies were changed since the last visit
2020-07-19T05:16:18.401Z - info: Site data built
2020-07-19T05:16:18.402Z - info: Lazy website regeneration complete! Total build time: 0.927s
2020-07-19T05:16:24.468Z - info: Building C:\repos\nus-cs2103-AY2021S1\cs2103-website\schedule\week12\admin as some of its dependencies were changed since the last visit
2020-07-19T05:16:24.734Z - info: Site data built
2020-07-19T05:16:24.734Z - info: Lazy website regeneration complete! Total build time: 0.267s
2020-07-19T05:16:28.896Z - info: Building C:\repos\nus-cs2103-AY2021S1\cs2103-website\schedule\week12\topics as some of its dependencies were changed since the last visit
2020-07-19T05:16:30.117Z - info: Site data built
2020-07-19T05:16:30.118Z - info: Lazy website regeneration complete! Total build time: 1.223s
2020-07-19T05:22:37.448Z - info: [1:22:37 PM] Reload for file change: C:\repos\nus-cs2103-AY2021S1\cs2103-website\schedule\week12\commentary-cs2113.mbdf
2020-07-19T05:22:37.449Z - info: [1:22:37 PM] Reload for file change: C:\repos\nus-cs2103-AY2021S1\cs2103-website\admin\common-commentary.mbdf
2020-07-19T05:22:37.764Z - info: [1:22:37 PM] Reload for file change: C:\repos\nus-cs2103-AY2021S1\cs2103-website\schedule\week12\commentary-cs2113.mbdf
2020-07-19T05:22:38.844Z - info: Rebuilding 1 pages
2020-07-19T05:22:43.111Z - info: Pages rebuilt
2020-07-19T05:22:43.111Z - info: Website regeneration complete! Total build time: 4.269s
2020-07-19T05:22:43.263Z - info: Site data built
2020-07-19T05:24:11.758Z - info: [1:24:11 PM] Reload for file change: C:\repos\nus-cs2103-AY2021S1\cs2103-website\admin\common-commentary.mbdf
2020-07-19T05:24:12.764Z - info: Rebuilding 1 pages
2020-07-19T05:24:14.481Z - info: Pages rebuilt
2020-07-19T05:24:14.481Z - info: Website regeneration complete! Total build time: 1.719s
2020-07-19T05:24:14.488Z - info: Site data built
2020-07-19T05:24:26.849Z - info: Building C:\repos\nus-cs2103-AY2021S1\cs2103-website\schedule\week12\project as some of its dependencies were changed since the last visit
2020-07-19T05:24:29.100Z - info: Site data built
2020-07-19T05:24:29.101Z - info: Lazy website regeneration complete! Total build time: 2.252s
2020-07-19T05:25:32.465Z - info: Building C:\repos\nus-cs2103-AY2021S1\cs2103-website\schedule\week12\tutorial as some of its dependencies were changed since the last visit
2020-07-19T05:25:32.824Z - info: Site data built
2020-07-19T05:25:32.826Z - info: Lazy website regeneration complete! Total build time: 0.362s
2020-07-19T05:28:47.410Z - info: [1:28:47 PM] Reload for file change: C:\repos\nus-cs2103-AY2021S1\cs2103-website\admin\common-tutorial.mbdf
2020-07-19T05:28:47.445Z - info: [1:28:47 PM] Reload for file change: C:\repos\nus-cs2103-AY2021S1\cs2103-website\schedule\week12\tutorial-cs2113.mbdf
2020-07-19T05:28:48.444Z - info: Rebuilding 1 pages
2020-07-19T05:28:48.557Z - error:  Error: No such file: C:\repos\nus-cs2103-AY2021S1\cs2103-website\admin\common-tutorials.mbdf
Missing reference in C:\repos\nus-cs2103-AY2021S1\cs2103-website\schedule\week12\tutorial-cs2113.mbdf
    at _getFileExistsNode (C:\repos\markbind\markbind\packages\core\src\preprocessors\componentPreprocessor.js:60:19)
    at _preprocessInclude (C:\repos\markbind\markbind\packages\core\src\preprocessors\componentPreprocessor.js:217:26)
    at preProcessComponent (C:\repos\markbind\markbind\packages\core\src\preprocessors\componentPreprocessor.js:349:12)
    at C:\repos\markbind\markbind\packages\core\src\preprocessors\componentPreprocessor.js:356:52
    at Array.map (<anonymous>)
    at preProcessComponent (C:\repos\markbind\markbind\packages\core\src\preprocessors\componentPreprocessor.js:356:43)
    at C:\repos\markbind\markbind\packages\core\src\preprocessors\componentPreprocessor.js:298:50
    at Array.map (<anonymous>)
    at _preprocessInclude (C:\repos\markbind\markbind\packages\core\src\preprocessors\componentPreprocessor.js:298:41)
    at preProcessComponent (C:\repos\markbind\markbind\packages\core\src\preprocessors\componentPreprocessor.js:349:12)
    at C:\repos\markbind\markbind\packages\core\src\preprocessors\componentPreprocessor.js:356:52
    at Array.map (<anonymous>)
    at Object.preProcessComponent (C:\repos\markbind\markbind\packages\core\src\preprocessors\componentPreprocessor.js:356:43)
    at C:\repos\markbind\markbind\packages\core\src\Parser.js:187:47
    at Array.map (<anonymous>)
    at DomHandler._callback (C:\repos\markbind\markbind\packages\core\src\Parser.js:184:27)
2020-07-19T05:28:48.763Z - info: Pages rebuilt
2020-07-19T05:28:48.763Z - info: Website regeneration complete! Total build time: 0.326s
2020-07-19T05:28:48.766Z - info: Site data built
2020-07-19T05:28:55.063Z - info: [1:28:55 PM] Reload for file change: C:\repos\nus-cs2103-AY2021S1\cs2103-website\schedule\week12\tutorial-cs2113.mbdf
2020-07-19T05:28:56.069Z - info: Rebuilding 1 pages
2020-07-19T05:28:56.456Z - info: Pages rebuilt
2020-07-19T05:28:56.456Z - info: Website regeneration complete! Total build time: 0.39s
2020-07-19T05:28:56.460Z - info: Site data built
2020-07-19T05:30:12.578Z - info: [1:30:12 PM] Reload for file change: C:\repos\nus-cs2103-AY2021S1\cs2103-website\schedule\week12\tutorial-cs2113.mbdf
2020-07-19T05:30:13.582Z - info: Rebuilding 1 pages
2020-07-19T05:30:13.873Z - info: Pages rebuilt
2020-07-19T05:30:13.873Z - info: Website regeneration complete! Total build time: 0.294s
2020-07-19T05:30:13.876Z - info: Site data built
2020-07-19T05:54:23.960Z - info: [1:54:23 PM] Reload for file add: C:\repos\nus-cs2103-AY2021S1\cs2103-website\admin\common-tutorials.mbdf
2020-07-19T05:54:24.012Z - info: [1:54:24 PM] Reload for file deletion: C:\repos\nus-cs2103-AY2021S1\cs2103-website\admin\common-tutorial.mbdf
2020-07-19T05:54:25.011Z - info: File added or removed, updating list of site's pages...
2020-07-19T05:54:30.080Z - info: Assets removed
2020-07-19T05:54:31.295Z - info: Building C:\repos\nus-cs2103-AY2021S1\cs2103-website\schedule\week12\topics as some of its dependencies were changed since the last visit
2020-07-19T05:54:33.559Z - info: Site data built
2020-07-19T05:54:33.559Z - info: Lazy website regeneration complete! Total build time: 2.265s
2020-07-19T05:55:02.291Z - info: [1:55:02 PM] Reload for file change: C:\repos\nus-cs2103-AY2021S1\cs2103-website\schedule\week3\tutorial-cs2103.mbdf
2020-07-19T05:55:02.294Z - info: [1:55:02 PM] Reload for file change: C:\repos\nus-cs2103-AY2021S1\cs2103-website\schedule\week8\tutorial-cs2113.mbdf
2020-07-19T05:55:02.326Z - info: [1:55:02 PM] Reload for file change: C:\repos\nus-cs2103-AY2021S1\cs2103-website\admin\ip-tasks.mbdf
2020-07-19T05:55:02.339Z - info: [1:55:02 PM] Reload for file change: C:\repos\nus-cs2103-AY2021S1\cs2103-website\schedule\week8\tutorial-cs2103.mbdf
2020-07-19T05:55:02.357Z - info: [1:55:02 PM] Reload for file change: C:\repos\nus-cs2103-AY2021S1\cs2103-website\schedule\week12\tutorial-cs2113.mbdf
2020-07-19T05:55:02.358Z - info: [1:55:02 PM] Reload for file change: C:\repos\nus-cs2103-AY2021S1\cs2103-website\schedule\week9\tutorial-cs2113.mbdf
2020-07-19T05:55:02.358Z - info: [1:55:02 PM] Reload for file change: C:\repos\nus-cs2103-AY2021S1\cs2103-website\schedule\week11\tutorial-cs2113.mbdf
2020-07-19T05:55:02.361Z - info: [1:55:02 PM] Reload for file change: C:\repos\nus-cs2103-AY2021S1\cs2103-website\schedule\week4\tutorial-cs2113.mbdf
2020-07-19T05:55:02.365Z - info: [1:55:02 PM] Reload for file change: C:\repos\nus-cs2103-AY2021S1\cs2103-website\schedule\week10\tutorial-cs2113.mbdf
2020-07-19T05:55:02.366Z - info: [1:55:02 PM] Reload for file change: C:\repos\nus-cs2103-AY2021S1\cs2103-website\admin\common-tutorials.mbdf
2020-07-19T05:55:02.411Z - info: [1:55:02 PM] Reload for file change: C:\repos\nus-cs2103-AY2021S1\cs2103-website\schedule\week7\tutorial-cs2113.mbdf
2020-07-19T05:55:02.411Z - info: [1:55:02 PM] Reload for file change: C:\repos\nus-cs2103-AY2021S1\cs2103-website\schedule\week6\tutorial-cs2113.mbdf
2020-07-19T05:55:02.423Z - info: [1:55:02 PM] Reload for file change: C:\repos\nus-cs2103-AY2021S1\cs2103-website\schedule\week10\tutorial-cs2113.mbdf
2020-07-19T05:55:02.459Z - info: [1:55:02 PM] Reload for file change: C:\repos\nus-cs2103-AY2021S1\cs2103-website\schedule\week4\tutorial-cs2103.mbdf
2020-07-19T05:55:03.301Z - info: No pages needed to be rebuilt
2020-07-19T05:55:11.000Z - info: Building C:\repos\nus-cs2103-AY2021S1\cs2103-website\schedule\week12\tutorial as some of its dependencies were changed since the last visit
2020-07-19T05:55:11.689Z - info: Site data built
2020-07-19T05:55:11.690Z - info: Lazy website regeneration complete! Total build time: 0.691s
2020-07-19T05:55:51.733Z - info: Building C:\repos\nus-cs2103-AY2021S1\cs2103-website\schedule\week13\index as some of its dependencies were changed since the last visit
2020-07-19T05:55:52.408Z - info: Site data built
2020-07-19T05:55:52.409Z - info: Lazy website regeneration complete! Total build time: 0.676s
2020-07-19T05:56:14.556Z - info: Building C:\repos\nus-cs2103-AY2021S1\cs2103-website\schedule\week13\admin as some of its dependencies were changed since the last visit
2020-07-19T05:56:15.209Z - info: Site data built
2020-07-19T05:56:15.209Z - info: Lazy website regeneration complete! Total build time: 0.653s
2020-07-19T05:56:31.713Z - info: Building C:\repos\nus-cs2103-AY2021S1\cs2103-website\schedule\week13\topics as some of its dependencies were changed since the last visit
2020-07-19T05:56:32.003Z - info: Site data built
2020-07-19T05:56:32.003Z - info: Lazy website regeneration complete! Total build time: 0.291s
2020-07-19T05:57:13.122Z - info: [1:57:13 PM] Reload for file change: C:\repos\nus-cs2103-AY2021S1\cs2103-website\schedule\week13\topics.md
2020-07-19T05:57:14.129Z - info: Rebuilding 1 pages
2020-07-19T05:57:14.404Z - info: Pages rebuilt
2020-07-19T05:57:14.405Z - info: Website regeneration complete! Total build time: 0.279s
2020-07-19T05:57:14.411Z - info: Site data built
2020-07-19T05:57:22.393Z - info: Building C:\repos\nus-cs2103-AY2021S1\cs2103-website\schedule\week13\project as some of its dependencies were changed since the last visit
2020-07-19T05:57:24.575Z - info: Site data built
2020-07-19T05:57:24.575Z - info: Lazy website regeneration complete! Total build time: 2.182s
2020-07-19T07:34:13.557Z - info: Building C:\repos\nus-cs2103-AY2021S1\cs2103-website\schedule\week13\tutorial as some of its dependencies were changed since the last visit
2020-07-19T07:34:13.986Z - info: Site data built
2020-07-19T07:34:13.987Z - info: Lazy website regeneration complete! Total build time: 0.436s
2020-07-19T07:36:00.043Z - info: [3:36:00 PM] Reload for file change: C:\repos\nus-cs2103-AY2021S1\cs2103-website\schedule\week13\tutorial-cs2113.mbdf
2020-07-19T07:36:01.053Z - info: Rebuilding 1 pages
2020-07-19T07:36:01.220Z - info: Pages rebuilt
2020-07-19T07:36:01.220Z - info: Website regeneration complete! Total build time: 0.175s
2020-07-19T07:36:01.237Z - info: Site data built
2020-07-19T07:37:35.540Z - info: [3:37:35 PM] Reload for file change: C:\repos\nus-cs2103-AY2021S1\cs2103-website\schedule\week13\tutorial-cs2113.mbdf
2020-07-19T07:37:35.578Z - info: [3:37:35 PM] Reload for file change: C:\repos\nus-cs2103-AY2021S1\cs2103-website\admin\common-tutorials.mbdf
2020-07-19T07:37:36.565Z - info: Rebuilding 1 pages
2020-07-19T07:37:36.822Z - info: Pages rebuilt
2020-07-19T07:37:36.822Z - info: Website regeneration complete! Total build time: 0.263s
2020-07-19T07:37:36.828Z - info: Site data built
2020-07-19T07:38:04.233Z - info: [3:38:04 PM] Reload for file change: C:\repos\nus-cs2103-AY2021S1\cs2103-website\schedule\week13\tutorial-cs2103.mbdf
2020-07-19T07:38:05.239Z - info: No pages needed to be rebuilt
2020-07-19T07:40:31.570Z - info: [3:40:31 PM] Reload for file change: C:\repos\nus-cs2103-AY2021S1\cs2103-website\schedule\week13\tutorial-cs2103.mbdf
2020-07-19T07:40:31.582Z - info: [3:40:31 PM] Reload for file change: C:\repos\nus-cs2103-AY2021S1\cs2103-website\admin\common-tutorials.mbdf
2020-07-19T07:40:32.575Z - info: Rebuilding 1 pages
2020-07-19T07:40:32.798Z - info: Pages rebuilt
2020-07-19T07:40:32.798Z - info: Website regeneration complete! Total build time: 0.225s
2020-07-19T07:40:32.801Z - info: Site data built
2020-07-19T08:41:53.366Z - info: Website generation (lazy) started at 4:41:44 PM
2020-07-19T08:42:06.764Z - info: Building assets...
2020-07-19T08:42:12.726Z - info: Assets built
2020-07-19T08:42:12.728Z - info: Generating landing page...
2020-07-19T08:42:13.664Z - info: Landing page built, other pages will be built as you navigate to them!
2020-07-19T08:42:13.779Z - info: Website generation (lazy) complete! Total build time: 29.601s
2020-07-19T08:42:16.538Z - info: Serving "C:\repos\nus-cs2103-AY2021S1\cs2103-website\_site" at http://127.0.0.1:8080
2020-07-19T08:42:16.540Z - info: Press CTRL+C to stop ...
2020-07-19T08:42:16.667Z - info: Site data built
2020-07-19T08:42:32.882Z - info: Building C:\repos\nus-cs2103-AY2021S1\cs2103-website\schedule\week12\index as some of its dependencies were changed since the last visit
2020-07-19T08:42:33.731Z - info: Site data built
2020-07-19T08:42:33.731Z - info: Lazy website regeneration complete! Total build time: 0.85s
2020-07-19T08:42:36.758Z - info: Building C:\repos\nus-cs2103-AY2021S1\cs2103-website\schedule\week12\topics as some of its dependencies were changed since the last visit
2020-07-19T08:42:38.140Z - info: Site data built
2020-07-19T08:42:38.140Z - info: Lazy website regeneration complete! Total build time: 1.383s
2020-07-19T08:43:51.679Z - info: [4:43:51 PM] Reload for file change: C:\repos\nus-cs2103-AY2021S1\cs2103-website\admin\common-commentary.mbdf
2020-07-19T08:43:52.685Z - info: Rebuilding 1 pages
2020-07-19T08:43:54.714Z - info: Pages rebuilt
2020-07-19T08:43:54.715Z - info: Website regeneration complete! Total build time: 2.035s
2020-07-19T08:43:54.730Z - info: Site data built
2020-07-19T08:45:50.913Z - info: [4:45:50 PM] Reload for file change: C:\repos\nus-cs2103-AY2021S1\cs2103-website\admin\common-commentary.mbdf
2020-07-19T08:45:51.917Z - info: Rebuilding 1 pages
2020-07-19T08:45:53.551Z - info: Pages rebuilt
2020-07-19T08:45:53.551Z - info: Website regeneration complete! Total build time: 1.635s
2020-07-19T08:45:53.563Z - info: Site data built
2020-07-19T08:47:26.353Z - info: [4:47:26 PM] Reload for file change: C:\repos\nus-cs2103-AY2021S1\cs2103-website\admin\common-commentary.mbdf
2020-07-19T08:47:27.359Z - info: Rebuilding 1 pages
2020-07-19T08:47:29.207Z - info: Pages rebuilt
2020-07-19T08:47:29.207Z - info: Website regeneration complete! Total build time: 1.851s
2020-07-19T08:47:29.227Z - info: Site data built
2020-07-19T08:49:35.970Z - info: [4:49:35 PM] Reload for file change: C:\repos\nus-cs2103-AY2021S1\cs2103-website\common\topics.njk
2020-07-19T08:49:36.990Z - info: Assets built
2020-07-19T08:49:48.687Z - info: Website generation (lazy) started at 4:49:45 PM
2020-07-19T08:49:56.908Z - info: Building assets...
2020-07-19T08:50:02.919Z - info: Assets built
2020-07-19T08:50:02.920Z - info: Generating landing page...
2020-07-19T08:50:03.834Z - info: Landing page built, other pages will be built as you navigate to them!
2020-07-19T08:50:03.943Z - info: Website generation (lazy) complete! Total build time: 18.252s
2020-07-19T08:50:04.835Z - info: Serving "C:\repos\nus-cs2103-AY2021S1\cs2103-website\_site" at http://127.0.0.1:8080
2020-07-19T08:50:04.836Z - info: Press CTRL+C to stop ...
2020-07-19T08:50:04.896Z - info: Site data built
2020-07-19T08:50:16.428Z - info: Building C:\repos\nus-cs2103-AY2021S1\cs2103-website\schedule\week12\topics as some of its dependencies were changed since the last visit
2020-07-19T08:50:17.913Z - info: Site data built
2020-07-19T08:50:17.913Z - info: Lazy website regeneration complete! Total build time: 1.485s
2020-07-19T08:56:05.533Z - info: [4:56:05 PM] Reload for file change: C:\repos\nus-cs2103-AY2021S1\cs2103-website\admin\common-commentary.mbdf
2020-07-19T08:56:06.537Z - info: No pages needed to be rebuilt
2020-07-19T08:56:16.190Z - info: Building C:\repos\nus-cs2103-AY2021S1\cs2103-website\schedule\week12\topics as some of its dependencies were changed since the last visit
2020-07-19T08:56:17.959Z - info: Site data built
2020-07-19T08:56:17.960Z - info: Lazy website regeneration complete! Total build time: 1.771s
2020-07-19T08:56:46.103Z - info: [4:56:46 PM] Reload for file change: C:\repos\nus-cs2103-AY2021S1\cs2103-website\admin\common-commentary.mbdf
2020-07-19T08:56:47.108Z - info: Rebuilding 1 pages
2020-07-19T08:56:48.929Z - info: Pages rebuilt
2020-07-19T08:56:48.930Z - info: Website regeneration complete! Total build time: 1.823s
2020-07-19T08:56:48.942Z - info: Site data built
2020-07-19T08:57:17.331Z - info: [4:57:17 PM] Reload for file change: C:\repos\nus-cs2103-AY2021S1\cs2103-website\admin\common-commentary.mbdf
2020-07-19T08:57:18.354Z - info: Rebuilding 1 pages
2020-07-19T08:57:20.093Z - info: Pages rebuilt
2020-07-19T08:57:20.093Z - info: Website regeneration complete! Total build time: 1.74s
2020-07-19T08:57:20.105Z - info: Site data built
2020-07-19T08:57:29.153Z - info: [4:57:29 PM] Reload for file change: C:\repos\nus-cs2103-AY2021S1\cs2103-website\admin\common-commentary.mbdf
2020-07-19T08:57:30.179Z - info: Rebuilding 1 pages
2020-07-19T08:57:31.473Z - info: Pages rebuilt
2020-07-19T08:57:31.473Z - info: Website regeneration complete! Total build time: 1.296s
2020-07-19T08:57:31.479Z - info: Site data built
2020-07-19T08:57:59.873Z - info: [4:57:59 PM] Reload for file change: C:\repos\nus-cs2103-AY2021S1\cs2103-website\admin\common-commentary.mbdf
2020-07-19T08:58:00.888Z - info: Rebuilding 1 pages
2020-07-19T08:58:02.543Z - info: Pages rebuilt
2020-07-19T08:58:02.543Z - info: Website regeneration complete! Total build time: 1.657s
2020-07-19T08:58:02.554Z - info: Site data built
2020-07-19T08:58:43.948Z - info: [4:58:43 PM] Reload for file change: C:\repos\nus-cs2103-AY2021S1\cs2103-website\admin\common-commentary.mbdf
2020-07-19T08:58:44.959Z - info: Rebuilding 1 pages
2020-07-19T08:58:46.896Z - info: Pages rebuilt
2020-07-19T08:58:46.896Z - info: Website regeneration complete! Total build time: 1.942s
2020-07-19T08:58:46.906Z - info: Site data built
2020-07-19T08:59:25.939Z - info: [4:59:25 PM] Reload for file change: C:\repos\nus-cs2103-AY2021S1\cs2103-website\admin\common-commentary.mbdf
2020-07-19T08:59:26.942Z - info: Rebuilding 1 pages
2020-07-19T08:59:29.009Z - info: Pages rebuilt
2020-07-19T08:59:29.009Z - info: Website regeneration complete! Total build time: 2.069s
2020-07-19T08:59:29.018Z - info: Site data built
2020-07-19T08:59:51.673Z - info: [4:59:51 PM] Reload for file change: C:\repos\nus-cs2103-AY2021S1\cs2103-website\admin\common-commentary.mbdf
2020-07-19T08:59:52.676Z - info: Rebuilding 1 pages
2020-07-19T08:59:53.928Z - info: Pages rebuilt
2020-07-19T08:59:53.928Z - info: Website regeneration complete! Total build time: 1.253s
2020-07-19T08:59:53.933Z - info: Site data built
2020-07-19T09:00:37.611Z - info: [5:00:37 PM] Reload for file change: C:\repos\nus-cs2103-AY2021S1\cs2103-website\admin\common-commentary.mbdf
2020-07-19T09:00:38.622Z - info: Rebuilding 1 pages
2020-07-19T09:00:40.486Z - info: Pages rebuilt
2020-07-19T09:00:40.486Z - info: Website regeneration complete! Total build time: 1.868s
2020-07-19T09:00:40.493Z - info: Site data built
2020-07-19T09:01:33.857Z - info: [5:01:33 PM] Reload for file change: C:\repos\nus-cs2103-AY2021S1\cs2103-website\admin\common-commentary.mbdf
2020-07-19T09:01:34.863Z - info: Rebuilding 1 pages
2020-07-19T09:01:36.844Z - info: Pages rebuilt
2020-07-19T09:01:36.844Z - info: Website regeneration complete! Total build time: 1.983s
2020-07-19T09:01:36.857Z - info: Site data built
2020-07-19T09:01:54.918Z - info: [5:01:54 PM] Reload for file change: C:\repos\nus-cs2103-AY2021S1\cs2103-website\admin\common-commentary.mbdf
2020-07-19T09:01:55.923Z - info: Rebuilding 1 pages
2020-07-19T09:01:57.049Z - info: Pages rebuilt
2020-07-19T09:01:57.049Z - info: Website regeneration complete! Total build time: 1.128s
2020-07-19T09:01:57.053Z - info: Site data built
2020-07-19T09:04:37.766Z - info: [5:04:37 PM] Reload for file change: C:\repos\nus-cs2103-AY2021S1\cs2103-website\admin\common-commentary.mbdf
2020-07-19T09:04:38.791Z - info: Rebuilding 1 pages
2020-07-19T09:04:40.520Z - info: Pages rebuilt
2020-07-19T09:04:40.520Z - info: Website regeneration complete! Total build time: 1.731s
2020-07-19T09:04:40.529Z - info: Site data built
2020-07-19T09:08:42.025Z - info: [5:08:42 PM] Reload for file change: C:\repos\nus-cs2103-AY2021S1\cs2103-website\admin\common-commentary.mbdf
2020-07-19T09:08:43.032Z - info: Rebuilding 1 pages
2020-07-19T09:08:44.702Z - info: Pages rebuilt
2020-07-19T09:08:44.702Z - info: Website regeneration complete! Total build time: 1.674s
2020-07-19T09:08:44.707Z - info: Site data built
2020-07-19T09:09:28.333Z - info: [5:09:28 PM] Reload for file change: C:\repos\nus-cs2103-AY2021S1\cs2103-website\admin\common-commentary.mbdf
2020-07-19T09:09:29.343Z - info: Rebuilding 1 pages
2020-07-19T09:09:31.040Z - info: Pages rebuilt
2020-07-19T09:09:31.040Z - info: Website regeneration complete! Total build time: 1.699s
2020-07-19T09:09:31.052Z - info: Site data built
2020-07-19T09:10:28.223Z - info: [5:10:28 PM] Reload for file change: C:\repos\nus-cs2103-AY2021S1\cs2103-website\admin\common-commentary.mbdf
2020-07-19T09:10:29.231Z - info: Rebuilding 1 pages
2020-07-19T09:10:31.119Z - info: Pages rebuilt
2020-07-19T09:10:31.119Z - info: Website regeneration complete! Total build time: 1.89s
2020-07-19T09:10:31.126Z - info: Site data built
2020-07-19T09:10:48.449Z - info: [5:10:48 PM] Reload for file change: C:\repos\nus-cs2103-AY2021S1\cs2103-website\admin\common-commentary.mbdf
2020-07-19T09:10:49.457Z - info: Rebuilding 1 pages
2020-07-19T09:10:51.287Z - info: Pages rebuilt
2020-07-19T09:10:51.287Z - info: Website regeneration complete! Total build time: 1.836s
2020-07-19T09:10:51.292Z - info: Site data built
2020-07-19T09:11:14.769Z - info: [5:11:14 PM] Reload for file change: C:\repos\nus-cs2103-AY2021S1\cs2103-website\admin\common-commentary.mbdf
2020-07-19T09:11:15.775Z - info: Rebuilding 1 pages
2020-07-19T09:11:17.033Z - info: Pages rebuilt
2020-07-19T09:11:17.033Z - info: Website regeneration complete! Total build time: 1.262s
2020-07-19T09:11:17.037Z - info: Site data built
2020-07-19T09:11:28.123Z - info: [5:11:28 PM] Reload for file change: C:\repos\nus-cs2103-AY2021S1\cs2103-website\admin\common-commentary.mbdf
2020-07-19T09:11:29.130Z - info: Rebuilding 1 pages
2020-07-19T09:11:30.699Z - info: Pages rebuilt
2020-07-19T09:11:30.700Z - info: Website regeneration complete! Total build time: 1.572s
2020-07-19T09:11:30.704Z - info: Site data built
2020-07-19T09:11:45.973Z - info: [5:11:45 PM] Reload for file change: C:\repos\nus-cs2103-AY2021S1\cs2103-website\admin\common-commentary.mbdf
2020-07-19T09:11:46.981Z - info: Rebuilding 1 pages
2020-07-19T09:11:48.610Z - info: Pages rebuilt
2020-07-19T09:11:48.611Z - info: Website regeneration complete! Total build time: 1.632s
2020-07-19T09:11:48.615Z - info: Site data built
2020-07-19T09:12:00.921Z - info: [5:12:00 PM] Reload for file change: C:\repos\nus-cs2103-AY2021S1\cs2103-website\admin\common-commentary.mbdf
2020-07-19T09:12:01.926Z - info: Rebuilding 1 pages
2020-07-19T09:12:03.718Z - info: Pages rebuilt
2020-07-19T09:12:03.719Z - info: Website regeneration complete! Total build time: 1.796s
2020-07-19T09:12:03.725Z - info: Site data built
2020-07-19T09:12:10.752Z - info: [5:12:10 PM] Reload for file change: C:\repos\nus-cs2103-AY2021S1\cs2103-website\admin\common-commentary.mbdf
2020-07-19T09:12:11.759Z - info: Rebuilding 1 pages
2020-07-19T09:12:12.986Z - info: Pages rebuilt
2020-07-19T09:12:12.986Z - info: Website regeneration complete! Total build time: 1.231s
2020-07-19T09:12:12.991Z - info: Site data built
2020-07-19T09:12:40.296Z - info: [5:12:40 PM] Reload for file change: C:\repos\nus-cs2103-AY2021S1\cs2103-website\admin\common-commentary.mbdf
2020-07-19T09:12:41.311Z - info: Rebuilding 1 pages
2020-07-19T09:12:43.421Z - info: Pages rebuilt
2020-07-19T09:12:43.421Z - info: Website regeneration complete! Total build time: 2.115s
2020-07-19T09:12:43.425Z - info: Site data built
2020-07-19T09:13:33.435Z - info: [5:13:33 PM] Reload for file change: C:\repos\nus-cs2103-AY2021S1\cs2103-website\admin\common-commentary.mbdf
2020-07-19T09:13:34.440Z - info: Rebuilding 1 pages
2020-07-19T09:13:36.324Z - info: Pages rebuilt
2020-07-19T09:13:36.324Z - info: Website regeneration complete! Total build time: 1.886s
2020-07-19T09:13:36.342Z - info: Site data built
2020-07-19T09:13:45.838Z - info: [5:13:45 PM] Reload for file change: C:\repos\nus-cs2103-AY2021S1\cs2103-website\admin\common-commentary.mbdf
2020-07-19T09:13:46.850Z - info: Rebuilding 1 pages
2020-07-19T09:13:48.381Z - info: Pages rebuilt
2020-07-19T09:13:48.381Z - info: Website regeneration complete! Total build time: 1.533s
2020-07-19T09:13:48.385Z - info: Site data built
2020-07-19T09:13:56.533Z - info: [5:13:56 PM] Reload for file change: C:\repos\nus-cs2103-AY2021S1\cs2103-website\admin\common-commentary.mbdf
2020-07-19T09:13:57.549Z - info: Rebuilding 1 pages
2020-07-19T09:13:59.475Z - info: Pages rebuilt
2020-07-19T09:13:59.475Z - info: Website regeneration complete! Total build time: 1.931s
2020-07-19T09:13:59.493Z - info: Site data built
2020-07-19T09:14:05.771Z - info: [5:14:05 PM] Reload for file change: C:\repos\nus-cs2103-AY2021S1\cs2103-website\admin\common-commentary.mbdf
2020-07-19T09:14:06.799Z - info: Rebuilding 1 pages
2020-07-19T09:14:08.558Z - info: Pages rebuilt
2020-07-19T09:14:08.558Z - info: Website regeneration complete! Total build time: 1.778s
2020-07-19T09:14:08.576Z - info: Site data built
2020-07-19T09:16:49.460Z - info: [5:16:49 PM] Reload for file change: C:\repos\nus-cs2103-AY2021S1\cs2103-website\common\topics.njk
2020-07-19T09:16:50.481Z - info: Assets built
2020-07-19T09:17:02.222Z - info: Website generation (lazy) started at 5:16:58 PM
2020-07-19T09:17:15.616Z - info: Building assets...
2020-07-19T09:17:25.239Z - info: Assets built
2020-07-19T09:17:25.241Z - info: Generating landing page...
2020-07-19T09:17:26.158Z - info: Landing page built, other pages will be built as you navigate to them!
2020-07-19T09:17:26.266Z - info: Website generation (lazy) complete! Total build time: 27.57s
2020-07-19T09:17:27.693Z - info: Serving "C:\repos\nus-cs2103-AY2021S1\cs2103-website\_site" at http://127.0.0.1:8080
2020-07-19T09:17:27.694Z - info: Press CTRL+C to stop ...
2020-07-19T09:17:27.757Z - info: Site data built
2020-07-19T09:18:18.497Z - info: Building C:\repos\nus-cs2103-AY2021S1\cs2103-website\schedule\week12\topics as some of its dependencies were changed since the last visit
2020-07-19T09:18:20.585Z - info: Site data built
2020-07-19T09:18:20.586Z - info: Lazy website regeneration complete! Total build time: 2.098s
2020-07-19T09:27:37.725Z - info: [5:27:37 PM] Reload for file change: C:\repos\nus-cs2103-AY2021S1\cs2103-website\_module-CS2113\weeklyTextbookTopics.mbdf
2020-07-19T09:27:38.738Z - info: No pages needed to be rebuilt
2020-07-19T14:27:43.478Z - info: Website generation (lazy) started at 10:27:40 PM
2020-07-19T14:27:53.320Z - info: Building assets...
2020-07-19T14:27:59.170Z - info: Assets built
2020-07-19T14:27:59.171Z - info: Generating landing page...
2020-07-19T14:28:00.219Z - info: Landing page built, other pages will be built as you navigate to them!
2020-07-19T14:28:00.312Z - info: Website generation (lazy) complete! Total build time: 19.638s
2020-07-19T14:28:01.174Z - info: Serving "C:\repos\nus-cs2103-AY2021S1\cs2103-website\_site" at http://127.0.0.1:8080
2020-07-19T14:28:01.174Z - info: Press CTRL+C to stop ...
2020-07-19T14:28:01.239Z - info: Site data built
2020-07-19T14:29:01.165Z - info: Building C:\repos\nus-cs2103-AY2021S1\cs2103-website\schedule\week12\index as some of its dependencies were changed since the last visit
2020-07-19T14:29:02.568Z - info: Site data built
2020-07-19T14:29:02.569Z - info: Lazy website regeneration complete! Total build time: 1.416s
2020-07-19T14:29:06.153Z - info: Building C:\repos\nus-cs2103-AY2021S1\cs2103-website\schedule\week12\topics as some of its dependencies were changed since the last visit
2020-07-19T14:29:07.801Z - info: Site data built
2020-07-19T14:29:07.801Z - info: Lazy website regeneration complete! Total build time: 1.649s
2020-07-19T14:33:25.603Z - info: [10:33:25 PM] Reload for file change: C:\repos\nus-cs2103-AY2021S1\cs2103-website\common\topics.njk
2020-07-19T14:33:26.633Z - info: Assets built
2020-07-19T14:33:34.694Z - info: Website generation (lazy) started at 10:33:31 PM
2020-07-19T14:33:42.566Z - info: Building assets...
2020-07-19T14:33:48.019Z - info: Assets built
2020-07-19T14:33:48.020Z - info: Generating landing page...
2020-07-19T14:33:48.895Z - info: Landing page built, other pages will be built as you navigate to them!
2020-07-19T14:33:48.989Z - info: Website generation (lazy) complete! Total build time: 17.066s
2020-07-19T14:33:49.771Z - info: Serving "C:\repos\nus-cs2103-AY2021S1\cs2103-website\_site" at http://127.0.0.1:8080
2020-07-19T14:33:49.771Z - info: Press CTRL+C to stop ...
2020-07-19T14:33:49.832Z - info: Site data built
2020-07-19T14:33:57.215Z - info: Building C:\repos\nus-cs2103-AY2021S1\cs2103-website\schedule\week12\topics as some of its dependencies were changed since the last visit
2020-07-19T14:34:00.151Z - info: Site data built
2020-07-19T14:34:00.456Z - info: Lazy website regeneration complete! Total build time: 3.241s
2020-07-19T14:39:57.511Z - info: [10:39:57 PM] Reload for file change: C:\repos\nus-cs2103-AY2021S1\cs2103-website\common\topics.njk
2020-07-19T14:39:57.517Z - info: [10:39:57 PM] Reload for file change: C:\repos\nus-cs2103-AY2021S1\cs2103-website\admin\common-commentary.mbdf
2020-07-19T14:39:58.525Z - info: Rebuilding 1 pages
2020-07-19T14:40:00.314Z - info: Pages rebuilt
2020-07-19T14:40:00.314Z - info: Website regeneration complete! Total build time: 1.793s
2020-07-19T14:40:00.320Z - info: Assets built
2020-07-19T14:40:00.322Z - info: Site data built
2020-07-19T14:40:11.520Z - info: [10:40:11 PM] Reload for file change: C:\repos\nus-cs2103-AY2021S1\cs2103-website\admin\common-commentary.mbdf
2020-07-19T14:40:12.537Z - info: Rebuilding 1 pages
2020-07-19T14:40:13.845Z - info: Pages rebuilt
2020-07-19T14:40:13.846Z - info: Website regeneration complete! Total build time: 1.312s
2020-07-19T14:40:13.853Z - info: Site data built
2020-07-19T14:40:44.955Z - info: [10:40:44 PM] Reload for file change: C:\repos\nus-cs2103-AY2021S1\cs2103-website\admin\common-commentary.mbdf
2020-07-19T14:40:45.960Z - info: No pages needed to be rebuilt
2020-07-19T14:41:05.685Z - info: Building C:\repos\nus-cs2103-AY2021S1\cs2103-website\schedule\week12\topics as some of its dependencies were changed since the last visit
2020-07-19T14:41:07.954Z - info: Site data built
2020-07-19T14:41:07.955Z - info: Lazy website regeneration complete! Total build time: 2.27s
2020-07-19T14:41:54.020Z - info: [10:41:54 PM] Reload for file change: C:\repos\nus-cs2103-AY2021S1\cs2103-website\admin\common-commentary.mbdf
2020-07-19T14:41:55.039Z - info: No pages needed to be rebuilt
2020-07-19T14:42:02.339Z - info: Building C:\repos\nus-cs2103-AY2021S1\cs2103-website\schedule\week12\topics as some of its dependencies were changed since the last visit
2020-07-19T14:42:03.960Z - info: Site data built
2020-07-19T14:42:03.962Z - info: Lazy website regeneration complete! Total build time: 1.624s
2020-07-19T14:42:58.558Z - info: [10:42:58 PM] Reload for file change: C:\repos\nus-cs2103-AY2021S1\cs2103-website\admin\common-commentary.mbdf
2020-07-19T14:42:59.587Z - info: Rebuilding 1 pages
2020-07-19T14:43:01.159Z - info: Pages rebuilt
2020-07-19T14:43:01.160Z - info: Website regeneration complete! Total build time: 1.575s
2020-07-19T14:43:01.169Z - info: Site data built
2020-07-19T14:50:04.864Z - info: [10:50:04 PM] Reload for file change: C:\repos\nus-cs2103-AY2021S1\cs2103-website\_module-CS2113\weeklyTextbookTopics.mbdf
2020-07-19T14:50:04.889Z - info: [10:50:04 PM] Reload for file change: C:\repos\nus-cs2103-AY2021S1\cs2103-website\common\topics.njk
2020-07-19T14:50:05.883Z - info: No pages needed to be rebuilt
2020-07-19T14:50:05.947Z - info: Assets built
2020-07-19T14:50:21.350Z - info: Website generation (lazy) started at 10:50:18 PM
2020-07-19T14:50:30.499Z - info: Building assets...
2020-07-19T14:50:36.764Z - info: Assets built
2020-07-19T14:50:36.765Z - info: Generating landing page...
2020-07-19T14:50:37.659Z - info: Landing page built, other pages will be built as you navigate to them!
2020-07-19T14:50:37.794Z - info: Website generation (lazy) complete! Total build time: 19.545s
2020-07-19T14:50:38.935Z - info: Serving "C:\repos\nus-cs2103-AY2021S1\cs2103-website\_site" at http://127.0.0.1:8080
2020-07-19T14:50:38.935Z - info: Press CTRL+C to stop ...
2020-07-19T14:50:38.998Z - info: Site data built
2020-07-19T14:50:55.033Z - info: Building C:\repos\nus-cs2103-AY2021S1\cs2103-website\schedule\week12\topics as some of its dependencies were changed since the last visit
2020-07-19T14:50:56.568Z - info: Site data built
2020-07-19T14:50:56.569Z - info: Lazy website regeneration complete! Total build time: 1.538s
2020-07-19T14:51:46.075Z - info: Building C:\repos\nus-cs2103-AY2021S1\cs2103-website\schedule\week11\topics as some of its dependencies were changed since the last visit
2020-07-19T14:51:49.324Z - info: Site data built
2020-07-19T14:51:49.326Z - info: Lazy website regeneration complete! Total build time: 3.251s
2020-07-19T14:54:21.394Z - info: [10:54:21 PM] Reload for file change: C:\repos\nus-cs2103-AY2021S1\cs2103-website\common\topics.njk
2020-07-19T14:54:22.437Z - info: Assets built
2020-07-19T14:54:30.463Z - info: Website generation (lazy) started at 10:54:27 PM
2020-07-19T14:54:45.081Z - info: Building assets...
2020-07-19T14:54:55.707Z - info: Assets built
2020-07-19T14:54:55.708Z - info: Generating landing page...
2020-07-19T14:54:56.751Z - info: Landing page built, other pages will be built as you navigate to them!
2020-07-19T14:54:56.848Z - info: Website generation (lazy) complete! Total build time: 29.054s
2020-07-19T14:54:57.820Z - info: Serving "C:\repos\nus-cs2103-AY2021S1\cs2103-website\_site" at http://127.0.0.1:8080
2020-07-19T14:54:57.820Z - info: Press CTRL+C to stop ...
2020-07-19T14:54:57.877Z - info: Site data built
2020-07-19T14:55:18.837Z - info: Building C:\repos\nus-cs2103-AY2021S1\cs2103-website\schedule\week12\topics as some of its dependencies were changed since the last visit
2020-07-19T14:55:20.393Z - info: Site data built
2020-07-19T14:55:20.393Z - info: Lazy website regeneration complete! Total build time: 1.558s
2020-07-19T14:56:40.464Z - info: [10:56:40 PM] Reload for file change: C:\repos\nus-cs2103-AY2021S1\cs2103-website\common\topics.njk
2020-07-19T14:56:41.498Z - info: Assets built
2020-07-19T14:56:51.546Z - info: Website generation (lazy) started at 10:56:48 PM
2020-07-19T14:57:04.289Z - info: Building assets...
2020-07-19T14:57:10.291Z - info: Assets built
2020-07-19T14:57:10.292Z - info: Generating landing page...
2020-07-19T14:57:11.165Z - info: Landing page built, other pages will be built as you navigate to them!
2020-07-19T14:57:11.264Z - info: Website generation (lazy) complete! Total build time: 22.429s
2020-07-19T14:57:12.695Z - info: Serving "C:\repos\nus-cs2103-AY2021S1\cs2103-website\_site" at http://127.0.0.1:8080
2020-07-19T14:57:12.695Z - info: Press CTRL+C to stop ...
2020-07-19T14:57:12.784Z - info: Site data built
2020-07-19T14:59:18.547Z - info: Building C:\repos\nus-cs2103-AY2021S1\cs2103-website\schedule\week12\topics as some of its dependencies were changed since the last visit
2020-07-19T14:59:20.659Z - info: Site data built
2020-07-19T14:59:20.659Z - info: Lazy website regeneration complete! Total build time: 2.13s
2020-07-19T15:01:09.094Z - info: [11:01:09 PM] Reload for file change: C:\repos\nus-cs2103-AY2021S1\cs2103-website\common\topics.njk
2020-07-19T15:01:10.141Z - info: Assets built
2020-07-19T15:01:32.933Z - info: Website generation (lazy) started at 11:01:29 PM
2020-07-19T15:01:44.004Z - info: Building assets...
2020-07-19T15:01:51.445Z - info: Assets built
2020-07-19T15:01:51.446Z - info: Generating landing page...
2020-07-19T15:01:53.230Z - info: Landing page built, other pages will be built as you navigate to them!
2020-07-19T15:01:53.318Z - info: Website generation (lazy) complete! Total build time: 23.348s
2020-07-19T15:01:54.656Z - info: Serving "C:\repos\nus-cs2103-AY2021S1\cs2103-website\_site" at http://127.0.0.1:8080
2020-07-19T15:01:54.657Z - info: Press CTRL+C to stop ...
2020-07-19T15:01:54.724Z - info: Site data built
2020-07-19T15:03:27.826Z - info: [11:03:27 PM] Reload for file change: C:\repos\nus-cs2103-AY2021S1\cs2103-website\common\topics.njk
2020-07-19T15:03:28.852Z - info: Assets built
2020-07-19T15:03:37.052Z - info: Website generation (lazy) started at 11:03:34 PM
2020-07-19T15:03:46.734Z - info: Building assets...
2020-07-19T15:03:52.530Z - info: Assets built
2020-07-19T15:03:52.531Z - info: Generating landing page...
2020-07-19T15:03:54.288Z - info: Landing page built, other pages will be built as you navigate to them!
2020-07-19T15:03:54.373Z - info: Website generation (lazy) complete! Total build time: 20.11s
2020-07-19T15:03:55.842Z - info: Serving "C:\repos\nus-cs2103-AY2021S1\cs2103-website\_site" at http://127.0.0.1:8080
2020-07-19T15:03:55.843Z - info: Press CTRL+C to stop ...
2020-07-19T15:03:55.904Z - info: Site data built
2020-07-19T15:05:59.758Z - info: [11:05:59 PM] Reload for file change: C:\repos\nus-cs2103-AY2021S1\cs2103-website\admin\common-commentary.mbdf
2020-07-19T15:06:00.773Z - info: Rebuilding 1 pages
2020-07-19T15:06:02.515Z - info: Pages rebuilt
2020-07-19T15:06:02.515Z - info: Website regeneration complete! Total build time: 1.743s
2020-07-19T15:06:02.523Z - info: Site data built
2020-07-19T15:06:51.658Z - info: [11:06:51 PM] Reload for file change: C:\repos\nus-cs2103-AY2021S1\cs2103-website\admin\common-commentary.mbdf
2020-07-19T15:06:52.679Z - info: Rebuilding 1 pages
2020-07-19T15:06:54.381Z - info: Pages rebuilt
2020-07-19T15:06:54.381Z - info: Website regeneration complete! Total build time: 1.705s
2020-07-19T15:06:54.392Z - info: Site data built
2020-07-19T15:07:15.721Z - info: [11:07:15 PM] Reload for file change: C:\repos\nus-cs2103-AY2021S1\cs2103-website\admin\common-commentary.mbdf
2020-07-19T15:07:16.742Z - info: Rebuilding 1 pages
2020-07-19T15:07:18.665Z - info: Pages rebuilt
2020-07-19T15:07:18.665Z - info: Website regeneration complete! Total build time: 1.93s
2020-07-19T15:07:18.674Z - info: Site data built
2020-07-19T15:08:09.993Z - info: [11:08:09 PM] Reload for file change: C:\repos\nus-cs2103-AY2021S1\cs2103-website\admin\common-commentary.mbdf
2020-07-19T15:08:11.016Z - info: Rebuilding 1 pages
2020-07-19T15:08:12.731Z - info: Pages rebuilt
2020-07-19T15:08:12.731Z - info: Website regeneration complete! Total build time: 1.716s
2020-07-19T15:08:12.739Z - info: Site data built
2020-07-19T15:08:31.546Z - info: [11:08:31 PM] Reload for file change: C:\repos\nus-cs2103-AY2021S1\cs2103-website\admin\common-commentary.mbdf
2020-07-19T15:08:32.575Z - info: Rebuilding 1 pages
2020-07-19T15:08:34.293Z - info: Pages rebuilt
2020-07-19T15:08:34.296Z - info: Website regeneration complete! Total build time: 1.732s
2020-07-19T15:08:34.305Z - info: Site data built
2020-07-19T15:08:54.913Z - info: [11:08:54 PM] Reload for file change: C:\repos\nus-cs2103-AY2021S1\cs2103-website\admin\common-commentary.mbdf
2020-07-19T15:08:55.940Z - info: Rebuilding 1 pages
2020-07-19T15:08:57.476Z - info: Pages rebuilt
2020-07-19T15:08:57.476Z - info: Website regeneration complete! Total build time: 1.539s
2020-07-19T15:08:57.483Z - info: Site data built
2020-07-19T15:09:17.470Z - info: [11:09:17 PM] Reload for file change: C:\repos\nus-cs2103-AY2021S1\cs2103-website\admin\common-commentary.mbdf
2020-07-19T15:09:18.478Z - info: Rebuilding 1 pages
2020-07-19T15:09:20.192Z - info: Pages rebuilt
2020-07-19T15:09:20.193Z - info: Website regeneration complete! Total build time: 1.716s
2020-07-19T15:09:20.200Z - info: Site data built
2020-07-19T15:12:16.801Z - info: [11:12:16 PM] Reload for file change: C:\repos\nus-cs2103-AY2021S1\cs2103-website\_module-CS2113\weeklyTextbookTopics.mbdf
2020-07-19T15:12:16.817Z - info: [11:12:16 PM] Reload for file change: C:\repos\nus-cs2103-AY2021S1\cs2103-website\common\topics.njk
2020-07-19T15:12:17.816Z - info: No pages needed to be rebuilt
2020-07-19T15:12:17.891Z - info: Assets built
2020-07-19T15:12:37.357Z - info: Website generation (lazy) started at 11:12:30 PM
2020-07-19T15:12:55.491Z - info: Building assets...
2020-07-19T15:13:03.966Z - info: Assets built
2020-07-19T15:13:03.967Z - info: Generating landing page...
2020-07-19T15:13:07.848Z - info: Landing page built, other pages will be built as you navigate to them!
2020-07-19T15:13:07.963Z - info: Website generation (lazy) complete! Total build time: 36.976s
2020-07-19T15:13:08.805Z - info: Serving "C:\repos\nus-cs2103-AY2021S1\cs2103-website\_site" at http://127.0.0.1:8080
2020-07-19T15:13:08.805Z - info: Press CTRL+C to stop ...
2020-07-19T15:13:08.867Z - info: Site data built
2020-07-19T15:14:40.555Z - info: [11:14:40 PM] Reload for file change: C:\repos\nus-cs2103-AY2021S1\cs2103-website\common\topics.njk
2020-07-19T15:14:41.625Z - info: Assets built
2020-07-19T15:14:51.371Z - info: Website generation (lazy) started at 11:14:48 PM
2020-07-19T15:15:02.417Z - info: Building assets...
2020-07-19T15:15:08.090Z - info: Assets built
2020-07-19T15:15:08.091Z - info: Generating landing page...
2020-07-19T15:15:11.133Z - info: Landing page built, other pages will be built as you navigate to them!
2020-07-19T15:15:11.225Z - info: Website generation (lazy) complete! Total build time: 22.831s
2020-07-19T15:15:12.612Z - info: Serving "C:\repos\nus-cs2103-AY2021S1\cs2103-website\_site" at http://127.0.0.1:8080
2020-07-19T15:15:12.612Z - info: Press CTRL+C to stop ...
2020-07-19T15:15:12.691Z - info: Site data built
2020-07-19T15:17:03.448Z - info: [11:17:03 PM] Reload for file change: C:\repos\nus-cs2103-AY2021S1\cs2103-website\schedule\week11\commentary-cs2113.mbdf
2020-07-19T15:17:04.472Z - info: Rebuilding 1 pages
2020-07-19T15:17:05.542Z - error:  Error: No such segment 'unit-testing' in file: C:\repos\nus-cs2103-AY2021S1\cs2103-website\admin\common-commentary.mbdf
Missing reference in C:\repos\nus-cs2103-AY2021S1\cs2103-website\schedule\week11\commentary-box.md
    at _preprocessInclude (C:\repos\markbind\markbind\packages\core\src\preprocessors\componentPreprocessor.js:264:21)
    at preProcessComponent (C:\repos\markbind\markbind\packages\core\src\preprocessors\componentPreprocessor.js:349:12)
    at C:\repos\markbind\markbind\packages\core\src\preprocessors\componentPreprocessor.js:356:52
    at Array.map (<anonymous>)
    at preProcessComponent (C:\repos\markbind\markbind\packages\core\src\preprocessors\componentPreprocessor.js:356:43)
    at C:\repos\markbind\markbind\packages\core\src\preprocessors\componentPreprocessor.js:356:52
    at Array.map (<anonymous>)
    at preProcessComponent (C:\repos\markbind\markbind\packages\core\src\preprocessors\componentPreprocessor.js:356:43)
    at C:\repos\markbind\markbind\packages\core\src\preprocessors\componentPreprocessor.js:356:52
    at Array.map (<anonymous>)
    at preProcessComponent (C:\repos\markbind\markbind\packages\core\src\preprocessors\componentPreprocessor.js:356:43)
    at C:\repos\markbind\markbind\packages\core\src\preprocessors\componentPreprocessor.js:298:50
    at Array.map (<anonymous>)
    at _preprocessInclude (C:\repos\markbind\markbind\packages\core\src\preprocessors\componentPreprocessor.js:298:41)
    at preProcessComponent (C:\repos\markbind\markbind\packages\core\src\preprocessors\componentPreprocessor.js:349:12)
    at C:\repos\markbind\markbind\packages\core\src\preprocessors\componentPreprocessor.js:356:52
2020-07-19T15:17:08.233Z - info: Pages rebuilt
2020-07-19T15:17:08.233Z - info: Website regeneration complete! Total build time: 3.768s
2020-07-19T15:17:08.249Z - info: Site data built
2020-07-19T15:17:15.315Z - info: [11:17:15 PM] Reload for file change: C:\repos\nus-cs2103-AY2021S1\cs2103-website\schedule\week11\commentary-cs2113.mbdf
2020-07-19T15:17:16.321Z - info: Rebuilding 1 pages
2020-07-19T15:17:19.592Z - info: Pages rebuilt
2020-07-19T15:17:19.592Z - info: Website regeneration complete! Total build time: 3.274s
2020-07-19T15:17:19.604Z - info: Site data built
2020-07-19T15:21:18.933Z - info: [11:21:18 PM] Reload for file change: C:\repos\nus-cs2103-AY2021S1\cs2103-website\_module-CS2113\weeklyTextbookTopics.mbdf
2020-07-19T15:21:18.943Z - info: [11:21:18 PM] Reload for file change: C:\repos\nus-cs2103-AY2021S1\cs2103-website\schedule\week12\commentary-cs2113.mbdf
2020-07-19T15:21:18.952Z - info: [11:21:18 PM] Reload for file change: C:\repos\nus-cs2103-AY2021S1\cs2103-website\admin\common-commentary.mbdf
2020-07-19T15:21:19.948Z - info: Rebuilding 1 pages
2020-07-19T15:21:23.418Z - info: Pages rebuilt
2020-07-19T15:21:23.419Z - info: Website regeneration complete! Total build time: 3.477s
2020-07-19T15:21:23.435Z - info: Site data built
2020-07-19T15:21:35.116Z - info: Website generation (lazy) started at 11:21:32 PM
2020-07-19T15:21:46.324Z - info: Building assets...
2020-07-19T15:21:51.957Z - info: Assets built
2020-07-19T15:21:51.958Z - info: Generating landing page...
2020-07-19T15:21:55.219Z - info: Landing page built, other pages will be built as you navigate to them!
2020-07-19T15:21:55.318Z - info: Website generation (lazy) complete! Total build time: 23.229s
2020-07-19T15:21:56.735Z - info: Serving "C:\repos\nus-cs2103-AY2021S1\cs2103-website\_site" at http://127.0.0.1:8080
2020-07-19T15:21:56.736Z - info: Press CTRL+C to stop ...
2020-07-19T15:21:56.860Z - info: Site data built
2020-07-19T15:22:08.741Z - info: Building C:\repos\nus-cs2103-AY2021S1\cs2103-website\schedule\week12\topics as some of its dependencies were changed since the last visit
2020-07-19T15:22:10.870Z - info: Site data built
2020-07-19T15:22:10.896Z - info: Lazy website regeneration complete! Total build time: 2.154s
2020-07-19T15:25:23.566Z - info: [11:25:23 PM] Reload for file change: C:\repos\nus-cs2103-AY2021S1\cs2103-website\_module-CS2113\weeklyTextbookTopics.mbdf
2020-07-19T15:25:23.590Z - info: [11:25:23 PM] Reload for file change: C:\repos\nus-cs2103-AY2021S1\cs2103-website\schedule\week12\commentary-cs2113.mbdf
2020-07-19T15:25:23.607Z - info: [11:25:23 PM] Reload for file change: C:\repos\nus-cs2103-AY2021S1\cs2103-website\admin\common-commentary.mbdf
2020-07-19T15:25:24.598Z - info: Rebuilding 1 pages
2020-07-19T15:25:36.888Z - info: Website generation (lazy) started at 11:25:34 PM
2020-07-19T15:25:46.019Z - info: Building assets...
2020-07-19T15:25:53.770Z - info: Assets built
2020-07-19T15:25:53.771Z - info: Generating landing page...
2020-07-19T15:25:55.407Z - info: Landing page built, other pages will be built as you navigate to them!
2020-07-19T15:25:55.503Z - info: Website generation (lazy) complete! Total build time: 21.35s
2020-07-19T15:25:56.914Z - info: Serving "C:\repos\nus-cs2103-AY2021S1\cs2103-website\_site" at http://127.0.0.1:8080
2020-07-19T15:25:56.915Z - info: Press CTRL+C to stop ...
2020-07-19T15:25:57.012Z - info: Site data built
2020-07-19T15:33:29.801Z - info: [11:33:29 PM] Reload for file change: C:\repos\nus-cs2103-AY2021S1\cs2103-website\_module-CS2113\weeklyTextbookTopics.mbdf
2020-07-19T15:33:29.850Z - info: [11:33:29 PM] Reload for file change: C:\repos\nus-cs2103-AY2021S1\cs2103-website\admin\common-commentary.mbdf
2020-07-19T15:33:30.829Z - info: Rebuilding 1 pages
2020-07-19T15:33:40.453Z - info: Website generation (lazy) started at 11:33:37 PM
2020-07-19T15:33:56.846Z - info: Building assets...
2020-07-19T15:34:05.387Z - info: Assets built
2020-07-19T15:34:05.388Z - info: Generating landing page...
2020-07-19T15:34:06.976Z - error:  Error: No such segment 'testcasedesign-equivalencepartitions-what' in file: C:\repos\nus-cs2103-AY2021S1\cs2103-website\admin\common-commentary.mbdf
Missing reference in C:\repos\nus-cs2103-AY2021S1\cs2103-website\schedule\week11\commentary-box.md
    at _preprocessInclude (C:\repos\markbind\markbind\packages\core\src\preprocessors\componentPreprocessor.js:264:21)
    at preProcessComponent (C:\repos\markbind\markbind\packages\core\src\preprocessors\componentPreprocessor.js:349:12)
    at C:\repos\markbind\markbind\packages\core\src\preprocessors\componentPreprocessor.js:356:52
    at Array.map (<anonymous>)
    at preProcessComponent (C:\repos\markbind\markbind\packages\core\src\preprocessors\componentPreprocessor.js:356:43)
    at C:\repos\markbind\markbind\packages\core\src\preprocessors\componentPreprocessor.js:356:52
    at Array.map (<anonymous>)
    at preProcessComponent (C:\repos\markbind\markbind\packages\core\src\preprocessors\componentPreprocessor.js:356:43)
    at C:\repos\markbind\markbind\packages\core\src\preprocessors\componentPreprocessor.js:356:52
    at Array.map (<anonymous>)
    at preProcessComponent (C:\repos\markbind\markbind\packages\core\src\preprocessors\componentPreprocessor.js:356:43)
    at C:\repos\markbind\markbind\packages\core\src\preprocessors\componentPreprocessor.js:298:50
    at Array.map (<anonymous>)
    at _preprocessInclude (C:\repos\markbind\markbind\packages\core\src\preprocessors\componentPreprocessor.js:298:41)
    at preProcessComponent (C:\repos\markbind\markbind\packages\core\src\preprocessors\componentPreprocessor.js:349:12)
    at C:\repos\markbind\markbind\packages\core\src\preprocessors\componentPreprocessor.js:356:52
2020-07-19T15:34:07.026Z - error:  Error: No such segment 'testcasedesign-equivalencepartitions-basic' in file: C:\repos\nus-cs2103-AY2021S1\cs2103-website\admin\common-commentary.mbdf
Missing reference in C:\repos\nus-cs2103-AY2021S1\cs2103-website\schedule\week11\commentary-box.md
    at _preprocessInclude (C:\repos\markbind\markbind\packages\core\src\preprocessors\componentPreprocessor.js:264:21)
    at preProcessComponent (C:\repos\markbind\markbind\packages\core\src\preprocessors\componentPreprocessor.js:349:12)
    at C:\repos\markbind\markbind\packages\core\src\preprocessors\componentPreprocessor.js:356:52
    at Array.map (<anonymous>)
    at preProcessComponent (C:\repos\markbind\markbind\packages\core\src\preprocessors\componentPreprocessor.js:356:43)
    at C:\repos\markbind\markbind\packages\core\src\preprocessors\componentPreprocessor.js:356:52
    at Array.map (<anonymous>)
    at preProcessComponent (C:\repos\markbind\markbind\packages\core\src\preprocessors\componentPreprocessor.js:356:43)
    at C:\repos\markbind\markbind\packages\core\src\preprocessors\componentPreprocessor.js:356:52
    at Array.map (<anonymous>)
    at preProcessComponent (C:\repos\markbind\markbind\packages\core\src\preprocessors\componentPreprocessor.js:356:43)
    at C:\repos\markbind\markbind\packages\core\src\preprocessors\componentPreprocessor.js:298:50
    at Array.map (<anonymous>)
    at _preprocessInclude (C:\repos\markbind\markbind\packages\core\src\preprocessors\componentPreprocessor.js:298:41)
    at preProcessComponent (C:\repos\markbind\markbind\packages\core\src\preprocessors\componentPreprocessor.js:349:12)
    at C:\repos\markbind\markbind\packages\core\src\preprocessors\componentPreprocessor.js:356:52
2020-07-19T15:34:08.423Z - info: Landing page built, other pages will be built as you navigate to them!
2020-07-19T15:34:08.512Z - info: Website generation (lazy) complete! Total build time: 30.72s
2020-07-19T15:34:09.399Z - info: Serving "C:\repos\nus-cs2103-AY2021S1\cs2103-website\_site" at http://127.0.0.1:8080
2020-07-19T15:34:09.399Z - info: Press CTRL+C to stop ...
2020-07-19T15:34:09.480Z - info: Site data built
2020-07-19T15:35:24.585Z - info: [11:35:24 PM] Reload for file change: C:\repos\nus-cs2103-AY2021S1\cs2103-website\schedule\week11\commentary-cs2113.mbdf
2020-07-19T15:35:25.602Z - info: Rebuilding 1 pages
2020-07-19T15:35:28.870Z - info: Pages rebuilt
2020-07-19T15:35:28.870Z - info: Website regeneration complete! Total build time: 3.275s
2020-07-19T15:35:28.892Z - info: Site data built
2020-07-19T15:38:25.946Z - info: [11:38:25 PM] Reload for file change: C:\repos\nus-cs2103-AY2021S1\cs2103-website\_module-CS2113\weeklyTextbookTopics.mbdf
2020-07-19T15:38:25.960Z - info: [11:38:25 PM] Reload for file change: C:\repos\nus-cs2103-AY2021S1\cs2103-website\admin\common-commentary.mbdf
2020-07-19T15:38:26.964Z - info: Rebuilding 1 pages
2020-07-19T15:38:30.609Z - info: Pages rebuilt
2020-07-19T15:38:30.609Z - info: Website regeneration complete! Total build time: 3.651s
2020-07-19T15:38:30.632Z - info: Site data built
2020-07-19T15:38:51.610Z - info: Website generation (lazy) started at 11:38:48 PM
2020-07-19T15:38:59.803Z - info: Building assets...
2020-07-19T15:39:05.412Z - info: Assets built
2020-07-19T15:39:05.413Z - info: Generating landing page...
2020-07-19T15:39:10.345Z - info: Landing page built, other pages will be built as you navigate to them!
2020-07-19T15:39:10.740Z - info: Website generation (lazy) complete! Total build time: 21.893s
2020-07-19T15:39:12.141Z - info: Serving "C:\repos\nus-cs2103-AY2021S1\cs2103-website\_site" at http://127.0.0.1:8080
2020-07-19T15:39:12.142Z - info: Press CTRL+C to stop ...
2020-07-19T15:39:12.204Z - debug:  
2020-07-19T15:39:12.206Z - debug:  
2020-07-19T15:39:12.208Z - info: Site data built
2020-07-19T15:39:12.848Z - debug:  
2020-07-19T15:44:30.006Z - info: [11:44:30 PM] Reload for file change: C:\repos\nus-cs2103-AY2021S1\cs2103-website\schedule\week10\commentary-cs2113.mbdf
2020-07-19T15:44:31.019Z - info: Rebuilding 1 pages
2020-07-19T15:44:37.338Z - info: Pages rebuilt
2020-07-19T15:44:37.339Z - info: Website regeneration complete! Total build time: 6.322s
2020-07-19T15:44:37.379Z - info: Site data built
2020-07-19T15:44:38.324Z - debug:  
2020-07-19T15:44:38.527Z - debug:  
2020-07-19T15:44:38.760Z - debug:  
2020-07-19T15:44:52.155Z - info: Website generation started at 11:44:48 PM
2020-07-19T15:45:00.265Z - info: Building assets...
2020-07-19T15:45:05.881Z - info: Assets built
2020-07-19T15:45:05.882Z - info: Generating pages...
2020-07-19T15:45:17.902Z - debug: The process cannot access the file because it is being used by another process.

2020-07-19T15:45:17.903Z - debug: The process cannot access the file because it is being used by another process.

2020-07-19T15:45:21.425Z - debug:  
2020-07-19T15:45:21.425Z - debug:  
2020-07-19T15:45:21.426Z - debug:  
2020-07-19T15:45:21.427Z - debug:  
2020-07-19T15:45:22.358Z - debug:  
2020-07-19T15:45:22.730Z - debug:  
2020-07-19T15:45:22.730Z - debug:  
2020-07-19T15:45:28.557Z - debug:  
2020-07-19T15:45:28.558Z - debug: The process cannot access the file because it is being used by another process.

2020-07-19T15:45:28.558Z - debug:  
2020-07-19T15:45:30.384Z - debug: The process cannot access the file because it is being used by another process.

2020-07-19T15:45:30.385Z - debug: The process cannot access the file because it is being used by another process.

2020-07-19T15:45:30.403Z - debug:  
2020-07-19T15:45:30.543Z - debug:  
2020-07-19T15:45:30.543Z - debug:  
2020-07-19T15:45:31.056Z - debug: The process cannot access the file because it is being used by another process.

2020-07-19T15:45:31.056Z - debug: The process cannot access the file because it is being used by another process.

2020-07-19T15:45:34.356Z - debug:  
2020-07-19T15:45:34.644Z - debug:  
2020-07-19T15:45:59.706Z - debug: The process cannot access the file because it is being used by another process.

2020-07-19T15:45:59.721Z - debug: The process cannot access the file because it is being used by another process.

2020-07-19T15:46:01.209Z - debug: The process cannot access the file because it is being used by another process.

2020-07-19T15:46:01.210Z - debug: The process cannot access the file because it is being used by another process.

2020-07-19T15:46:01.211Z - debug:  
2020-07-19T15:46:01.211Z - debug:  
2020-07-19T15:46:05.611Z - debug:  
2020-07-19T15:46:05.724Z - debug:  
2020-07-19T15:46:13.875Z - debug: The process cannot access the file because it is being used by another process.

2020-07-19T15:46:15.893Z - debug: The process cannot access the file because it is being used by another process.

2020-07-19T15:46:16.067Z - debug:  
2020-07-19T15:46:37.545Z - debug:  
2020-07-19T15:46:37.547Z - debug:  
2020-07-19T15:46:37.547Z - debug:  
2020-07-19T15:46:37.547Z - debug:  
2020-07-19T15:46:41.927Z - debug:  
2020-07-19T15:46:41.929Z - debug:  
2020-07-19T15:46:53.010Z - debug:  
2020-07-19T15:46:53.567Z - debug:  
2020-07-19T15:46:53.567Z - debug:  
2020-07-19T15:46:53.567Z - debug:  
2020-07-19T15:46:53.567Z - debug:  
2020-07-19T15:47:01.026Z - debug:  
2020-07-19T15:47:01.026Z - debug:  
2020-07-19T15:47:04.999Z - debug:  
2020-07-19T15:47:34.001Z - debug:  
2020-07-19T15:47:34.002Z - debug:  
2020-07-19T15:47:34.002Z - debug:  
2020-07-19T15:47:56.523Z - debug:  
2020-07-19T15:48:08.944Z - debug:  
2020-07-19T15:48:08.944Z - debug:  
2020-07-19T15:48:18.099Z - info: Pages built
2020-07-19T15:48:44.509Z - info: Website generation complete! Total build time: 235.625s
2020-07-19T15:48:46.134Z - info: Serving "C:\repos\nus-cs2103-AY2021S1\cs2103-website\_site" at http://127.0.0.1:8080
2020-07-19T15:48:46.134Z - info: Press CTRL+C to stop ...
2020-07-19T15:48:46.135Z - debug:  
2020-07-19T15:48:46.242Z - info: Site data built
2020-07-19T15:59:49.953Z - info: Website generation started at 11:59:44 PM
