2020-11-15T03:33:28.097Z - info: Website generation (lazy) started at 11:33:21 AM
2020-11-15T03:33:41.248Z - info: Building assets...
2020-11-15T03:33:49.888Z - info: Assets built
2020-11-15T03:33:49.889Z - info: Generating landing page...
2020-11-15T03:33:51.091Z - info: Landing page built, other pages will be built as you navigate to them!
2020-11-15T03:33:51.189Z - info: Website generation (lazy) complete! Total build time: 29.502s
2020-11-15T03:33:52.492Z - info: Serving "C:\repos\nus-cs2103-AY2021S1\cs2103-website\_site" at http://127.0.0.1:8080
2020-11-15T03:33:52.493Z - info: Press CTRL+C to stop ...
2020-11-15T03:33:52.572Z - info: Site data built
2020-11-15T03:34:46.406Z - info: Building C:\repos\nus-cs2103-AY2021S1\cs2103-website\admin\index as some of its dependencies were changed since the last visit
2020-11-15T03:34:47.024Z - info: Site data built
2020-11-15T03:34:47.025Z - info: Lazy website regeneration complete! Total build time: 0.62s
2020-11-15T03:34:55.269Z - info: Building C:\repos\nus-cs2103-AY2021S1\cs2103-website\admin\tp-pe as some of its dependencies were changed since the last visit
2020-11-15T03:34:56.756Z - info: Site data built
2020-11-15T03:34:56.756Z - info: Lazy website regeneration complete! Total build time: 1.487s
2020-11-15T03:40:06.204Z - info: [11:40:06 AM] Reload for file change: C:\repos\nus-cs2103-AY2021S1\cs2103-website\admin\tp-pe.mbdf
2020-11-15T03:40:07.209Z - info: Rebuilding 1 pages
2020-11-15T03:40:08.782Z - info: Pages rebuilt
2020-11-15T03:40:08.783Z - info: Website regeneration complete! Total build time: 1.576s
2020-11-15T03:40:08.792Z - info: Site data built
2020-11-15T03:41:48.460Z - info: [11:41:48 AM] Reload for file change: C:\repos\nus-cs2103-AY2021S1\cs2103-website\admin\tp-pe.mbdf
2020-11-15T03:41:49.468Z - info: Rebuilding 1 pages
2020-11-15T03:41:51.049Z - info: Pages rebuilt
2020-11-15T03:41:51.049Z - info: Website regeneration complete! Total build time: 1.582s
2020-11-15T03:41:51.062Z - info: Site data built
2020-11-15T03:44:58.271Z - info: [11:44:58 AM] Reload for file change: C:\repos\nus-cs2103-AY2021S1\cs2103-website\admin\tp-pe.mbdf
2020-11-15T03:44:59.282Z - info: Rebuilding 1 pages
2020-11-15T03:45:01.022Z - info: Pages rebuilt
2020-11-15T03:45:01.022Z - info: Website regeneration complete! Total build time: 1.742s
2020-11-15T03:45:01.032Z - info: Site data built
2020-11-15T03:45:32.551Z - info: Website generation started at 11:45:29 AM
2020-11-15T03:45:43.110Z - info: Building assets...
