2020-11-19T17:09:29.567Z - info: [1:09:29 AM] Reload for file change: C:\repos\nus-cs2103-AY2021S1\cs2103-website\admin\tp-pe.mbdf
2020-11-19T17:09:29.735Z - info: [1:09:29 AM] Reload for file change: C:\repos\nus-cs2103-AY2021S1\cs2103-website\admin\tp-pe.mbdf
2020-11-19T17:09:30.791Z - info: No pages needed to be rebuilt
2020-11-20T04:52:04.396Z - info: Website generation (lazy) started at 12:52:00 PM
2020-11-20T04:52:14.157Z - info: Building assets...
2020-11-20T04:52:20.302Z - info: Assets built
2020-11-20T04:52:20.303Z - info: Generating landing page...
2020-11-20T04:52:21.674Z - info: Landing page built, other pages will be built as you navigate to them!
2020-11-20T04:52:21.764Z - info: Website generation (lazy) complete! Total build time: 21.451s
2020-11-20T04:52:22.664Z - info: Serving "C:\repos\nus-cs2103-AY2021S1\cs2103-website\_site" at http://127.0.0.1:8080
2020-11-20T04:52:22.664Z - info: Press CTRL+C to stop ...
2020-11-20T04:52:22.729Z - info: Site data built
2020-11-20T04:54:43.197Z - info: Building C:\repos\nus-cs2103-AY2021S1\cs2103-website\admin\index as some of its dependencies were changed since the last visit
2020-11-20T04:54:44.120Z - info: Site data built
2020-11-20T04:54:44.121Z - info: Lazy website regeneration complete! Total build time: 0.924s
2020-11-20T04:54:51.141Z - info: Building C:\repos\nus-cs2103-AY2021S1\cs2103-website\admin\tp-pe as some of its dependencies were changed since the last visit
2020-11-20T04:54:53.203Z - info: Site data built
2020-11-20T04:54:53.203Z - info: Lazy website regeneration complete! Total build time: 2.062s
2020-11-20T04:56:12.670Z - info: Website generation started at 12:56:09 PM
2020-11-20T04:56:21.335Z - info: Building assets...
2020-11-20T04:56:27.868Z - info: Assets built
2020-11-20T04:56:27.869Z - info: Generating pages...
2020-11-20T04:56:43.404Z - debug: The process cannot access the file because it is being used by another process.

2020-11-20T04:56:43.405Z - debug: The process cannot access the file because it is being used by another process.

2020-11-20T04:56:47.729Z - debug:  
2020-11-20T04:56:47.730Z - debug:  
2020-11-20T04:56:47.730Z - debug:  
2020-11-20T04:56:47.730Z - debug:  
2020-11-20T04:56:47.730Z - debug:  
2020-11-20T04:56:53.547Z - debug: The process cannot access the file because it is being used by another process.

2020-11-20T04:56:53.548Z - debug: The process cannot access the file because it is being used by another process.

2020-11-20T04:56:53.548Z - debug: The process cannot access the file because it is being used by another process.

2020-11-20T04:56:53.549Z - debug: The process cannot access the file because it is being used by another process.

2020-11-20T04:56:54.813Z - debug:  
2020-11-20T04:56:54.813Z - debug:  
2020-11-20T04:56:54.813Z - debug:  
2020-11-20T04:56:54.814Z - debug:  
2020-11-20T04:56:54.814Z - debug:  
2020-11-20T04:56:56.554Z - debug: The process cannot access the file because it is being used by another process.

2020-11-20T04:56:56.555Z - debug: The process cannot access the file because it is being used by another process.

2020-11-20T04:56:56.556Z - debug: The process cannot access the file because it is being used by another process.

2020-11-20T04:56:56.556Z - debug: The process cannot access the file because it is being used by another process.

2020-11-20T04:56:58.062Z - debug:  
2020-11-20T04:56:58.063Z - debug:  
2020-11-20T04:57:13.962Z - debug: The process cannot access the file because it is being used by another process.

2020-11-20T04:57:13.963Z - debug: The process cannot access the file because it is being used by another process.

2020-11-20T04:57:15.147Z - debug: The process cannot access the file because it is being used by another process.

2020-11-20T04:57:15.147Z - debug:  
2020-11-20T04:57:17.419Z - debug: The process cannot access the file because it is being used by another process.

2020-11-20T04:57:18.081Z - debug: The process cannot access the file because it is being used by another process.

2020-11-20T04:57:19.943Z - debug:  
2020-11-20T04:57:22.340Z - debug:  
2020-11-20T04:57:24.481Z - debug: The process cannot access the file because it is being used by another process.

2020-11-20T04:57:24.481Z - debug: The process cannot access the file because it is being used by another process.

2020-11-20T04:57:26.865Z - debug: The process cannot access the file because it is being used by another process.

2020-11-20T04:57:26.865Z - debug: The process cannot access the file because it is being used by another process.

2020-11-20T04:57:29.167Z - debug:  
2020-11-20T04:57:29.169Z - debug: The process cannot access the file because it is being used by another process.

2020-11-20T04:57:29.169Z - debug:  
2020-11-20T04:57:31.262Z - debug:  
2020-11-20T04:57:38.795Z - debug: The process cannot access the file because it is being used by another process.

2020-11-20T04:57:41.488Z - debug: The process cannot access the file because it is being used by another process.

2020-11-20T04:57:41.807Z - debug:  
2020-11-20T04:58:09.155Z - debug:  
2020-11-20T04:58:09.437Z - debug:  
2020-11-20T04:58:09.439Z - debug:  
2020-11-20T04:58:09.439Z - debug:  
2020-11-20T04:58:11.944Z - debug: The process cannot access the file because it is being used by another process.

2020-11-20T04:58:16.295Z - debug:  
2020-11-20T04:58:16.780Z - debug:  
2020-11-20T04:58:16.781Z - debug:  
2020-11-20T04:58:28.438Z - debug:  
2020-11-20T04:58:29.318Z - debug:  
2020-11-20T04:58:29.318Z - debug:  
2020-11-20T04:58:29.319Z - debug:  
2020-11-20T04:58:29.319Z - debug:  
2020-11-20T04:58:35.320Z - debug: The process cannot access the file because it is being used by another process.

2020-11-20T04:58:38.645Z - debug:  
2020-11-20T04:58:40.957Z - debug:  
2020-11-20T04:58:40.957Z - debug:  
2020-11-20T04:58:47.742Z - debug:  
2020-11-20T04:59:04.503Z - debug:  
2020-11-20T04:59:06.038Z - debug:  
2020-11-20T04:59:06.038Z - debug:  
2020-11-20T04:59:13.585Z - debug:  
2020-11-20T04:59:13.585Z - debug:  
2020-11-20T04:59:29.507Z - debug:  
2020-11-20T04:59:33.802Z - debug:  
2020-11-20T05:00:08.249Z - debug:  
2020-11-20T05:00:26.678Z - debug:  
2020-11-20T05:00:26.679Z - debug:  
2020-11-20T05:00:41.918Z - info: Pages built
2020-11-20T05:01:18.690Z - info: Website generation complete! Total build time: 308.771s
2020-11-20T05:01:18.694Z - info: Build success!
2020-11-20T05:01:18.694Z - debug:  
2020-11-20T05:01:18.697Z - info: Site data built
2020-11-20T05:02:02.220Z - info: Deployed!
