2020-11-19T03:41:04.997Z - info: Website generation (lazy) started at 11:40:57 AM
2020-11-19T03:41:14.009Z - info: Building assets...
2020-11-19T03:41:20.523Z - info: Assets built
2020-11-19T03:41:20.524Z - info: Generating landing page...
2020-11-19T03:41:22.103Z - info: Landing page built, other pages will be built as you navigate to them!
2020-11-19T03:41:22.237Z - info: Website generation (lazy) complete! Total build time: 24.329s
2020-11-19T03:41:23.296Z - info: Serving "C:\repos\nus-cs2103-AY2021S1\cs2103-website\_site" at http://127.0.0.1:8080
2020-11-19T03:41:23.296Z - info: Press CTRL+C to stop ...
2020-11-19T03:41:23.357Z - info: Site data built
2020-11-19T03:43:00.143Z - info: [11:43:00 AM] Reload for file change: C:\repos\nus-cs2103-AY2021S1\cs2103-website\admin\tp-pe.mbdf
2020-11-19T03:43:01.149Z - info: No pages needed to be rebuilt
2020-11-19T03:43:04.731Z - info: Building C:\repos\nus-cs2103-AY2021S1\cs2103-website\admin\index as some of its dependencies were changed since the last visit
2020-11-19T03:43:05.509Z - info: Site data built
2020-11-19T03:43:05.510Z - info: Lazy website regeneration complete! Total build time: 0.78s
2020-11-19T03:43:12.001Z - info: Building C:\repos\nus-cs2103-AY2021S1\cs2103-website\admin\tp-grading as some of its dependencies were changed since the last visit
2020-11-19T03:43:12.634Z - info: Site data built
2020-11-19T03:43:12.635Z - info: Lazy website regeneration complete! Total build time: 0.635s
2020-11-19T03:43:25.532Z - info: Building C:\repos\nus-cs2103-AY2021S1\cs2103-website\admin\tp-pe as some of its dependencies were changed since the last visit
2020-11-19T03:43:27.192Z - info: Site data built
2020-11-19T03:43:27.192Z - info: Lazy website regeneration complete! Total build time: 1.66s
2020-11-19T03:43:57.920Z - info: [11:43:57 AM] Reload for file change: C:\repos\nus-cs2103-AY2021S1\cs2103-website\admin\tp-pe.mbdf
2020-11-19T03:43:58.928Z - info: Rebuilding 1 pages
2020-11-19T03:44:00.730Z - info: Pages rebuilt
2020-11-19T03:44:00.730Z - info: Website regeneration complete! Total build time: 1.806s
2020-11-19T03:44:00.739Z - info: Site data built
2020-11-19T03:44:42.013Z - info: [11:44:42 AM] Reload for file change: C:\repos\nus-cs2103-AY2021S1\cs2103-website\admin\tp-pe.mbdf
2020-11-19T03:44:43.027Z - info: Rebuilding 1 pages
2020-11-19T03:44:45.010Z - info: Pages rebuilt
2020-11-19T03:44:45.010Z - info: Website regeneration complete! Total build time: 1.988s
2020-11-19T03:44:45.022Z - info: Site data built
2020-11-19T03:45:26.452Z - info: [11:45:26 AM] Reload for file change: C:\repos\nus-cs2103-AY2021S1\cs2103-website\admin\tp-pe.mbdf
2020-11-19T03:45:27.465Z - info: Rebuilding 1 pages
2020-11-19T03:45:29.151Z - info: Pages rebuilt
2020-11-19T03:45:29.151Z - info: Website regeneration complete! Total build time: 1.693s
2020-11-19T03:45:29.160Z - info: Site data built
2020-11-19T03:47:00.709Z - info: Website generation started at 11:46:57 AM
2020-11-19T03:47:08.881Z - info: Building assets...
2020-11-19T03:47:15.005Z - info: Assets built
2020-11-19T03:47:15.006Z - info: Generating pages...
2020-11-19T03:47:29.384Z - debug: The process cannot access the file because it is being used by another process.

2020-11-19T03:47:29.384Z - debug: The process cannot access the file because it is being used by another process.

2020-11-19T03:47:33.248Z - debug:  
2020-11-19T03:47:33.248Z - debug:  
2020-11-19T03:47:33.249Z - debug:  
2020-11-19T03:47:33.249Z - debug:  
2020-11-19T03:47:33.250Z - debug:  
2020-11-19T03:47:34.434Z - debug:  
2020-11-19T03:47:34.568Z - debug:  
2020-11-19T03:47:34.569Z - debug:  
2020-11-19T03:47:39.203Z - debug: The process cannot access the file because it is being used by another process.

2020-11-19T03:47:39.204Z - debug: The process cannot access the file because it is being used by another process.

2020-11-19T03:47:39.204Z - debug:  
2020-11-19T03:47:39.204Z - debug:  
2020-11-19T03:47:40.581Z - debug: The process cannot access the file because it is being used by another process.

2020-11-19T03:47:40.581Z - debug: The process cannot access the file because it is being used by another process.

2020-11-19T03:47:40.801Z - debug:  
2020-11-19T03:47:41.040Z - debug:  
2020-11-19T03:47:41.177Z - debug: The process cannot access the file because it is being used by another process.

2020-11-19T03:47:41.177Z - debug: The process cannot access the file because it is being used by another process.

2020-11-19T03:47:44.394Z - debug:  
2020-11-19T03:47:44.395Z - debug:  
2020-11-19T03:47:57.066Z - debug: The process cannot access the file because it is being used by another process.

2020-11-19T03:47:57.074Z - debug: The process cannot access the file because it is being used by another process.

2020-11-19T03:47:58.007Z - debug: The process cannot access the file because it is being used by another process.

2020-11-19T03:47:58.092Z - debug:  
2020-11-19T03:47:59.606Z - debug: The process cannot access the file because it is being used by another process.

2020-11-19T03:48:00.167Z - debug: The process cannot access the file because it is being used by another process.

2020-11-19T03:48:01.267Z - debug:  
2020-11-19T03:48:02.901Z - debug:  
2020-11-19T03:48:05.144Z - debug: The process cannot access the file because it is being used by another process.

2020-11-19T03:48:05.144Z - debug: The process cannot access the file because it is being used by another process.

2020-11-19T03:48:06.576Z - debug: The process cannot access the file because it is being used by another process.

2020-11-19T03:48:06.576Z - debug: The process cannot access the file because it is being used by another process.

2020-11-19T03:48:06.743Z - debug:  
2020-11-19T03:48:06.744Z - debug:  
2020-11-19T03:48:10.382Z - debug:  
2020-11-19T03:48:10.498Z - debug:  
2020-11-19T03:48:15.731Z - debug: The process cannot access the file because it is being used by another process.

2020-11-19T03:48:17.779Z - debug: The process cannot access the file because it is being used by another process.

2020-11-19T03:48:18.087Z - debug:  
2020-11-19T03:48:39.222Z - debug:  
2020-11-19T03:48:39.223Z - debug:  
2020-11-19T03:48:39.223Z - debug:  
2020-11-19T03:48:39.420Z - debug:  
2020-11-19T03:48:41.217Z - debug: The process cannot access the file because it is being used by another process.

2020-11-19T03:48:44.960Z - debug:  
2020-11-19T03:48:45.147Z - debug:  
2020-11-19T03:48:45.292Z - debug:  
2020-11-19T03:48:51.985Z - debug:  
2020-11-19T03:48:55.866Z - debug:  
2020-11-19T03:48:55.866Z - debug:  
2020-11-19T03:48:55.866Z - debug:  
2020-11-19T03:48:55.866Z - debug:  
2020-11-19T03:49:04.246Z - debug: The process cannot access the file because it is being used by another process.

2020-11-19T03:49:04.247Z - debug:  
2020-11-19T03:49:06.603Z - debug:  
2020-11-19T03:49:06.604Z - debug:  
2020-11-19T03:49:11.676Z - debug:  
2020-11-19T03:49:21.720Z - debug:  
2020-11-19T03:49:24.810Z - debug:  
2020-11-19T03:49:24.811Z - debug:  
2020-11-19T03:49:30.705Z - debug:  
2020-11-19T03:49:30.706Z - debug:  
2020-11-19T03:49:43.251Z - debug:  
2020-11-19T03:49:43.252Z - debug:  
2020-11-19T03:50:14.501Z - debug:  
2020-11-19T03:50:32.494Z - debug:  
2020-11-19T03:50:32.494Z - debug:  
2020-11-19T03:50:46.040Z - info: Pages built
2020-11-19T03:51:17.996Z - info: Website generation complete! Total build time: 260.087s
2020-11-19T03:51:17.997Z - info: Build success!
2020-11-19T03:51:17.997Z - debug:  
2020-11-19T03:51:18.005Z - info: Site data built
2020-11-19T03:51:58.546Z - info: Deployed!
2020-11-19T07:38:26.361Z - info: Website generation (lazy) started at 3:38:17 PM
2020-11-19T07:38:35.927Z - info: Building assets...
2020-11-19T07:38:41.805Z - info: Assets built
2020-11-19T07:38:41.806Z - info: Generating landing page...
2020-11-19T07:38:42.921Z - info: Landing page built, other pages will be built as you navigate to them!
2020-11-19T07:38:43.020Z - info: Website generation (lazy) complete! Total build time: 25.81s
2020-11-19T07:38:44.287Z - info: Serving "C:\repos\nus-cs2103-AY2021S1\cs2103-website\_site" at http://127.0.0.1:8080
2020-11-19T07:38:44.287Z - info: Press CTRL+C to stop ...
2020-11-19T07:38:44.351Z - info: Site data built
2020-11-19T07:38:44.872Z - info: [3:38:44 PM] Reload for file change: C:\repos\nus-cs2103-AY2021S1\cs2103-website\admin\tp-pe.mbdf
2020-11-19T07:38:45.969Z - info: No pages needed to be rebuilt
2020-11-19T07:42:00.822Z - info: [3:42:00 PM] Reload for file change: C:\repos\nus-cs2103-AY2021S1\cs2103-website\admin\tp-pe.mbdf
2020-11-19T07:42:01.828Z - info: No pages needed to be rebuilt
2020-11-19T07:42:11.684Z - info: Building C:\repos\nus-cs2103-AY2021S1\cs2103-website\admin\tp-pe as some of its dependencies were changed since the last visit
2020-11-19T07:42:13.620Z - info: Site data built
2020-11-19T07:42:13.621Z - info: Lazy website regeneration complete! Total build time: 1.938s
2020-11-19T07:43:00.468Z - info: [3:43:00 PM] Reload for file change: C:\repos\nus-cs2103-AY2021S1\cs2103-website\admin\tp-pe.mbdf
2020-11-19T07:43:01.493Z - info: No pages needed to be rebuilt
2020-11-19T07:44:38.016Z - info: [3:44:38 PM] Reload for file change: C:\repos\nus-cs2103-AY2021S1\cs2103-website\admin\tp-pe.mbdf
2020-11-19T07:44:39.021Z - info: No pages needed to be rebuilt
2020-11-19T07:47:31.049Z - info: Building C:\repos\nus-cs2103-AY2021S1\cs2103-website\admin\tp-pe as some of its dependencies were changed since the last visit
2020-11-19T07:47:32.633Z - info: Site data built
2020-11-19T07:47:32.634Z - info: Lazy website regeneration complete! Total build time: 1.585s
2020-11-19T07:50:31.676Z - info: [3:50:31 PM] Reload for file change: C:\repos\nus-cs2103-AY2021S1\cs2103-website\admin\tp-pe.mbdf
2020-11-19T07:50:32.694Z - info: No pages needed to be rebuilt
2020-11-19T07:50:44.114Z - info: Building C:\repos\nus-cs2103-AY2021S1\cs2103-website\admin\tp-pe as some of its dependencies were changed since the last visit
2020-11-19T07:50:45.807Z - info: Site data built
2020-11-19T07:50:45.809Z - info: Lazy website regeneration complete! Total build time: 1.696s
2020-11-19T07:51:46.037Z - info: [3:51:46 PM] Reload for file change: C:\repos\nus-cs2103-AY2021S1\cs2103-website\admin\tp-pe.mbdf
2020-11-19T07:51:47.052Z - info: No pages needed to be rebuilt
