2020-10-08T16:37:44.671Z - info: Website generation (lazy) started at 12:37:39 AM
2020-10-08T16:37:52.570Z - info: Building assets...
2020-10-08T16:37:59.057Z - info: Assets built
2020-10-08T16:37:59.058Z - info: Generating landing page...
2020-10-08T16:38:00.365Z - info: Landing page built, other pages will be built as you navigate to them!
2020-10-08T16:38:00.449Z - info: Website generation (lazy) complete! Total build time: 21.092s
2020-10-08T16:38:01.254Z - info: Serving "C:\repos\nus-cs2103-AY2021S1\cs2103-website\_site" at http://127.0.0.1:8080
2020-10-08T16:38:01.255Z - info: Press CTRL+C to stop ...
2020-10-08T16:38:01.318Z - info: Site data built
2020-10-08T16:38:50.180Z - info: [12:38:50 AM] Reload for file change: C:\repos\nus-cs2103-AY2021S1\cs2103-website\_markbind\headers\header.md
2020-10-08T16:38:51.112Z - info: [12:38:51 AM] Reload for file change: C:\repos\nus-cs2103-AY2021S1\cs2103-website\_markbind\headers\header.md
2020-10-08T16:38:51.182Z - info: Rebuilding 1 pages
2020-10-08T16:38:52.020Z - info: Pages rebuilt
2020-10-08T16:38:52.020Z - info: Website regeneration complete! Total build time: 0.839s
2020-10-08T16:38:52.028Z - info: Site data built
2020-10-08T16:39:38.194Z - info: Website generation started at 12:39:35 AM
2020-10-08T16:39:47.238Z - info: Building assets...
2020-10-08T16:39:53.644Z - info: Assets built
2020-10-08T16:39:53.645Z - info: Generating pages...
2020-10-08T16:40:12.573Z - debug: The process cannot access the file because it is being used by another process.

2020-10-08T16:40:12.573Z - debug: The process cannot access the file because it is being used by another process.

2020-10-08T16:40:13.703Z - debug: The process cannot access the file because it is being used by another process.

2020-10-08T16:40:13.704Z - debug: The process cannot access the file because it is being used by another process.

2020-10-08T16:40:13.704Z - debug:  
2020-10-08T16:40:13.704Z - debug:  
2020-10-08T16:40:13.705Z - debug:  
2020-10-08T16:40:13.705Z - debug:  
2020-10-08T16:40:13.705Z - debug:  
2020-10-08T16:40:19.311Z - debug: The process cannot access the file because it is being used by another process.

2020-10-08T16:40:19.312Z - debug: The process cannot access the file because it is being used by another process.

2020-10-08T16:40:19.312Z - debug:  
2020-10-08T16:40:20.752Z - debug:  
2020-10-08T16:40:20.753Z - debug: The process cannot access the file because it is being used by another process.

2020-10-08T16:40:20.753Z - debug: The process cannot access the file because it is being used by another process.

2020-10-08T16:40:20.876Z - debug:  
2020-10-08T16:40:20.959Z - debug:  
2020-10-08T16:40:21.471Z - debug: The process cannot access the file because it is being used by another process.

2020-10-08T16:40:21.473Z - debug: The process cannot access the file because it is being used by another process.

2020-10-08T16:40:24.936Z - debug:  
2020-10-08T16:40:25.471Z - debug:  
2020-10-08T16:40:40.849Z - debug: The process cannot access the file because it is being used by another process.

2020-10-08T16:40:41.463Z - debug: The process cannot access the file because it is being used by another process.

2020-10-08T16:40:42.277Z - debug: The process cannot access the file because it is being used by another process.

2020-10-08T16:40:42.278Z - debug:  
2020-10-08T16:40:43.933Z - debug: The process cannot access the file because it is being used by another process.

2020-10-08T16:40:44.677Z - debug: The process cannot access the file because it is being used by another process.

2020-10-08T16:40:46.091Z - debug:  
2020-10-08T16:40:47.474Z - debug:  
2020-10-08T16:40:50.109Z - debug: The process cannot access the file because it is being used by another process.

2020-10-08T16:40:50.453Z - debug: The process cannot access the file because it is being used by another process.

2020-10-08T16:40:51.946Z - debug: The process cannot access the file because it is being used by another process.

2020-10-08T16:40:51.947Z - debug: The process cannot access the file because it is being used by another process.

2020-10-08T16:40:51.947Z - debug:  
2020-10-08T16:40:52.178Z - debug:  
2020-10-08T16:40:56.761Z - debug:  
2020-10-08T16:40:56.952Z - debug:  
2020-10-08T16:41:03.299Z - debug: The process cannot access the file because it is being used by another process.

2020-10-08T16:41:05.485Z - debug: The process cannot access the file because it is being used by another process.

2020-10-08T16:41:06.469Z - debug:  
2020-10-08T16:41:30.804Z - debug:  
2020-10-08T16:41:30.806Z - debug:  
2020-10-08T16:41:30.806Z - debug:  
2020-10-08T16:41:30.806Z - debug:  
2020-10-08T16:41:36.745Z - debug:  
2020-10-08T16:41:36.745Z - debug:  
2020-10-08T16:41:36.750Z - debug:  
2020-10-08T16:41:47.541Z - debug:  
2020-10-08T16:41:48.389Z - debug:  
2020-10-08T16:41:48.390Z - debug:  
2020-10-08T16:41:48.390Z - debug:  
2020-10-08T16:41:48.390Z - debug:  
2020-10-08T16:41:55.985Z - debug: The process cannot access the file because it is being used by another process.

2020-10-08T16:41:56.326Z - debug:  
2020-10-08T16:41:56.327Z - debug:  
2020-10-08T16:41:56.327Z - debug:  
2020-10-08T16:42:02.511Z - debug:  
2020-10-08T16:42:10.009Z - debug:  
2020-10-08T16:42:16.431Z - debug:  
2020-10-08T16:42:23.977Z - debug:  
2020-10-08T16:42:23.977Z - debug:  
2020-10-08T16:42:27.805Z - info: Pages built
2020-10-08T16:42:52.718Z - info: Website generation complete! Total build time: 196.949s
2020-10-08T16:42:52.720Z - info: Build success!
2020-10-08T16:42:52.723Z - info: Site data built
2020-10-08T16:43:27.520Z - info: Deployed!
2020-10-09T14:32:06.864Z - info: Website generation (lazy) started at 10:31:57 PM
2020-10-09T14:32:15.057Z - info: Building assets...
2020-10-09T14:32:20.854Z - info: Assets built
2020-10-09T14:32:20.855Z - info: Generating landing page...
2020-10-09T14:32:24.335Z - info: Landing page built, other pages will be built as you navigate to them!
2020-10-09T14:32:24.470Z - info: Website generation (lazy) complete! Total build time: 26.88s
2020-10-09T14:32:25.309Z - info: Serving "C:\repos\nus-cs2103-AY2021S1\cs2103-website\_site" at http://127.0.0.1:8080
2020-10-09T14:32:25.309Z - info: Press CTRL+C to stop ...
2020-10-09T14:32:25.382Z - info: Site data built
2020-10-09T14:33:17.856Z - info: [10:33:17 PM] Reload for file change: C:\repos\nus-cs2103-AY2021S1\cs2103-website\_markbind\variables.md
2020-10-09T14:33:19.020Z - warn: Rebuilding all pages as variables file was changed, or the --force-reload flag was set
2020-10-09T14:33:19.028Z - info: Rebuilding 1 pages
2020-10-09T14:33:19.849Z - info: Pages rebuilt
2020-10-09T14:33:19.850Z - info: Website regeneration complete! Total build time: 0.985s
2020-10-09T14:33:19.854Z - info: Site data built
2020-10-09T14:33:34.077Z - info: Building C:\repos\nus-cs2103-AY2021S1\cs2103-website\schedule\week9\admin as some of its dependencies were changed since the last visit
2020-10-09T14:33:34.517Z - info: Site data built
2020-10-09T14:33:34.517Z - info: Lazy website regeneration complete! Total build time: 0.44s
2020-10-09T14:33:41.609Z - info: Building C:\repos\nus-cs2103-AY2021S1\cs2103-website\schedule\week9\project as some of its dependencies were changed since the last visit
2020-10-09T14:33:42.333Z - info: Site data built
2020-10-09T14:33:42.333Z - info: Lazy website regeneration complete! Total build time: 0.725s
2020-10-09T14:33:56.631Z - info: Website generation started at 10:33:53 PM
2020-10-09T14:34:04.503Z - info: Building assets...
2020-10-09T14:34:10.010Z - info: Assets built
2020-10-09T14:34:10.011Z - info: Generating pages...
2020-10-09T14:34:24.449Z - debug: The process cannot access the file because it is being used by another process.

2020-10-09T14:34:24.450Z - debug: The process cannot access the file because it is being used by another process.

2020-10-09T14:34:28.087Z - debug:  
2020-10-09T14:34:28.088Z - debug:  
2020-10-09T14:34:28.088Z - debug:  
2020-10-09T14:34:28.088Z - debug:  
2020-10-09T14:34:28.088Z - debug:  
2020-10-09T14:34:30.487Z - debug:  
2020-10-09T14:34:34.880Z - debug:  
2020-10-09T14:34:34.880Z - debug:  
2020-10-09T14:34:34.881Z - debug: The process cannot access the file because it is being used by another process.

2020-10-09T14:34:34.881Z - debug: The process cannot access the file because it is being used by another process.

2020-10-09T14:34:34.881Z - debug:  
2020-10-09T14:34:34.882Z - debug:  
2020-10-09T14:34:36.381Z - debug: The process cannot access the file because it is being used by another process.

2020-10-09T14:34:36.382Z - debug: The process cannot access the file because it is being used by another process.

2020-10-09T14:34:36.467Z - debug:  
2020-10-09T14:34:36.532Z - debug:  
2020-10-09T14:34:37.241Z - debug: The process cannot access the file because it is being used by another process.

2020-10-09T14:34:37.241Z - debug: The process cannot access the file because it is being used by another process.

2020-10-09T14:34:40.759Z - debug:  
2020-10-09T14:34:40.760Z - debug:  
2020-10-09T14:34:54.112Z - debug: The process cannot access the file because it is being used by another process.

2020-10-09T14:34:54.823Z - debug: The process cannot access the file because it is being used by another process.

2020-10-09T14:34:55.774Z - debug: The process cannot access the file because it is being used by another process.

2020-10-09T14:34:55.775Z - debug:  
2020-10-09T14:34:57.484Z - debug: The process cannot access the file because it is being used by another process.

2020-10-09T14:34:58.047Z - debug: The process cannot access the file because it is being used by another process.

2020-10-09T14:34:59.512Z - debug:  
2020-10-09T14:35:00.795Z - debug:  
2020-10-09T14:35:04.097Z - debug: The process cannot access the file because it is being used by another process.

2020-10-09T14:35:04.240Z - debug: The process cannot access the file because it is being used by another process.

2020-10-09T14:35:05.754Z - debug:  
2020-10-09T14:35:05.755Z - debug: The process cannot access the file because it is being used by another process.

2020-10-09T14:35:05.758Z - debug:  
2020-10-09T14:35:08.184Z - debug: The process cannot access the file because it is being used by another process.

2020-10-09T14:35:08.185Z - debug:  
2020-10-09T14:35:09.621Z - debug:  
2020-10-09T14:35:15.527Z - debug: The process cannot access the file because it is being used by another process.

2020-10-09T14:35:17.625Z - debug: The process cannot access the file because it is being used by another process.

2020-10-09T14:35:17.785Z - debug:  
2020-10-09T14:35:41.154Z - debug:  
2020-10-09T14:35:41.368Z - debug:  
2020-10-09T14:35:41.369Z - debug:  
2020-10-09T14:35:41.369Z - debug:  
2020-10-09T14:35:46.559Z - debug:  
2020-10-09T14:35:46.673Z - debug:  
2020-10-09T14:35:46.802Z - debug:  
2020-10-09T14:35:56.504Z - debug:  
2020-10-09T14:35:56.504Z - debug:  
2020-10-09T14:35:56.504Z - debug:  
2020-10-09T14:35:56.504Z - debug:  
2020-10-09T14:35:56.504Z - debug:  
2020-10-09T14:36:04.885Z - debug:  
2020-10-09T14:36:04.886Z - debug:  
2020-10-09T14:36:04.886Z - debug:  
2020-10-09T14:36:09.072Z - debug:  
2020-10-09T14:36:16.349Z - debug:  
2020-10-09T14:36:31.023Z - debug:  
2020-10-09T14:36:36.692Z - debug:  
2020-10-09T14:36:36.693Z - debug:  
2020-10-09T14:37:05.955Z - debug:  
2020-10-09T14:37:22.292Z - debug:  
2020-10-09T14:37:22.296Z - debug:  
2020-10-09T14:37:35.137Z - info: Pages built
2020-10-09T14:38:03.007Z - info: Website generation complete! Total build time: 249.042s
2020-10-09T14:38:03.011Z - info: Build success!
2020-10-09T14:38:03.012Z - debug:  
2020-10-09T14:38:03.015Z - info: Site data built
2020-10-09T14:38:46.113Z - info: Deployed!
2020-10-09T14:46:39.222Z - info: Website generation (lazy) started at 10:46:34 PM
2020-10-09T14:46:51.335Z - info: Building assets...
2020-10-09T14:47:01.147Z - info: Assets built
2020-10-09T14:47:01.155Z - info: Generating landing page...
2020-10-09T14:47:02.920Z - info: Landing page built, other pages will be built as you navigate to them!
2020-10-09T14:47:03.015Z - info: Website generation (lazy) complete! Total build time: 28.333s
2020-10-09T14:47:04.306Z - info: Serving "C:\repos\nus-cs2103-AY2021S1\cs2103-website\_site" at http://127.0.0.1:8080
2020-10-09T14:47:04.306Z - info: Press CTRL+C to stop ...
2020-10-09T14:47:04.668Z - info: Site data built
2020-10-09T14:47:05.201Z - info: [10:47:05 PM] Reload for file change: C:\repos\nus-cs2103-AY2021S1\cs2103-website\admin\tp-tasks.mbdf
2020-10-09T14:47:06.254Z - info: Rebuilding 1 pages
2020-10-09T14:47:08.616Z - info: Pages rebuilt
2020-10-09T14:47:08.617Z - info: Website regeneration complete! Total build time: 2.364s
2020-10-09T14:47:10.726Z - info: Site data built
2020-10-09T14:47:29.085Z - info: [10:47:29 PM] Reload for file change: C:\repos\nus-cs2103-AY2021S1\cs2103-website\admin\tp-tasks.mbdf
2020-10-09T14:47:30.098Z - info: Rebuilding 1 pages
2020-10-09T14:47:30.766Z - info: Pages rebuilt
2020-10-09T14:47:30.766Z - info: Website regeneration complete! Total build time: 0.669s
2020-10-09T14:47:30.770Z - info: Site data built
2020-10-09T14:47:33.308Z - info: Building C:\repos\nus-cs2103-AY2021S1\cs2103-website\schedule\week9\project as some of its dependencies were changed since the last visit
2020-10-09T14:47:34.018Z - info: Site data built
2020-10-09T14:47:34.019Z - info: Lazy website regeneration complete! Total build time: 0.711s
2020-10-09T14:52:10.784Z - info: [10:52:10 PM] Reload for file change: C:\repos\nus-cs2103-AY2021S1\cs2103-website\admin\tp-tasks.mbdf
2020-10-09T14:52:11.796Z - info: Rebuilding 1 pages
2020-10-09T14:52:13.181Z - info: Pages rebuilt
2020-10-09T14:52:13.181Z - info: Website regeneration complete! Total build time: 1.39s
2020-10-09T14:52:13.210Z - info: Site data built
2020-10-09T14:52:23.479Z - info: [10:52:23 PM] Reload for file change: C:\repos\nus-cs2103-AY2021S1\cs2103-website\admin\tp-tasks.mbdf
2020-10-09T14:52:24.489Z - info: Rebuilding 1 pages
2020-10-09T14:52:25.196Z - info: Pages rebuilt
2020-10-09T14:52:25.196Z - info: Website regeneration complete! Total build time: 0.71s
2020-10-09T14:52:25.201Z - info: Site data built
2020-10-09T14:57:20.429Z - info: Website generation started at 10:57:17 PM
2020-10-09T14:57:29.901Z - info: Building assets...
2020-10-09T14:57:37.163Z - info: Assets built
2020-10-09T14:57:37.164Z - info: Generating pages...
2020-10-09T14:57:59.167Z - debug: The process cannot access the file because it is being used by another process.

2020-10-09T14:57:59.168Z - debug: The process cannot access the file because it is being used by another process.

2020-10-09T14:58:02.472Z - debug:  
2020-10-09T14:58:02.473Z - debug:  
2020-10-09T14:58:02.474Z - debug:  
2020-10-09T14:58:02.474Z - debug:  
2020-10-09T14:58:02.475Z - debug:  
2020-10-09T14:58:05.173Z - debug:  
2020-10-09T14:58:11.504Z - debug: The process cannot access the file because it is being used by another process.

2020-10-09T14:58:11.505Z - debug: The process cannot access the file because it is being used by another process.

2020-10-09T14:58:11.505Z - debug: The process cannot access the file because it is being used by another process.

2020-10-09T14:58:11.506Z - debug: The process cannot access the file because it is being used by another process.

2020-10-09T14:58:11.506Z - debug:  
2020-10-09T14:58:11.733Z - debug:  
2020-10-09T14:58:11.816Z - debug:  
2020-10-09T14:58:13.353Z - debug:  
2020-10-09T14:58:15.512Z - debug: The process cannot access the file because it is being used by another process.

2020-10-09T14:58:15.513Z - debug: The process cannot access the file because it is being used by another process.

2020-10-09T14:58:16.190Z - debug: The process cannot access the file because it is being used by another process.

2020-10-09T14:58:16.191Z - debug: The process cannot access the file because it is being used by another process.

2020-10-09T14:58:20.392Z - debug:  
2020-10-09T14:58:20.394Z - debug:  
2020-10-09T14:58:41.512Z - debug: The process cannot access the file because it is being used by another process.

2020-10-09T14:58:41.513Z - debug: The process cannot access the file because it is being used by another process.

2020-10-09T14:58:42.887Z - debug:  
2020-10-09T14:58:44.698Z - debug: The process cannot access the file because it is being used by another process.

2020-10-09T14:58:45.205Z - debug:  
2020-10-09T14:58:46.342Z - debug: The process cannot access the file because it is being used by another process.

2020-10-09T14:58:48.453Z - debug: The process cannot access the file because it is being used by another process.

2020-10-09T14:58:48.453Z - debug:  
2020-10-09T14:58:53.079Z - debug: The process cannot access the file because it is being used by another process.

2020-10-09T14:58:53.647Z - debug: The process cannot access the file because it is being used by another process.

2020-10-09T14:58:55.014Z - debug: The process cannot access the file because it is being used by another process.

2020-10-09T14:58:55.015Z - debug: The process cannot access the file because it is being used by another process.

2020-10-09T14:58:55.333Z - debug:  
2020-10-09T14:58:57.904Z - debug:  
2020-10-09T14:59:00.413Z - debug:  
2020-10-09T14:59:00.415Z - debug:  
2020-10-09T14:59:08.390Z - debug: The process cannot access the file because it is being used by another process.

2020-10-09T14:59:11.040Z - debug: The process cannot access the file because it is being used by another process.

2020-10-09T14:59:11.042Z - debug:  
2020-10-09T14:59:36.228Z - debug:  
2020-10-09T14:59:36.229Z - debug:  
2020-10-09T14:59:36.229Z - debug:  
2020-10-09T14:59:36.230Z - debug:  
2020-10-09T14:59:39.787Z - debug: The process cannot access the file because it is being used by another process.

2020-10-09T14:59:42.958Z - debug:  
2020-10-09T14:59:43.175Z - debug:  
2020-10-09T14:59:43.335Z - debug:  
2020-10-09T14:59:53.999Z - debug:  
2020-10-09T14:59:54.789Z - debug:  
2020-10-09T14:59:54.789Z - debug:  
2020-10-09T14:59:54.790Z - debug:  
2020-10-09T14:59:54.790Z - debug:  
2020-10-09T15:00:01.883Z - debug: The process cannot access the file because it is being used by another process.

2020-10-09T15:00:02.284Z - debug:  
2020-10-09T15:00:02.898Z - debug:  
2020-10-09T15:00:03.736Z - debug:  
2020-10-09T15:00:08.553Z - debug:  
2020-10-09T15:00:19.819Z - debug:  
2020-10-09T15:00:21.708Z - debug:  
2020-10-09T15:00:21.708Z - debug:  
2020-10-09T15:00:27.515Z - debug:  
2020-10-09T15:00:27.516Z - debug:  
2020-10-09T15:00:40.752Z - debug:  
2020-10-09T15:00:43.053Z - debug:  
2020-10-09T15:01:10.845Z - debug:  
2020-10-09T15:01:25.277Z - debug:  
2020-10-09T15:01:25.277Z - debug:  
2020-10-09T15:01:37.366Z - info: Pages built
2020-10-09T15:02:09.066Z - info: Website generation complete! Total build time: 291.138s
2020-10-09T15:02:09.070Z - info: Build success!
2020-10-09T15:02:09.070Z - debug:  
2020-10-09T15:02:09.074Z - info: Site data built
2020-10-09T15:02:49.344Z - info: Deployed!
