2020-08-29T10:29:26.678Z - info: Website generation started at 6:29:21 PM
2020-08-29T10:29:34.486Z - info: Building assets...
2020-08-29T10:29:39.800Z - info: Assets built
2020-08-29T10:29:39.801Z - info: Generating pages...
2020-08-29T10:29:53.850Z - debug: The process cannot access the file because it is being used by another process.

2020-08-29T10:29:53.850Z - debug: The process cannot access the file because it is being used by another process.

2020-08-29T10:29:57.315Z - debug:  
2020-08-29T10:29:57.315Z - debug:  
2020-08-29T10:29:57.316Z - debug:  
2020-08-29T10:29:57.316Z - debug:  
2020-08-29T10:29:58.722Z - debug:  
2020-08-29T10:30:03.292Z - debug:  
2020-08-29T10:30:03.292Z - debug:  
2020-08-29T10:30:03.293Z - debug: The process cannot access the file because it is being used by another process.

2020-08-29T10:30:03.293Z - debug: The process cannot access the file because it is being used by another process.

2020-08-29T10:30:03.293Z - debug:  
2020-08-29T10:30:03.566Z - debug:  
2020-08-29T10:30:04.666Z - debug: The process cannot access the file because it is being used by another process.

2020-08-29T10:30:04.667Z - debug: The process cannot access the file because it is being used by another process.

2020-08-29T10:30:04.755Z - debug:  
2020-08-29T10:30:04.756Z - debug:  
2020-08-29T10:30:05.203Z - debug: The process cannot access the file because it is being used by another process.

2020-08-29T10:30:05.204Z - debug: The process cannot access the file because it is being used by another process.

2020-08-29T10:30:08.223Z - debug:  
2020-08-29T10:30:08.311Z - debug:  
2020-08-29T10:30:26.829Z - debug: The process cannot access the file because it is being used by another process.

2020-08-29T10:30:27.300Z - debug: The process cannot access the file because it is being used by another process.

2020-08-29T10:30:28.614Z - debug: The process cannot access the file because it is being used by another process.

2020-08-29T10:30:28.614Z - debug: The process cannot access the file because it is being used by another process.

2020-08-29T10:30:28.663Z - debug:  
2020-08-29T10:30:30.826Z - debug:  
2020-08-29T10:30:32.256Z - debug:  
2020-08-29T10:30:32.474Z - debug:  
2020-08-29T10:30:37.972Z - debug: The process cannot access the file because it is being used by another process.

2020-08-29T10:30:39.946Z - debug: The process cannot access the file because it is being used by another process.

2020-08-29T10:30:40.127Z - debug:  
2020-08-29T10:31:02.023Z - debug:  
2020-08-29T10:31:02.355Z - debug:  
2020-08-29T10:31:02.355Z - debug:  
2020-08-29T10:31:02.355Z - debug:  
2020-08-29T10:31:06.714Z - debug:  
2020-08-29T10:31:06.865Z - debug:  
2020-08-29T10:31:13.454Z - debug:  
2020-08-29T10:31:15.923Z - debug:  
2020-08-29T10:31:16.476Z - debug:  
2020-08-29T10:31:16.477Z - debug:  
2020-08-29T10:31:16.477Z - debug:  
2020-08-29T10:31:23.971Z - debug:  
2020-08-29T10:31:23.972Z - debug:  
2020-08-29T10:31:28.676Z - debug:  
2020-08-29T10:31:40.053Z - debug:  
2020-08-29T10:31:40.054Z - debug:  
2020-08-29T10:31:43.978Z - debug:  
2020-08-29T10:31:43.978Z - debug:  
2020-08-29T10:31:55.413Z - debug:  
2020-08-29T10:32:20.885Z - debug:  
2020-08-29T10:32:34.431Z - debug:  
2020-08-29T10:32:34.431Z - debug:  
2020-08-29T10:32:42.685Z - info: Pages built
2020-08-29T10:33:11.305Z - info: Website generation complete! Total build time: 229.598s
2020-08-29T10:33:11.308Z - info: Build success!
2020-08-29T10:33:11.308Z - debug:  
2020-08-29T10:33:11.311Z - info: Site data built
2020-08-29T10:33:56.997Z - info: Deployed!
