2020-07-14T16:03:23.069Z - info: [12:03:23 AM] Reload for file change: C:\repos\nus-cs2103-AY2021S1\cs2103-website\admin\participation.md
2020-07-14T16:03:24.105Z - info: No pages needed to be rebuilt
2020-07-14T16:03:49.292Z - info: [12:03:49 AM] Reload for file change: C:\repos\nus-cs2103-AY2021S1\cs2103-website\admin\participation.md
2020-07-14T16:03:50.298Z - info: Rebuilding 1 pages
2020-07-14T16:03:50.650Z - info: Building C:\repos\nus-cs2103-AY2021S1\cs2103-website\admin\participation as some of its dependencies were changed since the last visit
2020-07-14T16:03:50.969Z - info: Pages rebuilt
2020-07-14T16:03:50.970Z - info: Website regeneration complete! Total build time: 0.674s
2020-07-14T16:03:51.002Z - info: Site data built
2020-07-14T16:03:51.005Z - info: Site data built
2020-07-14T16:03:51.005Z - info: Lazy website regeneration complete! Total build time: 0.355s
2020-07-14T16:04:34.398Z - info: [12:04:34 AM] Reload for file change: C:\repos\nus-cs2103-AY2021S1\cs2103-website\admin\participation.md
2020-07-14T16:04:35.414Z - info: No pages needed to be rebuilt
2020-07-14T16:04:54.583Z - info: [12:04:54 AM] Reload for file change: C:\repos\nus-cs2103-AY2021S1\cs2103-website\admin\participation.md
2020-07-14T16:04:55.588Z - info: No pages needed to be rebuilt
2020-07-14T16:05:02.843Z - info: Building C:\repos\nus-cs2103-AY2021S1\cs2103-website\admin\participation as some of its dependencies were changed since the last visit
2020-07-14T16:05:03.525Z - info: Site data built
2020-07-14T16:05:03.525Z - info: Lazy website regeneration complete! Total build time: 0.683s
2020-07-14T16:05:56.781Z - info: [12:05:56 AM] Reload for file change: C:\repos\nus-cs2103-AY2021S1\cs2103-website\admin\participation.md
2020-07-14T16:05:57.795Z - info: No pages needed to be rebuilt
2020-07-14T16:07:22.936Z - info: [12:07:22 AM] Reload for file change: C:\repos\nus-cs2103-AY2021S1\cs2103-website\admin\participation.md
2020-07-14T16:07:23.944Z - info: No pages needed to be rebuilt
2020-07-14T16:12:09.102Z - info: Building C:\repos\nus-cs2103-AY2021S1\cs2103-website\admin\participation as some of its dependencies were changed since the last visit
2020-07-14T16:12:09.899Z - info: Site data built
2020-07-14T16:12:09.901Z - info: Lazy website regeneration complete! Total build time: 0.808s
2020-07-14T16:13:13.555Z - info: [12:13:13 AM] Reload for file change: C:\repos\nus-cs2103-AY2021S1\cs2103-website\admin\participation.md
2020-07-14T16:13:14.585Z - info: No pages needed to be rebuilt
2020-07-14T16:13:39.652Z - info: [12:13:39 AM] Reload for file change: C:\repos\nus-cs2103-AY2021S1\cs2103-website\admin\participation.md
2020-07-14T16:13:40.664Z - info: No pages needed to be rebuilt
2020-07-14T16:13:53.147Z - info: Building C:\repos\nus-cs2103-AY2021S1\cs2103-website\admin\gradeBreakdown as some of its dependencies were changed since the last visit
2020-07-14T16:13:55.767Z - info: Site data built
2020-07-14T16:13:55.768Z - info: Lazy website regeneration complete! Total build time: 2.621s
2020-07-14T16:13:56.367Z - debug:  
2020-07-14T16:16:33.046Z - info: [12:16:33 AM] Reload for file change: C:\repos\nus-cs2103-AY2021S1\cs2103-website\admin\gradeBreakdown.md
2020-07-14T16:16:34.068Z - info: No pages needed to be rebuilt
2020-07-14T16:16:43.858Z - info: Building C:\repos\nus-cs2103-AY2021S1\cs2103-website\admin\gradeBreakdown as some of its dependencies were changed since the last visit
2020-07-14T16:16:46.453Z - info: Site data built
2020-07-14T16:16:46.459Z - info: Lazy website regeneration complete! Total build time: 2.601s
2020-07-14T16:16:46.526Z - debug:  
2020-07-14T16:17:40.020Z - info: Building C:\repos\nus-cs2103-AY2021S1\cs2103-website\admin\appendixA-principles as some of its dependencies were changed since the last visit
2020-07-14T16:17:40.600Z - info: Site data built
2020-07-14T16:17:40.601Z - info: Lazy website regeneration complete! Total build time: 0.582s
2020-07-14T16:17:45.239Z - info: Building C:\repos\nus-cs2103-AY2021S1\cs2103-website\admin\appendixB-policies as some of its dependencies were changed since the last visit
2020-07-14T16:17:46.414Z - info: Site data built
2020-07-14T16:17:46.415Z - info: Lazy website regeneration complete! Total build time: 1.177s
2020-07-14T16:17:56.807Z - info: Building C:\repos\nus-cs2103-AY2021S1\cs2103-website\admin\appendixC-faq as some of its dependencies were changed since the last visit
2020-07-14T16:17:57.288Z - info: Site data built
2020-07-14T16:17:57.288Z - info: Lazy website regeneration complete! Total build time: 0.482s
2020-07-14T16:18:04.173Z - info: Building C:\repos\nus-cs2103-AY2021S1\cs2103-website\admin\appendixD-help as some of its dependencies were changed since the last visit
2020-07-14T16:18:04.549Z - info: Site data built
2020-07-14T16:18:04.550Z - info: Lazy website regeneration complete! Total build time: 0.377s
2020-07-14T16:18:11.917Z - info: Building C:\repos\nus-cs2103-AY2021S1\cs2103-website\admin\appendixE-gitHub as some of its dependencies were changed since the last visit
2020-07-14T16:18:12.752Z - info: Site data built
2020-07-14T16:18:12.753Z - info: Lazy website regeneration complete! Total build time: 0.836s
2020-07-14T16:18:20.283Z - info: Building C:\repos\nus-cs2103-AY2021S1\cs2103-website\admin\appendixF-teamworkIssues as some of its dependencies were changed since the last visit
2020-07-14T16:18:20.600Z - info: Site data built
2020-07-14T16:18:20.600Z - info: Lazy website regeneration complete! Total build time: 0.318s
2020-07-14T16:18:28.796Z - info: Building C:\repos\nus-cs2103-AY2021S1\cs2103-website\schedule\week1\index as some of its dependencies were changed since the last visit
2020-07-14T16:18:29.219Z - info: Site data built
2020-07-14T16:18:29.220Z - info: Lazy website regeneration complete! Total build time: 0.424s
2020-07-14T16:57:41.444Z - info: [12:57:41 AM] Reload for file change: C:\repos\nus-cs2103-AY2021S1\cs2103-website\site.json
2020-07-14T16:57:42.491Z - info: Assets built
2020-07-15T06:17:53.406Z - info: Website generation (lazy) started at 2:17:45 PM
2020-07-15T06:18:06.604Z - info: Building assets...
2020-07-15T06:18:12.339Z - info: Assets built
2020-07-15T06:18:12.340Z - info: Generating landing page...
2020-07-15T06:18:13.224Z - info: Landing page built, other pages will be built as you navigate to them!
2020-07-15T06:18:13.319Z - info: Website generation (lazy) complete! Total build time: 27.679s
2020-07-15T06:18:14.590Z - info: Serving "C:\repos\nus-cs2103-AY2021S1\cs2103-website\_site" at http://127.0.0.1:8080
2020-07-15T06:18:14.590Z - info: Press CTRL+C to stop ...
2020-07-15T06:18:14.668Z - info: Site data built
2020-07-15T06:18:39.424Z - info: Building C:\repos\nus-cs2103-AY2021S1\cs2103-website\schedule\week1\index as some of its dependencies were changed since the last visit
2020-07-15T06:18:40.022Z - info: Site data built
2020-07-15T06:18:40.022Z - info: Lazy website regeneration complete! Total build time: 0.6s
2020-07-15T06:38:21.505Z - info: [2:38:21 PM] Reload for file add: C:\repos\nus-cs2103-AY2021S1\cs2103-website\admin\common-notices.mbdf
2020-07-15T06:38:22.544Z - info: File added or removed, updating list of site's pages...
2020-07-15T06:38:27.331Z - info: Assets removed
2020-07-15T06:38:28.469Z - info: Building C:\repos\nus-cs2103-AY2021S1\cs2103-website\schedule\week1\index as some of its dependencies were changed since the last visit
2020-07-15T06:38:29.199Z - info: Site data built
2020-07-15T06:38:29.200Z - info: Lazy website regeneration complete! Total build time: 0.731s
2020-07-15T06:39:22.074Z - info: [2:39:22 PM] Reload for file change: C:\repos\nus-cs2103-AY2021S1\cs2103-website\admin\common-notices.mbdf
2020-07-15T06:39:23.089Z - info: No pages needed to be rebuilt
2020-07-15T06:42:57.856Z - info: [2:42:57 PM] Reload for file change: C:\repos\nus-cs2103-AY2021S1\cs2103-website\admin\common-notices.mbdf
2020-07-15T06:42:57.885Z - info: [2:42:57 PM] Reload for file change: C:\repos\nus-cs2103-AY2021S1\cs2103-website\schedule\week1\notices-cs2113.mbdf
2020-07-15T06:42:58.874Z - info: Rebuilding 1 pages
2020-07-15T06:42:58.932Z - error:  Error: No such segment 'semester-start' in file: C:\repos\nus-cs2103-AY2021S1\cs2103-website\admin\common-notices.mbdf
Missing reference in C:\repos\nus-cs2103-AY2021S1\cs2103-website\schedule\week1\notices-cs2113.mbdf
    at _preprocessInclude (C:\repos\markbind\markbind\packages\core\src\preprocessors\componentPreprocessor.js:264:21)
    at preProcessComponent (C:\repos\markbind\markbind\packages\core\src\preprocessors\componentPreprocessor.js:349:12)
    at C:\repos\markbind\markbind\packages\core\src\preprocessors\componentPreprocessor.js:356:52
    at Array.map (<anonymous>)
    at preProcessComponent (C:\repos\markbind\markbind\packages\core\src\preprocessors\componentPreprocessor.js:356:43)
    at C:\repos\markbind\markbind\packages\core\src\preprocessors\componentPreprocessor.js:298:50
    at Array.map (<anonymous>)
    at _preprocessInclude (C:\repos\markbind\markbind\packages\core\src\preprocessors\componentPreprocessor.js:298:41)
    at preProcessComponent (C:\repos\markbind\markbind\packages\core\src\preprocessors\componentPreprocessor.js:349:12)
    at C:\repos\markbind\markbind\packages\core\src\preprocessors\componentPreprocessor.js:356:52
    at Array.map (<anonymous>)
    at Object.preProcessComponent (C:\repos\markbind\markbind\packages\core\src\preprocessors\componentPreprocessor.js:356:43)
    at C:\repos\markbind\markbind\packages\core\src\Parser.js:187:47
    at Array.map (<anonymous>)
    at DomHandler._callback (C:\repos\markbind\markbind\packages\core\src\Parser.js:184:27)
    at DomHandler._handleCallback.DomHandler.onerror (C:\repos\markbind\markbind\node_modules\domhandler\index.js:52:8)
2020-07-15T06:42:59.274Z - info: Pages rebuilt
2020-07-15T06:42:59.274Z - info: Website regeneration complete! Total build time: 0.411s
2020-07-15T06:42:59.278Z - info: Site data built
2020-07-15T06:43:22.983Z - info: [2:43:22 PM] Reload for file change: C:\repos\nus-cs2103-AY2021S1\cs2103-website\admin\common-notices.mbdf
2020-07-15T06:43:23.997Z - info: Rebuilding 1 pages
2020-07-15T06:43:24.329Z - info: Pages rebuilt
2020-07-15T06:43:24.329Z - info: Website regeneration complete! Total build time: 0.336s
2020-07-15T06:43:24.333Z - info: Site data built
2020-07-15T06:44:01.843Z - info: [2:44:01 PM] Reload for file change: C:\repos\nus-cs2103-AY2021S1\cs2103-website\admin\common-notices.mbdf
2020-07-15T06:44:02.854Z - info: Rebuilding 1 pages
2020-07-15T06:44:03.184Z - info: Pages rebuilt
2020-07-15T06:44:03.184Z - info: Website regeneration complete! Total build time: 0.333s
2020-07-15T06:44:03.187Z - info: Site data built
2020-07-15T06:44:21.402Z - info: [2:44:21 PM] Reload for file change: C:\repos\nus-cs2103-AY2021S1\cs2103-website\admin\common-notices.mbdf
2020-07-15T06:44:22.408Z - info: Rebuilding 1 pages
2020-07-15T06:44:22.722Z - info: Pages rebuilt
2020-07-15T06:44:22.722Z - info: Website regeneration complete! Total build time: 0.316s
2020-07-15T06:44:22.725Z - info: Site data built
2020-07-15T06:47:31.702Z - info: [2:47:31 PM] Reload for file change: C:\repos\nus-cs2103-AY2021S1\cs2103-website\admin\common-notices.mbdf
2020-07-15T06:47:31.726Z - info: [2:47:31 PM] Reload for file change: C:\repos\nus-cs2103-AY2021S1\cs2103-website\_markbind\variables.md
2020-07-15T06:47:32.854Z - warn: Rebuilding all pages as variables file was changed, or the --force-reload flag was set
2020-07-15T06:47:32.859Z - info: Rebuilding 1 pages
2020-07-15T06:47:33.158Z - info: Pages rebuilt
2020-07-15T06:47:33.158Z - info: Website regeneration complete! Total build time: 0.451s
2020-07-15T06:47:33.167Z - info: Site data built
2020-07-15T06:47:42.838Z - info: [2:47:42 PM] Reload for file change: C:\repos\nus-cs2103-AY2021S1\cs2103-website\admin\common-notices.mbdf
2020-07-15T06:47:43.843Z - info: Rebuilding 1 pages
2020-07-15T06:47:44.142Z - info: Pages rebuilt
2020-07-15T06:47:44.142Z - info: Website regeneration complete! Total build time: 0.302s
2020-07-15T06:47:44.145Z - info: Site data built
2020-07-15T06:48:03.327Z - info: [2:48:03 PM] Reload for file change: C:\repos\nus-cs2103-AY2021S1\cs2103-website\admin\common-notices.mbdf
2020-07-15T06:48:04.335Z - info: Rebuilding 1 pages
2020-07-15T06:48:04.688Z - info: Pages rebuilt
2020-07-15T06:48:04.689Z - info: Website regeneration complete! Total build time: 0.358s
2020-07-15T06:48:04.692Z - info: Site data built
2020-07-15T06:48:40.259Z - info: [2:48:40 PM] Reload for file change: C:\repos\nus-cs2103-AY2021S1\cs2103-website\admin\common-notices.mbdf
2020-07-15T06:48:41.269Z - info: Rebuilding 1 pages
2020-07-15T06:48:41.751Z - info: Pages rebuilt
2020-07-15T06:48:41.751Z - info: Website regeneration complete! Total build time: 0.488s
2020-07-15T06:48:41.754Z - info: Site data built
2020-07-15T06:52:16.322Z - info: [2:52:16 PM] Reload for file change: C:\repos\nus-cs2103-AY2021S1\cs2103-website\schedule\week1\notices-cs2103.mbdf
2020-07-15T06:52:16.341Z - info: [2:52:16 PM] Reload for file change: C:\repos\nus-cs2103-AY2021S1\cs2103-website\admin\common-notices.mbdf
2020-07-15T06:52:16.353Z - info: [2:52:16 PM] Reload for file change: C:\repos\nus-cs2103-AY2021S1\cs2103-website\schedule\week1\notices-cs2113.mbdf
2020-07-15T06:52:17.351Z - info: Rebuilding 1 pages
2020-07-15T06:52:17.401Z - error:  Template render error: (unknown path)
  Error: Unable to call `show_as_tab`, which is undefined or falsey
    at Object._prettifyError (C:\repos\markbind\markbind\node_modules\nunjucks\src\lib.js:36:11)
    at C:\repos\markbind\markbind\node_modules\nunjucks\src\environment.js:561:19
    at eval (eval at _compile (C:\repos\markbind\markbind\node_modules\nunjucks\src\environment.js:631:18), <anonymous>:10:11)
    at C:\repos\markbind\markbind\node_modules\nunjucks\src\environment.js:611:9
    at eval (eval at _compile (C:\repos\markbind\markbind\node_modules\nunjucks\src\environment.js:631:18), <anonymous>:10:11)
    at C:\repos\markbind\markbind\node_modules\nunjucks\src\environment.js:611:9
    at eval (eval at _compile (C:\repos\markbind\markbind\node_modules\nunjucks\src\environment.js:631:18), <anonymous>:10:11)
    at C:\repos\markbind\markbind\node_modules\nunjucks\src\environment.js:611:9
    at Template.root [as rootRenderFunc] (eval at _compile (C:\repos\markbind\markbind\node_modules\nunjucks\src\environment.js:631:18), <anonymous>:24:3)
    at Template.getExported (C:\repos\markbind\markbind\node_modules\nunjucks\src\environment.js:609:10)
    at eval (eval at _compile (C:\repos\markbind\markbind\node_modules\nunjucks\src\environment.js:631:18), <anonymous>:9:5)
    at Environment.getTemplate (C:\repos\markbind\markbind\node_modules\nunjucks\src\environment.js:277:9)
    at Template.root [as rootRenderFunc] (eval at _compile (C:\repos\markbind\markbind\node_modules\nunjucks\src\environment.js:631:18), <anonymous>:7:5)
    at Template.getExported (C:\repos\markbind\markbind\node_modules\nunjucks\src\environment.js:609:10)
    at eval (eval at _compile (C:\repos\markbind\markbind\node_modules\nunjucks\src\environment.js:631:18), <anonymous>:9:5)
    at Environment.getTemplate (C:\repos\markbind\markbind\node_modules\nunjucks\src\environment.js:277:9)
2020-07-15T06:52:17.430Z - info: Pages rebuilt
2020-07-15T06:52:17.430Z - info: Website regeneration complete! Total build time: 0.081s
2020-07-15T06:52:17.434Z - info: Site data built
2020-07-15T06:53:10.902Z - info: [2:53:10 PM] Reload for file change: C:\repos\nus-cs2103-AY2021S1\cs2103-website\admin\common-notices.mbdf
2020-07-15T06:53:11.915Z - info: Rebuilding 1 pages
2020-07-15T06:53:12.329Z - info: Pages rebuilt
2020-07-15T06:53:12.329Z - info: Website regeneration complete! Total build time: 0.416s
2020-07-15T06:53:12.332Z - info: Site data built
2020-07-15T06:56:03.522Z - info: [2:56:03 PM] Reload for file change: C:\repos\nus-cs2103-AY2021S1\cs2103-website\admin\common-notices.mbdf
2020-07-15T06:56:03.558Z - info: [2:56:03 PM] Reload for file change: C:\repos\nus-cs2103-AY2021S1\cs2103-website\schedule\week1\notices-cs2113.mbdf
2020-07-15T06:56:04.553Z - info: Rebuilding 1 pages
2020-07-15T06:56:04.946Z - info: Pages rebuilt
2020-07-15T06:56:04.946Z - info: Website regeneration complete! Total build time: 0.397s
2020-07-15T06:56:04.950Z - info: Site data built
2020-07-15T06:56:21.593Z - info: [2:56:21 PM] Reload for file change: C:\repos\nus-cs2103-AY2021S1\cs2103-website\admin\common-notices.mbdf
2020-07-15T06:56:21.604Z - info: [2:56:21 PM] Reload for file change: C:\repos\nus-cs2103-AY2021S1\cs2103-website\schedule\week1\notices-cs2113.mbdf
2020-07-15T06:56:22.598Z - info: Rebuilding 1 pages
2020-07-15T06:56:23.011Z - info: Pages rebuilt
2020-07-15T06:56:23.011Z - info: Website regeneration complete! Total build time: 0.417s
2020-07-15T06:56:23.016Z - info: Site data built
2020-07-15T06:56:56.693Z - info: [2:56:56 PM] Reload for file change: C:\repos\nus-cs2103-AY2021S1\cs2103-website\schedule\week1\notices-cs2103.mbdf
2020-07-15T06:56:56.698Z - info: [2:56:56 PM] Reload for file change: C:\repos\nus-cs2103-AY2021S1\cs2103-website\schedule\week1\notices-cs2113.mbdf
2020-07-15T06:56:57.702Z - info: Rebuilding 1 pages
2020-07-15T06:56:58.018Z - info: Pages rebuilt
2020-07-15T06:56:58.018Z - info: Website regeneration complete! Total build time: 0.322s
2020-07-15T06:56:58.021Z - info: Site data built
2020-07-15T06:58:15.578Z - info: Building C:\repos\nus-cs2103-AY2021S1\cs2103-website\schedule\timeline as some of its dependencies were changed since the last visit
2020-07-15T06:58:21.604Z - info: Site data built
2020-07-15T06:58:21.605Z - info: Lazy website regeneration complete! Total build time: 6.028s
2020-07-15T07:02:29.116Z - info: Building C:\repos\nus-cs2103-AY2021S1\cs2103-website\schedule\week2\index as some of its dependencies were changed since the last visit
2020-07-15T07:02:30.285Z - info: Site data built
2020-07-15T07:02:30.286Z - info: Lazy website regeneration complete! Total build time: 1.171s
2020-07-15T07:08:50.491Z - info: [3:08:50 PM] Reload for file change: C:\repos\nus-cs2103-AY2021S1\cs2103-website\_module-CS2113\weeklyTextbookTopics.mbdf
2020-07-15T07:08:50.493Z - info: [3:08:50 PM] Reload for file change: C:\repos\nus-cs2103-AY2021S1\cs2103-website\schedule\index.md
2020-07-15T07:08:51.504Z - info: No pages needed to be rebuilt
2020-07-15T07:09:22.994Z - info: Website generation (lazy) started at 3:09:20 PM
2020-07-15T07:09:31.277Z - info: Building assets...
2020-07-15T07:09:37.037Z - info: Assets built
2020-07-15T07:09:37.038Z - info: Generating landing page...
2020-07-15T07:09:37.913Z - info: Landing page built, other pages will be built as you navigate to them!
2020-07-15T07:09:38.022Z - info: Website generation (lazy) complete! Total build time: 17.658s
2020-07-15T07:09:38.839Z - info: Serving "C:\repos\nus-cs2103-AY2021S1\cs2103-website\_site" at http://127.0.0.1:8080
2020-07-15T07:09:38.839Z - info: Press CTRL+C to stop ...
2020-07-15T07:09:38.905Z - info: Site data built
2020-07-15T07:09:48.966Z - info: Building C:\repos\nus-cs2103-AY2021S1\cs2103-website\schedule\week1\index as some of its dependencies were changed since the last visit
2020-07-15T07:09:49.789Z - info: Site data built
2020-07-15T07:09:49.796Z - info: Lazy website regeneration complete! Total build time: 0.831s
2020-07-15T07:10:56.826Z - info: [3:10:56 PM] Reload for file change: C:\repos\nus-cs2103-AY2021S1\cs2103-website\schedule\index.md
2020-07-15T07:10:57.835Z - info: No pages needed to be rebuilt
2020-07-15T07:11:05.107Z - info: Website generation (lazy) started at 3:11:02 PM
2020-07-15T07:11:13.401Z - info: Building assets...
2020-07-15T07:11:19.357Z - info: Assets built
2020-07-15T07:11:19.358Z - info: Generating landing page...
2020-07-15T07:11:20.269Z - info: Landing page built, other pages will be built as you navigate to them!
2020-07-15T07:11:20.390Z - info: Website generation (lazy) complete! Total build time: 17.615s
2020-07-15T07:11:21.202Z - info: Serving "C:\repos\nus-cs2103-AY2021S1\cs2103-website\_site" at http://127.0.0.1:8080
2020-07-15T07:11:21.203Z - info: Press CTRL+C to stop ...
2020-07-15T07:11:21.259Z - info: Site data built
2020-07-15T07:13:52.038Z - info: Building C:\repos\nus-cs2103-AY2021S1\cs2103-website\schedule\week1\index as some of its dependencies were changed since the last visit
2020-07-15T07:13:52.682Z - info: Site data built
2020-07-15T07:13:52.682Z - info: Lazy website regeneration complete! Total build time: 0.657s
2020-07-15T07:14:03.425Z - info: Building C:\repos\nus-cs2103-AY2021S1\cs2103-website\schedule\timeline as some of its dependencies were changed since the last visit
2020-07-15T07:14:08.628Z - info: Site data built
2020-07-15T07:14:08.629Z - info: Lazy website regeneration complete! Total build time: 5.205s
2020-07-15T07:18:22.173Z - info: [3:18:22 PM] Reload for file change: C:\repos\nus-cs2103-AY2021S1\cs2103-website\schedule\index.md
2020-07-15T07:18:23.183Z - info: No pages needed to be rebuilt
2020-07-15T07:19:01.872Z - info: Website generation (lazy) started at 3:18:59 PM
2020-07-15T07:19:09.941Z - info: Building assets...
2020-07-15T07:19:15.570Z - info: Assets built
2020-07-15T07:19:15.571Z - info: Generating landing page...
2020-07-15T07:19:16.440Z - info: Landing page built, other pages will be built as you navigate to them!
2020-07-15T07:19:16.534Z - info: Website generation (lazy) complete! Total build time: 17.268s
2020-07-15T07:19:17.314Z - info: Serving "C:\repos\nus-cs2103-AY2021S1\cs2103-website\_site" at http://127.0.0.1:8080
2020-07-15T07:19:17.314Z - info: Press CTRL+C to stop ...
2020-07-15T07:19:17.369Z - info: Site data built
2020-07-15T07:42:21.695Z - info: Building C:\repos\nus-cs2103-AY2021S1\cs2103-website\schedule\timeline as some of its dependencies were changed since the last visit
2020-07-15T07:42:26.968Z - info: Site data built
2020-07-15T07:42:26.969Z - info: Lazy website regeneration complete! Total build time: 5.296s
2020-07-15T07:43:24.576Z - info: [3:43:24 PM] Reload for file change: C:\repos\nus-cs2103-AY2021S1\cs2103-website\schedule\index.md
2020-07-15T07:43:25.586Z - info: No pages needed to be rebuilt
2020-07-15T08:21:34.709Z - info: Building C:\repos\nus-cs2103-AY2021S1\cs2103-website\schedule\week1\index as some of its dependencies were changed since the last visit
2020-07-15T08:21:35.533Z - info: Site data built
2020-07-15T08:21:35.535Z - info: Lazy website regeneration complete! Total build time: 0.831s
2020-07-15T08:21:57.195Z - info: Building C:\repos\nus-cs2103-AY2021S1\cs2103-website\admin\index as some of its dependencies were changed since the last visit
2020-07-15T08:21:58.154Z - info: Site data built
2020-07-15T08:21:58.155Z - info: Lazy website regeneration complete! Total build time: 0.962s
2020-07-15T08:22:50.000Z - info: [4:22:50 PM] Reload for file change: C:\repos\nus-cs2103-AY2021S1\cs2103-website\admin\moduleOverview.md
2020-07-15T08:22:51.005Z - info: Rebuilding 1 pages
2020-07-15T08:22:51.501Z - info: Pages rebuilt
2020-07-15T08:22:51.502Z - info: Website regeneration complete! Total build time: 0.499s
2020-07-15T08:22:51.514Z - info: Site data built
2020-07-15T08:24:08.781Z - info: [4:24:08 PM] Reload for file change: C:\repos\nus-cs2103-AY2021S1\cs2103-website\admin\weeklySchedule.md
2020-07-15T08:24:09.786Z - info: No pages needed to be rebuilt
2020-07-15T08:24:15.373Z - info: Building C:\repos\nus-cs2103-AY2021S1\cs2103-website\admin\weeklySchedule as some of its dependencies were changed since the last visit
2020-07-15T08:24:15.879Z - info: Site data built
2020-07-15T08:24:15.880Z - info: Lazy website regeneration complete! Total build time: 0.507s
2020-07-15T08:25:30.524Z - info: Building C:\repos\nus-cs2103-AY2021S1\cs2103-website\schedule\week1\admin as some of its dependencies were changed since the last visit
2020-07-15T08:25:34.245Z - debug:  
2020-07-15T08:25:34.253Z - info: Site data built
2020-07-15T08:25:34.255Z - info: Lazy website regeneration complete! Total build time: 3.732s
2020-07-15T10:15:50.825Z - info: Building C:\repos\nus-cs2103-AY2021S1\cs2103-website\schedule\week1\topics as some of its dependencies were changed since the last visit
2020-07-15T10:15:51.271Z - info: Site data built
2020-07-15T10:15:51.272Z - info: Lazy website regeneration complete! Total build time: 0.467s
2020-07-15T10:22:06.852Z - info: [6:22:06 PM] Reload for file change: C:\repos\nus-cs2103-AY2021S1\cs2103-website\common\topics.njk
2020-07-15T10:22:07.917Z - info: Assets built
2020-07-15T10:22:18.844Z - info: Website generation (lazy) started at 6:22:16 PM
2020-07-15T10:22:28.728Z - info: Building assets...
2020-07-15T10:22:34.552Z - info: Assets built
2020-07-15T10:22:34.553Z - info: Generating landing page...
2020-07-15T10:22:35.437Z - info: Landing page built, other pages will be built as you navigate to them!
2020-07-15T10:22:35.539Z - info: Website generation (lazy) complete! Total build time: 19.45s
2020-07-15T10:22:36.347Z - info: Serving "C:\repos\nus-cs2103-AY2021S1\cs2103-website\_site" at http://127.0.0.1:8080
2020-07-15T10:22:36.347Z - info: Press CTRL+C to stop ...
2020-07-15T10:22:36.415Z - info: Site data built
2020-07-15T10:22:52.629Z - info: Building C:\repos\nus-cs2103-AY2021S1\cs2103-website\schedule\week1\topics as some of its dependencies were changed since the last visit
2020-07-15T10:22:52.904Z - info: Site data built
2020-07-15T10:22:52.904Z - info: Lazy website regeneration complete! Total build time: 0.275s
2020-07-15T10:22:58.986Z - info: Building C:\repos\nus-cs2103-AY2021S1\cs2103-website\schedule\week1\index as some of its dependencies were changed since the last visit
2020-07-15T10:22:59.279Z - info: Site data built
2020-07-15T10:22:59.279Z - info: Lazy website regeneration complete! Total build time: 0.293s
2020-07-15T10:23:07.089Z - info: Building C:\repos\nus-cs2103-AY2021S1\cs2103-website\schedule\timeline as some of its dependencies were changed since the last visit
2020-07-15T10:23:13.228Z - info: Site data built
2020-07-15T10:23:13.228Z - info: Lazy website regeneration complete! Total build time: 6.139s
2020-07-15T10:26:33.297Z - info: Building C:\repos\nus-cs2103-AY2021S1\cs2103-website\schedule\week1\admin as some of its dependencies were changed since the last visit
2020-07-15T10:26:36.899Z - debug:  
2020-07-15T10:26:36.910Z - info: Site data built
2020-07-15T10:26:36.913Z - info: Lazy website regeneration complete! Total build time: 3.617s
2020-07-15T10:27:30.959Z - info: Building C:\repos\nus-cs2103-AY2021S1\cs2103-website\schedule\week1\project as some of its dependencies were changed since the last visit
2020-07-15T10:27:31.237Z - info: Site data built
2020-07-15T10:27:31.237Z - info: Lazy website regeneration complete! Total build time: 0.278s
2020-07-15T10:27:39.609Z - info: Building C:\repos\nus-cs2103-AY2021S1\cs2103-website\schedule\week1\tutorial as some of its dependencies were changed since the last visit
2020-07-15T10:27:39.846Z - info: Site data built
2020-07-15T10:27:39.846Z - info: Lazy website regeneration complete! Total build time: 0.238s
2020-07-15T10:27:56.261Z - info: Building C:\repos\nus-cs2103-AY2021S1\cs2103-website\schedule\week2\index as some of its dependencies were changed since the last visit
2020-07-15T10:27:57.070Z - info: Site data built
2020-07-15T10:27:57.070Z - info: Lazy website regeneration complete! Total build time: 0.81s
2020-07-15T10:28:20.086Z - info: Building C:\repos\nus-cs2103-AY2021S1\cs2103-website\schedule\week2\admin as some of its dependencies were changed since the last visit
2020-07-15T10:28:21.304Z - info: Site data built
2020-07-15T10:28:21.304Z - info: Lazy website regeneration complete! Total build time: 1.219s
2020-07-15T10:29:05.789Z - info: Building C:\repos\nus-cs2103-AY2021S1\cs2103-website\schedule\week2\topics as some of its dependencies were changed since the last visit
2020-07-15T10:29:08.947Z - info: Site data built
2020-07-15T10:29:08.948Z - info: Lazy website regeneration complete! Total build time: 3.159s
2020-07-15T10:29:22.103Z - info: Building C:\repos\nus-cs2103-AY2021S1\cs2103-website\schedule\week2\project as some of its dependencies were changed since the last visit
2020-07-15T10:29:22.791Z - info: Site data built
2020-07-15T10:29:22.791Z - info: Lazy website regeneration complete! Total build time: 0.688s
2020-07-15T10:29:35.619Z - info: Building C:\repos\nus-cs2103-AY2021S1\cs2103-website\schedule\week2\tutorial as some of its dependencies were changed since the last visit
2020-07-15T10:29:35.758Z - info: Site data built
2020-07-15T10:29:35.758Z - info: Lazy website regeneration complete! Total build time: 0.139s
2020-07-15T12:38:04.028Z - info: Website generation (lazy) started at 8:38:00 PM
2020-07-15T12:38:19.749Z - info: Building assets...
2020-07-15T12:38:28.558Z - info: Assets built
2020-07-15T12:38:28.559Z - info: Generating landing page...
2020-07-15T12:38:29.672Z - info: Landing page built, other pages will be built as you navigate to them!
2020-07-15T12:38:29.765Z - info: Website generation (lazy) complete! Total build time: 29.167s
2020-07-15T12:38:30.800Z - info: Serving "C:\repos\nus-cs2103-AY2021S1\cs2103-website\_site" at http://127.0.0.1:8080
2020-07-15T12:38:30.801Z - info: Press CTRL+C to stop ...
2020-07-15T12:38:30.862Z - info: Site data built
2020-07-15T12:40:46.708Z - info: [8:40:46 PM] Reload for file change: C:\repos\nus-cs2103-AY2021S1\cs2103-website\_markbind\headers\header.md
2020-07-15T12:40:46.801Z - info: [8:40:46 PM] Reload for file deletion: C:\repos\nus-cs2103-AY2021S1\cs2103-website\_markbind\variables.md
2020-07-15T12:40:46.804Z - info: [8:40:46 PM] Reload for file add: C:\repos\nus-cs2103-AY2021S1\cs2103-website\_markbind\variables.md
2020-07-15T12:40:46.829Z - info: [8:40:46 PM] Reload for file add: C:\repos\nus-cs2103-AY2021S1\cs2103-website\admin\forum-activities-dashboard-panels.mbdf
2020-07-15T12:40:46.831Z - info: [8:40:46 PM] Reload for file add: C:\repos\nus-cs2103-AY2021S1\cs2103-website\admin\forum-activities-dashboard.md
2020-07-15T12:40:46.874Z - info: [8:40:46 PM] Reload for file add: C:\repos\nus-cs2103-AY2021S1\cs2103-website\admin\ip-progress-dashboard-table.mbdf
2020-07-15T12:40:46.876Z - info: [8:40:46 PM] Reload for file add: C:\repos\nus-cs2103-AY2021S1\cs2103-website\admin\ip-progress-dashboard.md
2020-07-15T12:40:46.877Z - info: [8:40:46 PM] Reload for file add: C:\repos\nus-cs2103-AY2021S1\cs2103-website\admin\ip-review-comments-dashboard.md
2020-07-15T12:40:46.881Z - info: [8:40:46 PM] Reload for file change: C:\repos\nus-cs2103-AY2021S1\cs2103-website\admin\projectGrading.md
2020-07-15T12:40:46.908Z - info: [8:40:46 PM] Reload for file add: C:\repos\nus-cs2103-AY2021S1\cs2103-website\admin\participation-dashboard-table.mbdf
2020-07-15T12:40:46.909Z - info: [8:40:46 PM] Reload for file add: C:\repos\nus-cs2103-AY2021S1\cs2103-website\admin\participation-dashboard.md
2020-07-15T12:40:47.112Z - info: [8:40:47 PM] Reload for file add: C:\repos\nus-cs2103-AY2021S1\cs2103-website\admin\tp-commenting-activities-dashboard-panels.mbdf
2020-07-15T12:40:47.117Z - info: [8:40:47 PM] Reload for file add: C:\repos\nus-cs2103-AY2021S1\cs2103-website\admin\tp-commenting-activities-dashboard.md
2020-07-15T12:40:47.146Z - info: [8:40:47 PM] Reload for file add: C:\repos\nus-cs2103-AY2021S1\cs2103-website\admin\tp-progress-dashboard-table.mbdf
2020-07-15T12:40:47.201Z - info: [8:40:47 PM] Reload for file deletion: C:\repos\nus-cs2103-AY2021S1\cs2103-website\favicon.ico
2020-07-15T12:40:47.245Z - info: [8:40:47 PM] Reload for file add: C:\repos\nus-cs2103-AY2021S1\cs2103-website\admin\tp-progress-dashboard.md
2020-07-15T12:40:47.271Z - info: [8:40:47 PM] Reload for file add: C:\repos\nus-cs2103-AY2021S1\cs2103-website\favicon.ico
2020-07-15T12:40:47.273Z - info: [8:40:47 PM] Reload for file add: C:\repos\nus-cs2103-AY2021S1\cs2103-website\google8c7ef1e995031e09.html
2020-07-15T12:40:47.275Z - info: [8:40:47 PM] Reload for file change: C:\repos\nus-cs2103-AY2021S1\cs2103-website\site.json
2020-07-15T12:40:47.302Z - info: [8:40:47 PM] Reload for file add: C:\repos\nus-cs2103-AY2021S1\cs2103-website\schedule\week10\files\A________-Tutorial-10.docx
2020-07-15T12:40:47.719Z - info: Rebuilding 1 pages
2020-07-15T12:40:48.676Z - info: File added or removed, updating list of site's pages...
2020-07-15T12:40:53.230Z - info: Assets removed
2020-07-15T12:40:53.503Z - info: Assets built
2020-07-15T12:40:53.580Z - info: Pages rebuilt
2020-07-15T12:40:53.580Z - info: Website regeneration complete! Total build time: 5.864s
2020-07-15T12:40:53.593Z - info: Site data built
2020-07-15T12:40:54.226Z - info: Assets removed
2020-07-15T12:40:55.540Z - info: Building C:\repos\nus-cs2103-AY2021S1\cs2103-website\index as some of its dependencies were changed since the last visit
2020-07-15T12:40:56.415Z - info: Site data built
2020-07-15T12:40:56.415Z - info: Lazy website regeneration complete! Total build time: 0.876s
2020-07-15T12:41:18.194Z - info: Website generation (lazy) started at 8:41:15 PM
2020-07-15T12:41:30.465Z - info: Building assets...
2020-07-15T12:41:37.180Z - info: Assets built
2020-07-15T12:41:37.181Z - info: Generating landing page...
2020-07-15T12:41:38.033Z - info: Landing page built, other pages will be built as you navigate to them!
2020-07-15T12:41:38.129Z - info: Website generation (lazy) complete! Total build time: 22.55s
2020-07-15T12:41:39.107Z - info: Serving "C:\repos\nus-cs2103-AY2021S1\cs2103-website\_site" at http://127.0.0.1:8080
2020-07-15T12:41:39.107Z - info: Press CTRL+C to stop ...
2020-07-15T12:41:39.164Z - info: Site data built
2020-07-15T12:43:49.580Z - info: Building C:\repos\nus-cs2103-AY2021S1\cs2103-website\schedule\week2\index as some of its dependencies were changed since the last visit
2020-07-15T12:43:50.860Z - info: Site data built
2020-07-15T12:43:50.860Z - info: Lazy website regeneration complete! Total build time: 1.293s
2020-07-15T12:44:01.751Z - info: Building C:\repos\nus-cs2103-AY2021S1\cs2103-website\schedule\week2\admin as some of its dependencies were changed since the last visit
2020-07-15T12:44:03.126Z - info: Site data built
2020-07-15T12:44:03.127Z - info: Lazy website regeneration complete! Total build time: 1.377s
2020-07-15T12:44:08.478Z - info: Building C:\repos\nus-cs2103-AY2021S1\cs2103-website\schedule\week2\topics as some of its dependencies were changed since the last visit
2020-07-15T12:44:11.423Z - info: Site data built
2020-07-15T12:44:11.424Z - info: Lazy website regeneration complete! Total build time: 2.946s
2020-07-15T12:44:41.496Z - info: [8:44:41 PM] Reload for file add: C:\repos\nus-cs2103-AY2021S1\cs2103-website\schedule\week2\commentary-cs2113.mbdf
2020-07-15T12:44:42.499Z - info: File added or removed, updating list of site's pages...
2020-07-15T12:44:51.129Z - info: Assets removed
2020-07-15T12:44:52.285Z - info: Building C:\repos\nus-cs2103-AY2021S1\cs2103-website\schedule\week2\topics as some of its dependencies were changed since the last visit
2020-07-15T12:44:55.752Z - info: Site data built
2020-07-15T12:44:55.753Z - info: Lazy website regeneration complete! Total build time: 3.47s
2020-07-15T12:48:22.341Z - info: [8:48:22 PM] Reload for file add: C:\repos\nus-cs2103-AY2021S1\cs2103-website\admin\common-commentary.mbdf
2020-07-15T12:48:23.343Z - info: File added or removed, updating list of site's pages...
2020-07-15T12:48:31.059Z - info: Assets removed
2020-07-15T12:48:32.255Z - info: Building C:\repos\nus-cs2103-AY2021S1\cs2103-website\schedule\week2\topics as some of its dependencies were changed since the last visit
2020-07-15T12:48:36.249Z - info: Site data built
2020-07-15T12:48:36.252Z - info: Lazy website regeneration complete! Total build time: 3.998s
2020-07-15T12:49:47.577Z - info: [8:49:47 PM] Reload for file change: C:\repos\nus-cs2103-AY2021S1\cs2103-website\schedule\week2\commentary-cs2113.mbdf
2020-07-15T12:49:47.593Z - info: [8:49:47 PM] Reload for file change: C:\repos\nus-cs2103-AY2021S1\cs2103-website\admin\common-commentary.mbdf
2020-07-15T12:49:48.589Z - info: Rebuilding 1 pages
2020-07-15T12:49:52.252Z - info: Pages rebuilt
2020-07-15T12:49:52.252Z - info: Website regeneration complete! Total build time: 3.672s
2020-07-15T12:49:52.326Z - info: Site data built
2020-07-15T12:50:47.045Z - info: [8:50:47 PM] Reload for file change: C:\repos\nus-cs2103-AY2021S1\cs2103-website\admin\common-commentary.mbdf
2020-07-15T12:50:48.065Z - info: Rebuilding 1 pages
2020-07-15T12:50:51.554Z - info: Pages rebuilt
2020-07-15T12:50:51.555Z - info: Website regeneration complete! Total build time: 3.496s
2020-07-15T12:50:51.604Z - info: Site data built
2020-07-15T12:53:44.905Z - info: [8:53:44 PM] Reload for file change: C:\repos\nus-cs2103-AY2021S1\cs2103-website\schedule\week2\commentary-cs2113.mbdf
2020-07-15T12:53:44.906Z - info: [8:53:44 PM] Reload for file change: C:\repos\nus-cs2103-AY2021S1\cs2103-website\admin\common-commentary.mbdf
2020-07-15T12:53:45.915Z - info: Rebuilding 1 pages
2020-07-15T12:53:49.045Z - info: Pages rebuilt
2020-07-15T12:53:49.045Z - info: Website regeneration complete! Total build time: 3.133s
2020-07-15T12:53:49.098Z - info: Site data built
2020-07-15T12:55:42.054Z - info: [8:55:42 PM] Reload for file change: C:\repos\nus-cs2103-AY2021S1\cs2103-website\schedule\week2\commentary-cs2113.mbdf
2020-07-15T12:55:42.056Z - info: [8:55:42 PM] Reload for file change: C:\repos\nus-cs2103-AY2021S1\cs2103-website\admin\common-commentary.mbdf
2020-07-15T12:55:43.081Z - info: Rebuilding 1 pages
2020-07-15T12:55:46.273Z - info: Pages rebuilt
2020-07-15T12:55:46.273Z - info: Website regeneration complete! Total build time: 3.201s
2020-07-15T12:55:46.321Z - info: Site data built
2020-07-15T12:55:53.554Z - info: [8:55:53 PM] Reload for file change: C:\repos\nus-cs2103-AY2021S1\cs2103-website\schedule\week2\commentary-cs2113.mbdf
2020-07-15T12:55:54.563Z - info: Rebuilding 1 pages
2020-07-15T12:55:57.750Z - info: Pages rebuilt
2020-07-15T12:55:57.750Z - info: Website regeneration complete! Total build time: 3.19s
2020-07-15T12:55:57.801Z - info: Site data built
2020-07-15T13:01:11.546Z - info: [9:01:11 PM] Reload for file change: C:\repos\nus-cs2103-AY2021S1\cs2103-website\common\topics.njk
2020-07-15T13:01:11.547Z - info: [9:01:11 PM] Reload for file change: C:\repos\nus-cs2103-AY2021S1\cs2103-website\schedule\week2\commentary-cs2113.mbdf
2020-07-15T13:01:12.559Z - info: Rebuilding 1 pages
2020-07-15T13:01:12.866Z - error:  Template render error: (unknown path)
  Error: Unable to call `caller`, which is undefined or falsey
    at Object._prettifyError (C:\repos\markbind\markbind\node_modules\nunjucks\src\lib.js:36:11)
    at C:\repos\markbind\markbind\node_modules\nunjucks\src\environment.js:561:19
    at eval (eval at _compile (C:\repos\markbind\markbind\node_modules\nunjucks\src\environment.js:631:18), <anonymous>:39:12)
    at C:\repos\markbind\markbind\node_modules\nunjucks\src\environment.js:611:9
    at eval (eval at _compile (C:\repos\markbind\markbind\node_modules\nunjucks\src\environment.js:631:18), <anonymous>:10:11)
    at C:\repos\markbind\markbind\node_modules\nunjucks\src\environment.js:611:9
    at eval (eval at _compile (C:\repos\markbind\markbind\node_modules\nunjucks\src\environment.js:631:18), <anonymous>:10:11)
    at C:\repos\markbind\markbind\node_modules\nunjucks\src\environment.js:611:9
    at Template.root [as rootRenderFunc] (eval at _compile (C:\repos\markbind\markbind\node_modules\nunjucks\src\environment.js:631:18), <anonymous>:24:3)
    at Template.getExported (C:\repos\markbind\markbind\node_modules\nunjucks\src\environment.js:609:10)
    at eval (eval at _compile (C:\repos\markbind\markbind\node_modules\nunjucks\src\environment.js:631:18), <anonymous>:9:5)
    at Environment.getTemplate (C:\repos\markbind\markbind\node_modules\nunjucks\src\environment.js:277:9)
    at Template.root [as rootRenderFunc] (eval at _compile (C:\repos\markbind\markbind\node_modules\nunjucks\src\environment.js:631:18), <anonymous>:7:5)
    at Template.getExported (C:\repos\markbind\markbind\node_modules\nunjucks\src\environment.js:609:10)
    at eval (eval at _compile (C:\repos\markbind\markbind\node_modules\nunjucks\src\environment.js:631:18), <anonymous>:9:5)
    at Environment.getTemplate (C:\repos\markbind\markbind\node_modules\nunjucks\src\environment.js:277:9)
2020-07-15T13:01:12.922Z - info: Pages rebuilt
2020-07-15T13:01:12.922Z - info: Website regeneration complete! Total build time: 0.365s
2020-07-15T13:01:12.929Z - info: Assets built
2020-07-15T13:01:12.931Z - info: Site data built
2020-07-15T13:01:24.960Z - info: Website generation (lazy) started at 9:01:21 PM
2020-07-15T13:01:35.423Z - info: Building assets...
2020-07-15T13:01:41.063Z - info: Assets built
2020-07-15T13:01:41.064Z - info: Generating landing page...
2020-07-15T13:01:42.061Z - info: Landing page built, other pages will be built as you navigate to them!
2020-07-15T13:01:42.163Z - info: Website generation (lazy) complete! Total build time: 20.397s
2020-07-15T13:01:43.917Z - info: Serving "C:\repos\nus-cs2103-AY2021S1\cs2103-website\_site" at http://127.0.0.1:8080
2020-07-15T13:01:43.917Z - info: Press CTRL+C to stop ...
2020-07-15T13:01:44.019Z - info: Site data built
2020-07-15T13:01:52.738Z - info: Building C:\repos\nus-cs2103-AY2021S1\cs2103-website\schedule\week2\topics as some of its dependencies were changed since the last visit
2020-07-15T13:01:57.929Z - info: Site data built
2020-07-15T13:01:57.938Z - info: Lazy website regeneration complete! Total build time: 5.2s
2020-07-15T13:04:13.390Z - info: [9:04:13 PM] Reload for file change: C:\repos\nus-cs2103-AY2021S1\cs2103-website\schedule\week2\commentary-cs2103.mbdf
2020-07-15T13:04:13.409Z - info: [9:04:13 PM] Reload for file change: C:\repos\nus-cs2103-AY2021S1\cs2103-website\schedule\week2\commentary-cs2113.mbdf
2020-07-15T13:04:14.410Z - info: No pages needed to be rebuilt
2020-07-15T13:06:21.768Z - info: [9:06:21 PM] Reload for file change: C:\repos\nus-cs2103-AY2021S1\cs2103-website\schedule\week2\commentary-cs2113.mbdf
2020-07-15T13:06:21.776Z - info: [9:06:21 PM] Reload for file change: C:\repos\nus-cs2103-AY2021S1\cs2103-website\admin\common-commentary.mbdf
2020-07-15T13:06:22.773Z - info: No pages needed to be rebuilt
2020-07-15T13:06:36.373Z - info: Building C:\repos\nus-cs2103-AY2021S1\cs2103-website\schedule\week2\topics as some of its dependencies were changed since the last visit
2020-07-15T13:06:39.651Z - info: Site data built
2020-07-15T13:06:39.652Z - info: Lazy website regeneration complete! Total build time: 3.28s
2020-07-15T13:09:15.399Z - info: [9:09:15 PM] Reload for file change: C:\repos\nus-cs2103-AY2021S1\cs2103-website\admin\common-commentary.mbdf
2020-07-15T13:09:16.411Z - info: Rebuilding 1 pages
2020-07-15T13:09:19.761Z - info: Pages rebuilt
2020-07-15T13:09:19.761Z - info: Website regeneration complete! Total build time: 3.355s
2020-07-15T13:09:19.802Z - info: Site data built
2020-07-15T13:09:43.279Z - info: [9:09:43 PM] Reload for file change: C:\repos\nus-cs2103-AY2021S1\cs2103-website\schedule\week2\commentary-cs2113.mbdf
2020-07-15T13:09:44.282Z - info: Rebuilding 1 pages
2020-07-15T13:09:47.356Z - info: Pages rebuilt
2020-07-15T13:09:47.356Z - info: Website regeneration complete! Total build time: 3.075s
2020-07-15T13:09:47.374Z - info: Site data built
2020-07-15T13:16:17.515Z - info: [9:16:17 PM] Reload for file change: C:\repos\nus-cs2103-AY2021S1\cs2103-website\admin\common-commentary.mbdf
2020-07-15T13:16:18.524Z - info: Rebuilding 1 pages
2020-07-15T13:16:22.372Z - info: Pages rebuilt
2020-07-15T13:16:22.372Z - info: Website regeneration complete! Total build time: 3.852s
2020-07-15T13:16:22.428Z - info: Site data built
2020-07-15T13:17:41.394Z - info: [9:17:41 PM] Reload for file change: C:\repos\nus-cs2103-AY2021S1\cs2103-website\schedule\week2\commentary-cs2113.mbdf
2020-07-15T13:17:42.407Z - info: Rebuilding 1 pages
2020-07-15T13:17:45.742Z - info: Pages rebuilt
2020-07-15T13:17:45.743Z - info: Website regeneration complete! Total build time: 3.342s
2020-07-15T13:17:45.802Z - info: Site data built
2020-07-15T14:18:27.030Z - info: Website generation (lazy) started at 10:18:21 PM
2020-07-15T14:18:35.873Z - info: Building assets...
2020-07-15T14:18:43.111Z - info: Assets built
2020-07-15T14:18:43.112Z - info: Generating landing page...
2020-07-15T14:18:44.116Z - info: Landing page built, other pages will be built as you navigate to them!
2020-07-15T14:18:44.248Z - info: Website generation (lazy) complete! Total build time: 22.32s
2020-07-15T14:18:45.626Z - info: Serving "C:\repos\nus-cs2103-AY2021S1\cs2103-website\_site" at http://127.0.0.1:8080
2020-07-15T14:18:45.627Z - info: Press CTRL+C to stop ...
2020-07-15T14:18:45.701Z - info: Site data built
2020-07-15T14:18:55.907Z - info: Building C:\repos\nus-cs2103-AY2021S1\cs2103-website\schedule\timeline as some of its dependencies were changed since the last visit
2020-07-15T14:18:56.041Z - error:  Template render error: (unknown path)
  Error: cannot import 'weeks_with_no_topics'
    at Object._prettifyError (C:\repos\markbind\markbind\node_modules\nunjucks\src\lib.js:36:11)
    at C:\repos\markbind\markbind\node_modules\nunjucks\src\environment.js:561:19
    at eval (eval at _compile (C:\repos\markbind\markbind\node_modules\nunjucks\src\environment.js:631:18), <anonymous>:11:11)
    at C:\repos\markbind\markbind\node_modules\nunjucks\src\environment.js:611:9
    at eval (eval at _compile (C:\repos\markbind\markbind\node_modules\nunjucks\src\environment.js:631:18), <anonymous>:37:1)
    at C:\repos\markbind\markbind\node_modules\nunjucks\src\environment.js:613:9
    at Template.root [as rootRenderFunc] (eval at _compile (C:\repos\markbind\markbind\node_modules\nunjucks\src\environment.js:631:18), <anonymous>:20:1)
    at Template.getExported (C:\repos\markbind\markbind\node_modules\nunjucks\src\environment.js:609:10)
    at eval (eval at _compile (C:\repos\markbind\markbind\node_modules\nunjucks\src\environment.js:631:18), <anonymous>:32:5)
    at createTemplate (C:\repos\markbind\markbind\node_modules\nunjucks\src\environment.js:313:9)
    at handle (C:\repos\markbind\markbind\node_modules\nunjucks\src\environment.js:325:11)
    at C:\repos\markbind\markbind\node_modules\nunjucks\src\environment.js:337:9
    at next (C:\repos\markbind\markbind\node_modules\nunjucks\src\lib.js:280:7)
    at Object.asyncIter (C:\repos\markbind\markbind\node_modules\nunjucks\src\lib.js:286:3)
    at Environment.getTemplate (C:\repos\markbind\markbind\node_modules\nunjucks\src\environment.js:319:9)
    at eval (eval at _compile (C:\repos\markbind\markbind\node_modules\nunjucks\src\environment.js:631:18), <anonymous>:30:5)
2020-07-15T14:20:32.433Z - info: [10:20:32 PM] Reload for file change: C:\repos\nus-cs2103-AY2021S1\cs2103-website\_module-CS2103\weeklyTextbookTopics.mbdf
2020-07-15T14:20:39.737Z - info: Website generation (lazy) started at 10:20:37 PM
2020-07-15T14:20:47.380Z - info: Building assets...
2020-07-15T14:20:52.707Z - info: Assets built
2020-07-15T14:20:52.708Z - info: Generating landing page...
2020-07-15T14:20:53.545Z - info: Landing page built, other pages will be built as you navigate to them!
2020-07-15T14:20:53.634Z - info: Website generation (lazy) complete! Total build time: 16.259s
2020-07-15T14:20:54.459Z - info: Serving "C:\repos\nus-cs2103-AY2021S1\cs2103-website\_site" at http://127.0.0.1:8080
2020-07-15T14:20:54.459Z - info: Press CTRL+C to stop ...
2020-07-15T14:20:54.518Z - info: Site data built
2020-07-15T14:21:05.223Z - info: Building C:\repos\nus-cs2103-AY2021S1\cs2103-website\schedule\timeline as some of its dependencies were changed since the last visit
2020-07-15T14:21:12.000Z - info: Site data built
2020-07-15T14:21:12.002Z - info: Lazy website regeneration complete! Total build time: 6.779s
2020-07-15T14:21:23.228Z - info: Building C:\repos\nus-cs2103-AY2021S1\cs2103-website\schedule\week12\index as some of its dependencies were changed since the last visit
2020-07-15T14:21:23.512Z - info: Site data built
2020-07-15T14:21:23.512Z - info: Lazy website regeneration complete! Total build time: 0.285s
2020-07-15T14:21:27.146Z - info: Building C:\repos\nus-cs2103-AY2021S1\cs2103-website\schedule\week12\topics as some of its dependencies were changed since the last visit
2020-07-15T14:21:27.301Z - info: Site data built
2020-07-15T14:21:27.302Z - info: Lazy website regeneration complete! Total build time: 0.157s
2020-07-15T14:21:46.609Z - info: Website generation started at 10:21:43 PM
2020-07-15T14:21:54.750Z - info: Building assets...
2020-07-15T14:22:01.308Z - info: Assets built
2020-07-15T14:22:01.310Z - info: Generating pages...
2020-07-15T14:22:17.750Z - debug: The process cannot access the file because it is being used by another process.

2020-07-15T14:22:17.751Z - debug: The process cannot access the file because it is being used by another process.

2020-07-15T14:22:18.151Z - debug:  
2020-07-15T14:22:18.151Z - debug:  
2020-07-15T14:22:18.158Z - debug:  
2020-07-15T14:22:18.159Z - debug:  
2020-07-15T14:22:23.521Z - debug:  
2020-07-15T14:22:23.521Z - debug:  
2020-07-15T14:22:23.522Z - debug:  
2020-07-15T14:22:29.418Z - debug:  
2020-07-15T14:22:29.419Z - debug: The process cannot access the file because it is being used by another process.

2020-07-15T14:22:29.419Z - debug:  
2020-07-15T14:22:31.372Z - debug: The process cannot access the file because it is being used by another process.

2020-07-15T14:22:31.373Z - debug: The process cannot access the file because it is being used by another process.

2020-07-15T14:22:31.502Z - debug:  
2020-07-15T14:22:31.502Z - debug:  
2020-07-15T14:22:31.503Z - debug:  
2020-07-15T14:22:31.948Z - debug: The process cannot access the file because it is being used by another process.

2020-07-15T14:22:31.949Z - debug: The process cannot access the file because it is being used by another process.

2020-07-15T14:22:35.427Z - debug:  
2020-07-15T14:22:35.427Z - debug:  
2020-07-15T14:22:54.059Z - debug: The process cannot access the file because it is being used by another process.

2020-07-15T14:22:54.186Z - debug: The process cannot access the file because it is being used by another process.

2020-07-15T14:22:56.120Z - debug: The process cannot access the file because it is being used by another process.

2020-07-15T14:22:56.121Z - debug: The process cannot access the file because it is being used by another process.

2020-07-15T14:22:56.320Z - debug:  
2020-07-15T14:22:58.446Z - debug:  
2020-07-15T14:22:59.844Z - debug:  
2020-07-15T14:23:00.168Z - debug:  
2020-07-15T14:23:05.749Z - debug: The process cannot access the file because it is being used by another process.

2020-07-15T14:23:07.673Z - debug: The process cannot access the file because it is being used by another process.

2020-07-15T14:23:07.948Z - debug:  
2020-07-15T14:23:29.747Z - debug:  
2020-07-15T14:23:29.905Z - debug:  
2020-07-15T14:23:29.906Z - debug:  
2020-07-15T14:23:29.906Z - debug:  
2020-07-15T14:23:34.494Z - debug:  
2020-07-15T14:23:34.496Z - debug:  
2020-07-15T14:23:41.408Z - debug:  
2020-07-15T14:23:44.512Z - debug:  
2020-07-15T14:23:44.512Z - debug:  
2020-07-15T14:23:44.512Z - debug:  
2020-07-15T14:23:44.512Z - debug:  
2020-07-15T14:23:52.748Z - debug:  
2020-07-15T14:23:52.748Z - debug:  
2020-07-15T14:23:57.434Z - debug:  
2020-07-15T14:24:07.615Z - debug:  
2020-07-15T14:24:07.616Z - debug:  
2020-07-15T14:24:14.273Z - debug:  
2020-07-15T14:24:14.273Z - debug:  
2020-07-15T14:24:24.096Z - debug:  
2020-07-15T14:24:47.679Z - debug:  
2020-07-15T14:25:00.699Z - debug:  
2020-07-15T14:25:00.699Z - debug:  
2020-07-15T14:25:10.698Z - info: Pages built
2020-07-15T14:25:38.018Z - info: Website generation complete! Total build time: 234.211s
2020-07-15T14:25:38.019Z - info: Build success!
2020-07-15T14:25:38.020Z - debug:  
2020-07-15T14:25:38.023Z - info: Site data built
2020-07-15T14:26:43.650Z - info: Deployed!
2020-07-15T14:31:11.265Z - info: Website generation (lazy) started at 10:31:05 PM
2020-07-15T14:31:18.706Z - info: Building assets...
2020-07-15T14:31:24.279Z - info: Assets built
2020-07-15T14:31:24.280Z - info: Generating landing page...
2020-07-15T14:31:25.167Z - info: Landing page built, other pages will be built as you navigate to them!
2020-07-15T14:31:25.240Z - info: Website generation (lazy) complete! Total build time: 19.269s
2020-07-15T14:31:26.044Z - info: Serving "C:\repos\nus-cs2103-AY2021S1\cs2103-website\_site" at http://127.0.0.1:8080
2020-07-15T14:31:26.044Z - info: Press CTRL+C to stop ...
2020-07-15T14:31:26.098Z - info: Site data built
2020-07-15T14:31:35.490Z - info: Building C:\repos\nus-cs2103-AY2021S1\cs2103-website\schedule\week2\topics as some of its dependencies were changed since the last visit
2020-07-15T14:31:39.335Z - info: Site data built
2020-07-15T14:31:39.345Z - info: Lazy website regeneration complete! Total build time: 3.856s
2020-07-15T14:33:01.765Z - info: [10:33:01 PM] Reload for file change: C:\repos\nus-cs2103-AY2021S1\cs2103-website\admin\common-commentary.mbdf
2020-07-15T14:33:02.800Z - info: Rebuilding 1 pages
2020-07-15T14:33:06.426Z - info: Pages rebuilt
2020-07-15T14:33:06.427Z - info: Website regeneration complete! Total build time: 3.632s
2020-07-15T14:33:06.450Z - info: Site data built
2020-07-15T14:34:39.016Z - info: [10:34:39 PM] Reload for file change: C:\repos\nus-cs2103-AY2021S1\cs2103-website\schedule\week2\commentary-cs2113.mbdf
2020-07-15T14:34:40.025Z - info: Rebuilding 1 pages
2020-07-15T14:34:43.484Z - info: Pages rebuilt
2020-07-15T14:34:43.485Z - info: Website regeneration complete! Total build time: 3.464s
2020-07-15T14:34:43.507Z - info: Site data built
2020-07-15T14:34:55.905Z - info: [10:34:55 PM] Reload for file change: C:\repos\nus-cs2103-AY2021S1\cs2103-website\schedule\week2\commentary-cs2113.mbdf
2020-07-15T14:34:56.911Z - info: Rebuilding 1 pages
2020-07-15T14:34:59.769Z - info: Pages rebuilt
2020-07-15T14:34:59.770Z - info: Website regeneration complete! Total build time: 2.864s
2020-07-15T14:34:59.789Z - info: Site data built
2020-07-15T14:37:04.948Z - info: [10:37:04 PM] Reload for file change: C:\repos\nus-cs2103-AY2021S1\cs2103-website\schedule\week2\commentary-cs2113.mbdf
2020-07-15T14:37:04.959Z - info: [10:37:04 PM] Reload for file change: C:\repos\nus-cs2103-AY2021S1\cs2103-website\admin\common-commentary.mbdf
2020-07-15T14:37:05.961Z - info: Rebuilding 1 pages
2020-07-15T14:37:06.370Z - error:  Template render error: (unknown path) [Line 34, Column 4]
  unknown block tag: endcall
Error while preprocessing 'C:\repos\nus-cs2103-AY2021S1\cs2103-website\schedule\week2\topics.md'
    at Object._prettifyError (C:\repos\markbind\markbind\node_modules\nunjucks\src\lib.js:36:11)
    at Template.render (C:\repos\markbind\markbind\node_modules\nunjucks\src\environment.js:536:21)
    at Environment.renderString (C:\repos\markbind\markbind\node_modules\nunjucks\src\environment.js:378:17)
    at Object.renderRaw (C:\repos\markbind\markbind\packages\core\src\utils\nunjuckUtils.js:8:25)
    at VariablePreprocessor.renderSiteVariables (C:\repos\markbind\markbind\packages\core\src\preprocessors\VariablePreprocessor.js:132:19)
    at VariablePreprocessor.renderIncludeFile (C:\repos\markbind\markbind\packages\core\src\preprocessors\VariablePreprocessor.js:371:34)
    at _preprocessInclude (C:\repos\markbind\markbind\packages\core\src\preprocessors\componentPreprocessor.js:242:28)
    at preProcessComponent (C:\repos\markbind\markbind\packages\core\src\preprocessors\componentPreprocessor.js:349:12)
    at C:\repos\markbind\markbind\packages\core\src\preprocessors\componentPreprocessor.js:356:52
    at Array.map (<anonymous>)
    at preProcessComponent (C:\repos\markbind\markbind\packages\core\src\preprocessors\componentPreprocessor.js:356:43)
    at C:\repos\markbind\markbind\packages\core\src\preprocessors\componentPreprocessor.js:356:52
    at Array.map (<anonymous>)
    at preProcessComponent (C:\repos\markbind\markbind\packages\core\src\preprocessors\componentPreprocessor.js:356:43)
    at C:\repos\markbind\markbind\packages\core\src\preprocessors\componentPreprocessor.js:356:52
    at Array.map (<anonymous>)
2020-07-15T14:37:06.398Z - info: Pages rebuilt
2020-07-15T14:37:06.398Z - info: Website regeneration complete! Total build time: 0.442s
2020-07-15T14:37:06.404Z - info: Site data built
2020-07-15T14:38:43.173Z - info: [10:38:43 PM] Reload for file change: C:\repos\nus-cs2103-AY2021S1\cs2103-website\admin\common-commentary.mbdf
2020-07-15T14:38:44.182Z - info: Rebuilding 1 pages
2020-07-15T14:38:47.817Z - info: Pages rebuilt
2020-07-15T14:38:47.817Z - info: Website regeneration complete! Total build time: 3.636s
2020-07-15T14:38:47.832Z - info: Site data built
2020-07-15T14:40:52.562Z - info: [10:40:52 PM] Reload for file change: C:\repos\nus-cs2103-AY2021S1\cs2103-website\schedule\week2\commentary-cs2113.mbdf
2020-07-15T14:40:53.583Z - info: Rebuilding 1 pages
2020-07-15T14:40:57.028Z - info: Pages rebuilt
2020-07-15T14:40:57.028Z - info: Website regeneration complete! Total build time: 3.446s
2020-07-15T14:40:57.061Z - info: Site data built
2020-07-15T14:43:50.837Z - info: [10:43:50 PM] Reload for file change: C:\repos\nus-cs2103-AY2021S1\cs2103-website\schedule\week2\commentary-cs2103.mbdf
2020-07-15T14:43:50.842Z - info: [10:43:50 PM] Reload for file change: C:\repos\nus-cs2103-AY2021S1\cs2103-website\schedule\week2\commentary-cs2113.mbdf
2020-07-15T14:43:51.850Z - info: Rebuilding 1 pages
2020-07-15T14:43:55.160Z - info: Pages rebuilt
2020-07-15T14:43:55.160Z - info: Website regeneration complete! Total build time: 3.313s
2020-07-15T14:43:55.205Z - info: Site data built
2020-07-15T14:48:03.169Z - info: [10:48:03 PM] Reload for file change: C:\repos\nus-cs2103-AY2021S1\cs2103-website\common\topics.njk
2020-07-15T14:48:04.192Z - info: Assets built
2020-07-15T14:48:24.086Z - info: Website generation (lazy) started at 10:48:20 PM
2020-07-15T14:48:40.825Z - info: Building assets...
2020-07-15T14:48:50.127Z - info: Assets built
2020-07-15T14:48:50.128Z - info: Generating landing page...
2020-07-15T14:48:51.014Z - info: Landing page built, other pages will be built as you navigate to them!
2020-07-15T14:48:51.109Z - info: Website generation (lazy) complete! Total build time: 30.686s
2020-07-15T14:48:51.998Z - info: Serving "C:\repos\nus-cs2103-AY2021S1\cs2103-website\_site" at http://127.0.0.1:8080
2020-07-15T14:48:51.998Z - info: Press CTRL+C to stop ...
2020-07-15T14:48:52.057Z - info: Site data built
2020-07-15T14:52:43.614Z - info: Building C:\repos\nus-cs2103-AY2021S1\cs2103-website\schedule\week2\topics as some of its dependencies were changed since the last visit
2020-07-15T14:52:44.199Z - error:  Template render error: (unknown path)
  Error: Unable to call `caller`, which is undefined or falsey
    at Object._prettifyError (C:\repos\markbind\markbind\node_modules\nunjucks\src\lib.js:36:11)
    at C:\repos\markbind\markbind\node_modules\nunjucks\src\environment.js:561:19
    at eval (eval at _compile (C:\repos\markbind\markbind\node_modules\nunjucks\src\environment.js:631:18), <anonymous>:39:12)
    at C:\repos\markbind\markbind\node_modules\nunjucks\src\environment.js:611:9
    at eval (eval at _compile (C:\repos\markbind\markbind\node_modules\nunjucks\src\environment.js:631:18), <anonymous>:10:11)
    at C:\repos\markbind\markbind\node_modules\nunjucks\src\environment.js:611:9
    at eval (eval at _compile (C:\repos\markbind\markbind\node_modules\nunjucks\src\environment.js:631:18), <anonymous>:10:11)
    at C:\repos\markbind\markbind\node_modules\nunjucks\src\environment.js:611:9
    at Template.root [as rootRenderFunc] (eval at _compile (C:\repos\markbind\markbind\node_modules\nunjucks\src\environment.js:631:18), <anonymous>:24:3)
    at Template.getExported (C:\repos\markbind\markbind\node_modules\nunjucks\src\environment.js:609:10)
    at eval (eval at _compile (C:\repos\markbind\markbind\node_modules\nunjucks\src\environment.js:631:18), <anonymous>:9:5)
    at Environment.getTemplate (C:\repos\markbind\markbind\node_modules\nunjucks\src\environment.js:277:9)
    at Template.root [as rootRenderFunc] (eval at _compile (C:\repos\markbind\markbind\node_modules\nunjucks\src\environment.js:631:18), <anonymous>:7:5)
    at Template.getExported (C:\repos\markbind\markbind\node_modules\nunjucks\src\environment.js:609:10)
    at eval (eval at _compile (C:\repos\markbind\markbind\node_modules\nunjucks\src\environment.js:631:18), <anonymous>:9:5)
    at Environment.getTemplate (C:\repos\markbind\markbind\node_modules\nunjucks\src\environment.js:277:9)
2020-07-15T14:52:44.296Z - info: Site data built
2020-07-15T14:52:44.297Z - info: Lazy website regeneration complete! Total build time: 0.685s
2020-07-15T14:53:16.508Z - info: [10:53:16 PM] Reload for file change: C:\repos\nus-cs2103-AY2021S1\cs2103-website\schedule\week2\commentary-cs2113.mbdf
2020-07-15T14:53:17.519Z - info: No pages needed to be rebuilt
2020-07-15T14:53:28.733Z - info: Building C:\repos\nus-cs2103-AY2021S1\cs2103-website\schedule\week2\topics as some of its dependencies were changed since the last visit
2020-07-15T14:53:32.108Z - info: Site data built
2020-07-15T14:53:32.110Z - info: Lazy website regeneration complete! Total build time: 3.377s
2020-07-15T14:54:58.610Z - info: [10:54:58 PM] Reload for file change: C:\repos\nus-cs2103-AY2021S1\cs2103-website\schedule\week2\commentary-cs2113.mbdf
2020-07-15T14:54:59.621Z - info: Rebuilding 1 pages
2020-07-15T14:55:00.445Z - error:  Error: No such segment 'java-helloworld' in file: C:\repos\nus-cs2103-AY2021S1\cs2103-website\admin\common-commentary.mbdf
Missing reference in C:\repos\nus-cs2103-AY2021S1\cs2103-website\schedule\week2\commentary-box.md
    at _preprocessInclude (C:\repos\markbind\markbind\packages\core\src\preprocessors\componentPreprocessor.js:264:21)
    at preProcessComponent (C:\repos\markbind\markbind\packages\core\src\preprocessors\componentPreprocessor.js:349:12)
    at C:\repos\markbind\markbind\packages\core\src\preprocessors\componentPreprocessor.js:356:52
    at Array.map (<anonymous>)
    at preProcessComponent (C:\repos\markbind\markbind\packages\core\src\preprocessors\componentPreprocessor.js:356:43)
    at C:\repos\markbind\markbind\packages\core\src\preprocessors\componentPreprocessor.js:356:52
    at Array.map (<anonymous>)
    at preProcessComponent (C:\repos\markbind\markbind\packages\core\src\preprocessors\componentPreprocessor.js:356:43)
    at C:\repos\markbind\markbind\packages\core\src\preprocessors\componentPreprocessor.js:356:52
    at Array.map (<anonymous>)
    at preProcessComponent (C:\repos\markbind\markbind\packages\core\src\preprocessors\componentPreprocessor.js:356:43)
    at C:\repos\markbind\markbind\packages\core\src\preprocessors\componentPreprocessor.js:298:50
    at Array.map (<anonymous>)
    at _preprocessInclude (C:\repos\markbind\markbind\packages\core\src\preprocessors\componentPreprocessor.js:298:41)
    at preProcessComponent (C:\repos\markbind\markbind\packages\core\src\preprocessors\componentPreprocessor.js:349:12)
    at C:\repos\markbind\markbind\packages\core\src\preprocessors\componentPreprocessor.js:356:52
2020-07-15T14:55:00.949Z - error:  Error: No such segment 'revisioncontrol-what' in file: C:\repos\nus-cs2103-AY2021S1\cs2103-website\admin\common-commentary.mbdf
Missing reference in C:\repos\nus-cs2103-AY2021S1\cs2103-website\schedule\week2\commentary-box.md
    at _preprocessInclude (C:\repos\markbind\markbind\packages\core\src\preprocessors\componentPreprocessor.js:264:21)
    at preProcessComponent (C:\repos\markbind\markbind\packages\core\src\preprocessors\componentPreprocessor.js:349:12)
    at C:\repos\markbind\markbind\packages\core\src\preprocessors\componentPreprocessor.js:356:52
    at Array.map (<anonymous>)
    at preProcessComponent (C:\repos\markbind\markbind\packages\core\src\preprocessors\componentPreprocessor.js:356:43)
    at C:\repos\markbind\markbind\packages\core\src\preprocessors\componentPreprocessor.js:356:52
    at Array.map (<anonymous>)
    at preProcessComponent (C:\repos\markbind\markbind\packages\core\src\preprocessors\componentPreprocessor.js:356:43)
    at C:\repos\markbind\markbind\packages\core\src\preprocessors\componentPreprocessor.js:356:52
    at Array.map (<anonymous>)
    at preProcessComponent (C:\repos\markbind\markbind\packages\core\src\preprocessors\componentPreprocessor.js:356:43)
    at C:\repos\markbind\markbind\packages\core\src\preprocessors\componentPreprocessor.js:298:50
    at Array.map (<anonymous>)
    at _preprocessInclude (C:\repos\markbind\markbind\packages\core\src\preprocessors\componentPreprocessor.js:298:41)
    at preProcessComponent (C:\repos\markbind\markbind\packages\core\src\preprocessors\componentPreprocessor.js:349:12)
    at C:\repos\markbind\markbind\packages\core\src\preprocessors\componentPreprocessor.js:356:52
2020-07-15T14:55:01.050Z - error:  Error: No such segment 'gitandgithub-init' in file: C:\repos\nus-cs2103-AY2021S1\cs2103-website\admin\common-commentary.mbdf
Missing reference in C:\repos\nus-cs2103-AY2021S1\cs2103-website\schedule\week2\commentary-box.md
    at _preprocessInclude (C:\repos\markbind\markbind\packages\core\src\preprocessors\componentPreprocessor.js:264:21)
    at preProcessComponent (C:\repos\markbind\markbind\packages\core\src\preprocessors\componentPreprocessor.js:349:12)
    at C:\repos\markbind\markbind\packages\core\src\preprocessors\componentPreprocessor.js:356:52
    at Array.map (<anonymous>)
    at preProcessComponent (C:\repos\markbind\markbind\packages\core\src\preprocessors\componentPreprocessor.js:356:43)
    at C:\repos\markbind\markbind\packages\core\src\preprocessors\componentPreprocessor.js:356:52
    at Array.map (<anonymous>)
    at preProcessComponent (C:\repos\markbind\markbind\packages\core\src\preprocessors\componentPreprocessor.js:356:43)
    at C:\repos\markbind\markbind\packages\core\src\preprocessors\componentPreprocessor.js:356:52
    at Array.map (<anonymous>)
    at preProcessComponent (C:\repos\markbind\markbind\packages\core\src\preprocessors\componentPreprocessor.js:356:43)
    at C:\repos\markbind\markbind\packages\core\src\preprocessors\componentPreprocessor.js:298:50
    at Array.map (<anonymous>)
    at _preprocessInclude (C:\repos\markbind\markbind\packages\core\src\preprocessors\componentPreprocessor.js:298:41)
    at preProcessComponent (C:\repos\markbind\markbind\packages\core\src\preprocessors\componentPreprocessor.js:349:12)
    at C:\repos\markbind\markbind\packages\core\src\preprocessors\componentPreprocessor.js:356:52
2020-07-15T14:55:01.088Z - error:  Error: No such segment 'revisioncontrol-savinghistory' in file: C:\repos\nus-cs2103-AY2021S1\cs2103-website\admin\common-commentary.mbdf
Missing reference in C:\repos\nus-cs2103-AY2021S1\cs2103-website\schedule\week2\commentary-box.md
    at _preprocessInclude (C:\repos\markbind\markbind\packages\core\src\preprocessors\componentPreprocessor.js:264:21)
    at preProcessComponent (C:\repos\markbind\markbind\packages\core\src\preprocessors\componentPreprocessor.js:349:12)
    at C:\repos\markbind\markbind\packages\core\src\preprocessors\componentPreprocessor.js:356:52
    at Array.map (<anonymous>)
    at preProcessComponent (C:\repos\markbind\markbind\packages\core\src\preprocessors\componentPreprocessor.js:356:43)
    at C:\repos\markbind\markbind\packages\core\src\preprocessors\componentPreprocessor.js:356:52
    at Array.map (<anonymous>)
    at preProcessComponent (C:\repos\markbind\markbind\packages\core\src\preprocessors\componentPreprocessor.js:356:43)
    at C:\repos\markbind\markbind\packages\core\src\preprocessors\componentPreprocessor.js:356:52
    at Array.map (<anonymous>)
    at preProcessComponent (C:\repos\markbind\markbind\packages\core\src\preprocessors\componentPreprocessor.js:356:43)
    at C:\repos\markbind\markbind\packages\core\src\preprocessors\componentPreprocessor.js:298:50
    at Array.map (<anonymous>)
    at _preprocessInclude (C:\repos\markbind\markbind\packages\core\src\preprocessors\componentPreprocessor.js:298:41)
    at preProcessComponent (C:\repos\markbind\markbind\packages\core\src\preprocessors\componentPreprocessor.js:349:12)
    at C:\repos\markbind\markbind\packages\core\src\preprocessors\componentPreprocessor.js:356:52
2020-07-15T14:55:03.414Z - info: Pages rebuilt
2020-07-15T14:55:03.414Z - info: Website regeneration complete! Total build time: 3.8s
2020-07-15T14:55:03.439Z - info: Site data built
2020-07-15T15:02:04.063Z - info: [11:02:04 PM] Reload for file change: C:\repos\nus-cs2103-AY2021S1\cs2103-website\admin\common-commentary.mbdf
2020-07-15T15:02:05.073Z - info: Rebuilding 1 pages
2020-07-15T15:02:06.128Z - error:  Error: No such segment 'rcs-intro' in file: C:\repos\nus-cs2103-AY2021S1\cs2103-website\admin\common-commentary.mbdf
Missing reference in C:\repos\nus-cs2103-AY2021S1\cs2103-website\schedule\week2\commentary-box.md
    at _preprocessInclude (C:\repos\markbind\markbind\packages\core\src\preprocessors\componentPreprocessor.js:264:21)
    at preProcessComponent (C:\repos\markbind\markbind\packages\core\src\preprocessors\componentPreprocessor.js:349:12)
    at C:\repos\markbind\markbind\packages\core\src\preprocessors\componentPreprocessor.js:356:52
    at Array.map (<anonymous>)
    at preProcessComponent (C:\repos\markbind\markbind\packages\core\src\preprocessors\componentPreprocessor.js:356:43)
    at C:\repos\markbind\markbind\packages\core\src\preprocessors\componentPreprocessor.js:356:52
    at Array.map (<anonymous>)
    at preProcessComponent (C:\repos\markbind\markbind\packages\core\src\preprocessors\componentPreprocessor.js:356:43)
    at C:\repos\markbind\markbind\packages\core\src\preprocessors\componentPreprocessor.js:356:52
    at Array.map (<anonymous>)
    at preProcessComponent (C:\repos\markbind\markbind\packages\core\src\preprocessors\componentPreprocessor.js:356:43)
    at C:\repos\markbind\markbind\packages\core\src\preprocessors\componentPreprocessor.js:298:50
    at Array.map (<anonymous>)
    at _preprocessInclude (C:\repos\markbind\markbind\packages\core\src\preprocessors\componentPreprocessor.js:298:41)
    at preProcessComponent (C:\repos\markbind\markbind\packages\core\src\preprocessors\componentPreprocessor.js:349:12)
    at C:\repos\markbind\markbind\packages\core\src\preprocessors\componentPreprocessor.js:356:52
2020-07-15T15:02:09.200Z - info: Pages rebuilt
2020-07-15T15:02:09.200Z - info: Website regeneration complete! Total build time: 4.133s
2020-07-15T15:02:09.222Z - info: Site data built
2020-07-15T15:03:45.551Z - info: Website generation (lazy) started at 11:03:42 PM
2020-07-15T15:04:02.040Z - info: Building assets...
2020-07-15T15:04:10.842Z - info: Assets built
2020-07-15T15:04:10.844Z - info: Generating landing page...
2020-07-15T15:04:12.706Z - info: Landing page built, other pages will be built as you navigate to them!
2020-07-15T15:04:12.943Z - info: Website generation (lazy) complete! Total build time: 30.073s
2020-07-15T15:04:14.348Z - info: Serving "C:\repos\nus-cs2103-AY2021S1\cs2103-website\_site" at http://127.0.0.1:8080
2020-07-15T15:04:14.349Z - info: Press CTRL+C to stop ...
2020-07-15T15:04:14.400Z - info: Site data built
2020-07-15T15:04:28.721Z - info: Building C:\repos\nus-cs2103-AY2021S1\cs2103-website\schedule\week2\topics as some of its dependencies were changed since the last visit
2020-07-15T15:04:29.747Z - error:  Error: No such segment 'rcs-intro' in file: C:\repos\nus-cs2103-AY2021S1\cs2103-website\admin\common-commentary.mbdf
Missing reference in C:\repos\nus-cs2103-AY2021S1\cs2103-website\schedule\week2\commentary-box.md
    at _preprocessInclude (C:\repos\markbind\markbind\packages\core\src\preprocessors\componentPreprocessor.js:264:21)
    at preProcessComponent (C:\repos\markbind\markbind\packages\core\src\preprocessors\componentPreprocessor.js:349:12)
    at C:\repos\markbind\markbind\packages\core\src\preprocessors\componentPreprocessor.js:356:52
    at Array.map (<anonymous>)
    at preProcessComponent (C:\repos\markbind\markbind\packages\core\src\preprocessors\componentPreprocessor.js:356:43)
    at C:\repos\markbind\markbind\packages\core\src\preprocessors\componentPreprocessor.js:356:52
    at Array.map (<anonymous>)
    at preProcessComponent (C:\repos\markbind\markbind\packages\core\src\preprocessors\componentPreprocessor.js:356:43)
    at C:\repos\markbind\markbind\packages\core\src\preprocessors\componentPreprocessor.js:356:52
    at Array.map (<anonymous>)
    at preProcessComponent (C:\repos\markbind\markbind\packages\core\src\preprocessors\componentPreprocessor.js:356:43)
    at C:\repos\markbind\markbind\packages\core\src\preprocessors\componentPreprocessor.js:298:50
    at Array.map (<anonymous>)
    at _preprocessInclude (C:\repos\markbind\markbind\packages\core\src\preprocessors\componentPreprocessor.js:298:41)
    at preProcessComponent (C:\repos\markbind\markbind\packages\core\src\preprocessors\componentPreprocessor.js:349:12)
    at C:\repos\markbind\markbind\packages\core\src\preprocessors\componentPreprocessor.js:356:52
2020-07-15T15:04:31.949Z - info: Site data built
2020-07-15T15:04:31.950Z - info: Lazy website regeneration complete! Total build time: 3.23s
2020-07-15T15:05:10.239Z - info: [11:05:10 PM] Reload for file change: C:\repos\nus-cs2103-AY2021S1\cs2103-website\admin\common-commentary.mbdf
2020-07-15T15:05:11.263Z - info: Rebuilding 1 pages
2020-07-15T15:05:15.048Z - info: Pages rebuilt
2020-07-15T15:05:15.049Z - info: Website regeneration complete! Total build time: 3.79s
2020-07-15T15:05:15.069Z - info: Site data built
2020-07-15T15:06:28.666Z - info: [11:06:28 PM] Reload for file change: C:\repos\nus-cs2103-AY2021S1\cs2103-website\schedule\week2\commentary-cs2103.mbdf
2020-07-15T15:06:29.685Z - info: No pages needed to be rebuilt
2020-07-15T15:08:52.724Z - info: [11:08:52 PM] Reload for file change: C:\repos\nus-cs2103-AY2021S1\cs2103-website\admin\common-commentary.mbdf
2020-07-15T15:08:53.730Z - info: Rebuilding 1 pages
2020-07-15T15:08:57.207Z - info: Pages rebuilt
2020-07-15T15:08:57.207Z - info: Website regeneration complete! Total build time: 3.479s
2020-07-15T15:08:57.229Z - info: Site data built
