2020-11-11T16:35:06.018Z - info: Website generation (lazy) started at 12:34:59 AM
2020-11-11T16:35:16.909Z - info: Building assets...
2020-11-11T16:35:25.546Z - info: Assets built
2020-11-11T16:35:25.547Z - info: Generating landing page...
2020-11-11T16:35:26.839Z - info: Landing page built, other pages will be built as you navigate to them!
2020-11-11T16:35:26.953Z - info: Website generation (lazy) complete! Total build time: 27.778s
2020-11-11T16:35:27.027Z - info: Site data built
2020-11-11T16:35:28.830Z - info: Serving "C:\repos\nus-cs2103-AY2021S1\cs2103-website\_site" at http://127.0.0.1:64803
2020-11-11T16:35:28.830Z - info: Press CTRL+C to stop ...
2020-11-11T16:36:10.691Z - info: Building C:\repos\nus-cs2103-AY2021S1\cs2103-website\admin\index as some of its dependencies were changed since the last visit
2020-11-11T16:36:11.590Z - info: Site data built
2020-11-11T16:36:11.590Z - info: Lazy website regeneration complete! Total build time: 0.904s
2020-11-11T16:36:19.809Z - info: Building C:\repos\nus-cs2103-AY2021S1\cs2103-website\admin\tp-pe as some of its dependencies were changed since the last visit
2020-11-11T16:36:21.501Z - info: Site data built
2020-11-11T16:36:21.502Z - info: Lazy website regeneration complete! Total build time: 1.693s
2020-11-11T16:42:17.573Z - info: [12:42:17 AM] Reload for file change: C:\repos\nus-cs2103-AY2021S1\cs2103-website\admin\tp-pe.mbdf
2020-11-11T16:42:18.609Z - info: Rebuilding 1 pages
2020-11-11T16:42:20.761Z - info: Pages rebuilt
2020-11-11T16:42:20.762Z - info: Website regeneration complete! Total build time: 2.171s
2020-11-11T16:42:20.774Z - info: Site data built
2020-11-11T16:51:32.315Z - info: Website generation started at 12:51:29 AM
2020-11-11T16:51:42.638Z - info: Building assets...
2020-11-11T16:51:48.620Z - info: Assets built
2020-11-11T16:51:48.621Z - info: Generating pages...
2020-11-11T16:52:05.997Z - debug: The process cannot access the file because it is being used by another process.

2020-11-11T16:52:06.010Z - debug:  
2020-11-11T16:52:06.012Z - debug:  
2020-11-11T16:52:06.012Z - debug:  
2020-11-11T16:52:06.013Z - debug: The process cannot access the file because it is being used by another process.

2020-11-11T16:52:06.013Z - debug:  
2020-11-11T16:52:06.013Z - debug:  
2020-11-11T16:52:07.409Z - debug:  
2020-11-11T16:52:07.463Z - debug:  
2020-11-11T16:52:07.640Z - debug:  
2020-11-11T16:52:11.925Z - debug: The process cannot access the file because it is being used by another process.

2020-11-11T16:52:11.925Z - debug: The process cannot access the file because it is being used by another process.

2020-11-11T16:52:11.926Z - debug:  
2020-11-11T16:52:13.420Z - debug:  
2020-11-11T16:52:13.420Z - debug: The process cannot access the file because it is being used by another process.

2020-11-11T16:52:13.420Z - debug: The process cannot access the file because it is being used by another process.

2020-11-11T16:52:13.540Z - debug:  
2020-11-11T16:52:13.540Z - debug:  
2020-11-11T16:52:13.945Z - debug: The process cannot access the file because it is being used by another process.

2020-11-11T16:52:13.946Z - debug: The process cannot access the file because it is being used by another process.

2020-11-11T16:52:16.919Z - debug:  
2020-11-11T16:52:16.972Z - debug:  
2020-11-11T16:52:28.974Z - debug: The process cannot access the file because it is being used by another process.

2020-11-11T16:52:29.734Z - debug: The process cannot access the file because it is being used by another process.

2020-11-11T16:52:30.631Z - debug: The process cannot access the file because it is being used by another process.

2020-11-11T16:52:30.632Z - debug:  
2020-11-11T16:52:32.211Z - debug: The process cannot access the file because it is being used by another process.

2020-11-11T16:52:32.836Z - debug: The process cannot access the file because it is being used by another process.

2020-11-11T16:52:34.204Z - debug:  
2020-11-11T16:52:35.863Z - debug:  
2020-11-11T16:52:37.923Z - debug: The process cannot access the file because it is being used by another process.

2020-11-11T16:52:37.924Z - debug: The process cannot access the file because it is being used by another process.

2020-11-11T16:52:39.701Z - debug: The process cannot access the file because it is being used by another process.

2020-11-11T16:52:39.702Z - debug: The process cannot access the file because it is being used by another process.

2020-11-11T16:52:39.946Z - debug:  
2020-11-11T16:52:42.923Z - debug:  
2020-11-11T16:52:44.403Z - debug:  
2020-11-11T16:52:44.535Z - debug:  
2020-11-11T16:52:50.189Z - debug: The process cannot access the file because it is being used by another process.

2020-11-11T16:52:51.890Z - debug: The process cannot access the file because it is being used by another process.

2020-11-11T16:52:52.311Z - debug:  
2020-11-11T16:53:17.175Z - debug:  
2020-11-11T16:53:17.177Z - debug:  
2020-11-11T16:53:17.177Z - debug:  
2020-11-11T16:53:17.177Z - debug:  
2020-11-11T16:53:17.192Z - debug: The process cannot access the file because it is being used by another process.

2020-11-11T16:53:21.320Z - debug:  
2020-11-11T16:53:21.530Z - debug:  
2020-11-11T16:53:21.530Z - debug:  
2020-11-11T16:53:29.267Z - debug:  
2020-11-11T16:53:32.914Z - debug:  
2020-11-11T16:53:32.914Z - debug:  
2020-11-11T16:53:32.914Z - debug:  
2020-11-11T16:53:32.914Z - debug:  
2020-11-11T16:53:40.339Z - debug: The process cannot access the file because it is being used by another process.

2020-11-11T16:53:40.340Z - debug:  
2020-11-11T16:53:42.168Z - debug:  
2020-11-11T16:53:42.168Z - debug:  
2020-11-11T16:53:47.322Z - debug:  
2020-11-11T16:53:57.044Z - debug:  
2020-11-11T16:53:58.958Z - debug:  
2020-11-11T16:53:58.959Z - debug:  
2020-11-11T16:54:04.336Z - debug:  
2020-11-11T16:54:04.336Z - debug:  
2020-11-11T16:54:16.204Z - debug:  
2020-11-11T16:54:16.665Z - debug:  
2020-11-11T16:54:44.898Z - debug:  
2020-11-11T16:54:58.670Z - debug:  
2020-11-11T16:54:58.670Z - debug:  
2020-11-11T16:55:10.583Z - info: Pages built
2020-11-11T16:55:36.346Z - info: Website generation complete! Total build time: 246.802s
2020-11-11T16:55:36.348Z - info: Build success!
2020-11-11T16:55:36.349Z - debug:  
2020-11-11T16:55:36.351Z - info: Site data built
2020-11-11T16:56:14.506Z - info: Deployed!
2020-11-12T03:52:44.051Z - info: Website generation (lazy) started at 11:52:37 AM
2020-11-12T03:52:52.088Z - info: Building assets...
2020-11-12T03:52:57.717Z - info: Assets built
2020-11-12T03:52:57.717Z - info: Generating landing page...
2020-11-12T03:52:58.759Z - info: Landing page built, other pages will be built as you navigate to them!
2020-11-12T03:52:58.860Z - info: Website generation (lazy) complete! Total build time: 21.095s
2020-11-12T03:52:59.667Z - info: Serving "C:\repos\nus-cs2103-AY2021S1\cs2103-website\_site" at http://127.0.0.1:8080
2020-11-12T03:52:59.667Z - info: Press CTRL+C to stop ...
2020-11-12T03:52:59.730Z - info: Site data built
2020-11-12T03:53:18.572Z - info: [11:53:18 AM] Reload for file change: C:\repos\nus-cs2103-AY2021S1\cs2103-website\admin\tp-ped.mbdf
2020-11-12T03:53:19.579Z - info: No pages needed to be rebuilt
2020-11-12T03:53:21.958Z - info: Building C:\repos\nus-cs2103-AY2021S1\cs2103-website\admin\index as some of its dependencies were changed since the last visit
2020-11-12T03:53:22.536Z - info: Site data built
2020-11-12T03:53:22.537Z - info: Lazy website regeneration complete! Total build time: 0.579s
2020-11-12T03:53:32.116Z - info: Building C:\repos\nus-cs2103-AY2021S1\cs2103-website\admin\tp-pe as some of its dependencies were changed since the last visit
2020-11-12T03:53:33.892Z - info: Site data built
2020-11-12T03:53:33.893Z - info: Lazy website regeneration complete! Total build time: 1.778s
2020-11-12T03:53:38.088Z - info: [11:53:38 AM] Reload for file change: C:\repos\nus-cs2103-AY2021S1\cs2103-website\admin\tp-ped.mbdf
2020-11-12T03:53:39.100Z - info: Rebuilding 1 pages
2020-11-12T03:53:40.221Z - info: Pages rebuilt
2020-11-12T03:53:40.221Z - info: Website regeneration complete! Total build time: 1.124s
2020-11-12T03:53:40.226Z - info: Site data built
2020-11-12T03:55:06.651Z - info: [11:55:06 AM] Reload for file change: C:\repos\nus-cs2103-AY2021S1\cs2103-website\admin\tp-ped.mbdf
2020-11-12T03:55:07.658Z - info: Rebuilding 1 pages
2020-11-12T03:55:09.230Z - info: Pages rebuilt
2020-11-12T03:55:09.230Z - info: Website regeneration complete! Total build time: 1.576s
2020-11-12T03:55:09.238Z - info: Site data built
2020-11-12T03:55:57.832Z - info: [11:55:57 AM] Reload for file change: C:\repos\nus-cs2103-AY2021S1\cs2103-website\admin\tp-ped.mbdf
2020-11-12T03:55:58.841Z - info: Rebuilding 1 pages
2020-11-12T03:56:00.326Z - info: Pages rebuilt
2020-11-12T03:56:00.326Z - info: Website regeneration complete! Total build time: 1.487s
2020-11-12T03:56:00.335Z - info: Site data built
2020-11-12T03:57:26.589Z - info: Website generation started at 11:57:23 AM
2020-11-12T03:57:34.237Z - info: Building assets...
2020-11-12T03:57:39.678Z - info: Assets built
2020-11-12T03:57:39.678Z - info: Generating pages...
2020-11-12T03:57:53.618Z - debug: The process cannot access the file because it is being used by another process.

2020-11-12T03:57:53.619Z - debug: The process cannot access the file because it is being used by another process.

2020-11-12T03:57:56.969Z - debug:  
2020-11-12T03:57:56.974Z - debug:  
2020-11-12T03:57:56.976Z - debug:  
2020-11-12T03:57:56.976Z - debug:  
2020-11-12T03:57:56.976Z - debug:  
2020-11-12T03:57:58.465Z - debug:  
2020-11-12T03:58:02.028Z - debug: The process cannot access the file because it is being used by another process.

2020-11-12T03:58:02.028Z - debug: The process cannot access the file because it is being used by another process.

2020-11-12T03:58:02.029Z - debug: The process cannot access the file because it is being used by another process.

2020-11-12T03:58:02.029Z - debug:  
2020-11-12T03:58:02.029Z - debug: The process cannot access the file because it is being used by another process.

2020-11-12T03:58:02.029Z - debug:  
2020-11-12T03:58:02.029Z - debug:  
2020-11-12T03:58:02.029Z - debug:  
2020-11-12T03:58:05.036Z - debug: The process cannot access the file because it is being used by another process.

2020-11-12T03:58:05.037Z - debug: The process cannot access the file because it is being used by another process.

2020-11-12T03:58:05.037Z - debug: The process cannot access the file because it is being used by another process.

2020-11-12T03:58:05.037Z - debug: The process cannot access the file because it is being used by another process.

2020-11-12T03:58:06.064Z - debug:  
2020-11-12T03:58:06.122Z - debug:  
2020-11-12T03:58:19.337Z - debug: The process cannot access the file because it is being used by another process.

2020-11-12T03:58:19.341Z - debug: The process cannot access the file because it is being used by another process.

2020-11-12T03:58:20.306Z - debug: The process cannot access the file because it is being used by another process.

2020-11-12T03:58:20.382Z - debug:  
2020-11-12T03:58:21.800Z - debug: The process cannot access the file because it is being used by another process.

2020-11-12T03:58:22.362Z - debug: The process cannot access the file because it is being used by another process.

2020-11-12T03:58:23.434Z - debug:  
2020-11-12T03:58:25.064Z - debug:  
2020-11-12T03:58:26.784Z - debug: The process cannot access the file because it is being used by another process.

2020-11-12T03:58:26.785Z - debug: The process cannot access the file because it is being used by another process.

2020-11-12T03:58:28.655Z - debug: The process cannot access the file because it is being used by another process.

2020-11-12T03:58:28.655Z - debug: The process cannot access the file because it is being used by another process.

2020-11-12T03:58:31.141Z - debug:  
2020-11-12T03:58:31.142Z - debug:  
2020-11-12T03:58:32.507Z - debug:  
2020-11-12T03:58:32.628Z - debug:  
2020-11-12T03:58:37.956Z - debug: The process cannot access the file because it is being used by another process.

2020-11-12T03:58:39.719Z - debug: The process cannot access the file because it is being used by another process.

2020-11-12T03:58:40.130Z - debug:  
2020-11-12T03:58:59.875Z - debug:  
2020-11-12T03:58:59.876Z - debug:  
2020-11-12T03:58:59.876Z - debug:  
2020-11-12T03:58:59.876Z - debug:  
2020-11-12T03:59:01.389Z - debug: The process cannot access the file because it is being used by another process.

2020-11-12T03:59:05.110Z - debug:  
2020-11-12T03:59:05.396Z - debug:  
2020-11-12T03:59:05.398Z - debug:  
2020-11-12T03:59:11.996Z - debug:  
2020-11-12T03:59:14.987Z - debug:  
2020-11-12T03:59:14.988Z - debug:  
2020-11-12T03:59:14.988Z - debug:  
2020-11-12T03:59:14.988Z - debug:  
2020-11-12T03:59:19.203Z - debug: The process cannot access the file because it is being used by another process.

2020-11-12T03:59:21.562Z - debug:  
2020-11-12T03:59:23.063Z - debug:  
2020-11-12T03:59:23.063Z - debug:  
2020-11-12T03:59:27.549Z - debug:  
2020-11-12T03:59:36.847Z - debug:  
2020-11-12T03:59:38.767Z - debug:  
2020-11-12T03:59:38.768Z - debug:  
2020-11-12T03:59:43.832Z - debug:  
2020-11-12T03:59:43.832Z - debug:  
2020-11-12T03:59:55.798Z - debug:  
2020-11-12T03:59:56.965Z - debug:  
2020-11-12T04:00:25.603Z - debug:  
2020-11-12T04:00:45.549Z - debug:  
2020-11-12T04:00:45.549Z - debug:  
2020-11-12T04:01:00.231Z - info: Pages built
2020-11-12T04:01:28.985Z - info: Website generation complete! Total build time: 245.166s
2020-11-12T04:01:28.989Z - info: Build success!
2020-11-12T04:01:28.989Z - debug:  
2020-11-12T04:01:28.992Z - info: Site data built
2020-11-12T04:02:11.293Z - info: Deployed!
2020-11-12T06:03:57.428Z - info: Website generation (lazy) started at 2:03:51 PM
2020-11-12T06:04:06.640Z - info: Building assets...
2020-11-12T06:04:12.814Z - info: Assets built
2020-11-12T06:04:12.815Z - info: Generating landing page...
2020-11-12T06:04:14.022Z - info: Landing page built, other pages will be built as you navigate to them!
2020-11-12T06:04:14.141Z - info: Website generation (lazy) complete! Total build time: 22.375s
2020-11-12T06:04:15.076Z - info: Serving "C:\repos\nus-cs2103-AY2021S1\cs2103-website\_site" at http://127.0.0.1:8080
2020-11-12T06:04:15.076Z - info: Press CTRL+C to stop ...
2020-11-12T06:04:15.145Z - info: Site data built
2020-11-12T06:04:54.473Z - info: Building C:\repos\nus-cs2103-AY2021S1\cs2103-website\admin\index as some of its dependencies were changed since the last visit
2020-11-12T06:04:55.013Z - info: Site data built
2020-11-12T06:04:55.016Z - info: Lazy website regeneration complete! Total build time: 0.544s
2020-11-12T06:05:05.047Z - info: Building C:\repos\nus-cs2103-AY2021S1\cs2103-website\admin\tp-pe as some of its dependencies were changed since the last visit
2020-11-12T06:05:06.829Z - info: Site data built
2020-11-12T06:05:06.830Z - info: Lazy website regeneration complete! Total build time: 1.783s
2020-11-12T06:06:51.081Z - info: [2:06:51 PM] Reload for file change: C:\repos\nus-cs2103-AY2021S1\cs2103-website\admin\tp-pe.mbdf
2020-11-12T06:06:52.090Z - info: Rebuilding 1 pages
2020-11-12T06:06:53.887Z - info: Pages rebuilt
2020-11-12T06:06:53.888Z - info: Website regeneration complete! Total build time: 1.799s
2020-11-12T06:06:53.909Z - info: Site data built
2020-11-12T06:07:48.900Z - info: [2:07:48 PM] Reload for file change: C:\repos\nus-cs2103-AY2021S1\cs2103-website\admin\tp-pe.mbdf
2020-11-12T06:07:49.917Z - info: Rebuilding 1 pages
2020-11-12T06:07:51.427Z - info: Pages rebuilt
2020-11-12T06:07:51.427Z - info: Website regeneration complete! Total build time: 1.515s
2020-11-12T06:07:51.454Z - info: Site data built
2020-11-12T06:08:33.556Z - info: [2:08:33 PM] Reload for file change: C:\repos\nus-cs2103-AY2021S1\cs2103-website\admin\tp-pe.mbdf
2020-11-12T06:08:34.561Z - info: Rebuilding 1 pages
2020-11-12T06:08:36.047Z - info: Pages rebuilt
2020-11-12T06:08:36.047Z - info: Website regeneration complete! Total build time: 1.487s
2020-11-12T06:08:36.062Z - info: Site data built
2020-11-12T06:08:57.670Z - info: [2:08:57 PM] Reload for file change: C:\repos\nus-cs2103-AY2021S1\cs2103-website\admin\tp-pe.mbdf
2020-11-12T06:08:58.678Z - info: Rebuilding 1 pages
2020-11-12T06:09:00.090Z - info: Pages rebuilt
2020-11-12T06:09:00.091Z - info: Website regeneration complete! Total build time: 1.417s
2020-11-12T06:09:00.097Z - info: Site data built
2020-11-12T06:09:19.776Z - info: Website generation started at 2:09:17 PM
2020-11-12T06:09:28.029Z - info: Building assets...
2020-11-12T06:09:33.824Z - info: Assets built
2020-11-12T06:09:33.825Z - info: Generating pages...
2020-11-12T06:09:50.342Z - debug: The process cannot access the file because it is being used by another process.

2020-11-12T06:09:50.344Z - debug: The process cannot access the file because it is being used by another process.

2020-11-12T06:09:53.255Z - debug:  
2020-11-12T06:09:53.256Z - debug:  
2020-11-12T06:09:53.265Z - debug: The process cannot access the file because it is being used by another process.

2020-11-12T06:09:53.266Z - debug:  
2020-11-12T06:09:53.266Z - debug:  
2020-11-12T06:09:53.266Z - debug:  
2020-11-12T06:09:54.409Z - debug:  
2020-11-12T06:09:59.367Z - debug:  
2020-11-12T06:09:59.368Z - debug: The process cannot access the file because it is being used by another process.

2020-11-12T06:09:59.368Z - debug: The process cannot access the file because it is being used by another process.

2020-11-12T06:10:02.239Z - debug: The process cannot access the file because it is being used by another process.

2020-11-12T06:10:02.240Z - debug: The process cannot access the file because it is being used by another process.

2020-11-12T06:10:02.645Z - debug:  
2020-11-12T06:10:02.919Z - debug:  
2020-11-12T06:10:02.920Z - debug:  
2020-11-12T06:10:02.920Z - debug:  
2020-11-12T06:10:03.069Z - debug: The process cannot access the file because it is being used by another process.

2020-11-12T06:10:03.069Z - debug: The process cannot access the file because it is being used by another process.

2020-11-12T06:10:06.531Z - debug:  
2020-11-12T06:10:06.532Z - debug:  
2020-11-12T06:10:19.528Z - debug: The process cannot access the file because it is being used by another process.

2020-11-12T06:10:20.418Z - debug: The process cannot access the file because it is being used by another process.

2020-11-12T06:10:21.755Z - debug: The process cannot access the file because it is being used by another process.

2020-11-12T06:10:21.755Z - debug:  
2020-11-12T06:10:23.444Z - debug: The process cannot access the file because it is being used by another process.

2020-11-12T06:10:24.043Z - debug: The process cannot access the file because it is being used by another process.

2020-11-12T06:10:25.138Z - debug:  
2020-11-12T06:10:27.037Z - debug:  
2020-11-12T06:10:28.584Z - debug: The process cannot access the file because it is being used by another process.

2020-11-12T06:10:28.585Z - debug: The process cannot access the file because it is being used by another process.

2020-11-12T06:10:30.408Z - debug: The process cannot access the file because it is being used by another process.

2020-11-12T06:10:30.409Z - debug: The process cannot access the file because it is being used by another process.

2020-11-12T06:10:33.088Z - debug:  
2020-11-12T06:10:33.088Z - debug:  
2020-11-12T06:10:35.012Z - debug:  
2020-11-12T06:10:35.186Z - debug:  
2020-11-12T06:10:41.414Z - debug: The process cannot access the file because it is being used by another process.

2020-11-12T06:10:43.236Z - debug: The process cannot access the file because it is being used by another process.

2020-11-12T06:10:43.502Z - debug:  
2020-11-12T06:11:04.988Z - debug:  
2020-11-12T06:11:05.224Z - debug:  
2020-11-12T06:11:05.224Z - debug:  
2020-11-12T06:11:05.224Z - debug:  
2020-11-12T06:11:07.138Z - debug: The process cannot access the file because it is being used by another process.

2020-11-12T06:11:10.635Z - debug:  
2020-11-12T06:11:11.337Z - debug:  
2020-11-12T06:11:11.339Z - debug:  
2020-11-12T06:11:13.884Z - debug:  
2020-11-12T06:11:21.403Z - debug:  
2020-11-12T06:11:22.068Z - debug:  
2020-11-12T06:11:22.069Z - debug:  
2020-11-12T06:11:22.069Z - debug:  
2020-11-12T06:11:27.055Z - debug: The process cannot access the file because it is being used by another process.

2020-11-12T06:11:30.225Z - debug:  
2020-11-12T06:11:31.025Z - debug:  
2020-11-12T06:11:31.026Z - debug:  
2020-11-12T06:11:35.563Z - debug:  
2020-11-12T06:11:47.613Z - debug:  
2020-11-12T06:11:49.154Z - debug:  
2020-11-12T06:11:49.155Z - debug:  
2020-11-12T06:11:53.808Z - debug:  
2020-11-12T06:11:53.808Z - debug:  
2020-11-12T06:12:06.517Z - debug:  
2020-11-12T06:12:07.382Z - debug:  
2020-11-12T06:12:35.220Z - debug:  
2020-11-12T06:12:49.410Z - debug:  
2020-11-12T06:12:49.410Z - debug:  
2020-11-12T06:13:01.472Z - info: Pages built
2020-11-12T06:13:26.634Z - info: Website generation complete! Total build time: 249.595s
2020-11-12T06:13:26.638Z - info: Build success!
2020-11-12T06:13:26.638Z - debug:  
2020-11-12T06:13:26.643Z - info: Site data built
2020-11-12T06:14:04.064Z - info: Deployed!
2020-11-12T07:27:47.579Z - info: Website generation started at 3:27:40 PM
2020-11-12T07:28:00.659Z - info: Building assets...
2020-11-12T07:28:09.377Z - info: Assets built
2020-11-12T07:28:09.378Z - info: Generating pages...
2020-11-12T07:28:25.734Z - debug: The process cannot access the file because it is being used by another process.

2020-11-12T07:28:25.735Z - debug: The process cannot access the file because it is being used by another process.

2020-11-12T07:28:29.613Z - debug:  
2020-11-12T07:28:29.613Z - debug:  
2020-11-12T07:28:29.613Z - debug:  
2020-11-12T07:28:29.614Z - debug:  
2020-11-12T07:28:29.614Z - debug:  
2020-11-12T07:28:30.988Z - debug:  
2020-11-12T07:28:31.388Z - debug:  
2020-11-12T07:28:32.046Z - debug:  
2020-11-12T07:28:35.590Z - debug: The process cannot access the file because it is being used by another process.

2020-11-12T07:28:35.591Z - debug:  
2020-11-12T07:28:35.591Z - debug: The process cannot access the file because it is being used by another process.

2020-11-12T07:28:37.278Z - debug: The process cannot access the file because it is being used by another process.

2020-11-12T07:28:37.279Z - debug: The process cannot access the file because it is being used by another process.

2020-11-12T07:28:37.279Z - debug:  
2020-11-12T07:28:37.920Z - debug:  
2020-11-12T07:28:37.921Z - debug: The process cannot access the file because it is being used by another process.

2020-11-12T07:28:38.097Z - debug:  
2020-11-12T07:28:38.098Z - debug: The process cannot access the file because it is being used by another process.

2020-11-12T07:28:42.501Z - debug:  
2020-11-12T07:28:42.506Z - debug:  
2020-11-12T07:29:00.085Z - debug: The process cannot access the file because it is being used by another process.

2020-11-12T07:29:00.825Z - debug: The process cannot access the file because it is being used by another process.

2020-11-12T07:29:01.689Z - debug: The process cannot access the file because it is being used by another process.

2020-11-12T07:29:01.689Z - debug:  
2020-11-12T07:29:03.565Z - debug: The process cannot access the file because it is being used by another process.

2020-11-12T07:29:04.659Z - debug: The process cannot access the file because it is being used by another process.

2020-11-12T07:29:06.329Z - debug:  
2020-11-12T07:29:08.199Z - debug:  
2020-11-12T07:29:10.478Z - debug: The process cannot access the file because it is being used by another process.

2020-11-12T07:29:10.479Z - debug: The process cannot access the file because it is being used by another process.

2020-11-12T07:29:12.477Z - debug: The process cannot access the file because it is being used by another process.

2020-11-12T07:29:12.477Z - debug: The process cannot access the file because it is being used by another process.

2020-11-12T07:29:12.804Z - debug:  
2020-11-12T07:29:15.410Z - debug:  
2020-11-12T07:29:17.042Z - debug:  
2020-11-12T07:29:17.161Z - debug:  
2020-11-12T07:29:23.414Z - debug: The process cannot access the file because it is being used by another process.

2020-11-12T07:29:25.436Z - debug: The process cannot access the file because it is being used by another process.

2020-11-12T07:29:25.735Z - debug:  
2020-11-12T07:29:47.827Z - debug:  
2020-11-12T07:29:48.131Z - debug:  
2020-11-12T07:29:48.131Z - debug:  
2020-11-12T07:29:48.131Z - debug:  
2020-11-12T07:29:50.170Z - debug: The process cannot access the file because it is being used by another process.

2020-11-12T07:29:54.168Z - debug:  
2020-11-12T07:29:54.659Z - debug:  
2020-11-12T07:29:54.659Z - debug:  
2020-11-12T07:29:57.085Z - debug:  
2020-11-12T07:30:05.565Z - debug:  
2020-11-12T07:30:05.565Z - debug:  
2020-11-12T07:30:05.565Z - debug:  
2020-11-12T07:30:05.565Z - debug:  
2020-11-12T07:30:13.034Z - debug: The process cannot access the file because it is being used by another process.

2020-11-12T07:30:13.558Z - debug:  
2020-11-12T07:30:15.087Z - debug:  
2020-11-12T07:30:15.087Z - debug:  
2020-11-12T07:30:21.062Z - debug:  
2020-11-12T07:30:33.227Z - debug:  
2020-11-12T07:30:37.103Z - debug:  
2020-11-12T07:30:37.104Z - debug:  
2020-11-12T07:30:42.022Z - debug:  
2020-11-12T07:30:42.023Z - debug:  
2020-11-12T07:30:58.708Z - debug:  
2020-11-12T07:31:01.342Z - debug:  
2020-11-12T07:31:34.947Z - debug:  
2020-11-12T07:31:58.336Z - debug:  
2020-11-12T07:31:58.337Z - debug:  
2020-11-12T07:32:15.078Z - info: Pages built
2020-11-12T07:32:46.867Z - info: Website generation complete! Total build time: 306.281s
2020-11-12T07:32:46.879Z - info: Build success!
2020-11-12T07:32:46.879Z - debug:  
2020-11-12T07:32:46.883Z - info: Site data built
2020-11-12T07:33:38.476Z - info: Deployed!
2020-11-12T10:31:47.823Z - info: Website generation (lazy) started at 6:31:39 PM
2020-11-12T10:31:58.243Z - info: Building assets...
2020-11-12T10:32:04.246Z - info: Assets built
2020-11-12T10:32:04.247Z - info: Generating landing page...
2020-11-12T10:32:05.438Z - info: Landing page built, other pages will be built as you navigate to them!
2020-11-12T10:32:05.548Z - info: Website generation (lazy) complete! Total build time: 25.578s
2020-11-12T10:32:06.370Z - info: Serving "C:\repos\nus-cs2103-AY2021S1\cs2103-website\_site" at http://127.0.0.1:8080
2020-11-12T10:32:06.370Z - info: Press CTRL+C to stop ...
2020-11-12T10:32:06.433Z - info: Site data built
2020-11-12T10:32:39.326Z - info: Building C:\repos\nus-cs2103-AY2021S1\cs2103-website\admin\index as some of its dependencies were changed since the last visit
2020-11-12T10:32:39.900Z - info: Site data built
2020-11-12T10:32:39.901Z - info: Lazy website regeneration complete! Total build time: 0.576s
2020-11-12T10:32:47.096Z - info: Building C:\repos\nus-cs2103-AY2021S1\cs2103-website\admin\tp-pe as some of its dependencies were changed since the last visit
2020-11-12T10:32:48.483Z - info: Site data built
2020-11-12T10:32:48.484Z - info: Lazy website regeneration complete! Total build time: 1.389s
2020-11-12T10:35:49.933Z - info: [6:35:49 PM] Reload for file change: C:\repos\nus-cs2103-AY2021S1\cs2103-website\admin\tp-pe.mbdf
2020-11-12T10:35:50.941Z - info: Rebuilding 1 pages
2020-11-12T10:35:52.918Z - info: Pages rebuilt
2020-11-12T10:35:52.919Z - info: Website regeneration complete! Total build time: 1.979s
2020-11-12T10:35:52.931Z - info: Site data built
2020-11-12T10:40:35.614Z - info: [6:40:35 PM] Reload for file add: C:\repos\nus-cs2103-AY2021S1\cs2103-website\admin\images\zoomCameraExample.png
2020-11-12T10:40:35.626Z - info: [6:40:35 PM] Reload for file change: C:\repos\nus-cs2103-AY2021S1\cs2103-website\admin\images\zoomCameraExample.png
2020-11-12T10:40:35.736Z - info: [6:40:35 PM] Reload for file change: C:\repos\nus-cs2103-AY2021S1\cs2103-website\admin\images\zoomCameraExample.png
2020-11-12T10:40:36.638Z - info: Assets built
2020-11-12T10:41:02.475Z - info: [6:41:02 PM] Reload for file change: C:\repos\nus-cs2103-AY2021S1\cs2103-website\admin\tp-pe.mbdf
2020-11-12T10:41:03.484Z - info: Rebuilding 1 pages
2020-11-12T10:41:04.938Z - info: Pages rebuilt
2020-11-12T10:41:04.938Z - info: Website regeneration complete! Total build time: 1.458s
2020-11-12T10:41:04.944Z - info: Site data built
2020-11-12T10:41:26.541Z - info: [6:41:26 PM] Reload for file change: C:\repos\nus-cs2103-AY2021S1\cs2103-website\admin\tp-pe.mbdf
2020-11-12T10:41:27.547Z - info: Rebuilding 1 pages
2020-11-12T10:41:28.996Z - info: Pages rebuilt
2020-11-12T10:41:28.997Z - info: Website regeneration complete! Total build time: 1.451s
2020-11-12T10:41:29.013Z - info: Site data built
2020-11-12T10:42:02.265Z - info: [6:42:02 PM] Reload for file change: C:\repos\nus-cs2103-AY2021S1\cs2103-website\admin\tp-pe.mbdf
2020-11-12T10:42:03.278Z - info: Rebuilding 1 pages
2020-11-12T10:42:04.688Z - info: Pages rebuilt
2020-11-12T10:42:04.689Z - info: Website regeneration complete! Total build time: 1.416s
2020-11-12T10:42:04.700Z - info: Site data built
2020-11-12T10:42:49.627Z - info: [6:42:49 PM] Reload for file change: C:\repos\nus-cs2103-AY2021S1\cs2103-website\admin\tp-pe.mbdf
2020-11-12T10:42:50.639Z - info: Rebuilding 1 pages
2020-11-12T10:42:51.820Z - info: Pages rebuilt
2020-11-12T10:42:51.821Z - info: Website regeneration complete! Total build time: 1.186s
2020-11-12T10:42:51.826Z - info: Site data built
2020-11-12T10:44:58.597Z - info: [6:44:58 PM] Reload for file change: C:\repos\nus-cs2103-AY2021S1\cs2103-website\admin\tp-pe.mbdf
2020-11-12T10:44:59.606Z - info: Rebuilding 1 pages
2020-11-12T10:45:01.103Z - info: Pages rebuilt
2020-11-12T10:45:01.103Z - info: Website regeneration complete! Total build time: 1.499s
2020-11-12T10:45:01.126Z - info: Site data built
2020-11-12T10:46:08.054Z - info: [6:46:08 PM] Reload for file change: C:\repos\nus-cs2103-AY2021S1\cs2103-website\admin\tp-pe.mbdf
2020-11-12T10:46:09.075Z - info: Rebuilding 1 pages
2020-11-12T10:46:10.511Z - info: Pages rebuilt
2020-11-12T10:46:10.512Z - info: Website regeneration complete! Total build time: 1.44s
2020-11-12T10:46:10.527Z - info: Site data built
2020-11-12T10:46:48.410Z - info: [6:46:48 PM] Reload for file change: C:\repos\nus-cs2103-AY2021S1\cs2103-website\admin\images\zoomCameraExample.png
2020-11-12T10:46:48.539Z - info: [6:46:48 PM] Reload for file change: C:\repos\nus-cs2103-AY2021S1\cs2103-website\admin\images\zoomCameraExample.png
2020-11-12T10:46:49.428Z - info: Assets built
2020-11-12T10:48:22.057Z - info: [6:48:22 PM] Reload for file change: C:\repos\nus-cs2103-AY2021S1\cs2103-website\admin\tp-pe.mbdf
2020-11-12T10:48:23.068Z - info: Rebuilding 1 pages
2020-11-12T10:48:24.549Z - info: Pages rebuilt
2020-11-12T10:48:24.549Z - info: Website regeneration complete! Total build time: 1.488s
2020-11-12T10:48:24.554Z - info: Site data built
2020-11-12T10:50:21.366Z - info: [6:50:21 PM] Reload for file change: C:\repos\nus-cs2103-AY2021S1\cs2103-website\admin\tp-pe.mbdf
2020-11-12T10:50:22.372Z - info: Rebuilding 1 pages
2020-11-12T10:50:23.904Z - info: Pages rebuilt
2020-11-12T10:50:23.904Z - info: Website regeneration complete! Total build time: 1.534s
2020-11-12T10:50:23.912Z - info: Site data built
2020-11-12T11:30:14.175Z - info: [7:30:14 PM] Reload for file change: C:\repos\nus-cs2103-AY2021S1\cs2103-website\admin\tp-pe.mbdf
2020-11-12T11:30:15.193Z - info: Rebuilding 1 pages
2020-11-12T11:30:17.229Z - info: Pages rebuilt
2020-11-12T11:30:17.230Z - info: Website regeneration complete! Total build time: 2.046s
2020-11-12T11:30:17.234Z - info: Site data built
2020-11-12T11:40:23.599Z - info: [7:40:23 PM] Reload for file change: C:\repos\nus-cs2103-AY2021S1\cs2103-website\admin\tp-pe.mbdf
2020-11-12T11:40:24.618Z - info: Rebuilding 1 pages
2020-11-12T11:40:26.260Z - info: Pages rebuilt
2020-11-12T11:40:26.261Z - info: Website regeneration complete! Total build time: 1.653s
2020-11-12T11:40:26.268Z - info: Site data built
2020-11-12T11:41:10.940Z - info: Website generation started at 7:41:07 PM
2020-11-12T11:41:22.220Z - info: Building assets...
2020-11-12T11:41:31.060Z - info: Assets built
2020-11-12T11:41:31.061Z - info: Generating pages...
2020-11-12T11:41:50.379Z - debug: The process cannot access the file because it is being used by another process.

2020-11-12T11:41:50.380Z - debug: The process cannot access the file because it is being used by another process.

2020-11-12T11:41:55.468Z - debug:  
2020-11-12T11:41:55.469Z - debug:  
2020-11-12T11:41:55.469Z - debug:  
2020-11-12T11:41:55.469Z - debug:  
2020-11-12T11:41:55.469Z - debug:  
2020-11-12T11:42:04.705Z - debug: The process cannot access the file because it is being used by another process.

2020-11-12T11:42:04.705Z - debug: The process cannot access the file because it is being used by another process.

2020-11-12T11:42:04.706Z - debug: The process cannot access the file because it is being used by another process.

2020-11-12T11:42:04.706Z - debug: The process cannot access the file because it is being used by another process.

2020-11-12T11:42:05.922Z - debug: The process cannot access the file because it is being used by another process.

2020-11-12T11:42:05.922Z - debug: The process cannot access the file because it is being used by another process.

2020-11-12T11:42:08.255Z - debug: The process cannot access the file because it is being used by another process.

2020-11-12T11:42:08.256Z - debug: The process cannot access the file because it is being used by another process.

2020-11-12T11:42:08.256Z - debug: The process cannot access the file because it is being used by another process.

2020-11-12T11:42:08.659Z - debug: The process cannot access the file because it is being used by another process.

2020-11-12T11:42:10.533Z - debug:  
2020-11-12T11:42:10.733Z - debug:  
2020-11-12T11:42:10.975Z - debug:  
2020-11-12T11:42:12.089Z - debug:  
2020-11-12T11:42:12.090Z - debug:  
2020-11-12T11:42:28.162Z - debug: The process cannot access the file because it is being used by another process.

2020-11-12T11:42:28.759Z - debug: The process cannot access the file because it is being used by another process.

2020-11-12T11:42:29.916Z - debug: The process cannot access the file because it is being used by another process.

2020-11-12T11:42:29.917Z - debug:  
2020-11-12T11:42:31.420Z - debug: The process cannot access the file because it is being used by another process.

2020-11-12T11:42:32.082Z - debug: The process cannot access the file because it is being used by another process.

2020-11-12T11:42:33.440Z - debug:  
2020-11-12T11:42:35.454Z - debug:  
2020-11-12T11:42:38.398Z - debug: The process cannot access the file because it is being used by another process.

2020-11-12T11:42:38.608Z - debug: The process cannot access the file because it is being used by another process.

2020-11-12T11:42:40.276Z - debug: The process cannot access the file because it is being used by another process.

2020-11-12T11:42:40.276Z - debug: The process cannot access the file because it is being used by another process.

2020-11-12T11:42:40.649Z - debug:  
2020-11-12T11:42:43.147Z - debug:  
2020-11-12T11:42:45.142Z - debug:  
2020-11-12T11:42:45.281Z - debug:  
2020-11-12T11:42:51.652Z - debug: The process cannot access the file because it is being used by another process.

2020-11-12T11:42:53.825Z - debug: The process cannot access the file because it is being used by another process.

2020-11-12T11:42:54.078Z - debug:  
2020-11-12T11:43:21.239Z - debug:  
2020-11-12T11:43:21.545Z - debug:  
2020-11-12T11:43:21.545Z - debug:  
2020-11-12T11:43:21.546Z - debug:  
2020-11-12T11:43:24.594Z - debug: The process cannot access the file because it is being used by another process.

2020-11-12T11:43:27.171Z - debug:  
2020-11-12T11:43:27.739Z - debug:  
2020-11-12T11:43:27.739Z - debug:  
2020-11-12T11:43:30.659Z - debug:  
2020-11-12T11:43:39.079Z - debug:  
2020-11-12T11:43:39.080Z - debug:  
2020-11-12T11:43:39.081Z - debug:  
2020-11-12T11:43:39.081Z - debug:  
2020-11-12T11:43:43.951Z - debug: The process cannot access the file because it is being used by another process.

2020-11-12T11:43:46.352Z - debug:  
2020-11-12T11:43:48.130Z - debug:  
2020-11-12T11:43:48.130Z - debug:  
2020-11-12T11:43:54.146Z - debug:  
2020-11-12T11:44:08.018Z - debug:  
2020-11-12T11:44:08.021Z - debug: The process cannot access the file because it is being used by another process.

2020-11-12T11:44:08.022Z - debug: The process cannot access the file because it is being used by another process.

2020-11-12T11:44:10.937Z - debug:  
2020-11-12T11:44:10.937Z - debug:  
2020-11-12T11:44:23.767Z - debug:  
2020-11-12T11:44:25.033Z - debug:  
2020-11-12T11:44:54.832Z - debug:  
2020-11-12T11:45:08.336Z - debug:  
2020-11-12T11:45:08.336Z - debug:  
2020-11-12T11:45:21.319Z - info: Pages built
2020-11-12T11:45:50.469Z - info: Website generation complete! Total build time: 282.643s
2020-11-12T11:45:50.474Z - info: Build success!
2020-11-12T11:45:50.475Z - debug:  
2020-11-12T11:45:50.481Z - info: Site data built
2020-11-12T11:46:38.211Z - info: Deployed!
2020-11-12T13:07:39.468Z - info: Website generation (lazy) started at 9:07:31 PM
2020-11-12T13:07:52.843Z - info: Building assets...
2020-11-12T13:07:59.683Z - info: Assets built
2020-11-12T13:07:59.684Z - info: Generating landing page...
2020-11-12T13:08:00.816Z - info: Landing page built, other pages will be built as you navigate to them!
2020-11-12T13:08:00.926Z - info: Website generation (lazy) complete! Total build time: 29.175s
2020-11-12T13:08:02.299Z - info: Serving "C:\repos\nus-cs2103-AY2021S1\cs2103-website\_site" at http://127.0.0.1:8080
2020-11-12T13:08:02.299Z - info: Press CTRL+C to stop ...
2020-11-12T13:08:02.387Z - info: Site data built
2020-11-12T13:09:02.549Z - info: Building C:\repos\nus-cs2103-AY2021S1\cs2103-website\admin\tp-pe as some of its dependencies were changed since the last visit
2020-11-12T13:09:04.697Z - info: Site data built
2020-11-12T13:09:04.699Z - info: Lazy website regeneration complete! Total build time: 2.151s
2020-11-12T13:09:26.993Z - info: Website generation started at 9:09:24 PM
2020-11-12T13:09:35.781Z - info: Building assets...
2020-11-12T13:09:42.723Z - info: Assets built
2020-11-12T13:09:42.724Z - info: Generating pages...
2020-11-12T13:09:59.415Z - debug:  
2020-11-12T13:09:59.416Z - debug:  
2020-11-12T13:09:59.416Z - debug:  
2020-11-12T13:09:59.417Z - debug:  
2020-11-12T13:09:59.417Z - debug:  
2020-11-12T13:10:05.623Z - debug: The process cannot access the file because it is being used by another process.

2020-11-12T13:10:05.624Z - debug: The process cannot access the file because it is being used by another process.

2020-11-12T13:10:06.078Z - debug:  
2020-11-12T13:10:06.250Z - debug:  
2020-11-12T13:10:06.250Z - debug:  
2020-11-12T13:10:10.801Z - debug:  
2020-11-12T13:10:10.801Z - debug:  
2020-11-12T13:10:13.486Z - debug: The process cannot access the file because it is being used by another process.

2020-11-12T13:10:13.487Z - debug: The process cannot access the file because it is being used by another process.

2020-11-12T13:10:13.999Z - debug:  
2020-11-12T13:10:14.291Z - debug:  
2020-11-12T13:10:14.291Z - debug:  
2020-11-12T13:10:14.292Z - debug: The process cannot access the file because it is being used by another process.

2020-11-12T13:10:14.292Z - debug:  
2020-11-12T13:10:14.293Z - debug: The process cannot access the file because it is being used by another process.

2020-11-12T13:10:19.201Z - debug:  
2020-11-12T13:10:19.925Z - debug:  
2020-11-12T13:10:32.326Z - debug: The process cannot access the file because it is being used by another process.

2020-11-12T13:10:32.881Z - debug: The process cannot access the file because it is being used by another process.

2020-11-12T13:10:33.830Z - debug: The process cannot access the file because it is being used by another process.

2020-11-12T13:10:33.916Z - debug:  
2020-11-12T13:10:35.343Z - debug: The process cannot access the file because it is being used by another process.

2020-11-12T13:10:36.221Z - debug: The process cannot access the file because it is being used by another process.

2020-11-12T13:10:37.706Z - debug:  
2020-11-12T13:10:39.934Z - debug:  
2020-11-12T13:10:41.662Z - debug: The process cannot access the file because it is being used by another process.

2020-11-12T13:10:41.663Z - debug: The process cannot access the file because it is being used by another process.

2020-11-12T13:10:43.297Z - debug: The process cannot access the file because it is being used by another process.

2020-11-12T13:10:43.297Z - debug: The process cannot access the file because it is being used by another process.

2020-11-12T13:10:45.922Z - debug:  
2020-11-12T13:10:45.922Z - debug:  
2020-11-12T13:10:47.262Z - debug:  
2020-11-12T13:10:47.639Z - debug:  
2020-11-12T13:10:53.552Z - debug: The process cannot access the file because it is being used by another process.

2020-11-12T13:10:55.520Z - debug: The process cannot access the file because it is being used by another process.

2020-11-12T13:10:55.666Z - debug:  
2020-11-12T13:11:18.075Z - debug:  
2020-11-12T13:11:18.180Z - debug:  
2020-11-12T13:11:18.180Z - debug:  
2020-11-12T13:11:18.180Z - debug:  
2020-11-12T13:11:21.695Z - debug: The process cannot access the file because it is being used by another process.

2020-11-12T13:11:24.165Z - debug:  
2020-11-12T13:11:24.165Z - debug:  
2020-11-12T13:11:24.166Z - debug:  
2020-11-12T13:11:31.679Z - debug:  
2020-11-12T13:11:34.455Z - debug:  
2020-11-12T13:11:34.455Z - debug:  
2020-11-12T13:11:34.455Z - debug:  
2020-11-12T13:11:35.283Z - debug:  
2020-11-12T13:11:40.114Z - debug: The process cannot access the file because it is being used by another process.

2020-11-12T13:11:42.427Z - debug:  
2020-11-12T13:11:44.925Z - debug:  
2020-11-12T13:11:44.925Z - debug:  
2020-11-12T13:11:50.485Z - debug:  
2020-11-12T13:12:00.027Z - debug:  
2020-11-12T13:12:05.684Z - debug: The process cannot access the file because it is being used by another process.

2020-11-12T13:12:05.685Z - debug: The process cannot access the file because it is being used by another process.

2020-11-12T13:12:05.719Z - debug:  
2020-11-12T13:12:05.719Z - debug:  
2020-11-12T13:12:23.622Z - debug:  
2020-11-12T13:12:24.158Z - debug:  
2020-11-12T13:12:53.750Z - debug:  
2020-11-12T13:13:08.207Z - debug:  
2020-11-12T13:13:08.523Z - debug:  
2020-11-12T13:13:19.955Z - info: Pages built
2020-11-12T13:13:46.291Z - info: Website generation complete! Total build time: 262.053s
2020-11-12T13:13:46.295Z - info: Build success!
2020-11-12T13:13:46.295Z - debug:  
2020-11-12T13:13:46.298Z - info: Site data built
2020-11-12T13:14:25.902Z - info: Deployed!
2020-11-12T13:15:35.183Z - info: Website generation started at 9:15:29 PM
2020-11-12T13:15:44.718Z - info: Building assets...
2020-11-12T13:15:50.891Z - info: Assets built
2020-11-12T13:15:50.892Z - info: Generating pages...
2020-11-12T13:16:06.577Z - debug: The process cannot access the file because it is being used by another process.

2020-11-12T13:16:06.578Z - debug: The process cannot access the file because it is being used by another process.

2020-11-12T13:16:10.247Z - debug:  
2020-11-12T13:16:10.248Z - debug:  
2020-11-12T13:16:10.248Z - debug:  
2020-11-12T13:16:10.248Z - debug:  
2020-11-12T13:16:10.248Z - debug:  
2020-11-12T13:16:16.338Z - debug: The process cannot access the file because it is being used by another process.

2020-11-12T13:16:16.338Z - debug: The process cannot access the file because it is being used by another process.

2020-11-12T13:16:16.339Z - debug: The process cannot access the file because it is being used by another process.

2020-11-12T13:16:16.339Z - debug: The process cannot access the file because it is being used by another process.

2020-11-12T13:16:16.339Z - debug:  
2020-11-12T13:16:17.608Z - debug:  
2020-11-12T13:16:17.611Z - debug:  
2020-11-12T13:16:17.611Z - debug:  
2020-11-12T13:16:17.611Z - debug:  
2020-11-12T13:16:19.782Z - debug: The process cannot access the file because it is being used by another process.

2020-11-12T13:16:19.784Z - debug: The process cannot access the file because it is being used by another process.

2020-11-12T13:16:19.785Z - debug: The process cannot access the file because it is being used by another process.

2020-11-12T13:16:19.786Z - debug: The process cannot access the file because it is being used by another process.

2020-11-12T13:16:20.966Z - debug:  
2020-11-12T13:16:20.967Z - debug:  
2020-11-12T13:16:35.120Z - debug: The process cannot access the file because it is being used by another process.

2020-11-12T13:16:35.910Z - debug: The process cannot access the file because it is being used by another process.

2020-11-12T13:16:36.758Z - debug: The process cannot access the file because it is being used by another process.

2020-11-12T13:16:36.810Z - debug:  
2020-11-12T13:16:38.323Z - debug: The process cannot access the file because it is being used by another process.

2020-11-12T13:16:38.997Z - debug: The process cannot access the file because it is being used by another process.

2020-11-12T13:16:40.474Z - debug:  
2020-11-12T13:16:42.212Z - debug:  
2020-11-12T13:16:44.022Z - debug: The process cannot access the file because it is being used by another process.

2020-11-12T13:16:44.185Z - debug: The process cannot access the file because it is being used by another process.

2020-11-12T13:16:45.912Z - debug: The process cannot access the file because it is being used by another process.

2020-11-12T13:16:45.913Z - debug: The process cannot access the file because it is being used by another process.

2020-11-12T13:16:47.973Z - debug:  
2020-11-12T13:16:47.973Z - debug:  
2020-11-12T13:16:50.424Z - debug:  
2020-11-12T13:16:50.578Z - debug:  
2020-11-12T13:16:55.271Z - debug: The process cannot access the file because it is being used by another process.

2020-11-12T13:16:57.011Z - debug: The process cannot access the file because it is being used by another process.

2020-11-12T13:16:57.556Z - debug:  
2020-11-12T13:17:18.051Z - debug:  
2020-11-12T13:17:18.127Z - debug:  
2020-11-12T13:17:18.127Z - debug:  
2020-11-12T13:17:18.127Z - debug:  
2020-11-12T13:17:20.434Z - debug: The process cannot access the file because it is being used by another process.

2020-11-12T13:17:23.378Z - debug:  
2020-11-12T13:17:23.378Z - debug:  
2020-11-12T13:17:23.379Z - debug:  
2020-11-12T13:17:32.366Z - debug:  
2020-11-12T13:17:33.116Z - debug:  
2020-11-12T13:17:33.116Z - debug:  
2020-11-12T13:17:33.116Z - debug:  
2020-11-12T13:17:33.116Z - debug:  
2020-11-12T13:17:37.445Z - debug: The process cannot access the file because it is being used by another process.

2020-11-12T13:17:39.648Z - debug:  
2020-11-12T13:17:41.207Z - debug:  
2020-11-12T13:17:41.207Z - debug:  
2020-11-12T13:17:45.751Z - debug:  
2020-11-12T13:17:55.140Z - debug:  
2020-11-12T13:17:57.221Z - debug:  
2020-11-12T13:17:57.222Z - debug:  
2020-11-12T13:18:05.030Z - debug:  
2020-11-12T13:18:05.030Z - debug:  
2020-11-12T13:18:15.413Z - debug:  
2020-11-12T13:18:16.116Z - debug:  
2020-11-12T13:18:44.856Z - debug:  
2020-11-12T13:18:58.616Z - debug:  
2020-11-12T13:18:58.616Z - debug:  
2020-11-12T13:19:08.847Z - info: Pages built
2020-11-12T13:19:33.971Z - info: Website generation complete! Total build time: 244.188s
2020-11-12T13:19:33.974Z - info: Build success!
2020-11-12T13:19:33.974Z - debug:  
2020-11-12T13:19:33.978Z - info: Site data built
2020-11-12T13:20:13.782Z - info: Deployed!
