2020-08-20T04:08:47.873Z - info: Website generation (lazy) started at 12:08:42 PM
2020-08-20T04:08:59.898Z - info: Building assets...
2020-08-20T04:09:09.675Z - info: Assets built
2020-08-20T04:09:09.677Z - info: Generating landing page...
2020-08-20T04:09:11.467Z - info: Landing page built, other pages will be built as you navigate to them!
2020-08-20T04:09:11.592Z - info: Website generation (lazy) complete! Total build time: 29.396s
2020-08-20T04:09:12.527Z - info: Serving "C:\repos\nus-cs2103-AY2021S1\cs2103-website\_site" at http://127.0.0.1:8080
2020-08-20T04:09:12.527Z - info: Press CTRL+C to stop ...
2020-08-20T04:09:12.594Z - info: Site data built
2020-08-20T04:09:27.543Z - info: Building C:\repos\nus-cs2103-AY2021S1\cs2103-website\schedule\week2\topics as some of its dependencies were changed since the last visit
2020-08-20T04:09:30.895Z - info: Site data built
2020-08-20T04:09:30.898Z - info: Lazy website regeneration complete! Total build time: 3.355s
2020-08-20T04:11:33.803Z - info: [12:11:33 PM] Reload for file change: C:\repos\nus-cs2103-AY2021S1\cs2103-website\_module-CS2103\weeklyTextbookTopics.mbdf
2020-08-20T04:11:34.809Z - info: No pages needed to be rebuilt
2020-08-20T04:11:47.389Z - info: Website generation (lazy) started at 12:11:44 PM
2020-08-20T04:11:56.825Z - info: Building assets...
2020-08-20T04:12:02.757Z - info: Assets built
2020-08-20T04:12:02.758Z - info: Generating landing page...
2020-08-20T04:12:04.045Z - info: Landing page built, other pages will be built as you navigate to them!
2020-08-20T04:12:04.154Z - info: Website generation (lazy) complete! Total build time: 19.783s
2020-08-20T04:12:05.003Z - info: Serving "C:\repos\nus-cs2103-AY2021S1\cs2103-website\_site" at http://127.0.0.1:8080
2020-08-20T04:12:05.003Z - info: Press CTRL+C to stop ...
2020-08-20T04:12:05.085Z - info: Site data built
2020-08-20T04:12:12.819Z - info: Building C:\repos\nus-cs2103-AY2021S1\cs2103-website\schedule\week2\topics as some of its dependencies were changed since the last visit
2020-08-20T04:12:19.833Z - info: Site data built
2020-08-20T04:12:19.843Z - info: Lazy website regeneration complete! Total build time: 7.025s
2020-08-20T04:13:00.757Z - info: Building C:\repos\nus-cs2103-AY2021S1\cs2103-website\schedule\week3\topics as some of its dependencies were changed since the last visit
2020-08-20T04:13:03.625Z - info: Site data built
2020-08-20T04:13:03.626Z - info: Lazy website regeneration complete! Total build time: 2.87s
2020-08-20T04:16:37.374Z - info: [12:16:37 PM] Reload for file change: C:\repos\nus-cs2103-AY2021S1\cs2103-website\admin\common-commentary.mbdf
2020-08-20T04:16:38.390Z - info: Rebuilding 1 pages
2020-08-20T04:16:41.830Z - info: Pages rebuilt
2020-08-20T04:16:41.830Z - info: Website regeneration complete! Total build time: 3.446s
2020-08-20T04:16:41.878Z - info: Site data built
2020-08-20T04:17:31.633Z - info: [12:17:31 PM] Reload for file change: C:\repos\nus-cs2103-AY2021S1\cs2103-website\admin\common-commentary.mbdf
2020-08-20T04:17:32.654Z - info: Rebuilding 1 pages
2020-08-20T04:17:35.585Z - info: Pages rebuilt
2020-08-20T04:17:35.586Z - info: Website regeneration complete! Total build time: 2.934s
2020-08-20T04:17:35.642Z - info: Site data built
2020-08-20T04:19:42.148Z - info: [12:19:42 PM] Reload for file change: C:\repos\nus-cs2103-AY2021S1\cs2103-website\schedule\week3\commentary-cs2103.mbdf
2020-08-20T04:19:42.175Z - info: [12:19:42 PM] Reload for file change: C:\repos\nus-cs2103-AY2021S1\cs2103-website\admin\common-commentary.mbdf
2020-08-20T04:19:43.165Z - info: No pages needed to be rebuilt
2020-08-20T04:19:53.441Z - info: Building C:\repos\nus-cs2103-AY2021S1\cs2103-website\schedule\week3\topics as some of its dependencies were changed since the last visit
2020-08-20T04:19:55.957Z - info: Site data built
2020-08-20T04:19:55.957Z - info: Lazy website regeneration complete! Total build time: 2.517s
2020-08-20T04:20:18.397Z - info: [12:20:18 PM] Reload for file change: C:\repos\nus-cs2103-AY2021S1\cs2103-website\admin\common-commentary.mbdf
2020-08-20T04:20:19.410Z - info: No pages needed to be rebuilt
2020-08-20T04:22:34.440Z - info: Building C:\repos\nus-cs2103-AY2021S1\cs2103-website\schedule\week3\topics as some of its dependencies were changed since the last visit
2020-08-20T04:22:36.977Z - info: Site data built
2020-08-20T04:22:36.982Z - info: Lazy website regeneration complete! Total build time: 2.543s
2020-08-20T04:23:48.914Z - info: [12:23:48 PM] Reload for file change: C:\repos\nus-cs2103-AY2021S1\cs2103-website\_module-CS2103\weeklyTextbookTopics.mbdf
2020-08-20T04:23:49.941Z - info: No pages needed to be rebuilt
2020-08-20T04:24:09.971Z - info: Website generation (lazy) started at 12:24:05 PM
2020-08-20T04:24:18.497Z - info: Building assets...
2020-08-20T04:24:24.126Z - info: Assets built
2020-08-20T04:24:24.127Z - info: Generating landing page...
2020-08-20T04:24:25.792Z - info: Landing page built, other pages will be built as you navigate to them!
2020-08-20T04:24:25.914Z - info: Website generation (lazy) complete! Total build time: 20.193s
2020-08-20T04:24:26.812Z - info: Serving "C:\repos\nus-cs2103-AY2021S1\cs2103-website\_site" at http://127.0.0.1:8080
2020-08-20T04:24:26.812Z - info: Press CTRL+C to stop ...
2020-08-20T04:24:26.877Z - info: Site data built
2020-08-20T04:25:07.036Z - info: Building C:\repos\nus-cs2103-AY2021S1\cs2103-website\schedule\week3\topics as some of its dependencies were changed since the last visit
2020-08-20T04:25:10.077Z - info: Site data built
2020-08-20T04:25:10.078Z - info: Lazy website regeneration complete! Total build time: 3.044s
2020-08-20T04:26:01.962Z - info: Building C:\repos\nus-cs2103-AY2021S1\cs2103-website\schedule\week4\topics as some of its dependencies were changed since the last visit
2020-08-20T04:26:08.843Z - info: Site data built
2020-08-20T04:26:08.845Z - info: Lazy website regeneration complete! Total build time: 6.883s
2020-08-20T04:26:09.527Z - debug:  
2020-08-20T04:26:09.541Z - debug:  
2020-08-20T04:30:11.305Z - info: Website generation started at 12:30:07 PM
2020-08-20T04:30:22.511Z - info: Building assets...
2020-08-20T04:30:31.905Z - info: Assets built
2020-08-20T04:30:31.905Z - info: Generating pages...
2020-08-20T04:30:44.992Z - debug: The process cannot access the file because it is being used by another process.

2020-08-20T04:30:44.992Z - debug: The process cannot access the file because it is being used by another process.

2020-08-20T04:30:49.166Z - debug:  
2020-08-20T04:30:49.167Z - debug:  
2020-08-20T04:30:49.167Z - debug:  
2020-08-20T04:30:49.167Z - debug:  
2020-08-20T04:30:50.422Z - debug:  
2020-08-20T04:30:50.423Z - debug:  
2020-08-20T04:30:50.494Z - debug:  
2020-08-20T04:30:54.877Z - debug: The process cannot access the file because it is being used by another process.

2020-08-20T04:30:54.878Z - debug: The process cannot access the file because it is being used by another process.

2020-08-20T04:30:54.878Z - debug:  
2020-08-20T04:30:54.879Z - debug:  
2020-08-20T04:30:56.578Z - debug: The process cannot access the file because it is being used by another process.

2020-08-20T04:30:56.579Z - debug: The process cannot access the file because it is being used by another process.

2020-08-20T04:30:56.758Z - debug:  
2020-08-20T04:30:56.924Z - debug:  
2020-08-20T04:30:57.279Z - debug: The process cannot access the file because it is being used by another process.

2020-08-20T04:30:57.279Z - debug: The process cannot access the file because it is being used by another process.

2020-08-20T04:31:00.318Z - debug:  
2020-08-20T04:31:00.435Z - debug:  
2020-08-20T04:31:23.926Z - debug: The process cannot access the file because it is being used by another process.

2020-08-20T04:31:23.932Z - debug: The process cannot access the file because it is being used by another process.

2020-08-20T04:31:24.942Z - debug:  
2020-08-20T04:31:25.130Z - debug: The process cannot access the file because it is being used by another process.

2020-08-20T04:31:25.131Z - debug:  
2020-08-20T04:31:27.535Z - debug: The process cannot access the file because it is being used by another process.

2020-08-20T04:31:27.937Z - debug:  
2020-08-20T04:31:28.767Z - debug:  
2020-08-20T04:31:35.525Z - debug: The process cannot access the file because it is being used by another process.

2020-08-20T04:31:37.668Z - debug: The process cannot access the file because it is being used by another process.

2020-08-20T04:31:37.974Z - debug:  
2020-08-20T04:32:03.351Z - debug:  
2020-08-20T04:32:03.351Z - debug:  
2020-08-20T04:32:03.352Z - debug:  
2020-08-20T04:32:03.649Z - debug:  
2020-08-20T04:32:09.238Z - debug:  
2020-08-20T04:32:09.416Z - debug:  
2020-08-20T04:32:15.741Z - debug:  
2020-08-20T04:32:19.952Z - debug:  
2020-08-20T04:32:19.952Z - debug:  
2020-08-20T04:32:19.952Z - debug:  
2020-08-20T04:32:19.952Z - debug:  
2020-08-20T04:32:28.652Z - debug:  
2020-08-20T04:32:28.653Z - debug:  
2020-08-20T04:32:34.443Z - debug:  
2020-08-20T04:32:46.117Z - debug:  
2020-08-20T04:32:46.118Z - debug:  
2020-08-20T04:32:56.762Z - debug:  
2020-08-20T04:32:56.762Z - debug:  
2020-08-20T04:33:10.563Z - debug:  
2020-08-20T04:33:38.620Z - debug:  
2020-08-20T04:33:54.198Z - debug:  
2020-08-20T04:33:54.199Z - debug:  
2020-08-20T04:34:04.915Z - info: Pages built
2020-08-20T04:34:38.236Z - info: Website generation complete! Total build time: 270.338s
2020-08-20T04:34:38.239Z - info: Build success!
2020-08-20T04:34:38.239Z - debug:  
2020-08-20T04:34:38.241Z - info: Site data built
2020-08-20T04:35:35.671Z - info: Deployed!
2020-08-20T07:42:24.221Z - info: Website generation (lazy) started at 3:42:15 PM
2020-08-20T07:42:36.989Z - info: Building assets...
2020-08-20T07:42:45.743Z - info: Assets built
2020-08-20T07:42:45.744Z - info: Generating landing page...
2020-08-20T07:42:47.020Z - info: Landing page built, other pages will be built as you navigate to them!
2020-08-20T07:42:47.175Z - info: Website generation (lazy) complete! Total build time: 31.269s
2020-08-20T07:42:48.436Z - info: Serving "C:\repos\nus-cs2103-AY2021S1\cs2103-website\_site" at http://127.0.0.1:8080
2020-08-20T07:42:48.436Z - info: Press CTRL+C to stop ...
2020-08-20T07:42:48.546Z - info: Site data built
2020-08-20T07:42:49.137Z - info: [3:42:49 PM] Reload for file change: C:\repos\nus-cs2103-AY2021S1\cs2103-website\_module-CS2103\timetables.mbdf
2020-08-20T07:42:50.175Z - info: No pages needed to be rebuilt
2020-08-20T08:00:58.156Z - info: Building C:\repos\nus-cs2103-AY2021S1\cs2103-website\admin\index as some of its dependencies were changed since the last visit
2020-08-20T08:00:59.124Z - info: Site data built
2020-08-20T08:00:59.124Z - info: Lazy website regeneration complete! Total build time: 0.979s
2020-08-20T08:01:00.308Z - info: Building C:\repos\nus-cs2103-AY2021S1\cs2103-website\schedule\week2\topics as some of its dependencies were changed since the last visit
2020-08-20T08:01:04.001Z - info: Site data built
2020-08-20T08:01:04.002Z - info: Lazy website regeneration complete! Total build time: 3.693s
2020-08-20T08:01:04.522Z - info: Building C:\repos\nus-cs2103-AY2021S1\cs2103-website\admin\appendixD-help as some of its dependencies were changed since the last visit
2020-08-20T08:01:04.986Z - info: Site data built
2020-08-20T08:01:04.986Z - info: Lazy website regeneration complete! Total build time: 0.464s
2020-08-20T08:04:47.788Z - info: [4:04:47 PM] Reload for file change: C:\repos\nus-cs2103-AY2021S1\cs2103-website\admin\appendixD-help.md
2020-08-20T08:04:48.838Z - info: Rebuilding 1 pages
2020-08-20T08:04:49.427Z - info: Pages rebuilt
2020-08-20T08:04:49.428Z - info: Website regeneration complete! Total build time: 0.608s
2020-08-20T08:04:49.456Z - info: Site data built
2020-08-20T08:06:41.192Z - info: [4:06:41 PM] Reload for file change: C:\repos\nus-cs2103-AY2021S1\cs2103-website\admin\appendixD-help.md
2020-08-20T08:06:42.198Z - info: No pages needed to be rebuilt
2020-08-20T08:06:54.222Z - info: Building C:\repos\nus-cs2103-AY2021S1\cs2103-website\admin\appendixD-help as some of its dependencies were changed since the last visit
2020-08-20T08:06:54.849Z - info: Site data built
2020-08-20T08:06:54.849Z - info: Lazy website regeneration complete! Total build time: 0.627s
2020-08-20T08:07:39.015Z - info: [4:07:39 PM] Reload for file change: C:\repos\nus-cs2103-AY2021S1\cs2103-website\admin\appendixD-help.md
2020-08-20T08:07:40.042Z - info: No pages needed to be rebuilt
2020-08-20T08:08:08.076Z - info: [4:08:08 PM] Reload for file change: C:\repos\nus-cs2103-AY2021S1\cs2103-website\admin\appendixD-help.md
2020-08-20T08:08:09.096Z - info: No pages needed to be rebuilt
2020-08-20T08:08:14.982Z - info: Building C:\repos\nus-cs2103-AY2021S1\cs2103-website\admin\appendixD-help as some of its dependencies were changed since the last visit
2020-08-20T08:08:15.346Z - info: Site data built
2020-08-20T08:08:15.347Z - info: Lazy website regeneration complete! Total build time: 0.366s
2020-08-20T08:08:58.338Z - info: [4:08:58 PM] Reload for file change: C:\repos\nus-cs2103-AY2021S1\cs2103-website\admin\appendixD-help.md
2020-08-20T08:08:59.357Z - info: No pages needed to be rebuilt
2020-08-20T08:09:09.822Z - info: Building C:\repos\nus-cs2103-AY2021S1\cs2103-website\admin\appendixD-help as some of its dependencies were changed since the last visit
2020-08-20T08:09:10.225Z - info: Site data built
2020-08-20T08:09:10.225Z - info: Lazy website regeneration complete! Total build time: 0.404s
2020-08-20T08:11:38.442Z - info: [4:11:38 PM] Reload for file change: C:\repos\nus-cs2103-AY2021S1\cs2103-website\admin\appendixD-help.md
2020-08-20T08:11:39.463Z - info: No pages needed to be rebuilt
2020-08-20T08:12:03.304Z - info: Building C:\repos\nus-cs2103-AY2021S1\cs2103-website\admin\appendixD-help as some of its dependencies were changed since the last visit
2020-08-20T08:12:03.632Z - info: Site data built
2020-08-20T08:12:03.632Z - info: Lazy website regeneration complete! Total build time: 0.328s
2020-08-20T09:54:50.996Z - info: Website generation started at 5:54:47 PM
2020-08-20T09:54:59.932Z - info: Building assets...
2020-08-20T09:55:05.368Z - info: Assets built
2020-08-20T09:55:05.370Z - info: Generating pages...
2020-08-20T09:55:20.783Z - debug: The process cannot access the file because it is being used by another process.

2020-08-20T09:55:20.784Z - debug: The process cannot access the file because it is being used by another process.

2020-08-20T09:55:24.523Z - debug:  
2020-08-20T09:55:24.523Z - debug:  
2020-08-20T09:55:24.523Z - debug:  
2020-08-20T09:55:24.523Z - debug:  
2020-08-20T09:55:26.291Z - debug:  
2020-08-20T09:55:31.191Z - debug:  
2020-08-20T09:55:31.192Z - debug:  
2020-08-20T09:55:31.193Z - debug: The process cannot access the file because it is being used by another process.

2020-08-20T09:55:31.193Z - debug: The process cannot access the file because it is being used by another process.

2020-08-20T09:55:31.193Z - debug:  
2020-08-20T09:55:31.200Z - debug:  
2020-08-20T09:55:32.914Z - debug: The process cannot access the file because it is being used by another process.

2020-08-20T09:55:32.914Z - debug: The process cannot access the file because it is being used by another process.

2020-08-20T09:55:32.988Z - debug:  
2020-08-20T09:55:32.988Z - debug:  
2020-08-20T09:55:33.619Z - debug: The process cannot access the file because it is being used by another process.

2020-08-20T09:55:33.620Z - debug: The process cannot access the file because it is being used by another process.

2020-08-20T09:55:36.824Z - debug:  
2020-08-20T09:55:37.246Z - debug:  
2020-08-20T09:55:56.775Z - debug: The process cannot access the file because it is being used by another process.

2020-08-20T09:55:56.778Z - debug: The process cannot access the file because it is being used by another process.

2020-08-20T09:55:57.925Z - debug:  
2020-08-20T09:55:58.068Z - debug: The process cannot access the file because it is being used by another process.

2020-08-20T09:55:58.296Z - debug:  
2020-08-20T09:56:00.247Z - debug: The process cannot access the file because it is being used by another process.

2020-08-20T09:56:00.248Z - debug:  
2020-08-20T09:56:01.573Z - debug:  
2020-08-20T09:56:07.312Z - debug: The process cannot access the file because it is being used by another process.

2020-08-20T09:56:09.315Z - debug: The process cannot access the file because it is being used by another process.

2020-08-20T09:56:09.572Z - debug:  
2020-08-20T09:56:31.066Z - debug:  
2020-08-20T09:56:31.068Z - debug:  
2020-08-20T09:56:31.068Z - debug:  
2020-08-20T09:56:31.263Z - debug:  
2020-08-20T09:56:36.417Z - debug:  
2020-08-20T09:56:36.418Z - debug:  
2020-08-20T09:56:46.611Z - debug:  
2020-08-20T09:56:47.545Z - debug:  
2020-08-20T09:56:47.546Z - debug:  
2020-08-20T09:56:47.546Z - debug:  
2020-08-20T09:56:47.546Z - debug:  
2020-08-20T09:56:54.435Z - debug:  
2020-08-20T09:56:55.107Z - debug:  
2020-08-20T09:56:59.769Z - debug:  
2020-08-20T09:57:12.321Z - debug:  
2020-08-20T09:57:12.321Z - debug:  
2020-08-20T09:57:16.955Z - debug:  
2020-08-20T09:57:16.955Z - debug:  
2020-08-20T09:57:32.410Z - debug:  
2020-08-20T09:57:56.571Z - debug:  
2020-08-20T09:58:09.706Z - debug:  
2020-08-20T09:58:09.707Z - debug:  
2020-08-20T09:58:18.858Z - info: Pages built
2020-08-20T09:58:44.918Z - info: Website generation complete! Total build time: 236.967s
2020-08-20T09:58:44.921Z - info: Build success!
2020-08-20T09:58:44.921Z - debug:  
2020-08-20T09:58:44.924Z - info: Site data built
2020-08-20T09:59:27.279Z - info: Deployed!
2020-08-20T13:16:36.207Z - info: Website generation (lazy) started at 9:16:30 PM
2020-08-20T13:16:46.952Z - info: Building assets...
2020-08-20T13:16:55.496Z - info: Assets built
2020-08-20T13:16:55.498Z - info: Generating landing page...
2020-08-20T13:16:57.531Z - info: Landing page built, other pages will be built as you navigate to them!
2020-08-20T13:16:57.630Z - info: Website generation (lazy) complete! Total build time: 27.388s
2020-08-20T13:16:58.828Z - info: Serving "C:\repos\nus-cs2103-AY2021S1\cs2103-website\_site" at http://127.0.0.1:8080
2020-08-20T13:16:58.828Z - info: Press CTRL+C to stop ...
2020-08-20T13:16:58.908Z - info: Site data built
2020-08-20T13:18:42.352Z - info: Building C:\repos\nus-cs2103-AY2021S1\cs2103-website\admin\index as some of its dependencies were changed since the last visit
2020-08-20T13:18:43.428Z - info: Site data built
2020-08-20T13:18:43.429Z - info: Lazy website regeneration complete! Total build time: 1.08s
2020-08-20T13:18:49.684Z - info: Building C:\repos\nus-cs2103-AY2021S1\cs2103-website\admin\ip-w3 as some of its dependencies were changed since the last visit
2020-08-20T13:18:50.790Z - info: Site data built
2020-08-20T13:18:50.790Z - info: Lazy website regeneration complete! Total build time: 1.108s
2020-08-20T13:19:12.445Z - info: Building C:\repos\nus-cs2103-AY2021S1\cs2103-website\admin\standardsAndConventions as some of its dependencies were changed since the last visit
2020-08-20T13:19:12.863Z - info: Site data built
2020-08-20T13:19:12.863Z - info: Lazy website regeneration complete! Total build time: 0.419s
2020-08-20T15:07:18.706Z - info: Website generation started at 11:07:15 PM
2020-08-20T15:07:30.775Z - info: Building assets...
