2020-10-07T14:41:31.049Z - info: Website generation (lazy) started at 10:41:23 PM
2020-10-07T14:41:40.134Z - info: Building assets...
2020-10-07T14:41:46.631Z - info: Assets built
2020-10-07T14:41:46.632Z - info: Generating landing page...
2020-10-07T14:41:48.152Z - info: Landing page built, other pages will be built as you navigate to them!
2020-10-07T14:41:48.289Z - info: Website generation (lazy) complete! Total build time: 25.222s
2020-10-07T14:41:49.185Z - info: Serving "C:\repos\nus-cs2103-AY2021S1\cs2103-website\_site" at http://127.0.0.1:8080
2020-10-07T14:41:49.186Z - info: Press CTRL+C to stop ...
2020-10-07T14:41:49.282Z - info: Site data built
2020-10-07T14:43:43.526Z - info: Website generation (lazy) started at 10:43:40 PM
2020-10-07T14:43:54.063Z - info: Building assets...
2020-10-07T14:44:00.496Z - info: Assets built
2020-10-07T14:44:00.498Z - info: Generating landing page...
2020-10-07T14:44:01.934Z - info: Landing page built, other pages will be built as you navigate to them!
2020-10-07T14:44:02.041Z - info: Website generation (lazy) complete! Total build time: 21.928s
2020-10-07T14:44:03.275Z - info: Serving "C:\repos\nus-cs2103-AY2021S1\cs2103-website\_site" at http://127.0.0.1:8080
2020-10-07T14:44:03.275Z - info: Press CTRL+C to stop ...
2020-10-07T14:44:03.338Z - info: Site data built
2020-10-07T14:44:57.766Z - info: Building C:\repos\nus-cs2103-AY2021S1\cs2103-website\schedule\week9\index as some of its dependencies were changed since the last visit
2020-10-07T14:44:58.743Z - info: Site data built
2020-10-07T14:44:58.745Z - info: Lazy website regeneration complete! Total build time: 0.979s
2020-10-07T14:45:39.248Z - info: Building C:\repos\nus-cs2103-AY2021S1\cs2103-website\schedule\week9\topics as some of its dependencies were changed since the last visit
2020-10-07T14:45:41.527Z - info: Site data built
2020-10-07T14:45:41.540Z - info: Lazy website regeneration complete! Total build time: 2.292s
2020-10-07T14:45:45.651Z - debug:  
2020-10-07T14:55:29.444Z - info: [10:55:29 PM] Reload for file add: C:\repos\nus-cs2103-AY2021S1\cs2103-website\schedule\week9\commentary-tic4001.mbdf
2020-10-07T14:55:30.451Z - info: File added or removed, updating list of site's pages...
2020-10-07T14:55:35.355Z - info: Assets removed
2020-10-07T14:55:36.549Z - info: Building C:\repos\nus-cs2103-AY2021S1\cs2103-website\schedule\week9\topics as some of its dependencies were changed since the last visit
2020-10-07T14:55:38.385Z - info: Site data built
2020-10-07T14:55:38.385Z - info: Lazy website regeneration complete! Total build time: 1.837s
2020-10-07T14:55:41.146Z - debug:  
2020-10-07T14:57:15.761Z - info: [10:57:15 PM] Reload for file change: C:\repos\nus-cs2103-AY2021S1\cs2103-website\schedule\week9\commentary-tic4001.mbdf
2020-10-07T14:57:16.771Z - info: Rebuilding 1 pages
2020-10-07T14:57:19.547Z - info: Pages rebuilt
2020-10-07T14:57:19.547Z - info: Website regeneration complete! Total build time: 2.778s
2020-10-07T14:57:19.697Z - info: Site data built
2020-10-07T14:57:23.148Z - debug:  
2020-10-07T14:58:29.477Z - info: [10:58:29 PM] Reload for file change: C:\repos\nus-cs2103-AY2021S1\cs2103-website\admin\common-commentary.mbdf
2020-10-07T14:58:30.491Z - info: Rebuilding 1 pages
2020-10-07T14:58:32.300Z - info: Pages rebuilt
2020-10-07T14:58:32.301Z - info: Website regeneration complete! Total build time: 1.811s
2020-10-07T14:58:32.407Z - info: Site data built
2020-10-07T14:58:35.362Z - debug:  
2020-10-07T14:58:56.578Z - info: [10:58:56 PM] Reload for file change: C:\repos\nus-cs2103-AY2021S1\cs2103-website\schedule\week9\commentary-tic4001.mbdf
2020-10-07T14:58:57.591Z - info: Rebuilding 1 pages
2020-10-07T14:58:59.298Z - info: Pages rebuilt
2020-10-07T14:58:59.299Z - info: Website regeneration complete! Total build time: 1.711s
2020-10-07T14:58:59.333Z - info: Site data built
2020-10-07T14:59:01.487Z - debug:  
2020-10-07T14:59:49.309Z - info: [10:59:49 PM] Reload for file change: C:\repos\nus-cs2103-AY2021S1\cs2103-website\admin\common-commentary.mbdf
2020-10-07T14:59:50.342Z - info: Rebuilding 1 pages
2020-10-07T14:59:52.733Z - info: Pages rebuilt
2020-10-07T14:59:52.733Z - info: Website regeneration complete! Total build time: 2.397s
2020-10-07T14:59:52.758Z - info: Site data built
2020-10-07T14:59:55.684Z - debug:  
2020-10-07T15:00:28.560Z - info: [11:00:28 PM] Reload for file change: C:\repos\nus-cs2103-AY2021S1\cs2103-website\schedule\week9\commentary-tic4001.mbdf
2020-10-07T15:00:29.575Z - info: Rebuilding 1 pages
2020-10-07T15:00:30.385Z - error:  Error: No such segment 'followup-testing-test-coverage' in file: C:\repos\nus-cs2103-AY2021S1\cs2103-website\admin\common-commentary.mbdf
Missing reference in C:\repos\nus-cs2103-AY2021S1\cs2103-website\schedule\week9\followup-box.md
    at _preprocessInclude (C:\Users\damithch\AppData\Roaming\npm\node_modules\markbind-cli\node_modules\@markbind\core\src\preprocessors\componentPreprocessor.js:264:21)
    at preProcessComponent (C:\Users\damithch\AppData\Roaming\npm\node_modules\markbind-cli\node_modules\@markbind\core\src\preprocessors\componentPreprocessor.js:349:12)
    at C:\Users\damithch\AppData\Roaming\npm\node_modules\markbind-cli\node_modules\@markbind\core\src\preprocessors\componentPreprocessor.js:356:52
    at Array.map (<anonymous>)
    at preProcessComponent (C:\Users\damithch\AppData\Roaming\npm\node_modules\markbind-cli\node_modules\@markbind\core\src\preprocessors\componentPreprocessor.js:356:43)
    at C:\Users\damithch\AppData\Roaming\npm\node_modules\markbind-cli\node_modules\@markbind\core\src\preprocessors\componentPreprocessor.js:356:52
    at Array.map (<anonymous>)
    at preProcessComponent (C:\Users\damithch\AppData\Roaming\npm\node_modules\markbind-cli\node_modules\@markbind\core\src\preprocessors\componentPreprocessor.js:356:43)
    at C:\Users\damithch\AppData\Roaming\npm\node_modules\markbind-cli\node_modules\@markbind\core\src\preprocessors\componentPreprocessor.js:356:52
    at Array.map (<anonymous>)
    at preProcessComponent (C:\Users\damithch\AppData\Roaming\npm\node_modules\markbind-cli\node_modules\@markbind\core\src\preprocessors\componentPreprocessor.js:356:43)
    at C:\Users\damithch\AppData\Roaming\npm\node_modules\markbind-cli\node_modules\@markbind\core\src\preprocessors\componentPreprocessor.js:298:50
    at Array.map (<anonymous>)
    at _preprocessInclude (C:\Users\damithch\AppData\Roaming\npm\node_modules\markbind-cli\node_modules\@markbind\core\src\preprocessors\componentPreprocessor.js:298:41)
    at preProcessComponent (C:\Users\damithch\AppData\Roaming\npm\node_modules\markbind-cli\node_modules\@markbind\core\src\preprocessors\componentPreprocessor.js:349:12)
    at C:\Users\damithch\AppData\Roaming\npm\node_modules\markbind-cli\node_modules\@markbind\core\src\preprocessors\componentPreprocessor.js:356:52
2020-10-07T15:00:31.654Z - info: Pages rebuilt
2020-10-07T15:00:31.655Z - info: Website regeneration complete! Total build time: 2.085s
2020-10-07T15:00:31.711Z - info: Site data built
2020-10-07T15:00:34.527Z - debug:  
2020-10-07T15:00:40.169Z - info: [11:00:40 PM] Reload for file change: C:\repos\nus-cs2103-AY2021S1\cs2103-website\schedule\week9\commentary-tic4001.mbdf
2020-10-07T15:00:41.178Z - info: Rebuilding 1 pages
2020-10-07T15:00:43.049Z - info: Pages rebuilt
2020-10-07T15:00:43.049Z - info: Website regeneration complete! Total build time: 1.876s
2020-10-07T15:00:43.080Z - info: Site data built
2020-10-07T15:00:45.542Z - debug:  
2020-10-07T15:02:48.142Z - info: Building C:\repos\nus-cs2103-AY2021S1\cs2103-website\schedule\week9\admin as some of its dependencies were changed since the last visit
2020-10-07T15:02:49.097Z - info: Site data built
2020-10-07T15:02:49.098Z - info: Lazy website regeneration complete! Total build time: 0.957s
2020-10-07T15:02:59.706Z - info: Building C:\repos\nus-cs2103-AY2021S1\cs2103-website\schedule\week9\project as some of its dependencies were changed since the last visit
2020-10-07T15:03:00.661Z - info: Site data built
2020-10-07T15:03:00.663Z - info: Lazy website regeneration complete! Total build time: 0.958s
2020-10-07T15:06:08.235Z - info: Building C:\repos\nus-cs2103-AY2021S1\cs2103-website\schedule\week10\project as some of its dependencies were changed since the last visit
2020-10-07T15:06:10.075Z - info: Site data built
2020-10-07T15:06:10.077Z - info: Lazy website regeneration complete! Total build time: 1.842s
2020-10-07T15:06:40.815Z - info: Building C:\repos\nus-cs2103-AY2021S1\cs2103-website\schedule\week11\project as some of its dependencies were changed since the last visit
2020-10-07T15:06:41.893Z - info: Site data built
2020-10-07T15:06:41.894Z - info: Lazy website regeneration complete! Total build time: 1.079s
2020-10-07T15:07:58.168Z - info: [11:07:58 PM] Reload for file change: C:\repos\nus-cs2103-AY2021S1\cs2103-website\_module-TIC4001\weeklyTpTasks.mbdf
2020-10-07T15:07:59.178Z - info: No pages needed to be rebuilt
2020-10-07T15:10:05.534Z - info: [11:10:05 PM] Reload for file change: C:\repos\nus-cs2103-AY2021S1\cs2103-website\admin\tp-tasks.mbdf
2020-10-07T15:10:06.545Z - info: No pages needed to be rebuilt
2020-10-07T15:10:15.502Z - info: Building C:\repos\nus-cs2103-AY2021S1\cs2103-website\schedule\week9\project as some of its dependencies were changed since the last visit
2020-10-07T15:10:16.504Z - info: Site data built
2020-10-07T15:10:16.504Z - info: Lazy website regeneration complete! Total build time: 1.003s
2020-10-07T15:11:57.278Z - info: [11:11:57 PM] Reload for file change: C:\repos\nus-cs2103-AY2021S1\cs2103-website\schedule\week9\tutorial-tic4001.mbdf
2020-10-07T15:11:58.291Z - info: No pages needed to be rebuilt
2020-10-07T15:12:02.500Z - info: Building C:\repos\nus-cs2103-AY2021S1\cs2103-website\schedule\week9\tutorial as some of its dependencies were changed since the last visit
2020-10-07T15:12:02.887Z - info: Site data built
2020-10-07T15:12:02.888Z - info: Lazy website regeneration complete! Total build time: 0.389s
2020-10-07T15:12:09.105Z - info: Building C:\repos\nus-cs2103-AY2021S1\cs2103-website\schedule\week9\index as some of its dependencies were changed since the last visit
2020-10-07T15:12:10.128Z - info: Site data built
2020-10-07T15:12:10.128Z - info: Lazy website regeneration complete! Total build time: 1.024s
2020-10-07T15:12:33.431Z - info: Website generation (lazy) started at 11:12:30 PM
2020-10-07T15:12:43.604Z - info: Building assets...
2020-10-07T15:12:50.682Z - info: Assets built
2020-10-07T15:12:50.684Z - info: Generating landing page...
2020-10-07T15:12:52.285Z - info: Landing page built, other pages will be built as you navigate to them!
2020-10-07T15:12:52.429Z - info: Website generation (lazy) complete! Total build time: 22.192s
2020-10-07T15:12:53.387Z - info: Serving "C:\repos\nus-cs2103-AY2021S1\cs2103-website\_site" at http://127.0.0.1:8080
2020-10-07T15:12:53.387Z - info: Press CTRL+C to stop ...
2020-10-07T15:12:53.453Z - info: Site data built
2020-10-07T15:19:51.175Z - info: Building C:\repos\nus-cs2103-AY2021S1\cs2103-website\schedule\week9\index as some of its dependencies were changed since the last visit
2020-10-07T15:19:52.350Z - info: Site data built
2020-10-07T15:19:52.351Z - info: Lazy website regeneration complete! Total build time: 1.187s
2020-10-07T15:20:11.988Z - info: Building C:\repos\nus-cs2103-AY2021S1\cs2103-website\schedule\week9\tutorial as some of its dependencies were changed since the last visit
2020-10-07T15:20:12.161Z - info: Site data built
2020-10-07T15:20:12.162Z - info: Lazy website regeneration complete! Total build time: 0.174s
2020-10-07T15:20:26.745Z - info: Website generation started at 11:20:23 PM
2020-10-07T15:20:36.597Z - info: Building assets...
2020-10-07T15:20:43.113Z - info: Assets built
2020-10-07T15:20:43.114Z - info: Generating pages...
2020-10-07T15:20:57.613Z - debug: The process cannot access the file because it is being used by another process.

2020-10-07T15:20:57.615Z - debug: The process cannot access the file because it is being used by another process.

2020-10-07T15:21:01.728Z - debug:  
2020-10-07T15:21:01.728Z - debug:  
2020-10-07T15:21:01.729Z - debug:  
2020-10-07T15:21:01.729Z - debug:  
2020-10-07T15:21:01.729Z - debug:  
2020-10-07T15:21:02.802Z - debug:  
2020-10-07T15:21:03.143Z - debug:  
2020-10-07T15:21:03.450Z - debug:  
2020-10-07T15:21:08.941Z - debug: The process cannot access the file because it is being used by another process.

2020-10-07T15:21:08.941Z - debug: The process cannot access the file because it is being used by another process.

2020-10-07T15:21:10.974Z - debug: The process cannot access the file because it is being used by another process.

2020-10-07T15:21:10.974Z - debug:  
2020-10-07T15:21:10.975Z - debug: The process cannot access the file because it is being used by another process.

2020-10-07T15:21:10.979Z - debug:  
2020-10-07T15:21:11.162Z - debug:  
2020-10-07T15:21:11.162Z - debug:  
2020-10-07T15:21:11.691Z - debug: The process cannot access the file because it is being used by another process.

2020-10-07T15:21:11.692Z - debug: The process cannot access the file because it is being used by another process.

2020-10-07T15:21:15.004Z - debug:  
2020-10-07T15:21:15.004Z - debug:  
2020-10-07T15:21:28.703Z - debug: The process cannot access the file because it is being used by another process.

2020-10-07T15:21:29.550Z - debug: The process cannot access the file because it is being used by another process.

2020-10-07T15:21:30.275Z - debug: The process cannot access the file because it is being used by another process.

2020-10-07T15:21:30.275Z - debug:  
2020-10-07T15:21:32.091Z - debug: The process cannot access the file because it is being used by another process.

2020-10-07T15:21:32.666Z - debug: The process cannot access the file because it is being used by another process.

2020-10-07T15:21:34.120Z - debug:  
2020-10-07T15:21:35.744Z - debug:  
2020-10-07T15:21:37.978Z - debug: The process cannot access the file because it is being used by another process.

2020-10-07T15:21:38.188Z - debug: The process cannot access the file because it is being used by another process.

2020-10-07T15:21:39.223Z - debug:  
2020-10-07T15:21:39.376Z - debug: The process cannot access the file because it is being used by another process.

2020-10-07T15:21:39.571Z - debug:  
2020-10-07T15:21:41.977Z - debug: The process cannot access the file because it is being used by another process.

2020-10-07T15:21:41.977Z - debug:  
2020-10-07T15:21:43.433Z - debug:  
2020-10-07T15:21:50.072Z - debug: The process cannot access the file because it is being used by another process.

2020-10-07T15:21:52.071Z - debug: The process cannot access the file because it is being used by another process.

2020-10-07T15:21:52.201Z - debug:  
2020-10-07T15:22:13.969Z - debug:  
2020-10-07T15:22:14.059Z - debug:  
2020-10-07T15:22:14.060Z - debug:  
2020-10-07T15:22:14.060Z - debug:  
2020-10-07T15:22:20.728Z - debug:  
2020-10-07T15:22:20.729Z - debug:  
2020-10-07T15:22:20.729Z - debug:  
2020-10-07T15:22:28.622Z - debug:  
2020-10-07T15:22:30.750Z - debug:  
2020-10-07T15:22:30.751Z - debug:  
2020-10-07T15:22:30.751Z - debug:  
2020-10-07T15:22:30.751Z - debug:  
2020-10-07T15:22:37.944Z - debug:  
2020-10-07T15:22:38.832Z - debug:  
2020-10-07T15:22:38.832Z - debug:  
2020-10-07T15:22:43.900Z - debug:  
2020-10-07T15:22:53.396Z - debug:  
2020-10-07T15:22:58.887Z - debug:  
2020-10-07T15:23:03.237Z - debug:  
2020-10-07T15:23:03.238Z - debug:  
2020-10-07T15:23:26.516Z - debug:  
2020-10-07T15:23:36.837Z - debug:  
2020-10-07T15:23:36.837Z - debug:  
2020-10-07T15:23:44.562Z - info: Pages built
2020-10-07T15:24:10.981Z - info: Website generation complete! Total build time: 227.091s
2020-10-07T15:24:10.981Z - info: Build success!
2020-10-07T15:24:10.981Z - debug:  
2020-10-07T15:24:10.987Z - info: Site data built
2020-10-07T15:24:57.387Z - info: Deployed!
