2020-07-08T16:09:33.860Z - info: [12:09:33 AM] Reload for file change: C:\repos\nus-cs2103-AY2021S1\cs2103-website\admin\tools-reposense.mbdf
2020-07-08T16:09:33.940Z - info: [12:09:33 AM] Reload for file change: C:\repos\nus-cs2103-AY2021S1\cs2103-website\admin\tools-reposense.mbdf
2020-07-08T16:09:34.929Z - info: Rebuilding 1 pages
2020-07-08T16:09:36.195Z - info: Pages rebuilt
2020-07-08T16:09:36.196Z - info: Website regeneration complete! Total build time: 1.27s
2020-07-08T16:09:36.215Z - info: Site data built
2020-07-08T16:11:33.375Z - info: [12:11:33 AM] Reload for file change: C:\repos\nus-cs2103-AY2021S1\cs2103-website\admin\tools-reposense.mbdf
2020-07-08T16:11:34.402Z - info: Rebuilding 1 pages
2020-07-08T16:11:35.654Z - info: Pages rebuilt
2020-07-08T16:11:35.655Z - info: Website regeneration complete! Total build time: 1.258s
2020-07-08T16:11:35.657Z - info: Site data built
2020-07-08T16:13:50.703Z - info: [12:13:50 AM] Reload for file change: C:\repos\nus-cs2103-AY2021S1\cs2103-website\admin\tools-reposense.mbdf
2020-07-08T16:13:51.714Z - info: Rebuilding 1 pages
2020-07-08T16:13:52.599Z - info: Pages rebuilt
2020-07-08T16:13:52.599Z - info: Website regeneration complete! Total build time: 0.89s
2020-07-08T16:13:52.603Z - info: Site data built
2020-07-08T16:16:51.744Z - info: [12:16:51 AM] Reload for file change: C:\repos\nus-cs2103-AY2021S1\cs2103-website\admin\tools-reposense.mbdf
2020-07-08T16:16:52.756Z - info: Rebuilding 1 pages
2020-07-08T16:16:54.211Z - info: Pages rebuilt
2020-07-08T16:16:54.211Z - info: Website regeneration complete! Total build time: 1.46s
2020-07-08T16:16:54.254Z - info: Site data built
2020-07-08T16:17:52.956Z - info: [12:17:52 AM] Reload for file change: C:\repos\nus-cs2103-AY2021S1\cs2103-website\admin\tools-reposense.mbdf
2020-07-08T16:17:53.962Z - info: Rebuilding 1 pages
2020-07-08T16:17:55.042Z - info: Pages rebuilt
2020-07-08T16:17:55.043Z - info: Website regeneration complete! Total build time: 1.083s
2020-07-08T16:17:55.046Z - info: Site data built
2020-07-08T16:17:58.934Z - info: Building C:\repos\nus-cs2103-AY2021S1\cs2103-website\admin\index as some of its dependencies were changed since the last visit
2020-07-08T16:17:59.448Z - info: Site data built
2020-07-08T16:17:59.449Z - info: Lazy website regeneration complete! Total build time: 0.516s
2020-07-08T16:18:02.697Z - info: Building C:\repos\nus-cs2103-AY2021S1\cs2103-website\admin\tools as some of its dependencies were changed since the last visit
2020-07-08T16:18:03.045Z - info: Site data built
2020-07-08T16:18:03.046Z - info: Lazy website regeneration complete! Total build time: 0.35s
2020-07-08T16:19:57.694Z - info: [12:19:57 AM] Reload for file change: C:\repos\nus-cs2103-AY2021S1\cs2103-website\admin\tools-reposense.mbdf
2020-07-08T16:19:58.702Z - info: Rebuilding 1 pages
2020-07-08T16:19:59.292Z - info: Pages rebuilt
2020-07-08T16:19:59.292Z - info: Website regeneration complete! Total build time: 0.594s
2020-07-08T16:19:59.302Z - info: Site data built
2020-07-08T16:20:30.466Z - info: [12:20:30 AM] Reload for file change: C:\repos\nus-cs2103-AY2021S1\cs2103-website\admin\tools-reposense.mbdf
2020-07-08T16:20:31.476Z - info: Rebuilding 1 pages
2020-07-08T16:20:31.924Z - info: Pages rebuilt
2020-07-08T16:20:31.924Z - info: Website regeneration complete! Total build time: 0.453s
2020-07-08T16:20:31.927Z - info: Site data built
2020-07-08T16:26:08.521Z - info: [12:26:08 AM] Reload for file change: C:\repos\nus-cs2103-AY2021S1\cs2103-website\admin\reposenseAuthorAnnotation.md
2020-07-08T16:26:09.529Z - info: Rebuilding 1 pages
2020-07-08T16:26:10.204Z - info: Pages rebuilt
2020-07-08T16:26:10.204Z - info: Website regeneration complete! Total build time: 0.678s
2020-07-08T16:26:10.207Z - info: Site data built
2020-07-08T16:26:25.587Z - info: Building C:\repos\nus-cs2103-AY2021S1\cs2103-website\schedule\week10\topics as some of its dependencies were changed since the last visit
2020-07-08T16:26:28.676Z - info: Site data built
2020-07-08T16:26:28.676Z - info: Lazy website regeneration complete! Total build time: 3.089s
2020-07-08T16:26:30.328Z - debug:  
2020-07-08T16:28:43.172Z - info: Building C:\repos\nus-cs2103-AY2021S1\cs2103-website\schedule\week11\topics as some of its dependencies were changed since the last visit
2020-07-08T16:28:46.290Z - info: Site data built
2020-07-08T16:28:46.294Z - info: Lazy website regeneration complete! Total build time: 3.121s
2020-07-08T16:28:57.529Z - info: Building C:\repos\nus-cs2103-AY2021S1\cs2103-website\schedule\week12\topics as some of its dependencies were changed since the last visit
2020-07-08T16:28:57.688Z - info: Site data built
2020-07-08T16:28:57.689Z - info: Lazy website regeneration complete! Total build time: 0.16s
2020-07-08T16:34:58.323Z - info: [12:34:58 AM] Reload for file add: C:\repos\nus-cs2103-AY2021S1\cs2103-website\schedule\week10\commentary-cs2103.mbdf
2020-07-08T16:34:59.336Z - info: File added or removed, updating list of site's pages...
2020-07-08T16:35:04.702Z - info: Assets removed
2020-07-08T16:35:05.908Z - info: Building C:\repos\nus-cs2103-AY2021S1\cs2103-website\schedule\week12\topics as some of its dependencies were changed since the last visit
2020-07-08T16:35:06.183Z - info: Site data built
2020-07-08T16:35:06.184Z - info: Lazy website regeneration complete! Total build time: 0.277s
2020-07-08T16:35:07.305Z - info: Building C:\repos\nus-cs2103-AY2021S1\cs2103-website\schedule\week10\topics as some of its dependencies were changed since the last visit
2020-07-08T16:35:09.363Z - info: Site data built
2020-07-08T16:35:09.364Z - info: Lazy website regeneration complete! Total build time: 2.06s
2020-07-08T16:35:29.187Z - info: [12:35:29 AM] Reload for file change: C:\repos\nus-cs2103-AY2021S1\cs2103-website\schedule\week10\commentary-cs2103.mbdf
2020-07-08T16:35:30.190Z - info: Rebuilding 1 pages
2020-07-08T16:35:32.206Z - info: Pages rebuilt
2020-07-08T16:35:32.206Z - info: Website regeneration complete! Total build time: 2.018s
2020-07-08T16:35:32.210Z - info: Site data built
2020-07-08T16:36:49.322Z - info: Building C:\repos\nus-cs2103-AY2021S1\cs2103-website\schedule\week11\index as some of its dependencies were changed since the last visit
2020-07-08T16:36:50.421Z - info: Site data built
2020-07-08T16:36:50.422Z - info: Lazy website regeneration complete! Total build time: 1.101s
2020-07-08T16:40:16.260Z - info: [12:40:16 AM] Reload for file change: C:\repos\nus-cs2103-AY2021S1\cs2103-website\schedule\week10\commentary-cs2103.mbdf
2020-07-08T16:40:17.269Z - info: No pages needed to be rebuilt
2020-07-08T16:40:29.460Z - info: Building C:\repos\nus-cs2103-AY2021S1\cs2103-website\schedule\week10\topics as some of its dependencies were changed since the last visit
2020-07-08T16:40:31.555Z - info: Site data built
2020-07-08T16:40:31.556Z - info: Lazy website regeneration complete! Total build time: 2.095s
2020-07-08T16:41:43.195Z - info: [12:41:43 AM] Reload for file change: C:\repos\nus-cs2103-AY2021S1\cs2103-website\schedule\week10\commentary-cs2103.mbdf
2020-07-08T16:41:44.202Z - info: Rebuilding 1 pages
2020-07-08T16:41:46.155Z - info: Pages rebuilt
2020-07-08T16:41:46.155Z - info: Website regeneration complete! Total build time: 1.959s
2020-07-08T16:41:46.161Z - info: Site data built
2020-07-08T16:42:58.096Z - info: [12:42:58 AM] Reload for file change: C:\repos\nus-cs2103-AY2021S1\cs2103-website\schedule\week10\commentary-cs2103.mbdf
2020-07-08T16:42:59.108Z - info: Rebuilding 1 pages
2020-07-08T16:43:01.075Z - info: Pages rebuilt
2020-07-08T16:43:01.075Z - info: Website regeneration complete! Total build time: 1.972s
2020-07-08T16:43:01.081Z - info: Site data built
2020-07-08T16:43:53.819Z - info: [12:43:53 AM] Reload for file change: C:\repos\nus-cs2103-AY2021S1\cs2103-website\schedule\week10\commentary-cs2103.mbdf
2020-07-08T16:43:54.824Z - info: Rebuilding 1 pages
2020-07-08T16:43:56.643Z - info: Pages rebuilt
2020-07-08T16:43:56.644Z - info: Website regeneration complete! Total build time: 1.821s
2020-07-08T16:43:56.650Z - info: Site data built
2020-07-08T16:45:12.331Z - info: Building C:\repos\nus-cs2103-AY2021S1\cs2103-website\schedule\week7\topics as some of its dependencies were changed since the last visit
2020-07-08T16:45:15.020Z - info: Site data built
2020-07-08T16:45:15.021Z - info: Lazy website regeneration complete! Total build time: 2.691s
2020-07-08T16:48:37.553Z - info: [12:48:37 AM] Reload for file change: C:\repos\nus-cs2103-AY2021S1\cs2103-website\common\topics.njk
2020-07-08T16:48:38.636Z - info: Assets built
2020-07-08T16:48:48.437Z - info: Website generation (lazy) started at 12:48:45 AM
2020-07-08T16:48:57.826Z - info: Building assets...
2020-07-08T16:49:03.643Z - info: Assets built
2020-07-08T16:49:03.644Z - info: Generating landing page...
2020-07-08T16:49:04.560Z - info: Landing page built, other pages will be built as you navigate to them!
2020-07-08T16:49:04.670Z - info: Website generation (lazy) complete! Total build time: 19.445s
2020-07-08T16:49:05.494Z - info: Serving "C:\repos\nus-cs2103-AY2021S1\cs2103-website\_site" at http://127.0.0.1:8080
2020-07-08T16:49:05.495Z - info: Press CTRL+C to stop ...
2020-07-08T16:49:05.563Z - info: Site data built
2020-07-08T16:49:51.089Z - info: Building C:\repos\nus-cs2103-AY2021S1\cs2103-website\schedule\week7\topics as some of its dependencies were changed since the last visit
2020-07-08T16:49:54.816Z - info: Site data built
2020-07-08T16:49:54.817Z - info: Lazy website regeneration complete! Total build time: 3.731s
2020-07-08T16:50:36.238Z - info: Building C:\repos\nus-cs2103-AY2021S1\cs2103-website\schedule\week10\topics as some of its dependencies were changed since the last visit
2020-07-08T16:50:39.430Z - info: Site data built
2020-07-08T16:50:39.432Z - info: Lazy website regeneration complete! Total build time: 3.194s
2020-07-08T16:50:40.540Z - debug:  
2020-07-08T16:53:43.737Z - info: [12:53:43 AM] Reload for file change: C:\repos\nus-cs2103-AY2021S1\cs2103-website\schedule\week10\commentary-cs2103.mbdf
2020-07-08T16:53:44.752Z - info: Rebuilding 1 pages
2020-07-08T16:53:47.495Z - info: Pages rebuilt
2020-07-08T16:53:47.495Z - info: Website regeneration complete! Total build time: 2.75s
2020-07-08T16:53:47.504Z - info: Site data built
2020-07-08T16:55:25.254Z - info: [12:55:25 AM] Reload for file change: C:\repos\nus-cs2103-AY2021S1\cs2103-website\schedule\week10\commentary-cs2103.mbdf
2020-07-08T16:55:26.268Z - info: Rebuilding 1 pages
2020-07-08T16:55:29.401Z - info: Pages rebuilt
2020-07-08T16:55:29.401Z - info: Website regeneration complete! Total build time: 3.135s
2020-07-08T16:55:29.459Z - info: Site data built
2020-07-08T16:57:38.011Z - info: [12:57:38 AM] Reload for file change: C:\repos\nus-cs2103-AY2021S1\cs2103-website\schedule\week10\commentary-cs2103.mbdf
2020-07-08T16:57:39.024Z - info: Rebuilding 1 pages
2020-07-08T16:57:41.422Z - info: Pages rebuilt
2020-07-08T16:57:41.422Z - info: Website regeneration complete! Total build time: 2.404s
2020-07-08T16:57:41.482Z - info: Site data built
2020-07-08T16:58:02.623Z - info: [12:58:02 AM] Reload for file change: C:\repos\nus-cs2103-AY2021S1\cs2103-website\schedule\week10\commentary-cs2103.mbdf
2020-07-08T16:58:03.646Z - info: Rebuilding 1 pages
2020-07-08T16:58:06.218Z - info: Pages rebuilt
2020-07-08T16:58:06.218Z - info: Website regeneration complete! Total build time: 2.581s
2020-07-08T16:58:06.226Z - info: Site data built
2020-07-08T16:58:38.756Z - info: [12:58:38 AM] Reload for file change: C:\repos\nus-cs2103-AY2021S1\cs2103-website\schedule\week10\commentary-cs2103.mbdf
2020-07-08T16:58:39.763Z - info: Rebuilding 1 pages
2020-07-08T16:58:41.988Z - info: Pages rebuilt
2020-07-08T16:58:41.988Z - info: Website regeneration complete! Total build time: 2.227s
2020-07-08T16:58:41.995Z - info: Site data built
2020-07-08T17:01:43.226Z - info: [1:01:43 AM] Reload for file change: C:\repos\nus-cs2103-AY2021S1\cs2103-website\schedule\week10\commentary-cs2103.mbdf
2020-07-08T17:01:44.243Z - info: Rebuilding 1 pages
2020-07-08T17:01:46.630Z - info: Pages rebuilt
2020-07-08T17:01:46.630Z - info: Website regeneration complete! Total build time: 2.393s
2020-07-08T17:01:46.691Z - info: Site data built
2020-07-08T17:02:13.986Z - info: [1:02:13 AM] Reload for file change: C:\repos\nus-cs2103-AY2021S1\cs2103-website\schedule\week10\commentary-cs2103.mbdf
2020-07-08T17:02:15.002Z - info: Rebuilding 1 pages
2020-07-08T17:02:17.556Z - info: Pages rebuilt
2020-07-08T17:02:17.556Z - info: Website regeneration complete! Total build time: 2.56s
2020-07-08T17:02:17.613Z - info: Site data built
2020-07-08T17:03:36.129Z - info: [1:03:36 AM] Reload for file change: C:\repos\nus-cs2103-AY2021S1\cs2103-website\schedule\week10\commentary-cs2103.mbdf
2020-07-08T17:03:37.153Z - info: Rebuilding 1 pages
2020-07-08T17:03:39.712Z - info: Pages rebuilt
2020-07-08T17:03:39.712Z - info: Website regeneration complete! Total build time: 2.567s
2020-07-08T17:03:39.770Z - info: Site data built
2020-07-08T17:09:06.052Z - info: [1:09:06 AM] Reload for file change: C:\repos\nus-cs2103-AY2021S1\cs2103-website\schedule\week10\commentary-cs2103.mbdf
2020-07-08T17:09:07.078Z - info: Rebuilding 1 pages
2020-07-08T17:09:09.648Z - info: Pages rebuilt
2020-07-08T17:09:09.649Z - info: Website regeneration complete! Total build time: 2.579s
2020-07-08T17:09:09.702Z - info: Site data built
2020-07-08T17:09:40.167Z - info: [1:09:40 AM] Reload for file change: C:\repos\nus-cs2103-AY2021S1\cs2103-website\schedule\week10\commentary-cs2103.mbdf
2020-07-08T17:09:41.184Z - info: Rebuilding 1 pages
2020-07-08T17:09:43.787Z - info: Pages rebuilt
2020-07-08T17:09:43.787Z - info: Website regeneration complete! Total build time: 2.609s
2020-07-08T17:09:43.838Z - info: Site data built
2020-07-08T17:10:54.353Z - info: [1:10:54 AM] Reload for file change: C:\repos\nus-cs2103-AY2021S1\cs2103-website\schedule\week10\commentary-cs2103.mbdf
2020-07-08T17:10:55.365Z - info: Rebuilding 1 pages
2020-07-08T17:10:58.248Z - info: Pages rebuilt
2020-07-08T17:10:58.248Z - info: Website regeneration complete! Total build time: 2.889s
2020-07-08T17:10:58.313Z - info: Site data built
2020-07-08T17:12:09.671Z - info: [1:12:09 AM] Reload for file change: C:\repos\nus-cs2103-AY2021S1\cs2103-website\schedule\week10\commentary-cs2103.mbdf
2020-07-08T17:12:10.687Z - info: Rebuilding 1 pages
2020-07-08T17:12:13.282Z - info: Pages rebuilt
2020-07-08T17:12:13.282Z - info: Website regeneration complete! Total build time: 2.602s
2020-07-08T17:12:13.328Z - info: Site data built
2020-07-08T17:12:52.351Z - info: Building C:\repos\nus-cs2103-AY2021S1\cs2103-website\schedule\week11\topics as some of its dependencies were changed since the last visit
2020-07-08T17:12:55.320Z - info: Site data built
2020-07-08T17:12:55.323Z - info: Lazy website regeneration complete! Total build time: 2.973s
2020-07-08T17:16:16.068Z - info: Website generation started at 1:16:13 AM
2020-07-08T17:16:28.098Z - info: Building assets...
2020-07-08T17:16:35.064Z - info: Assets built
2020-07-08T17:16:35.065Z - info: Generating pages...
2020-07-08T17:16:52.360Z - debug:  
2020-07-08T17:16:52.360Z - debug:  
2020-07-08T17:16:52.361Z - debug:  
2020-07-08T17:16:52.361Z - debug:  
2020-07-08T17:16:52.399Z - debug:  
2020-07-08T17:20:38.806Z - debug:  
2020-07-08T17:20:51.202Z - debug:  
2020-07-08T17:20:51.203Z - debug:  
2020-07-08T17:21:02.118Z - info: Pages built
2020-07-08T17:21:43.191Z - info: Website generation complete! Total build time: 329.973s
2020-07-08T17:21:44.040Z - info: Serving "C:\repos\nus-cs2103-AY2021S1\cs2103-website\_site" at http://127.0.0.1:8080
2020-07-08T17:21:44.040Z - info: Press CTRL+C to stop ...
2020-07-08T17:21:44.105Z - info: Site data built
2020-07-09T08:36:21.581Z - info: Website generation (lazy) started at 4:36:08 PM
2020-07-09T08:36:35.159Z - info: Building assets...
2020-07-09T08:36:41.026Z - info: Assets built
2020-07-09T08:36:41.028Z - info: Generating landing page...
2020-07-09T08:36:41.954Z - info: Landing page built, other pages will be built as you navigate to them!
2020-07-09T08:36:42.058Z - info: Website generation (lazy) complete! Total build time: 33.713s
2020-07-09T08:36:42.905Z - info: Serving "C:\repos\nus-cs2103-AY2021S1\cs2103-website\_site" at http://127.0.0.1:8080
2020-07-09T08:36:42.905Z - info: Press CTRL+C to stop ...
2020-07-09T08:36:42.986Z - info: Site data built
2020-07-09T08:41:58.975Z - info: Building C:\repos\nus-cs2103-AY2021S1\cs2103-website\schedule\week10\index as some of its dependencies were changed since the last visit
2020-07-09T08:42:00.540Z - info: Site data built
2020-07-09T08:42:00.540Z - info: Lazy website regeneration complete! Total build time: 1.566s
2020-07-09T08:42:05.485Z - info: Building C:\repos\nus-cs2103-AY2021S1\cs2103-website\schedule\week11\index as some of its dependencies were changed since the last visit
2020-07-09T08:42:06.627Z - info: Site data built
2020-07-09T08:42:06.628Z - info: Lazy website regeneration complete! Total build time: 1.144s
2020-07-09T08:42:17.868Z - info: Building C:\repos\nus-cs2103-AY2021S1\cs2103-website\schedule\week11\admin as some of its dependencies were changed since the last visit
2020-07-09T08:42:18.115Z - info: Site data built
2020-07-09T08:42:18.116Z - info: Lazy website regeneration complete! Total build time: 0.249s
2020-07-09T08:42:50.173Z - info: Building C:\repos\nus-cs2103-AY2021S1\cs2103-website\schedule\week11\project as some of its dependencies were changed since the last visit
2020-07-09T08:42:52.127Z - info: Site data built
2020-07-09T08:42:52.127Z - info: Lazy website regeneration complete! Total build time: 1.954s
2020-07-09T08:43:30.231Z - info: [4:43:30 PM] Reload for file change: C:\repos\nus-cs2103-AY2021S1\cs2103-website\admin\tp-tasks.mbdf
2020-07-09T08:43:31.258Z - info: Rebuilding 1 pages
2020-07-09T08:43:33.647Z - info: Pages rebuilt
2020-07-09T08:43:33.647Z - info: Website regeneration complete! Total build time: 2.391s
2020-07-09T08:43:33.658Z - info: Site data built
2020-07-09T08:47:36.854Z - info: [4:47:36 PM] Reload for file change: C:\repos\nus-cs2103-AY2021S1\cs2103-website\admin\tp-deliverables-website.mbdf
2020-07-09T08:47:37.862Z - info: Rebuilding 1 pages
2020-07-09T08:47:39.908Z - info: Pages rebuilt
2020-07-09T08:47:39.908Z - info: Website regeneration complete! Total build time: 2.051s
2020-07-09T08:47:39.913Z - info: Site data built
2020-07-09T08:48:27.919Z - info: [4:48:27 PM] Reload for file change: C:\repos\nus-cs2103-AY2021S1\cs2103-website\admin\tp-deliverables-website.mbdf
2020-07-09T08:48:28.935Z - info: Rebuilding 1 pages
2020-07-09T08:48:30.942Z - info: Pages rebuilt
2020-07-09T08:48:30.942Z - info: Website regeneration complete! Total build time: 2.019s
2020-07-09T08:48:30.946Z - info: Site data built
2020-07-09T08:52:14.182Z - info: [4:52:14 PM] Reload for file change: C:\repos\nus-cs2103-AY2021S1\cs2103-website\admin\tp-deliverables-website.mbdf
2020-07-09T08:52:14.231Z - info: [4:52:14 PM] Reload for file change: C:\repos\nus-cs2103-AY2021S1\cs2103-website\admin\tp-deliverables-website.mbdf
2020-07-09T08:52:15.186Z - info: Rebuilding 1 pages
2020-07-09T08:52:17.136Z - info: Pages rebuilt
2020-07-09T08:52:17.136Z - info: Website regeneration complete! Total build time: 1.952s
2020-07-09T08:52:17.141Z - info: Site data built
2020-07-09T08:53:18.765Z - info: [4:53:18 PM] Reload for file change: C:\repos\nus-cs2103-AY2021S1\cs2103-website\admin\tp-deliverables-ug.mbdf
2020-07-09T08:53:19.773Z - info: Rebuilding 1 pages
2020-07-09T08:53:21.725Z - info: Pages rebuilt
2020-07-09T08:53:21.725Z - info: Website regeneration complete! Total build time: 1.954s
2020-07-09T08:53:21.730Z - info: Site data built
2020-07-09T08:55:00.461Z - info: [4:55:00 PM] Reload for file change: C:\repos\nus-cs2103-AY2021S1\cs2103-website\admin\tp-constraints.md
2020-07-09T08:55:01.468Z - info: Rebuilding 1 pages
2020-07-09T08:55:03.559Z - info: Pages rebuilt
2020-07-09T08:55:03.559Z - info: Website regeneration complete! Total build time: 2.093s
2020-07-09T08:55:03.564Z - info: Site data built
2020-07-09T08:56:27.064Z - info: Building C:\repos\nus-cs2103-AY2021S1\cs2103-website\admin\index as some of its dependencies were changed since the last visit
2020-07-09T08:56:27.958Z - info: Site data built
2020-07-09T08:56:27.959Z - info: Lazy website regeneration complete! Total build time: 0.897s
2020-07-09T08:56:39.236Z - info: Building C:\repos\nus-cs2103-AY2021S1\cs2103-website\admin\tp-pe as some of its dependencies were changed since the last visit
2020-07-09T08:56:41.072Z - info: Site data built
2020-07-09T08:56:41.072Z - info: Lazy website regeneration complete! Total build time: 1.836s
2020-07-09T08:58:32.962Z - info: [4:58:32 PM] Reload for file change: C:\repos\nus-cs2103-AY2021S1\cs2103-website\admin\tp-ped.mbdf
2020-07-09T08:58:33.967Z - info: Rebuilding 1 pages
2020-07-09T08:58:36.089Z - info: Pages rebuilt
2020-07-09T08:58:36.089Z - info: Website regeneration complete! Total build time: 2.124s
2020-07-09T08:58:36.095Z - info: Site data built
2020-07-09T08:59:33.519Z - info: [4:59:33 PM] Reload for file change: C:\repos\nus-cs2103-AY2021S1\cs2103-website\admin\tp-ped.mbdf
2020-07-09T08:59:34.525Z - info: Rebuilding 1 pages
2020-07-09T08:59:36.583Z - info: Pages rebuilt
2020-07-09T08:59:36.583Z - info: Website regeneration complete! Total build time: 2.061s
2020-07-09T08:59:36.590Z - info: Site data built
2020-07-09T09:05:00.049Z - info: [5:05:00 PM] Reload for file change: C:\repos\nus-cs2103-AY2021S1\cs2103-website\admin\tp-pe.mbdf
2020-07-09T09:05:01.062Z - info: Rebuilding 1 pages
2020-07-09T09:05:03.072Z - info: Pages rebuilt
2020-07-09T09:05:03.073Z - info: Website regeneration complete! Total build time: 2.02s
2020-07-09T09:05:03.078Z - info: Site data built
2020-07-09T09:07:22.052Z - info: [5:07:22 PM] Reload for file change: C:\repos\nus-cs2103-AY2021S1\cs2103-website\admin\tp-pe.mbdf
2020-07-09T09:07:23.061Z - info: Rebuilding 1 pages
2020-07-09T09:07:25.030Z - info: Pages rebuilt
2020-07-09T09:07:25.030Z - info: Website regeneration complete! Total build time: 1.975s
2020-07-09T09:07:25.037Z - info: Site data built
2020-07-09T09:09:37.241Z - info: [5:09:37 PM] Reload for file change: C:\repos\nus-cs2103-AY2021S1\cs2103-website\admin\tp-testing.mbdf
2020-07-09T09:09:38.245Z - info: Rebuilding 1 pages
2020-07-09T09:09:40.291Z - info: Pages rebuilt
2020-07-09T09:09:40.292Z - info: Website regeneration complete! Total build time: 2.049s
2020-07-09T09:09:40.300Z - info: Site data built
2020-07-09T09:25:26.579Z - info: [5:25:26 PM] Reload for file change: C:\repos\nus-cs2103-AY2021S1\cs2103-website\admin\tp-grading-bugs.mbdf
2020-07-09T09:25:27.636Z - info: Rebuilding 1 pages
2020-07-09T09:25:29.919Z - info: Pages rebuilt
2020-07-09T09:25:29.919Z - info: Website regeneration complete! Total build time: 2.321s
2020-07-09T09:25:29.925Z - info: Site data built
2020-07-09T09:42:05.270Z - info: [5:42:05 PM] Reload for file change: C:\repos\nus-cs2103-AY2021S1\cs2103-website\admin\tp-ped.mbdf
2020-07-09T09:42:06.308Z - info: Rebuilding 1 pages
2020-07-09T09:42:08.410Z - info: Pages rebuilt
2020-07-09T09:42:08.411Z - info: Website regeneration complete! Total build time: 2.119s
2020-07-09T09:42:08.420Z - info: Site data built
2020-07-09T09:42:22.302Z - info: Building C:\repos\nus-cs2103-AY2021S1\cs2103-website\schedule\week11\tutorial as some of its dependencies were changed since the last visit
2020-07-09T09:42:22.581Z - info: Site data built
2020-07-09T09:42:22.582Z - info: Lazy website regeneration complete! Total build time: 0.28s
2020-07-09T09:43:38.600Z - info: [5:43:38 PM] Reload for file change: C:\repos\nus-cs2103-AY2021S1\cs2103-website\schedule\week11\tutorial-cs2103.mbdf
2020-07-09T09:43:39.614Z - info: Rebuilding 1 pages
2020-07-09T09:43:39.949Z - info: Pages rebuilt
2020-07-09T09:43:39.949Z - info: Website regeneration complete! Total build time: 0.337s
2020-07-09T09:43:39.954Z - info: Site data built
2020-07-09T09:49:46.550Z - info: [5:49:46 PM] Reload for file change: C:\repos\nus-cs2103-AY2021S1\cs2103-website\schedule\week11\tutorial-cs2103.mbdf
2020-07-09T09:49:47.561Z - info: Rebuilding 1 pages
2020-07-09T09:49:47.884Z - info: Pages rebuilt
2020-07-09T09:49:47.884Z - info: Website regeneration complete! Total build time: 0.331s
2020-07-09T09:49:47.892Z - info: Site data built
2020-07-09T09:49:56.189Z - info: [5:49:56 PM] Reload for file change: C:\repos\nus-cs2103-AY2021S1\cs2103-website\schedule\week11\tutorial-cs2103.mbdf
2020-07-09T09:49:57.206Z - info: Rebuilding 1 pages
2020-07-09T09:49:57.481Z - info: Pages rebuilt
2020-07-09T09:49:57.481Z - info: Website regeneration complete! Total build time: 0.279s
2020-07-09T09:49:57.485Z - info: Site data built
2020-07-09T09:50:53.032Z - info: Building C:\repos\nus-cs2103-AY2021S1\cs2103-website\schedule\week11\topics as some of its dependencies were changed since the last visit
2020-07-09T09:50:56.699Z - info: Site data built
2020-07-09T09:50:56.701Z - info: Lazy website regeneration complete! Total build time: 3.67s
2020-07-09T09:59:16.537Z - info: Building C:\repos\nus-cs2103-AY2021S1\cs2103-website\schedule\week12\topics as some of its dependencies were changed since the last visit
2020-07-09T09:59:16.908Z - info: Site data built
2020-07-09T09:59:16.909Z - info: Lazy website regeneration complete! Total build time: 0.382s
2020-07-09T09:59:23.466Z - info: Building C:\repos\nus-cs2103-AY2021S1\cs2103-website\schedule\week12\admin as some of its dependencies were changed since the last visit
2020-07-09T09:59:23.766Z - info: Site data built
2020-07-09T09:59:23.767Z - info: Lazy website regeneration complete! Total build time: 0.302s
2020-07-09T09:59:26.979Z - info: Building C:\repos\nus-cs2103-AY2021S1\cs2103-website\schedule\week12\project as some of its dependencies were changed since the last visit
2020-07-09T09:59:28.335Z - info: Site data built
2020-07-09T09:59:28.336Z - info: Lazy website regeneration complete! Total build time: 1.358s
2020-07-09T09:59:36.244Z - info: Building C:\repos\nus-cs2103-AY2021S1\cs2103-website\schedule\week12\tutorial as some of its dependencies were changed since the last visit
2020-07-09T09:59:36.397Z - info: Site data built
2020-07-09T09:59:36.397Z - info: Lazy website regeneration complete! Total build time: 0.153s
2020-07-09T12:08:47.452Z - info: Website generation (lazy) started at 8:08:43 PM
2020-07-09T12:09:00.083Z - info: Building assets...
2020-07-09T12:09:06.445Z - info: Assets built
2020-07-09T12:09:06.446Z - info: Generating landing page...
2020-07-09T12:09:07.397Z - info: Landing page built, other pages will be built as you navigate to them!
2020-07-09T12:09:07.494Z - info: Website generation (lazy) complete! Total build time: 24.119s
2020-07-09T12:09:08.315Z - info: Serving "C:\repos\nus-cs2103-AY2021S1\cs2103-website\_site" at http://127.0.0.1:8080
2020-07-09T12:09:08.315Z - info: Press CTRL+C to stop ...
2020-07-09T12:09:08.374Z - info: Site data built
2020-07-09T12:10:04.662Z - info: Building C:\repos\nus-cs2103-AY2021S1\cs2103-website\schedule\week11\index as some of its dependencies were changed since the last visit
2020-07-09T12:10:06.237Z - info: Site data built
2020-07-09T12:10:06.238Z - info: Lazy website regeneration complete! Total build time: 1.581s
2020-07-09T12:21:04.658Z - info: [8:21:04 PM] Reload for file add: C:\repos\nus-cs2103-AY2021S1\cs2103-website\schedule\week11\commentary-cs2103.mbdf
2020-07-09T12:21:05.662Z - info: File added or removed, updating list of site's pages...
2020-07-09T12:21:12.720Z - info: Assets removed
2020-07-09T12:21:14.002Z - info: Building C:\repos\nus-cs2103-AY2021S1\cs2103-website\schedule\week11\index as some of its dependencies were changed since the last visit
2020-07-09T12:21:15.273Z - info: Site data built
2020-07-09T12:21:15.274Z - info: Lazy website regeneration complete! Total build time: 1.272s
2020-07-09T12:21:19.186Z - info: [8:21:19 PM] Reload for file change: C:\repos\nus-cs2103-AY2021S1\cs2103-website\schedule\week11\commentary-cs2103.mbdf
2020-07-09T12:21:20.226Z - info: No pages needed to be rebuilt
2020-07-09T12:21:20.242Z - info: Building C:\repos\nus-cs2103-AY2021S1\cs2103-website\schedule\week11\topics as some of its dependencies were changed since the last visit
2020-07-09T12:21:23.273Z - info: Site data built
2020-07-09T12:21:23.275Z - info: Lazy website regeneration complete! Total build time: 3.033s
2020-07-09T12:22:59.942Z - info: [8:22:59 PM] Reload for file change: C:\repos\nus-cs2103-AY2021S1\cs2103-website\schedule\week11\commentary-cs2103.mbdf
2020-07-09T12:23:00.954Z - info: Rebuilding 1 pages
2020-07-09T12:23:04.111Z - info: Pages rebuilt
2020-07-09T12:23:04.111Z - info: Website regeneration complete! Total build time: 3.159s
2020-07-09T12:23:04.123Z - info: Site data built
2020-07-09T12:24:05.520Z - info: [8:24:05 PM] Reload for file change: C:\repos\nus-cs2103-AY2021S1\cs2103-website\schedule\week11\commentary-cs2103.mbdf
2020-07-09T12:24:06.532Z - info: Rebuilding 1 pages
2020-07-09T12:24:10.124Z - info: Pages rebuilt
2020-07-09T12:24:10.124Z - info: Website regeneration complete! Total build time: 3.598s
2020-07-09T12:24:10.137Z - info: Site data built
2020-07-09T12:25:05.995Z - info: [8:25:05 PM] Reload for file change: C:\repos\nus-cs2103-AY2021S1\cs2103-website\schedule\week11\commentary-cs2103.mbdf
2020-07-09T12:25:07.004Z - info: Rebuilding 1 pages
2020-07-09T12:25:10.221Z - info: Pages rebuilt
2020-07-09T12:25:10.221Z - info: Website regeneration complete! Total build time: 3.221s
2020-07-09T12:25:10.233Z - info: Site data built
2020-07-09T12:27:08.905Z - info: [8:27:08 PM] Reload for file change: C:\repos\nus-cs2103-AY2021S1\cs2103-website\schedule\week11\commentary-cs2103.mbdf
2020-07-09T12:27:09.920Z - info: Rebuilding 1 pages
2020-07-09T12:27:13.308Z - info: Pages rebuilt
2020-07-09T12:27:13.309Z - info: Website regeneration complete! Total build time: 3.397s
2020-07-09T12:27:13.338Z - info: Site data built
2020-07-09T12:31:29.331Z - info: [8:31:29 PM] Reload for file change: C:\repos\nus-cs2103-AY2021S1\cs2103-website\schedule\week11\commentary-cs2103.mbdf
2020-07-09T12:31:30.355Z - info: Rebuilding 1 pages
2020-07-09T12:31:33.441Z - info: Pages rebuilt
2020-07-09T12:31:33.442Z - info: Website regeneration complete! Total build time: 3.099s
2020-07-09T12:31:33.450Z - info: Site data built
2020-07-09T12:32:56.294Z - info: [8:32:56 PM] Reload for file change: C:\repos\nus-cs2103-AY2021S1\cs2103-website\schedule\week11\commentary-cs2103.mbdf
2020-07-09T12:32:57.311Z - info: Rebuilding 1 pages
2020-07-09T12:33:00.587Z - info: Pages rebuilt
2020-07-09T12:33:00.587Z - info: Website regeneration complete! Total build time: 3.284s
2020-07-09T12:33:00.601Z - info: Site data built
2020-07-09T12:33:58.011Z - info: [8:33:58 PM] Reload for file change: C:\repos\nus-cs2103-AY2021S1\cs2103-website\schedule\week11\commentary-cs2103.mbdf
2020-07-09T12:33:59.027Z - info: Rebuilding 1 pages
2020-07-09T12:34:02.779Z - info: Pages rebuilt
2020-07-09T12:34:02.780Z - info: Website regeneration complete! Total build time: 3.761s
2020-07-09T12:34:02.811Z - info: Site data built
2020-07-09T12:37:40.723Z - info: [8:37:40 PM] Reload for file change: C:\repos\nus-cs2103-AY2021S1\cs2103-website\schedule\week11\commentary-cs2103.mbdf
2020-07-09T12:37:40.737Z - info: [8:37:40 PM] Reload for file change: C:\repos\nus-cs2103-AY2021S1\cs2103-website\_module-CS2103\weeklyTextbookTopics.mbdf
2020-07-09T12:37:41.739Z - info: Rebuilding 1 pages
2020-07-09T12:37:45.482Z - info: Pages rebuilt
2020-07-09T12:37:45.482Z - info: Website regeneration complete! Total build time: 3.751s
2020-07-09T12:37:45.490Z - info: Site data built
2020-07-09T12:38:18.386Z - info: [8:38:18 PM] Reload for file change: C:\repos\nus-cs2103-AY2021S1\cs2103-website\schedule\week11\commentary-cs2103.mbdf
2020-07-09T12:38:19.396Z - info: Rebuilding 1 pages
2020-07-09T12:38:22.625Z - info: Pages rebuilt
2020-07-09T12:38:22.626Z - info: Website regeneration complete! Total build time: 3.233s
2020-07-09T12:38:22.634Z - info: Site data built
2020-07-09T12:40:02.593Z - info: [8:40:02 PM] Reload for file change: C:\repos\nus-cs2103-AY2021S1\cs2103-website\schedule\week11\commentary-cs2103.mbdf
2020-07-09T12:40:03.607Z - info: Rebuilding 1 pages
2020-07-09T12:40:06.751Z - info: Pages rebuilt
2020-07-09T12:40:06.752Z - info: Website regeneration complete! Total build time: 3.149s
2020-07-09T12:40:06.775Z - info: Site data built
2020-07-09T12:42:37.999Z - info: [8:42:37 PM] Reload for file change: C:\repos\nus-cs2103-AY2021S1\cs2103-website\schedule\week11\commentary-cs2103.mbdf
2020-07-09T12:42:39.014Z - info: Rebuilding 1 pages
2020-07-09T12:42:42.717Z - info: Pages rebuilt
2020-07-09T12:42:42.717Z - info: Website regeneration complete! Total build time: 3.71s
2020-07-09T12:42:42.729Z - info: Site data built
2020-07-09T12:52:11.511Z - info: [8:52:11 PM] Reload for file change: C:\repos\nus-cs2103-AY2021S1\cs2103-website\schedule\week11\commentary-cs2103.mbdf
2020-07-09T12:52:12.527Z - info: Rebuilding 1 pages
2020-07-09T12:52:15.942Z - info: Pages rebuilt
2020-07-09T12:52:15.942Z - info: Website regeneration complete! Total build time: 3.425s
2020-07-09T12:52:15.969Z - info: Site data built
2020-07-09T12:53:41.818Z - info: [8:53:41 PM] Reload for file change: C:\repos\nus-cs2103-AY2021S1\cs2103-website\schedule\week11\commentary-cs2103.mbdf
2020-07-09T12:53:42.824Z - info: Rebuilding 1 pages
2020-07-09T12:53:46.212Z - info: Pages rebuilt
2020-07-09T12:53:46.212Z - info: Website regeneration complete! Total build time: 3.39s
2020-07-09T12:53:46.242Z - info: Site data built
2020-07-09T12:57:07.222Z - info: [8:57:07 PM] Reload for file change: C:\repos\nus-cs2103-AY2021S1\cs2103-website\schedule\week11\commentary-cs2103.mbdf
2020-07-09T12:57:07.235Z - info: [8:57:07 PM] Reload for file change: C:\repos\nus-cs2103-AY2021S1\cs2103-website\_module-CS2103\weeklyTextbookTopics.mbdf
2020-07-09T12:57:08.228Z - info: Rebuilding 1 pages
2020-07-09T12:57:11.537Z - info: Pages rebuilt
2020-07-09T12:57:11.538Z - info: Website regeneration complete! Total build time: 3.312s
2020-07-09T12:57:11.549Z - info: Site data built
2020-07-09T12:57:25.631Z - info: Website generation (lazy) started at 8:57:22 PM
2020-07-09T12:57:36.956Z - info: Building assets...
2020-07-09T12:57:43.829Z - info: Assets built
2020-07-09T12:57:43.830Z - info: Generating landing page...
2020-07-09T12:57:45.078Z - info: Landing page built, other pages will be built as you navigate to them!
2020-07-09T12:57:45.193Z - info: Website generation (lazy) complete! Total build time: 22.962s
2020-07-09T12:57:46.047Z - info: Serving "C:\repos\nus-cs2103-AY2021S1\cs2103-website\_site" at http://127.0.0.1:8080
2020-07-09T12:57:46.048Z - info: Press CTRL+C to stop ...
2020-07-09T12:57:46.106Z - info: Site data built
2020-07-09T13:20:52.883Z - info: Building C:\repos\nus-cs2103-AY2021S1\cs2103-website\schedule\week11\topics as some of its dependencies were changed since the last visit
2020-07-09T13:20:56.947Z - info: Site data built
2020-07-09T13:20:56.950Z - info: Lazy website regeneration complete! Total build time: 4.074s
2020-07-09T14:05:01.604Z - info: Website generation (lazy) started at 10:04:58 PM
2020-07-09T14:05:13.764Z - info: Building assets...
2020-07-09T14:05:20.384Z - info: Assets built
2020-07-09T14:05:20.385Z - info: Generating landing page...
2020-07-09T14:05:21.863Z - info: Landing page built, other pages will be built as you navigate to them!
2020-07-09T14:05:21.980Z - info: Website generation (lazy) complete! Total build time: 23.687s
2020-07-09T14:05:23.029Z - info: Serving "C:\repos\nus-cs2103-AY2021S1\cs2103-website\_site" at http://127.0.0.1:8080
2020-07-09T14:05:23.029Z - info: Press CTRL+C to stop ...
2020-07-09T14:05:23.100Z - info: Site data built
2020-07-09T14:20:17.402Z - info: Building C:\repos\nus-cs2103-AY2021S1\cs2103-website\schedule\week12\index as some of its dependencies were changed since the last visit
2020-07-09T14:20:18.409Z - info: Site data built
2020-07-09T14:20:18.410Z - info: Lazy website regeneration complete! Total build time: 1.012s
2020-07-09T14:21:12.392Z - info: Building C:\repos\nus-cs2103-AY2021S1\cs2103-website\schedule\week11\index as some of its dependencies were changed since the last visit
2020-07-09T14:21:13.534Z - info: Site data built
2020-07-09T14:21:13.535Z - info: Lazy website regeneration complete! Total build time: 1.144s
2020-07-09T14:21:18.364Z - info: Building C:\repos\nus-cs2103-AY2021S1\cs2103-website\schedule\week11\admin as some of its dependencies were changed since the last visit
2020-07-09T14:21:18.661Z - info: Site data built
2020-07-09T14:21:18.661Z - info: Lazy website regeneration complete! Total build time: 0.299s
2020-07-09T14:21:21.601Z - info: Building C:\repos\nus-cs2103-AY2021S1\cs2103-website\schedule\week11\topics as some of its dependencies were changed since the last visit
2020-07-09T14:21:24.528Z - info: Site data built
2020-07-09T14:21:24.529Z - info: Lazy website regeneration complete! Total build time: 2.928s
2020-07-09T14:26:18.302Z - info: Building C:\repos\nus-cs2103-AY2021S1\cs2103-website\schedule\week12\project as some of its dependencies were changed since the last visit
2020-07-09T14:26:20.362Z - info: Site data built
2020-07-09T14:26:20.365Z - info: Lazy website regeneration complete! Total build time: 2.067s
2020-07-09T14:28:34.756Z - info: Building C:\repos\nus-cs2103-AY2021S1\cs2103-website\schedule\week13\index as some of its dependencies were changed since the last visit
2020-07-09T14:28:35.574Z - info: Site data built
2020-07-09T14:28:35.575Z - info: Lazy website regeneration complete! Total build time: 0.821s
2020-07-09T14:34:51.789Z - info: Building C:\repos\nus-cs2103-AY2021S1\cs2103-website\schedule\week12\admin as some of its dependencies were changed since the last visit
2020-07-09T14:34:51.931Z - info: Site data built
2020-07-09T14:34:51.931Z - info: Lazy website regeneration complete! Total build time: 0.143s
2020-07-09T14:37:37.379Z - info: [10:37:37 PM] Reload for file change: C:\repos\nus-cs2103-AY2021S1\cs2103-website\schedule\index.md
2020-07-09T14:37:38.423Z - info: No pages needed to be rebuilt
2020-07-09T14:37:46.865Z - info: Website generation (lazy) started at 10:37:44 PM
2020-07-09T14:37:56.695Z - info: Building assets...
2020-07-09T14:38:03.092Z - info: Assets built
2020-07-09T14:38:03.093Z - info: Generating landing page...
2020-07-09T14:38:04.074Z - info: Landing page built, other pages will be built as you navigate to them!
2020-07-09T14:38:04.176Z - info: Website generation (lazy) complete! Total build time: 20.085s
2020-07-09T14:38:05.075Z - info: Serving "C:\repos\nus-cs2103-AY2021S1\cs2103-website\_site" at http://127.0.0.1:8080
2020-07-09T14:38:05.075Z - info: Press CTRL+C to stop ...
2020-07-09T14:38:05.160Z - info: Site data built
2020-07-09T14:38:17.207Z - info: Building C:\repos\nus-cs2103-AY2021S1\cs2103-website\schedule\week12\index as some of its dependencies were changed since the last visit
2020-07-09T14:38:18.797Z - info: Site data built
2020-07-09T14:38:18.798Z - info: Lazy website regeneration complete! Total build time: 1.592s
2020-07-09T14:38:26.542Z - info: [10:38:26 PM] Reload for file change: C:\repos\nus-cs2103-AY2021S1\cs2103-website\schedule\index.md
2020-07-09T14:38:27.548Z - info: No pages needed to be rebuilt
2020-07-09T14:39:03.928Z - info: Building C:\repos\nus-cs2103-AY2021S1\cs2103-website\schedule\week12\topics as some of its dependencies were changed since the last visit
2020-07-09T14:39:04.204Z - info: Site data built
2020-07-09T14:39:04.204Z - info: Lazy website regeneration complete! Total build time: 0.277s
2020-07-09T14:39:09.995Z - info: Building C:\repos\nus-cs2103-AY2021S1\cs2103-website\schedule\week12\admin as some of its dependencies were changed since the last visit
2020-07-09T14:39:10.256Z - info: Site data built
2020-07-09T14:39:10.256Z - info: Lazy website regeneration complete! Total build time: 0.262s
2020-07-09T14:40:29.845Z - info: [10:40:29 PM] Reload for file change: C:\repos\nus-cs2103-AY2021S1\cs2103-website\schedule\index.md
2020-07-09T14:40:30.852Z - info: No pages needed to be rebuilt
2020-07-09T14:40:45.442Z - info: Website generation (lazy) started at 10:40:42 PM
2020-07-09T14:40:54.695Z - info: Building assets...
2020-07-09T14:41:02.009Z - info: Assets built
2020-07-09T14:41:02.010Z - info: Generating landing page...
2020-07-09T14:41:03.414Z - info: Landing page built, other pages will be built as you navigate to them!
2020-07-09T14:41:03.505Z - info: Website generation (lazy) complete! Total build time: 20.509s
2020-07-09T14:41:04.433Z - info: Serving "C:\repos\nus-cs2103-AY2021S1\cs2103-website\_site" at http://127.0.0.1:8080
2020-07-09T14:41:04.433Z - info: Press CTRL+C to stop ...
2020-07-09T14:41:04.487Z - info: Site data built
2020-07-09T14:41:13.216Z - info: Building C:\repos\nus-cs2103-AY2021S1\cs2103-website\schedule\week12\index as some of its dependencies were changed since the last visit
2020-07-09T14:41:16.225Z - info: Site data built
2020-07-09T14:41:16.629Z - info: Lazy website regeneration complete! Total build time: 3.413s
2020-07-09T14:41:32.292Z - info: [10:41:32 PM] Reload for file change: C:\repos\nus-cs2103-AY2021S1\cs2103-website\schedule\index.md
2020-07-09T14:41:33.301Z - info: No pages needed to be rebuilt
2020-07-09T14:44:09.565Z - info: Website generation (lazy) started at 10:44:07 PM
2020-07-09T14:44:18.289Z - info: Building assets...
2020-07-09T14:44:24.291Z - info: Assets built
2020-07-09T14:44:24.292Z - info: Generating landing page...
2020-07-09T14:44:25.250Z - info: Landing page built, other pages will be built as you navigate to them!
2020-07-09T14:44:25.353Z - info: Website generation (lazy) complete! Total build time: 18.229s
2020-07-09T14:44:26.162Z - info: Serving "C:\repos\nus-cs2103-AY2021S1\cs2103-website\_site" at http://127.0.0.1:8080
2020-07-09T14:44:26.162Z - info: Press CTRL+C to stop ...
2020-07-09T14:44:26.223Z - info: Site data built
2020-07-09T14:45:07.232Z - info: Building C:\repos\nus-cs2103-AY2021S1\cs2103-website\schedule\week12\index as some of its dependencies were changed since the last visit
2020-07-09T14:45:07.698Z - info: Site data built
2020-07-09T14:45:07.699Z - info: Lazy website regeneration complete! Total build time: 0.47s
2020-07-09T14:45:17.881Z - info: [10:45:17 PM] Reload for file change: C:\repos\nus-cs2103-AY2021S1\cs2103-website\schedule\index.md
2020-07-09T14:45:18.884Z - info: No pages needed to be rebuilt
2020-07-09T14:45:56.953Z - info: [10:45:56 PM] Reload for file change: C:\repos\nus-cs2103-AY2021S1\cs2103-website\schedule\index.md
2020-07-09T14:45:57.956Z - info: No pages needed to be rebuilt
2020-07-09T14:46:08.492Z - info: Website generation (lazy) started at 10:46:05 PM
2020-07-09T14:46:17.258Z - info: Building assets...
2020-07-09T14:46:23.233Z - info: Assets built
2020-07-09T14:46:23.234Z - info: Generating landing page...
2020-07-09T14:46:24.185Z - info: Landing page built, other pages will be built as you navigate to them!
2020-07-09T14:46:24.286Z - info: Website generation (lazy) complete! Total build time: 18.85s
2020-07-09T14:46:25.105Z - info: Serving "C:\repos\nus-cs2103-AY2021S1\cs2103-website\_site" at http://127.0.0.1:8080
2020-07-09T14:46:25.105Z - info: Press CTRL+C to stop ...
2020-07-09T14:46:25.156Z - info: Site data built
2020-07-09T14:46:43.062Z - info: Building C:\repos\nus-cs2103-AY2021S1\cs2103-website\schedule\week12\index as some of its dependencies were changed since the last visit
2020-07-09T14:46:43.634Z - info: Site data built
2020-07-09T14:46:43.635Z - info: Lazy website regeneration complete! Total build time: 0.572s
2020-07-09T14:47:19.854Z - info: [10:47:19 PM] Reload for file change: C:\repos\nus-cs2103-AY2021S1\cs2103-website\schedule\index.md
2020-07-09T14:47:20.861Z - info: No pages needed to be rebuilt
2020-07-09T14:47:28.373Z - info: Website generation (lazy) started at 10:47:25 PM
2020-07-09T14:47:37.012Z - info: Building assets...
2020-07-09T14:47:42.770Z - info: Assets built
2020-07-09T14:47:42.771Z - info: Generating landing page...
2020-07-09T14:47:43.714Z - info: Landing page built, other pages will be built as you navigate to them!
2020-07-09T14:47:43.814Z - info: Website generation (lazy) complete! Total build time: 17.93s
2020-07-09T14:47:44.614Z - info: Serving "C:\repos\nus-cs2103-AY2021S1\cs2103-website\_site" at http://127.0.0.1:8080
2020-07-09T14:47:44.614Z - info: Press CTRL+C to stop ...
2020-07-09T14:47:44.674Z - info: Site data built
2020-07-09T14:48:06.031Z - info: Building C:\repos\nus-cs2103-AY2021S1\cs2103-website\schedule\week12\index as some of its dependencies were changed since the last visit
2020-07-09T14:48:06.367Z - info: Site data built
2020-07-09T14:48:06.368Z - info: Lazy website regeneration complete! Total build time: 0.338s
2020-07-09T14:48:19.413Z - info: [10:48:19 PM] Reload for file change: C:\repos\nus-cs2103-AY2021S1\cs2103-website\schedule\index.md
2020-07-09T14:48:20.417Z - info: No pages needed to be rebuilt
2020-07-09T14:48:39.283Z - info: [10:48:39 PM] Reload for file change: C:\repos\nus-cs2103-AY2021S1\cs2103-website\schedule\index.md
2020-07-09T14:48:40.286Z - info: No pages needed to be rebuilt
2020-07-09T14:48:47.451Z - info: Website generation (lazy) started at 10:48:44 PM
2020-07-09T14:48:56.460Z - info: Building assets...
2020-07-09T14:49:02.489Z - info: Assets built
2020-07-09T14:49:02.490Z - info: Generating landing page...
2020-07-09T14:49:03.411Z - info: Landing page built, other pages will be built as you navigate to them!
2020-07-09T14:49:03.512Z - info: Website generation (lazy) complete! Total build time: 18.527s
2020-07-09T14:49:04.315Z - info: Serving "C:\repos\nus-cs2103-AY2021S1\cs2103-website\_site" at http://127.0.0.1:8080
2020-07-09T14:49:04.315Z - info: Press CTRL+C to stop ...
2020-07-09T14:49:04.370Z - info: Site data built
2020-07-09T14:49:13.239Z - info: Building C:\repos\nus-cs2103-AY2021S1\cs2103-website\schedule\week12\index as some of its dependencies were changed since the last visit
2020-07-09T14:49:16.111Z - info: Site data built
2020-07-09T14:49:16.344Z - info: Lazy website regeneration complete! Total build time: 3.105s
2020-07-09T14:49:24.195Z - info: [10:49:24 PM] Reload for file change: C:\repos\nus-cs2103-AY2021S1\cs2103-website\schedule\index.md
2020-07-09T14:49:25.197Z - info: No pages needed to be rebuilt
2020-07-09T14:49:51.975Z - info: [10:49:51 PM] Reload for file change: C:\repos\nus-cs2103-AY2021S1\cs2103-website\schedule\index.md
2020-07-09T14:49:52.984Z - info: No pages needed to be rebuilt
2020-07-09T14:50:00.981Z - info: Website generation (lazy) started at 10:49:58 PM
2020-07-09T14:50:13.350Z - info: Building assets...
2020-07-09T14:50:23.120Z - info: Assets built
2020-07-09T14:50:23.121Z - info: Generating landing page...
2020-07-09T14:50:24.061Z - info: Landing page built, other pages will be built as you navigate to them!
2020-07-09T14:50:24.166Z - info: Website generation (lazy) complete! Total build time: 25.914s
2020-07-09T14:50:25.829Z - info: Serving "C:\repos\nus-cs2103-AY2021S1\cs2103-website\_site" at http://127.0.0.1:8080
2020-07-09T14:50:25.830Z - info: Press CTRL+C to stop ...
2020-07-09T14:50:25.944Z - info: Site data built
2020-07-09T14:50:38.127Z - info: Building C:\repos\nus-cs2103-AY2021S1\cs2103-website\schedule\week12\index as some of its dependencies were changed since the last visit
2020-07-09T14:50:39.457Z - info: Site data built
2020-07-09T14:50:39.468Z - info: Lazy website regeneration complete! Total build time: 1.341s
2020-07-09T14:51:00.038Z - info: [10:51:00 PM] Reload for file change: C:\repos\nus-cs2103-AY2021S1\cs2103-website\schedule\index.md
2020-07-09T14:51:01.065Z - info: No pages needed to be rebuilt
2020-07-09T14:54:01.501Z - info: [10:54:01 PM] Reload for file change: C:\repos\nus-cs2103-AY2021S1\cs2103-website\common\topics.njk
2020-07-09T14:54:02.554Z - info: Assets built
2020-07-09T14:54:11.144Z - info: Website generation (lazy) started at 10:54:08 PM
2020-07-09T14:54:25.397Z - info: Building assets...
2020-07-09T14:54:32.982Z - info: Assets built
2020-07-09T14:54:32.983Z - info: Generating landing page...
2020-07-09T14:54:33.960Z - info: Landing page built, other pages will be built as you navigate to them!
2020-07-09T14:54:34.062Z - info: Website generation (lazy) complete! Total build time: 25.732s
2020-07-09T14:54:35.657Z - info: Serving "C:\repos\nus-cs2103-AY2021S1\cs2103-website\_site" at http://127.0.0.1:8080
2020-07-09T14:54:35.658Z - info: Press CTRL+C to stop ...
2020-07-09T14:54:35.780Z - info: Site data built
2020-07-09T14:54:46.076Z - info: Building C:\repos\nus-cs2103-AY2021S1\cs2103-website\schedule\week12\index as some of its dependencies were changed since the last visit
2020-07-09T14:54:49.091Z - info: Site data built
2020-07-09T14:54:49.372Z - info: Lazy website regeneration complete! Total build time: 3.297s
2020-07-09T14:55:50.625Z - info: [10:55:50 PM] Reload for file change: C:\repos\nus-cs2103-AY2021S1\cs2103-website\common\topics.njk
2020-07-09T14:55:51.651Z - info: Assets built
2020-07-09T14:56:00.233Z - info: [10:56:00 PM] Reload for file change: C:\repos\nus-cs2103-AY2021S1\cs2103-website\common\topics.njk
2020-07-09T14:56:01.283Z - info: Assets built
2020-07-09T14:56:24.604Z - info: [10:56:24 PM] Reload for file change: C:\repos\nus-cs2103-AY2021S1\cs2103-website\common\topics.njk
2020-07-09T14:56:25.622Z - info: Assets built
2020-07-09T14:56:51.885Z - info: [10:56:51 PM] Reload for file change: C:\repos\nus-cs2103-AY2021S1\cs2103-website\common\topics.njk
2020-07-09T14:56:52.903Z - info: Assets built
2020-07-09T14:57:01.587Z - info: Website generation (lazy) started at 10:56:58 PM
2020-07-09T14:57:10.902Z - info: Building assets...
2020-07-09T14:57:20.085Z - info: Assets built
2020-07-09T14:57:20.086Z - info: Generating landing page...
2020-07-09T14:57:21.060Z - info: Landing page built, other pages will be built as you navigate to them!
2020-07-09T14:57:21.165Z - info: Website generation (lazy) complete! Total build time: 22.378s
2020-07-09T14:57:22.757Z - info: Serving "C:\repos\nus-cs2103-AY2021S1\cs2103-website\_site" at http://127.0.0.1:8080
2020-07-09T14:57:22.757Z - info: Press CTRL+C to stop ...
2020-07-09T14:57:22.845Z - info: Site data built
2020-07-09T14:58:00.748Z - info: Building C:\repos\nus-cs2103-AY2021S1\cs2103-website\schedule\week12\index as some of its dependencies were changed since the last visit
2020-07-09T14:58:01.309Z - info: Site data built
2020-07-09T14:58:01.309Z - info: Lazy website regeneration complete! Total build time: 0.562s
2020-07-09T14:58:19.987Z - info: [10:58:19 PM] Reload for file change: C:\repos\nus-cs2103-AY2021S1\cs2103-website\common\topics.njk
2020-07-09T14:58:21.043Z - info: Assets built
2020-07-09T14:58:36.158Z - info: Website generation (lazy) started at 10:58:32 PM
2020-07-09T14:58:53.953Z - info: Building assets...
2020-07-09T14:59:04.292Z - info: Assets built
2020-07-09T14:59:04.293Z - info: Generating landing page...
2020-07-09T14:59:05.206Z - info: Landing page built, other pages will be built as you navigate to them!
2020-07-09T14:59:05.313Z - info: Website generation (lazy) complete! Total build time: 32.587s
2020-07-09T14:59:07.173Z - info: Serving "C:\repos\nus-cs2103-AY2021S1\cs2103-website\_site" at http://127.0.0.1:8080
2020-07-09T14:59:07.174Z - info: Press CTRL+C to stop ...
2020-07-09T14:59:07.273Z - info: Site data built
2020-07-09T14:59:14.727Z - info: Building C:\repos\nus-cs2103-AY2021S1\cs2103-website\schedule\week12\index as some of its dependencies were changed since the last visit
2020-07-09T14:59:19.491Z - info: Site data built
2020-07-09T14:59:19.536Z - info: Lazy website regeneration complete! Total build time: 4.808s
2020-07-09T15:00:02.044Z - info: [11:00:02 PM] Reload for file change: C:\repos\nus-cs2103-AY2021S1\cs2103-website\common\topics.njk
2020-07-09T15:00:02.059Z - info: [11:00:02 PM] Reload for file change: C:\repos\nus-cs2103-AY2021S1\cs2103-website\schedule\index.md
2020-07-09T15:00:03.068Z - info: Assets built
2020-07-09T15:00:03.072Z - info: No pages needed to be rebuilt
2020-07-09T15:00:12.856Z - info: Website generation (lazy) started at 11:00:09 PM
2020-07-09T15:00:26.401Z - info: Building assets...
2020-07-09T15:00:35.043Z - info: Assets built
2020-07-09T15:00:35.044Z - info: Generating landing page...
2020-07-09T15:00:36.023Z - info: Landing page built, other pages will be built as you navigate to them!
2020-07-09T15:00:36.124Z - info: Website generation (lazy) complete! Total build time: 26.449s
2020-07-09T15:00:37.213Z - info: Serving "C:\repos\nus-cs2103-AY2021S1\cs2103-website\_site" at http://127.0.0.1:8080
2020-07-09T15:00:37.213Z - info: Press CTRL+C to stop ...
2020-07-09T15:00:37.274Z - info: Site data built
2020-07-09T15:00:57.730Z - info: Building C:\repos\nus-cs2103-AY2021S1\cs2103-website\schedule\week12\index as some of its dependencies were changed since the last visit
2020-07-09T15:00:58.250Z - info: Site data built
2020-07-09T15:00:58.251Z - info: Lazy website regeneration complete! Total build time: 0.522s
2020-07-09T15:01:16.595Z - info: [11:01:16 PM] Reload for file change: C:\repos\nus-cs2103-AY2021S1\cs2103-website\schedule\index.md
2020-07-09T15:01:17.599Z - info: No pages needed to be rebuilt
2020-07-09T15:02:20.502Z - info: [11:02:20 PM] Reload for file change: C:\repos\nus-cs2103-AY2021S1\cs2103-website\schedule\index.md
2020-07-09T15:02:21.521Z - info: No pages needed to be rebuilt
2020-07-09T15:02:32.030Z - info: Website generation (lazy) started at 11:02:28 PM
2020-07-09T15:02:43.276Z - info: Building assets...
2020-07-09T15:02:53.634Z - info: Assets built
2020-07-09T15:02:53.635Z - info: Generating landing page...
2020-07-09T15:02:54.680Z - info: Landing page built, other pages will be built as you navigate to them!
2020-07-09T15:02:54.773Z - info: Website generation (lazy) complete! Total build time: 26.111s
2020-07-09T15:02:56.599Z - info: Serving "C:\repos\nus-cs2103-AY2021S1\cs2103-website\_site" at http://127.0.0.1:8080
2020-07-09T15:02:56.600Z - info: Press CTRL+C to stop ...
2020-07-09T15:02:56.733Z - info: Site data built
2020-07-09T15:03:14.959Z - info: Building C:\repos\nus-cs2103-AY2021S1\cs2103-website\schedule\week12\index as some of its dependencies were changed since the last visit
2020-07-09T15:03:15.491Z - info: Site data built
2020-07-09T15:03:15.491Z - info: Lazy website regeneration complete! Total build time: 0.533s
2020-07-09T15:04:11.838Z - info: Website generation (lazy) started at 11:04:08 PM
2020-07-09T15:04:25.910Z - info: Building assets...
2020-07-09T15:04:35.892Z - info: Assets built
2020-07-09T15:04:35.893Z - info: Generating landing page...
2020-07-09T15:04:36.797Z - info: Landing page built, other pages will be built as you navigate to them!
2020-07-09T15:04:36.898Z - info: Website generation (lazy) complete! Total build time: 28.314s
2020-07-09T15:04:38.089Z - info: Serving "C:\repos\nus-cs2103-AY2021S1\cs2103-website\_site" at http://127.0.0.1:8080
2020-07-09T15:04:38.090Z - info: Press CTRL+C to stop ...
2020-07-09T15:04:38.212Z - info: Site data built
2020-07-09T15:05:18.276Z - info: Building C:\repos\nus-cs2103-AY2021S1\cs2103-website\schedule\week12\index as some of its dependencies were changed since the last visit
2020-07-09T15:05:19.142Z - info: Site data built
2020-07-09T15:05:19.143Z - info: Lazy website regeneration complete! Total build time: 0.881s
2020-07-09T15:05:28.829Z - info: [11:05:28 PM] Reload for file change: C:\repos\nus-cs2103-AY2021S1\cs2103-website\schedule\index.md
2020-07-09T15:05:29.836Z - info: No pages needed to be rebuilt
2020-07-09T15:06:22.331Z - info: [11:06:22 PM] Reload for file change: C:\repos\nus-cs2103-AY2021S1\cs2103-website\schedule\index.md
2020-07-09T15:06:23.348Z - info: No pages needed to be rebuilt
2020-07-09T15:06:35.324Z - info: Website generation (lazy) started at 11:06:32 PM
2020-07-09T15:06:46.482Z - info: Building assets...
2020-07-09T15:06:52.546Z - info: Assets built
2020-07-09T15:06:52.548Z - info: Generating landing page...
2020-07-09T15:06:53.526Z - info: Landing page built, other pages will be built as you navigate to them!
2020-07-09T15:06:53.618Z - info: Website generation (lazy) complete! Total build time: 21.552s
2020-07-09T15:06:54.862Z - info: Serving "C:\repos\nus-cs2103-AY2021S1\cs2103-website\_site" at http://127.0.0.1:8080
2020-07-09T15:06:54.863Z - info: Press CTRL+C to stop ...
2020-07-09T15:06:54.965Z - info: Site data built
2020-07-09T15:07:42.506Z - info: Building C:\repos\nus-cs2103-AY2021S1\cs2103-website\schedule\week12\index as some of its dependencies were changed since the last visit
2020-07-09T15:07:43.400Z - info: Site data built
2020-07-09T15:07:43.401Z - info: Lazy website regeneration complete! Total build time: 0.907s
2020-07-09T15:08:17.422Z - info: [11:08:17 PM] Reload for file change: C:\repos\nus-cs2103-AY2021S1\cs2103-website\schedule\index.md
2020-07-09T15:08:18.434Z - info: No pages needed to be rebuilt
2020-07-09T15:08:26.909Z - info: Building C:\repos\nus-cs2103-AY2021S1\cs2103-website\schedule\week11\index as some of its dependencies were changed since the last visit
2020-07-09T15:08:27.672Z - info: Site data built
2020-07-09T15:08:27.673Z - info: Lazy website regeneration complete! Total build time: 0.765s
2020-07-09T15:09:03.014Z - info: Building C:\repos\nus-cs2103-AY2021S1\cs2103-website\schedule\week11\topics as some of its dependencies were changed since the last visit
2020-07-09T15:09:03.738Z - info: Site data built
2020-07-09T15:09:03.738Z - info: Lazy website regeneration complete! Total build time: 0.725s
2020-07-09T15:10:27.648Z - info: [11:10:27 PM] Reload for file change: C:\repos\nus-cs2103-AY2021S1\cs2103-website\common\topics.njk
2020-07-09T15:10:28.735Z - info: Assets built
2020-07-09T15:10:36.827Z - info: [11:10:36 PM] Reload for file change: C:\repos\nus-cs2103-AY2021S1\cs2103-website\schedule\index.md
2020-07-09T15:10:37.839Z - info: No pages needed to be rebuilt
2020-07-09T15:10:47.019Z - info: Website generation (lazy) started at 11:10:44 PM
2020-07-09T15:10:56.226Z - info: Building assets...
2020-07-09T15:11:02.579Z - info: Assets built
2020-07-09T15:11:02.580Z - info: Generating landing page...
2020-07-09T15:11:03.488Z - info: Landing page built, other pages will be built as you navigate to them!
2020-07-09T15:11:03.580Z - info: Website generation (lazy) complete! Total build time: 19.374s
2020-07-09T15:11:04.399Z - info: Serving "C:\repos\nus-cs2103-AY2021S1\cs2103-website\_site" at http://127.0.0.1:8080
2020-07-09T15:11:04.399Z - info: Press CTRL+C to stop ...
2020-07-09T15:11:04.462Z - info: Site data built
2020-07-09T15:11:21.185Z - info: Building C:\repos\nus-cs2103-AY2021S1\cs2103-website\schedule\week11\topics as some of its dependencies were changed since the last visit
2020-07-09T15:11:24.551Z - info: Site data built
2020-07-09T15:11:24.552Z - info: Lazy website regeneration complete! Total build time: 3.368s
2020-07-09T15:11:35.456Z - info: Building C:\repos\nus-cs2103-AY2021S1\cs2103-website\schedule\week12\index as some of its dependencies were changed since the last visit
2020-07-09T15:11:35.826Z - info: Site data built
2020-07-09T15:11:35.827Z - info: Lazy website regeneration complete! Total build time: 0.37s
2020-07-09T15:12:38.249Z - info: Building C:\repos\nus-cs2103-AY2021S1\cs2103-website\schedule\week12\topics as some of its dependencies were changed since the last visit
2020-07-09T15:12:38.531Z - info: Site data built
2020-07-09T15:12:38.532Z - info: Lazy website regeneration complete! Total build time: 0.284s
2020-07-09T15:12:46.416Z - info: Building C:\repos\nus-cs2103-AY2021S1\cs2103-website\schedule\week11\index as some of its dependencies were changed since the last visit
2020-07-09T15:12:47.139Z - info: Site data built
2020-07-09T15:12:47.140Z - info: Lazy website regeneration complete! Total build time: 0.723s
2020-07-09T15:14:53.909Z - info: [11:14:53 PM] Reload for file change: C:\repos\nus-cs2103-AY2021S1\cs2103-website\schedule\index.md
2020-07-09T15:14:54.918Z - info: No pages needed to be rebuilt
2020-07-09T15:15:13.733Z - info: Website generation (lazy) started at 11:15:10 PM
2020-07-09T15:15:28.619Z - info: Building assets...
2020-07-09T15:15:40.656Z - info: Assets built
2020-07-09T15:15:40.657Z - info: Generating landing page...
2020-07-09T15:15:41.612Z - info: Landing page built, other pages will be built as you navigate to them!
2020-07-09T15:15:41.718Z - info: Website generation (lazy) complete! Total build time: 31.517s
2020-07-09T15:15:43.048Z - info: Serving "C:\repos\nus-cs2103-AY2021S1\cs2103-website\_site" at http://127.0.0.1:8080
2020-07-09T15:15:43.050Z - info: Press CTRL+C to stop ...
2020-07-09T15:15:43.131Z - info: Site data built
2020-07-09T15:15:55.202Z - info: Building C:\repos\nus-cs2103-AY2021S1\cs2103-website\schedule\week12\index as some of its dependencies were changed since the last visit
2020-07-09T15:15:56.956Z - info: Site data built
2020-07-09T15:15:56.973Z - info: Lazy website regeneration complete! Total build time: 1.772s
2020-07-09T15:16:20.657Z - info: Building C:\repos\nus-cs2103-AY2021S1\cs2103-website\schedule\week12\topics as some of its dependencies were changed since the last visit
2020-07-09T15:16:20.920Z - info: Site data built
2020-07-09T15:16:20.921Z - info: Lazy website regeneration complete! Total build time: 0.265s
2020-07-09T15:20:02.923Z - info: Building C:\repos\nus-cs2103-AY2021S1\cs2103-website\schedule\week13\index as some of its dependencies were changed since the last visit
2020-07-09T15:20:03.784Z - info: Site data built
2020-07-09T15:20:03.785Z - info: Lazy website regeneration complete! Total build time: 0.863s
2020-07-09T15:22:23.684Z - info: [11:22:23 PM] Reload for file change: C:\repos\nus-cs2103-AY2021S1\cs2103-website\common\topics.njk
2020-07-09T15:22:24.725Z - info: Assets built
2020-07-09T15:22:33.142Z - info: Website generation (lazy) started at 11:22:30 PM
2020-07-09T15:22:43.537Z - info: Building assets...
2020-07-09T15:22:50.915Z - info: Assets built
2020-07-09T15:22:50.916Z - info: Generating landing page...
2020-07-09T15:22:52.631Z - info: Landing page built, other pages will be built as you navigate to them!
2020-07-09T15:22:52.786Z - info: Website generation (lazy) complete! Total build time: 22.252s
2020-07-09T15:22:54.163Z - info: Serving "C:\repos\nus-cs2103-AY2021S1\cs2103-website\_site" at http://127.0.0.1:8080
2020-07-09T15:22:54.163Z - info: Press CTRL+C to stop ...
2020-07-09T15:22:54.243Z - info: Site data built
2020-07-09T15:23:37.442Z - info: Building C:\repos\nus-cs2103-AY2021S1\cs2103-website\schedule\week13\index as some of its dependencies were changed since the last visit
2020-07-09T15:23:38.437Z - info: Site data built
2020-07-09T15:23:38.437Z - info: Lazy website regeneration complete! Total build time: 1.003s
2020-07-09T15:25:34.426Z - info: [11:25:34 PM] Reload for file change: C:\repos\nus-cs2103-AY2021S1\cs2103-website\common\topics.njk
2020-07-09T15:25:35.503Z - info: Assets built
2020-07-09T15:25:46.523Z - info: Website generation (lazy) started at 11:25:43 PM
2020-07-09T15:26:02.806Z - info: Building assets...
2020-07-09T15:26:13.762Z - info: Assets built
2020-07-09T15:26:13.763Z - info: Generating landing page...
2020-07-09T15:26:14.810Z - info: Landing page built, other pages will be built as you navigate to them!
2020-07-09T15:26:14.935Z - info: Website generation (lazy) complete! Total build time: 31.679s
2020-07-09T15:26:16.436Z - info: Serving "C:\repos\nus-cs2103-AY2021S1\cs2103-website\_site" at http://127.0.0.1:8080
2020-07-09T15:26:16.437Z - info: Press CTRL+C to stop ...
2020-07-09T15:26:16.498Z - info: Site data built
2020-07-09T15:26:29.763Z - info: Building C:\repos\nus-cs2103-AY2021S1\cs2103-website\schedule\week13\index as some of its dependencies were changed since the last visit
2020-07-09T15:26:30.724Z - info: Site data built
2020-07-09T15:26:30.826Z - info: Lazy website regeneration complete! Total build time: 1.063s
2020-07-09T15:27:01.396Z - info: [11:27:01 PM] Reload for file change: C:\repos\nus-cs2103-AY2021S1\cs2103-website\common\topics.njk
2020-07-09T15:27:02.415Z - info: Assets built
2020-07-09T15:27:33.481Z - info: Website generation (lazy) started at 11:27:30 PM
2020-07-09T15:27:48.606Z - info: Building assets...
2020-07-09T15:27:54.977Z - info: Assets built
2020-07-09T15:27:54.978Z - info: Generating landing page...
2020-07-09T15:27:56.095Z - info: Landing page built, other pages will be built as you navigate to them!
2020-07-09T15:27:56.189Z - info: Website generation (lazy) complete! Total build time: 25.27s
2020-07-09T15:27:57.240Z - info: Serving "C:\repos\nus-cs2103-AY2021S1\cs2103-website\_site" at http://127.0.0.1:8080
2020-07-09T15:27:57.241Z - info: Press CTRL+C to stop ...
2020-07-09T15:27:57.307Z - info: Site data built
2020-07-09T15:28:10.618Z - info: Building C:\repos\nus-cs2103-AY2021S1\cs2103-website\schedule\week13\index as some of its dependencies were changed since the last visit
2020-07-09T15:28:12.897Z - info: Site data built
2020-07-09T15:28:12.901Z - info: Lazy website regeneration complete! Total build time: 2.283s
2020-07-09T15:28:29.801Z - info: [11:28:29 PM] Reload for file change: C:\repos\nus-cs2103-AY2021S1\cs2103-website\schedule\index.md
2020-07-09T15:28:30.814Z - info: No pages needed to be rebuilt
2020-07-09T15:28:40.631Z - info: [11:28:40 PM] Reload for file change: C:\repos\nus-cs2103-AY2021S1\cs2103-website\schedule\index.md
2020-07-09T15:28:41.640Z - info: No pages needed to be rebuilt
2020-07-09T15:28:51.978Z - info: Website generation (lazy) started at 11:28:49 PM
2020-07-09T15:29:12.355Z - info: Building assets...
2020-07-09T15:29:19.615Z - info: Assets built
2020-07-09T15:29:19.616Z - info: Generating landing page...
2020-07-09T15:29:21.255Z - info: Landing page built, other pages will be built as you navigate to them!
2020-07-09T15:29:21.380Z - info: Website generation (lazy) complete! Total build time: 32.191s
2020-07-09T15:29:22.636Z - info: Serving "C:\repos\nus-cs2103-AY2021S1\cs2103-website\_site" at http://127.0.0.1:8080
2020-07-09T15:29:22.636Z - info: Press CTRL+C to stop ...
2020-07-09T15:29:22.714Z - info: Site data built
2020-07-09T15:29:30.718Z - info: Building C:\repos\nus-cs2103-AY2021S1\cs2103-website\schedule\week13\index as some of its dependencies were changed since the last visit
2020-07-09T15:29:36.413Z - info: Site data built
2020-07-09T15:29:36.541Z - info: Lazy website regeneration complete! Total build time: 5.822s
2020-07-09T15:31:18.283Z - info: [11:31:18 PM] Reload for file change: C:\repos\nus-cs2103-AY2021S1\cs2103-website\schedule\index.md
2020-07-09T15:31:19.305Z - info: No pages needed to be rebuilt
2020-07-09T15:31:28.884Z - info: Website generation (lazy) started at 11:31:25 PM
2020-07-09T15:31:38.346Z - info: Building assets...
2020-07-09T15:31:45.077Z - info: Assets built
2020-07-09T15:31:45.078Z - info: Generating landing page...
2020-07-09T15:31:46.489Z - info: Landing page built, other pages will be built as you navigate to them!
2020-07-09T15:31:46.615Z - info: Website generation (lazy) complete! Total build time: 20.96s
2020-07-09T15:31:47.631Z - info: Serving "C:\repos\nus-cs2103-AY2021S1\cs2103-website\_site" at http://127.0.0.1:8080
2020-07-09T15:31:47.631Z - info: Press CTRL+C to stop ...
2020-07-09T15:31:47.683Z - info: Site data built
2020-07-09T15:32:17.422Z - info: Building C:\repos\nus-cs2103-AY2021S1\cs2103-website\schedule\week13\index as some of its dependencies were changed since the last visit
2020-07-09T15:32:18.057Z - info: Site data built
2020-07-09T15:32:18.057Z - info: Lazy website regeneration complete! Total build time: 0.635s
2020-07-09T15:32:36.147Z - info: [11:32:36 PM] Reload for file change: C:\repos\nus-cs2103-AY2021S1\cs2103-website\schedule\index.md
2020-07-09T15:32:37.151Z - info: No pages needed to be rebuilt
2020-07-09T15:33:03.573Z - info: [11:33:03 PM] Reload for file change: C:\repos\nus-cs2103-AY2021S1\cs2103-website\schedule\index.md
2020-07-09T15:33:04.581Z - info: No pages needed to be rebuilt
2020-07-09T15:33:20.700Z - info: Website generation (lazy) started at 11:33:17 PM
2020-07-09T15:33:30.641Z - info: Building assets...
2020-07-09T15:33:36.549Z - info: Assets built
2020-07-09T15:33:36.550Z - info: Generating landing page...
2020-07-09T15:33:37.493Z - info: Landing page built, other pages will be built as you navigate to them!
2020-07-09T15:33:37.590Z - info: Website generation (lazy) complete! Total build time: 20.051s
2020-07-09T15:33:38.530Z - info: Serving "C:\repos\nus-cs2103-AY2021S1\cs2103-website\_site" at http://127.0.0.1:8080
2020-07-09T15:33:38.531Z - info: Press CTRL+C to stop ...
2020-07-09T15:33:38.588Z - info: Site data built
2020-07-09T15:33:56.369Z - info: Building C:\repos\nus-cs2103-AY2021S1\cs2103-website\schedule\week13\index as some of its dependencies were changed since the last visit
2020-07-09T15:33:57.102Z - info: Site data built
2020-07-09T15:33:57.102Z - info: Lazy website regeneration complete! Total build time: 0.734s
2020-07-09T15:34:19.505Z - info: [11:34:19 PM] Reload for file change: C:\repos\nus-cs2103-AY2021S1\cs2103-website\schedule\index.md
2020-07-09T15:34:20.514Z - info: No pages needed to be rebuilt
2020-07-09T15:34:30.636Z - info: Website generation (lazy) started at 11:34:27 PM
2020-07-09T15:34:41.478Z - info: Building assets...
2020-07-09T15:34:47.575Z - info: Assets built
2020-07-09T15:34:47.576Z - info: Generating landing page...
2020-07-09T15:34:48.505Z - info: Landing page built, other pages will be built as you navigate to them!
2020-07-09T15:34:48.618Z - info: Website generation (lazy) complete! Total build time: 20.776s
2020-07-09T15:34:50.210Z - info: Serving "C:\repos\nus-cs2103-AY2021S1\cs2103-website\_site" at http://127.0.0.1:8080
2020-07-09T15:34:50.210Z - info: Press CTRL+C to stop ...
2020-07-09T15:34:50.292Z - info: Site data built
2020-07-09T15:35:07.050Z - info: Building C:\repos\nus-cs2103-AY2021S1\cs2103-website\schedule\week13\index as some of its dependencies were changed since the last visit
2020-07-09T15:35:07.682Z - info: Site data built
2020-07-09T15:35:07.682Z - info: Lazy website regeneration complete! Total build time: 0.632s
2020-07-09T15:35:25.057Z - info: [11:35:25 PM] Reload for file change: C:\repos\nus-cs2103-AY2021S1\cs2103-website\schedule\index.md
2020-07-09T15:35:26.063Z - info: No pages needed to be rebuilt
2020-07-09T15:35:36.849Z - info: [11:35:36 PM] Reload for file change: C:\repos\nus-cs2103-AY2021S1\cs2103-website\common\topics.njk
2020-07-09T15:35:37.903Z - info: Assets built
2020-07-09T15:36:00.951Z - info: [11:36:00 PM] Reload for file change: C:\repos\nus-cs2103-AY2021S1\cs2103-website\schedule\index.md
2020-07-09T15:36:01.962Z - info: No pages needed to be rebuilt
2020-07-09T15:36:13.650Z - info: Website generation (lazy) started at 11:36:10 PM
2020-07-09T15:36:30.827Z - info: Building assets...
2020-07-09T15:36:41.086Z - info: Assets built
2020-07-09T15:36:41.087Z - info: Generating landing page...
2020-07-09T15:36:41.991Z - info: Landing page built, other pages will be built as you navigate to them!
2020-07-09T15:36:42.107Z - info: Website generation (lazy) complete! Total build time: 31.671s
2020-07-09T15:36:43.832Z - info: Serving "C:\repos\nus-cs2103-AY2021S1\cs2103-website\_site" at http://127.0.0.1:8080
2020-07-09T15:36:43.833Z - info: Press CTRL+C to stop ...
2020-07-09T15:36:43.907Z - info: Site data built
2020-07-09T15:37:22.195Z - info: Building C:\repos\nus-cs2103-AY2021S1\cs2103-website\schedule\week13\index as some of its dependencies were changed since the last visit
2020-07-09T15:37:23.074Z - info: Site data built
2020-07-09T15:37:23.074Z - info: Lazy website regeneration complete! Total build time: 0.88s
2020-07-09T15:37:47.291Z - info: Building C:\repos\nus-cs2103-AY2021S1\cs2103-website\schedule\week10\index as some of its dependencies were changed since the last visit
2020-07-09T15:37:48.164Z - info: Site data built
2020-07-09T15:37:48.164Z - info: Lazy website regeneration complete! Total build time: 0.873s
2020-07-09T15:38:13.736Z - info: Building C:\repos\nus-cs2103-AY2021S1\cs2103-website\schedule\week11\index as some of its dependencies were changed since the last visit
2020-07-09T15:38:15.176Z - info: Site data built
2020-07-09T15:38:15.177Z - info: Lazy website regeneration complete! Total build time: 1.445s
2020-07-09T15:38:22.180Z - info: Building C:\repos\nus-cs2103-AY2021S1\cs2103-website\schedule\week12\index as some of its dependencies were changed since the last visit
2020-07-09T15:38:22.579Z - info: Site data built
2020-07-09T15:38:22.580Z - info: Lazy website regeneration complete! Total build time: 0.401s
2020-07-09T15:39:07.352Z - info: [11:39:07 PM] Reload for file change: C:\repos\nus-cs2103-AY2021S1\cs2103-website\schedule\index.md
2020-07-09T15:39:08.371Z - info: No pages needed to be rebuilt
2020-07-09T15:39:21.565Z - info: Website generation (lazy) started at 11:39:18 PM
2020-07-09T15:39:40.318Z - info: Building assets...
2020-07-09T15:39:51.034Z - info: Assets built
2020-07-09T15:39:51.035Z - info: Generating landing page...
2020-07-09T15:39:51.953Z - info: Landing page built, other pages will be built as you navigate to them!
2020-07-09T15:39:52.061Z - info: Website generation (lazy) complete! Total build time: 33.805s
2020-07-09T15:39:53.893Z - info: Serving "C:\repos\nus-cs2103-AY2021S1\cs2103-website\_site" at http://127.0.0.1:8080
2020-07-09T15:39:53.894Z - info: Press CTRL+C to stop ...
2020-07-09T15:39:53.970Z - info: Site data built
2020-07-09T15:40:35.076Z - info: Building C:\repos\nus-cs2103-AY2021S1\cs2103-website\schedule\week12\index as some of its dependencies were changed since the last visit
2020-07-09T15:40:35.785Z - info: Site data built
2020-07-09T15:40:35.786Z - info: Lazy website regeneration complete! Total build time: 0.711s
2020-07-09T15:41:09.829Z - info: [11:41:09 PM] Reload for file change: C:\repos\nus-cs2103-AY2021S1\cs2103-website\schedule\index.md
2020-07-09T15:41:10.833Z - info: No pages needed to be rebuilt
2020-07-09T15:41:25.200Z - info: [11:41:25 PM] Reload for file change: C:\repos\nus-cs2103-AY2021S1\cs2103-website\schedule\index.md
2020-07-09T15:41:26.213Z - info: No pages needed to be rebuilt
2020-07-09T15:41:40.402Z - info: Website generation (lazy) started at 11:41:37 PM
2020-07-09T15:41:58.388Z - info: Building assets...
2020-07-09T15:42:05.561Z - info: Assets built
2020-07-09T15:42:05.563Z - info: Generating landing page...
2020-07-09T15:42:06.909Z - info: Landing page built, other pages will be built as you navigate to them!
2020-07-09T15:42:07.004Z - info: Website generation (lazy) complete! Total build time: 29.91s
2020-07-09T15:42:08.113Z - info: Serving "C:\repos\nus-cs2103-AY2021S1\cs2103-website\_site" at http://127.0.0.1:8080
2020-07-09T15:42:08.114Z - info: Press CTRL+C to stop ...
2020-07-09T15:42:08.174Z - info: Site data built
2020-07-09T15:42:54.229Z - info: Building C:\repos\nus-cs2103-AY2021S1\cs2103-website\schedule\week12\index as some of its dependencies were changed since the last visit
2020-07-09T15:42:55.159Z - info: Site data built
2020-07-09T15:42:55.160Z - info: Lazy website regeneration complete! Total build time: 0.932s
2020-07-09T15:43:27.622Z - info: Building C:\repos\nus-cs2103-AY2021S1\cs2103-website\schedule\week11\index as some of its dependencies were changed since the last visit
2020-07-09T15:43:29.010Z - info: Site data built
2020-07-09T15:43:29.011Z - info: Lazy website regeneration complete! Total build time: 1.389s
2020-07-09T15:43:59.177Z - info: [11:43:59 PM] Reload for file change: C:\repos\nus-cs2103-AY2021S1\cs2103-website\schedule\index.md
2020-07-09T15:44:00.197Z - info: No pages needed to be rebuilt
2020-07-09T15:44:27.581Z - info: [11:44:27 PM] Reload for file change: C:\repos\nus-cs2103-AY2021S1\cs2103-website\schedule\index.md
2020-07-09T15:44:28.601Z - info: No pages needed to be rebuilt
2020-07-09T15:44:38.657Z - info: Website generation (lazy) started at 11:44:35 PM
2020-07-09T15:44:49.026Z - info: Building assets...
2020-07-09T15:44:56.492Z - info: Assets built
2020-07-09T15:44:56.494Z - info: Generating landing page...
2020-07-09T15:44:57.455Z - info: Landing page built, other pages will be built as you navigate to them!
2020-07-09T15:44:57.569Z - info: Website generation (lazy) complete! Total build time: 21.628s
2020-07-09T15:44:59.257Z - info: Serving "C:\repos\nus-cs2103-AY2021S1\cs2103-website\_site" at http://127.0.0.1:8080
2020-07-09T15:44:59.258Z - info: Press CTRL+C to stop ...
2020-07-09T15:44:59.371Z - info: Site data built
2020-07-09T15:45:19.564Z - info: Building C:\repos\nus-cs2103-AY2021S1\cs2103-website\schedule\week11\index as some of its dependencies were changed since the last visit
2020-07-09T15:45:20.836Z - info: Site data built
2020-07-09T15:45:20.837Z - info: Lazy website regeneration complete! Total build time: 1.28s
2020-07-09T15:46:34.417Z - info: [11:46:34 PM] Reload for file change: C:\repos\nus-cs2103-AY2021S1\cs2103-website\schedule\index.md
2020-07-09T15:46:35.430Z - info: No pages needed to be rebuilt
2020-07-09T15:46:45.491Z - info: Website generation (lazy) started at 11:46:42 PM
2020-07-09T15:46:54.803Z - info: Building assets...
2020-07-09T15:47:01.799Z - info: Assets built
2020-07-09T15:47:01.800Z - info: Generating landing page...
2020-07-09T15:47:02.862Z - info: Landing page built, other pages will be built as you navigate to them!
2020-07-09T15:47:03.010Z - info: Website generation (lazy) complete! Total build time: 20.52s
2020-07-09T15:47:05.030Z - info: Serving "C:\repos\nus-cs2103-AY2021S1\cs2103-website\_site" at http://127.0.0.1:8080
2020-07-09T15:47:05.030Z - info: Press CTRL+C to stop ...
2020-07-09T15:47:05.094Z - info: Site data built
2020-07-09T15:47:18.071Z - info: Building C:\repos\nus-cs2103-AY2021S1\cs2103-website\schedule\week11\index as some of its dependencies were changed since the last visit
2020-07-09T15:47:20.254Z - info: Site data built
2020-07-09T15:47:20.255Z - info: Lazy website regeneration complete! Total build time: 2.184s
2020-07-09T15:47:29.305Z - info: Building C:\repos\nus-cs2103-AY2021S1\cs2103-website\schedule\week12\index as some of its dependencies were changed since the last visit
2020-07-09T15:47:29.679Z - info: Site data built
2020-07-09T15:47:29.679Z - info: Lazy website regeneration complete! Total build time: 0.375s
2020-07-09T15:47:38.318Z - info: Building C:\repos\nus-cs2103-AY2021S1\cs2103-website\schedule\week12\admin as some of its dependencies were changed since the last visit
2020-07-09T15:47:38.500Z - info: Site data built
2020-07-09T15:47:38.500Z - info: Lazy website regeneration complete! Total build time: 0.183s
2020-07-09T15:47:48.078Z - info: Building C:\repos\nus-cs2103-AY2021S1\cs2103-website\schedule\week12\topics as some of its dependencies were changed since the last visit
2020-07-09T15:47:48.536Z - info: Site data built
2020-07-09T15:47:48.537Z - info: Lazy website regeneration complete! Total build time: 0.458s
2020-07-09T15:47:54.172Z - info: Building C:\repos\nus-cs2103-AY2021S1\cs2103-website\schedule\week12\project as some of its dependencies were changed since the last visit
2020-07-09T15:47:55.318Z - info: Site data built
2020-07-09T15:47:55.318Z - info: Lazy website regeneration complete! Total build time: 1.146s
2020-07-09T15:53:31.390Z - info: [11:53:31 PM] Reload for file change: C:\repos\nus-cs2103-AY2021S1\cs2103-website\admin\tp-tasks.mbdf
2020-07-09T15:53:32.414Z - info: No pages needed to be rebuilt
2020-07-09T15:59:39.787Z - info: [11:59:39 PM] Reload for file change: C:\repos\nus-cs2103-AY2021S1\cs2103-website\admin\tp-grading.md
2020-07-09T15:59:40.803Z - info: No pages needed to be rebuilt
2020-07-09T15:59:59.386Z - info: Building C:\repos\nus-cs2103-AY2021S1\cs2103-website\schedule\week12\project as some of its dependencies were changed since the last visit
