2020-07-31T16:17:48.147Z - info: [12:17:48 AM] Reload for file change: C:\repos\nus-cs2103-AY2021S1\cs2103-website\book\cppToJava\controlFlow\methods\text.md
2020-07-31T16:17:48.167Z - info: [12:17:48 AM] Reload for file change: C:\repos\nus-cs2103-AY2021S1\cs2103-website\book\cppToJava\dataTypes\operators\text.md
2020-07-31T16:17:48.175Z - info: [12:17:48 AM] Reload for file change: C:\repos\nus-cs2103-AY2021S1\cs2103-website\book\cppToJava\controlFlow\loops\text.md
2020-07-31T16:17:48.177Z - info: [12:17:48 AM] Reload for file change: C:\repos\nus-cs2103-AY2021S1\cs2103-website\book\cppToJava\dataTypes\primitiveTypes\text.md
2020-07-31T16:17:48.178Z - info: [12:17:48 AM] Reload for file change: C:\repos\nus-cs2103-AY2021S1\cs2103-website\book\cppToJava\dataTypes\variables\text.md
2020-07-31T16:17:49.276Z - info: No pages needed to be rebuilt
2020-07-31T16:22:29.335Z - info: Website generation started at 12:22:26 AM
2020-07-31T16:22:38.096Z - info: Building assets...
2020-07-31T16:22:43.526Z - info: Assets built
2020-07-31T16:22:43.527Z - info: Generating pages...
2020-07-31T16:22:56.904Z - debug: The process cannot access the file because it is being used by another process.

2020-07-31T16:22:56.905Z - debug: The process cannot access the file because it is being used by another process.

2020-07-31T16:23:01.168Z - debug:  
2020-07-31T16:23:01.171Z - debug:  
2020-07-31T16:23:01.176Z - debug:  
2020-07-31T16:23:01.176Z - debug:  
2020-07-31T16:23:01.352Z - debug:  
2020-07-31T16:23:01.713Z - debug:  
2020-07-31T16:23:02.135Z - debug:  
2020-07-31T16:23:09.693Z - debug:  
2020-07-31T16:23:09.698Z - debug:  
2020-07-31T16:23:12.487Z - debug: The process cannot access the file because it is being used by another process.

2020-07-31T16:23:12.487Z - debug: The process cannot access the file because it is being used by another process.

2020-07-31T16:23:12.488Z - debug:  
2020-07-31T16:23:12.488Z - debug:  
2020-07-31T16:23:12.488Z - debug:  
2020-07-31T16:23:12.488Z - debug:  
2020-07-31T16:23:13.203Z - debug: The process cannot access the file because it is being used by another process.

2020-07-31T16:23:13.204Z - debug: The process cannot access the file because it is being used by another process.

2020-07-31T16:23:16.652Z - debug:  
2020-07-31T16:23:16.652Z - debug:  
2020-07-31T16:23:40.644Z - debug: The process cannot access the file because it is being used by another process.

2020-07-31T16:23:40.647Z - debug: The process cannot access the file because it is being used by another process.

2020-07-31T16:23:41.317Z - debug:  
2020-07-31T16:23:41.445Z - debug:  
2020-07-31T16:23:44.683Z - debug: The process cannot access the file because it is being used by another process.

2020-07-31T16:23:44.683Z - debug: The process cannot access the file because it is being used by another process.

2020-07-31T16:23:44.683Z - debug:  
2020-07-31T16:23:44.684Z - debug:  
2020-07-31T16:23:52.211Z - debug: The process cannot access the file because it is being used by another process.

2020-07-31T16:23:55.222Z - debug: The process cannot access the file because it is being used by another process.

2020-07-31T16:23:55.223Z - debug:  
2020-07-31T16:24:19.421Z - debug:  
2020-07-31T16:24:19.422Z - debug:  
2020-07-31T16:24:19.422Z - debug:  
2020-07-31T16:24:19.423Z - debug:  
2020-07-31T16:24:24.377Z - debug:  
2020-07-31T16:24:24.569Z - debug:  
2020-07-31T16:24:27.121Z - debug:  
2020-07-31T16:24:34.695Z - debug:  
2020-07-31T16:24:35.448Z - debug:  
2020-07-31T16:24:35.449Z - debug:  
2020-07-31T16:24:35.449Z - debug:  
2020-07-31T16:24:43.283Z - debug:  
2020-07-31T16:24:44.193Z - debug:  
2020-07-31T16:24:49.358Z - debug:  
2020-07-31T16:25:02.187Z - debug:  
2020-07-31T16:25:02.188Z - debug:  
2020-07-31T16:25:06.397Z - debug:  
2020-07-31T16:25:06.397Z - debug:  
2020-07-31T16:25:19.864Z - debug:  
2020-07-31T16:26:09.120Z - debug:  
2020-07-31T16:26:33.919Z - debug:  
2020-07-31T16:26:33.920Z - debug:  
2020-07-31T16:26:49.078Z - info: Pages built
2020-07-31T16:27:26.430Z - info: Website generation complete! Total build time: 299.809s
2020-07-31T16:27:26.437Z - info: Build success!
2020-07-31T16:27:26.438Z - debug:  
2020-07-31T16:27:26.441Z - info: Site data built
2020-07-31T16:28:17.606Z - info: Deployed!
2020-07-31T16:29:53.248Z - info: Website generation started at 12:29:48 AM
2020-07-31T16:30:02.610Z - info: Building assets...
2020-07-31T16:30:08.405Z - info: Assets built
2020-07-31T16:30:08.406Z - info: Generating pages...
2020-07-31T16:30:25.894Z - debug: The process cannot access the file because it is being used by another process.

2020-07-31T16:30:25.894Z - debug: The process cannot access the file because it is being used by another process.

2020-07-31T16:30:29.248Z - debug:  
2020-07-31T16:30:29.248Z - debug:  
2020-07-31T16:30:29.248Z - debug:  
2020-07-31T16:30:29.249Z - debug:  
2020-07-31T16:30:34.719Z - debug:  
2020-07-31T16:30:34.719Z - debug: The process cannot access the file because it is being used by another process.

2020-07-31T16:30:34.720Z - debug: The process cannot access the file because it is being used by another process.

2020-07-31T16:30:34.720Z - debug: The process cannot access the file because it is being used by another process.

2020-07-31T16:30:34.720Z - debug: The process cannot access the file because it is being used by another process.

2020-07-31T16:30:34.720Z - debug:  
2020-07-31T16:30:34.720Z - debug:  
2020-07-31T16:30:34.720Z - debug:  
2020-07-31T16:30:34.721Z - debug:  
2020-07-31T16:30:37.233Z - debug: The process cannot access the file because it is being used by another process.

2020-07-31T16:30:37.235Z - debug: The process cannot access the file because it is being used by another process.

2020-07-31T16:30:37.297Z - debug: The process cannot access the file because it is being used by another process.

2020-07-31T16:30:37.297Z - debug: The process cannot access the file because it is being used by another process.

2020-07-31T16:30:38.528Z - debug:  
2020-07-31T16:30:38.580Z - debug:  
2020-07-31T16:30:58.236Z - debug: The process cannot access the file because it is being used by another process.

2020-07-31T16:30:58.242Z - debug: The process cannot access the file because it is being used by another process.

2020-07-31T16:30:59.711Z - debug:  
2020-07-31T16:30:59.712Z - debug:  
2020-07-31T16:31:03.331Z - debug: The process cannot access the file because it is being used by another process.

2020-07-31T16:31:03.331Z - debug: The process cannot access the file because it is being used by another process.

2020-07-31T16:31:03.554Z - debug:  
2020-07-31T16:31:03.555Z - debug:  
2020-07-31T16:31:09.824Z - debug: The process cannot access the file because it is being used by another process.

2020-07-31T16:31:11.813Z - debug: The process cannot access the file because it is being used by another process.

2020-07-31T16:31:12.259Z - debug:  
2020-07-31T16:31:34.090Z - debug:  
2020-07-31T16:31:34.222Z - debug:  
2020-07-31T16:31:34.223Z - debug:  
2020-07-31T16:31:34.223Z - debug:  
2020-07-31T16:31:38.309Z - debug:  
2020-07-31T16:31:38.537Z - debug:  
2020-07-31T16:31:49.617Z - debug:  
2020-07-31T16:31:50.268Z - debug:  
2020-07-31T16:31:50.268Z - debug:  
2020-07-31T16:31:50.269Z - debug:  
2020-07-31T16:31:50.269Z - debug:  
2020-07-31T16:31:59.104Z - debug:  
2020-07-31T16:31:59.105Z - debug:  
2020-07-31T16:32:05.118Z - debug:  
2020-07-31T16:32:22.456Z - debug:  
2020-07-31T16:32:22.456Z - debug:  
2020-07-31T16:32:26.038Z - info: Pages built
2020-07-31T16:32:48.653Z - info: Website generation complete! Total build time: 179.904s
2020-07-31T16:32:48.657Z - info: Build success!
2020-07-31T16:32:48.660Z - info: Site data built
2020-07-31T16:33:33.948Z - info: Deployed!
2020-08-01T03:20:40.859Z - info: Website generation (lazy) started at 11:20:33 AM
2020-08-01T03:20:58.388Z - info: Building assets...
2020-08-01T03:21:10.100Z - info: Assets built
2020-08-01T03:21:10.101Z - info: Generating landing page...
2020-08-01T03:21:10.941Z - info: Landing page built, other pages will be built as you navigate to them!
2020-08-01T03:21:11.023Z - info: Website generation (lazy) complete! Total build time: 37.296s
2020-08-01T03:21:11.882Z - info: Serving "C:\repos\nus-cs2103-AY2021S1\cs2103-website\_site" at http://127.0.0.1:8080
2020-08-01T03:21:11.882Z - info: Press CTRL+C to stop ...
2020-08-01T03:21:11.939Z - info: Site data built
2020-08-01T03:21:34.959Z - info: Building C:\repos\nus-cs2103-AY2021S1\cs2103-website\schedule\week1\index as some of its dependencies were changed since the last visit
2020-08-01T03:21:36.055Z - info: Site data built
2020-08-01T03:21:36.056Z - info: Lazy website regeneration complete! Total build time: 1.099s
2020-08-01T03:21:39.749Z - info: Building C:\repos\nus-cs2103-AY2021S1\cs2103-website\schedule\week1\topics as some of its dependencies were changed since the last visit
2020-08-01T03:21:43.641Z - info: Site data built
2020-08-01T03:21:43.644Z - info: Lazy website regeneration complete! Total build time: 3.895s
2020-08-01T03:22:47.465Z - info: Website generation started at 11:22:44 AM
2020-08-01T03:23:03.719Z - info: Building assets...
2020-08-01T03:23:14.162Z - info: Assets built
2020-08-01T03:23:14.163Z - info: Generating pages...
2020-08-01T03:23:27.941Z - debug: The process cannot access the file because it is being used by another process.

2020-08-01T03:23:27.942Z - debug: The process cannot access the file because it is being used by another process.

2020-08-01T03:23:31.826Z - debug:  
2020-08-01T03:23:31.826Z - debug:  
2020-08-01T03:23:31.828Z - debug:  
2020-08-01T03:23:31.829Z - debug:  
2020-08-01T03:23:32.642Z - debug:  
2020-08-01T03:23:33.036Z - debug:  
2020-08-01T03:23:33.037Z - debug:  
2020-08-01T03:23:38.206Z - debug:  
2020-08-01T03:23:38.206Z - debug: The process cannot access the file because it is being used by another process.

2020-08-01T03:23:38.207Z - debug:  
2020-08-01T03:23:39.942Z - debug: The process cannot access the file because it is being used by another process.

2020-08-01T03:23:39.942Z - debug: The process cannot access the file because it is being used by another process.

2020-08-01T03:23:40.023Z - debug:  
2020-08-01T03:23:40.102Z - debug:  
2020-08-01T03:23:40.102Z - debug:  
2020-08-01T03:23:40.527Z - debug: The process cannot access the file because it is being used by another process.

2020-08-01T03:23:40.528Z - debug: The process cannot access the file because it is being used by another process.

2020-08-01T03:23:43.749Z - debug:  
2020-08-01T03:23:43.749Z - debug:  
2020-08-01T03:24:07.455Z - debug: The process cannot access the file because it is being used by another process.

2020-08-01T03:24:07.488Z - debug: The process cannot access the file because it is being used by another process.

2020-08-01T03:24:08.645Z - debug:  
2020-08-01T03:24:08.754Z - debug: The process cannot access the file because it is being used by another process.

2020-08-01T03:24:08.942Z - debug:  
2020-08-01T03:24:10.883Z - debug: The process cannot access the file because it is being used by another process.

2020-08-01T03:24:11.285Z - debug:  
2020-08-01T03:24:12.420Z - debug:  
2020-08-01T03:24:20.619Z - debug: The process cannot access the file because it is being used by another process.

2020-08-01T03:24:22.426Z - debug: The process cannot access the file because it is being used by another process.

2020-08-01T03:24:22.631Z - debug:  
2020-08-01T03:24:46.185Z - debug:  
2020-08-01T03:24:46.393Z - debug:  
2020-08-01T03:24:46.393Z - debug:  
2020-08-01T03:24:46.394Z - debug:  
2020-08-01T03:24:50.886Z - debug:  
2020-08-01T03:24:50.887Z - debug:  
2020-08-01T03:24:53.130Z - debug:  
2020-08-01T03:25:00.096Z - debug:  
2020-08-01T03:25:00.648Z - debug:  
2020-08-01T03:25:00.648Z - debug:  
2020-08-01T03:25:00.648Z - debug:  
2020-08-01T03:25:08.775Z - debug:  
2020-08-01T03:25:09.558Z - debug:  
2020-08-01T03:25:14.659Z - debug:  
2020-08-01T03:25:27.384Z - debug:  
2020-08-01T03:25:27.384Z - debug:  
2020-08-01T03:25:36.965Z - debug:  
2020-08-01T03:25:36.968Z - debug:  
2020-08-01T03:25:49.890Z - debug:  
2020-08-01T03:26:16.986Z - debug:  
2020-08-01T03:26:30.150Z - debug:  
2020-08-01T03:26:30.150Z - debug:  
2020-08-01T03:26:39.477Z - info: Pages built
2020-08-01T03:27:09.487Z - info: Website generation complete! Total build time: 264.595s
2020-08-01T03:27:10.379Z - info: Serving "C:\repos\nus-cs2103-AY2021S1\cs2103-website\_site" at http://127.0.0.1:8080
2020-08-01T03:27:10.379Z - info: Press CTRL+C to stop ...
2020-08-01T03:27:10.379Z - debug:  
2020-08-01T03:27:10.434Z - info: Site data built
2020-08-01T04:39:24.164Z - info: [12:39:24 PM] Reload for file add: C:\repos\nus-cs2103-AY2021S1\cs2103-website\book\diagrams\revisionControl\branching\~$diagram.pptx
2020-08-01T04:39:25.174Z - info: Assets built
2020-08-01T04:48:41.014Z - info: [12:48:41 PM] Reload for file deletion: C:\repos\nus-cs2103-AY2021S1\cs2103-website\book\diagrams\revisionControl\branching\~$diagram.pptx
2020-08-01T04:48:42.023Z - info: Assets removed
2020-08-01T04:51:46.268Z - info: [12:51:46 PM] Reload for file change: C:\repos\nus-cs2103-AY2021S1\cs2103-website\book\gitAndGithub\branch\text.md
2020-08-01T04:51:47.301Z - info: Rebuilding 11 pages
2020-08-01T04:52:17.583Z - debug:  
2020-08-01T04:52:17.585Z - debug:  
2020-08-01T04:52:17.586Z - debug:  
2020-08-01T04:52:17.587Z - debug:  
2020-08-01T04:52:17.614Z - debug:  
2020-08-01T04:52:19.257Z - debug:  
2020-08-01T04:52:19.257Z - debug:  
2020-08-01T04:52:21.661Z - info: Pages rebuilt
2020-08-01T04:52:21.661Z - info: Website regeneration complete! Total build time: 34.387s
2020-08-01T04:52:21.713Z - info: Site data built
2020-08-01T04:53:55.632Z - info: [12:53:55 PM] Reload for file change: C:\repos\nus-cs2103-AY2021S1\cs2103-website\book\gitAndGithub\branch\text.md
2020-08-01T04:53:56.639Z - info: Rebuilding 11 pages
2020-08-01T04:54:21.555Z - debug:  
2020-08-01T04:54:21.558Z - debug:  
2020-08-01T04:54:21.558Z - debug:  
2020-08-01T04:54:21.559Z - debug:  
2020-08-01T04:54:21.563Z - debug:  
2020-08-01T04:54:23.717Z - debug:  
2020-08-01T04:54:23.718Z - debug:  
2020-08-01T04:54:26.015Z - info: Pages rebuilt
2020-08-01T04:54:26.015Z - info: Website regeneration complete! Total build time: 29.379s
2020-08-01T04:54:26.065Z - info: Site data built
2020-08-01T08:16:28.918Z - info: Website generation (lazy) started at 4:16:24 PM
2020-08-01T08:16:39.199Z - info: Building assets...
2020-08-01T08:16:45.516Z - info: Assets built
2020-08-01T08:16:45.517Z - info: Generating landing page...
2020-08-01T08:16:46.545Z - info: Landing page built, other pages will be built as you navigate to them!
2020-08-01T08:16:46.637Z - info: Website generation (lazy) complete! Total build time: 22.247s
2020-08-01T08:16:47.533Z - info: Serving "C:\repos\nus-cs2103-AY2021S1\cs2103-website\_site" at http://127.0.0.1:8080
2020-08-01T08:16:47.533Z - info: Press CTRL+C to stop ...
2020-08-01T08:16:47.589Z - info: Site data built
2020-08-01T08:20:17.772Z - info: Building C:\repos\nus-cs2103-AY2021S1\cs2103-website\schedule\week3\index as some of its dependencies were changed since the last visit
2020-08-01T08:20:19.075Z - info: Site data built
2020-08-01T08:20:19.075Z - info: Lazy website regeneration complete! Total build time: 1.314s
2020-08-01T08:20:22.764Z - info: Building C:\repos\nus-cs2103-AY2021S1\cs2103-website\schedule\week3\topics as some of its dependencies were changed since the last visit
2020-08-01T08:20:24.978Z - info: Site data built
2020-08-01T08:20:24.980Z - info: Lazy website regeneration complete! Total build time: 2.216s
2020-08-01T08:31:55.140Z - info: [4:31:55 PM] Reload for file change: C:\repos\nus-cs2103-AY2021S1\cs2103-website\book\gitAndGithub\branch\text.md
2020-08-01T08:31:56.148Z - info: Rebuilding 1 pages
2020-08-01T08:31:58.454Z - info: Pages rebuilt
2020-08-01T08:31:58.454Z - info: Website regeneration complete! Total build time: 2.311s
2020-08-01T08:31:58.506Z - info: Site data built
2020-08-01T08:35:47.926Z - info: [4:35:47 PM] Reload for file change: C:\repos\nus-cs2103-AY2021S1\cs2103-website\book\gitAndGithub\branch\text.md
2020-08-01T08:35:48.940Z - info: Rebuilding 1 pages
2020-08-01T08:35:51.427Z - info: Pages rebuilt
2020-08-01T08:35:51.428Z - info: Website regeneration complete! Total build time: 2.497s
2020-08-01T08:35:51.489Z - info: Site data built
2020-08-01T08:36:21.892Z - info: [4:36:21 PM] Reload for file add: C:\repos\nus-cs2103-AY2021S1\cs2103-website\book\diagrams\gitAndGithub\branch\~$onMasterBranch.pptx
2020-08-01T08:36:22.896Z - info: Assets built
2020-08-01T08:36:44.542Z - info: [4:36:44 PM] Reload for file add: C:\repos\nus-cs2103-AY2021S1\cs2103-website\book\diagrams\gitAndGithub\branch\~$branchesAsLabels.pptx
2020-08-01T08:36:44.566Z - info: [4:36:44 PM] Reload for file add: C:\repos\nus-cs2103-AY2021S1\cs2103-website\book\diagrams\gitAndGithub\branch\branchesAsLabels.pptx
2020-08-01T08:36:44.577Z - info: [4:36:44 PM] Reload for file change: C:\repos\nus-cs2103-AY2021S1\cs2103-website\book\diagrams\gitAndGithub\branch\branchesAsLabels.pptx
2020-08-01T08:36:44.694Z - info: [4:36:44 PM] Reload for file deletion: C:\repos\nus-cs2103-AY2021S1\cs2103-website\book\diagrams\gitAndGithub\branch\~$onMasterBranch.pptx
2020-08-01T08:36:45.546Z - info: Assets built
2020-08-01T08:36:45.696Z - info: Assets removed
2020-08-01T08:46:52.049Z - info: [4:46:52 PM] Reload for file add: C:\repos\nus-cs2103-AY2021S1\cs2103-website\book\diagrams\gitAndGithub\branch\pptA432.tmp
2020-08-01T08:46:52.092Z - info: [4:46:52 PM] Reload for file change: C:\repos\nus-cs2103-AY2021S1\cs2103-website\book\diagrams\gitAndGithub\branch\pptA432.tmp
2020-08-01T08:46:52.103Z - info: [4:46:52 PM] Reload for file change: C:\repos\nus-cs2103-AY2021S1\cs2103-website\book\diagrams\gitAndGithub\branch\branchesAsLabels.pptx
2020-08-01T08:46:52.202Z - info: [4:46:52 PM] Reload for file deletion: C:\repos\nus-cs2103-AY2021S1\cs2103-website\book\diagrams\gitAndGithub\branch\pptA432.tmp
2020-08-01T08:46:53.055Z - info: Assets built
2020-08-01T08:46:53.204Z - info: Assets removed
2020-08-01T08:46:54.950Z - info: [4:46:54 PM] Reload for file deletion: C:\repos\nus-cs2103-AY2021S1\cs2103-website\book\diagrams\gitAndGithub\branch\~$branchesAsLabels.pptx
2020-08-01T08:46:55.953Z - info: Assets removed
2020-08-01T08:47:00.380Z - info: [4:47:00 PM] Reload for file add: C:\repos\nus-cs2103-AY2021S1\cs2103-website\book\diagrams\gitAndGithub\branch\~$branchesAsLabels.pptx
2020-08-01T08:47:01.382Z - info: Assets built
2020-08-01T08:49:15.209Z - info: [4:49:15 PM] Reload for file add: C:\repos\nus-cs2103-AY2021S1\cs2103-website\book\diagrams\gitAndGithub\branch\pptD376.tmp
2020-08-01T08:49:15.248Z - info: [4:49:15 PM] Reload for file change: C:\repos\nus-cs2103-AY2021S1\cs2103-website\book\diagrams\gitAndGithub\branch\pptD376.tmp
2020-08-01T08:49:15.261Z - info: [4:49:15 PM] Reload for file change: C:\repos\nus-cs2103-AY2021S1\cs2103-website\book\diagrams\gitAndGithub\branch\branchesAsLabels.pptx
2020-08-01T08:49:15.356Z - info: [4:49:15 PM] Reload for file deletion: C:\repos\nus-cs2103-AY2021S1\cs2103-website\book\diagrams\gitAndGithub\branch\pptD376.tmp
2020-08-01T08:49:16.213Z - info: Assets built
2020-08-01T08:49:16.357Z - info: Assets removed
2020-08-01T08:50:17.880Z - info: [4:50:17 PM] Reload for file add: C:\repos\nus-cs2103-AY2021S1\cs2103-website\book\gitAndGithub\branch\images\branchesAsLabels.png
2020-08-01T08:50:17.915Z - info: [4:50:17 PM] Reload for file change: C:\repos\nus-cs2103-AY2021S1\cs2103-website\book\gitAndGithub\branch\images\branchesAsLabels.png
2020-08-01T08:50:18.899Z - info: Assets built
2020-08-01T08:50:50.273Z - info: [4:50:50 PM] Reload for file change: C:\repos\nus-cs2103-AY2021S1\cs2103-website\book\gitAndGithub\branch\text.md
2020-08-01T08:50:51.283Z - info: Rebuilding 1 pages
2020-08-01T08:50:53.464Z - info: Pages rebuilt
2020-08-01T08:50:53.464Z - info: Website regeneration complete! Total build time: 2.184s
2020-08-01T08:50:53.509Z - info: Site data built
2020-08-01T08:51:01.893Z - info: [4:51:01 PM] Reload for file change: C:\repos\nus-cs2103-AY2021S1\cs2103-website\book\gitAndGithub\branch\text.md
2020-08-01T08:51:02.897Z - info: Rebuilding 1 pages
2020-08-01T08:51:04.579Z - info: Pages rebuilt
2020-08-01T08:51:04.579Z - info: Website regeneration complete! Total build time: 1.683s
2020-08-01T08:51:04.587Z - info: Site data built
2020-08-01T08:51:20.509Z - info: [4:51:20 PM] Reload for file change: C:\repos\nus-cs2103-AY2021S1\cs2103-website\book\gitAndGithub\branch\text.md
2020-08-01T08:51:21.526Z - info: Rebuilding 1 pages
2020-08-01T08:51:23.118Z - info: Pages rebuilt
2020-08-01T08:51:23.118Z - info: Website regeneration complete! Total build time: 1.593s
2020-08-01T08:51:23.123Z - info: Site data built
2020-08-01T08:51:28.025Z - info: [4:51:28 PM] Reload for file change: C:\repos\nus-cs2103-AY2021S1\cs2103-website\book\gitAndGithub\branch\text.md
2020-08-01T08:51:29.030Z - info: Rebuilding 1 pages
2020-08-01T08:51:30.538Z - info: Pages rebuilt
2020-08-01T08:51:30.538Z - info: Website regeneration complete! Total build time: 1.512s
2020-08-01T08:51:30.548Z - info: Site data built
2020-08-01T08:54:24.982Z - info: [4:54:24 PM] Reload for file change: C:\repos\nus-cs2103-AY2021S1\cs2103-website\book\gitAndGithub\branch\text.md
2020-08-01T08:54:25.985Z - info: Rebuilding 1 pages
2020-08-01T08:54:28.173Z - info: Pages rebuilt
2020-08-01T08:54:28.173Z - info: Website regeneration complete! Total build time: 2.189s
2020-08-01T08:54:28.220Z - info: Site data built
2020-08-01T08:54:38.612Z - info: [4:54:38 PM] Reload for file change: C:\repos\nus-cs2103-AY2021S1\cs2103-website\book\gitAndGithub\branch\text.md
2020-08-01T08:54:39.619Z - info: Rebuilding 1 pages
2020-08-01T08:54:41.282Z - info: Pages rebuilt
2020-08-01T08:54:41.282Z - info: Website regeneration complete! Total build time: 1.668s
2020-08-01T08:54:41.292Z - info: Site data built
2020-08-01T08:55:58.441Z - info: [4:55:58 PM] Reload for file change: C:\repos\nus-cs2103-AY2021S1\cs2103-website\book\gitAndGithub\branch\text.md
2020-08-01T08:55:59.448Z - info: Rebuilding 1 pages
2020-08-01T08:56:02.748Z - info: Pages rebuilt
2020-08-01T08:56:02.749Z - info: Website regeneration complete! Total build time: 3.303s
2020-08-01T08:56:02.803Z - info: Site data built
2020-08-01T08:56:44.313Z - info: [4:56:44 PM] Reload for file change: C:\repos\nus-cs2103-AY2021S1\cs2103-website\book\gitAndGithub\branch\text.md
2020-08-01T08:56:45.326Z - info: Rebuilding 1 pages
2020-08-01T08:56:47.673Z - info: Pages rebuilt
2020-08-01T08:56:47.674Z - info: Website regeneration complete! Total build time: 2.349s
2020-08-01T08:56:47.759Z - info: Site data built
2020-08-01T08:57:04.468Z - info: [4:57:04 PM] Reload for file change: C:\repos\nus-cs2103-AY2021S1\cs2103-website\book\gitAndGithub\branch\text.md
2020-08-01T08:57:05.469Z - info: Rebuilding 1 pages
2020-08-01T08:57:07.327Z - info: Pages rebuilt
2020-08-01T08:57:07.328Z - info: Website regeneration complete! Total build time: 1.86s
2020-08-01T08:57:07.337Z - info: Site data built
2020-08-01T08:58:04.436Z - info: [4:58:04 PM] Reload for file change: C:\repos\nus-cs2103-AY2021S1\cs2103-website\book\gitAndGithub\branch\text.md
2020-08-01T08:58:05.441Z - info: Rebuilding 1 pages
2020-08-01T08:58:07.660Z - info: Pages rebuilt
2020-08-01T08:58:07.660Z - info: Website regeneration complete! Total build time: 2.22s
2020-08-01T08:58:07.710Z - info: Site data built
2020-08-01T08:58:25.549Z - info: [4:58:25 PM] Reload for file change: C:\repos\nus-cs2103-AY2021S1\cs2103-website\book\gitAndGithub\branch\text.md
2020-08-01T08:58:26.564Z - info: Rebuilding 1 pages
2020-08-01T08:58:28.740Z - info: Pages rebuilt
2020-08-01T08:58:28.740Z - info: Website regeneration complete! Total build time: 2.18s
2020-08-01T08:58:28.796Z - info: Site data built
2020-08-01T09:01:32.211Z - info: [5:01:32 PM] Reload for file change: C:\repos\nus-cs2103-AY2021S1\cs2103-website\book\gitAndGithub\branch\text.md
2020-08-01T09:01:33.219Z - info: Rebuilding 1 pages
2020-08-01T09:01:35.743Z - info: Pages rebuilt
2020-08-01T09:01:35.743Z - info: Website regeneration complete! Total build time: 2.526s
2020-08-01T09:01:35.801Z - info: Site data built
2020-08-01T09:29:34.504Z - info: [5:29:34 PM] Reload for file add: C:\repos\nus-cs2103-AY2021S1\cs2103-website\book\diagrams\gitAndGithub\branch\pptBDCC.tmp
2020-08-01T09:29:34.538Z - info: [5:29:34 PM] Reload for file change: C:\repos\nus-cs2103-AY2021S1\cs2103-website\book\diagrams\gitAndGithub\branch\pptBDCC.tmp
2020-08-01T09:29:34.547Z - info: [5:29:34 PM] Reload for file change: C:\repos\nus-cs2103-AY2021S1\cs2103-website\book\diagrams\gitAndGithub\branch\branchesAsLabels.pptx
2020-08-01T09:29:34.654Z - info: [5:29:34 PM] Reload for file deletion: C:\repos\nus-cs2103-AY2021S1\cs2103-website\book\diagrams\gitAndGithub\branch\pptBDCC.tmp
2020-08-01T09:29:35.522Z - info: Assets built
2020-08-01T09:29:35.656Z - info: Assets removed
2020-08-01T09:30:07.578Z - info: [5:30:07 PM] Reload for file add: C:\repos\nus-cs2103-AY2021S1\cs2103-website\book\diagrams\gitAndGithub\branch\ppt3F03.tmp
2020-08-01T09:30:07.619Z - info: [5:30:07 PM] Reload for file change: C:\repos\nus-cs2103-AY2021S1\cs2103-website\book\diagrams\gitAndGithub\branch\ppt3F03.tmp
2020-08-01T09:30:07.627Z - info: [5:30:07 PM] Reload for file change: C:\repos\nus-cs2103-AY2021S1\cs2103-website\book\diagrams\gitAndGithub\branch\branchesAsLabels.pptx
2020-08-01T09:30:07.723Z - info: [5:30:07 PM] Reload for file deletion: C:\repos\nus-cs2103-AY2021S1\cs2103-website\book\diagrams\gitAndGithub\branch\ppt3F03.tmp
2020-08-01T09:30:07.851Z - info: [5:30:07 PM] Reload for file deletion: C:\repos\nus-cs2103-AY2021S1\cs2103-website\book\diagrams\gitAndGithub\branch\~$branchesAsLabels.pptx
2020-08-01T09:30:08.579Z - info: Assets built
2020-08-01T09:30:08.725Z - info: Assets removed
2020-08-01T09:30:12.213Z - info: [5:30:12 PM] Reload for file add: C:\repos\nus-cs2103-AY2021S1\cs2103-website\book\diagrams\gitAndGithub\branch\~$branchesAsLabels.pptx
2020-08-01T09:30:13.214Z - info: Assets built
2020-08-01T09:38:32.153Z - info: [5:38:32 PM] Reload for file add: C:\repos\nus-cs2103-AY2021S1\cs2103-website\book\gitAndGithub\branch\images\branchesAsLabels1.png
2020-08-01T09:38:32.209Z - info: [5:38:32 PM] Reload for file change: C:\repos\nus-cs2103-AY2021S1\cs2103-website\book\gitAndGithub\branch\images\branchesAsLabels1.png
2020-08-01T09:38:33.226Z - info: Assets built
2020-08-01T09:38:50.833Z - info: [5:38:50 PM] Reload for file change: C:\repos\nus-cs2103-AY2021S1\cs2103-website\book\gitAndGithub\branch\text.md
2020-08-01T09:38:51.850Z - info: Rebuilding 1 pages
2020-08-01T09:38:54.481Z - info: Pages rebuilt
2020-08-01T09:38:54.481Z - info: Website regeneration complete! Total build time: 2.637s
2020-08-01T09:38:54.530Z - info: Site data built
2020-08-01T09:39:01.958Z - info: [5:39:01 PM] Reload for file change: C:\repos\nus-cs2103-AY2021S1\cs2103-website\book\gitAndGithub\branch\text.md
2020-08-01T09:39:02.962Z - info: Rebuilding 1 pages
2020-08-01T09:39:04.812Z - info: Pages rebuilt
2020-08-01T09:39:04.813Z - info: Website regeneration complete! Total build time: 1.852s
2020-08-01T09:39:04.822Z - info: Site data built
2020-08-01T09:39:10.891Z - info: [5:39:10 PM] Reload for file change: C:\repos\nus-cs2103-AY2021S1\cs2103-website\book\gitAndGithub\branch\text.md
2020-08-01T09:39:11.911Z - info: Rebuilding 1 pages
2020-08-01T09:39:13.590Z - info: Pages rebuilt
2020-08-01T09:39:13.590Z - info: Website regeneration complete! Total build time: 1.683s
2020-08-01T09:39:13.605Z - info: Site data built
2020-08-01T09:41:39.960Z - info: [5:41:39 PM] Reload for file change: C:\repos\nus-cs2103-AY2021S1\cs2103-website\book\gitAndGithub\branch\text.md
2020-08-01T09:41:40.974Z - info: Rebuilding 1 pages
2020-08-01T09:41:44.264Z - info: Pages rebuilt
2020-08-01T09:41:44.264Z - info: Website regeneration complete! Total build time: 3.296s
2020-08-01T09:41:44.337Z - info: Site data built
2020-08-01T09:42:47.159Z - info: [5:42:47 PM] Reload for file change: C:\repos\nus-cs2103-AY2021S1\cs2103-website\book\gitAndGithub\branch\text.md
2020-08-01T09:42:48.164Z - info: Rebuilding 1 pages
2020-08-01T09:42:50.647Z - info: Pages rebuilt
2020-08-01T09:42:50.647Z - info: Website regeneration complete! Total build time: 2.486s
2020-08-01T09:42:50.698Z - info: Site data built
2020-08-01T09:44:18.891Z - info: [5:44:18 PM] Reload for file change: C:\repos\nus-cs2103-AY2021S1\cs2103-website\book\gitAndGithub\branch\text.md
2020-08-01T09:44:19.915Z - info: Rebuilding 1 pages
2020-08-01T09:44:22.134Z - info: Pages rebuilt
2020-08-01T09:44:22.134Z - info: Website regeneration complete! Total build time: 2.221s
2020-08-01T09:44:22.213Z - info: Site data built
2020-08-01T09:45:06.179Z - info: [5:45:06 PM] Reload for file change: C:\repos\nus-cs2103-AY2021S1\cs2103-website\book\gitAndGithub\branch\text.md
2020-08-01T09:45:07.192Z - info: Rebuilding 1 pages
2020-08-01T09:45:09.352Z - info: Pages rebuilt
2020-08-01T09:45:09.352Z - info: Website regeneration complete! Total build time: 2.163s
2020-08-01T09:45:09.403Z - info: Site data built
2020-08-01T09:52:44.659Z - info: [5:52:44 PM] Reload for file change: C:\repos\nus-cs2103-AY2021S1\cs2103-website\book\gitAndGithub\branch\images\branchesAsLabels.png
2020-08-01T09:52:45.797Z - info: Assets built
2020-08-01T09:53:13.719Z - info: [5:53:13 PM] Reload for file add: C:\repos\nus-cs2103-AY2021S1\cs2103-website\book\gitAndGithub\branch\images\branchesAsLabels2.png
2020-08-01T09:53:13.814Z - info: [5:53:13 PM] Reload for file deletion: C:\repos\nus-cs2103-AY2021S1\cs2103-website\book\gitAndGithub\branch\images\branchesAsLabels.png
2020-08-01T09:53:14.731Z - info: Assets built
2020-08-01T09:53:14.829Z - info: Assets removed
2020-08-01T09:53:18.001Z - info: [5:53:18 PM] Reload for file change: C:\repos\nus-cs2103-AY2021S1\cs2103-website\book\gitAndGithub\branch\text.md
2020-08-01T09:53:19.016Z - info: Rebuilding 1 pages
2020-08-01T09:53:21.534Z - info: Pages rebuilt
2020-08-01T09:53:21.534Z - info: Website regeneration complete! Total build time: 2.527s
2020-08-01T09:53:21.545Z - info: Site data built
2020-08-01T09:54:18.555Z - info: [5:54:18 PM] Reload for file change: C:\repos\nus-cs2103-AY2021S1\cs2103-website\book\gitAndGithub\branch\text.md
2020-08-01T09:54:19.572Z - info: Rebuilding 1 pages
2020-08-01T09:54:21.997Z - info: Pages rebuilt
2020-08-01T09:54:21.998Z - info: Website regeneration complete! Total build time: 2.43s
2020-08-01T09:54:22.049Z - info: Site data built
2020-08-01T09:55:37.111Z - info: [5:55:37 PM] Reload for file change: C:\repos\nus-cs2103-AY2021S1\cs2103-website\book\gitAndGithub\branch\text.md
2020-08-01T09:55:38.132Z - info: Rebuilding 1 pages
2020-08-01T09:55:40.520Z - info: Pages rebuilt
2020-08-01T09:55:40.521Z - info: Website regeneration complete! Total build time: 2.396s
2020-08-01T09:55:40.584Z - info: Site data built
2020-08-01T09:56:31.211Z - info: [5:56:31 PM] Reload for file change: C:\repos\nus-cs2103-AY2021S1\cs2103-website\book\gitAndGithub\branch\text.md
2020-08-01T09:56:32.236Z - info: Rebuilding 1 pages
2020-08-01T09:56:34.565Z - info: Pages rebuilt
2020-08-01T09:56:34.565Z - info: Website regeneration complete! Total build time: 2.336s
2020-08-01T09:56:34.636Z - info: Site data built
2020-08-01T10:01:32.294Z - info: [6:01:32 PM] Reload for file change: C:\repos\nus-cs2103-AY2021S1\cs2103-website\book\gitAndGithub\branch\text.md
2020-08-01T10:01:33.308Z - info: Rebuilding 1 pages
2020-08-01T10:01:35.659Z - info: Pages rebuilt
2020-08-01T10:01:35.659Z - info: Website regeneration complete! Total build time: 2.356s
2020-08-01T10:01:35.707Z - info: Site data built
2020-08-01T10:01:55.968Z - info: [6:01:55 PM] Reload for file change: C:\repos\nus-cs2103-AY2021S1\cs2103-website\book\gitAndGithub\branch\text.md
2020-08-01T10:01:56.983Z - info: Rebuilding 1 pages
2020-08-01T10:01:59.475Z - info: Pages rebuilt
2020-08-01T10:01:59.476Z - info: Website regeneration complete! Total build time: 2.499s
2020-08-01T10:01:59.532Z - info: Site data built
2020-08-01T10:02:13.128Z - info: [6:02:13 PM] Reload for file change: C:\repos\nus-cs2103-AY2021S1\cs2103-website\book\gitAndGithub\branch\text.md
2020-08-01T10:02:14.140Z - info: Rebuilding 1 pages
2020-08-01T10:02:16.197Z - info: Pages rebuilt
2020-08-01T10:02:16.198Z - info: Website regeneration complete! Total build time: 2.061s
2020-08-01T10:02:16.205Z - info: Site data built
2020-08-01T12:29:43.394Z - info: Website generation (lazy) started at 8:29:39 PM
2020-08-01T12:29:58.993Z - info: Building assets...
2020-08-01T12:30:08.786Z - info: Assets built
2020-08-01T12:30:08.787Z - info: Generating landing page...
2020-08-01T12:30:09.644Z - info: Landing page built, other pages will be built as you navigate to them!
2020-08-01T12:30:09.752Z - info: Website generation (lazy) complete! Total build time: 30.328s
2020-08-01T12:30:10.548Z - info: Serving "C:\repos\nus-cs2103-AY2021S1\cs2103-website\_site" at http://127.0.0.1:8080
2020-08-01T12:30:10.549Z - info: Press CTRL+C to stop ...
2020-08-01T12:30:10.630Z - info: Site data built
2020-08-01T12:30:36.374Z - info: Building C:\repos\nus-cs2103-AY2021S1\cs2103-website\schedule\week3\index as some of its dependencies were changed since the last visit
2020-08-01T12:30:37.408Z - info: Site data built
2020-08-01T12:30:37.409Z - info: Lazy website regeneration complete! Total build time: 1.036s
2020-08-01T12:30:40.997Z - info: Building C:\repos\nus-cs2103-AY2021S1\cs2103-website\schedule\week3\topics as some of its dependencies were changed since the last visit
2020-08-01T12:30:43.164Z - info: Site data built
2020-08-01T12:30:43.165Z - info: Lazy website regeneration complete! Total build time: 2.169s
2020-08-01T12:35:34.558Z - info: [8:35:34 PM] Reload for file change: C:\repos\nus-cs2103-AY2021S1\cs2103-website\book\gitAndGithub\branch\text.md
2020-08-01T12:35:35.565Z - info: Rebuilding 1 pages
2020-08-01T12:35:38.085Z - info: Pages rebuilt
2020-08-01T12:35:38.085Z - info: Website regeneration complete! Total build time: 2.521s
2020-08-01T12:35:38.166Z - info: Site data built
2020-08-01T12:37:07.501Z - info: [8:37:07 PM] Reload for file change: C:\repos\nus-cs2103-AY2021S1\cs2103-website\book\gitAndGithub\branch\text.md
2020-08-01T12:37:08.517Z - info: Rebuilding 1 pages
2020-08-01T12:37:11.410Z - info: Pages rebuilt
2020-08-01T12:37:11.410Z - info: Website regeneration complete! Total build time: 2.898s
2020-08-01T12:37:11.472Z - info: Site data built
2020-08-01T12:37:39.413Z - info: [8:37:39 PM] Reload for file change: C:\repos\nus-cs2103-AY2021S1\cs2103-website\book\gitAndGithub\branch\text.md
2020-08-01T12:37:40.424Z - info: Rebuilding 1 pages
2020-08-01T12:37:43.246Z - info: Pages rebuilt
2020-08-01T12:37:43.247Z - info: Website regeneration complete! Total build time: 2.829s
2020-08-01T12:37:43.302Z - info: Site data built
2020-08-01T12:38:14.731Z - info: [8:38:14 PM] Reload for file change: C:\repos\nus-cs2103-AY2021S1\cs2103-website\book\gitAndGithub\branch\text.md
2020-08-01T12:38:15.744Z - info: Rebuilding 1 pages
2020-08-01T12:38:18.116Z - info: Pages rebuilt
2020-08-01T12:38:18.116Z - info: Website regeneration complete! Total build time: 2.374s
2020-08-01T12:38:18.136Z - info: Site data built
2020-08-01T12:38:32.571Z - info: [8:38:32 PM] Reload for file change: C:\repos\nus-cs2103-AY2021S1\cs2103-website\book\gitAndGithub\branch\text.md
2020-08-01T12:38:33.574Z - info: Rebuilding 1 pages
2020-08-01T12:38:35.408Z - info: Pages rebuilt
2020-08-01T12:38:35.408Z - info: Website regeneration complete! Total build time: 1.836s
2020-08-01T12:38:35.413Z - info: Site data built
2020-08-01T12:38:58.503Z - info: [8:38:58 PM] Reload for file change: C:\repos\nus-cs2103-AY2021S1\cs2103-website\book\gitAndGithub\branch\text.md
2020-08-01T12:38:59.510Z - info: Rebuilding 1 pages
2020-08-01T12:39:01.846Z - info: Pages rebuilt
2020-08-01T12:39:01.846Z - info: Website regeneration complete! Total build time: 2.34s
2020-08-01T12:39:01.906Z - info: Site data built
2020-08-01T12:47:34.408Z - info: [8:47:34 PM] Reload for file change: C:\repos\nus-cs2103-AY2021S1\cs2103-website\book\gitAndGithub\branch\text.md
2020-08-01T12:47:35.419Z - info: Rebuilding 1 pages
2020-08-01T12:47:37.723Z - info: Pages rebuilt
2020-08-01T12:47:37.723Z - info: Website regeneration complete! Total build time: 2.307s
2020-08-01T12:47:37.730Z - info: Site data built
2020-08-01T12:48:19.370Z - info: [8:48:19 PM] Reload for file change: C:\repos\nus-cs2103-AY2021S1\cs2103-website\book\gitAndGithub\branch\text.md
2020-08-01T12:48:20.373Z - info: Rebuilding 1 pages
2020-08-01T12:48:22.153Z - info: Pages rebuilt
2020-08-01T12:48:22.153Z - info: Website regeneration complete! Total build time: 1.782s
2020-08-01T12:48:22.158Z - info: Site data built
2020-08-01T12:50:24.011Z - info: [8:50:24 PM] Reload for file change: C:\repos\nus-cs2103-AY2021S1\cs2103-website\book\gitAndGithub\branch\text.md
2020-08-01T12:50:25.017Z - info: Rebuilding 1 pages
2020-08-01T12:50:26.633Z - info: Pages rebuilt
2020-08-01T12:50:26.633Z - info: Website regeneration complete! Total build time: 1.619s
2020-08-01T12:50:26.640Z - info: Site data built
2020-08-01T12:51:57.788Z - info: [8:51:57 PM] Reload for file change: C:\repos\nus-cs2103-AY2021S1\cs2103-website\book\gitAndGithub\branch\text.md
2020-08-01T12:51:58.801Z - info: Rebuilding 1 pages
2020-08-01T12:52:00.771Z - info: Pages rebuilt
2020-08-01T12:52:00.772Z - info: Website regeneration complete! Total build time: 1.975s
2020-08-01T12:52:00.860Z - info: Site data built
2020-08-01T12:52:49.598Z - info: [8:52:49 PM] Reload for file change: C:\repos\nus-cs2103-AY2021S1\cs2103-website\book\gitAndGithub\branch\text.md
2020-08-01T12:52:50.604Z - info: Rebuilding 1 pages
2020-08-01T12:52:52.546Z - info: Pages rebuilt
2020-08-01T12:52:52.546Z - info: Website regeneration complete! Total build time: 1.946s
2020-08-01T12:52:52.559Z - info: Site data built
2020-08-01T12:53:44.368Z - info: [8:53:44 PM] Reload for file change: C:\repos\nus-cs2103-AY2021S1\cs2103-website\book\gitAndGithub\branch\text.md
2020-08-01T12:53:45.378Z - info: Rebuilding 1 pages
2020-08-01T12:53:47.039Z - info: Pages rebuilt
2020-08-01T12:53:47.040Z - info: Website regeneration complete! Total build time: 1.667s
2020-08-01T12:53:47.044Z - info: Site data built
2020-08-01T13:02:44.247Z - info: [9:02:44 PM] Reload for file change: C:\repos\nus-cs2103-AY2021S1\cs2103-website\book\gitAndGithub\branch\text.md
2020-08-01T13:02:45.249Z - info: Rebuilding 1 pages
2020-08-01T13:02:46.977Z - info: Pages rebuilt
2020-08-01T13:02:46.978Z - info: Website regeneration complete! Total build time: 1.729s
2020-08-01T13:02:46.986Z - info: Site data built
2020-08-01T13:03:27.089Z - info: [9:03:27 PM] Reload for file change: C:\repos\nus-cs2103-AY2021S1\cs2103-website\book\gitAndGithub\branch\text.md
2020-08-01T13:03:28.104Z - info: Rebuilding 1 pages
2020-08-01T13:03:30.203Z - info: Pages rebuilt
2020-08-01T13:03:30.203Z - info: Website regeneration complete! Total build time: 2.111s
2020-08-01T13:03:30.208Z - info: Site data built
2020-08-01T13:04:04.509Z - info: [9:04:04 PM] Reload for file change: C:\repos\nus-cs2103-AY2021S1\cs2103-website\book\gitAndGithub\branch\text.md
2020-08-01T13:04:05.514Z - info: Rebuilding 1 pages
2020-08-01T13:04:07.252Z - info: Pages rebuilt
2020-08-01T13:04:07.252Z - info: Website regeneration complete! Total build time: 1.741s
2020-08-01T13:04:07.266Z - info: Site data built
2020-08-01T13:08:23.435Z - info: [9:08:23 PM] Reload for file change: C:\repos\nus-cs2103-AY2021S1\cs2103-website\book\gitAndGithub\branch\text.md
2020-08-01T13:08:24.444Z - info: Rebuilding 1 pages
2020-08-01T13:08:26.487Z - info: Pages rebuilt
2020-08-01T13:08:26.487Z - info: Website regeneration complete! Total build time: 2.049s
2020-08-01T13:08:26.493Z - info: Site data built
2020-08-01T13:27:41.912Z - info: [9:27:41 PM] Reload for file change: C:\repos\nus-cs2103-AY2021S1\cs2103-website\book\gitAndGithub\branch\text.md
2020-08-01T13:27:43.066Z - info: Rebuilding 1 pages
2020-08-01T13:27:46.730Z - info: Pages rebuilt
2020-08-01T13:27:46.730Z - info: Website regeneration complete! Total build time: 3.691s
2020-08-01T13:27:46.778Z - info: Site data built
2020-08-01T13:28:36.709Z - info: [9:28:36 PM] Reload for file change: C:\repos\nus-cs2103-AY2021S1\cs2103-website\book\gitAndGithub\branch\text.md
2020-08-01T13:28:37.714Z - info: Rebuilding 1 pages
2020-08-01T13:28:39.767Z - info: Pages rebuilt
2020-08-01T13:28:39.767Z - info: Website regeneration complete! Total build time: 2.057s
2020-08-01T13:28:39.771Z - info: Site data built
2020-08-01T13:28:55.982Z - info: [9:28:55 PM] Reload for file change: C:\repos\nus-cs2103-AY2021S1\cs2103-website\book\gitAndGithub\branch\text.md
2020-08-01T13:28:56.989Z - info: Rebuilding 1 pages
2020-08-01T13:28:59.019Z - info: Pages rebuilt
2020-08-01T13:28:59.019Z - info: Website regeneration complete! Total build time: 2.034s
2020-08-01T13:28:59.025Z - info: Site data built
2020-08-01T15:07:59.552Z - info: [11:07:59 PM] Reload for file change: C:\repos\nus-cs2103-AY2021S1\cs2103-website\book\gitAndGithub\branch\text.md
2020-08-01T15:08:00.590Z - info: Rebuilding 1 pages
2020-08-01T15:08:02.991Z - info: Pages rebuilt
2020-08-01T15:08:02.992Z - info: Website regeneration complete! Total build time: 2.412s
2020-08-01T15:08:03.075Z - info: Site data built
2020-08-01T15:08:09.172Z - info: [11:08:09 PM] Reload for file change: C:\repos\nus-cs2103-AY2021S1\cs2103-website\book\gitAndGithub\branch\text.md
2020-08-01T15:08:10.177Z - info: Rebuilding 1 pages
2020-08-01T15:08:11.860Z - info: Pages rebuilt
2020-08-01T15:08:11.861Z - info: Website regeneration complete! Total build time: 1.687s
2020-08-01T15:08:11.894Z - info: Site data built
2020-08-01T15:08:35.210Z - info: [11:08:35 PM] Reload for file change: C:\repos\nus-cs2103-AY2021S1\cs2103-website\book\gitAndGithub\branch\text.md
2020-08-01T15:08:36.222Z - info: Rebuilding 1 pages
2020-08-01T15:08:37.795Z - info: Pages rebuilt
2020-08-01T15:08:37.795Z - info: Website regeneration complete! Total build time: 1.583s
2020-08-01T15:08:37.800Z - info: Site data built
2020-08-01T15:08:52.847Z - info: [11:08:52 PM] Reload for file change: C:\repos\nus-cs2103-AY2021S1\cs2103-website\book\gitAndGithub\branch\text.md
2020-08-01T15:08:53.854Z - info: Rebuilding 1 pages
2020-08-01T15:08:55.403Z - info: Pages rebuilt
2020-08-01T15:08:55.404Z - info: Website regeneration complete! Total build time: 1.554s
2020-08-01T15:08:55.407Z - info: Site data built
2020-08-01T15:10:06.639Z - info: [11:10:06 PM] Reload for file change: C:\repos\nus-cs2103-AY2021S1\cs2103-website\book\gitAndGithub\branch\text.md
2020-08-01T15:10:07.641Z - info: Rebuilding 1 pages
2020-08-01T15:10:09.309Z - info: Pages rebuilt
2020-08-01T15:10:09.309Z - info: Website regeneration complete! Total build time: 1.67s
2020-08-01T15:10:09.317Z - info: Site data built
2020-08-01T15:10:41.006Z - info: [11:10:41 PM] Reload for file change: C:\repos\nus-cs2103-AY2021S1\cs2103-website\book\gitAndGithub\branch\text.md
2020-08-01T15:10:42.013Z - info: Rebuilding 1 pages
2020-08-01T15:10:43.776Z - info: Pages rebuilt
2020-08-01T15:10:43.776Z - info: Website regeneration complete! Total build time: 1.768s
2020-08-01T15:10:43.787Z - info: Site data built
2020-08-01T15:11:37.124Z - info: [11:11:37 PM] Reload for file change: C:\repos\nus-cs2103-AY2021S1\cs2103-website\book\gitAndGithub\branch\text.md
2020-08-01T15:11:38.134Z - info: Rebuilding 1 pages
2020-08-01T15:11:39.961Z - info: Pages rebuilt
2020-08-01T15:11:39.962Z - info: Website regeneration complete! Total build time: 1.833s
2020-08-01T15:11:39.975Z - info: Site data built
2020-08-01T15:13:05.696Z - info: [11:13:05 PM] Reload for file change: C:\repos\nus-cs2103-AY2021S1\cs2103-website\book\gitAndGithub\branch\text.md
2020-08-01T15:13:06.702Z - info: Rebuilding 1 pages
2020-08-01T15:13:08.525Z - info: Pages rebuilt
2020-08-01T15:13:08.525Z - info: Website regeneration complete! Total build time: 1.825s
2020-08-01T15:13:08.533Z - info: Site data built
2020-08-01T15:14:39.636Z - info: [11:14:39 PM] Reload for file change: C:\repos\nus-cs2103-AY2021S1\cs2103-website\book\gitAndGithub\branch\text.md
2020-08-01T15:14:40.641Z - info: Rebuilding 1 pages
2020-08-01T15:14:42.333Z - info: Pages rebuilt
2020-08-01T15:14:42.333Z - info: Website regeneration complete! Total build time: 1.695s
2020-08-01T15:14:42.343Z - info: Site data built
2020-08-01T15:16:02.267Z - info: [11:16:02 PM] Reload for file change: C:\repos\nus-cs2103-AY2021S1\cs2103-website\book\gitAndGithub\createPRs\text.md
2020-08-01T15:16:03.274Z - info: Rebuilding 1 pages
2020-08-01T15:16:05.065Z - info: Pages rebuilt
2020-08-01T15:16:05.066Z - info: Website regeneration complete! Total build time: 1.797s
2020-08-01T15:16:05.074Z - info: Site data built
2020-08-01T15:18:23.491Z - info: [11:18:23 PM] Reload for file change: C:\repos\nus-cs2103-AY2021S1\cs2103-website\book\gitAndGithub\createPRs\text.md
2020-08-01T15:18:24.500Z - info: Rebuilding 1 pages
2020-08-01T15:18:26.194Z - info: Pages rebuilt
2020-08-01T15:18:26.194Z - info: Website regeneration complete! Total build time: 1.701s
2020-08-01T15:18:26.205Z - info: Site data built
2020-08-01T15:20:09.547Z - info: [11:20:09 PM] Reload for file change: C:\repos\nus-cs2103-AY2021S1\cs2103-website\schedule\week3\topics.md
2020-08-01T15:20:10.550Z - info: Rebuilding 1 pages
2020-08-01T15:20:12.125Z - info: Pages rebuilt
2020-08-01T15:20:12.125Z - info: Website regeneration complete! Total build time: 1.577s
2020-08-01T15:20:12.132Z - info: Site data built
2020-08-01T15:20:32.854Z - info: [11:20:32 PM] Reload for file change: C:\repos\nus-cs2103-AY2021S1\cs2103-website\schedule\week3\topics.md
2020-08-01T15:20:33.858Z - info: Rebuilding 1 pages
2020-08-01T15:20:35.447Z - info: Pages rebuilt
2020-08-01T15:20:35.448Z - info: Website regeneration complete! Total build time: 1.591s
2020-08-01T15:20:35.454Z - info: Site data built
2020-08-01T15:22:47.690Z - info: [11:22:47 PM] Reload for file change: C:\repos\nus-cs2103-AY2021S1\cs2103-website\schedule\week3\topics.md
2020-08-01T15:22:48.701Z - info: Rebuilding 1 pages
2020-08-01T15:22:50.391Z - info: Pages rebuilt
2020-08-01T15:22:50.391Z - info: Website regeneration complete! Total build time: 1.697s
2020-08-01T15:22:50.395Z - info: Site data built
2020-08-01T15:36:49.124Z - info: Building C:\repos\nus-cs2103-AY2021S1\cs2103-website\schedule\week4\topics as some of its dependencies were changed since the last visit
2020-08-01T15:36:55.264Z - debug:  
2020-08-01T15:36:55.265Z - debug:  
2020-08-01T15:36:55.283Z - info: Site data built
2020-08-01T15:36:55.285Z - info: Lazy website regeneration complete! Total build time: 6.163s
2020-08-01T15:37:06.654Z - info: Building C:\repos\nus-cs2103-AY2021S1\cs2103-website\se-book-adapted\index as some of its dependencies were changed since the last visit
2020-08-01T15:37:06.856Z - info: Site data built
2020-08-01T15:37:06.857Z - info: Lazy website regeneration complete! Total build time: 0.204s
2020-08-01T15:37:10.727Z - info: Building C:\repos\nus-cs2103-AY2021S1\cs2103-website\se-book-adapted\chapters\codeQuality as some of its dependencies were changed since the last visit
2020-08-01T15:37:12.225Z - info: Site data built
2020-08-01T15:37:12.226Z - info: Lazy website regeneration complete! Total build time: 1.5s
