2020-10-19T05:35:37.083Z - info: Website generation started at 1:35:28 PM
2020-10-19T05:35:50.722Z - info: Building assets...
2020-10-19T05:35:59.439Z - info: Assets built
2020-10-19T05:35:59.440Z - info: Generating pages...
2020-10-19T05:36:14.899Z - debug: The process cannot access the file because it is being used by another process.

2020-10-19T05:36:14.900Z - debug: The process cannot access the file because it is being used by another process.

2020-10-19T05:36:18.661Z - debug:  
2020-10-19T05:36:18.661Z - debug:  
2020-10-19T05:36:18.662Z - debug:  
2020-10-19T05:36:18.663Z - debug:  
2020-10-19T05:36:18.664Z - debug:  
2020-10-19T05:36:19.983Z - debug:  
2020-10-19T05:36:19.984Z - debug:  
2020-10-19T05:36:19.984Z - debug:  
2020-10-19T05:36:26.303Z - debug:  
2020-10-19T05:36:26.304Z - debug:  
2020-10-19T05:36:29.329Z - debug: The process cannot access the file because it is being used by another process.

2020-10-19T05:36:29.329Z - debug: The process cannot access the file because it is being used by another process.

2020-10-19T05:36:29.330Z - debug:  
2020-10-19T05:36:29.868Z - debug:  
2020-10-19T05:36:29.868Z - debug:  
2020-10-19T05:36:29.868Z - debug:  
2020-10-19T05:36:30.176Z - debug: The process cannot access the file because it is being used by another process.

2020-10-19T05:36:30.176Z - debug: The process cannot access the file because it is being used by another process.

2020-10-19T05:36:34.048Z - debug:  
2020-10-19T05:36:34.126Z - debug:  
2020-10-19T05:36:48.415Z - debug: The process cannot access the file because it is being used by another process.

2020-10-19T05:36:49.314Z - debug: The process cannot access the file because it is being used by another process.

2020-10-19T05:36:50.177Z - debug: The process cannot access the file because it is being used by another process.

2020-10-19T05:36:50.177Z - debug:  
2020-10-19T05:36:51.909Z - debug: The process cannot access the file because it is being used by another process.

2020-10-19T05:36:52.815Z - debug: The process cannot access the file because it is being used by another process.

2020-10-19T05:36:54.275Z - debug:  
2020-10-19T05:36:55.793Z - debug:  
2020-10-19T05:36:58.225Z - debug: The process cannot access the file because it is being used by another process.

2020-10-19T05:36:58.254Z - debug: The process cannot access the file because it is being used by another process.

2020-10-19T05:36:59.940Z - debug:  
2020-10-19T05:37:00.028Z - debug: The process cannot access the file because it is being used by another process.

2020-10-19T05:37:00.229Z - debug:  
2020-10-19T05:37:02.338Z - debug: The process cannot access the file because it is being used by another process.

2020-10-19T05:37:02.727Z - debug:  
2020-10-19T05:37:03.630Z - debug:  
2020-10-19T05:37:11.238Z - debug: The process cannot access the file because it is being used by another process.

2020-10-19T05:37:13.191Z - debug: The process cannot access the file because it is being used by another process.

2020-10-19T05:37:13.306Z - debug:  
2020-10-19T05:37:41.185Z - debug:  
2020-10-19T05:37:41.186Z - debug:  
2020-10-19T05:37:41.187Z - debug:  
2020-10-19T05:37:41.187Z - debug:  
2020-10-19T05:37:43.216Z - debug: The process cannot access the file because it is being used by another process.

2020-10-19T05:37:46.858Z - debug:  
2020-10-19T05:37:47.143Z - debug:  
2020-10-19T05:37:47.143Z - debug:  
2020-10-19T05:37:49.965Z - debug:  
2020-10-19T05:37:57.116Z - debug:  
2020-10-19T05:37:57.116Z - debug:  
2020-10-19T05:37:57.657Z - debug:  
2020-10-19T05:37:57.658Z - debug:  
2020-10-19T05:38:03.640Z - debug: The process cannot access the file because it is being used by another process.

2020-10-19T05:38:05.928Z - debug:  
2020-10-19T05:38:07.792Z - debug:  
2020-10-19T05:38:07.792Z - debug:  
2020-10-19T05:38:13.173Z - debug:  
2020-10-19T05:38:23.815Z - debug:  
2020-10-19T05:38:29.875Z - debug:  
2020-10-19T05:38:29.876Z - debug:  
2020-10-19T05:38:34.697Z - debug:  
2020-10-19T05:38:34.697Z - debug:  
2020-10-19T05:38:51.152Z - debug:  
2020-10-19T05:38:54.314Z - debug:  
2020-10-19T05:39:22.607Z - debug:  
2020-10-19T05:39:37.719Z - debug:  
2020-10-19T05:39:37.719Z - debug:  
2020-10-19T05:39:51.671Z - info: Pages built
2020-10-19T05:40:24.554Z - info: Website generation complete! Total build time: 295.755s
2020-10-19T05:40:24.556Z - info: Build success!
2020-10-19T05:40:24.557Z - debug:  
2020-10-19T05:40:24.559Z - info: Site data built
2020-10-19T05:41:22.876Z - info: Deployed!
2020-10-19T15:27:37.340Z - info: Website generation (lazy) started at 11:27:29 PM
2020-10-19T15:27:49.445Z - info: Building assets...
2020-10-19T15:27:56.662Z - info: Assets built
2020-10-19T15:27:56.663Z - info: Generating landing page...
2020-10-19T15:27:57.754Z - info: Landing page built, other pages will be built as you navigate to them!
2020-10-19T15:27:57.856Z - info: Website generation (lazy) complete! Total build time: 28.2s
2020-10-19T15:27:58.817Z - info: Serving "C:\repos\nus-cs2103-AY2021S1\cs2103-website\_site" at http://127.0.0.1:8080
2020-10-19T15:27:58.818Z - info: Press CTRL+C to stop ...
2020-10-19T15:27:58.890Z - info: Site data built
2020-10-19T15:29:16.890Z - info: Building C:\repos\nus-cs2103-AY2021S1\cs2103-website\schedule\week9\topics as some of its dependencies were changed since the last visit
2020-10-19T15:29:21.342Z - info: Site data built
2020-10-19T15:29:21.343Z - info: Lazy website regeneration complete! Total build time: 4.454s
2020-10-19T15:29:45.514Z - info: Building C:\repos\nus-cs2103-AY2021S1\cs2103-website\schedule\week10\topics as some of its dependencies were changed since the last visit
2020-10-19T15:29:48.293Z - info: Site data built
2020-10-19T15:29:48.294Z - info: Lazy website regeneration complete! Total build time: 2.781s
2020-10-19T15:33:36.415Z - info: [11:33:36 PM] Reload for file add: C:\repos\nus-cs2103-AY2021S1\cs2103-website\schedule\week10\commentary-tic2002.mbdf
2020-10-19T15:33:37.418Z - info: File added or removed, updating list of site's pages...
2020-10-19T15:33:42.696Z - info: Assets removed
2020-10-19T15:33:43.943Z - info: Building C:\repos\nus-cs2103-AY2021S1\cs2103-website\schedule\week10\topics as some of its dependencies were changed since the last visit
2020-10-19T15:33:46.984Z - info: Site data built
2020-10-19T15:33:46.984Z - info: Lazy website regeneration complete! Total build time: 3.042s
2020-10-19T15:34:08.515Z - info: [11:34:08 PM] Reload for file change: C:\repos\nus-cs2103-AY2021S1\cs2103-website\schedule\week10\commentary-tic2002.mbdf
2020-10-19T15:34:09.526Z - info: Rebuilding 1 pages
2020-10-19T15:34:11.922Z - info: Pages rebuilt
2020-10-19T15:34:11.922Z - info: Website regeneration complete! Total build time: 2.4s
2020-10-19T15:34:11.936Z - info: Site data built
2020-10-19T15:35:57.931Z - info: [11:35:57 PM] Reload for file change: C:\repos\nus-cs2103-AY2021S1\cs2103-website\admin\common-commentary.mbdf
2020-10-19T15:35:58.943Z - info: Rebuilding 1 pages
2020-10-19T15:36:01.749Z - info: Pages rebuilt
2020-10-19T15:36:01.749Z - info: Website regeneration complete! Total build time: 2.811s
2020-10-19T15:36:01.773Z - info: Site data built
2020-10-19T15:40:41.480Z - info: [11:40:41 PM] Reload for file change: C:\repos\nus-cs2103-AY2021S1\cs2103-website\admin\common-commentary.mbdf
2020-10-19T15:40:42.217Z - info: [11:40:42 PM] Reload for file change: C:\repos\nus-cs2103-AY2021S1\cs2103-website\debug.log
2020-10-19T15:40:42.484Z - info: Rebuilding 1 pages
2020-10-19T15:40:45.193Z - info: Assets built
2020-10-19T15:40:45.618Z - info: Pages rebuilt
2020-10-19T15:40:45.618Z - info: Website regeneration complete! Total build time: 3.135s
2020-10-19T15:40:45.645Z - info: Site data built
2020-10-19T15:41:38.239Z - info: [11:41:38 PM] Reload for file change: C:\repos\nus-cs2103-AY2021S1\cs2103-website\_module-TIC2002\weeklyTextbookTopics.mbdf
2020-10-19T15:41:38.259Z - info: [11:41:38 PM] Reload for file change: C:\repos\nus-cs2103-AY2021S1\cs2103-website\schedule\week10\commentary-tic2002.mbdf
2020-10-19T15:41:39.246Z - info: Rebuilding 1 pages
2020-10-19T15:41:42.159Z - info: Pages rebuilt
2020-10-19T15:41:42.159Z - info: Website regeneration complete! Total build time: 2.917s
2020-10-19T15:41:42.193Z - info: Site data built
2020-10-19T15:43:01.583Z - info: [11:43:01 PM] Reload for file change: C:\repos\nus-cs2103-AY2021S1\cs2103-website\_module-TIC2002\weeklyTextbookTopics.mbdf
2020-10-19T15:43:02.601Z - info: No pages needed to be rebuilt
2020-10-19T15:43:21.110Z - info: Website generation (lazy) started at 11:43:17 PM
2020-10-19T15:43:29.416Z - info: Building assets...
2020-10-19T15:43:35.045Z - info: Assets built
2020-10-19T15:43:35.046Z - info: Generating landing page...
2020-10-19T15:44:11.139Z - info: Website generation (lazy) started at 11:44:08 PM
2020-10-19T15:44:18.968Z - info: Building assets...
2020-10-19T15:44:25.027Z - info: Assets built
2020-10-19T15:44:25.028Z - info: Generating landing page...
2020-10-19T15:44:26.190Z - info: Landing page built, other pages will be built as you navigate to them!
2020-10-19T15:44:26.303Z - info: Website generation (lazy) complete! Total build time: 17.585s
2020-10-19T15:44:27.193Z - info: Serving "C:\repos\nus-cs2103-AY2021S1\cs2103-website\_site" at http://127.0.0.1:8080
2020-10-19T15:44:27.193Z - info: Press CTRL+C to stop ...
2020-10-19T15:44:27.266Z - info: Site data built
2020-10-19T15:44:27.751Z - info: [11:44:27 PM] Reload for file change: C:\repos\nus-cs2103-AY2021S1\cs2103-website\admin\common-commentary.mbdf
2020-10-19T15:44:29.191Z - info: No pages needed to be rebuilt
2020-10-19T15:44:38.586Z - info: [11:44:38 PM] Reload for file change: C:\repos\nus-cs2103-AY2021S1\cs2103-website\admin\common-commentary.mbdf
2020-10-19T15:44:39.756Z - info: No pages needed to be rebuilt
2020-10-19T15:44:41.536Z - info: Building C:\repos\nus-cs2103-AY2021S1\cs2103-website\schedule\week10\topics as some of its dependencies were changed since the last visit
2020-10-19T15:44:44.774Z - info: Site data built
2020-10-19T15:44:44.775Z - info: Lazy website regeneration complete! Total build time: 3.24s
2020-10-19T15:45:32.869Z - info: [11:45:32 PM] Reload for file change: C:\repos\nus-cs2103-AY2021S1\cs2103-website\admin\common-commentary.mbdf
2020-10-19T15:45:33.873Z - info: Rebuilding 1 pages
2020-10-19T15:45:36.964Z - info: Pages rebuilt
2020-10-19T15:45:36.964Z - info: Website regeneration complete! Total build time: 3.093s
2020-10-19T15:45:37.009Z - info: Site data built
2020-10-19T15:47:49.555Z - info: [11:47:49 PM] Reload for file change: C:\repos\nus-cs2103-AY2021S1\cs2103-website\_module-TIC2002\weeklyTextbookTopics.mbdf
2020-10-19T15:47:50.563Z - info: No pages needed to be rebuilt
2020-10-19T15:48:00.527Z - info: Website generation (lazy) started at 11:47:58 PM
2020-10-19T15:48:07.991Z - info: Building assets...
2020-10-19T15:48:15.579Z - info: Assets built
2020-10-19T15:48:15.581Z - info: Generating landing page...
2020-10-19T15:48:17.711Z - info: Landing page built, other pages will be built as you navigate to them!
2020-10-19T15:48:17.816Z - info: Website generation (lazy) complete! Total build time: 19.65s
2020-10-19T15:48:19.312Z - info: Serving "C:\repos\nus-cs2103-AY2021S1\cs2103-website\_site" at http://127.0.0.1:8080
2020-10-19T15:48:19.312Z - info: Press CTRL+C to stop ...
2020-10-19T15:48:19.394Z - info: Site data built
