2020-07-29T02:55:19.106Z - info: Website generation (lazy) started at 10:55:09 AM
2020-07-29T02:55:37.041Z - info: Building assets...
2020-07-29T02:55:47.480Z - info: Assets built
2020-07-29T02:55:47.481Z - info: Generating landing page...
2020-07-29T02:55:48.348Z - info: Landing page built, other pages will be built as you navigate to them!
2020-07-29T02:55:48.456Z - info: Website generation (lazy) complete! Total build time: 38.894s
2020-07-29T02:55:49.341Z - info: Serving "C:\repos\nus-cs2103-AY2021S1\cs2103-website\_site" at http://127.0.0.1:8080
2020-07-29T02:55:49.341Z - info: Press CTRL+C to stop ...
2020-07-29T02:55:50.116Z - info: Site data built
2020-07-29T02:56:38.203Z - info: [10:56:38 AM] Reload for file change: C:\repos\nus-cs2103-AY2021S1\cs2103-website\site.json
2020-07-29T02:56:39.295Z - info: Assets built
2020-07-29T02:56:48.222Z - info: Website generation (lazy) started at 10:56:45 AM
2020-07-29T02:57:04.944Z - info: Building assets...
2020-07-29T02:57:16.613Z - info: Assets built
2020-07-29T02:57:16.614Z - info: Generating landing page...
2020-07-29T02:57:17.455Z - info: Landing page built, other pages will be built as you navigate to them!
2020-07-29T02:57:17.555Z - info: Website generation (lazy) complete! Total build time: 32.026s
2020-07-29T02:57:18.691Z - info: Serving "C:\repos\nus-cs2103-AY2021S1\cs2103-website\_site" at http://127.0.0.1:8080
2020-07-29T02:57:18.691Z - info: Press CTRL+C to stop ...
2020-07-29T02:57:18.849Z - info: Site data built
2020-07-29T02:59:03.716Z - info: Website generation started at 10:59:00 AM
2020-07-29T02:59:22.374Z - info: Building assets...
