2020-09-11T14:44:03.802Z - info: Website generation started at 10:43:56 PM
2020-09-11T14:44:11.491Z - info: Building assets...
2020-09-11T14:44:17.267Z - info: Assets built
2020-09-11T14:44:17.268Z - info: Generating pages...
2020-09-11T14:44:35.762Z - debug: The process cannot access the file because it is being used by another process.

2020-09-11T14:44:35.762Z - debug: The process cannot access the file because it is being used by another process.

2020-09-11T14:44:39.998Z - debug:  
2020-09-11T14:44:39.999Z - debug:  
2020-09-11T14:44:39.999Z - debug:  
2020-09-11T14:44:39.999Z - debug:  
2020-09-11T14:44:40.000Z - debug:  
2020-09-11T14:44:41.204Z - debug:  
2020-09-11T14:44:41.205Z - debug:  
2020-09-11T14:44:41.205Z - debug:  
2020-09-11T14:44:47.394Z - debug:  
2020-09-11T14:44:47.395Z - debug: The process cannot access the file because it is being used by another process.

2020-09-11T14:44:47.395Z - debug:  
2020-09-11T14:44:49.328Z - debug: The process cannot access the file because it is being used by another process.

2020-09-11T14:44:49.329Z - debug: The process cannot access the file because it is being used by another process.

2020-09-11T14:44:49.329Z - debug:  
2020-09-11T14:44:49.462Z - debug:  
2020-09-11T14:44:49.462Z - debug:  
2020-09-11T14:44:50.183Z - debug: The process cannot access the file because it is being used by another process.

2020-09-11T14:44:50.183Z - debug: The process cannot access the file because it is being used by another process.

2020-09-11T14:44:53.348Z - debug:  
2020-09-11T14:44:53.349Z - debug:  
2020-09-11T14:45:06.310Z - debug: The process cannot access the file because it is being used by another process.

2020-09-11T14:45:07.083Z - debug: The process cannot access the file because it is being used by another process.

2020-09-11T14:45:07.812Z - debug: The process cannot access the file because it is being used by another process.

2020-09-11T14:45:07.812Z - debug:  
2020-09-11T14:45:09.394Z - debug: The process cannot access the file because it is being used by another process.

2020-09-11T14:45:09.951Z - debug: The process cannot access the file because it is being used by another process.

2020-09-11T14:45:12.020Z - debug:  
2020-09-11T14:45:13.362Z - debug:  
2020-09-11T14:45:15.808Z - debug: The process cannot access the file because it is being used by another process.

2020-09-11T14:45:15.809Z - debug: The process cannot access the file because it is being used by another process.

2020-09-11T14:45:17.153Z - debug: The process cannot access the file because it is being used by another process.

2020-09-11T14:45:17.153Z - debug: The process cannot access the file because it is being used by another process.

2020-09-11T14:45:17.406Z - debug:  
2020-09-11T14:45:19.475Z - debug:  
2020-09-11T14:45:21.196Z - debug:  
2020-09-11T14:45:21.213Z - debug:  
2020-09-11T14:45:27.255Z - debug: The process cannot access the file because it is being used by another process.

2020-09-11T14:45:29.234Z - debug: The process cannot access the file because it is being used by another process.

2020-09-11T14:45:29.385Z - debug:  
2020-09-11T14:45:51.573Z - debug:  
2020-09-11T14:45:51.574Z - debug:  
2020-09-11T14:45:51.681Z - debug:  
2020-09-11T14:45:51.682Z - debug:  
2020-09-11T14:45:53.246Z - debug: The process cannot access the file because it is being used by another process.

2020-09-11T14:45:56.859Z - debug:  
2020-09-11T14:45:57.339Z - debug:  
2020-09-11T14:45:57.340Z - debug:  
2020-09-11T14:45:59.788Z - debug:  
2020-09-11T14:46:07.008Z - debug:  
2020-09-11T14:46:07.009Z - debug:  
2020-09-11T14:46:07.009Z - debug:  
2020-09-11T14:46:07.009Z - debug:  
2020-09-11T14:46:16.067Z - debug: The process cannot access the file because it is being used by another process.

2020-09-11T14:46:16.068Z - debug:  
2020-09-11T14:46:16.430Z - debug:  
2020-09-11T14:46:16.430Z - debug:  
2020-09-11T14:46:22.129Z - debug:  
2020-09-11T14:46:32.348Z - debug:  
2020-09-11T14:46:35.034Z - debug:  
2020-09-11T14:46:35.034Z - debug:  
2020-09-11T14:46:40.857Z - debug:  
2020-09-11T14:46:40.858Z - debug:  
2020-09-11T14:46:55.001Z - debug:  
2020-09-11T14:46:55.489Z - debug:  
2020-09-11T14:47:23.329Z - debug:  
2020-09-11T14:47:38.594Z - debug:  
2020-09-11T14:47:38.595Z - debug:  
2020-09-11T14:47:51.387Z - info: Pages built
2020-09-11T14:48:22.834Z - info: Website generation complete! Total build time: 266.064s
2020-09-11T14:48:22.839Z - info: Build success!
2020-09-11T14:48:22.840Z - debug:  
2020-09-11T14:48:22.842Z - info: Site data built
2020-09-11T14:48:58.690Z - info: Deployed!
2020-09-11T14:51:19.829Z - info: Website generation started at 10:51:14 PM
2020-09-11T14:51:28.631Z - info: Building assets...
2020-09-11T14:51:34.300Z - info: Assets built
2020-09-11T14:51:34.301Z - info: Generating pages...
2020-09-11T14:51:48.210Z - debug: The process cannot access the file because it is being used by another process.

2020-09-11T14:51:48.240Z - debug: The process cannot access the file because it is being used by another process.

2020-09-11T14:51:51.397Z - debug:  
2020-09-11T14:51:51.406Z - debug:  
2020-09-11T14:51:51.407Z - debug:  
2020-09-11T14:51:51.407Z - debug:  
2020-09-11T14:51:51.407Z - debug:  
2020-09-11T14:51:52.959Z - debug:  
2020-09-11T14:51:57.583Z - debug:  
2020-09-11T14:51:57.584Z - debug:  
2020-09-11T14:51:57.584Z - debug: The process cannot access the file because it is being used by another process.

2020-09-11T14:51:57.584Z - debug: The process cannot access the file because it is being used by another process.

2020-09-11T14:51:57.585Z - debug:  
2020-09-11T14:51:58.021Z - debug:  
2020-09-11T14:51:59.335Z - debug: The process cannot access the file because it is being used by another process.

2020-09-11T14:51:59.335Z - debug: The process cannot access the file because it is being used by another process.

2020-09-11T14:51:59.448Z - debug:  
2020-09-11T14:51:59.448Z - debug:  
2020-09-11T14:52:00.278Z - debug: The process cannot access the file because it is being used by another process.

2020-09-11T14:52:00.279Z - debug: The process cannot access the file because it is being used by another process.

2020-09-11T14:52:03.452Z - debug:  
2020-09-11T14:52:03.612Z - debug:  
2020-09-11T14:52:15.979Z - debug: The process cannot access the file because it is being used by another process.

2020-09-11T14:52:16.641Z - debug: The process cannot access the file because it is being used by another process.

2020-09-11T14:52:17.620Z - debug: The process cannot access the file because it is being used by another process.

2020-09-11T14:52:17.759Z - debug:  
2020-09-11T14:52:19.004Z - debug: The process cannot access the file because it is being used by another process.

2020-09-11T14:52:19.607Z - debug: The process cannot access the file because it is being used by another process.

2020-09-11T14:52:20.604Z - debug:  
2020-09-11T14:52:22.407Z - debug:  
2020-09-11T14:52:24.406Z - debug: The process cannot access the file because it is being used by another process.

2020-09-11T14:52:24.407Z - debug: The process cannot access the file because it is being used by another process.

2020-09-11T14:52:26.057Z - debug: The process cannot access the file because it is being used by another process.

2020-09-11T14:52:26.058Z - debug: The process cannot access the file because it is being used by another process.

2020-09-11T14:52:26.212Z - debug:  
2020-09-11T14:52:27.779Z - debug:  
2020-09-11T14:52:29.881Z - debug:  
2020-09-11T14:52:30.020Z - debug:  
2020-09-11T14:52:35.077Z - debug: The process cannot access the file because it is being used by another process.

2020-09-11T14:52:37.080Z - debug: The process cannot access the file because it is being used by another process.

2020-09-11T14:52:37.530Z - debug:  
2020-09-11T14:52:58.421Z - debug:  
2020-09-11T14:52:58.422Z - debug:  
2020-09-11T14:52:58.422Z - debug:  
2020-09-11T14:52:58.422Z - debug:  
2020-09-11T14:53:04.110Z - debug:  
2020-09-11T14:53:04.110Z - debug:  
2020-09-11T14:53:04.111Z - debug:  
2020-09-11T14:53:12.648Z - debug:  
2020-09-11T14:53:13.261Z - debug:  
2020-09-11T14:53:13.262Z - debug:  
2020-09-11T14:53:13.262Z - debug:  
2020-09-11T14:53:13.262Z - debug:  
2020-09-11T14:53:20.098Z - debug:  
2020-09-11T14:53:20.099Z - debug:  
2020-09-11T14:53:20.099Z - debug:  
2020-09-11T14:53:24.135Z - debug:  
2020-09-11T14:53:29.274Z - debug:  
2020-09-11T14:53:37.812Z - debug:  
2020-09-11T14:53:41.956Z - debug:  
2020-09-11T14:53:41.957Z - debug:  
2020-09-11T14:54:00.516Z - debug:  
2020-09-11T14:54:10.650Z - debug:  
2020-09-11T14:54:10.650Z - debug:  
2020-09-11T14:54:16.124Z - info: Pages built
2020-09-11T14:54:37.523Z - info: Website generation complete! Total build time: 202.985s
2020-09-11T14:54:37.524Z - info: Build success!
2020-09-11T14:54:37.527Z - debug:  
2020-09-11T14:54:37.543Z - info: Site data built
2020-09-11T14:55:16.697Z - info: Deployed!
