2020-10-27T15:05:21.607Z - info: Website generation started at 11:05:12 PM
2020-10-27T15:05:32.892Z - info: Building assets...
2020-10-27T15:05:40.173Z - info: Assets built
2020-10-27T15:05:40.174Z - info: Generating pages...
2020-10-27T15:06:00.071Z - debug: The process cannot access the file because it is being used by another process.

2020-10-27T15:06:00.072Z - debug: The process cannot access the file because it is being used by another process.

2020-10-27T15:06:01.363Z - debug: The process cannot access the file because it is being used by another process.

2020-10-27T15:06:01.365Z - debug: The process cannot access the file because it is being used by another process.

2020-10-27T15:06:01.368Z - debug:  
2020-10-27T15:06:01.368Z - debug:  
2020-10-27T15:06:01.369Z - debug:  
2020-10-27T15:06:01.369Z - debug:  
2020-10-27T15:06:01.369Z - debug:  
2020-10-27T15:06:06.725Z - debug: The process cannot access the file because it is being used by another process.

2020-10-27T15:06:06.726Z - debug: The process cannot access the file because it is being used by another process.

2020-10-27T15:06:06.726Z - debug:  
2020-10-27T15:06:08.937Z - debug: The process cannot access the file because it is being used by another process.

2020-10-27T15:06:08.937Z - debug: The process cannot access the file because it is being used by another process.

2020-10-27T15:06:08.937Z - debug:  
2020-10-27T15:06:09.260Z - debug:  
2020-10-27T15:06:09.261Z - debug:  
2020-10-27T15:06:09.576Z - debug: The process cannot access the file because it is being used by another process.

2020-10-27T15:06:09.577Z - debug: The process cannot access the file because it is being used by another process.

2020-10-27T15:06:13.537Z - debug:  
2020-10-27T15:06:13.538Z - debug:  
2020-10-27T15:06:28.255Z - debug: The process cannot access the file because it is being used by another process.

2020-10-27T15:06:29.240Z - debug: The process cannot access the file because it is being used by another process.

2020-10-27T15:06:29.987Z - debug: The process cannot access the file because it is being used by another process.

2020-10-27T15:06:29.988Z - debug:  
2020-10-27T15:06:31.944Z - debug: The process cannot access the file because it is being used by another process.

2020-10-27T15:06:32.677Z - debug: The process cannot access the file because it is being used by another process.

2020-10-27T15:06:33.979Z - debug:  
2020-10-27T15:06:36.023Z - debug:  
2020-10-27T15:06:37.784Z - debug: The process cannot access the file because it is being used by another process.

2020-10-27T15:06:37.785Z - debug: The process cannot access the file because it is being used by another process.

2020-10-27T15:06:40.626Z - debug: The process cannot access the file because it is being used by another process.

2020-10-27T15:06:40.627Z - debug: The process cannot access the file because it is being used by another process.

2020-10-27T15:06:40.628Z - debug:  
2020-10-27T15:06:40.923Z - debug:  
2020-10-27T15:06:46.674Z - debug:  
2020-10-27T15:06:46.811Z - debug:  
2020-10-27T15:06:53.028Z - debug: The process cannot access the file because it is being used by another process.

2020-10-27T15:06:55.342Z - debug: The process cannot access the file because it is being used by another process.

2020-10-27T15:06:55.649Z - debug:  
2020-10-27T15:07:21.503Z - debug:  
2020-10-27T15:07:21.660Z - debug:  
2020-10-27T15:07:21.662Z - debug:  
2020-10-27T15:07:21.877Z - debug:  
2020-10-27T15:07:26.811Z - debug:  
2020-10-27T15:07:28.762Z - debug:  
2020-10-27T15:07:28.762Z - debug:  
2020-10-27T15:07:35.932Z - debug:  
2020-10-27T15:07:35.932Z - debug:  
2020-10-27T15:07:35.932Z - debug:  
2020-10-27T15:07:35.933Z - debug:  
2020-10-27T15:07:36.026Z - debug:  
2020-10-27T15:07:41.079Z - debug: The process cannot access the file because it is being used by another process.

2020-10-27T15:07:43.088Z - debug:  
2020-10-27T15:07:45.562Z - debug:  
2020-10-27T15:07:45.563Z - debug:  
2020-10-27T15:07:51.612Z - debug:  
2020-10-27T15:08:00.771Z - debug:  
2020-10-27T15:08:06.868Z - debug:  
2020-10-27T15:08:17.319Z - debug:  
2020-10-27T15:08:17.320Z - debug:  
2020-10-27T15:08:21.197Z - info: Pages built
2020-10-27T15:08:44.170Z - info: Website generation complete! Total build time: 211.494s
2020-10-27T15:08:44.180Z - info: Build success!
2020-10-27T15:08:44.187Z - info: Site data built
2020-10-27T15:09:51.193Z - info: Deployed!
