2020-10-18T14:11:08.278Z - info: Website generation (lazy) started at 10:11:01 PM
2020-10-18T14:11:16.796Z - info: Building assets...
2020-10-18T14:11:22.617Z - info: Assets built
2020-10-18T14:11:22.618Z - info: Generating landing page...
2020-10-18T14:11:24.138Z - info: Landing page built, other pages will be built as you navigate to them!
2020-10-18T14:11:24.259Z - info: Website generation (lazy) complete! Total build time: 22.708s
2020-10-18T14:11:25.235Z - info: Serving "C:\repos\nus-cs2103-AY2021S1\cs2103-website\_site" at http://127.0.0.1:8080
2020-10-18T14:11:25.235Z - info: Press CTRL+C to stop ...
2020-10-18T14:11:25.335Z - info: Site data built
2020-10-18T14:12:08.587Z - info: [10:12:08 PM] Reload for file change: C:\repos\nus-cs2103-AY2021S1\cs2103-website\schedule\week10\tutorial-cs2103.mbdf
2020-10-18T14:12:09.590Z - info: No pages needed to be rebuilt
2020-10-18T14:12:14.821Z - info: Building C:\repos\nus-cs2103-AY2021S1\cs2103-website\schedule\week10\tutorial as some of its dependencies were changed since the last visit
2020-10-18T14:12:15.565Z - info: Site data built
2020-10-18T14:12:15.566Z - info: Lazy website regeneration complete! Total build time: 0.746s
2020-10-18T14:12:41.148Z - info: [10:12:41 PM] Reload for file change: C:\repos\nus-cs2103-AY2021S1\cs2103-website\schedule\week10\tutorial-cs2103.mbdf
2020-10-18T14:12:42.153Z - info: Rebuilding 1 pages
2020-10-18T14:12:42.499Z - info: Pages rebuilt
2020-10-18T14:12:42.500Z - info: Website regeneration complete! Total build time: 0.348s
2020-10-18T14:12:42.516Z - info: Site data built
2020-10-18T14:12:50.722Z - info: [10:12:50 PM] Reload for file change: C:\repos\nus-cs2103-AY2021S1\cs2103-website\schedule\week10\tutorial-cs2103.mbdf
2020-10-18T14:12:51.725Z - info: Rebuilding 1 pages
2020-10-18T14:12:52.017Z - info: Pages rebuilt
2020-10-18T14:12:52.017Z - info: Website regeneration complete! Total build time: 0.294s
2020-10-18T14:12:52.021Z - info: Site data built
2020-10-18T15:07:36.577Z - info: [11:07:36 PM] Reload for file change: C:\repos\nus-cs2103-AY2021S1\cs2103-website\debug.log
2020-10-18T15:07:37.671Z - info: Assets built
2020-10-18T15:25:05.092Z - info: Website generation started at 11:25:02 PM
2020-10-18T15:25:18.283Z - info: Building assets...
