2020-10-04T07:22:21.474Z - info: Website generation (lazy) started at 3:22:15 PM
2020-10-04T07:22:34.468Z - info: Building assets...
2020-10-04T07:22:45.045Z - info: Assets built
2020-10-04T07:22:45.046Z - info: Generating landing page...
2020-10-04T07:22:46.807Z - info: Landing page built, other pages will be built as you navigate to them!
2020-10-04T07:22:46.914Z - info: Website generation (lazy) complete! Total build time: 31.669s
2020-10-04T07:22:48.041Z - info: Serving "C:\repos\nus-cs2103-AY2021S1\cs2103-website\_site" at http://127.0.0.1:8080
2020-10-04T07:22:48.042Z - info: Press CTRL+C to stop ...
2020-10-04T07:22:48.113Z - info: Site data built
2020-10-04T07:29:14.508Z - info: Building C:\repos\nus-cs2103-AY2021S1\cs2103-website\schedule\week7\index as some of its dependencies were changed since the last visit
2020-10-04T07:29:16.079Z - info: Site data built
2020-10-04T07:29:16.080Z - info: Lazy website regeneration complete! Total build time: 1.573s
2020-10-04T07:29:19.076Z - info: Building C:\repos\nus-cs2103-AY2021S1\cs2103-website\schedule\week7\project as some of its dependencies were changed since the last visit
2020-10-04T07:29:21.166Z - info: Site data built
2020-10-04T07:29:21.166Z - info: Lazy website regeneration complete! Total build time: 2.09s
2020-10-04T07:30:16.840Z - info: [3:30:16 PM] Reload for file change: C:\repos\nus-cs2103-AY2021S1\cs2103-website\admin\appendixE-gitHub.md
2020-10-04T07:30:17.872Z - info: Rebuilding 1 pages
2020-10-04T07:30:20.320Z - info: Pages rebuilt
2020-10-04T07:30:20.320Z - info: Website regeneration complete! Total build time: 2.45s
2020-10-04T07:30:20.325Z - info: Site data built
2020-10-04T07:31:16.914Z - info: [3:31:16 PM] Reload for file change: C:\repos\nus-cs2103-AY2021S1\cs2103-website\admin\appendixE-gitHub.md
2020-10-04T07:31:17.924Z - info: Rebuilding 1 pages
2020-10-04T07:31:20.190Z - info: Pages rebuilt
2020-10-04T07:31:20.191Z - info: Website regeneration complete! Total build time: 2.269s
2020-10-04T07:31:20.195Z - info: Site data built
2020-10-04T07:31:43.074Z - info: Website generation started at 3:31:38 PM
2020-10-04T07:31:54.690Z - info: Building assets...
