2020-08-08T02:29:11.683Z - info: Website generation started at 10:29:00 AM
2020-08-08T02:29:24.746Z - info: Building assets...
2020-08-08T02:29:35.528Z - info: Assets built
2020-08-08T02:29:35.529Z - info: Generating pages...
2020-08-08T02:29:49.265Z - debug: The process cannot access the file because it is being used by another process.

2020-08-08T02:29:49.266Z - debug: The process cannot access the file because it is being used by another process.

2020-08-08T02:29:53.162Z - debug:  
2020-08-08T02:29:53.162Z - debug:  
2020-08-08T02:29:53.162Z - debug:  
2020-08-08T02:29:53.163Z - debug:  
2020-08-08T02:29:54.650Z - debug:  
2020-08-08T02:29:54.651Z - debug:  
2020-08-08T02:29:54.651Z - debug:  
2020-08-08T02:29:59.337Z - debug: The process cannot access the file because it is being used by another process.

2020-08-08T02:29:59.337Z - debug: The process cannot access the file because it is being used by another process.

2020-08-08T02:29:59.338Z - debug:  
2020-08-08T02:29:59.338Z - debug:  
2020-08-08T02:30:00.701Z - debug: The process cannot access the file because it is being used by another process.

2020-08-08T02:30:00.702Z - debug: The process cannot access the file because it is being used by another process.

2020-08-08T02:30:00.855Z - debug:  
2020-08-08T02:30:00.891Z - debug:  
2020-08-08T02:30:01.263Z - debug: The process cannot access the file because it is being used by another process.

2020-08-08T02:30:01.263Z - debug: The process cannot access the file because it is being used by another process.

2020-08-08T02:30:04.984Z - debug:  
2020-08-08T02:30:04.984Z - debug:  
2020-08-08T02:30:31.213Z - debug: The process cannot access the file because it is being used by another process.

2020-08-08T02:30:31.218Z - debug: The process cannot access the file because it is being used by another process.

2020-08-08T02:30:32.445Z - debug: The process cannot access the file because it is being used by another process.

2020-08-08T02:30:32.446Z - debug: The process cannot access the file because it is being used by another process.

2020-08-08T02:30:32.605Z - debug:  
2020-08-08T02:30:32.608Z - debug:  
2020-08-08T02:30:36.945Z - debug:  
2020-08-08T02:30:37.013Z - debug:  
2020-08-08T02:30:44.832Z - debug: The process cannot access the file because it is being used by another process.

2020-08-08T02:30:46.735Z - debug: The process cannot access the file because it is being used by another process.

2020-08-08T02:30:46.936Z - debug:  
2020-08-08T02:31:11.413Z - debug:  
2020-08-08T02:31:11.702Z - debug:  
2020-08-08T02:31:11.703Z - debug:  
2020-08-08T02:31:11.703Z - debug:  
2020-08-08T02:31:16.577Z - debug:  
2020-08-08T02:31:17.067Z - debug:  
2020-08-08T02:31:27.261Z - debug:  
2020-08-08T02:31:28.244Z - debug:  
2020-08-08T02:31:28.244Z - debug:  
2020-08-08T02:31:28.244Z - debug:  
2020-08-08T02:31:28.245Z - debug:  
2020-08-08T02:31:37.859Z - debug:  
2020-08-08T02:31:37.860Z - debug:  
2020-08-08T02:31:43.792Z - debug:  
2020-08-08T02:31:58.468Z - debug:  
2020-08-08T02:31:58.468Z - debug:  
2020-08-08T02:32:07.199Z - debug:  
2020-08-08T02:32:07.199Z - debug:  
2020-08-08T02:32:24.504Z - debug:  
2020-08-08T02:32:55.619Z - debug:  
2020-08-08T02:33:10.278Z - debug:  
2020-08-08T02:33:10.278Z - debug:  
2020-08-08T02:33:21.196Z - info: Pages built
2020-08-08T02:33:53.288Z - info: Website generation complete! Total build time: 293.169s
2020-08-08T02:33:53.291Z - info: Build success!
2020-08-08T02:33:53.292Z - debug:  
2020-08-08T02:33:53.296Z - info: Site data built
2020-08-08T02:34:40.576Z - info: Deployed!
2020-08-08T04:10:48.370Z - info: Website generation (lazy) started at 12:10:42 PM
2020-08-08T04:10:58.180Z - info: Building assets...
2020-08-08T04:11:03.939Z - info: Assets built
2020-08-08T04:11:03.941Z - info: Generating landing page...
2020-08-08T04:11:05.947Z - info: Landing page built, other pages will be built as you navigate to them!
2020-08-08T04:11:06.044Z - info: Website generation (lazy) complete! Total build time: 23.796s
2020-08-08T04:11:06.859Z - info: Serving "C:\repos\nus-cs2103-AY2021S1\cs2103-website\_site" at http://127.0.0.1:8080
2020-08-08T04:11:06.859Z - info: Press CTRL+C to stop ...
2020-08-08T04:11:06.920Z - info: Site data built
2020-08-08T04:17:40.752Z - info: [12:17:40 PM] Reload for file change: C:\repos\nus-cs2103-AY2021S1\cs2103-website\admin\index-tic2002.mbdf
2020-08-08T04:17:41.755Z - info: Rebuilding 1 pages
2020-08-08T04:17:43.725Z - info: Pages rebuilt
2020-08-08T04:17:43.725Z - info: Website regeneration complete! Total build time: 1.971s
2020-08-08T04:17:43.732Z - info: Site data built
2020-08-08T04:18:26.102Z - info: Building C:\repos\nus-cs2103-AY2021S1\cs2103-website\schedule\week1\index as some of its dependencies were changed since the last visit
2020-08-08T04:18:26.816Z - info: Site data built
2020-08-08T04:18:26.817Z - info: Lazy website regeneration complete! Total build time: 0.716s
2020-08-08T04:19:11.819Z - info: Building C:\repos\nus-cs2103-AY2021S1\cs2103-website\schedule\week1\topics as some of its dependencies were changed since the last visit
2020-08-08T04:19:13.928Z - info: Site data built
2020-08-08T04:19:13.928Z - info: Lazy website regeneration complete! Total build time: 2.109s
2020-08-08T04:20:16.971Z - info: [12:20:16 PM] Reload for file change: C:\repos\nus-cs2103-AY2021S1\cs2103-website\admin\common-commentary.mbdf
2020-08-08T04:20:17.973Z - info: Rebuilding 1 pages
2020-08-08T04:20:20.078Z - info: Pages rebuilt
2020-08-08T04:20:20.078Z - info: Website regeneration complete! Total build time: 2.107s
2020-08-08T04:20:20.126Z - info: Site data built
2020-08-08T04:20:45.705Z - info: Building C:\repos\nus-cs2103-AY2021S1\cs2103-website\schedule\week1\admin as some of its dependencies were changed since the last visit
2020-08-08T04:20:46.485Z - info: Site data built
2020-08-08T04:20:46.486Z - info: Lazy website regeneration complete! Total build time: 0.781s
2020-08-08T04:21:58.028Z - info: Building C:\repos\nus-cs2103-AY2021S1\cs2103-website\schedule\week2\index as some of its dependencies were changed since the last visit
2020-08-08T04:21:58.651Z - info: Site data built
2020-08-08T04:21:58.651Z - info: Lazy website regeneration complete! Total build time: 0.624s
2020-08-08T04:23:23.945Z - info: Website generation started at 12:23:21 PM
2020-08-08T04:23:33.762Z - info: Building assets...
2020-08-08T04:23:40.003Z - info: Assets built
2020-08-08T04:23:40.004Z - info: Generating pages...
2020-08-08T04:23:57.377Z - debug: The process cannot access the file because it is being used by another process.

2020-08-08T04:23:57.378Z - debug: The process cannot access the file because it is being used by another process.

2020-08-08T04:24:00.577Z - debug:  
2020-08-08T04:24:00.577Z - debug:  
2020-08-08T04:24:00.577Z - debug:  
2020-08-08T04:24:00.577Z - debug:  
2020-08-08T04:24:06.288Z - debug: The process cannot access the file because it is being used by another process.

2020-08-08T04:24:06.288Z - debug: The process cannot access the file because it is being used by another process.

2020-08-08T04:24:06.289Z - debug: The process cannot access the file because it is being used by another process.

2020-08-08T04:24:06.289Z - debug: The process cannot access the file because it is being used by another process.

2020-08-08T04:24:06.289Z - debug:  
2020-08-08T04:24:06.430Z - debug:  
2020-08-08T04:24:06.514Z - debug:  
2020-08-08T04:24:07.406Z - debug:  
2020-08-08T04:24:07.408Z - debug:  
2020-08-08T04:24:09.420Z - debug: The process cannot access the file because it is being used by another process.

2020-08-08T04:24:09.425Z - debug: The process cannot access the file because it is being used by another process.

2020-08-08T04:24:09.426Z - debug: The process cannot access the file because it is being used by another process.

2020-08-08T04:24:09.426Z - debug: The process cannot access the file because it is being used by another process.

2020-08-08T04:24:11.385Z - debug:  
2020-08-08T04:24:11.386Z - debug:  
2020-08-08T04:24:31.933Z - debug: The process cannot access the file because it is being used by another process.

2020-08-08T04:24:32.594Z - debug: The process cannot access the file because it is being used by another process.

2020-08-08T04:24:33.697Z - debug: The process cannot access the file because it is being used by another process.

2020-08-08T04:24:33.697Z - debug: The process cannot access the file because it is being used by another process.

2020-08-08T04:24:33.929Z - debug:  
2020-08-08T04:24:33.999Z - debug:  
2020-08-08T04:24:38.283Z - debug:  
2020-08-08T04:24:38.349Z - debug:  
2020-08-08T04:24:44.410Z - debug: The process cannot access the file because it is being used by another process.

2020-08-08T04:24:46.323Z - debug: The process cannot access the file because it is being used by another process.

2020-08-08T04:24:46.559Z - debug:  
2020-08-08T04:25:07.645Z - debug:  
2020-08-08T04:25:07.945Z - debug:  
2020-08-08T04:25:07.945Z - debug:  
2020-08-08T04:25:07.946Z - debug:  
2020-08-08T04:25:11.752Z - debug:  
2020-08-08T04:25:11.868Z - debug:  
2020-08-08T04:25:21.408Z - debug:  
2020-08-08T04:25:21.876Z - debug:  
2020-08-08T04:25:21.877Z - debug:  
2020-08-08T04:25:21.877Z - debug:  
2020-08-08T04:25:21.877Z - debug:  
2020-08-08T04:25:28.468Z - debug:  
2020-08-08T04:25:28.469Z - debug:  
2020-08-08T04:25:32.976Z - debug:  
2020-08-08T04:25:47.892Z - debug:  
2020-08-08T04:25:47.893Z - debug:  
2020-08-08T04:25:51.564Z - info: Pages built
2020-08-08T04:26:13.216Z - info: Website generation complete! Total build time: 171.676s
2020-08-08T04:26:13.217Z - info: Build success!
2020-08-08T04:26:13.222Z - info: Site data built
2020-08-08T04:26:50.758Z - info: Deployed!
2020-08-08T05:06:46.483Z - info: Website generation (lazy) started at 1:06:40 PM
2020-08-08T05:07:00.614Z - info: Building assets...
2020-08-08T05:07:10.580Z - info: Assets built
2020-08-08T05:07:10.581Z - info: Generating landing page...
2020-08-08T05:07:13.738Z - info: Landing page built, other pages will be built as you navigate to them!
2020-08-08T05:07:13.831Z - info: Website generation (lazy) complete! Total build time: 33.144s
2020-08-08T05:07:15.019Z - info: Serving "C:\repos\nus-cs2103-AY2021S1\cs2103-website\_site" at http://127.0.0.1:8080
2020-08-08T05:07:15.019Z - info: Press CTRL+C to stop ...
2020-08-08T05:07:15.134Z - info: Site data built
2020-08-08T05:07:43.359Z - info: Building C:\repos\nus-cs2103-AY2021S1\cs2103-website\se-book-adapted\index as some of its dependencies were changed since the last visit
2020-08-08T05:07:43.718Z - info: Site data built
2020-08-08T05:07:43.718Z - info: Lazy website regeneration complete! Total build time: 0.36s
2020-08-08T05:07:47.028Z - info: Building C:\repos\nus-cs2103-AY2021S1\cs2103-website\se-book-adapted\print as some of its dependencies were changed since the last visit
2020-08-08T05:07:59.987Z - debug: The process cannot access the file because it is being used by another process.

2020-08-08T05:07:59.992Z - debug:  
2020-08-08T05:07:59.992Z - debug:  
2020-08-08T05:07:59.993Z - debug:  
2020-08-08T05:07:59.993Z - debug:  
2020-08-08T05:08:01.336Z - debug:  
2020-08-08T05:08:01.339Z - debug:  
2020-08-08T05:08:01.370Z - info: Site data built
2020-08-08T05:08:01.378Z - info: Lazy website regeneration complete! Total build time: 14.351s
2020-08-08T06:40:09.719Z - info: [2:40:09 PM] Reload for file change: C:\repos\nus-cs2103-AY2021S1\cs2103-website\se-book-adapted\config.njk
2020-08-08T06:40:09.760Z - info: [2:40:09 PM] Reload for file change: C:\repos\nus-cs2103-AY2021S1\cs2103-website\se-book-adapted\config.njk
2020-08-08T06:40:10.800Z - info: Assets built
2020-08-08T06:40:23.085Z - info: Website generation (lazy) started at 2:40:18 PM
2020-08-08T06:40:38.859Z - info: Building assets...
2020-08-08T06:40:48.738Z - info: Assets built
2020-08-08T06:40:48.739Z - info: Generating landing page...
2020-08-08T06:40:50.726Z - info: Landing page built, other pages will be built as you navigate to them!
2020-08-08T06:40:50.841Z - info: Website generation (lazy) complete! Total build time: 32.618s
2020-08-08T06:40:52.183Z - info: Serving "C:\repos\nus-cs2103-AY2021S1\cs2103-website\_site" at http://127.0.0.1:8080
2020-08-08T06:40:52.183Z - info: Press CTRL+C to stop ...
2020-08-08T06:40:52.266Z - info: Site data built
2020-08-08T06:41:03.112Z - info: Building C:\repos\nus-cs2103-AY2021S1\cs2103-website\se-book-adapted\print as some of its dependencies were changed since the last visit
2020-08-08T06:41:18.235Z - debug:  
2020-08-08T06:41:18.236Z - debug:  
2020-08-08T06:41:18.236Z - debug:  
2020-08-08T06:41:18.236Z - debug:  
2020-08-08T06:41:20.950Z - debug:  
2020-08-08T06:41:20.950Z - debug:  
2020-08-08T06:41:21.009Z - info: Site data built
2020-08-08T06:41:21.009Z - info: Lazy website regeneration complete! Total build time: 17.897s
2020-08-08T06:45:35.443Z - info: [2:45:35 PM] Reload for file change: C:\repos\nus-cs2103-AY2021S1\cs2103-website\_module-TIC2002\textbookTopics.mbdf
2020-08-08T06:45:36.450Z - info: No pages needed to be rebuilt
2020-08-08T06:46:49.215Z - info: [2:46:49 PM] Reload for file change: C:\repos\nus-cs2103-AY2021S1\cs2103-website\se-book-adapted\config.njk
2020-08-08T06:46:50.242Z - info: Assets built
2020-08-08T06:47:01.715Z - info: Website generation (lazy) started at 2:46:57 PM
2020-08-08T06:47:13.055Z - info: Building assets...
2020-08-08T06:47:19.561Z - info: Assets built
2020-08-08T06:47:19.563Z - info: Generating landing page...
2020-08-08T06:47:22.065Z - info: Landing page built, other pages will be built as you navigate to them!
2020-08-08T06:47:22.154Z - info: Website generation (lazy) complete! Total build time: 24.389s
2020-08-08T06:47:23.152Z - info: Serving "C:\repos\nus-cs2103-AY2021S1\cs2103-website\_site" at http://127.0.0.1:8080
2020-08-08T06:47:23.153Z - info: Press CTRL+C to stop ...
2020-08-08T06:47:23.264Z - info: Site data built
2020-08-08T06:47:34.773Z - info: Building C:\repos\nus-cs2103-AY2021S1\cs2103-website\se-book-adapted\print as some of its dependencies were changed since the last visit
2020-08-08T06:47:45.591Z - debug: The process cannot access the file because it is being used by another process.

2020-08-08T06:47:45.591Z - debug: The process cannot access the file because it is being used by another process.

2020-08-08T06:47:45.591Z - debug:  
2020-08-08T06:47:45.592Z - debug:  
2020-08-08T06:47:45.592Z - debug:  
2020-08-08T06:47:45.592Z - debug:  
2020-08-08T06:47:46.683Z - info: Site data built
2020-08-08T06:47:46.693Z - info: Lazy website regeneration complete! Total build time: 11.921s
2020-08-08T06:55:14.305Z - info: [2:55:14 PM] Reload for file change: C:\repos\nus-cs2103-AY2021S1\cs2103-website\se-book-adapted\config.njk
2020-08-08T06:55:15.386Z - info: Assets built
2020-08-08T06:57:42.149Z - info: Website generation (lazy) started at 2:57:38 PM
2020-08-08T06:57:58.360Z - info: Building assets...
2020-08-08T06:58:05.865Z - info: Assets built
2020-08-08T06:58:05.866Z - info: Generating landing page...
2020-08-08T06:58:08.101Z - info: Landing page built, other pages will be built as you navigate to them!
2020-08-08T06:58:08.206Z - info: Website generation (lazy) complete! Total build time: 29.969s
2020-08-08T06:58:09.190Z - info: Serving "C:\repos\nus-cs2103-AY2021S1\cs2103-website\_site" at http://127.0.0.1:8080
2020-08-08T06:58:09.190Z - info: Press CTRL+C to stop ...
2020-08-08T06:58:09.260Z - info: Site data built
2020-08-08T07:29:42.204Z - info: Building C:\repos\nus-cs2103-AY2021S1\cs2103-website\se-book-adapted\index as some of its dependencies were changed since the last visit
2020-08-08T07:29:42.874Z - info: Site data built
2020-08-08T07:29:42.874Z - info: Lazy website regeneration complete! Total build time: 0.685s
2020-08-08T07:29:53.912Z - info: Building C:\repos\nus-cs2103-AY2021S1\cs2103-website\se-book-adapted\common\exercises as some of its dependencies were changed since the last visit
2020-08-08T07:30:01.094Z - debug:  
2020-08-08T07:30:01.094Z - debug:  
2020-08-08T07:30:01.270Z - info: Site data built
2020-08-08T07:30:01.322Z - info: Lazy website regeneration complete! Total build time: 7.411s
2020-08-08T07:31:59.772Z - info: [3:31:59 PM] Reload for file change: C:\repos\nus-cs2103-AY2021S1\cs2103-website\_markbind\navigation\se-book-adapted-sitenav.md
2020-08-08T07:32:00.785Z - info: Rebuilding 1 pages
2020-08-08T07:32:05.997Z - info: Pages rebuilt
2020-08-08T07:32:05.997Z - info: Website regeneration complete! Total build time: 5.218s
2020-08-08T07:32:06.098Z - info: Site data built
2020-08-08T07:32:06.259Z - debug:  
2020-08-08T07:32:06.260Z - debug:  
2020-08-08T07:32:10.533Z - info: Building C:\repos\nus-cs2103-AY2021S1\cs2103-website\se-book-adapted\common\definitions as some of its dependencies were changed since the last visit
2020-08-08T07:32:11.097Z - info: Site data built
2020-08-08T07:32:11.098Z - info: Lazy website regeneration complete! Total build time: 0.566s
2020-08-08T07:32:18.266Z - info: Building C:\repos\nus-cs2103-AY2021S1\cs2103-website\se-book-adapted\projectDuke\index as some of its dependencies were changed since the last visit
2020-08-08T07:32:19.044Z - info: Site data built
2020-08-08T07:32:19.045Z - info: Lazy website regeneration complete! Total build time: 0.779s
2020-08-08T07:36:12.260Z - info: Building C:\repos\nus-cs2103-AY2021S1\cs2103-website\schedule\week1\index as some of its dependencies were changed since the last visit
2020-08-08T07:36:12.993Z - info: Site data built
2020-08-08T07:36:12.994Z - info: Lazy website regeneration complete! Total build time: 0.735s
2020-08-08T07:36:58.674Z - info: Building C:\repos\nus-cs2103-AY2021S1\cs2103-website\schedule\week1\topics as some of its dependencies were changed since the last visit
2020-08-08T07:37:00.710Z - info: Site data built
2020-08-08T07:37:00.711Z - info: Lazy website regeneration complete! Total build time: 2.037s
2020-08-08T08:12:53.577Z - info: [4:12:53 PM] Reload for file change: C:\repos\nus-cs2103-AY2021S1\cs2103-website\_module-TIC2002\weeklyTextbookTopics.mbdf
2020-08-08T08:12:54.629Z - info: No pages needed to be rebuilt
2020-08-08T08:13:05.012Z - info: Website generation (lazy) started at 4:13:01 PM
2020-08-08T08:13:17.363Z - info: Building assets...
2020-08-08T08:13:23.290Z - info: Assets built
2020-08-08T08:13:23.291Z - info: Generating landing page...
2020-08-08T08:13:25.338Z - info: Landing page built, other pages will be built as you navigate to them!
2020-08-08T08:13:25.435Z - info: Website generation (lazy) complete! Total build time: 23.443s
2020-08-08T08:13:26.333Z - info: Serving "C:\repos\nus-cs2103-AY2021S1\cs2103-website\_site" at http://127.0.0.1:8080
2020-08-08T08:13:26.333Z - info: Press CTRL+C to stop ...
2020-08-08T08:13:26.399Z - info: Site data built
2020-08-08T08:15:47.493Z - info: Building C:\repos\nus-cs2103-AY2021S1\cs2103-website\schedule\week1\topics as some of its dependencies were changed since the last visit
2020-08-08T08:15:49.906Z - info: Site data built
2020-08-08T08:15:49.907Z - info: Lazy website regeneration complete! Total build time: 2.416s
2020-08-08T08:25:20.178Z - info: Website generation started at 4:25:17 PM
2020-08-08T08:25:29.937Z - info: Building assets...
2020-08-08T08:25:36.548Z - info: Assets built
2020-08-08T08:25:36.549Z - info: Generating pages...
2020-08-08T08:25:55.304Z - debug:  
2020-08-08T08:25:55.304Z - debug:  
2020-08-08T08:25:55.305Z - debug:  
2020-08-08T08:25:55.305Z - debug:  
2020-08-08T08:26:02.423Z - debug: The process cannot access the file because it is being used by another process.

2020-08-08T08:26:02.424Z - debug: The process cannot access the file because it is being used by another process.

2020-08-08T08:26:03.466Z - debug:  
2020-08-08T08:26:03.702Z - debug:  
2020-08-08T08:26:03.703Z - debug:  
2020-08-08T08:26:07.324Z - debug:  
2020-08-08T08:26:11.903Z - debug: The process cannot access the file because it is being used by another process.

2020-08-08T08:26:11.904Z - debug: The process cannot access the file because it is being used by another process.

2020-08-08T08:26:13.536Z - debug: The process cannot access the file because it is being used by another process.

2020-08-08T08:26:13.556Z - debug: The process cannot access the file because it is being used by another process.

2020-08-08T08:26:13.566Z - debug: The process cannot access the file because it is being used by another process.

2020-08-08T08:26:13.567Z - debug: The process cannot access the file because it is being used by another process.

2020-08-08T08:26:14.702Z - debug:  
2020-08-08T08:26:15.117Z - debug:  
2020-08-08T08:26:15.117Z - debug:  
2020-08-08T08:26:15.117Z - debug:  
2020-08-08T08:26:46.079Z - debug: The process cannot access the file because it is being used by another process.

2020-08-08T08:26:47.365Z - debug: The process cannot access the file because it is being used by another process.

2020-08-08T08:26:49.979Z - debug: The process cannot access the file because it is being used by another process.

2020-08-08T08:26:49.980Z - debug: The process cannot access the file because it is being used by another process.

2020-08-08T08:26:50.395Z - debug:  
2020-08-08T08:26:53.633Z - debug:  
2020-08-08T08:26:56.203Z - debug:  
2020-08-08T08:26:56.293Z - debug:  
2020-08-08T08:27:02.167Z - debug: The process cannot access the file because it is being used by another process.

2020-08-08T08:27:04.071Z - debug: The process cannot access the file because it is being used by another process.

2020-08-08T08:27:04.553Z - debug:  
2020-08-08T08:27:32.802Z - debug:  
2020-08-08T08:27:33.040Z - debug:  
2020-08-08T08:27:33.040Z - debug:  
2020-08-08T08:27:33.040Z - debug:  
2020-08-08T08:27:38.192Z - debug:  
2020-08-08T08:27:38.373Z - debug:  
2020-08-08T08:27:41.283Z - debug:  
2020-08-08T08:27:52.394Z - debug:  
2020-08-08T08:27:52.395Z - debug:  
2020-08-08T08:27:52.395Z - debug:  
2020-08-08T08:27:52.395Z - debug:  
2020-08-08T08:28:01.666Z - debug:  
2020-08-08T08:28:01.667Z - debug:  
2020-08-08T08:28:06.384Z - debug:  
2020-08-08T08:28:23.994Z - debug:  
2020-08-08T08:28:23.994Z - debug:  
2020-08-08T08:28:27.559Z - info: Pages built
2020-08-08T08:28:49.051Z - info: Website generation complete! Total build time: 211.73s
2020-08-08T08:28:49.052Z - info: Build success!
2020-08-08T08:28:49.064Z - info: Site data built
2020-08-08T08:29:29.607Z - info: Deployed!
2020-08-08T08:34:18.666Z - info: Website generation (lazy) started at 4:34:13 PM
2020-08-08T08:34:27.921Z - info: Building assets...
2020-08-08T08:34:34.120Z - info: Assets built
2020-08-08T08:34:34.121Z - info: Generating landing page...
2020-08-08T08:34:36.381Z - info: Landing page built, other pages will be built as you navigate to them!
2020-08-08T08:34:36.473Z - info: Website generation (lazy) complete! Total build time: 23.11s
2020-08-08T08:34:37.417Z - info: Serving "C:\repos\nus-cs2103-AY2021S1\cs2103-website\_site" at http://127.0.0.1:8080
2020-08-08T08:34:37.417Z - info: Press CTRL+C to stop ...
2020-08-08T08:34:37.480Z - info: Site data built
2020-08-08T08:35:20.037Z - info: Building C:\repos\nus-cs2103-AY2021S1\cs2103-website\schedule\week1\index as some of its dependencies were changed since the last visit
2020-08-08T08:35:20.815Z - info: Site data built
2020-08-08T08:35:20.815Z - info: Lazy website regeneration complete! Total build time: 0.778s
2020-08-08T08:35:23.709Z - info: Building C:\repos\nus-cs2103-AY2021S1\cs2103-website\schedule\week1\topics as some of its dependencies were changed since the last visit
2020-08-08T08:35:26.044Z - info: Site data built
2020-08-08T08:35:26.045Z - info: Lazy website regeneration complete! Total build time: 2.336s
2020-08-08T08:37:09.133Z - info: [4:37:09 PM] Reload for file change: C:\repos\nus-cs2103-AY2021S1\cs2103-website\schedule\week1\commentary-tic2002.mbdf
2020-08-08T08:37:10.147Z - info: Rebuilding 1 pages
2020-08-08T08:37:12.809Z - info: Pages rebuilt
2020-08-08T08:37:12.810Z - info: Website regeneration complete! Total build time: 2.668s
2020-08-08T08:37:12.875Z - info: Site data built
2020-08-08T08:39:03.727Z - info: [4:39:03 PM] Reload for file change: C:\repos\nus-cs2103-AY2021S1\cs2103-website\admin\common-commentary.mbdf
2020-08-08T08:39:04.731Z - info: Rebuilding 1 pages
2020-08-08T08:39:07.327Z - info: Pages rebuilt
2020-08-08T08:39:07.327Z - info: Website regeneration complete! Total build time: 2.597s
2020-08-08T08:39:07.396Z - info: Site data built
2020-08-08T08:40:22.262Z - info: Website generation started at 4:40:19 PM
2020-08-08T08:40:30.758Z - info: Building assets...
2020-08-08T08:40:36.603Z - info: Assets built
2020-08-08T08:40:36.604Z - info: Generating pages...
2020-08-08T08:40:51.586Z - debug: The process cannot access the file because it is being used by another process.

2020-08-08T08:40:51.587Z - debug: The process cannot access the file because it is being used by another process.

2020-08-08T08:40:52.421Z - debug: The process cannot access the file because it is being used by another process.

2020-08-08T08:40:52.422Z - debug: The process cannot access the file because it is being used by another process.

2020-08-08T08:40:52.422Z - debug:  
2020-08-08T08:40:52.422Z - debug:  
2020-08-08T08:40:52.423Z - debug:  
2020-08-08T08:40:52.423Z - debug:  
2020-08-08T08:40:57.825Z - debug: The process cannot access the file because it is being used by another process.

2020-08-08T08:40:57.826Z - debug: The process cannot access the file because it is being used by another process.

2020-08-08T08:40:57.826Z - debug:  
2020-08-08T08:40:58.035Z - debug:  
2020-08-08T08:40:59.297Z - debug: The process cannot access the file because it is being used by another process.

2020-08-08T08:40:59.297Z - debug: The process cannot access the file because it is being used by another process.

2020-08-08T08:40:59.407Z - debug:  
2020-08-08T08:40:59.466Z - debug:  
2020-08-08T08:41:00.169Z - debug: The process cannot access the file because it is being used by another process.

2020-08-08T08:41:00.169Z - debug: The process cannot access the file because it is being used by another process.

2020-08-08T08:41:03.678Z - debug:  
2020-08-08T08:41:03.678Z - debug:  
2020-08-08T08:41:22.569Z - debug: The process cannot access the file because it is being used by another process.

2020-08-08T08:41:22.574Z - debug: The process cannot access the file because it is being used by another process.

2020-08-08T08:41:24.362Z - debug:  
2020-08-08T08:41:24.363Z - debug: The process cannot access the file because it is being used by another process.

2020-08-08T08:41:24.566Z - debug:  
2020-08-08T08:41:27.110Z - debug: The process cannot access the file because it is being used by another process.

2020-08-08T08:41:27.554Z - debug:  
2020-08-08T08:41:28.794Z - debug:  
2020-08-08T08:41:34.262Z - debug: The process cannot access the file because it is being used by another process.

2020-08-08T08:41:36.221Z - debug: The process cannot access the file because it is being used by another process.

2020-08-08T08:41:36.516Z - debug:  
2020-08-08T08:42:00.991Z - debug:  
2020-08-08T08:42:00.992Z - debug:  
2020-08-08T08:42:00.992Z - debug:  
2020-08-08T08:42:00.992Z - debug:  
2020-08-08T08:42:04.940Z - debug:  
2020-08-08T08:42:06.306Z - debug:  
2020-08-08T08:42:14.700Z - debug:  
2020-08-08T08:42:15.266Z - debug:  
2020-08-08T08:42:15.266Z - debug:  
2020-08-08T08:42:15.266Z - debug:  
2020-08-08T08:42:15.266Z - debug:  
2020-08-08T08:42:21.643Z - debug:  
2020-08-08T08:42:21.643Z - debug:  
2020-08-08T08:42:25.951Z - debug:  
2020-08-08T08:42:39.560Z - debug:  
2020-08-08T08:42:39.560Z - debug:  
2020-08-08T08:42:44.188Z - info: Pages built
2020-08-08T08:43:05.962Z - info: Website generation complete! Total build time: 166.27s
2020-08-08T08:43:05.968Z - info: Build success!
2020-08-08T08:43:05.970Z - info: Site data built
2020-08-08T08:43:44.484Z - info: Deployed!
2020-08-08T09:51:34.759Z - info: Website generation started at 5:51:28 PM
2020-08-08T09:51:47.658Z - info: Building assets...
2020-08-08T09:51:56.109Z - info: Assets built
2020-08-08T09:51:56.110Z - info: Generating pages...
2020-08-08T09:52:08.409Z - debug: The process cannot access the file because it is being used by another process.

2020-08-08T09:52:08.410Z - debug: The process cannot access the file because it is being used by another process.

2020-08-08T09:52:11.351Z - debug:  
2020-08-08T09:52:11.351Z - debug:  
2020-08-08T09:52:11.351Z - debug:  
2020-08-08T09:52:11.351Z - debug:  
2020-08-08T09:52:16.416Z - debug: The process cannot access the file because it is being used by another process.

2020-08-08T09:52:16.416Z - debug:  
2020-08-08T09:52:16.416Z - debug: The process cannot access the file because it is being used by another process.

2020-08-08T09:52:16.417Z - debug: The process cannot access the file because it is being used by another process.

2020-08-08T09:52:16.417Z - debug: The process cannot access the file because it is being used by another process.

2020-08-08T09:52:16.417Z - debug:  
2020-08-08T09:52:16.417Z - debug:  
2020-08-08T09:52:16.417Z - debug:  
2020-08-08T09:52:16.417Z - debug:  
2020-08-08T09:52:19.463Z - debug: The process cannot access the file because it is being used by another process.

2020-08-08T09:52:19.463Z - debug: The process cannot access the file because it is being used by another process.

2020-08-08T09:52:19.464Z - debug: The process cannot access the file because it is being used by another process.

2020-08-08T09:52:19.464Z - debug: The process cannot access the file because it is being used by another process.

2020-08-08T09:52:21.084Z - debug:  
2020-08-08T09:52:21.084Z - debug:  
2020-08-08T09:52:47.335Z - debug: The process cannot access the file because it is being used by another process.

2020-08-08T09:52:47.339Z - debug: The process cannot access the file because it is being used by another process.

2020-08-08T09:52:49.141Z - debug: The process cannot access the file because it is being used by another process.

2020-08-08T09:52:49.142Z - debug: The process cannot access the file because it is being used by another process.

2020-08-08T09:52:49.296Z - debug:  
2020-08-08T09:52:51.974Z - debug:  
2020-08-08T09:52:53.533Z - debug:  
2020-08-08T09:52:53.660Z - debug:  
2020-08-08T09:53:00.540Z - debug: The process cannot access the file because it is being used by another process.

2020-08-08T09:53:02.485Z - debug: The process cannot access the file because it is being used by another process.

2020-08-08T09:53:02.746Z - debug:  
2020-08-08T09:53:32.125Z - debug:  
2020-08-08T09:53:32.127Z - debug:  
2020-08-08T09:53:32.127Z - debug:  
2020-08-08T09:53:32.127Z - debug:  
2020-08-08T09:53:35.455Z - debug:  
2020-08-08T09:53:35.726Z - debug:  
2020-08-08T09:53:41.161Z - debug:  
2020-08-08T09:53:45.838Z - debug:  
2020-08-08T09:53:45.838Z - debug:  
2020-08-08T09:53:45.838Z - debug:  
2020-08-08T09:53:45.839Z - debug:  
2020-08-08T09:53:54.075Z - debug:  
2020-08-08T09:53:54.075Z - debug:  
2020-08-08T09:53:58.577Z - debug:  
2020-08-08T09:54:06.499Z - debug:  
2020-08-08T09:54:18.033Z - debug:  
2020-08-08T09:54:18.033Z - debug:  
2020-08-08T09:54:43.657Z - debug:  
2020-08-08T09:54:54.450Z - debug:  
2020-08-08T09:54:54.451Z - debug:  
2020-08-08T09:55:03.585Z - info: Pages built
2020-08-08T09:55:33.434Z - info: Website generation complete! Total build time: 245.334s
2020-08-08T09:55:33.437Z - info: Build success!
2020-08-08T09:55:33.437Z - debug:  
2020-08-08T09:55:33.453Z - info: Site data built
2020-08-08T09:56:25.965Z - info: Deployed!
