2020-10-24T04:34:31.370Z - info: Website generation (lazy) started at 12:34:20 PM
2020-10-24T04:34:44.457Z - info: Building assets...
2020-10-24T04:34:54.809Z - info: Assets built
2020-10-24T04:34:54.811Z - info: Generating landing page...
2020-10-24T04:34:59.258Z - info: Landing page built, other pages will be built as you navigate to them!
2020-10-24T04:34:59.464Z - info: Website generation (lazy) complete! Total build time: 39.068s
2020-10-24T04:35:00.576Z - info: Serving "C:\repos\nus-cs2103-AY2021S1\cs2103-website\_site" at http://127.0.0.1:8080
2020-10-24T04:35:00.576Z - info: Press CTRL+C to stop ...
2020-10-24T04:35:00.660Z - info: Site data built
2020-10-24T04:36:32.487Z - info: [12:36:32 PM] Reload for file change: C:\repos\nus-cs2103-AY2021S1\cs2103-website\admin\tp-tasks.mbdf
2020-10-24T04:36:33.517Z - info: Rebuilding 1 pages
2020-10-24T04:36:35.366Z - info: Pages rebuilt
2020-10-24T04:36:35.367Z - info: Website regeneration complete! Total build time: 1.852s
2020-10-24T04:36:35.382Z - info: Site data built
2020-10-24T04:36:36.988Z - info: Building C:\repos\nus-cs2103-AY2021S1\cs2103-website\schedule\week10\index as some of its dependencies were changed since the last visit
2020-10-24T04:36:37.887Z - info: Site data built
2020-10-24T04:36:37.887Z - info: Lazy website regeneration complete! Total build time: 0.899s
2020-10-24T04:36:40.600Z - info: Building C:\repos\nus-cs2103-AY2021S1\cs2103-website\schedule\week10\project as some of its dependencies were changed since the last visit
2020-10-24T04:36:41.688Z - info: Site data built
2020-10-24T04:36:41.688Z - info: Lazy website regeneration complete! Total build time: 1.089s
2020-10-24T06:05:20.783Z - info: Building C:\repos\nus-cs2103-AY2021S1\cs2103-website\admin\index as some of its dependencies were changed since the last visit
2020-10-24T06:05:21.929Z - info: Site data built
2020-10-24T06:05:21.929Z - info: Lazy website regeneration complete! Total build time: 1.152s
2020-10-24T06:09:37.559Z - info: [2:09:37 PM] Reload for file change: C:\repos\nus-cs2103-AY2021S1\cs2103-website\admin\tools-reposense.mbdf
2020-10-24T06:09:38.576Z - info: No pages needed to be rebuilt
2020-10-24T06:09:38.578Z - info: Building C:\repos\nus-cs2103-AY2021S1\cs2103-website\admin\tools as some of its dependencies were changed since the last visit
2020-10-24T06:09:39.173Z - info: Site data built
2020-10-24T06:09:39.173Z - info: Lazy website regeneration complete! Total build time: 0.596s
2020-10-24T06:13:10.719Z - info: [2:13:10 PM] Reload for file change: C:\repos\nus-cs2103-AY2021S1\cs2103-website\admin\tools-reposense.mbdf
2020-10-24T06:13:11.739Z - info: Rebuilding 1 pages
2020-10-24T06:13:12.375Z - info: Pages rebuilt
2020-10-24T06:13:12.375Z - info: Website regeneration complete! Total build time: 0.638s
2020-10-24T06:13:12.379Z - info: Site data built
2020-10-24T06:13:34.854Z - info: [2:13:34 PM] Reload for file change: C:\repos\nus-cs2103-AY2021S1\cs2103-website\admin\tools-reposense.mbdf
2020-10-24T06:13:35.886Z - info: Rebuilding 1 pages
2020-10-24T06:13:36.337Z - info: Pages rebuilt
2020-10-24T06:13:36.337Z - info: Website regeneration complete! Total build time: 0.452s
2020-10-24T06:13:36.340Z - info: Site data built
2020-10-24T06:17:00.876Z - info: [2:17:00 PM] Reload for file change: C:\repos\nus-cs2103-AY2021S1\cs2103-website\admin\tools-reposense.mbdf
2020-10-24T06:17:01.907Z - info: Rebuilding 1 pages
2020-10-24T06:17:02.534Z - info: Pages rebuilt
2020-10-24T06:17:02.534Z - info: Website regeneration complete! Total build time: 0.631s
2020-10-24T06:17:02.539Z - info: Site data built
2020-10-24T06:18:13.738Z - info: [2:18:13 PM] Reload for file change: C:\repos\nus-cs2103-AY2021S1\cs2103-website\admin\tools-reposense.mbdf
2020-10-24T06:18:14.750Z - info: Rebuilding 1 pages
2020-10-24T06:18:15.433Z - info: Pages rebuilt
2020-10-24T06:18:15.433Z - info: Website regeneration complete! Total build time: 0.687s
2020-10-24T06:18:15.436Z - info: Site data built
2020-10-24T06:19:41.492Z - info: [2:19:41 PM] Reload for file change: C:\repos\nus-cs2103-AY2021S1\cs2103-website\admin\tools-reposense.mbdf
2020-10-24T06:19:42.516Z - info: Rebuilding 1 pages
2020-10-24T06:19:43.138Z - info: Pages rebuilt
2020-10-24T06:19:43.139Z - info: Website regeneration complete! Total build time: 0.629s
2020-10-24T06:19:43.142Z - info: Site data built
2020-10-24T06:20:21.191Z - info: [2:20:21 PM] Reload for file change: C:\repos\nus-cs2103-AY2021S1\cs2103-website\admin\tools-reposense.mbdf
2020-10-24T06:20:22.195Z - info: Rebuilding 1 pages
2020-10-24T06:20:22.587Z - info: Pages rebuilt
2020-10-24T06:20:22.588Z - info: Website regeneration complete! Total build time: 0.394s
2020-10-24T06:20:22.591Z - info: Site data built
2020-10-24T06:21:54.251Z - info: [2:21:54 PM] Reload for file change: C:\repos\nus-cs2103-AY2021S1\cs2103-website\admin\tools-reposense.mbdf
2020-10-24T06:21:55.260Z - info: Rebuilding 1 pages
2020-10-24T06:21:55.751Z - info: Pages rebuilt
2020-10-24T06:21:55.751Z - info: Website regeneration complete! Total build time: 0.496s
2020-10-24T06:21:55.754Z - info: Site data built
2020-10-24T06:23:48.967Z - info: [2:23:48 PM] Reload for file change: C:\repos\nus-cs2103-AY2021S1\cs2103-website\admin\tools-reposense.mbdf
2020-10-24T06:23:49.992Z - info: Rebuilding 1 pages
2020-10-24T06:23:50.453Z - info: Pages rebuilt
2020-10-24T06:23:50.453Z - info: Website regeneration complete! Total build time: 0.466s
2020-10-24T06:23:50.456Z - info: Site data built
2020-10-24T06:24:33.561Z - info: [2:24:33 PM] Reload for file change: C:\repos\nus-cs2103-AY2021S1\cs2103-website\admin\tools-reposense.mbdf
2020-10-24T06:24:34.577Z - info: Rebuilding 1 pages
2020-10-24T06:24:34.971Z - info: Pages rebuilt
2020-10-24T06:24:34.972Z - info: Website regeneration complete! Total build time: 0.398s
2020-10-24T06:24:34.975Z - info: Site data built
2020-10-24T06:24:52.586Z - info: [2:24:52 PM] Reload for file change: C:\repos\nus-cs2103-AY2021S1\cs2103-website\admin\tools-reposense.mbdf
2020-10-24T06:24:53.593Z - info: Rebuilding 1 pages
2020-10-24T06:24:53.939Z - info: Pages rebuilt
2020-10-24T06:24:53.939Z - info: Website regeneration complete! Total build time: 0.348s
2020-10-24T06:24:53.943Z - info: Site data built
2020-10-24T06:25:15.356Z - info: [2:25:15 PM] Reload for file change: C:\repos\nus-cs2103-AY2021S1\cs2103-website\admin\tools-reposense.mbdf
2020-10-24T06:25:16.390Z - info: Rebuilding 1 pages
2020-10-24T06:25:16.791Z - info: Pages rebuilt
2020-10-24T06:25:16.792Z - info: Website regeneration complete! Total build time: 0.408s
2020-10-24T06:25:16.794Z - info: Site data built
2020-10-24T06:27:03.396Z - info: [2:27:03 PM] Reload for file change: C:\repos\nus-cs2103-AY2021S1\cs2103-website\admin\tools-reposense.mbdf
2020-10-24T06:27:04.409Z - info: Rebuilding 1 pages
2020-10-24T06:27:05.045Z - info: Pages rebuilt
2020-10-24T06:27:05.045Z - info: Website regeneration complete! Total build time: 0.64s
2020-10-24T06:27:05.048Z - info: Site data built
2020-10-24T06:27:18.481Z - info: [2:27:18 PM] Reload for file change: C:\repos\nus-cs2103-AY2021S1\cs2103-website\admin\tools-reposense.mbdf
2020-10-24T06:27:19.499Z - info: Rebuilding 1 pages
2020-10-24T06:27:19.929Z - info: Pages rebuilt
2020-10-24T06:27:19.930Z - info: Website regeneration complete! Total build time: 0.432s
2020-10-24T06:27:19.935Z - info: Site data built
2020-10-24T06:27:55.865Z - info: [2:27:55 PM] Reload for file change: C:\repos\nus-cs2103-AY2021S1\cs2103-website\admin\tools-reposense.mbdf
2020-10-24T06:27:56.882Z - info: Rebuilding 1 pages
2020-10-24T06:27:57.318Z - info: Pages rebuilt
2020-10-24T06:27:57.319Z - info: Website regeneration complete! Total build time: 0.441s
2020-10-24T06:27:57.322Z - info: Site data built
2020-10-24T06:29:14.676Z - info: [2:29:14 PM] Reload for file change: C:\repos\nus-cs2103-AY2021S1\cs2103-website\admin\tools-reposense.mbdf
2020-10-24T06:29:15.682Z - info: Rebuilding 1 pages
2020-10-24T06:29:16.288Z - info: Pages rebuilt
2020-10-24T06:29:16.288Z - info: Website regeneration complete! Total build time: 0.61s
2020-10-24T06:29:16.295Z - info: Site data built
2020-10-24T06:29:51.208Z - info: [2:29:51 PM] Reload for file change: C:\repos\nus-cs2103-AY2021S1\cs2103-website\admin\tools-reposense.mbdf
2020-10-24T06:29:52.215Z - info: Rebuilding 1 pages
2020-10-24T06:29:52.715Z - info: Pages rebuilt
2020-10-24T06:29:52.716Z - info: Website regeneration complete! Total build time: 0.505s
2020-10-24T06:29:52.721Z - info: Site data built
2020-10-24T06:32:56.393Z - info: [2:32:56 PM] Reload for file change: C:\repos\nus-cs2103-AY2021S1\cs2103-website\admin\tools-reposense.mbdf
2020-10-24T06:32:57.403Z - info: Rebuilding 1 pages
2020-10-24T06:32:57.917Z - info: Pages rebuilt
2020-10-24T06:32:57.917Z - info: Website regeneration complete! Total build time: 0.519s
2020-10-24T06:32:57.920Z - info: Site data built
2020-10-24T06:33:21.551Z - info: [2:33:21 PM] Reload for file change: C:\repos\nus-cs2103-AY2021S1\cs2103-website\admin\tools-reposense.mbdf
2020-10-24T06:33:22.561Z - info: Rebuilding 1 pages
2020-10-24T06:33:22.927Z - info: Pages rebuilt
2020-10-24T06:33:22.927Z - info: Website regeneration complete! Total build time: 0.368s
2020-10-24T06:33:22.932Z - info: Site data built
2020-10-24T06:33:51.524Z - info: [2:33:51 PM] Reload for file change: C:\repos\nus-cs2103-AY2021S1\cs2103-website\admin\tools-reposense.mbdf
2020-10-24T06:33:52.532Z - info: Rebuilding 1 pages
2020-10-24T06:33:52.928Z - info: Pages rebuilt
2020-10-24T06:33:52.929Z - info: Website regeneration complete! Total build time: 0.399s
2020-10-24T06:33:52.931Z - info: Site data built
2020-10-24T06:34:04.501Z - info: [2:34:04 PM] Reload for file change: C:\repos\nus-cs2103-AY2021S1\cs2103-website\admin\tools-reposense.mbdf
2020-10-24T06:34:05.537Z - info: Rebuilding 1 pages
2020-10-24T06:34:05.974Z - info: Pages rebuilt
2020-10-24T06:34:05.974Z - info: Website regeneration complete! Total build time: 0.439s
2020-10-24T06:34:05.978Z - info: Site data built
2020-10-24T06:34:42.879Z - info: [2:34:42 PM] Reload for file change: C:\repos\nus-cs2103-AY2021S1\cs2103-website\admin\tools-reposense.mbdf
2020-10-24T06:34:43.888Z - info: Rebuilding 1 pages
2020-10-24T06:34:44.308Z - info: Pages rebuilt
2020-10-24T06:34:44.308Z - info: Website regeneration complete! Total build time: 0.426s
2020-10-24T06:34:44.312Z - info: Site data built
2020-10-24T06:34:58.925Z - info: [2:34:58 PM] Reload for file change: C:\repos\nus-cs2103-AY2021S1\cs2103-website\admin\tools-reposense.mbdf
2020-10-24T06:34:59.929Z - info: Rebuilding 1 pages
2020-10-24T06:35:00.306Z - info: Pages rebuilt
2020-10-24T06:35:00.306Z - info: Website regeneration complete! Total build time: 0.38s
2020-10-24T06:35:00.309Z - info: Site data built
2020-10-24T06:36:05.639Z - info: [2:36:05 PM] Reload for file change: C:\repos\nus-cs2103-AY2021S1\cs2103-website\admin\tools-reposense.mbdf
2020-10-24T06:36:06.649Z - info: Rebuilding 1 pages
2020-10-24T06:36:07.045Z - info: Pages rebuilt
2020-10-24T06:36:07.045Z - info: Website regeneration complete! Total build time: 0.403s
2020-10-24T06:36:07.048Z - info: Site data built
2020-10-24T06:36:42.756Z - info: [2:36:42 PM] Reload for file change: C:\repos\nus-cs2103-AY2021S1\cs2103-website\admin\tools-reposense.mbdf
2020-10-24T06:36:43.768Z - info: Rebuilding 1 pages
2020-10-24T06:36:44.149Z - info: Pages rebuilt
2020-10-24T06:36:44.149Z - info: Website regeneration complete! Total build time: 0.382s
2020-10-24T06:36:44.153Z - info: Site data built
2020-10-24T06:37:05.317Z - info: [2:37:05 PM] Reload for file change: C:\repos\nus-cs2103-AY2021S1\cs2103-website\admin\tools-reposense.mbdf
2020-10-24T06:37:06.331Z - info: Rebuilding 1 pages
2020-10-24T06:37:06.717Z - info: Pages rebuilt
2020-10-24T06:37:06.717Z - info: Website regeneration complete! Total build time: 0.388s
2020-10-24T06:37:06.721Z - info: Site data built
2020-10-24T06:38:49.676Z - info: Website generation started at 2:38:46 PM
2020-10-24T06:39:02.861Z - info: Building assets...
