2020-08-05T16:11:50.015Z - info: Website generation (lazy) started at 12:11:43 AM
2020-08-05T16:12:00.797Z - info: Building assets...
2020-08-05T16:12:08.125Z - info: Assets built
2020-08-05T16:12:08.126Z - info: Generating landing page...
2020-08-05T16:12:12.439Z - info: Landing page built, other pages will be built as you navigate to them!
2020-08-05T16:12:12.661Z - info: Website generation (lazy) complete! Total build time: 29.536s
2020-08-05T16:12:13.880Z - info: Serving "C:\repos\nus-cs2103-AY2021S1\cs2103-website\_site" at http://127.0.0.1:8080
2020-08-05T16:12:13.881Z - info: Press CTRL+C to stop ...
2020-08-05T16:12:13.958Z - info: Site data built
2020-08-05T16:12:57.374Z - info: Building C:\repos\nus-cs2103-AY2021S1\cs2103-website\schedule\week1\index as some of its dependencies were changed since the last visit
2020-08-05T16:12:58.049Z - info: Site data built
2020-08-05T16:12:58.050Z - info: Lazy website regeneration complete! Total build time: 0.677s
2020-08-05T16:13:02.295Z - info: Building C:\repos\nus-cs2103-AY2021S1\cs2103-website\schedule\week1\topics as some of its dependencies were changed since the last visit
2020-08-05T16:13:04.601Z - info: Site data built
2020-08-05T16:13:04.602Z - info: Lazy website regeneration complete! Total build time: 2.307s
2020-08-05T16:15:20.970Z - info: [12:15:20 AM] Reload for file change: C:\repos\nus-cs2103-AY2021S1\cs2103-website\book\cppToJava\controlFlow\methods\q-getGradeCapMethod.md
2020-08-05T16:15:21.983Z - info: Rebuilding 1 pages
2020-08-05T16:15:24.625Z - info: Pages rebuilt
2020-08-05T16:15:24.626Z - info: Website regeneration complete! Total build time: 2.647s
2020-08-05T16:15:24.674Z - info: Site data built
2020-08-05T16:15:31.105Z - info: [12:15:31 AM] Reload for file change: C:\repos\nus-cs2103-AY2021S1\cs2103-website\book\cppToJava\controlFlow\methods\q-getGradeCapMethod.md
2020-08-05T16:15:32.109Z - info: Rebuilding 1 pages
2020-08-05T16:15:34.380Z - info: Pages rebuilt
2020-08-05T16:15:34.380Z - info: Website regeneration complete! Total build time: 2.274s
2020-08-05T16:15:34.394Z - info: Site data built
2020-08-05T16:15:47.414Z - info: [12:15:47 AM] Reload for file change: C:\repos\nus-cs2103-AY2021S1\cs2103-website\book\cppToJava\controlFlow\loops\q-getMultipleGradeCapsMethod.md
2020-08-05T16:15:48.431Z - info: Rebuilding 1 pages
2020-08-05T16:15:50.261Z - info: Pages rebuilt
2020-08-05T16:15:50.262Z - info: Website regeneration complete! Total build time: 1.84s
2020-08-05T16:15:50.273Z - info: Site data built
2020-08-05T16:16:01.898Z - info: Building C:\repos\nus-cs2103-AY2021S1\cs2103-website\schedule\week2\topics as some of its dependencies were changed since the last visit
2020-08-05T16:16:05.379Z - info: Site data built
2020-08-05T16:16:05.383Z - info: Lazy website regeneration complete! Total build time: 3.485s
2020-08-05T16:19:18.572Z - info: Building C:\repos\nus-cs2103-AY2021S1\cs2103-website\schedule\week1\admin as some of its dependencies were changed since the last visit
2020-08-05T16:19:19.713Z - info: Site data built
2020-08-05T16:19:19.714Z - info: Lazy website regeneration complete! Total build time: 1.157s
2020-08-05T16:23:04.542Z - info: [12:23:04 AM] Reload for file change: C:\repos\nus-cs2103-AY2021S1\cs2103-website\admin\index-tic2002.mbdf
2020-08-05T16:23:04.600Z - info: [12:23:04 AM] Reload for file change: C:\repos\nus-cs2103-AY2021S1\cs2103-website\admin\index-tic2002.mbdf
2020-08-05T16:23:05.557Z - info: No pages needed to be rebuilt
2020-08-05T16:26:16.692Z - info: [12:26:16 AM] Reload for file change: C:\repos\nus-cs2103-AY2021S1\cs2103-website\admin\index-tic2002.mbdf
2020-08-05T16:26:16.716Z - info: [12:26:16 AM] Reload for file change: C:\repos\nus-cs2103-AY2021S1\cs2103-website\admin\common-commentary.mbdf
2020-08-05T16:26:17.705Z - info: Rebuilding 1 pages
2020-08-05T16:26:21.132Z - info: Pages rebuilt
2020-08-05T16:26:21.133Z - info: Website regeneration complete! Total build time: 3.431s
2020-08-05T16:26:21.134Z - info: Building C:\repos\nus-cs2103-AY2021S1\cs2103-website\schedule\week1\admin as some of its dependencies were changed since the last visit
2020-08-05T16:26:21.522Z - info: Site data built
2020-08-05T16:26:21.607Z - info: Site data built
2020-08-05T16:26:21.612Z - info: Lazy website regeneration complete! Total build time: 0.478s
2020-08-05T16:26:47.716Z - info: Building C:\repos\nus-cs2103-AY2021S1\cs2103-website\schedule\week1\topics as some of its dependencies were changed since the last visit
2020-08-05T16:26:50.225Z - info: Site data built
2020-08-05T16:26:50.226Z - info: Lazy website regeneration complete! Total build time: 2.51s
2020-08-05T16:27:12.510Z - info: Building C:\repos\nus-cs2103-AY2021S1\cs2103-website\schedule\week2\index as some of its dependencies were changed since the last visit
2020-08-05T16:27:13.208Z - info: Site data built
2020-08-05T16:27:13.209Z - info: Lazy website regeneration complete! Total build time: 0.7s
2020-08-05T16:35:21.128Z - info: Website generation started at 12:35:17 AM
2020-08-05T16:35:37.586Z - info: Building assets...
2020-08-05T16:35:46.803Z - info: Assets built
2020-08-05T16:35:46.804Z - info: Generating pages...
2020-08-05T16:36:04.791Z - debug: The process cannot access the file because it is being used by another process.

2020-08-05T16:36:04.792Z - debug: The process cannot access the file because it is being used by another process.

2020-08-05T16:36:07.053Z - debug: The process cannot access the file because it is being used by another process.

2020-08-05T16:36:07.054Z - debug:  
2020-08-05T16:36:07.055Z - debug:  
2020-08-05T16:36:07.055Z - debug:  
2020-08-05T16:36:07.055Z - debug:  
2020-08-05T16:36:07.841Z - debug:  
2020-08-05T16:36:13.062Z - debug:  
2020-08-05T16:36:13.063Z - debug:  
2020-08-05T16:36:13.063Z - debug: The process cannot access the file because it is being used by another process.

2020-08-05T16:36:13.063Z - debug:  
2020-08-05T16:36:14.828Z - debug: The process cannot access the file because it is being used by another process.

2020-08-05T16:36:14.829Z - debug: The process cannot access the file because it is being used by another process.

2020-08-05T16:36:14.950Z - debug:  
2020-08-05T16:36:15.155Z - debug:  
2020-08-05T16:36:15.155Z - debug:  
2020-08-05T16:36:15.402Z - debug: The process cannot access the file because it is being used by another process.

2020-08-05T16:36:15.402Z - debug: The process cannot access the file because it is being used by another process.

2020-08-05T16:36:18.477Z - debug:  
2020-08-05T16:36:18.643Z - debug:  
2020-08-05T16:36:42.892Z - debug: The process cannot access the file because it is being used by another process.

2020-08-05T16:36:43.554Z - debug: The process cannot access the file because it is being used by another process.

2020-08-05T16:36:44.626Z - debug: The process cannot access the file because it is being used by another process.

2020-08-05T16:36:44.626Z - debug: The process cannot access the file because it is being used by another process.

2020-08-05T16:36:44.823Z - debug:  
2020-08-05T16:36:45.118Z - debug:  
2020-08-05T16:36:49.020Z - debug:  
2020-08-05T16:36:49.236Z - debug:  
2020-08-05T16:36:55.978Z - debug: The process cannot access the file because it is being used by another process.

2020-08-05T16:36:57.886Z - debug: The process cannot access the file because it is being used by another process.

2020-08-05T16:36:58.117Z - debug:  
2020-08-05T16:37:24.436Z - debug:  
2020-08-05T16:37:24.613Z - debug:  
2020-08-05T16:37:24.613Z - debug:  
2020-08-05T16:37:24.614Z - debug:  
2020-08-05T16:37:28.633Z - debug:  
2020-08-05T16:37:28.847Z - debug:  
2020-08-05T16:37:37.186Z - debug:  
2020-08-05T16:37:37.187Z - debug:  
2020-08-05T16:37:37.187Z - debug:  
2020-08-05T16:37:37.187Z - debug:  
2020-08-05T16:37:37.188Z - debug:  
2020-08-05T16:37:44.742Z - debug:  
2020-08-05T16:37:44.742Z - debug:  
2020-08-05T16:37:49.838Z - debug:  
2020-08-05T16:38:06.521Z - debug:  
2020-08-05T16:38:06.522Z - debug:  
2020-08-05T16:38:11.082Z - info: Pages built
2020-08-05T16:38:34.330Z - info: Website generation complete! Total build time: 196.482s
2020-08-05T16:38:34.332Z - info: Build success!
2020-08-05T16:38:34.337Z - info: Site data built
2020-08-05T16:39:38.976Z - info: Deployed!
2020-08-06T07:09:35.460Z - info: Website generation (lazy) started at 3:09:28 PM
2020-08-06T07:09:47.714Z - info: Building assets...
2020-08-06T07:09:57.267Z - info: Assets built
2020-08-06T07:09:57.268Z - info: Generating landing page...
2020-08-06T07:09:57.987Z - info: Landing page built, other pages will be built as you navigate to them!
2020-08-06T07:09:58.117Z - info: Website generation (lazy) complete! Total build time: 29.369s
2020-08-06T07:09:59.444Z - info: Serving "C:\repos\nus-cs2103-AY2021S1\cs2103-website\_site" at http://127.0.0.1:8080
2020-08-06T07:09:59.445Z - info: Press CTRL+C to stop ...
2020-08-06T07:09:59.524Z - info: Site data built
2020-08-06T07:12:06.710Z - info: Building C:\repos\nus-cs2103-AY2021S1\cs2103-website\schedule\week2\index as some of its dependencies were changed since the last visit
2020-08-06T07:12:08.503Z - info: Site data built
2020-08-06T07:12:08.504Z - info: Lazy website regeneration complete! Total build time: 1.796s
2020-08-06T07:12:23.621Z - info: Building C:\repos\nus-cs2103-AY2021S1\cs2103-website\schedule\week2\topics as some of its dependencies were changed since the last visit
2020-08-06T07:12:28.030Z - info: Site data built
2020-08-06T07:12:28.031Z - info: Lazy website regeneration complete! Total build time: 4.411s
2020-08-06T07:15:38.866Z - info: Building C:\repos\nus-cs2103-AY2021S1\cs2103-website\admin\lectures as some of its dependencies were changed since the last visit
2020-08-06T07:15:39.412Z - info: Site data built
2020-08-06T07:15:39.413Z - info: Lazy website regeneration complete! Total build time: 0.549s
2020-08-06T07:19:33.264Z - info: Building C:\repos\nus-cs2103-AY2021S1\cs2103-website\schedule\timeline as some of its dependencies were changed since the last visit
2020-08-06T07:19:39.471Z - info: Site data built
2020-08-06T07:19:39.472Z - info: Lazy website regeneration complete! Total build time: 6.209s
2020-08-06T15:07:21.698Z - info: Website generation (lazy) started at 11:07:18 PM
2020-08-06T15:07:34.509Z - info: Building assets...
2020-08-06T15:07:45.398Z - info: Assets built
2020-08-06T15:07:45.400Z - info: Generating landing page...
2020-08-06T15:07:46.248Z - info: Landing page built, other pages will be built as you navigate to them!
2020-08-06T15:07:46.351Z - info: Website generation (lazy) complete! Total build time: 28.219s
2020-08-06T15:07:47.315Z - info: Serving "C:\repos\nus-cs2103-AY2021S1\cs2103-website\_site" at http://127.0.0.1:8080
2020-08-06T15:07:47.315Z - info: Press CTRL+C to stop ...
2020-08-06T15:07:47.387Z - info: Site data built
2020-08-06T15:08:12.682Z - info: Building C:\repos\nus-cs2103-AY2021S1\cs2103-website\schedule\week4\index as some of its dependencies were changed since the last visit
2020-08-06T15:08:13.899Z - info: Site data built
2020-08-06T15:08:13.900Z - info: Lazy website regeneration complete! Total build time: 1.219s
2020-08-06T15:08:23.809Z - info: Building C:\repos\nus-cs2103-AY2021S1\cs2103-website\schedule\week4\topics as some of its dependencies were changed since the last visit
2020-08-06T15:08:29.866Z - info: Site data built
2020-08-06T15:08:29.871Z - info: Lazy website regeneration complete! Total build time: 6.063s
2020-08-06T15:08:31.410Z - debug:  
2020-08-06T15:08:31.411Z - debug:  
2020-08-06T15:15:07.241Z - info: Website generation started at 11:15:03 PM
2020-08-06T15:15:18.779Z - info: Building assets...
2020-08-06T15:15:28.947Z - info: Assets built
2020-08-06T15:15:28.947Z - info: Generating pages...
2020-08-06T15:15:43.006Z - debug: The process cannot access the file because it is being used by another process.

2020-08-06T15:15:43.007Z - debug: The process cannot access the file because it is being used by another process.

2020-08-06T15:15:47.329Z - debug:  
2020-08-06T15:15:47.329Z - debug:  
2020-08-06T15:15:47.330Z - debug:  
2020-08-06T15:15:47.330Z - debug:  
2020-08-06T15:15:49.812Z - debug:  
2020-08-06T15:15:52.849Z - debug: The process cannot access the file because it is being used by another process.

2020-08-06T15:15:52.850Z - debug: The process cannot access the file because it is being used by another process.

2020-08-06T15:15:52.850Z - debug:  
2020-08-06T15:15:52.851Z - debug: The process cannot access the file because it is being used by another process.

2020-08-06T15:15:52.851Z - debug: The process cannot access the file because it is being used by another process.

2020-08-06T15:15:52.851Z - debug:  
2020-08-06T15:15:52.852Z - debug:  
2020-08-06T15:15:52.852Z - debug:  
2020-08-06T15:15:55.624Z - debug: The process cannot access the file because it is being used by another process.

2020-08-06T15:15:55.624Z - debug: The process cannot access the file because it is being used by another process.

2020-08-06T15:15:55.625Z - debug: The process cannot access the file because it is being used by another process.

2020-08-06T15:15:55.625Z - debug: The process cannot access the file because it is being used by another process.

2020-08-06T15:15:56.665Z - debug:  
2020-08-06T15:15:56.834Z - debug:  
2020-08-06T15:16:23.003Z - debug: The process cannot access the file because it is being used by another process.

2020-08-06T15:16:23.006Z - debug: The process cannot access the file because it is being used by another process.

2020-08-06T15:16:24.319Z - debug:  
2020-08-06T15:16:24.319Z - debug: The process cannot access the file because it is being used by another process.

2020-08-06T15:16:24.320Z - debug:  
2020-08-06T15:16:26.638Z - debug: The process cannot access the file because it is being used by another process.

2020-08-06T15:16:26.639Z - debug:  
2020-08-06T15:16:27.862Z - debug:  
2020-08-06T15:16:36.231Z - debug: The process cannot access the file because it is being used by another process.

2020-08-06T15:16:38.362Z - debug: The process cannot access the file because it is being used by another process.

2020-08-06T15:16:38.580Z - debug:  
2020-08-06T15:17:03.177Z - debug:  
2020-08-06T15:17:03.181Z - debug:  
2020-08-06T15:17:03.431Z - debug:  
2020-08-06T15:17:03.432Z - debug:  
2020-08-06T15:17:08.015Z - debug:  
2020-08-06T15:17:08.368Z - debug:  
2020-08-06T15:17:10.398Z - debug:  
2020-08-06T15:17:18.652Z - debug:  
2020-08-06T15:17:18.652Z - debug:  
2020-08-06T15:17:18.652Z - debug:  
2020-08-06T15:17:18.652Z - debug:  
2020-08-06T15:17:28.052Z - debug:  
2020-08-06T15:17:28.053Z - debug:  
2020-08-06T15:17:34.698Z - debug:  
2020-08-06T15:17:48.485Z - debug:  
2020-08-06T15:17:48.486Z - debug: The process cannot access the file because it is being used by another process.

2020-08-06T15:17:48.486Z - debug:  
2020-08-06T15:17:53.874Z - debug:  
2020-08-06T15:18:06.812Z - debug:  
2020-08-06T15:18:37.478Z - debug:  
2020-08-06T15:18:51.647Z - debug:  
2020-08-06T15:18:51.647Z - debug:  
2020-08-06T15:19:02.002Z - info: Pages built
2020-08-06T15:19:34.242Z - info: Website generation complete! Total build time: 270.573s
2020-08-06T15:19:34.246Z - info: Build success!
2020-08-06T15:19:34.246Z - debug:  
2020-08-06T15:19:34.254Z - info: Site data built
2020-08-06T15:20:22.742Z - info: Deployed!
2020-08-06T15:44:45.152Z - info: Website generation started at 11:44:38 PM
2020-08-06T15:44:56.117Z - info: Building assets...
2020-08-06T15:45:03.990Z - info: Assets built
2020-08-06T15:45:03.992Z - info: Generating pages...
2020-08-06T15:45:21.460Z - debug: The process cannot access the file because it is being used by another process.

2020-08-06T15:45:21.461Z - debug: The process cannot access the file because it is being used by another process.

2020-08-06T15:45:24.452Z - debug:  
2020-08-06T15:45:24.452Z - debug:  
2020-08-06T15:45:24.452Z - debug:  
2020-08-06T15:45:24.453Z - debug:  
2020-08-06T15:45:30.858Z - debug: The process cannot access the file because it is being used by another process.

2020-08-06T15:45:30.858Z - debug: The process cannot access the file because it is being used by another process.

2020-08-06T15:45:30.859Z - debug: The process cannot access the file because it is being used by another process.

2020-08-06T15:45:30.859Z - debug: The process cannot access the file because it is being used by another process.

2020-08-06T15:45:30.859Z - debug:  
2020-08-06T15:45:30.860Z - debug:  
2020-08-06T15:45:30.860Z - debug:  
2020-08-06T15:45:30.876Z - debug:  
2020-08-06T15:45:30.876Z - debug:  
2020-08-06T15:45:33.502Z - debug: The process cannot access the file because it is being used by another process.

2020-08-06T15:45:33.502Z - debug: The process cannot access the file because it is being used by another process.

2020-08-06T15:45:33.735Z - debug: The process cannot access the file because it is being used by another process.

2020-08-06T15:45:33.736Z - debug: The process cannot access the file because it is being used by another process.

2020-08-06T15:45:35.113Z - debug:  
2020-08-06T15:45:35.296Z - debug:  
2020-08-06T15:45:59.693Z - debug: The process cannot access the file because it is being used by another process.

2020-08-06T15:45:59.696Z - debug: The process cannot access the file because it is being used by another process.

2020-08-06T15:46:01.159Z - debug: The process cannot access the file because it is being used by another process.

2020-08-06T15:46:01.160Z - debug: The process cannot access the file because it is being used by another process.

2020-08-06T15:46:01.427Z - debug:  
2020-08-06T15:46:01.428Z - debug:  
2020-08-06T15:46:05.079Z - debug:  
2020-08-06T15:46:05.259Z - debug:  
2020-08-06T15:46:11.106Z - debug: The process cannot access the file because it is being used by another process.

2020-08-06T15:46:12.895Z - debug: The process cannot access the file because it is being used by another process.

2020-08-06T15:46:13.414Z - debug:  
2020-08-06T15:46:40.928Z - debug:  
2020-08-06T15:46:41.558Z - debug:  
2020-08-06T15:46:41.558Z - debug:  
2020-08-06T15:46:41.559Z - debug:  
2020-08-06T15:46:45.675Z - debug:  
2020-08-06T15:46:47.402Z - debug:  
2020-08-06T15:46:57.524Z - debug:  
2020-08-06T15:46:57.525Z - debug:  
2020-08-06T15:46:57.525Z - debug:  
2020-08-06T15:46:57.525Z - debug:  
2020-08-06T15:46:57.526Z - debug:  
2020-08-06T15:47:04.211Z - debug:  
2020-08-06T15:47:04.211Z - debug:  
2020-08-06T15:47:08.353Z - debug:  
2020-08-06T15:47:21.652Z - debug:  
2020-08-06T15:47:21.652Z - debug:  
2020-08-06T15:47:26.440Z - info: Pages built
2020-08-06T15:47:49.217Z - info: Website generation complete! Total build time: 190.357s
2020-08-06T15:47:49.221Z - info: Build success!
2020-08-06T15:47:49.223Z - info: Site data built
2020-08-06T15:48:29.468Z - info: Deployed!
2020-08-06T15:59:45.200Z - info: Website generation started at 11:59:40 PM
2020-08-06T15:59:53.006Z - info: Building assets...
2020-08-06T15:59:59.341Z - info: Assets built
2020-08-06T15:59:59.342Z - info: Generating pages...
