2020-08-27T03:44:36.366Z - info: Website generation (lazy) started at 11:44:29 AM
2020-08-27T03:44:51.482Z - info: Building assets...
2020-08-27T03:44:59.079Z - info: Assets built
2020-08-27T03:44:59.079Z - info: Generating landing page...
2020-08-27T03:45:00.819Z - info: Landing page built, other pages will be built as you navigate to them!
2020-08-27T03:45:00.984Z - info: Website generation (lazy) complete! Total build time: 31.903s
2020-08-27T03:45:02.265Z - info: Serving "C:\repos\nus-cs2103-AY2021S1\cs2103-website\_site" at http://127.0.0.1:8080
2020-08-27T03:45:02.265Z - info: Press CTRL+C to stop ...
2020-08-27T03:45:02.406Z - info: Site data built
2020-08-27T03:45:04.251Z - info: [11:45:04 AM] Reload for file change: C:\repos\nus-cs2103-AY2021S1\cs2103-website\_module-TIC4001\studentData.mbdf
2020-08-27T03:45:05.350Z - info: No pages needed to be rebuilt
2020-08-27T03:45:32.441Z - info: [11:45:32 AM] Reload for file change: C:\repos\nus-cs2103-AY2021S1\cs2103-website\_module-TIC4001\studentData.mbdf
2020-08-27T03:45:33.443Z - info: No pages needed to be rebuilt
2020-08-27T03:45:35.947Z - info: Building C:\repos\nus-cs2103-AY2021S1\cs2103-website\schedule\week4\index as some of its dependencies were changed since the last visit
2020-08-27T03:45:37.227Z - info: Site data built
2020-08-27T03:45:37.228Z - info: Lazy website regeneration complete! Total build time: 1.282s
2020-08-27T03:45:40.566Z - info: Building C:\repos\nus-cs2103-AY2021S1\cs2103-website\schedule\week4\project as some of its dependencies were changed since the last visit
2020-08-27T03:45:42.416Z - info: Site data built
2020-08-27T03:45:42.416Z - info: Lazy website regeneration complete! Total build time: 1.85s
2020-08-27T03:46:06.069Z - info: [11:46:06 AM] Reload for file change: C:\repos\nus-cs2103-AY2021S1\cs2103-website\admin\ip-tasks.mbdf
2020-08-27T03:46:07.074Z - info: Rebuilding 1 pages
2020-08-27T03:46:09.206Z - info: Pages rebuilt
2020-08-27T03:46:09.207Z - info: Website regeneration complete! Total build time: 2.133s
2020-08-27T03:46:09.213Z - info: Site data built
2020-08-27T03:47:32.974Z - info: Building C:\repos\nus-cs2103-AY2021S1\cs2103-website\schedule\week4\topics as some of its dependencies were changed since the last visit
2020-08-27T03:47:37.125Z - info: Site data built
2020-08-27T03:47:37.127Z - info: Lazy website regeneration complete! Total build time: 4.154s
2020-08-27T03:53:11.861Z - info: [11:53:11 AM] Reload for file change: C:\repos\nus-cs2103-AY2021S1\cs2103-website\_module-TIC4001\weeklyTextbookTopics.mbdf
2020-08-27T03:53:11.882Z - info: [11:53:11 AM] Reload for file change: C:\repos\nus-cs2103-AY2021S1\cs2103-website\admin\ip-tasks.mbdf
2020-08-27T03:53:12.878Z - info: No pages needed to be rebuilt
2020-08-27T03:53:22.059Z - info: Website generation (lazy) started at 11:53:18 AM
2020-08-27T03:53:36.292Z - info: Building assets...
2020-08-27T03:53:45.381Z - info: Assets built
2020-08-27T03:53:45.383Z - info: Generating landing page...
2020-08-27T03:53:45.774Z - error:  Template render error: (unknown path)
  Template render error: (unknown path)
  Template render error: (unknown path)
  Template render error: (unknown path)
  Template render error: (unknown path)
  Template render error: (unknown path)
  Template render error: (unknown path)
  Template render error: (unknown path)
  Template render error: (unknown path)
  Template render error: (unknown path)
  Template render error: (unknown path)
  Template render error: (unknown path)
  Template render error: (unknown path)
  Template render error: (unknown path) [Line 51, Column 45]
  Template render error: (unknown path)
  Template render error: (unknown path)
  Template render error: (unknown path)
  Template render error: (unknown path)
  Template render error: (unknown path)
  Template render error: (unknown path)
  Template render error: (unknown path)
  Template render error: (unknown path)
  Template render error: (unknown path)
  Template render error: (unknown path)
  Template render error: (unknown path)
  Template render error: (unknown path) [Line 51, Column 45]
  Template render error: (unknown path)
  Template render error: (unknown path)
  Template render error: (unknown path)
  Template render error: (unknown path)
  Template render error: (unknown path)
  Template render error: (unknown path)
  Error: template not found: _module-undefined/textbookTopics.mbdf
Error while preprocessing 'C:\repos\nus-cs2103-AY2021S1\cs2103-website\index.md'
    at Object._prettifyError (C:\Users\damithch\AppData\Roaming\npm\node_modules\markbind-cli\node_modules\nunjucks\src\lib.js:36:11)
    at C:\Users\damithch\AppData\Roaming\npm\node_modules\markbind-cli\node_modules\nunjucks\src\environment.js:561:19
    at Template.root [as rootRenderFunc] (eval at _compile (C:\Users\damithch\AppData\Roaming\npm\node_modules\markbind-cli\node_modules\nunjucks\src\environment.js:631:18), <anonymous>:619:3)
    at Template.render (C:\Users\damithch\AppData\Roaming\npm\node_modules\markbind-cli\node_modules\nunjucks\src\environment.js:550:10)
    at Environment.renderString (C:\Users\damithch\AppData\Roaming\npm\node_modules\markbind-cli\node_modules\nunjucks\src\environment.js:378:17)
    at VariableRenderer.render (C:\Users\damithch\AppData\Roaming\npm\node_modules\markbind-cli\node_modules\@markbind\core\src\variables\VariableRenderer.js:79:17)
    at VariableProcessor.renderSiteVariables (C:\Users\damithch\AppData\Roaming\npm\node_modules\markbind-cli\node_modules\@markbind\core\src\variables\VariableProcessor.js:151:53)
    at VariableProcessor.renderIncludeFile (C:\Users\damithch\AppData\Roaming\npm\node_modules\markbind-cli\node_modules\@markbind\core\src\variables\VariableProcessor.js:390:34)
    at _preprocessInclude (C:\Users\damithch\AppData\Roaming\npm\node_modules\markbind-cli\node_modules\@markbind\core\src\preprocessors\componentPreprocessor.js:242:25)
    at Object.preProcessComponent (C:\Users\damithch\AppData\Roaming\npm\node_modules\markbind-cli\node_modules\@markbind\core\src\preprocessors\componentPreprocessor.js:349:12)
    at C:\Users\damithch\AppData\Roaming\npm\node_modules\markbind-cli\node_modules\@markbind\core\src\Parser.js:187:47
    at Array.map (<anonymous>)
    at DomHandler._callback (C:\Users\damithch\AppData\Roaming\npm\node_modules\markbind-cli\node_modules\@markbind\core\src\Parser.js:184:27)
    at DomHandler._handleCallback.DomHandler.onerror (C:\Users\damithch\AppData\Roaming\npm\node_modules\markbind-cli\node_modules\domhandler\index.js:52:8)
    at DomHandler.onend (C:\Users\damithch\AppData\Roaming\npm\node_modules\markbind-cli\node_modules\domhandler\index.js:46:7)
    at Parser.onend (C:\Users\damithch\AppData\Roaming\npm\node_modules\markbind-cli\node_modules\htmlparser2\lib\Parser.js:340:36)
2020-08-27T03:53:45.829Z - info: Landing page built, other pages will be built as you navigate to them!
2020-08-27T03:53:45.924Z - info: Website generation (lazy) complete! Total build time: 27.324s
2020-08-27T03:53:46.778Z - info: Serving "C:\repos\nus-cs2103-AY2021S1\cs2103-website\_site" at http://127.0.0.1:8080
2020-08-27T03:53:46.778Z - info: Press CTRL+C to stop ...
2020-08-27T03:53:46.868Z - info: Site data built
2020-08-27T03:55:17.078Z - info: [11:55:17 AM] Reload for file change: C:\repos\nus-cs2103-AY2021S1\cs2103-website\_module-TIC4001\studentData.mbdf
2020-08-27T03:55:26.520Z - info: Website generation (lazy) started at 11:55:23 AM
2020-08-27T03:55:37.454Z - info: Building assets...
2020-08-27T03:55:43.711Z - info: Assets built
2020-08-27T03:55:43.711Z - info: Generating landing page...
2020-08-27T03:55:44.043Z - error:  Template render error: (unknown path)
  Template render error: (unknown path)
  Template render error: (unknown path)
  Template render error: (unknown path)
  Template render error: (unknown path)
  Template render error: (unknown path)
  Template render error: (unknown path)
  Template render error: (unknown path)
  Template render error: (unknown path)
  Template render error: (unknown path)
  Template render error: (unknown path)
  Template render error: (unknown path)
  Template render error: (unknown path)
  Template render error: (unknown path) [Line 51, Column 45]
  Template render error: (unknown path)
  Template render error: (unknown path)
  Template render error: (unknown path)
  Template render error: (unknown path)
  Template render error: (unknown path)
  Template render error: (unknown path)
  Template render error: (unknown path)
  Template render error: (unknown path)
  Template render error: (unknown path)
  Template render error: (unknown path)
  Template render error: (unknown path)
  Template render error: (unknown path) [Line 51, Column 45]
  Template render error: (unknown path)
  Template render error: (unknown path)
  Template render error: (unknown path)
  Template render error: (unknown path)
  Template render error: (unknown path)
  Template render error: (unknown path)
  Error: template not found: _module-undefined/textbookTopics.mbdf
Error while preprocessing 'C:\repos\nus-cs2103-AY2021S1\cs2103-website\index.md'
    at Object._prettifyError (C:\Users\damithch\AppData\Roaming\npm\node_modules\markbind-cli\node_modules\nunjucks\src\lib.js:36:11)
    at C:\Users\damithch\AppData\Roaming\npm\node_modules\markbind-cli\node_modules\nunjucks\src\environment.js:561:19
    at Template.root [as rootRenderFunc] (eval at _compile (C:\Users\damithch\AppData\Roaming\npm\node_modules\markbind-cli\node_modules\nunjucks\src\environment.js:631:18), <anonymous>:619:3)
    at Template.render (C:\Users\damithch\AppData\Roaming\npm\node_modules\markbind-cli\node_modules\nunjucks\src\environment.js:550:10)
    at Environment.renderString (C:\Users\damithch\AppData\Roaming\npm\node_modules\markbind-cli\node_modules\nunjucks\src\environment.js:378:17)
    at VariableRenderer.render (C:\Users\damithch\AppData\Roaming\npm\node_modules\markbind-cli\node_modules\@markbind\core\src\variables\VariableRenderer.js:79:17)
    at VariableProcessor.renderSiteVariables (C:\Users\damithch\AppData\Roaming\npm\node_modules\markbind-cli\node_modules\@markbind\core\src\variables\VariableProcessor.js:151:53)
    at VariableProcessor.renderIncludeFile (C:\Users\damithch\AppData\Roaming\npm\node_modules\markbind-cli\node_modules\@markbind\core\src\variables\VariableProcessor.js:390:34)
    at _preprocessInclude (C:\Users\damithch\AppData\Roaming\npm\node_modules\markbind-cli\node_modules\@markbind\core\src\preprocessors\componentPreprocessor.js:242:25)
    at Object.preProcessComponent (C:\Users\damithch\AppData\Roaming\npm\node_modules\markbind-cli\node_modules\@markbind\core\src\preprocessors\componentPreprocessor.js:349:12)
    at C:\Users\damithch\AppData\Roaming\npm\node_modules\markbind-cli\node_modules\@markbind\core\src\Parser.js:187:47
    at Array.map (<anonymous>)
    at DomHandler._callback (C:\Users\damithch\AppData\Roaming\npm\node_modules\markbind-cli\node_modules\@markbind\core\src\Parser.js:184:27)
    at DomHandler._handleCallback.DomHandler.onerror (C:\Users\damithch\AppData\Roaming\npm\node_modules\markbind-cli\node_modules\domhandler\index.js:52:8)
    at DomHandler.onend (C:\Users\damithch\AppData\Roaming\npm\node_modules\markbind-cli\node_modules\domhandler\index.js:46:7)
    at Parser.onend (C:\Users\damithch\AppData\Roaming\npm\node_modules\markbind-cli\node_modules\htmlparser2\lib\Parser.js:340:36)
2020-08-27T03:55:44.099Z - info: Landing page built, other pages will be built as you navigate to them!
2020-08-27T03:55:44.200Z - info: Website generation (lazy) complete! Total build time: 20.964s
2020-08-27T03:55:45.560Z - info: Serving "C:\repos\nus-cs2103-AY2021S1\cs2103-website\_site" at http://127.0.0.1:8080
2020-08-27T03:55:45.560Z - info: Press CTRL+C to stop ...
2020-08-27T03:55:45.661Z - info: Site data built
2020-08-27T04:00:01.633Z - info: [12:00:01 PM] Reload for file change: C:\repos\nus-cs2103-AY2021S1\cs2103-website\_module-TIC4001\weeklyTextbookTopics.mbdf
2020-08-27T04:00:02.651Z - info: No pages needed to be rebuilt
2020-08-27T04:00:13.705Z - info: Website generation (lazy) started at 12:00:10 PM
2020-08-27T04:00:21.608Z - info: Building assets...
2020-08-27T04:00:27.018Z - info: Assets built
2020-08-27T04:00:27.019Z - info: Generating landing page...
2020-08-27T04:00:27.377Z - error:  Template render error: (unknown path)
  Template render error: (unknown path)
  Template render error: (unknown path)
  Template render error: (unknown path)
  Template render error: (unknown path)
  Template render error: (unknown path)
  Template render error: (unknown path)
  Template render error: (unknown path)
  Template render error: (unknown path)
  Template render error: (unknown path)
  Template render error: (unknown path)
  Template render error: (unknown path)
  Template render error: (unknown path)
  Template render error: (unknown path) [Line 51, Column 45]
  Template render error: (unknown path)
  Template render error: (unknown path)
  Template render error: (unknown path)
  Template render error: (unknown path)
  Template render error: (unknown path)
  Template render error: (unknown path)
  Template render error: (unknown path)
  Template render error: (unknown path)
  Template render error: (unknown path)
  Template render error: (unknown path)
  Template render error: (unknown path)
  Template render error: (unknown path) [Line 51, Column 45]
  Template render error: (unknown path)
  Template render error: (unknown path)
  Template render error: (unknown path)
  Template render error: (unknown path)
  Template render error: (unknown path)
  Template render error: (unknown path)
  Error: template not found: _module-undefined/textbookTopics.mbdf
Error while preprocessing 'C:\repos\nus-cs2103-AY2021S1\cs2103-website\index.md'
    at Object._prettifyError (C:\Users\damithch\AppData\Roaming\npm\node_modules\markbind-cli\node_modules\nunjucks\src\lib.js:36:11)
    at C:\Users\damithch\AppData\Roaming\npm\node_modules\markbind-cli\node_modules\nunjucks\src\environment.js:561:19
    at Template.root [as rootRenderFunc] (eval at _compile (C:\Users\damithch\AppData\Roaming\npm\node_modules\markbind-cli\node_modules\nunjucks\src\environment.js:631:18), <anonymous>:619:3)
    at Template.render (C:\Users\damithch\AppData\Roaming\npm\node_modules\markbind-cli\node_modules\nunjucks\src\environment.js:550:10)
    at Environment.renderString (C:\Users\damithch\AppData\Roaming\npm\node_modules\markbind-cli\node_modules\nunjucks\src\environment.js:378:17)
    at VariableRenderer.render (C:\Users\damithch\AppData\Roaming\npm\node_modules\markbind-cli\node_modules\@markbind\core\src\variables\VariableRenderer.js:79:17)
    at VariableProcessor.renderSiteVariables (C:\Users\damithch\AppData\Roaming\npm\node_modules\markbind-cli\node_modules\@markbind\core\src\variables\VariableProcessor.js:151:53)
    at VariableProcessor.renderIncludeFile (C:\Users\damithch\AppData\Roaming\npm\node_modules\markbind-cli\node_modules\@markbind\core\src\variables\VariableProcessor.js:390:34)
    at _preprocessInclude (C:\Users\damithch\AppData\Roaming\npm\node_modules\markbind-cli\node_modules\@markbind\core\src\preprocessors\componentPreprocessor.js:242:25)
    at Object.preProcessComponent (C:\Users\damithch\AppData\Roaming\npm\node_modules\markbind-cli\node_modules\@markbind\core\src\preprocessors\componentPreprocessor.js:349:12)
    at C:\Users\damithch\AppData\Roaming\npm\node_modules\markbind-cli\node_modules\@markbind\core\src\Parser.js:187:47
    at Array.map (<anonymous>)
    at DomHandler._callback (C:\Users\damithch\AppData\Roaming\npm\node_modules\markbind-cli\node_modules\@markbind\core\src\Parser.js:184:27)
    at DomHandler._handleCallback.DomHandler.onerror (C:\Users\damithch\AppData\Roaming\npm\node_modules\markbind-cli\node_modules\domhandler\index.js:52:8)
    at DomHandler.onend (C:\Users\damithch\AppData\Roaming\npm\node_modules\markbind-cli\node_modules\domhandler\index.js:46:7)
    at Parser.onend (C:\Users\damithch\AppData\Roaming\npm\node_modules\markbind-cli\node_modules\htmlparser2\lib\Parser.js:340:36)
2020-08-27T04:00:27.433Z - info: Landing page built, other pages will be built as you navigate to them!
2020-08-27T04:00:27.541Z - info: Website generation (lazy) complete! Total build time: 16.77s
2020-08-27T04:00:28.340Z - info: Serving "C:\repos\nus-cs2103-AY2021S1\cs2103-website\_site" at http://127.0.0.1:8080
2020-08-27T04:00:28.341Z - info: Press CTRL+C to stop ...
2020-08-27T04:00:28.405Z - info: Site data built
2020-08-27T04:01:49.584Z - info: [12:01:49 PM] Reload for file change: C:\repos\nus-cs2103-AY2021S1\cs2103-website\_module-TIC4001\weeklyTextbookTopics.mbdf
2020-08-27T04:01:49.596Z - info: [12:01:49 PM] Reload for file change: C:\repos\nus-cs2103-AY2021S1\cs2103-website\admin\ip-tasks.mbdf
2020-08-27T04:01:58.721Z - info: Website generation (lazy) started at 12:01:55 PM
2020-08-27T04:02:07.139Z - info: Building assets...
2020-08-27T04:02:12.977Z - info: Assets built
2020-08-27T04:02:12.978Z - info: Generating landing page...
2020-08-27T04:02:14.362Z - info: Landing page built, other pages will be built as you navigate to them!
2020-08-27T04:02:14.455Z - info: Website generation (lazy) complete! Total build time: 18.723s
2020-08-27T04:02:15.497Z - info: Serving "C:\repos\nus-cs2103-AY2021S1\cs2103-website\_site" at http://127.0.0.1:8080
2020-08-27T04:02:15.497Z - info: Press CTRL+C to stop ...
2020-08-27T04:02:15.554Z - info: Site data built
2020-08-27T04:02:26.460Z - info: Building C:\repos\nus-cs2103-AY2021S1\cs2103-website\schedule\week4\topics as some of its dependencies were changed since the last visit
2020-08-27T04:02:30.603Z - info: Site data built
2020-08-27T04:02:30.613Z - info: Lazy website regeneration complete! Total build time: 4.152s
2020-08-27T04:03:47.087Z - info: Building C:\repos\nus-cs2103-AY2021S1\cs2103-website\schedule\week4\project as some of its dependencies were changed since the last visit
2020-08-27T04:03:49.235Z - info: Site data built
2020-08-27T04:03:49.236Z - info: Lazy website regeneration complete! Total build time: 2.151s
2020-08-27T04:05:44.094Z - info: [12:05:44 PM] Reload for file change: C:\repos\nus-cs2103-AY2021S1\cs2103-website\_module-TIC4001\studentData.mbdf
2020-08-27T04:05:45.100Z - info: No pages needed to be rebuilt
2020-08-27T04:08:55.245Z - info: [12:08:55 PM] Reload for file change: C:\repos\nus-cs2103-AY2021S1\cs2103-website\admin\common-tutorials.mbdf
2020-08-27T04:08:56.251Z - info: Rebuilding 1 pages
2020-08-27T04:08:58.219Z - info: Pages rebuilt
2020-08-27T04:08:58.220Z - info: Website regeneration complete! Total build time: 1.974s
2020-08-27T04:08:58.228Z - info: Site data built
2020-08-27T04:09:21.190Z - info: [12:09:21 PM] Reload for file change: C:\repos\nus-cs2103-AY2021S1\cs2103-website\admin\common-tutorials.mbdf
2020-08-27T04:09:22.200Z - info: Rebuilding 1 pages
2020-08-27T04:09:24.053Z - info: Pages rebuilt
2020-08-27T04:09:24.054Z - info: Website regeneration complete! Total build time: 1.861s
2020-08-27T04:09:24.061Z - info: Site data built
2020-08-27T04:10:20.249Z - info: [12:10:20 PM] Reload for file change: C:\repos\nus-cs2103-AY2021S1\cs2103-website\admin\common-tutorials.mbdf
2020-08-27T04:10:21.299Z - info: Rebuilding 1 pages
2020-08-27T04:10:23.346Z - info: Pages rebuilt
2020-08-27T04:10:23.347Z - info: Website regeneration complete! Total build time: 2.055s
2020-08-27T04:10:23.353Z - info: Site data built
2020-08-27T04:11:47.879Z - info: [12:11:47 PM] Reload for file change: C:\repos\nus-cs2103-AY2021S1\cs2103-website\admin\ip-tasks.mbdf
2020-08-27T04:11:48.882Z - info: Rebuilding 1 pages
2020-08-27T04:11:50.578Z - info: Pages rebuilt
2020-08-27T04:11:50.579Z - info: Website regeneration complete! Total build time: 1.698s
2020-08-27T04:11:50.600Z - info: Site data built
2020-08-27T04:13:09.241Z - info: [12:13:09 PM] Reload for file change: C:\repos\nus-cs2103-AY2021S1\cs2103-website\_module-TIC4001\weeklyIpTasks.mbdf
2020-08-27T04:13:10.254Z - info: No pages needed to be rebuilt
2020-08-27T04:13:44.427Z - info: Website generation (lazy) started at 12:13:41 PM
2020-08-27T04:13:52.317Z - info: Building assets...
2020-08-27T04:13:58.807Z - info: Assets built
2020-08-27T04:13:58.808Z - info: Generating landing page...
2020-08-27T04:14:00.499Z - info: Landing page built, other pages will be built as you navigate to them!
2020-08-27T04:14:00.599Z - info: Website generation (lazy) complete! Total build time: 19.138s
2020-08-27T04:14:01.460Z - info: Serving "C:\repos\nus-cs2103-AY2021S1\cs2103-website\_site" at http://127.0.0.1:8080
2020-08-27T04:14:01.460Z - info: Press CTRL+C to stop ...
2020-08-27T04:14:01.522Z - info: Site data built
2020-08-27T04:14:07.664Z - info: Building C:\repos\nus-cs2103-AY2021S1\cs2103-website\schedule\week4\tutorial as some of its dependencies were changed since the last visit
2020-08-27T04:14:10.861Z - info: Site data built
2020-08-27T04:14:10.905Z - info: Lazy website regeneration complete! Total build time: 3.242s
2020-08-27T04:14:19.693Z - info: Building C:\repos\nus-cs2103-AY2021S1\cs2103-website\schedule\week4\project as some of its dependencies were changed since the last visit
2020-08-27T04:14:21.581Z - info: Site data built
2020-08-27T04:14:21.581Z - info: Lazy website regeneration complete! Total build time: 1.888s
2020-08-27T04:29:08.221Z - info: [12:29:08 PM] Reload for file change: C:\repos\nus-cs2103-AY2021S1\cs2103-website\admin\common-tutorials.mbdf
2020-08-27T04:29:09.235Z - info: Rebuilding 1 pages
2020-08-27T04:29:11.598Z - info: Pages rebuilt
2020-08-27T04:29:11.598Z - info: Website regeneration complete! Total build time: 2.369s
2020-08-27T04:29:11.612Z - info: Site data built
2020-08-27T04:30:15.433Z - info: [12:30:15 PM] Reload for file change: C:\repos\nus-cs2103-AY2021S1\cs2103-website\admin\common-tutorials.mbdf
2020-08-27T04:30:16.437Z - info: Rebuilding 1 pages
2020-08-27T04:30:19.251Z - info: Pages rebuilt
2020-08-27T04:30:19.251Z - info: Website regeneration complete! Total build time: 2.816s
2020-08-27T04:30:19.267Z - info: Site data built
2020-08-27T04:30:50.803Z - info: [12:30:50 PM] Reload for file change: C:\repos\nus-cs2103-AY2021S1\cs2103-website\_module-TIC4001\studentData.mbdf
2020-08-27T04:30:51.808Z - info: No pages needed to be rebuilt
2020-08-27T04:33:40.109Z - info: [12:33:40 PM] Reload for file change: C:\repos\nus-cs2103-AY2021S1\cs2103-website\_module-TIC4001\studentData.mbdf
2020-08-27T04:33:41.112Z - info: No pages needed to be rebuilt
2020-08-27T04:35:08.315Z - info: Website generation (lazy) started at 12:35:04 PM
2020-08-27T04:35:19.065Z - info: Building assets...
2020-08-27T04:35:26.815Z - info: Assets built
2020-08-27T04:35:26.820Z - info: Generating landing page...
2020-08-27T04:35:28.753Z - info: Landing page built, other pages will be built as you navigate to them!
2020-08-27T04:35:28.981Z - info: Website generation (lazy) complete! Total build time: 24.141s
2020-08-27T04:35:29.997Z - info: Serving "C:\repos\nus-cs2103-AY2021S1\cs2103-website\_site" at http://127.0.0.1:8080
2020-08-27T04:35:29.997Z - info: Press CTRL+C to stop ...
2020-08-27T04:35:30.057Z - info: Site data built
2020-08-27T04:35:38.312Z - info: Building C:\repos\nus-cs2103-AY2021S1\cs2103-website\schedule\week4\project as some of its dependencies were changed since the last visit
2020-08-27T04:35:42.546Z - info: Site data built
2020-08-27T04:35:42.549Z - info: Lazy website regeneration complete! Total build time: 4.236s
2020-08-27T06:51:02.711Z - info: Website generation (lazy) started at 2:50:58 PM
2020-08-27T06:51:17.900Z - info: Building assets...
2020-08-27T06:51:27.842Z - info: Assets built
2020-08-27T06:51:27.843Z - info: Generating landing page...
2020-08-27T06:51:29.212Z - info: Landing page built, other pages will be built as you navigate to them!
2020-08-27T06:51:29.325Z - info: Website generation (lazy) complete! Total build time: 30.755s
2020-08-27T06:51:30.349Z - info: Serving "C:\repos\nus-cs2103-AY2021S1\cs2103-website\_site" at http://127.0.0.1:8080
2020-08-27T06:51:30.350Z - info: Press CTRL+C to stop ...
2020-08-27T06:51:30.458Z - info: Site data built
2020-08-27T06:52:30.045Z - info: Building C:\repos\nus-cs2103-AY2021S1\cs2103-website\schedule\week3\tutorial as some of its dependencies were changed since the last visit
2020-08-27T06:52:30.520Z - info: Site data built
2020-08-27T06:52:30.520Z - info: Lazy website regeneration complete! Total build time: 0.476s
2020-08-27T06:52:39.667Z - info: Building C:\repos\nus-cs2103-AY2021S1\cs2103-website\schedule\week4\tutorial as some of its dependencies were changed since the last visit
2020-08-27T06:52:39.863Z - info: Site data built
2020-08-27T06:52:39.863Z - info: Lazy website regeneration complete! Total build time: 0.196s
2020-08-27T06:56:52.899Z - info: [2:56:52 PM] Reload for file change: C:\repos\nus-cs2103-AY2021S1\cs2103-website\schedule\week4\tutorial-tic4001.mbdf
2020-08-27T06:56:53.951Z - info: Rebuilding 1 pages
2020-08-27T06:56:54.230Z - info: Pages rebuilt
2020-08-27T06:56:54.230Z - info: Website regeneration complete! Total build time: 0.311s
2020-08-27T06:56:54.235Z - info: Site data built
2020-08-27T07:00:57.101Z - info: [3:00:57 PM] Reload for file change: C:\repos\nus-cs2103-AY2021S1\cs2103-website\schedule\week4\tutorial-tic4001.mbdf
2020-08-27T07:00:58.109Z - info: Rebuilding 1 pages
2020-08-27T07:00:58.482Z - info: Pages rebuilt
2020-08-27T07:00:58.482Z - info: Website regeneration complete! Total build time: 0.378s
2020-08-27T07:00:58.487Z - info: Site data built
2020-08-27T07:10:29.650Z - info: Website generation started at 3:10:25 PM
2020-08-27T07:10:39.455Z - info: Building assets...
2020-08-27T07:10:46.693Z - info: Assets built
2020-08-27T07:10:46.694Z - info: Generating pages...
2020-08-27T07:11:05.652Z - debug: The process cannot access the file because it is being used by another process.

2020-08-27T07:11:05.653Z - debug: The process cannot access the file because it is being used by another process.

2020-08-27T07:11:09.435Z - debug:  
2020-08-27T07:11:09.435Z - debug:  
2020-08-27T07:11:09.436Z - debug:  
2020-08-27T07:11:09.436Z - debug:  
2020-08-27T07:11:16.324Z - debug:  
2020-08-27T07:11:16.325Z - debug: The process cannot access the file because it is being used by another process.

2020-08-27T07:11:16.325Z - debug: The process cannot access the file because it is being used by another process.

2020-08-27T07:11:16.325Z - debug: The process cannot access the file because it is being used by another process.

2020-08-27T07:11:16.326Z - debug: The process cannot access the file because it is being used by another process.

2020-08-27T07:11:16.326Z - debug:  
2020-08-27T07:11:16.326Z - debug:  
2020-08-27T07:11:16.326Z - debug:  
2020-08-27T07:11:16.327Z - debug:  
2020-08-27T07:11:20.057Z - debug: The process cannot access the file because it is being used by another process.

2020-08-27T07:11:20.058Z - debug: The process cannot access the file because it is being used by another process.

2020-08-27T07:11:20.617Z - debug: The process cannot access the file because it is being used by another process.

2020-08-27T07:11:20.618Z - debug: The process cannot access the file because it is being used by another process.

2020-08-27T07:11:22.455Z - debug:  
2020-08-27T07:11:22.455Z - debug:  
2020-08-27T07:11:45.672Z - debug: The process cannot access the file because it is being used by another process.

2020-08-27T07:11:46.628Z - debug: The process cannot access the file because it is being used by another process.

2020-08-27T07:11:47.977Z - debug: The process cannot access the file because it is being used by another process.

2020-08-27T07:11:47.978Z - debug: The process cannot access the file because it is being used by another process.

2020-08-27T07:11:48.047Z - debug:  
2020-08-27T07:11:48.210Z - debug:  
2020-08-27T07:11:52.782Z - debug:  
2020-08-27T07:11:52.957Z - debug:  
2020-08-27T07:11:59.309Z - debug: The process cannot access the file because it is being used by another process.

2020-08-27T07:12:02.048Z - debug: The process cannot access the file because it is being used by another process.

2020-08-27T07:12:02.321Z - debug:  
2020-08-27T07:12:27.782Z - debug:  
2020-08-27T07:12:27.784Z - debug:  
2020-08-27T07:12:27.784Z - debug:  
2020-08-27T07:12:27.784Z - debug:  
2020-08-27T07:12:32.332Z - debug:  
2020-08-27T07:12:32.333Z - debug:  
2020-08-27T07:12:39.999Z - debug:  
2020-08-27T07:12:44.810Z - debug:  
2020-08-27T07:12:45.862Z - debug:  
2020-08-27T07:12:45.862Z - debug:  
2020-08-27T07:12:45.862Z - debug:  
2020-08-27T07:12:54.143Z - debug:  
2020-08-27T07:12:54.143Z - debug:  
2020-08-27T07:12:59.404Z - debug:  
2020-08-27T07:13:04.714Z - debug:  
2020-08-27T07:13:21.449Z - debug:  
2020-08-27T07:13:21.449Z - debug:  
2020-08-27T07:13:47.925Z - debug:  
2020-08-27T07:14:03.526Z - debug:  
2020-08-27T07:14:03.526Z - debug:  
2020-08-27T07:14:13.484Z - info: Pages built
2020-08-27T07:14:42.612Z - info: Website generation complete! Total build time: 257.335s
2020-08-27T07:14:42.613Z - info: Build success!
2020-08-27T07:14:42.613Z - debug:  
2020-08-27T07:14:42.620Z - info: Site data built
2020-08-27T07:15:34.206Z - info: Deployed!
2020-08-27T11:38:17.806Z - info: Website generation (lazy) started at 7:38:11 PM
2020-08-27T11:38:28.646Z - info: Building assets...
2020-08-27T11:38:35.371Z - info: Assets built
2020-08-27T11:38:35.371Z - info: Generating landing page...
2020-08-27T11:38:36.853Z - info: Landing page built, other pages will be built as you navigate to them!
2020-08-27T11:38:37.005Z - info: Website generation (lazy) complete! Total build time: 25.036s
2020-08-27T11:38:37.890Z - info: Serving "C:\repos\nus-cs2103-AY2021S1\cs2103-website\_site" at http://127.0.0.1:8080
2020-08-27T11:38:37.891Z - info: Press CTRL+C to stop ...
2020-08-27T11:38:37.956Z - info: Site data built
2020-08-27T11:39:42.543Z - info: Building C:\repos\nus-cs2103-AY2021S1\cs2103-website\schedule\week4\index as some of its dependencies were changed since the last visit
2020-08-27T11:39:44.032Z - info: Site data built
2020-08-27T11:39:44.033Z - info: Lazy website regeneration complete! Total build time: 1.49s
2020-08-27T12:21:19.752Z - info: Website generation started at 8:21:16 PM
2020-08-27T12:21:33.351Z - info: Building assets...
2020-08-27T12:21:43.805Z - info: Assets built
2020-08-27T12:21:43.806Z - info: Generating pages...
2020-08-27T12:21:58.711Z - debug: The process cannot access the file because it is being used by another process.

2020-08-27T12:21:58.712Z - debug: The process cannot access the file because it is being used by another process.

2020-08-27T12:22:02.401Z - debug:  
2020-08-27T12:22:02.401Z - debug:  
2020-08-27T12:22:02.402Z - debug:  
2020-08-27T12:22:02.403Z - debug:  
2020-08-27T12:22:03.722Z - debug:  
2020-08-27T12:22:03.822Z - debug:  
2020-08-27T12:22:03.993Z - debug:  
2020-08-27T12:22:08.060Z - debug: The process cannot access the file because it is being used by another process.

2020-08-27T12:22:08.061Z - debug: The process cannot access the file because it is being used by another process.

2020-08-27T12:22:08.061Z - debug:  
2020-08-27T12:22:08.061Z - debug:  
2020-08-27T12:22:09.491Z - debug: The process cannot access the file because it is being used by another process.

2020-08-27T12:22:09.491Z - debug: The process cannot access the file because it is being used by another process.

2020-08-27T12:22:09.668Z - debug:  
2020-08-27T12:22:09.669Z - debug:  
2020-08-27T12:22:10.175Z - debug: The process cannot access the file because it is being used by another process.

2020-08-27T12:22:10.176Z - debug: The process cannot access the file because it is being used by another process.

2020-08-27T12:22:13.317Z - debug:  
2020-08-27T12:22:13.438Z - debug:  
2020-08-27T12:22:39.402Z - debug: The process cannot access the file because it is being used by another process.

2020-08-27T12:22:39.410Z - debug: The process cannot access the file because it is being used by another process.

2020-08-27T12:22:41.398Z - debug: The process cannot access the file because it is being used by another process.

2020-08-27T12:22:41.399Z - debug: The process cannot access the file because it is being used by another process.

2020-08-27T12:22:41.466Z - debug:  
2020-08-27T12:22:44.162Z - debug:  
2020-08-27T12:22:46.845Z - debug:  
2020-08-27T12:22:46.847Z - debug:  
2020-08-27T12:22:54.273Z - debug: The process cannot access the file because it is being used by another process.

2020-08-27T12:22:56.141Z - debug: The process cannot access the file because it is being used by another process.

2020-08-27T12:22:56.341Z - debug:  
2020-08-27T12:23:23.227Z - debug:  
2020-08-27T12:23:23.228Z - debug:  
2020-08-27T12:23:23.228Z - debug:  
2020-08-27T12:23:23.228Z - debug:  
2020-08-27T12:23:29.239Z - debug:  
2020-08-27T12:23:29.458Z - debug:  
2020-08-27T12:23:39.478Z - debug:  
2020-08-27T12:23:41.047Z - debug:  
2020-08-27T12:23:41.047Z - debug:  
2020-08-27T12:23:41.047Z - debug:  
2020-08-27T12:23:41.048Z - debug:  
2020-08-27T12:23:48.541Z - debug:  
2020-08-27T12:23:49.257Z - debug:  
2020-08-27T12:23:55.194Z - debug:  
2020-08-27T12:24:07.029Z - debug:  
2020-08-27T12:24:07.030Z - debug:  
2020-08-27T12:24:11.334Z - debug:  
2020-08-27T12:24:11.334Z - debug:  
2020-08-27T12:24:28.307Z - debug:  
2020-08-27T12:24:54.110Z - debug:  
2020-08-27T12:25:08.516Z - debug:  
2020-08-27T12:25:08.516Z - debug:  
2020-08-27T12:25:18.450Z - info: Pages built
2020-08-27T12:25:47.471Z - info: Website generation complete! Total build time: 270.677s
2020-08-27T12:25:47.474Z - info: Build success!
2020-08-27T12:25:47.474Z - debug:  
2020-08-27T12:25:47.477Z - info: Site data built
2020-08-27T12:26:45.416Z - info: Deployed!
