2020-10-17T02:08:02.728Z - info: Website generation (lazy) started at 10:07:57 AM
2020-10-17T02:08:15.769Z - info: Building assets...
2020-10-17T02:08:25.865Z - info: Assets built
2020-10-17T02:08:25.866Z - info: Generating landing page...
2020-10-17T02:08:27.365Z - info: Landing page built, other pages will be built as you navigate to them!
2020-10-17T02:08:27.475Z - info: Website generation (lazy) complete! Total build time: 30.434s
2020-10-17T02:08:28.435Z - info: Serving "C:\repos\nus-cs2103-AY2021S1\cs2103-website\_site" at http://127.0.0.1:8080
2020-10-17T02:08:28.436Z - info: Press CTRL+C to stop ...
2020-10-17T02:08:28.506Z - info: Site data built
2020-10-17T02:09:56.426Z - info: [10:09:56 AM] Reload for file change: C:\repos\nus-cs2103-AY2021S1\cs2103-website\admin\tp-tasks.mbdf
2020-10-17T02:09:57.433Z - info: Rebuilding 1 pages
2020-10-17T02:09:58.693Z - info: Pages rebuilt
2020-10-17T02:09:58.694Z - info: Website regeneration complete! Total build time: 1.263s
2020-10-17T02:09:58.710Z - info: Site data built
2020-10-17T02:09:59.604Z - info: Building C:\repos\nus-cs2103-AY2021S1\cs2103-website\schedule\week10\project as some of its dependencies were changed since the last visit
2020-10-17T02:10:00.879Z - info: Site data built
2020-10-17T02:10:00.879Z - info: Lazy website regeneration complete! Total build time: 1.276s
2020-10-17T02:12:05.274Z - info: [10:12:05 AM] Reload for file change: C:\repos\nus-cs2103-AY2021S1\cs2103-website\admin\tp-tasks.mbdf
2020-10-17T02:12:06.281Z - info: Rebuilding 1 pages
2020-10-17T02:12:08.037Z - info: Pages rebuilt
2020-10-17T02:12:08.037Z - info: Website regeneration complete! Total build time: 1.761s
2020-10-17T02:12:08.043Z - info: Site data built
2020-10-17T02:12:21.793Z - info: [10:12:21 AM] Reload for file change: C:\repos\nus-cs2103-AY2021S1\cs2103-website\admin\tp-tasks.mbdf
2020-10-17T02:12:22.798Z - info: Rebuilding 1 pages
2020-10-17T02:12:23.854Z - info: Pages rebuilt
2020-10-17T02:12:23.854Z - info: Website regeneration complete! Total build time: 1.058s
2020-10-17T02:12:23.858Z - info: Site data built
2020-10-17T02:12:33.391Z - info: [10:12:33 AM] Reload for file change: C:\repos\nus-cs2103-AY2021S1\cs2103-website\admin\tp-tasks.mbdf
2020-10-17T02:12:34.405Z - info: Rebuilding 1 pages
2020-10-17T02:12:35.495Z - info: Pages rebuilt
2020-10-17T02:12:35.496Z - info: Website regeneration complete! Total build time: 1.094s
2020-10-17T02:12:35.500Z - info: Site data built
2020-10-17T02:13:54.220Z - info: [10:13:54 AM] Reload for file change: C:\repos\nus-cs2103-AY2021S1\cs2103-website\admin\tp-tasks.mbdf
2020-10-17T02:13:55.227Z - info: Rebuilding 1 pages
2020-10-17T02:13:56.653Z - info: Pages rebuilt
2020-10-17T02:13:56.654Z - info: Website regeneration complete! Total build time: 1.429s
2020-10-17T02:13:56.660Z - info: Site data built
2020-10-17T02:14:36.410Z - info: Website generation started at 10:14:33 AM
2020-10-17T02:14:45.980Z - info: Building assets...
2020-10-17T02:14:52.776Z - info: Assets built
2020-10-17T02:14:52.777Z - info: Generating pages...
2020-10-17T02:15:09.680Z - debug: The process cannot access the file because it is being used by another process.

2020-10-17T02:15:09.681Z - debug: The process cannot access the file because it is being used by another process.

2020-10-17T02:15:13.980Z - debug:  
2020-10-17T02:15:13.980Z - debug:  
2020-10-17T02:15:13.980Z - debug:  
2020-10-17T02:15:13.980Z - debug:  
2020-10-17T02:15:13.981Z - debug:  
2020-10-17T02:15:14.659Z - debug:  
2020-10-17T02:15:14.660Z - debug:  
2020-10-17T02:15:14.661Z - debug:  
2020-10-17T02:15:19.486Z - debug: The process cannot access the file because it is being used by another process.

2020-10-17T02:15:19.487Z - debug: The process cannot access the file because it is being used by another process.

2020-10-17T02:15:19.487Z - debug:  
2020-10-17T02:15:19.487Z - debug:  
2020-10-17T02:15:21.817Z - debug: The process cannot access the file because it is being used by another process.

2020-10-17T02:15:21.818Z - debug: The process cannot access the file because it is being used by another process.

2020-10-17T02:15:22.781Z - debug:  
2020-10-17T02:15:22.781Z - debug:  
2020-10-17T02:15:22.782Z - debug: The process cannot access the file because it is being used by another process.

2020-10-17T02:15:22.782Z - debug: The process cannot access the file because it is being used by another process.

2020-10-17T02:15:26.684Z - debug:  
2020-10-17T02:15:26.684Z - debug:  
2020-10-17T02:15:42.172Z - debug: The process cannot access the file because it is being used by another process.

2020-10-17T02:15:42.965Z - debug: The process cannot access the file because it is being used by another process.

2020-10-17T02:15:43.760Z - debug: The process cannot access the file because it is being used by another process.

2020-10-17T02:15:43.760Z - debug:  
2020-10-17T02:15:45.681Z - debug: The process cannot access the file because it is being used by another process.

2020-10-17T02:15:46.346Z - debug: The process cannot access the file because it is being used by another process.

2020-10-17T02:15:47.658Z - debug:  
2020-10-17T02:15:49.341Z - debug:  
2020-10-17T02:15:51.191Z - debug: The process cannot access the file because it is being used by another process.

2020-10-17T02:15:51.192Z - debug: The process cannot access the file because it is being used by another process.

2020-10-17T02:15:52.968Z - debug: The process cannot access the file because it is being used by another process.

2020-10-17T02:15:52.969Z - debug: The process cannot access the file because it is being used by another process.

2020-10-17T02:15:53.147Z - debug:  
2020-10-17T02:15:53.204Z - debug:  
2020-10-17T02:15:57.108Z - debug:  
2020-10-17T02:15:57.300Z - debug:  
2020-10-17T02:16:04.299Z - debug: The process cannot access the file because it is being used by another process.

2020-10-17T02:16:06.479Z - debug: The process cannot access the file because it is being used by another process.

2020-10-17T02:16:06.616Z - debug:  
2020-10-17T02:16:32.626Z - debug:  
2020-10-17T02:16:32.627Z - debug:  
2020-10-17T02:16:32.627Z - debug:  
2020-10-17T02:16:32.629Z - debug:  
2020-10-17T02:16:34.775Z - debug: The process cannot access the file because it is being used by another process.

2020-10-17T02:16:38.311Z - debug:  
2020-10-17T02:16:38.749Z - debug:  
2020-10-17T02:16:38.749Z - debug:  
2020-10-17T02:16:45.802Z - debug:  
2020-10-17T02:16:49.464Z - debug:  
2020-10-17T02:16:49.465Z - debug:  
2020-10-17T02:16:49.465Z - debug:  
2020-10-17T02:16:49.465Z - debug:  
2020-10-17T02:16:55.159Z - debug: The process cannot access the file because it is being used by another process.

2020-10-17T02:16:57.762Z - debug:  
2020-10-17T02:17:00.716Z - debug:  
2020-10-17T02:17:00.716Z - debug:  
2020-10-17T02:17:07.542Z - debug:  
2020-10-17T02:17:18.329Z - debug:  
2020-10-17T02:17:21.609Z - debug:  
2020-10-17T02:17:21.614Z - debug:  
2020-10-17T02:17:28.432Z - debug:  
2020-10-17T02:17:28.432Z - debug:  
2020-10-17T02:17:43.923Z - debug:  
2020-10-17T02:17:44.791Z - debug:  
2020-10-17T02:18:17.420Z - debug:  
2020-10-17T02:18:34.832Z - debug:  
2020-10-17T02:18:34.833Z - debug:  
2020-10-17T02:18:49.955Z - info: Pages built
2020-10-17T02:19:26.023Z - info: Website generation complete! Total build time: 292.769s
2020-10-17T02:19:26.024Z - info: Build success!
2020-10-17T02:19:26.024Z - debug:  
2020-10-17T02:19:26.031Z - info: Site data built
2020-10-17T02:19:55.010Z - error: fatal: unable to access 'https://github.com/nus-cs2103-AY2021S1/website.git/': Failed to connect to github.com port 443: Timed out

2020-10-17T02:29:18.634Z - error: fatal: unable to access 'https://github.com/nus-cs2103-AY2021S1/website.git/': Failed to connect to github.com port 443: Timed out

2020-10-17T02:31:39.827Z - info: Deployed!
2020-10-17T02:35:12.532Z - info: Website generation started at 10:35:06 AM
2020-10-17T02:35:22.495Z - info: Building assets...
