2020-09-06T06:10:54.595Z - info: Website generation (lazy) started at 2:10:45 PM
2020-09-06T06:11:06.015Z - info: Building assets...
2020-09-06T06:11:12.592Z - info: Assets built
2020-09-06T06:11:12.593Z - info: Generating landing page...
2020-09-06T06:11:14.746Z - info: Landing page built, other pages will be built as you navigate to them!
2020-09-06T06:11:14.867Z - info: Website generation (lazy) complete! Total build time: 29.816s
2020-09-06T06:11:15.820Z - info: Serving "C:\repos\nus-cs2103-AY2021S1\cs2103-website\_site" at http://127.0.0.1:8080
2020-09-06T06:11:15.821Z - info: Press CTRL+C to stop ...
2020-09-06T06:11:15.891Z - info: Site data built
2020-09-06T06:13:08.381Z - info: Building C:\repos\nus-cs2103-AY2021S1\cs2103-website\schedule\week5\project as some of its dependencies were changed since the last visit
2020-09-06T06:13:10.504Z - info: Site data built
2020-09-06T06:13:10.505Z - info: Lazy website regeneration complete! Total build time: 2.125s
2020-09-06T06:20:05.802Z - info: Building C:\repos\nus-cs2103-AY2021S1\cs2103-website\schedule\week5\tutorial as some of its dependencies were changed since the last visit
2020-09-06T06:20:06.454Z - info: Site data built
2020-09-06T06:20:06.455Z - info: Lazy website regeneration complete! Total build time: 0.656s
2020-09-06T06:44:18.121Z - info: Website generation (lazy) started at 2:44:14 PM
2020-09-06T06:44:28.924Z - info: Building assets...
2020-09-06T06:44:35.294Z - info: Assets built
2020-09-06T06:44:35.295Z - info: Generating landing page...
2020-09-06T06:44:37.249Z - info: Landing page built, other pages will be built as you navigate to them!
2020-09-06T06:44:37.346Z - info: Website generation (lazy) complete! Total build time: 22.41s
2020-09-06T06:44:38.224Z - info: Serving "C:\repos\nus-cs2103-AY2021S1\cs2103-website\_site" at http://127.0.0.1:8080
2020-09-06T06:44:38.224Z - info: Press CTRL+C to stop ...
2020-09-06T06:44:38.293Z - info: Site data built
2020-09-06T06:44:48.878Z - info: Building C:\repos\nus-cs2103-AY2021S1\cs2103-website\schedule\week5\tutorial as some of its dependencies were changed since the last visit
2020-09-06T06:44:50.454Z - info: Site data built
2020-09-06T06:44:50.471Z - info: Lazy website regeneration complete! Total build time: 1.593s
2020-09-06T06:50:31.132Z - info: Building C:\repos\nus-cs2103-AY2021S1\cs2103-website\schedule\week6\index as some of its dependencies were changed since the last visit
2020-09-06T06:50:32.376Z - info: Site data built
2020-09-06T06:50:32.377Z - info: Lazy website regeneration complete! Total build time: 1.246s
2020-09-06T06:50:35.070Z - info: Building C:\repos\nus-cs2103-AY2021S1\cs2103-website\schedule\week6\project as some of its dependencies were changed since the last visit
2020-09-06T06:50:37.617Z - info: Site data built
2020-09-06T06:50:37.617Z - info: Lazy website regeneration complete! Total build time: 2.548s
2020-09-06T06:52:25.990Z - info: Building C:\repos\nus-cs2103-AY2021S1\cs2103-website\admin\ip-showcase as some of its dependencies were changed since the last visit
2020-09-06T06:52:29.350Z - info: Site data built
2020-09-06T06:52:29.351Z - info: Lazy website regeneration complete! Total build time: 3.362s
2020-09-06T06:58:08.215Z - info: [2:58:08 PM] Reload for file change: C:\repos\nus-cs2103-AY2021S1\cs2103-website\admin\ip-showcase.md
2020-09-06T06:58:09.226Z - info: Rebuilding 1 pages
2020-09-06T06:58:12.846Z - info: Pages rebuilt
2020-09-06T06:58:12.846Z - info: Website regeneration complete! Total build time: 3.623s
2020-09-06T06:58:12.853Z - info: Site data built
2020-09-06T07:01:01.849Z - info: [3:01:01 PM] Reload for file change: C:\repos\nus-cs2103-AY2021S1\cs2103-website\admin\ip-showcase.md
2020-09-06T07:01:02.855Z - info: Rebuilding 1 pages
2020-09-06T07:01:06.798Z - info: Pages rebuilt
2020-09-06T07:01:06.798Z - info: Website regeneration complete! Total build time: 3.946s
2020-09-06T07:01:06.813Z - info: Site data built
2020-09-06T07:06:48.658Z - info: [3:06:48 PM] Reload for file change: C:\repos\nus-cs2103-AY2021S1\cs2103-website\admin\ip-showcase.md
2020-09-06T07:06:49.670Z - info: Rebuilding 1 pages
2020-09-06T07:06:54.248Z - info: Pages rebuilt
2020-09-06T07:06:54.249Z - info: Website regeneration complete! Total build time: 4.581s
2020-09-06T07:06:54.260Z - info: Site data built
2020-09-06T07:07:27.411Z - info: [3:07:27 PM] Reload for file change: C:\repos\nus-cs2103-AY2021S1\cs2103-website\admin\ip-showcase.md
2020-09-06T07:07:28.414Z - info: Rebuilding 1 pages
2020-09-06T07:07:32.591Z - info: Pages rebuilt
2020-09-06T07:07:32.592Z - info: Website regeneration complete! Total build time: 4.178s
2020-09-06T07:07:32.600Z - info: Site data built
2020-09-06T07:12:35.805Z - info: [3:12:35 PM] Reload for file change: C:\repos\nus-cs2103-AY2021S1\cs2103-website\admin\ip-showcase.md
2020-09-06T07:12:36.814Z - info: Rebuilding 1 pages
2020-09-06T07:12:39.559Z - info: Pages rebuilt
2020-09-06T07:12:39.559Z - info: Website regeneration complete! Total build time: 2.747s
2020-09-06T07:12:39.566Z - info: Site data built
2020-09-06T07:14:22.503Z - info: [3:14:22 PM] Reload for file change: C:\repos\nus-cs2103-AY2021S1\cs2103-website\admin\ip-showcase.md
2020-09-06T07:14:23.512Z - info: Rebuilding 1 pages
2020-09-06T07:14:26.113Z - info: Pages rebuilt
2020-09-06T07:14:26.113Z - info: Website regeneration complete! Total build time: 2.606s
2020-09-06T07:14:26.123Z - info: Site data built
2020-09-06T07:19:23.175Z - info: [3:19:23 PM] Reload for file change: C:\repos\nus-cs2103-AY2021S1\cs2103-website\_markbind\headers\header.md
2020-09-06T07:19:24.179Z - info: Rebuilding 1 pages
2020-09-06T07:19:27.867Z - info: Pages rebuilt
2020-09-06T07:19:27.867Z - info: Website regeneration complete! Total build time: 3.69s
2020-09-06T07:19:27.886Z - info: Site data built
2020-09-06T07:20:33.564Z - info: [3:20:33 PM] Reload for file change: C:\repos\nus-cs2103-AY2021S1\cs2103-website\_markbind\headers\header.md
2020-09-06T07:20:34.570Z - info: Rebuilding 1 pages
2020-09-06T07:20:37.363Z - info: Pages rebuilt
2020-09-06T07:20:37.363Z - info: Website regeneration complete! Total build time: 2.795s
2020-09-06T07:20:37.391Z - info: Site data built
2020-09-06T07:21:18.985Z - info: [3:21:18 PM] Reload for file change: C:\repos\nus-cs2103-AY2021S1\cs2103-website\_markbind\headers\header.md
2020-09-06T07:21:19.994Z - info: Rebuilding 1 pages
2020-09-06T07:21:23.021Z - info: Pages rebuilt
2020-09-06T07:21:23.021Z - info: Website regeneration complete! Total build time: 3.029s
2020-09-06T07:21:23.028Z - info: Site data built
2020-09-06T07:22:35.916Z - info: [3:22:35 PM] Reload for file change: C:\repos\nus-cs2103-AY2021S1\cs2103-website\_markbind\headers\header.md
2020-09-06T07:22:36.919Z - info: Rebuilding 1 pages
2020-09-06T07:22:39.539Z - info: Pages rebuilt
2020-09-06T07:22:39.540Z - info: Website regeneration complete! Total build time: 2.623s
2020-09-06T07:22:39.547Z - info: Site data built
2020-09-06T07:23:07.859Z - info: [3:23:07 PM] Reload for file change: C:\repos\nus-cs2103-AY2021S1\cs2103-website\_markbind\headers\header.md
2020-09-06T07:23:08.863Z - info: Rebuilding 1 pages
2020-09-06T07:23:11.363Z - info: Pages rebuilt
2020-09-06T07:23:11.363Z - info: Website regeneration complete! Total build time: 2.501s
2020-09-06T07:23:11.367Z - info: Site data built
2020-09-06T07:24:08.006Z - info: [3:24:08 PM] Reload for file change: C:\repos\nus-cs2103-AY2021S1\cs2103-website\_markbind\headers\header.md
2020-09-06T07:24:09.013Z - info: Rebuilding 1 pages
2020-09-06T07:24:11.521Z - info: Pages rebuilt
2020-09-06T07:24:11.521Z - info: Website regeneration complete! Total build time: 2.51s
2020-09-06T07:24:11.555Z - info: Site data built
2020-09-06T07:24:55.146Z - info: [3:24:55 PM] Reload for file change: C:\repos\nus-cs2103-AY2021S1\cs2103-website\_markbind\headers\header.md
2020-09-06T07:24:56.152Z - info: Rebuilding 1 pages
2020-09-06T07:24:58.640Z - info: Pages rebuilt
2020-09-06T07:24:58.641Z - info: Website regeneration complete! Total build time: 2.49s
2020-09-06T07:24:58.647Z - info: Site data built
2020-09-06T07:25:34.609Z - info: Building C:\repos\nus-cs2103-AY2021S1\cs2103-website\index as some of its dependencies were changed since the last visit
2020-09-06T07:25:36.270Z - info: Site data built
2020-09-06T07:25:36.272Z - info: Lazy website regeneration complete! Total build time: 1.663s
2020-09-06T07:25:59.269Z - info: Building C:\repos\nus-cs2103-AY2021S1\cs2103-website\admin\teamList as some of its dependencies were changed since the last visit
2020-09-06T07:25:59.892Z - info: Site data built
2020-09-06T07:25:59.893Z - info: Lazy website regeneration complete! Total build time: 0.624s
2020-09-06T07:26:48.923Z - info: [3:26:48 PM] Reload for file change: C:\repos\nus-cs2103-AY2021S1\cs2103-website\admin\teamList.md
2020-09-06T07:26:49.931Z - info: Rebuilding 1 pages
2020-09-06T07:26:52.567Z - info: Pages rebuilt
2020-09-06T07:26:52.567Z - info: Website regeneration complete! Total build time: 2.641s
2020-09-06T07:26:52.583Z - info: Site data built
2020-09-06T07:29:27.129Z - info: [3:29:27 PM] Reload for file change: C:\repos\nus-cs2103-AY2021S1\cs2103-website\admin\teamList.md
2020-09-06T07:29:28.138Z - info: Rebuilding 1 pages
2020-09-06T07:29:30.862Z - info: Pages rebuilt
2020-09-06T07:29:30.862Z - info: Website regeneration complete! Total build time: 2.726s
2020-09-06T07:29:30.876Z - info: Site data built
2020-09-06T07:30:16.505Z - info: [3:30:16 PM] Reload for file change: C:\repos\nus-cs2103-AY2021S1\cs2103-website\admin\teamList.md
2020-09-06T07:30:17.515Z - info: Rebuilding 1 pages
2020-09-06T07:30:20.174Z - info: Pages rebuilt
2020-09-06T07:30:20.174Z - info: Website regeneration complete! Total build time: 2.661s
2020-09-06T07:30:20.182Z - info: Site data built
2020-09-06T09:48:57.966Z - info: [5:48:57 PM] Reload for file change: C:\repos\nus-cs2103-AY2021S1\cs2103-website\_module-CS2103\studentData.mbdf
2020-09-06T09:48:58.011Z - info: [5:48:58 PM] Reload for file change: C:\repos\nus-cs2103-AY2021S1\cs2103-website\_module-CS2103\studentData.mbdf
2020-09-06T09:48:59.043Z - info: No pages needed to be rebuilt
2020-09-06T09:49:12.910Z - info: Website generation (lazy) started at 5:49:09 PM
2020-09-06T09:49:24.644Z - info: Building assets...
2020-09-06T09:49:30.386Z - info: Assets built
2020-09-06T09:49:30.387Z - info: Generating landing page...
2020-09-06T09:49:33.727Z - info: Landing page built, other pages will be built as you navigate to them!
2020-09-06T09:49:33.840Z - info: Website generation (lazy) complete! Total build time: 24.365s
2020-09-06T09:49:34.764Z - info: Serving "C:\repos\nus-cs2103-AY2021S1\cs2103-website\_site" at http://127.0.0.1:8080
2020-09-06T09:49:34.764Z - info: Press CTRL+C to stop ...
2020-09-06T09:49:34.844Z - info: Site data built
2020-09-06T09:51:11.070Z - info: [5:51:11 PM] Reload for file change: C:\repos\nus-cs2103-AY2021S1\cs2103-website\admin\teamList.md
2020-09-06T09:51:12.078Z - info: No pages needed to be rebuilt
2020-09-06T09:51:23.387Z - info: Building C:\repos\nus-cs2103-AY2021S1\cs2103-website\admin\teamList as some of its dependencies were changed since the last visit
2020-09-06T09:51:26.491Z - info: Site data built
2020-09-06T09:51:26.491Z - info: Lazy website regeneration complete! Total build time: 3.104s
2020-09-06T09:59:47.025Z - info: [5:59:47 PM] Reload for file change: C:\repos\nus-cs2103-AY2021S1\cs2103-website\admin\teamList.md
2020-09-06T09:59:48.063Z - info: Rebuilding 1 pages
2020-09-06T09:59:50.904Z - info: Pages rebuilt
2020-09-06T09:59:50.904Z - info: Website regeneration complete! Total build time: 2.866s
2020-09-06T09:59:50.912Z - info: Site data built
2020-09-06T10:00:19.542Z - info: [6:00:19 PM] Reload for file change: C:\repos\nus-cs2103-AY2021S1\cs2103-website\admin\teamList.md
2020-09-06T10:00:20.555Z - info: Rebuilding 1 pages
2020-09-06T10:00:23.219Z - info: Pages rebuilt
2020-09-06T10:00:23.220Z - info: Website regeneration complete! Total build time: 2.667s
2020-09-06T10:00:23.224Z - info: Site data built
2020-09-06T10:00:57.627Z - info: [6:00:57 PM] Reload for file change: C:\repos\nus-cs2103-AY2021S1\cs2103-website\admin\teamList.md
2020-09-06T10:00:58.633Z - info: Rebuilding 1 pages
2020-09-06T10:01:01.056Z - info: Pages rebuilt
2020-09-06T10:01:01.056Z - info: Website regeneration complete! Total build time: 2.425s
2020-09-06T10:01:01.119Z - info: Site data built
2020-09-06T13:19:17.267Z - info: Website generation (lazy) started at 9:19:14 PM
2020-09-06T13:19:26.387Z - info: Building assets...
2020-09-06T13:19:31.936Z - info: Assets built
2020-09-06T13:19:31.936Z - info: Generating landing page...
2020-09-06T13:19:33.524Z - info: Landing page built, other pages will be built as you navigate to them!
2020-09-06T13:19:33.631Z - info: Website generation (lazy) complete! Total build time: 19.289s
2020-09-06T13:19:34.473Z - info: Serving "C:\repos\nus-cs2103-AY2021S1\cs2103-website\_site" at http://127.0.0.1:8080
2020-09-06T13:19:34.474Z - info: Press CTRL+C to stop ...
2020-09-06T13:19:34.535Z - info: Site data built
2020-09-06T13:19:46.539Z - info: Building C:\repos\nus-cs2103-AY2021S1\cs2103-website\schedule\week5\tutorial as some of its dependencies were changed since the last visit
2020-09-06T13:19:47.362Z - info: Site data built
2020-09-06T13:19:47.362Z - info: Lazy website regeneration complete! Total build time: 0.823s
2020-09-06T13:20:51.228Z - info: [9:20:51 PM] Reload for file change: C:\repos\nus-cs2103-AY2021S1\cs2103-website\schedule\week5\tutorial-cs2103.mbdf
2020-09-06T13:20:52.231Z - info: Rebuilding 1 pages
2020-09-06T13:20:53.187Z - info: Pages rebuilt
2020-09-06T13:20:53.187Z - info: Website regeneration complete! Total build time: 0.958s
2020-09-06T13:20:53.193Z - info: Site data built
2020-09-06T13:21:05.146Z - info: [9:21:05 PM] Reload for file change: C:\repos\nus-cs2103-AY2021S1\cs2103-website\schedule\week5\tutorial-cs2103.mbdf
2020-09-06T13:21:06.147Z - info: Rebuilding 1 pages
2020-09-06T13:21:06.906Z - info: Pages rebuilt
2020-09-06T13:21:06.906Z - info: Website regeneration complete! Total build time: 0.76s
2020-09-06T13:21:06.910Z - info: Site data built
2020-09-06T13:22:47.577Z - info: [9:22:47 PM] Reload for file change: C:\repos\nus-cs2103-AY2021S1\cs2103-website\schedule\week5\tutorial-cs2103.mbdf
2020-09-06T13:22:48.581Z - info: Rebuilding 1 pages
2020-09-06T13:22:49.556Z - info: Pages rebuilt
2020-09-06T13:22:49.557Z - info: Website regeneration complete! Total build time: 0.977s
2020-09-06T13:22:49.564Z - info: Site data built
2020-09-06T14:17:59.501Z - info: [10:17:59 PM] Reload for file change: C:\repos\nus-cs2103-AY2021S1\cs2103-website\schedule\week5\tutorial-cs2103.mbdf
2020-09-06T14:18:00.523Z - info: Rebuilding 1 pages
2020-09-06T14:18:01.455Z - info: Pages rebuilt
2020-09-06T14:18:01.456Z - info: Website regeneration complete! Total build time: 0.947s
2020-09-06T14:18:01.459Z - info: Site data built
2020-09-06T14:19:25.737Z - info: [10:19:25 PM] Reload for file change: C:\repos\nus-cs2103-AY2021S1\cs2103-website\schedule\week5\tutorial-cs2103.mbdf
2020-09-06T14:19:26.743Z - info: Rebuilding 1 pages
2020-09-06T14:19:27.894Z - info: Pages rebuilt
2020-09-06T14:19:27.894Z - info: Website regeneration complete! Total build time: 1.153s
2020-09-06T14:19:27.919Z - info: Site data built
2020-09-06T14:20:27.902Z - info: Building C:\repos\nus-cs2103-AY2021S1\cs2103-website\schedule\week5\project as some of its dependencies were changed since the last visit
2020-09-06T14:20:29.572Z - info: Site data built
2020-09-06T14:20:29.574Z - info: Lazy website regeneration complete! Total build time: 1.673s
2020-09-06T14:32:09.123Z - info: Building C:\repos\nus-cs2103-AY2021S1\cs2103-website\admin\teamList as some of its dependencies were changed since the last visit
2020-09-06T14:32:11.323Z - info: Site data built
2020-09-06T14:32:11.324Z - info: Lazy website regeneration complete! Total build time: 2.204s
2020-09-06T14:47:48.832Z - info: [10:47:48 PM] Reload for file change: C:\repos\nus-cs2103-AY2021S1\cs2103-website\schedule\week5\tutorial-cs2103.mbdf
2020-09-06T14:47:49.851Z - info: Rebuilding 1 pages
2020-09-06T14:47:51.075Z - info: Pages rebuilt
2020-09-06T14:47:51.076Z - info: Website regeneration complete! Total build time: 1.233s
2020-09-06T14:47:51.087Z - info: Site data built
2020-09-06T14:48:15.980Z - info: [10:48:15 PM] Reload for file change: C:\repos\nus-cs2103-AY2021S1\cs2103-website\schedule\week5\tutorial-cs2103.mbdf
2020-09-06T14:48:16.987Z - info: Rebuilding 1 pages
2020-09-06T14:48:18.096Z - info: Pages rebuilt
2020-09-06T14:48:18.096Z - info: Website regeneration complete! Total build time: 1.11s
2020-09-06T14:48:18.102Z - info: Site data built
2020-09-06T14:48:28.137Z - info: Building C:\repos\nus-cs2103-AY2021S1\cs2103-website\schedule\week6\index as some of its dependencies were changed since the last visit
2020-09-06T14:48:29.157Z - info: Site data built
2020-09-06T14:48:29.158Z - info: Lazy website regeneration complete! Total build time: 1.022s
2020-09-06T14:48:36.369Z - info: Building C:\repos\nus-cs2103-AY2021S1\cs2103-website\schedule\week6\project as some of its dependencies were changed since the last visit
2020-09-06T14:48:38.577Z - info: Site data built
2020-09-06T14:48:38.577Z - info: Lazy website regeneration complete! Total build time: 2.209s
