2020-09-27T04:55:03.344Z - info: Website generation (lazy) started at 12:54:58 PM
2020-09-27T04:55:11.445Z - info: Building assets...
2020-09-27T04:55:17.085Z - info: Assets built
2020-09-27T04:55:17.086Z - info: Generating landing page...
2020-09-27T04:55:18.582Z - info: Landing page built, other pages will be built as you navigate to them!
2020-09-27T04:55:18.680Z - info: Website generation (lazy) complete! Total build time: 20.17s
2020-09-27T04:55:19.535Z - info: Serving "C:\repos\nus-cs2103-AY2021S1\cs2103-website\_site" at http://127.0.0.1:8080
2020-09-27T04:55:19.535Z - info: Press CTRL+C to stop ...
2020-09-27T04:55:19.614Z - info: Site data built
2020-09-27T04:55:41.707Z - info: Building C:\repos\nus-cs2103-AY2021S1\cs2103-website\schedule\week7\tutorial as some of its dependencies were changed since the last visit
2020-09-27T04:55:41.971Z - info: Site data built
2020-09-27T04:55:41.972Z - info: Lazy website regeneration complete! Total build time: 0.266s
2020-09-27T04:57:03.874Z - info: [12:57:03 PM] Reload for file change: C:\repos\nus-cs2103-AY2021S1\cs2103-website\schedule\week7\tutorial-cs2103.mbdf
2020-09-27T04:57:04.881Z - info: Rebuilding 1 pages
2020-09-27T04:57:05.261Z - info: Pages rebuilt
2020-09-27T04:57:05.262Z - info: Website regeneration complete! Total build time: 0.383s
2020-09-27T04:57:05.307Z - info: Site data built
2020-09-27T04:57:45.508Z - info: [12:57:45 PM] Reload for file change: C:\repos\nus-cs2103-AY2021S1\cs2103-website\schedule\week7\tutorial-cs2103.mbdf
2020-09-27T04:57:46.515Z - info: Rebuilding 1 pages
2020-09-27T04:57:46.774Z - info: Pages rebuilt
2020-09-27T04:57:46.774Z - info: Website regeneration complete! Total build time: 0.262s
2020-09-27T04:57:46.779Z - info: Site data built
2020-09-27T05:01:45.339Z - info: [1:01:45 PM] Reload for file change: C:\repos\nus-cs2103-AY2021S1\cs2103-website\schedule\week7\tutorial-cs2103.mbdf
2020-09-27T05:01:46.344Z - info: Rebuilding 1 pages
2020-09-27T05:01:46.685Z - info: Pages rebuilt
2020-09-27T05:01:46.686Z - info: Website regeneration complete! Total build time: 0.347s
2020-09-27T05:01:46.705Z - info: Site data built
2020-09-27T05:18:36.207Z - info: [1:18:36 PM] Reload for file change: C:\repos\nus-cs2103-AY2021S1\cs2103-website\admin\tp-grading-bugs.mbdf
2020-09-27T05:18:37.244Z - info: Rebuilding 1 pages
2020-09-27T05:18:37.557Z - info: Pages rebuilt
2020-09-27T05:18:37.557Z - info: Website regeneration complete! Total build time: 0.342s
2020-09-27T05:18:37.566Z - info: Site data built
2020-09-27T07:07:00.840Z - info: [3:07:00 PM] Reload for file change: C:\repos\nus-cs2103-AY2021S1\cs2103-website\admin\tp-grading-bugs.mbdf
2020-09-27T07:07:00.893Z - info: [3:07:00 PM] Reload for file change: C:\repos\nus-cs2103-AY2021S1\cs2103-website\admin\tp-grading-bugs.mbdf
2020-09-27T07:07:01.896Z - info: Rebuilding 1 pages
2020-09-27T07:07:02.410Z - info: Pages rebuilt
2020-09-27T07:07:02.410Z - info: Website regeneration complete! Total build time: 0.552s
2020-09-27T07:07:02.418Z - info: Site data built
2020-09-27T07:24:05.716Z - info: [3:24:05 PM] Reload for file change: C:\repos\nus-cs2103-AY2021S1\cs2103-website\admin\tp-grading-bugs.mbdf
2020-09-27T07:24:06.745Z - info: Rebuilding 1 pages
2020-09-27T07:24:07.008Z - info: Pages rebuilt
2020-09-27T07:24:07.008Z - info: Website regeneration complete! Total build time: 0.271s
2020-09-27T07:24:07.013Z - info: Site data built
2020-09-27T07:31:33.145Z - info: [3:31:33 PM] Reload for file change: C:\repos\nus-cs2103-AY2021S1\cs2103-website\schedule\week7\tutorial-cs2103.mbdf
2020-09-27T07:31:34.178Z - info: Rebuilding 1 pages
2020-09-27T07:31:34.563Z - info: Pages rebuilt
2020-09-27T07:31:34.563Z - info: Website regeneration complete! Total build time: 0.397s
2020-09-27T07:31:34.568Z - info: Site data built
2020-09-27T07:34:19.469Z - info: [3:34:19 PM] Reload for file change: C:\repos\nus-cs2103-AY2021S1\cs2103-website\schedule\week7\tutorial-cs2103.mbdf
2020-09-27T07:34:20.484Z - info: Rebuilding 1 pages
2020-09-27T07:34:20.881Z - info: Pages rebuilt
2020-09-27T07:34:20.882Z - info: Website regeneration complete! Total build time: 0.409s
2020-09-27T07:34:20.912Z - info: Site data built
2020-09-27T08:11:38.805Z - info: [4:11:38 PM] Reload for file change: C:\repos\nus-cs2103-AY2021S1\cs2103-website\schedule\week7\tutorial-cs2103.mbdf
2020-09-27T08:11:39.846Z - info: Rebuilding 1 pages
2020-09-27T08:11:40.332Z - info: Pages rebuilt
2020-09-27T08:11:40.333Z - info: Website regeneration complete! Total build time: 0.517s
2020-09-27T08:11:40.348Z - info: Site data built
2020-09-27T08:17:20.210Z - info: [4:17:20 PM] Reload for file change: C:\repos\nus-cs2103-AY2021S1\cs2103-website\admin\tp-tasks.mbdf
2020-09-27T08:17:21.218Z - info: No pages needed to be rebuilt
2020-09-27T08:17:23.849Z - info: Building C:\repos\nus-cs2103-AY2021S1\cs2103-website\index as some of its dependencies were changed since the last visit
2020-09-27T08:17:25.230Z - info: Site data built
2020-09-27T08:17:25.231Z - info: Lazy website regeneration complete! Total build time: 1.383s
2020-09-27T08:17:32.253Z - info: Building C:\repos\nus-cs2103-AY2021S1\cs2103-website\schedule\week8\index as some of its dependencies were changed since the last visit
2020-09-27T08:17:33.320Z - info: Site data built
2020-09-27T08:17:33.320Z - info: Lazy website regeneration complete! Total build time: 1.068s
2020-09-27T08:17:36.556Z - info: Building C:\repos\nus-cs2103-AY2021S1\cs2103-website\schedule\week8\project as some of its dependencies were changed since the last visit
2020-09-27T08:17:37.899Z - info: Site data built
2020-09-27T08:17:37.900Z - info: Lazy website regeneration complete! Total build time: 1.345s
2020-09-27T08:18:44.683Z - info: [4:18:44 PM] Reload for file change: C:\repos\nus-cs2103-AY2021S1\cs2103-website\admin\tp-tasks.mbdf
2020-09-27T08:18:45.693Z - info: Rebuilding 1 pages
2020-09-27T08:18:47.352Z - info: Pages rebuilt
2020-09-27T08:18:47.352Z - info: Website regeneration complete! Total build time: 1.661s
2020-09-27T08:18:47.366Z - info: Site data built
2020-09-27T08:19:42.120Z - info: [4:19:42 PM] Reload for file change: C:\repos\nus-cs2103-AY2021S1\cs2103-website\admin\tp-tasks.mbdf
2020-09-27T08:19:43.134Z - info: Rebuilding 1 pages
2020-09-27T08:19:44.728Z - info: Pages rebuilt
2020-09-27T08:19:44.728Z - info: Website regeneration complete! Total build time: 1.599s
2020-09-27T08:19:44.740Z - info: Site data built
2020-09-27T08:20:21.164Z - info: [4:20:21 PM] Reload for file change: C:\repos\nus-cs2103-AY2021S1\cs2103-website\admin\tp-tasks.mbdf
2020-09-27T08:20:22.172Z - info: Rebuilding 1 pages
2020-09-27T08:20:23.671Z - info: Pages rebuilt
2020-09-27T08:20:23.672Z - info: Website regeneration complete! Total build time: 1.504s
2020-09-27T08:20:23.708Z - info: Site data built
2020-09-27T09:29:13.791Z - info: [5:29:13 PM] Reload for file change: C:\repos\nus-cs2103-AY2021S1\cs2103-website\book\integration\approaches\lateVsEarly\text.md
2020-09-27T09:29:14.858Z - info: No pages needed to be rebuilt
2020-09-27T09:30:31.672Z - info: [5:30:31 PM] Reload for file change: C:\repos\nus-cs2103-AY2021S1\cs2103-website\book\integration\approaches\lateVsEarly\text.md
2020-09-27T09:30:32.677Z - info: No pages needed to be rebuilt
2020-09-27T09:30:44.340Z - info: Website generation started at 5:30:41 PM
2020-09-27T09:30:53.313Z - info: Building assets...
2020-09-27T09:30:59.162Z - info: Assets built
2020-09-27T09:30:59.163Z - info: Generating pages...
2020-09-27T09:31:25.784Z - debug:  
2020-09-27T09:31:25.784Z - debug:  
2020-09-27T09:31:25.785Z - debug:  
2020-09-27T09:31:25.785Z - debug:  
2020-09-27T09:31:25.785Z - debug:  
2020-09-27T09:31:30.004Z - debug:  
2020-09-27T09:31:31.662Z - debug: The process cannot access the file because it is being used by another process.

2020-09-27T09:31:31.662Z - debug: The process cannot access the file because it is being used by another process.

2020-09-27T09:31:32.037Z - debug:  
2020-09-27T09:31:32.122Z - debug:  
2020-09-27T09:31:32.122Z - debug:  
2020-09-27T09:31:32.220Z - debug:  
2020-09-27T09:31:38.466Z - debug: The process cannot access the file because it is being used by another process.

2020-09-27T09:31:38.467Z - debug: The process cannot access the file because it is being used by another process.

2020-09-27T09:31:38.957Z - debug:  
2020-09-27T09:31:38.957Z - debug:  
2020-09-27T09:31:38.958Z - debug:  
2020-09-27T09:31:39.080Z - debug:  
2020-09-27T09:31:39.559Z - debug: The process cannot access the file because it is being used by another process.

2020-09-27T09:31:39.559Z - debug: The process cannot access the file because it is being used by another process.

2020-09-27T09:31:43.301Z - debug:  
2020-09-27T09:31:43.302Z - debug:  
2020-09-27T09:31:56.780Z - debug: The process cannot access the file because it is being used by another process.

2020-09-27T09:31:57.474Z - debug: The process cannot access the file because it is being used by another process.

2020-09-27T09:31:58.416Z - debug:  
2020-09-27T09:32:00.149Z - debug: The process cannot access the file because it is being used by another process.

2020-09-27T09:32:00.820Z - debug:  
2020-09-27T09:32:01.864Z - debug: The process cannot access the file because it is being used by another process.

2020-09-27T09:32:03.960Z - debug: The process cannot access the file because it is being used by another process.

2020-09-27T09:32:03.961Z - debug:  
2020-09-27T09:32:08.360Z - debug: The process cannot access the file because it is being used by another process.

2020-09-27T09:32:08.644Z - debug: The process cannot access the file because it is being used by another process.

2020-09-27T09:32:09.956Z - debug: The process cannot access the file because it is being used by another process.

2020-09-27T09:32:09.956Z - debug: The process cannot access the file because it is being used by another process.

2020-09-27T09:32:10.223Z - debug:  
2020-09-27T09:32:10.223Z - debug:  
2020-09-27T09:32:14.016Z - debug:  
2020-09-27T09:32:14.074Z - debug:  
2020-09-27T09:32:19.842Z - debug: The process cannot access the file because it is being used by another process.

2020-09-27T09:32:21.716Z - debug: The process cannot access the file because it is being used by another process.

2020-09-27T09:32:21.890Z - debug:  
2020-09-27T09:32:43.642Z - debug:  
2020-09-27T09:32:43.642Z - debug:  
2020-09-27T09:32:43.642Z - debug:  
2020-09-27T09:32:43.643Z - debug:  
2020-09-27T09:32:45.661Z - debug: The process cannot access the file because it is being used by another process.

2020-09-27T09:32:49.320Z - debug:  
2020-09-27T09:32:49.321Z - debug:  
2020-09-27T09:32:49.614Z - debug:  
2020-09-27T09:32:59.346Z - debug:  
2020-09-27T09:32:59.346Z - debug:  
2020-09-27T09:32:59.347Z - debug:  
2020-09-27T09:32:59.347Z - debug:  
2020-09-27T09:32:59.347Z - debug:  
2020-09-27T09:33:03.908Z - debug: The process cannot access the file because it is being used by another process.

2020-09-27T09:33:03.908Z - debug:  
2020-09-27T09:33:08.099Z - debug:  
2020-09-27T09:33:08.099Z - debug:  
2020-09-27T09:33:13.803Z - debug:  
2020-09-27T09:33:22.593Z - debug:  
2020-09-27T09:33:25.700Z - debug:  
2020-09-27T09:33:25.700Z - debug:  
2020-09-27T09:33:29.684Z - debug:  
2020-09-27T09:33:29.684Z - debug:  
2020-09-27T09:33:41.666Z - debug:  
2020-09-27T09:33:42.842Z - debug:  
2020-09-27T09:34:10.803Z - debug:  
2020-09-27T09:34:24.966Z - debug:  
2020-09-27T09:34:24.966Z - debug:  
2020-09-27T09:34:37.075Z - info: Pages built
2020-09-27T09:35:05.171Z - info: Website generation complete! Total build time: 263.487s
2020-09-27T09:35:05.172Z - info: Build success!
2020-09-27T09:35:05.173Z - debug:  
2020-09-27T09:35:05.179Z - info: Site data built
2020-09-27T09:35:43.216Z - info: Deployed!
