2020-10-29T06:18:50.684Z - info: Website generation (lazy) started at 2:18:44 PM
2020-10-29T06:19:05.569Z - info: Building assets...
2020-10-29T06:19:16.526Z - info: Assets built
2020-10-29T06:19:16.527Z - info: Generating landing page...
2020-10-29T06:19:19.646Z - info: Landing page built, other pages will be built as you navigate to them!
2020-10-29T06:19:19.775Z - info: Website generation (lazy) complete! Total build time: 35.443s
2020-10-29T06:19:20.857Z - info: Serving "C:\repos\nus-cs2103-AY2021S1\cs2103-website\_site" at http://127.0.0.1:8080
2020-10-29T06:19:20.857Z - info: Press CTRL+C to stop ...
2020-10-29T06:19:20.921Z - info: Site data built
2020-10-29T06:21:50.061Z - info: Building C:\repos\nus-cs2103-AY2021S1\cs2103-website\schedule\week12\index as some of its dependencies were changed since the last visit
2020-10-29T06:21:50.946Z - info: Site data built
2020-10-29T06:21:50.947Z - info: Lazy website regeneration complete! Total build time: 0.887s
2020-10-29T06:21:55.067Z - info: Building C:\repos\nus-cs2103-AY2021S1\cs2103-website\schedule\week12\project as some of its dependencies were changed since the last visit
2020-10-29T06:21:56.247Z - info: Site data built
2020-10-29T06:21:56.248Z - info: Lazy website regeneration complete! Total build time: 1.181s
2020-10-29T06:23:25.285Z - info: [2:23:25 PM] Reload for file change: C:\repos\nus-cs2103-AY2021S1\cs2103-website\admin\tp-tasks.mbdf
2020-10-29T06:23:26.294Z - info: Rebuilding 1 pages
2020-10-29T06:23:27.661Z - info: Pages rebuilt
2020-10-29T06:23:27.662Z - info: Website regeneration complete! Total build time: 1.371s
2020-10-29T06:23:27.666Z - info: Site data built
2020-10-29T06:23:31.820Z - info: [2:23:31 PM] Reload for file change: C:\repos\nus-cs2103-AY2021S1\cs2103-website\admin\tp-tasks.mbdf
2020-10-29T06:23:32.841Z - info: Rebuilding 1 pages
2020-10-29T06:23:33.672Z - info: Pages rebuilt
2020-10-29T06:23:33.672Z - info: Website regeneration complete! Total build time: 0.833s
2020-10-29T06:23:33.676Z - info: Site data built
2020-10-29T06:24:48.259Z - info: [2:24:48 PM] Reload for file change: C:\repos\nus-cs2103-AY2021S1\cs2103-website\admin\tp-tasks.mbdf
2020-10-29T06:24:49.266Z - info: Rebuilding 1 pages
2020-10-29T06:24:50.499Z - info: Pages rebuilt
2020-10-29T06:24:50.499Z - info: Website regeneration complete! Total build time: 1.237s
2020-10-29T06:24:50.503Z - info: Site data built
2020-10-29T06:26:24.374Z - info: [2:26:24 PM] Reload for file change: C:\repos\nus-cs2103-AY2021S1\cs2103-website\admin\tp-tasks.mbdf
2020-10-29T06:26:25.383Z - info: Rebuilding 1 pages
2020-10-29T06:26:26.347Z - info: Pages rebuilt
2020-10-29T06:26:26.348Z - info: Website regeneration complete! Total build time: 0.97s
2020-10-29T06:26:26.352Z - info: Site data built
2020-10-29T06:27:14.447Z - info: [2:27:14 PM] Reload for file change: C:\repos\nus-cs2103-AY2021S1\cs2103-website\admin\tp-tasks.mbdf
2020-10-29T06:27:15.452Z - info: Rebuilding 1 pages
2020-10-29T06:27:16.534Z - info: Pages rebuilt
2020-10-29T06:27:16.534Z - info: Website regeneration complete! Total build time: 1.083s
2020-10-29T06:27:16.539Z - info: Site data built
2020-10-29T06:30:01.834Z - info: [2:30:01 PM] Reload for file change: C:\repos\nus-cs2103-AY2021S1\cs2103-website\admin\tp-deliverables-dg.mbdf
2020-10-29T06:30:02.856Z - info: Rebuilding 1 pages
2020-10-29T06:30:03.674Z - info: Pages rebuilt
2020-10-29T06:30:03.674Z - info: Website regeneration complete! Total build time: 0.822s
2020-10-29T06:30:03.678Z - info: Site data built
2020-10-29T06:33:03.967Z - info: [2:33:03 PM] Reload for file change: C:\repos\nus-cs2103-AY2021S1\cs2103-website\admin\tp-deliverables-dg.mbdf
2020-10-29T06:33:04.974Z - info: Rebuilding 1 pages
2020-10-29T06:33:06.234Z - info: Pages rebuilt
2020-10-29T06:33:06.235Z - info: Website regeneration complete! Total build time: 1.263s
2020-10-29T06:33:06.241Z - info: Site data built
2020-10-29T06:33:56.484Z - info: [2:33:56 PM] Reload for file change: C:\repos\nus-cs2103-AY2021S1\cs2103-website\admin\tp-deliverables-dg.mbdf
2020-10-29T06:33:57.490Z - info: Rebuilding 1 pages
2020-10-29T06:33:58.428Z - info: Pages rebuilt
2020-10-29T06:33:58.429Z - info: Website regeneration complete! Total build time: 0.941s
2020-10-29T06:33:58.432Z - info: Site data built
2020-10-29T06:36:17.523Z - info: [2:36:17 PM] Reload for file change: C:\repos\nus-cs2103-AY2021S1\cs2103-website\admin\tp-deliverables-dg.mbdf
2020-10-29T06:36:18.538Z - info: Rebuilding 1 pages
2020-10-29T06:36:19.731Z - info: Pages rebuilt
2020-10-29T06:36:19.732Z - info: Website regeneration complete! Total build time: 1.195s
2020-10-29T06:36:19.736Z - info: Site data built
2020-10-29T06:37:02.278Z - info: [2:37:02 PM] Reload for file change: C:\repos\nus-cs2103-AY2021S1\cs2103-website\admin\tp-deliverables-dg.mbdf
2020-10-29T06:37:03.284Z - info: Rebuilding 1 pages
2020-10-29T06:37:04.424Z - info: Pages rebuilt
2020-10-29T06:37:04.424Z - info: Website regeneration complete! Total build time: 1.141s
2020-10-29T06:37:04.428Z - info: Site data built
2020-10-29T06:40:41.363Z - info: [2:40:41 PM] Reload for file change: C:\repos\nus-cs2103-AY2021S1\cs2103-website\_markbind\variables.md
2020-10-29T06:40:42.519Z - warn: Rebuilding all pages as variables file was changed, or the --force-reload flag was set
2020-10-29T06:40:42.533Z - info: Rebuilding 1 pages
2020-10-29T06:40:43.654Z - info: Pages rebuilt
2020-10-29T06:40:43.654Z - info: Website regeneration complete! Total build time: 1.277s
2020-10-29T06:40:43.659Z - info: Site data built
2020-10-29T06:41:36.042Z - info: [2:41:36 PM] Reload for file change: C:\repos\nus-cs2103-AY2021S1\cs2103-website\admin\tp-tasks.mbdf
2020-10-29T06:41:37.048Z - info: Rebuilding 1 pages
2020-10-29T06:41:37.905Z - info: Pages rebuilt
2020-10-29T06:41:37.906Z - info: Website regeneration complete! Total build time: 0.862s
2020-10-29T06:41:37.909Z - info: Site data built
2020-10-29T06:42:27.320Z - info: [2:42:27 PM] Reload for file change: C:\repos\nus-cs2103-AY2021S1\cs2103-website\admin\tp-tasks.mbdf
2020-10-29T06:42:28.329Z - info: Rebuilding 1 pages
2020-10-29T06:42:29.455Z - info: Pages rebuilt
2020-10-29T06:42:29.455Z - info: Website regeneration complete! Total build time: 1.13s
2020-10-29T06:42:29.462Z - info: Site data built
2020-10-29T06:43:41.625Z - info: Building C:\repos\nus-cs2103-AY2021S1\cs2103-website\admin\teamList as some of its dependencies were changed since the last visit
2020-10-29T06:43:41.809Z - info: Site data built
2020-10-29T06:43:41.810Z - info: Lazy website regeneration complete! Total build time: 0.184s
2020-10-29T06:51:25.347Z - info: [2:51:25 PM] Reload for file change: C:\repos\nus-cs2103-AY2021S1\cs2103-website\admin\tp-deliverables-ppp.mbdf
2020-10-29T06:51:26.357Z - info: No pages needed to be rebuilt
2020-10-29T06:51:38.186Z - info: Building C:\repos\nus-cs2103-AY2021S1\cs2103-website\schedule\week12\project as some of its dependencies were changed since the last visit
2020-10-29T06:51:39.196Z - info: Site data built
2020-10-29T06:51:39.197Z - info: Lazy website regeneration complete! Total build time: 1.011s
2020-10-29T06:53:27.009Z - info: [2:53:27 PM] Reload for file change: C:\repos\nus-cs2103-AY2021S1\cs2103-website\admin\tp-tasks.mbdf
2020-10-29T06:53:28.019Z - info: No pages needed to be rebuilt
2020-10-29T06:53:53.555Z - info: Building C:\repos\nus-cs2103-AY2021S1\cs2103-website\schedule\week12\project as some of its dependencies were changed since the last visit
2020-10-29T06:53:54.893Z - info: Site data built
2020-10-29T06:53:54.893Z - info: Lazy website regeneration complete! Total build time: 1.339s
2020-10-29T06:54:34.723Z - info: Building C:\repos\nus-cs2103-AY2021S1\cs2103-website\schedule\week13\project as some of its dependencies were changed since the last visit
2020-10-29T06:54:35.692Z - info: Site data built
2020-10-29T06:54:35.693Z - info: Lazy website regeneration complete! Total build time: 0.969s
2020-10-29T06:56:13.310Z - info: [2:56:13 PM] Reload for file change: C:\repos\nus-cs2103-AY2021S1\cs2103-website\_markbind\variables.md
2020-10-29T06:56:14.464Z - warn: Rebuilding all pages as variables file was changed, or the --force-reload flag was set
2020-10-29T06:56:14.469Z - info: Rebuilding 1 pages
2020-10-29T06:56:15.446Z - info: Pages rebuilt
2020-10-29T06:56:15.446Z - info: Website regeneration complete! Total build time: 1.133s
2020-10-29T06:56:15.456Z - info: Site data built
2020-10-29T06:56:16.578Z - info: Building C:\repos\nus-cs2103-AY2021S1\cs2103-website\admin\teamList as some of its dependencies were changed since the last visit
2020-10-29T06:56:16.776Z - info: Site data built
2020-10-29T06:56:16.777Z - info: Lazy website regeneration complete! Total build time: 0.198s
2020-10-29T06:56:48.534Z - info: [2:56:48 PM] Reload for file change: C:\repos\nus-cs2103-AY2021S1\cs2103-website\_markbind\variables.md
2020-10-29T06:56:49.729Z - warn: Rebuilding all pages as variables file was changed, or the --force-reload flag was set
2020-10-29T06:56:49.734Z - info: Rebuilding 1 pages
2020-10-29T06:56:50.720Z - info: Pages rebuilt
2020-10-29T06:56:50.721Z - info: Website regeneration complete! Total build time: 1.182s
2020-10-29T06:56:50.724Z - info: Site data built
2020-10-29T06:56:51.879Z - info: Building C:\repos\nus-cs2103-AY2021S1\cs2103-website\admin\teamList as some of its dependencies were changed since the last visit
2020-10-29T06:56:52.082Z - info: Site data built
2020-10-29T06:56:52.082Z - info: Lazy website regeneration complete! Total build time: 0.203s
2020-10-29T06:57:09.385Z - info: [2:57:09 PM] Reload for file change: C:\repos\nus-cs2103-AY2021S1\cs2103-website\_module-TIC4001\weeklyTpTasks.mbdf
2020-10-29T06:57:10.395Z - info: No pages needed to be rebuilt
2020-10-29T06:58:47.543Z - info: [2:58:47 PM] Reload for file change: C:\repos\nus-cs2103-AY2021S1\cs2103-website\admin\tp-tasks.mbdf
2020-10-29T06:58:48.553Z - info: Rebuilding 1 pages
2020-10-29T06:58:49.894Z - info: Pages rebuilt
2020-10-29T06:58:49.895Z - info: Website regeneration complete! Total build time: 1.346s
2020-10-29T06:58:49.913Z - info: Site data built
2020-10-29T06:59:37.190Z - info: [2:59:37 PM] Reload for file change: C:\repos\nus-cs2103-AY2021S1\cs2103-website\admin\tp-tasks.mbdf
2020-10-29T06:59:38.198Z - info: No pages needed to be rebuilt
2020-10-29T06:59:47.724Z - info: Building C:\repos\nus-cs2103-AY2021S1\cs2103-website\schedule\week13\project as some of its dependencies were changed since the last visit
2020-10-29T06:59:48.845Z - info: Site data built
2020-10-29T06:59:48.846Z - info: Lazy website regeneration complete! Total build time: 1.123s
2020-10-29T07:01:41.691Z - info: [3:01:41 PM] Reload for file change: C:\repos\nus-cs2103-AY2021S1\cs2103-website\admin\tp-deliverables-ug.mbdf
2020-10-29T07:01:42.694Z - info: No pages needed to be rebuilt
2020-10-29T07:02:14.292Z - info: Building C:\repos\nus-cs2103-AY2021S1\cs2103-website\schedule\week13\project as some of its dependencies were changed since the last visit
2020-10-29T07:02:15.099Z - info: Site data built
2020-10-29T07:02:15.100Z - info: Lazy website regeneration complete! Total build time: 0.807s
2020-10-29T07:03:20.483Z - info: [3:03:20 PM] Reload for file change: C:\repos\nus-cs2103-AY2021S1\cs2103-website\admin\tp-deliverables-executable.mbdf
2020-10-29T07:03:21.493Z - info: No pages needed to be rebuilt
2020-10-29T07:03:32.220Z - info: [3:03:32 PM] Reload for file change: C:\repos\nus-cs2103-AY2021S1\cs2103-website\admin\tp-deliverables-executable.mbdf
2020-10-29T07:03:33.228Z - info: No pages needed to be rebuilt
2020-10-29T07:03:43.305Z - info: Building C:\repos\nus-cs2103-AY2021S1\cs2103-website\schedule\week13\project as some of its dependencies were changed since the last visit
2020-10-29T07:03:44.466Z - info: Site data built
2020-10-29T07:03:44.467Z - info: Lazy website regeneration complete! Total build time: 1.161s
2020-10-29T07:07:06.707Z - info: [3:07:06 PM] Reload for file change: C:\repos\nus-cs2103-AY2021S1\cs2103-website\_module-TIC4001\weeklyTpTasks.mbdf
2020-10-29T07:07:07.713Z - info: No pages needed to be rebuilt
2020-10-29T07:07:21.148Z - info: Building C:\repos\nus-cs2103-AY2021S1\cs2103-website\schedule\week12\project as some of its dependencies were changed since the last visit
2020-10-29T07:07:22.000Z - info: Site data built
2020-10-29T07:07:22.000Z - info: Lazy website regeneration complete! Total build time: 0.852s
2020-10-29T07:07:28.079Z - info: Building C:\repos\nus-cs2103-AY2021S1\cs2103-website\schedule\week12\topics as some of its dependencies were changed since the last visit
2020-10-29T07:07:30.703Z - info: Site data built
2020-10-29T07:07:30.711Z - info: Lazy website regeneration complete! Total build time: 2.631s
2020-10-29T07:07:33.360Z - debug:  
2020-10-29T07:07:36.224Z - debug:  
2020-10-29T07:10:04.390Z - info: [3:10:04 PM] Reload for file add: C:\repos\nus-cs2103-AY2021S1\cs2103-website\schedule\week12\commentary-tic4001.mbdf
2020-10-29T07:10:05.393Z - info: File added or removed, updating list of site's pages...
2020-10-29T07:10:10.851Z - info: Assets removed
2020-10-29T07:10:11.987Z - info: Building C:\repos\nus-cs2103-AY2021S1\cs2103-website\schedule\week12\topics as some of its dependencies were changed since the last visit
2020-10-29T07:10:15.558Z - info: Site data built
2020-10-29T07:10:15.571Z - info: Lazy website regeneration complete! Total build time: 3.585s
2020-10-29T07:10:16.732Z - debug:  
2020-10-29T07:10:16.769Z - debug:  
2020-10-29T07:10:17.593Z - info: Building C:\repos\nus-cs2103-AY2021S1\cs2103-website\admin\teamList as some of its dependencies were changed since the last visit
2020-10-29T07:10:17.752Z - info: Site data built
2020-10-29T07:10:17.753Z - info: Lazy website regeneration complete! Total build time: 0.159s
2020-10-29T07:12:12.804Z - info: [3:12:12 PM] Reload for file change: C:\repos\nus-cs2103-AY2021S1\cs2103-website\_module-TIC4001\weeklyTextbookTopics.mbdf
2020-10-29T07:12:12.827Z - info: [3:12:12 PM] Reload for file change: C:\repos\nus-cs2103-AY2021S1\cs2103-website\schedule\week12\commentary-tic4001.mbdf
2020-10-29T07:12:13.810Z - info: No pages needed to be rebuilt
2020-10-29T07:12:22.015Z - info: Website generation (lazy) started at 3:12:19 PM
2020-10-29T07:12:30.842Z - info: Building assets...
2020-10-29T07:12:36.706Z - info: Assets built
2020-10-29T07:12:36.707Z - info: Generating landing page...
2020-10-29T07:12:38.032Z - info: Landing page built, other pages will be built as you navigate to them!
2020-10-29T07:12:38.140Z - info: Website generation (lazy) complete! Total build time: 18.824s
2020-10-29T07:12:38.967Z - info: Serving "C:\repos\nus-cs2103-AY2021S1\cs2103-website\_site" at http://127.0.0.1:8080
2020-10-29T07:12:38.968Z - info: Press CTRL+C to stop ...
2020-10-29T07:12:39.033Z - info: Site data built
2020-10-29T07:14:44.352Z - info: Building C:\repos\nus-cs2103-AY2021S1\cs2103-website\schedule\week12\index as some of its dependencies were changed since the last visit
2020-10-29T07:14:45.149Z - info: Site data built
2020-10-29T07:14:45.150Z - info: Lazy website regeneration complete! Total build time: 0.799s
2020-10-29T07:14:47.615Z - info: Building C:\repos\nus-cs2103-AY2021S1\cs2103-website\schedule\week12\topics as some of its dependencies were changed since the last visit
2020-10-29T07:14:50.906Z - info: Site data built
2020-10-29T07:14:50.910Z - info: Lazy website regeneration complete! Total build time: 3.296s
2020-10-29T07:14:51.993Z - debug:  
2020-10-29T07:14:52.084Z - debug:  
2020-10-29T07:18:21.701Z - info: [3:18:21 PM] Reload for file change: C:\repos\nus-cs2103-AY2021S1\cs2103-website\admin\common-commentary.mbdf
2020-10-29T07:18:22.706Z - info: Rebuilding 1 pages
2020-10-29T07:18:25.815Z - info: Pages rebuilt
2020-10-29T07:18:25.817Z - info: Website regeneration complete! Total build time: 3.112s
2020-10-29T07:18:25.899Z - info: Site data built
2020-10-29T07:18:26.958Z - debug:  
2020-10-29T07:18:27.369Z - debug:  
2020-10-29T07:20:19.108Z - info: [3:20:19 PM] Reload for file change: C:\repos\nus-cs2103-AY2021S1\cs2103-website\admin\common-commentary.mbdf
2020-10-29T07:20:20.110Z - info: Rebuilding 1 pages
2020-10-29T07:20:23.251Z - info: Pages rebuilt
2020-10-29T07:20:23.256Z - info: Website regeneration complete! Total build time: 3.147s
2020-10-29T07:20:23.400Z - info: Site data built
2020-10-29T07:20:24.733Z - debug:  
2020-10-29T07:20:24.957Z - debug:  
2020-10-29T07:20:44.071Z - info: [3:20:44 PM] Reload for file change: C:\repos\nus-cs2103-AY2021S1\cs2103-website\admin\common-commentary.mbdf
2020-10-29T07:20:45.078Z - info: Rebuilding 1 pages
2020-10-29T07:20:47.413Z - info: Pages rebuilt
2020-10-29T07:20:47.413Z - info: Website regeneration complete! Total build time: 2.341s
2020-10-29T07:20:47.432Z - info: Site data built
2020-10-29T07:20:49.026Z - debug:  
2020-10-29T07:20:49.181Z - debug:  
2020-10-29T07:22:19.634Z - info: Website generation started at 3:22:16 PM
2020-10-29T07:22:28.798Z - info: Building assets...
2020-10-29T07:22:35.033Z - info: Assets built
2020-10-29T07:22:35.036Z - info: Generating pages...
2020-10-29T07:22:50.408Z - debug: The process cannot access the file because it is being used by another process.

2020-10-29T07:22:52.346Z - debug: The process cannot access the file because it is being used by another process.

2020-10-29T07:22:52.347Z - debug:  
2020-10-29T07:22:52.347Z - debug: The process cannot access the file because it is being used by another process.

2020-10-29T07:22:52.347Z - debug: The process cannot access the file because it is being used by another process.

2020-10-29T07:22:52.404Z - debug:  
2020-10-29T07:22:52.405Z - debug:  
2020-10-29T07:22:52.405Z - debug:  
2020-10-29T07:22:52.405Z - debug:  
2020-10-29T07:22:52.423Z - debug:  
2020-10-29T07:22:58.503Z - debug: The process cannot access the file because it is being used by another process.

2020-10-29T07:22:58.504Z - debug: The process cannot access the file because it is being used by another process.

2020-10-29T07:22:58.504Z - debug:  
2020-10-29T07:22:58.504Z - debug:  
2020-10-29T07:23:00.116Z - debug: The process cannot access the file because it is being used by another process.

2020-10-29T07:23:00.117Z - debug: The process cannot access the file because it is being used by another process.

2020-10-29T07:23:00.256Z - debug:  
2020-10-29T07:23:00.257Z - debug:  
2020-10-29T07:23:00.793Z - debug: The process cannot access the file because it is being used by another process.

2020-10-29T07:23:00.793Z - debug: The process cannot access the file because it is being used by another process.

2020-10-29T07:23:04.208Z - debug:  
2020-10-29T07:23:04.208Z - debug:  
2020-10-29T07:23:17.286Z - debug: The process cannot access the file because it is being used by another process.

2020-10-29T07:23:17.936Z - debug: The process cannot access the file because it is being used by another process.

2020-10-29T07:23:19.024Z - debug: The process cannot access the file because it is being used by another process.

2020-10-29T07:23:19.024Z - debug:  
2020-10-29T07:23:21.869Z - debug: The process cannot access the file because it is being used by another process.

2020-10-29T07:23:22.401Z - debug: The process cannot access the file because it is being used by another process.

2020-10-29T07:23:23.909Z - debug:  
2020-10-29T07:23:25.869Z - debug:  
2020-10-29T07:23:28.161Z - debug: The process cannot access the file because it is being used by another process.

2020-10-29T07:23:28.393Z - debug: The process cannot access the file because it is being used by another process.

2020-10-29T07:23:29.960Z - debug: The process cannot access the file because it is being used by another process.

2020-10-29T07:23:29.961Z - debug: The process cannot access the file because it is being used by another process.

2020-10-29T07:23:29.963Z - debug:  
2020-10-29T07:23:30.216Z - debug:  
2020-10-29T07:23:34.548Z - debug:  
2020-10-29T07:23:34.582Z - debug:  
2020-10-29T07:23:40.967Z - debug: The process cannot access the file because it is being used by another process.

2020-10-29T07:23:42.662Z - debug: The process cannot access the file because it is being used by another process.

2020-10-29T07:23:43.085Z - debug:  
2020-10-29T07:24:06.162Z - debug:  
2020-10-29T07:24:06.167Z - debug:  
2020-10-29T07:24:06.168Z - debug:  
2020-10-29T07:24:06.168Z - debug:  
2020-10-29T07:24:10.526Z - debug:  
2020-10-29T07:24:11.976Z - debug:  
2020-10-29T07:24:11.976Z - debug:  
2020-10-29T07:24:19.848Z - debug:  
2020-10-29T07:24:19.993Z - debug:  
2020-10-29T07:24:19.993Z - debug:  
2020-10-29T07:24:19.993Z - debug:  
2020-10-29T07:24:19.993Z - debug:  
2020-10-29T07:24:27.920Z - debug:  
2020-10-29T07:24:27.920Z - debug:  
2020-10-29T07:24:27.921Z - debug:  
2020-10-29T07:24:34.804Z - debug:  
2020-10-29T07:24:37.070Z - debug:  
2020-10-29T07:24:48.438Z - debug:  
2020-10-29T07:24:53.778Z - debug:  
2020-10-29T07:24:53.778Z - debug:  
2020-10-29T07:25:18.081Z - debug:  
2020-10-29T07:25:28.407Z - debug:  
2020-10-29T07:25:28.407Z - debug:  
2020-10-29T07:25:35.977Z - info: Pages built
2020-10-29T07:26:00.413Z - info: Website generation complete! Total build time: 223.49s
2020-10-29T07:26:00.414Z - info: Build success!
2020-10-29T07:26:00.414Z - debug:  
2020-10-29T07:26:00.420Z - info: Site data built
2020-10-29T07:27:01.618Z - info: Deployed!
2020-10-29T07:31:47.068Z - info: Website generation (lazy) started at 3:31:41 PM
2020-10-29T07:31:56.732Z - info: Building assets...
2020-10-29T07:32:03.335Z - info: Assets built
2020-10-29T07:32:03.336Z - info: Generating landing page...
2020-10-29T07:32:04.365Z - info: Landing page built, other pages will be built as you navigate to them!
2020-10-29T07:32:04.463Z - info: Website generation (lazy) complete! Total build time: 22.794s
2020-10-29T07:32:05.295Z - info: Serving "C:\repos\nus-cs2103-AY2021S1\cs2103-website\_site" at http://127.0.0.1:8080
2020-10-29T07:32:05.295Z - info: Press CTRL+C to stop ...
2020-10-29T07:32:05.359Z - info: Site data built
2020-10-29T07:59:22.118Z - info: Website generation started at 3:59:18 PM
2020-10-29T07:59:36.378Z - info: Building assets...
2020-10-29T07:59:45.923Z - info: Assets built
2020-10-29T07:59:45.926Z - info: Generating pages...
2020-10-29T08:00:02.496Z - debug: The process cannot access the file because it is being used by another process.

2020-10-29T08:00:02.497Z - debug: The process cannot access the file because it is being used by another process.

2020-10-29T08:00:05.781Z - debug:  
2020-10-29T08:00:05.782Z - debug:  
2020-10-29T08:00:05.782Z - debug:  
2020-10-29T08:00:05.782Z - debug:  
2020-10-29T08:00:05.783Z - debug:  
2020-10-29T08:00:07.925Z - debug:  
2020-10-29T08:00:10.417Z - debug: The process cannot access the file because it is being used by another process.

2020-10-29T08:00:10.417Z - debug: The process cannot access the file because it is being used by another process.

2020-10-29T08:00:10.418Z - debug: The process cannot access the file because it is being used by another process.

2020-10-29T08:00:10.418Z - debug: The process cannot access the file because it is being used by another process.

2020-10-29T08:00:10.418Z - debug:  
2020-10-29T08:00:10.419Z - debug:  
2020-10-29T08:00:10.419Z - debug:  
2020-10-29T08:00:10.419Z - debug:  
2020-10-29T08:00:13.239Z - debug: The process cannot access the file because it is being used by another process.

2020-10-29T08:00:13.401Z - debug: The process cannot access the file because it is being used by another process.

2020-10-29T08:00:13.402Z - debug: The process cannot access the file because it is being used by another process.

2020-10-29T08:00:13.403Z - debug: The process cannot access the file because it is being used by another process.

2020-10-29T08:00:14.560Z - debug:  
2020-10-29T08:00:14.632Z - debug:  
2020-10-29T08:00:35.488Z - debug: The process cannot access the file because it is being used by another process.

2020-10-29T08:00:36.273Z - debug: The process cannot access the file because it is being used by another process.

2020-10-29T08:00:37.241Z - debug: The process cannot access the file because it is being used by another process.

2020-10-29T08:00:37.242Z - debug:  
2020-10-29T08:00:38.731Z - debug: The process cannot access the file because it is being used by another process.

2020-10-29T08:00:39.390Z - debug: The process cannot access the file because it is being used by another process.

2020-10-29T08:00:40.917Z - debug:  
2020-10-29T08:00:42.583Z - debug:  
2020-10-29T08:00:44.096Z - debug: The process cannot access the file because it is being used by another process.

2020-10-29T08:00:44.097Z - debug: The process cannot access the file because it is being used by another process.

2020-10-29T08:00:45.989Z - debug: The process cannot access the file because it is being used by another process.

2020-10-29T08:00:45.990Z - debug: The process cannot access the file because it is being used by another process.

2020-10-29T08:00:46.308Z - debug:  
2020-10-29T08:00:48.466Z - debug:  
2020-10-29T08:00:49.913Z - debug:  
2020-10-29T08:00:49.974Z - debug:  
2020-10-29T08:00:55.822Z - debug: The process cannot access the file because it is being used by another process.

2020-10-29T08:00:57.593Z - debug: The process cannot access the file because it is being used by another process.

2020-10-29T08:00:58.071Z - debug:  
2020-10-29T08:01:22.409Z - debug:  
2020-10-29T08:01:22.410Z - debug:  
2020-10-29T08:01:22.617Z - debug:  
2020-10-29T08:01:22.617Z - debug:  
2020-10-29T08:01:24.612Z - debug: The process cannot access the file because it is being used by another process.

2020-10-29T08:01:28.604Z - debug:  
2020-10-29T08:01:28.949Z - debug:  
2020-10-29T08:01:28.949Z - debug:  
2020-10-29T08:01:38.680Z - debug:  
2020-10-29T08:01:39.418Z - debug:  
2020-10-29T08:01:39.419Z - debug:  
2020-10-29T08:01:39.419Z - debug:  
2020-10-29T08:01:39.419Z - debug:  
2020-10-29T08:01:44.949Z - debug: The process cannot access the file because it is being used by another process.

2020-10-29T08:01:47.372Z - debug:  
2020-10-29T08:01:49.347Z - debug:  
2020-10-29T08:01:49.347Z - debug:  
2020-10-29T08:01:54.393Z - debug:  
2020-10-29T08:02:08.876Z - debug:  
2020-10-29T08:02:08.876Z - debug:  
2020-10-29T08:02:08.876Z - debug:  
2020-10-29T08:02:16.179Z - debug:  
2020-10-29T08:02:16.180Z - debug:  
2020-10-29T08:02:29.298Z - debug:  
2020-10-29T08:02:30.155Z - debug:  
2020-10-29T08:03:07.179Z - debug:  
2020-10-29T08:03:23.663Z - debug:  
2020-10-29T08:03:23.663Z - debug:  
2020-10-29T08:03:37.710Z - info: Pages built
2020-10-29T08:04:11.874Z - info: Website generation complete! Total build time: 293.837s
2020-10-29T08:04:11.875Z - info: Build success!
2020-10-29T08:04:11.875Z - debug:  
2020-10-29T08:04:11.882Z - info: Site data built
2020-10-29T08:05:02.427Z - info: Deployed!
