2020-12-01T12:05:33.569Z - info: Website generation started at 8:05:28 PM
2020-12-01T12:05:45.078Z - info: Building assets...
2020-12-01T12:05:52.276Z - info: Assets built
2020-12-01T12:05:52.278Z - info: Generating pages...
2020-12-01T12:06:07.836Z - debug: The process cannot access the file because it is being used by another process.

2020-12-01T12:06:12.187Z - debug:  
2020-12-01T12:06:12.224Z - debug:  
2020-12-01T12:06:12.224Z - debug:  
2020-12-01T12:06:12.224Z - debug:  
2020-12-01T12:06:12.224Z - debug:  
2020-12-01T12:06:13.420Z - debug: The process cannot access the file because it is being used by another process.

2020-12-01T12:06:13.866Z - debug:  
2020-12-01T12:06:17.732Z - debug:  
2020-12-01T12:06:17.732Z - debug:  
2020-12-01T12:06:17.733Z - debug:  
2020-12-01T12:06:17.733Z - debug: The process cannot access the file because it is being used by another process.

2020-12-01T12:06:17.733Z - debug:  
2020-12-01T12:06:19.796Z - debug: The process cannot access the file because it is being used by another process.

2020-12-01T12:06:19.797Z - debug: The process cannot access the file because it is being used by another process.

2020-12-01T12:06:19.943Z - debug:  
2020-12-01T12:06:19.944Z - debug:  
2020-12-01T12:06:19.944Z - debug:  
2020-12-01T12:06:20.378Z - debug: The process cannot access the file because it is being used by another process.

2020-12-01T12:06:20.379Z - debug: The process cannot access the file because it is being used by another process.

2020-12-01T12:06:23.392Z - debug:  
2020-12-01T12:06:23.392Z - debug:  
2020-12-01T12:06:39.556Z - debug: The process cannot access the file because it is being used by another process.

2020-12-01T12:06:40.105Z - debug: The process cannot access the file because it is being used by another process.

2020-12-01T12:06:40.869Z - debug:  
2020-12-01T12:06:41.807Z - debug: The process cannot access the file because it is being used by another process.

2020-12-01T12:06:42.465Z - debug: The process cannot access the file because it is being used by another process.

2020-12-01T12:06:42.595Z - debug:  
2020-12-01T12:06:45.174Z - debug: The process cannot access the file because it is being used by another process.

2020-12-01T12:06:45.377Z - debug:  
2020-12-01T12:06:48.057Z - debug: The process cannot access the file because it is being used by another process.

2020-12-01T12:06:48.058Z - debug: The process cannot access the file because it is being used by another process.

2020-12-01T12:06:49.986Z - debug: The process cannot access the file because it is being used by another process.

2020-12-01T12:06:49.987Z - debug: The process cannot access the file because it is being used by another process.

2020-12-01T12:06:52.894Z - debug:  
2020-12-01T12:06:52.895Z - debug:  
2020-12-01T12:06:54.400Z - debug:  
2020-12-01T12:06:54.580Z - debug:  
2020-12-01T12:07:01.428Z - debug: The process cannot access the file because it is being used by another process.

2020-12-01T12:07:03.678Z - debug: The process cannot access the file because it is being used by another process.

2020-12-01T12:07:04.195Z - debug:  
2020-12-01T12:07:34.101Z - debug:  
2020-12-01T12:07:34.522Z - debug:  
2020-12-01T12:07:34.523Z - debug:  
2020-12-01T12:07:34.523Z - debug:  
2020-12-01T12:07:36.207Z - debug: The process cannot access the file because it is being used by another process.

2020-12-01T12:07:38.749Z - debug:  
2020-12-01T12:07:39.033Z - debug:  
2020-12-01T12:07:39.034Z - debug:  
2020-12-01T12:07:48.307Z - debug:  
2020-12-01T12:07:48.971Z - debug:  
2020-12-01T12:07:48.971Z - debug:  
2020-12-01T12:07:48.972Z - debug:  
2020-12-01T12:07:48.972Z - debug:  
2020-12-01T12:07:55.650Z - debug: The process cannot access the file because it is being used by another process.

2020-12-01T12:07:58.389Z - debug:  
2020-12-01T12:08:00.068Z - debug:  
2020-12-01T12:08:00.069Z - debug:  
2020-12-01T12:08:07.470Z - debug:  
2020-12-01T12:08:21.665Z - debug:  
2020-12-01T12:08:23.175Z - debug:  
2020-12-01T12:08:23.176Z - debug:  
2020-12-01T12:08:28.686Z - debug:  
2020-12-01T12:08:28.686Z - debug:  
2020-12-01T12:08:49.892Z - debug:  
2020-12-01T12:08:53.275Z - debug:  
2020-12-01T12:09:22.359Z - debug:  
2020-12-01T12:09:37.639Z - debug:  
2020-12-01T12:09:37.639Z - debug:  
2020-12-01T12:09:50.041Z - info: Pages built
2020-12-01T12:10:24.134Z - info: Website generation complete! Total build time: 296.12s
2020-12-01T12:10:24.136Z - info: Build success!
2020-12-01T12:10:24.136Z - debug:  
2020-12-01T12:10:24.139Z - info: Site data built
2020-12-01T12:11:02.108Z - info: Deployed!
2020-12-01T14:33:06.817Z - info: Website generation started at 10:32:59 PM
2020-12-01T14:33:20.770Z - info: Building assets...
