2020-07-30T16:21:07.810Z - info: [12:21:07 AM] Reload for file change: C:\repos\nus-cs2103-AY2021S1\cs2103-website\book\revisionControl\savingHistory\text.md
2020-07-30T16:21:07.840Z - info: [12:21:07 AM] Reload for file change: C:\repos\nus-cs2103-AY2021S1\cs2103-website\book\revisionControl\usingHistory\text.md
2020-07-30T16:21:08.838Z - info: Rebuilding 1 pages
2020-07-30T16:21:12.619Z - info: Pages rebuilt
2020-07-30T16:21:12.620Z - info: Website regeneration complete! Total build time: 3.785s
2020-07-30T16:21:12.636Z - info: Site data built
2020-07-31T14:32:17.965Z - info: Website generation (lazy) started at 10:32:14 PM
2020-07-31T14:32:25.762Z - info: Building assets...
2020-07-31T14:32:31.424Z - info: Assets built
2020-07-31T14:32:31.425Z - info: Generating landing page...
2020-07-31T14:32:32.339Z - info: Landing page built, other pages will be built as you navigate to them!
2020-07-31T14:32:32.481Z - info: Website generation (lazy) complete! Total build time: 18.062s
2020-07-31T14:32:33.337Z - info: Serving "C:\repos\nus-cs2103-AY2021S1\cs2103-website\_site" at http://127.0.0.1:8080
2020-07-31T14:32:33.337Z - info: Press CTRL+C to stop ...
2020-07-31T14:32:33.395Z - info: Site data built
2020-07-31T14:37:21.234Z - info: Building C:\repos\nus-cs2103-AY2021S1\cs2103-website\schedule\week2\index as some of its dependencies were changed since the last visit
2020-07-31T14:37:22.509Z - info: Site data built
2020-07-31T14:37:22.511Z - info: Lazy website regeneration complete! Total build time: 1.286s
2020-07-31T14:37:25.827Z - info: Building C:\repos\nus-cs2103-AY2021S1\cs2103-website\schedule\week2\topics as some of its dependencies were changed since the last visit
2020-07-31T14:37:29.020Z - info: Site data built
2020-07-31T14:37:29.021Z - info: Lazy website regeneration complete! Total build time: 3.194s
2020-07-31T14:45:03.405Z - info: [10:45:03 PM] Reload for file change: C:\repos\nus-cs2103-AY2021S1\cs2103-website\book\gitAndGithub\diff\sourcetree_2.md
2020-07-31T14:45:04.410Z - info: Rebuilding 1 pages
2020-07-31T14:45:07.834Z - info: Pages rebuilt
2020-07-31T14:45:07.834Z - info: Website regeneration complete! Total build time: 3.426s
2020-07-31T14:45:07.881Z - info: Site data built
2020-07-31T14:45:43.827Z - info: [10:45:43 PM] Reload for file change: C:\repos\nus-cs2103-AY2021S1\cs2103-website\book\gitAndGithub\diff\sourcetree_2.md
2020-07-31T14:45:44.834Z - info: Rebuilding 1 pages
2020-07-31T14:45:48.283Z - info: Pages rebuilt
2020-07-31T14:45:48.284Z - info: Website regeneration complete! Total build time: 3.452s
2020-07-31T14:45:48.331Z - info: Site data built
2020-07-31T14:51:51.275Z - info: [10:51:51 PM] Reload for file change: C:\repos\nus-cs2103-AY2021S1\cs2103-website\book\gitAndGithub\pull\sourcetree_3.md
2020-07-31T14:51:51.287Z - info: [10:51:51 PM] Reload for file change: C:\repos\nus-cs2103-AY2021S1\cs2103-website\book\gitAndGithub\pull\text.md
2020-07-31T14:51:52.287Z - info: Rebuilding 1 pages
2020-07-31T14:51:56.533Z - info: Pages rebuilt
2020-07-31T14:51:56.533Z - info: Website regeneration complete! Total build time: 4.25s
2020-07-31T14:51:56.578Z - info: Site data built
2020-07-31T14:54:31.734Z - info: [10:54:31 PM] Reload for file change: C:\repos\nus-cs2103-AY2021S1\cs2103-website\book\gitAndGithub\pull\sourcetree_3.md
2020-07-31T14:54:32.744Z - info: Rebuilding 1 pages
2020-07-31T14:54:36.066Z - info: Pages rebuilt
2020-07-31T14:54:36.067Z - info: Website regeneration complete! Total build time: 3.328s
2020-07-31T14:54:36.107Z - info: Site data built
2020-07-31T14:54:47.724Z - info: [10:54:47 PM] Reload for file change: C:\repos\nus-cs2103-AY2021S1\cs2103-website\book\gitAndGithub\pull\sourcetree_3.md
2020-07-31T14:54:48.727Z - info: Rebuilding 1 pages
2020-07-31T14:54:52.240Z - info: Pages rebuilt
2020-07-31T14:54:52.240Z - info: Website regeneration complete! Total build time: 3.515s
2020-07-31T14:54:52.259Z - info: Site data built
2020-07-31T14:56:37.670Z - info: [10:56:37 PM] Reload for file change: C:\repos\nus-cs2103-AY2021S1\cs2103-website\book\gitAndGithub\pull\sourcetree_3.md
2020-07-31T14:56:38.673Z - info: Rebuilding 1 pages
2020-07-31T14:56:41.824Z - info: Pages rebuilt
2020-07-31T14:56:41.825Z - info: Website regeneration complete! Total build time: 3.153s
2020-07-31T14:56:41.854Z - info: Site data built
2020-07-31T14:57:03.914Z - info: [10:57:03 PM] Reload for file change: C:\repos\nus-cs2103-AY2021S1\cs2103-website\book\gitAndGithub\pull\sourcetree_3.md
2020-07-31T14:57:04.921Z - info: Rebuilding 1 pages
2020-07-31T14:57:07.673Z - info: Pages rebuilt
2020-07-31T14:57:07.674Z - info: Website regeneration complete! Total build time: 2.755s
2020-07-31T14:57:07.704Z - info: Site data built
2020-07-31T14:57:42.641Z - info: [10:57:42 PM] Reload for file change: C:\repos\nus-cs2103-AY2021S1\cs2103-website\book\gitAndGithub\pull\sourcetree_3.md
2020-07-31T14:57:43.651Z - info: Rebuilding 1 pages
2020-07-31T14:57:46.910Z - info: Pages rebuilt
2020-07-31T14:57:46.910Z - info: Website regeneration complete! Total build time: 3.264s
2020-07-31T14:57:46.938Z - info: Site data built
2020-07-31T14:58:37.351Z - info: [10:58:37 PM] Reload for file change: C:\repos\nus-cs2103-AY2021S1\cs2103-website\book\gitAndGithub\pull\sourcetree_3.md
2020-07-31T14:58:38.359Z - info: Rebuilding 1 pages
2020-07-31T14:58:41.630Z - info: Pages rebuilt
2020-07-31T14:58:41.630Z - info: Website regeneration complete! Total build time: 3.274s
2020-07-31T14:58:41.657Z - info: Site data built
2020-07-31T14:59:26.723Z - info: [10:59:26 PM] Reload for file change: C:\repos\nus-cs2103-AY2021S1\cs2103-website\book\gitAndGithub\pull\sourcetree_3.md
2020-07-31T14:59:27.732Z - info: Rebuilding 1 pages
2020-07-31T14:59:31.040Z - info: Pages rebuilt
2020-07-31T14:59:31.040Z - info: Website regeneration complete! Total build time: 3.313s
2020-07-31T14:59:31.073Z - info: Site data built
2020-07-31T14:59:38.844Z - info: [10:59:38 PM] Reload for file change: C:\repos\nus-cs2103-AY2021S1\cs2103-website\book\gitAndGithub\pull\sourcetree_3.md
2020-07-31T14:59:39.877Z - info: Rebuilding 1 pages
2020-07-31T14:59:44.303Z - info: Pages rebuilt
2020-07-31T14:59:44.303Z - info: Website regeneration complete! Total build time: 4.429s
2020-07-31T14:59:44.320Z - info: Site data built
2020-07-31T14:59:44.843Z - info: [10:59:44 PM] Reload for file change: C:\repos\nus-cs2103-AY2021S1\cs2103-website\book\gitAndGithub\pull\sourcetree_3.md
2020-07-31T14:59:45.869Z - info: Rebuilding 1 pages
2020-07-31T14:59:50.813Z - info: Pages rebuilt
2020-07-31T14:59:50.813Z - info: Website regeneration complete! Total build time: 4.945s
2020-07-31T14:59:50.879Z - info: Site data built
2020-07-31T15:00:25.954Z - info: [11:00:25 PM] Reload for file change: C:\repos\nus-cs2103-AY2021S1\cs2103-website\book\gitAndGithub\pull\sourcetree_3.md
2020-07-31T15:00:26.969Z - info: Rebuilding 1 pages
2020-07-31T15:00:30.431Z - info: Pages rebuilt
2020-07-31T15:00:30.432Z - info: Website regeneration complete! Total build time: 3.472s
2020-07-31T15:00:30.476Z - info: Site data built
2020-07-31T15:05:18.876Z - info: [11:05:18 PM] Reload for file change: C:\repos\nus-cs2103-AY2021S1\cs2103-website\book\gitAndGithub\push\text.md
2020-07-31T15:05:19.888Z - info: Rebuilding 1 pages
2020-07-31T15:05:23.266Z - info: Pages rebuilt
2020-07-31T15:05:23.267Z - info: Website regeneration complete! Total build time: 3.385s
2020-07-31T15:05:23.305Z - info: Site data built
2020-07-31T15:17:35.239Z - info: [11:17:35 PM] Reload for file change: C:\repos\nus-cs2103-AY2021S1\cs2103-website\book\intellij\projectSetup\text.md
2020-07-31T15:17:36.248Z - info: Rebuilding 1 pages
2020-07-31T15:17:39.618Z - info: Pages rebuilt
2020-07-31T15:17:39.619Z - info: Website regeneration complete! Total build time: 3.374s
2020-07-31T15:17:39.652Z - info: Site data built
2020-07-31T15:45:43.987Z - info: [11:45:43 PM] Reload for file add: C:\repos\nus-cs2103-AY2021S1\cs2103-website\book\diagrams\testing\introduction\what\~$diagram.pptx
2020-07-31T15:45:45.021Z - info: Assets built
2020-07-31T15:53:40.301Z - info: [11:53:40 PM] Reload for file deletion: C:\repos\nus-cs2103-AY2021S1\cs2103-website\book\diagrams\testing\introduction\what\~$diagram.pptx
2020-07-31T15:53:41.305Z - info: Assets removed
2020-07-31T15:57:06.082Z - info: Building C:\repos\nus-cs2103-AY2021S1\cs2103-website\schedule\week2\project as some of its dependencies were changed since the last visit
2020-07-31T15:57:07.635Z - info: Site data built
2020-07-31T15:57:07.636Z - info: Lazy website regeneration complete! Total build time: 1.554s
