2020-10-21T07:36:55.069Z - info: Website generation (lazy) started at 3:36:46 PM
2020-10-21T07:37:04.518Z - info: Building assets...
2020-10-21T07:37:10.308Z - info: Assets built
2020-10-21T07:37:10.309Z - info: Generating landing page...
2020-10-21T07:37:11.848Z - info: Landing page built, other pages will be built as you navigate to them!
2020-10-21T07:37:11.972Z - info: Website generation (lazy) complete! Total build time: 25.152s
2020-10-21T07:37:12.819Z - info: Serving "C:\repos\nus-cs2103-AY2021S1\cs2103-website\_site" at http://127.0.0.1:8080
2020-10-21T07:37:12.819Z - info: Press CTRL+C to stop ...
2020-10-21T07:37:12.886Z - info: Site data built
2020-10-21T07:37:20.383Z - info: Building C:\repos\nus-cs2103-AY2021S1\cs2103-website\schedule\week11\index as some of its dependencies were changed since the last visit
2020-10-21T07:37:23.039Z - info: Site data built
2020-10-21T07:37:23.072Z - info: Lazy website regeneration complete! Total build time: 2.689s
2020-10-21T07:37:30.271Z - info: Building C:\repos\nus-cs2103-AY2021S1\cs2103-website\schedule\week11\topics as some of its dependencies were changed since the last visit
2020-10-21T07:37:33.527Z - info: Site data built
2020-10-21T07:37:33.529Z - info: Lazy website regeneration complete! Total build time: 3.257s
2020-10-21T07:39:38.300Z - info: [3:39:38 PM] Reload for file change: C:\repos\nus-cs2103-AY2021S1\cs2103-website\admin\common-commentary.mbdf
2020-10-21T07:39:38.315Z - info: [3:39:38 PM] Reload for file change: C:\repos\nus-cs2103-AY2021S1\cs2103-website\schedule\week11\commentary-cs2103.mbdf
2020-10-21T07:39:39.305Z - info: Rebuilding 1 pages
2020-10-21T07:39:42.799Z - info: Pages rebuilt
2020-10-21T07:39:42.799Z - info: Website regeneration complete! Total build time: 3.496s
2020-10-21T07:39:42.827Z - info: Site data built
2020-10-21T07:40:43.582Z - info: [3:40:43 PM] Reload for file change: C:\repos\nus-cs2103-AY2021S1\cs2103-website\admin\common-commentary.mbdf
2020-10-21T07:40:44.588Z - info: No pages needed to be rebuilt
2020-10-21T07:42:28.625Z - info: Website generation (lazy) started at 3:42:25 PM
2020-10-21T07:42:37.822Z - info: Building assets...
2020-10-21T07:42:43.689Z - info: Assets built
2020-10-21T07:42:43.690Z - info: Generating landing page...
2020-10-21T07:42:45.827Z - info: Landing page built, other pages will be built as you navigate to them!
2020-10-21T07:42:45.941Z - info: Website generation (lazy) complete! Total build time: 20.077s
2020-10-21T07:42:46.762Z - info: Serving "C:\repos\nus-cs2103-AY2021S1\cs2103-website\_site" at http://127.0.0.1:8080
2020-10-21T07:42:46.762Z - info: Press CTRL+C to stop ...
2020-10-21T07:42:46.831Z - info: Site data built
2020-10-21T07:42:47.249Z - info: [3:42:47 PM] Reload for file change: C:\repos\nus-cs2103-AY2021S1\cs2103-website\admin\common-commentary.mbdf
2020-10-21T07:42:48.405Z - info: No pages needed to be rebuilt
2020-10-21T07:43:14.053Z - info: [3:43:14 PM] Reload for file change: C:\repos\nus-cs2103-AY2021S1\cs2103-website\admin\common-commentary.mbdf
2020-10-21T07:43:15.078Z - info: No pages needed to be rebuilt
2020-10-21T07:43:15.158Z - info: Building C:\repos\nus-cs2103-AY2021S1\cs2103-website\schedule\week11\index as some of its dependencies were changed since the last visit
2020-10-21T07:43:16.303Z - info: Site data built
2020-10-21T07:43:16.304Z - info: Lazy website regeneration complete! Total build time: 1.146s
2020-10-21T07:43:20.039Z - info: Building C:\repos\nus-cs2103-AY2021S1\cs2103-website\schedule\week11\topics as some of its dependencies were changed since the last visit
2020-10-21T07:43:23.183Z - info: Site data built
2020-10-21T07:43:23.183Z - info: Lazy website regeneration complete! Total build time: 3.144s
2020-10-21T07:44:12.564Z - info: [3:44:12 PM] Reload for file change: C:\repos\nus-cs2103-AY2021S1\cs2103-website\schedule\week11\commentary-cs2103.mbdf
2020-10-21T07:44:13.577Z - info: Rebuilding 1 pages
2020-10-21T07:44:17.312Z - info: Pages rebuilt
2020-10-21T07:44:17.313Z - info: Website regeneration complete! Total build time: 3.743s
2020-10-21T07:44:17.326Z - info: Site data built
2020-10-21T07:46:01.053Z - info: [3:46:01 PM] Reload for file change: C:\repos\nus-cs2103-AY2021S1\cs2103-website\admin\common-commentary.mbdf
2020-10-21T07:46:01.070Z - info: [3:46:01 PM] Reload for file change: C:\repos\nus-cs2103-AY2021S1\cs2103-website\schedule\week11\commentary-cs2103.mbdf
2020-10-21T07:46:02.071Z - info: Rebuilding 1 pages
2020-10-21T07:46:05.729Z - info: Pages rebuilt
2020-10-21T07:46:05.729Z - info: Website regeneration complete! Total build time: 3.664s
2020-10-21T07:46:05.751Z - info: Site data built
2020-10-21T07:46:59.109Z - info: [3:46:59 PM] Reload for file change: C:\repos\nus-cs2103-AY2021S1\cs2103-website\admin\common-commentary.mbdf
2020-10-21T07:46:59.121Z - info: [3:46:59 PM] Reload for file change: C:\repos\nus-cs2103-AY2021S1\cs2103-website\schedule\week11\commentary-cs2103.mbdf
2020-10-21T07:47:00.120Z - info: Rebuilding 1 pages
2020-10-21T07:47:03.661Z - info: Pages rebuilt
2020-10-21T07:47:03.661Z - info: Website regeneration complete! Total build time: 3.543s
2020-10-21T07:47:03.681Z - info: Site data built
2020-10-21T07:48:04.363Z - info: [3:48:04 PM] Reload for file change: C:\repos\nus-cs2103-AY2021S1\cs2103-website\admin\common-commentary.mbdf
2020-10-21T07:48:04.387Z - info: [3:48:04 PM] Reload for file change: C:\repos\nus-cs2103-AY2021S1\cs2103-website\schedule\week11\commentary-cs2103.mbdf
2020-10-21T07:48:05.384Z - info: Rebuilding 1 pages
2020-10-21T07:48:09.109Z - info: Pages rebuilt
2020-10-21T07:48:09.109Z - info: Website regeneration complete! Total build time: 3.73s
2020-10-21T07:48:09.130Z - info: Site data built
2020-10-21T07:49:08.525Z - info: [3:49:08 PM] Reload for file change: C:\repos\nus-cs2103-AY2021S1\cs2103-website\admin\common-commentary.mbdf
2020-10-21T07:49:08.546Z - info: [3:49:08 PM] Reload for file change: C:\repos\nus-cs2103-AY2021S1\cs2103-website\schedule\week11\commentary-cs2103.mbdf
2020-10-21T07:49:09.548Z - info: Rebuilding 1 pages
2020-10-21T07:49:13.401Z - info: Pages rebuilt
2020-10-21T07:49:13.401Z - info: Website regeneration complete! Total build time: 3.854s
2020-10-21T07:49:13.419Z - info: Site data built
2020-10-21T07:57:28.860Z - info: [3:57:28 PM] Reload for file change: C:\repos\nus-cs2103-AY2021S1\cs2103-website\admin\common-commentary.mbdf
2020-10-21T07:57:28.872Z - info: [3:57:28 PM] Reload for file change: C:\repos\nus-cs2103-AY2021S1\cs2103-website\schedule\week11\commentary-cs2103.mbdf
2020-10-21T07:57:29.895Z - info: Rebuilding 1 pages
2020-10-21T07:57:31.050Z - error:  Error: No such segment 'test-cases-combining-multiple-inputs' in file: C:\repos\nus-cs2103-AY2021S1\cs2103-website\admin\common-commentary.mbdf
Missing reference in C:\repos\nus-cs2103-AY2021S1\cs2103-website\schedule\week11\commentary-box.md
    at _preprocessInclude (C:\Users\damithch\AppData\Roaming\npm\node_modules\markbind-cli\node_modules\@markbind\core\src\preprocessors\componentPreprocessor.js:264:21)
    at preProcessComponent (C:\Users\damithch\AppData\Roaming\npm\node_modules\markbind-cli\node_modules\@markbind\core\src\preprocessors\componentPreprocessor.js:349:12)
    at C:\Users\damithch\AppData\Roaming\npm\node_modules\markbind-cli\node_modules\@markbind\core\src\preprocessors\componentPreprocessor.js:356:52
    at Array.map (<anonymous>)
    at preProcessComponent (C:\Users\damithch\AppData\Roaming\npm\node_modules\markbind-cli\node_modules\@markbind\core\src\preprocessors\componentPreprocessor.js:356:43)
    at C:\Users\damithch\AppData\Roaming\npm\node_modules\markbind-cli\node_modules\@markbind\core\src\preprocessors\componentPreprocessor.js:356:52
    at Array.map (<anonymous>)
    at preProcessComponent (C:\Users\damithch\AppData\Roaming\npm\node_modules\markbind-cli\node_modules\@markbind\core\src\preprocessors\componentPreprocessor.js:356:43)
    at C:\Users\damithch\AppData\Roaming\npm\node_modules\markbind-cli\node_modules\@markbind\core\src\preprocessors\componentPreprocessor.js:356:52
    at Array.map (<anonymous>)
    at preProcessComponent (C:\Users\damithch\AppData\Roaming\npm\node_modules\markbind-cli\node_modules\@markbind\core\src\preprocessors\componentPreprocessor.js:356:43)
    at C:\Users\damithch\AppData\Roaming\npm\node_modules\markbind-cli\node_modules\@markbind\core\src\preprocessors\componentPreprocessor.js:298:50
    at Array.map (<anonymous>)
    at _preprocessInclude (C:\Users\damithch\AppData\Roaming\npm\node_modules\markbind-cli\node_modules\@markbind\core\src\preprocessors\componentPreprocessor.js:298:41)
    at preProcessComponent (C:\Users\damithch\AppData\Roaming\npm\node_modules\markbind-cli\node_modules\@markbind\core\src\preprocessors\componentPreprocessor.js:349:12)
    at C:\Users\damithch\AppData\Roaming\npm\node_modules\markbind-cli\node_modules\@markbind\core\src\preprocessors\componentPreprocessor.js:356:52
2020-10-21T07:57:33.276Z - info: Pages rebuilt
2020-10-21T07:57:33.276Z - info: Website regeneration complete! Total build time: 3.394s
2020-10-21T07:57:33.286Z - info: Site data built
2020-10-21T07:59:16.769Z - info: [3:59:16 PM] Reload for file change: C:\repos\nus-cs2103-AY2021S1\cs2103-website\admin\common-commentary.mbdf
2020-10-21T07:59:17.786Z - info: Rebuilding 1 pages
2020-10-21T07:59:21.255Z - info: Pages rebuilt
2020-10-21T07:59:21.255Z - info: Website regeneration complete! Total build time: 3.475s
2020-10-21T07:59:21.265Z - info: Site data built
2020-10-21T08:00:19.281Z - info: [4:00:19 PM] Reload for file change: C:\repos\nus-cs2103-AY2021S1\cs2103-website\admin\common-commentary.mbdf
2020-10-21T08:00:19.288Z - info: [4:00:19 PM] Reload for file change: C:\repos\nus-cs2103-AY2021S1\cs2103-website\schedule\week11\commentary-cs2103.mbdf
2020-10-21T08:00:20.295Z - info: Rebuilding 1 pages
2020-10-21T08:00:23.723Z - info: Pages rebuilt
2020-10-21T08:00:23.724Z - info: Website regeneration complete! Total build time: 3.437s
2020-10-21T08:00:23.733Z - info: Site data built
2020-10-21T08:02:11.684Z - info: [4:02:11 PM] Reload for file change: C:\repos\nus-cs2103-AY2021S1\cs2103-website\admin\common-commentary.mbdf
2020-10-21T08:02:11.696Z - info: [4:02:11 PM] Reload for file change: C:\repos\nus-cs2103-AY2021S1\cs2103-website\schedule\week11\commentary-cs2103.mbdf
2020-10-21T08:02:12.699Z - info: Rebuilding 1 pages
2020-10-21T08:02:16.698Z - info: Pages rebuilt
2020-10-21T08:02:16.699Z - info: Website regeneration complete! Total build time: 4.004s
2020-10-21T08:02:16.705Z - info: Site data built
2020-10-21T08:02:47.597Z - info: [4:02:47 PM] Reload for file change: C:\repos\nus-cs2103-AY2021S1\cs2103-website\admin\common-commentary.mbdf
2020-10-21T08:02:48.618Z - info: Rebuilding 1 pages
2020-10-21T08:02:52.484Z - info: Pages rebuilt
2020-10-21T08:02:52.484Z - info: Website regeneration complete! Total build time: 3.87s
2020-10-21T08:02:52.492Z - info: Site data built
2020-10-21T08:04:30.032Z - info: [4:04:30 PM] Reload for file change: C:\repos\nus-cs2103-AY2021S1\cs2103-website\admin\common-commentary.mbdf
2020-10-21T08:04:30.034Z - info: [4:04:30 PM] Reload for file change: C:\repos\nus-cs2103-AY2021S1\cs2103-website\schedule\week11\commentary-cs2103.mbdf
2020-10-21T08:04:31.052Z - info: Rebuilding 1 pages
2020-10-21T08:04:34.623Z - info: Pages rebuilt
2020-10-21T08:04:34.623Z - info: Website regeneration complete! Total build time: 3.58s
2020-10-21T08:04:34.633Z - info: Site data built
2020-10-21T13:48:40.082Z - info: Website generation started at 9:48:37 PM
2020-10-21T13:48:48.601Z - info: Building assets...
2020-10-21T13:48:54.071Z - info: Assets built
2020-10-21T13:48:54.071Z - info: Generating pages...
2020-10-21T13:49:11.050Z - debug: The process cannot access the file because it is being used by another process.

2020-10-21T13:49:11.050Z - debug: The process cannot access the file because it is being used by another process.

2020-10-21T13:49:12.029Z - debug: The process cannot access the file because it is being used by another process.

2020-10-21T13:49:12.031Z - debug: The process cannot access the file because it is being used by another process.

2020-10-21T13:49:12.034Z - debug:  
2020-10-21T13:49:12.034Z - debug:  
2020-10-21T13:49:12.035Z - debug:  
2020-10-21T13:49:12.035Z - debug:  
2020-10-21T13:49:12.036Z - debug:  
2020-10-21T13:49:17.220Z - debug: The process cannot access the file because it is being used by another process.

2020-10-21T13:49:17.220Z - debug:  
2020-10-21T13:49:17.220Z - debug: The process cannot access the file because it is being used by another process.

2020-10-21T13:49:17.220Z - debug:  
2020-10-21T13:49:19.061Z - debug: The process cannot access the file because it is being used by another process.

2020-10-21T13:49:19.062Z - debug: The process cannot access the file because it is being used by another process.

2020-10-21T13:49:19.200Z - debug:  
2020-10-21T13:49:19.200Z - debug:  
2020-10-21T13:49:21.026Z - debug: The process cannot access the file because it is being used by another process.

2020-10-21T13:49:22.026Z - debug: The process cannot access the file because it is being used by another process.

2020-10-21T13:49:25.508Z - debug:  
2020-10-21T13:49:25.508Z - debug:  
2020-10-21T13:49:38.951Z - debug: The process cannot access the file because it is being used by another process.

2020-10-21T13:49:39.653Z - debug: The process cannot access the file because it is being used by another process.

2020-10-21T13:49:40.465Z - debug: The process cannot access the file because it is being used by another process.

2020-10-21T13:49:40.465Z - debug:  
2020-10-21T13:49:42.059Z - debug: The process cannot access the file because it is being used by another process.

2020-10-21T13:49:42.570Z - debug: The process cannot access the file because it is being used by another process.

2020-10-21T13:49:43.917Z - debug:  
2020-10-21T13:49:45.241Z - debug:  
2020-10-21T13:49:47.199Z - debug: The process cannot access the file because it is being used by another process.

2020-10-21T13:49:47.199Z - debug: The process cannot access the file because it is being used by another process.

2020-10-21T13:49:49.202Z - debug: The process cannot access the file because it is being used by another process.

2020-10-21T13:49:49.202Z - debug:  
2020-10-21T13:49:49.202Z - debug: The process cannot access the file because it is being used by another process.

2020-10-21T13:49:49.409Z - debug:  
2020-10-21T13:49:52.667Z - debug:  
2020-10-21T13:49:52.924Z - debug:  
2020-10-21T13:49:58.986Z - debug: The process cannot access the file because it is being used by another process.

2020-10-21T13:50:00.990Z - debug: The process cannot access the file because it is being used by another process.

2020-10-21T13:50:01.149Z - debug:  
2020-10-21T13:50:23.181Z - debug:  
2020-10-21T13:50:23.599Z - debug:  
2020-10-21T13:50:23.600Z - debug:  
2020-10-21T13:50:23.600Z - debug:  
2020-10-21T13:50:28.822Z - debug:  
2020-10-21T13:50:28.823Z - debug:  
2020-10-21T13:50:29.290Z - debug:  
2020-10-21T13:50:43.301Z - debug:  
2020-10-21T13:50:43.302Z - debug:  
2020-10-21T13:50:43.302Z - debug:  
2020-10-21T13:50:43.302Z - debug:  
2020-10-21T13:50:43.303Z - debug:  
2020-10-21T13:50:47.895Z - debug: The process cannot access the file because it is being used by another process.

2020-10-21T13:50:49.924Z - debug:  
2020-10-21T13:50:52.016Z - debug:  
2020-10-21T13:50:52.017Z - debug:  
2020-10-21T13:50:56.281Z - debug:  
2020-10-21T13:51:02.312Z - debug:  
2020-10-21T13:51:07.327Z - debug:  
2020-10-21T13:51:16.144Z - debug:  
2020-10-21T13:51:16.144Z - debug:  
2020-10-21T13:51:19.417Z - info: Pages built
2020-10-21T13:51:40.146Z - info: Website generation complete! Total build time: 182.958s
2020-10-21T13:51:40.149Z - info: Build success!
2020-10-21T13:51:40.151Z - info: Site data built
2020-10-21T13:52:15.048Z - info: Deployed!
